[2023-01-09 17:22:51,801] {processor.py:153} INFO - Started process (PID=165) to work on /home/airflow/.local/lib/python3.7/site-packages/airflow/example_dags/example_latest_only.py
[2023-01-09 17:22:51,811] {processor.py:641} INFO - Processing file /home/airflow/.local/lib/python3.7/site-packages/airflow/example_dags/example_latest_only.py for tasks to queue
[2023-01-09 17:22:51,819] {logging_mixin.py:115} INFO - [2023-01-09 17:22:51,819] {dagbag.py:508} INFO - Filling up the DagBag from /home/airflow/.local/lib/python3.7/site-packages/airflow/example_dags/example_latest_only.py
[2023-01-09 17:22:51,882] {processor.py:651} INFO - DAG(s) dict_keys(['latest_only']) retrieved from /home/airflow/.local/lib/python3.7/site-packages/airflow/example_dags/example_latest_only.py
[2023-01-09 17:22:52,443] {logging_mixin.py:115} INFO - [2023-01-09 17:22:52,443] {dag.py:2420} INFO - Sync 1 DAGs
[2023-01-09 17:22:52,567] {logging_mixin.py:115} INFO - [2023-01-09 17:22:52,566] {dag.py:2972} INFO - Setting next_dagrun for latest_only to 2023-01-09T13:22:52.553792+00:00, run_after=2023-01-09T17:22:52.553792+00:00
[2023-01-09 17:22:52,644] {processor.py:161} INFO - Processing /home/airflow/.local/lib/python3.7/site-packages/airflow/example_dags/example_latest_only.py took 0.859 seconds
[2023-01-09 17:23:24,964] {processor.py:153} INFO - Started process (PID=276) to work on /home/airflow/.local/lib/python3.7/site-packages/airflow/example_dags/example_latest_only.py
[2023-01-09 17:23:24,966] {processor.py:641} INFO - Processing file /home/airflow/.local/lib/python3.7/site-packages/airflow/example_dags/example_latest_only.py for tasks to queue
[2023-01-09 17:23:24,969] {logging_mixin.py:115} INFO - [2023-01-09 17:23:24,968] {dagbag.py:508} INFO - Filling up the DagBag from /home/airflow/.local/lib/python3.7/site-packages/airflow/example_dags/example_latest_only.py
[2023-01-09 17:23:24,993] {processor.py:651} INFO - DAG(s) dict_keys(['latest_only']) retrieved from /home/airflow/.local/lib/python3.7/site-packages/airflow/example_dags/example_latest_only.py
[2023-01-09 17:23:25,263] {logging_mixin.py:115} INFO - [2023-01-09 17:23:25,262] {dag.py:2420} INFO - Sync 1 DAGs
[2023-01-09 17:23:25,370] {logging_mixin.py:115} INFO - [2023-01-09 17:23:25,370] {dag.py:2972} INFO - Setting next_dagrun for latest_only to 2023-01-09T13:23:25.368513+00:00, run_after=2023-01-09T17:23:25.368513+00:00
[2023-01-09 17:23:25,412] {processor.py:161} INFO - Processing /home/airflow/.local/lib/python3.7/site-packages/airflow/example_dags/example_latest_only.py took 0.456 seconds
[2023-01-09 17:23:56,988] {processor.py:153} INFO - Started process (PID=387) to work on /home/airflow/.local/lib/python3.7/site-packages/airflow/example_dags/example_latest_only.py
[2023-01-09 17:23:56,991] {processor.py:641} INFO - Processing file /home/airflow/.local/lib/python3.7/site-packages/airflow/example_dags/example_latest_only.py for tasks to queue
[2023-01-09 17:23:56,994] {logging_mixin.py:115} INFO - [2023-01-09 17:23:56,994] {dagbag.py:508} INFO - Filling up the DagBag from /home/airflow/.local/lib/python3.7/site-packages/airflow/example_dags/example_latest_only.py
[2023-01-09 17:23:57,023] {processor.py:651} INFO - DAG(s) dict_keys(['latest_only']) retrieved from /home/airflow/.local/lib/python3.7/site-packages/airflow/example_dags/example_latest_only.py
[2023-01-09 17:23:57,296] {logging_mixin.py:115} INFO - [2023-01-09 17:23:57,295] {dag.py:2420} INFO - Sync 1 DAGs
[2023-01-09 17:23:57,436] {logging_mixin.py:115} INFO - [2023-01-09 17:23:57,435] {dag.py:2972} INFO - Setting next_dagrun for latest_only to 2023-01-09T13:23:57.433418+00:00, run_after=2023-01-09T17:23:57.433418+00:00
[2023-01-09 17:23:57,487] {processor.py:161} INFO - Processing /home/airflow/.local/lib/python3.7/site-packages/airflow/example_dags/example_latest_only.py took 0.509 seconds
[2023-01-09 17:24:28,131] {processor.py:153} INFO - Started process (PID=495) to work on /home/airflow/.local/lib/python3.7/site-packages/airflow/example_dags/example_latest_only.py
[2023-01-09 17:24:28,133] {processor.py:641} INFO - Processing file /home/airflow/.local/lib/python3.7/site-packages/airflow/example_dags/example_latest_only.py for tasks to queue
[2023-01-09 17:24:28,136] {logging_mixin.py:115} INFO - [2023-01-09 17:24:28,136] {dagbag.py:508} INFO - Filling up the DagBag from /home/airflow/.local/lib/python3.7/site-packages/airflow/example_dags/example_latest_only.py
[2023-01-09 17:24:28,170] {processor.py:651} INFO - DAG(s) dict_keys(['latest_only']) retrieved from /home/airflow/.local/lib/python3.7/site-packages/airflow/example_dags/example_latest_only.py
[2023-01-09 17:24:28,692] {logging_mixin.py:115} INFO - [2023-01-09 17:24:28,691] {dag.py:2420} INFO - Sync 1 DAGs
[2023-01-09 17:24:28,804] {logging_mixin.py:115} INFO - [2023-01-09 17:24:28,804] {dag.py:2972} INFO - Setting next_dagrun for latest_only to 2023-01-09T13:24:28.802198+00:00, run_after=2023-01-09T17:24:28.802198+00:00
[2023-01-09 17:24:28,846] {processor.py:161} INFO - Processing /home/airflow/.local/lib/python3.7/site-packages/airflow/example_dags/example_latest_only.py took 0.726 seconds
[2023-01-09 17:24:59,320] {processor.py:153} INFO - Started process (PID=603) to work on /home/airflow/.local/lib/python3.7/site-packages/airflow/example_dags/example_latest_only.py
[2023-01-09 17:24:59,329] {processor.py:641} INFO - Processing file /home/airflow/.local/lib/python3.7/site-packages/airflow/example_dags/example_latest_only.py for tasks to queue
[2023-01-09 17:24:59,339] {logging_mixin.py:115} INFO - [2023-01-09 17:24:59,338] {dagbag.py:508} INFO - Filling up the DagBag from /home/airflow/.local/lib/python3.7/site-packages/airflow/example_dags/example_latest_only.py
[2023-01-09 17:24:59,379] {processor.py:651} INFO - DAG(s) dict_keys(['latest_only']) retrieved from /home/airflow/.local/lib/python3.7/site-packages/airflow/example_dags/example_latest_only.py
[2023-01-09 17:24:59,713] {logging_mixin.py:115} INFO - [2023-01-09 17:24:59,712] {dag.py:2420} INFO - Sync 1 DAGs
[2023-01-09 17:24:59,929] {logging_mixin.py:115} INFO - [2023-01-09 17:24:59,929] {dag.py:2972} INFO - Setting next_dagrun for latest_only to 2023-01-09T13:24:59.924896+00:00, run_after=2023-01-09T17:24:59.924896+00:00
[2023-01-09 17:25:00,032] {processor.py:161} INFO - Processing /home/airflow/.local/lib/python3.7/site-packages/airflow/example_dags/example_latest_only.py took 0.743 seconds
[2023-01-09 17:25:30,238] {processor.py:153} INFO - Started process (PID=699) to work on /home/airflow/.local/lib/python3.7/site-packages/airflow/example_dags/example_latest_only.py
[2023-01-09 17:25:30,239] {processor.py:641} INFO - Processing file /home/airflow/.local/lib/python3.7/site-packages/airflow/example_dags/example_latest_only.py for tasks to queue
[2023-01-09 17:25:30,241] {logging_mixin.py:115} INFO - [2023-01-09 17:25:30,241] {dagbag.py:508} INFO - Filling up the DagBag from /home/airflow/.local/lib/python3.7/site-packages/airflow/example_dags/example_latest_only.py
[2023-01-09 17:25:30,265] {processor.py:651} INFO - DAG(s) dict_keys(['latest_only']) retrieved from /home/airflow/.local/lib/python3.7/site-packages/airflow/example_dags/example_latest_only.py
[2023-01-09 17:25:30,498] {logging_mixin.py:115} INFO - [2023-01-09 17:25:30,498] {dag.py:2420} INFO - Sync 1 DAGs
[2023-01-09 17:25:30,591] {logging_mixin.py:115} INFO - [2023-01-09 17:25:30,590] {dag.py:2972} INFO - Setting next_dagrun for latest_only to 2023-01-09T13:25:30.588461+00:00, run_after=2023-01-09T17:25:30.588461+00:00
[2023-01-09 17:25:30,637] {processor.py:161} INFO - Processing /home/airflow/.local/lib/python3.7/site-packages/airflow/example_dags/example_latest_only.py took 0.407 seconds
[2023-01-09 17:26:00,985] {processor.py:153} INFO - Started process (PID=808) to work on /home/airflow/.local/lib/python3.7/site-packages/airflow/example_dags/example_latest_only.py
[2023-01-09 17:26:00,987] {processor.py:641} INFO - Processing file /home/airflow/.local/lib/python3.7/site-packages/airflow/example_dags/example_latest_only.py for tasks to queue
[2023-01-09 17:26:00,989] {logging_mixin.py:115} INFO - [2023-01-09 17:26:00,989] {dagbag.py:508} INFO - Filling up the DagBag from /home/airflow/.local/lib/python3.7/site-packages/airflow/example_dags/example_latest_only.py
[2023-01-09 17:26:01,013] {processor.py:651} INFO - DAG(s) dict_keys(['latest_only']) retrieved from /home/airflow/.local/lib/python3.7/site-packages/airflow/example_dags/example_latest_only.py
[2023-01-09 17:26:01,284] {logging_mixin.py:115} INFO - [2023-01-09 17:26:01,283] {dag.py:2420} INFO - Sync 1 DAGs
[2023-01-09 17:26:01,386] {logging_mixin.py:115} INFO - [2023-01-09 17:26:01,385] {dag.py:2972} INFO - Setting next_dagrun for latest_only to 2023-01-09T13:26:01.384134+00:00, run_after=2023-01-09T17:26:01.384134+00:00
[2023-01-09 17:26:01,436] {processor.py:161} INFO - Processing /home/airflow/.local/lib/python3.7/site-packages/airflow/example_dags/example_latest_only.py took 0.458 seconds
[2023-01-09 17:26:31,623] {processor.py:153} INFO - Started process (PID=917) to work on /home/airflow/.local/lib/python3.7/site-packages/airflow/example_dags/example_latest_only.py
[2023-01-09 17:26:31,624] {processor.py:641} INFO - Processing file /home/airflow/.local/lib/python3.7/site-packages/airflow/example_dags/example_latest_only.py for tasks to queue
[2023-01-09 17:26:31,626] {logging_mixin.py:115} INFO - [2023-01-09 17:26:31,626] {dagbag.py:508} INFO - Filling up the DagBag from /home/airflow/.local/lib/python3.7/site-packages/airflow/example_dags/example_latest_only.py
[2023-01-09 17:26:31,651] {processor.py:651} INFO - DAG(s) dict_keys(['latest_only']) retrieved from /home/airflow/.local/lib/python3.7/site-packages/airflow/example_dags/example_latest_only.py
[2023-01-09 17:26:31,890] {logging_mixin.py:115} INFO - [2023-01-09 17:26:31,889] {dag.py:2420} INFO - Sync 1 DAGs
[2023-01-09 17:26:31,973] {logging_mixin.py:115} INFO - [2023-01-09 17:26:31,973] {dag.py:2972} INFO - Setting next_dagrun for latest_only to 2023-01-09T13:26:31.971846+00:00, run_after=2023-01-09T17:26:31.971846+00:00
[2023-01-09 17:26:32,011] {processor.py:161} INFO - Processing /home/airflow/.local/lib/python3.7/site-packages/airflow/example_dags/example_latest_only.py took 0.395 seconds
[2023-01-09 17:27:02,392] {processor.py:153} INFO - Started process (PID=1027) to work on /home/airflow/.local/lib/python3.7/site-packages/airflow/example_dags/example_latest_only.py
[2023-01-09 17:27:02,394] {processor.py:641} INFO - Processing file /home/airflow/.local/lib/python3.7/site-packages/airflow/example_dags/example_latest_only.py for tasks to queue
[2023-01-09 17:27:02,396] {logging_mixin.py:115} INFO - [2023-01-09 17:27:02,396] {dagbag.py:508} INFO - Filling up the DagBag from /home/airflow/.local/lib/python3.7/site-packages/airflow/example_dags/example_latest_only.py
[2023-01-09 17:27:02,421] {processor.py:651} INFO - DAG(s) dict_keys(['latest_only']) retrieved from /home/airflow/.local/lib/python3.7/site-packages/airflow/example_dags/example_latest_only.py
[2023-01-09 17:27:02,654] {logging_mixin.py:115} INFO - [2023-01-09 17:27:02,654] {dag.py:2420} INFO - Sync 1 DAGs
[2023-01-09 17:27:02,743] {logging_mixin.py:115} INFO - [2023-01-09 17:27:02,743] {dag.py:2972} INFO - Setting next_dagrun for latest_only to 2023-01-09T13:27:02.742034+00:00, run_after=2023-01-09T17:27:02.742034+00:00
[2023-01-09 17:27:02,782] {processor.py:161} INFO - Processing /home/airflow/.local/lib/python3.7/site-packages/airflow/example_dags/example_latest_only.py took 0.397 seconds
[2023-01-09 17:27:33,214] {processor.py:153} INFO - Started process (PID=1139) to work on /home/airflow/.local/lib/python3.7/site-packages/airflow/example_dags/example_latest_only.py
[2023-01-09 17:27:33,217] {processor.py:641} INFO - Processing file /home/airflow/.local/lib/python3.7/site-packages/airflow/example_dags/example_latest_only.py for tasks to queue
[2023-01-09 17:27:33,219] {logging_mixin.py:115} INFO - [2023-01-09 17:27:33,219] {dagbag.py:508} INFO - Filling up the DagBag from /home/airflow/.local/lib/python3.7/site-packages/airflow/example_dags/example_latest_only.py
[2023-01-09 17:27:33,246] {processor.py:651} INFO - DAG(s) dict_keys(['latest_only']) retrieved from /home/airflow/.local/lib/python3.7/site-packages/airflow/example_dags/example_latest_only.py
[2023-01-09 17:27:33,479] {logging_mixin.py:115} INFO - [2023-01-09 17:27:33,479] {dag.py:2420} INFO - Sync 1 DAGs
[2023-01-09 17:27:33,569] {logging_mixin.py:115} INFO - [2023-01-09 17:27:33,568] {dag.py:2972} INFO - Setting next_dagrun for latest_only to 2023-01-09T13:27:33.566984+00:00, run_after=2023-01-09T17:27:33.566984+00:00
[2023-01-09 17:27:33,605] {processor.py:161} INFO - Processing /home/airflow/.local/lib/python3.7/site-packages/airflow/example_dags/example_latest_only.py took 0.399 seconds
[2023-01-09 17:28:03,980] {processor.py:153} INFO - Started process (PID=1250) to work on /home/airflow/.local/lib/python3.7/site-packages/airflow/example_dags/example_latest_only.py
[2023-01-09 17:28:03,982] {processor.py:641} INFO - Processing file /home/airflow/.local/lib/python3.7/site-packages/airflow/example_dags/example_latest_only.py for tasks to queue
[2023-01-09 17:28:03,984] {logging_mixin.py:115} INFO - [2023-01-09 17:28:03,984] {dagbag.py:508} INFO - Filling up the DagBag from /home/airflow/.local/lib/python3.7/site-packages/airflow/example_dags/example_latest_only.py
[2023-01-09 17:28:04,002] {processor.py:651} INFO - DAG(s) dict_keys(['latest_only']) retrieved from /home/airflow/.local/lib/python3.7/site-packages/airflow/example_dags/example_latest_only.py
[2023-01-09 17:28:04,225] {logging_mixin.py:115} INFO - [2023-01-09 17:28:04,224] {dag.py:2420} INFO - Sync 1 DAGs
[2023-01-09 17:28:04,310] {logging_mixin.py:115} INFO - [2023-01-09 17:28:04,309] {dag.py:2972} INFO - Setting next_dagrun for latest_only to 2023-01-09T13:28:04.307985+00:00, run_after=2023-01-09T17:28:04.307985+00:00
[2023-01-09 17:28:04,345] {processor.py:161} INFO - Processing /home/airflow/.local/lib/python3.7/site-packages/airflow/example_dags/example_latest_only.py took 0.373 seconds
[2023-01-09 17:28:36,429] {processor.py:153} INFO - Started process (PID=1361) to work on /home/airflow/.local/lib/python3.7/site-packages/airflow/example_dags/example_latest_only.py
[2023-01-09 17:28:36,431] {processor.py:641} INFO - Processing file /home/airflow/.local/lib/python3.7/site-packages/airflow/example_dags/example_latest_only.py for tasks to queue
[2023-01-09 17:28:36,433] {logging_mixin.py:115} INFO - [2023-01-09 17:28:36,433] {dagbag.py:508} INFO - Filling up the DagBag from /home/airflow/.local/lib/python3.7/site-packages/airflow/example_dags/example_latest_only.py
[2023-01-09 17:28:36,450] {processor.py:651} INFO - DAG(s) dict_keys(['latest_only']) retrieved from /home/airflow/.local/lib/python3.7/site-packages/airflow/example_dags/example_latest_only.py
[2023-01-09 17:28:36,682] {logging_mixin.py:115} INFO - [2023-01-09 17:28:36,682] {dag.py:2420} INFO - Sync 1 DAGs
[2023-01-09 17:28:36,765] {logging_mixin.py:115} INFO - [2023-01-09 17:28:36,765] {dag.py:2972} INFO - Setting next_dagrun for latest_only to 2023-01-09T13:28:36.763834+00:00, run_after=2023-01-09T17:28:36.763834+00:00
[2023-01-09 17:28:36,799] {processor.py:161} INFO - Processing /home/airflow/.local/lib/python3.7/site-packages/airflow/example_dags/example_latest_only.py took 0.377 seconds
[2023-01-09 17:29:08,788] {processor.py:153} INFO - Started process (PID=1464) to work on /home/airflow/.local/lib/python3.7/site-packages/airflow/example_dags/example_latest_only.py
[2023-01-09 17:29:08,790] {processor.py:641} INFO - Processing file /home/airflow/.local/lib/python3.7/site-packages/airflow/example_dags/example_latest_only.py for tasks to queue
[2023-01-09 17:29:08,792] {logging_mixin.py:115} INFO - [2023-01-09 17:29:08,791] {dagbag.py:508} INFO - Filling up the DagBag from /home/airflow/.local/lib/python3.7/site-packages/airflow/example_dags/example_latest_only.py
[2023-01-09 17:29:08,808] {processor.py:651} INFO - DAG(s) dict_keys(['latest_only']) retrieved from /home/airflow/.local/lib/python3.7/site-packages/airflow/example_dags/example_latest_only.py
[2023-01-09 17:29:09,045] {logging_mixin.py:115} INFO - [2023-01-09 17:29:09,044] {dag.py:2420} INFO - Sync 1 DAGs
[2023-01-09 17:29:09,134] {logging_mixin.py:115} INFO - [2023-01-09 17:29:09,133] {dag.py:2972} INFO - Setting next_dagrun for latest_only to 2023-01-09T13:29:09.132396+00:00, run_after=2023-01-09T17:29:09.132396+00:00
[2023-01-09 17:29:09,168] {processor.py:161} INFO - Processing /home/airflow/.local/lib/python3.7/site-packages/airflow/example_dags/example_latest_only.py took 0.388 seconds
[2023-01-09 17:29:42,075] {processor.py:153} INFO - Started process (PID=1585) to work on /home/airflow/.local/lib/python3.7/site-packages/airflow/example_dags/example_latest_only.py
[2023-01-09 17:29:42,077] {processor.py:641} INFO - Processing file /home/airflow/.local/lib/python3.7/site-packages/airflow/example_dags/example_latest_only.py for tasks to queue
[2023-01-09 17:29:42,079] {logging_mixin.py:115} INFO - [2023-01-09 17:29:42,079] {dagbag.py:508} INFO - Filling up the DagBag from /home/airflow/.local/lib/python3.7/site-packages/airflow/example_dags/example_latest_only.py
[2023-01-09 17:29:42,098] {processor.py:651} INFO - DAG(s) dict_keys(['latest_only']) retrieved from /home/airflow/.local/lib/python3.7/site-packages/airflow/example_dags/example_latest_only.py
[2023-01-09 17:29:42,346] {logging_mixin.py:115} INFO - [2023-01-09 17:29:42,345] {dag.py:2420} INFO - Sync 1 DAGs
[2023-01-09 17:29:42,438] {logging_mixin.py:115} INFO - [2023-01-09 17:29:42,438] {dag.py:2972} INFO - Setting next_dagrun for latest_only to 2023-01-09T13:29:42.436546+00:00, run_after=2023-01-09T17:29:42.436546+00:00
[2023-01-09 17:29:42,478] {processor.py:161} INFO - Processing /home/airflow/.local/lib/python3.7/site-packages/airflow/example_dags/example_latest_only.py took 0.411 seconds
[2023-01-09 17:30:16,261] {processor.py:153} INFO - Started process (PID=1703) to work on /home/airflow/.local/lib/python3.7/site-packages/airflow/example_dags/example_latest_only.py
[2023-01-09 17:30:16,263] {processor.py:641} INFO - Processing file /home/airflow/.local/lib/python3.7/site-packages/airflow/example_dags/example_latest_only.py for tasks to queue
[2023-01-09 17:30:16,265] {logging_mixin.py:115} INFO - [2023-01-09 17:30:16,265] {dagbag.py:508} INFO - Filling up the DagBag from /home/airflow/.local/lib/python3.7/site-packages/airflow/example_dags/example_latest_only.py
[2023-01-09 17:30:16,284] {processor.py:651} INFO - DAG(s) dict_keys(['latest_only']) retrieved from /home/airflow/.local/lib/python3.7/site-packages/airflow/example_dags/example_latest_only.py
[2023-01-09 17:30:16,578] {logging_mixin.py:115} INFO - [2023-01-09 17:30:16,577] {dag.py:2420} INFO - Sync 1 DAGs
[2023-01-09 17:30:16,672] {logging_mixin.py:115} INFO - [2023-01-09 17:30:16,672] {dag.py:2972} INFO - Setting next_dagrun for latest_only to 2023-01-09T13:30:16.670443+00:00, run_after=2023-01-09T17:30:16.670443+00:00
[2023-01-09 17:30:16,712] {processor.py:161} INFO - Processing /home/airflow/.local/lib/python3.7/site-packages/airflow/example_dags/example_latest_only.py took 0.460 seconds
[2023-01-09 17:30:48,054] {processor.py:153} INFO - Started process (PID=1804) to work on /home/airflow/.local/lib/python3.7/site-packages/airflow/example_dags/example_latest_only.py
[2023-01-09 17:30:48,056] {processor.py:641} INFO - Processing file /home/airflow/.local/lib/python3.7/site-packages/airflow/example_dags/example_latest_only.py for tasks to queue
[2023-01-09 17:30:48,059] {logging_mixin.py:115} INFO - [2023-01-09 17:30:48,059] {dagbag.py:508} INFO - Filling up the DagBag from /home/airflow/.local/lib/python3.7/site-packages/airflow/example_dags/example_latest_only.py
[2023-01-09 17:30:48,077] {processor.py:651} INFO - DAG(s) dict_keys(['latest_only']) retrieved from /home/airflow/.local/lib/python3.7/site-packages/airflow/example_dags/example_latest_only.py
[2023-01-09 17:30:48,346] {logging_mixin.py:115} INFO - [2023-01-09 17:30:48,346] {dag.py:2420} INFO - Sync 1 DAGs
[2023-01-09 17:30:48,436] {logging_mixin.py:115} INFO - [2023-01-09 17:30:48,436] {dag.py:2972} INFO - Setting next_dagrun for latest_only to 2023-01-09T13:30:48.434957+00:00, run_after=2023-01-09T17:30:48.434957+00:00
[2023-01-09 17:30:48,471] {processor.py:161} INFO - Processing /home/airflow/.local/lib/python3.7/site-packages/airflow/example_dags/example_latest_only.py took 0.427 seconds
[2023-01-09 17:31:19,828] {processor.py:153} INFO - Started process (PID=1907) to work on /home/airflow/.local/lib/python3.7/site-packages/airflow/example_dags/example_latest_only.py
[2023-01-09 17:31:19,830] {processor.py:641} INFO - Processing file /home/airflow/.local/lib/python3.7/site-packages/airflow/example_dags/example_latest_only.py for tasks to queue
[2023-01-09 17:31:19,832] {logging_mixin.py:115} INFO - [2023-01-09 17:31:19,832] {dagbag.py:508} INFO - Filling up the DagBag from /home/airflow/.local/lib/python3.7/site-packages/airflow/example_dags/example_latest_only.py
[2023-01-09 17:31:19,848] {processor.py:651} INFO - DAG(s) dict_keys(['latest_only']) retrieved from /home/airflow/.local/lib/python3.7/site-packages/airflow/example_dags/example_latest_only.py
[2023-01-09 17:31:20,094] {logging_mixin.py:115} INFO - [2023-01-09 17:31:20,094] {dag.py:2420} INFO - Sync 1 DAGs
[2023-01-09 17:31:20,187] {logging_mixin.py:115} INFO - [2023-01-09 17:31:20,187] {dag.py:2972} INFO - Setting next_dagrun for latest_only to 2023-01-09T13:31:20.185758+00:00, run_after=2023-01-09T17:31:20.185758+00:00
[2023-01-09 17:31:20,229] {processor.py:161} INFO - Processing /home/airflow/.local/lib/python3.7/site-packages/airflow/example_dags/example_latest_only.py took 0.409 seconds
[2023-01-09 17:31:52,883] {processor.py:153} INFO - Started process (PID=2019) to work on /home/airflow/.local/lib/python3.7/site-packages/airflow/example_dags/example_latest_only.py
[2023-01-09 17:31:52,885] {processor.py:641} INFO - Processing file /home/airflow/.local/lib/python3.7/site-packages/airflow/example_dags/example_latest_only.py for tasks to queue
[2023-01-09 17:31:52,887] {logging_mixin.py:115} INFO - [2023-01-09 17:31:52,887] {dagbag.py:508} INFO - Filling up the DagBag from /home/airflow/.local/lib/python3.7/site-packages/airflow/example_dags/example_latest_only.py
[2023-01-09 17:31:52,904] {processor.py:651} INFO - DAG(s) dict_keys(['latest_only']) retrieved from /home/airflow/.local/lib/python3.7/site-packages/airflow/example_dags/example_latest_only.py
[2023-01-09 17:31:53,134] {logging_mixin.py:115} INFO - [2023-01-09 17:31:53,134] {dag.py:2420} INFO - Sync 1 DAGs
[2023-01-09 17:31:53,226] {logging_mixin.py:115} INFO - [2023-01-09 17:31:53,225] {dag.py:2972} INFO - Setting next_dagrun for latest_only to 2023-01-09T13:31:53.224361+00:00, run_after=2023-01-09T17:31:53.224361+00:00
[2023-01-09 17:31:53,273] {processor.py:161} INFO - Processing /home/airflow/.local/lib/python3.7/site-packages/airflow/example_dags/example_latest_only.py took 0.398 seconds
[2023-01-09 17:32:24,434] {processor.py:153} INFO - Started process (PID=2122) to work on /home/airflow/.local/lib/python3.7/site-packages/airflow/example_dags/example_latest_only.py
[2023-01-09 17:32:24,436] {processor.py:641} INFO - Processing file /home/airflow/.local/lib/python3.7/site-packages/airflow/example_dags/example_latest_only.py for tasks to queue
[2023-01-09 17:32:24,438] {logging_mixin.py:115} INFO - [2023-01-09 17:32:24,437] {dagbag.py:508} INFO - Filling up the DagBag from /home/airflow/.local/lib/python3.7/site-packages/airflow/example_dags/example_latest_only.py
[2023-01-09 17:32:24,454] {processor.py:651} INFO - DAG(s) dict_keys(['latest_only']) retrieved from /home/airflow/.local/lib/python3.7/site-packages/airflow/example_dags/example_latest_only.py
[2023-01-09 17:32:24,683] {logging_mixin.py:115} INFO - [2023-01-09 17:32:24,683] {dag.py:2420} INFO - Sync 1 DAGs
[2023-01-09 17:32:24,775] {logging_mixin.py:115} INFO - [2023-01-09 17:32:24,774] {dag.py:2972} INFO - Setting next_dagrun for latest_only to 2023-01-09T13:32:24.773153+00:00, run_after=2023-01-09T17:32:24.773153+00:00
[2023-01-09 17:32:24,818] {processor.py:161} INFO - Processing /home/airflow/.local/lib/python3.7/site-packages/airflow/example_dags/example_latest_only.py took 0.391 seconds
[2023-01-09 17:32:56,267] {processor.py:153} INFO - Started process (PID=2233) to work on /home/airflow/.local/lib/python3.7/site-packages/airflow/example_dags/example_latest_only.py
[2023-01-09 17:32:56,269] {processor.py:641} INFO - Processing file /home/airflow/.local/lib/python3.7/site-packages/airflow/example_dags/example_latest_only.py for tasks to queue
[2023-01-09 17:32:56,271] {logging_mixin.py:115} INFO - [2023-01-09 17:32:56,270] {dagbag.py:508} INFO - Filling up the DagBag from /home/airflow/.local/lib/python3.7/site-packages/airflow/example_dags/example_latest_only.py
[2023-01-09 17:32:56,288] {processor.py:651} INFO - DAG(s) dict_keys(['latest_only']) retrieved from /home/airflow/.local/lib/python3.7/site-packages/airflow/example_dags/example_latest_only.py
[2023-01-09 17:32:56,359] {logging_mixin.py:115} INFO - [2023-01-09 17:32:56,359] {dag.py:2420} INFO - Sync 1 DAGs
[2023-01-09 17:32:56,455] {logging_mixin.py:115} INFO - [2023-01-09 17:32:56,455] {dag.py:2972} INFO - Setting next_dagrun for latest_only to 2023-01-09T13:32:56.453623+00:00, run_after=2023-01-09T17:32:56.453623+00:00
[2023-01-09 17:32:56,491] {processor.py:161} INFO - Processing /home/airflow/.local/lib/python3.7/site-packages/airflow/example_dags/example_latest_only.py took 0.232 seconds
[2023-01-09 17:33:28,166] {processor.py:153} INFO - Started process (PID=2344) to work on /home/airflow/.local/lib/python3.7/site-packages/airflow/example_dags/example_latest_only.py
[2023-01-09 17:33:28,168] {processor.py:641} INFO - Processing file /home/airflow/.local/lib/python3.7/site-packages/airflow/example_dags/example_latest_only.py for tasks to queue
[2023-01-09 17:33:28,171] {logging_mixin.py:115} INFO - [2023-01-09 17:33:28,170] {dagbag.py:508} INFO - Filling up the DagBag from /home/airflow/.local/lib/python3.7/site-packages/airflow/example_dags/example_latest_only.py
[2023-01-09 17:33:28,192] {processor.py:651} INFO - DAG(s) dict_keys(['latest_only']) retrieved from /home/airflow/.local/lib/python3.7/site-packages/airflow/example_dags/example_latest_only.py
[2023-01-09 17:33:28,303] {logging_mixin.py:115} INFO - [2023-01-09 17:33:28,303] {dag.py:2420} INFO - Sync 1 DAGs
[2023-01-09 17:33:28,418] {logging_mixin.py:115} INFO - [2023-01-09 17:33:28,417] {dag.py:2972} INFO - Setting next_dagrun for latest_only to 2023-01-09T13:33:28.415777+00:00, run_after=2023-01-09T17:33:28.415777+00:00
[2023-01-09 17:33:28,461] {processor.py:161} INFO - Processing /home/airflow/.local/lib/python3.7/site-packages/airflow/example_dags/example_latest_only.py took 0.308 seconds
[2023-01-09 17:33:58,779] {processor.py:153} INFO - Started process (PID=2452) to work on /home/airflow/.local/lib/python3.7/site-packages/airflow/example_dags/example_latest_only.py
[2023-01-09 17:33:58,781] {processor.py:641} INFO - Processing file /home/airflow/.local/lib/python3.7/site-packages/airflow/example_dags/example_latest_only.py for tasks to queue
[2023-01-09 17:33:58,783] {logging_mixin.py:115} INFO - [2023-01-09 17:33:58,783] {dagbag.py:508} INFO - Filling up the DagBag from /home/airflow/.local/lib/python3.7/site-packages/airflow/example_dags/example_latest_only.py
[2023-01-09 17:33:58,802] {processor.py:651} INFO - DAG(s) dict_keys(['latest_only']) retrieved from /home/airflow/.local/lib/python3.7/site-packages/airflow/example_dags/example_latest_only.py
[2023-01-09 17:33:58,912] {logging_mixin.py:115} INFO - [2023-01-09 17:33:58,911] {dag.py:2420} INFO - Sync 1 DAGs
[2023-01-09 17:33:59,015] {logging_mixin.py:115} INFO - [2023-01-09 17:33:59,014] {dag.py:2972} INFO - Setting next_dagrun for latest_only to 2023-01-09T13:33:59.012322+00:00, run_after=2023-01-09T17:33:59.012322+00:00
[2023-01-09 17:33:59,063] {processor.py:161} INFO - Processing /home/airflow/.local/lib/python3.7/site-packages/airflow/example_dags/example_latest_only.py took 0.292 seconds
[2023-01-09 17:34:29,431] {processor.py:153} INFO - Started process (PID=2561) to work on /home/airflow/.local/lib/python3.7/site-packages/airflow/example_dags/example_latest_only.py
[2023-01-09 17:34:29,433] {processor.py:641} INFO - Processing file /home/airflow/.local/lib/python3.7/site-packages/airflow/example_dags/example_latest_only.py for tasks to queue
[2023-01-09 17:34:29,436] {logging_mixin.py:115} INFO - [2023-01-09 17:34:29,435] {dagbag.py:508} INFO - Filling up the DagBag from /home/airflow/.local/lib/python3.7/site-packages/airflow/example_dags/example_latest_only.py
[2023-01-09 17:34:29,463] {processor.py:651} INFO - DAG(s) dict_keys(['latest_only']) retrieved from /home/airflow/.local/lib/python3.7/site-packages/airflow/example_dags/example_latest_only.py
[2023-01-09 17:34:29,556] {logging_mixin.py:115} INFO - [2023-01-09 17:34:29,555] {dag.py:2420} INFO - Sync 1 DAGs
[2023-01-09 17:34:29,655] {logging_mixin.py:115} INFO - [2023-01-09 17:34:29,654] {dag.py:2972} INFO - Setting next_dagrun for latest_only to 2023-01-09T13:34:29.653055+00:00, run_after=2023-01-09T17:34:29.653055+00:00
[2023-01-09 17:34:29,691] {processor.py:161} INFO - Processing /home/airflow/.local/lib/python3.7/site-packages/airflow/example_dags/example_latest_only.py took 0.270 seconds
