[2023-01-09 17:22:54,385] {processor.py:153} INFO - Started process (PID=173) to work on /home/airflow/.local/lib/python3.7/site-packages/airflow/example_dags/example_branch_datetime_operator.py
[2023-01-09 17:22:54,388] {processor.py:641} INFO - Processing file /home/airflow/.local/lib/python3.7/site-packages/airflow/example_dags/example_branch_datetime_operator.py for tasks to queue
[2023-01-09 17:22:54,391] {logging_mixin.py:115} INFO - [2023-01-09 17:22:54,390] {dagbag.py:508} INFO - Filling up the DagBag from /home/airflow/.local/lib/python3.7/site-packages/airflow/example_dags/example_branch_datetime_operator.py
[2023-01-09 17:22:54,465] {processor.py:651} INFO - DAG(s) dict_keys(['example_branch_datetime_operator', 'example_branch_datetime_operator_2']) retrieved from /home/airflow/.local/lib/python3.7/site-packages/airflow/example_dags/example_branch_datetime_operator.py
[2023-01-09 17:22:54,774] {logging_mixin.py:115} INFO - [2023-01-09 17:22:54,774] {dag.py:2420} INFO - Sync 2 DAGs
[2023-01-09 17:22:54,881] {logging_mixin.py:115} INFO - [2023-01-09 17:22:54,880] {dag.py:2972} INFO - Setting next_dagrun for example_branch_datetime_operator to 2023-01-08T00:00:00+00:00, run_after=2023-01-09T00:00:00+00:00
[2023-01-09 17:22:54,893] {logging_mixin.py:115} INFO - [2023-01-09 17:22:54,893] {dag.py:2972} INFO - Setting next_dagrun for example_branch_datetime_operator_2 to 2023-01-08T00:00:00+00:00, run_after=2023-01-09T00:00:00+00:00
[2023-01-09 17:22:54,932] {processor.py:161} INFO - Processing /home/airflow/.local/lib/python3.7/site-packages/airflow/example_dags/example_branch_datetime_operator.py took 0.561 seconds
[2023-01-09 17:23:26,188] {processor.py:153} INFO - Started process (PID=284) to work on /home/airflow/.local/lib/python3.7/site-packages/airflow/example_dags/example_branch_datetime_operator.py
[2023-01-09 17:23:26,190] {processor.py:641} INFO - Processing file /home/airflow/.local/lib/python3.7/site-packages/airflow/example_dags/example_branch_datetime_operator.py for tasks to queue
[2023-01-09 17:23:26,192] {logging_mixin.py:115} INFO - [2023-01-09 17:23:26,192] {dagbag.py:508} INFO - Filling up the DagBag from /home/airflow/.local/lib/python3.7/site-packages/airflow/example_dags/example_branch_datetime_operator.py
[2023-01-09 17:23:26,243] {processor.py:651} INFO - DAG(s) dict_keys(['example_branch_datetime_operator', 'example_branch_datetime_operator_2']) retrieved from /home/airflow/.local/lib/python3.7/site-packages/airflow/example_dags/example_branch_datetime_operator.py
[2023-01-09 17:23:26,505] {logging_mixin.py:115} INFO - [2023-01-09 17:23:26,504] {dag.py:2420} INFO - Sync 2 DAGs
[2023-01-09 17:23:26,637] {logging_mixin.py:115} INFO - [2023-01-09 17:23:26,636] {dag.py:2972} INFO - Setting next_dagrun for example_branch_datetime_operator to 2023-01-08T00:00:00+00:00, run_after=2023-01-09T00:00:00+00:00
[2023-01-09 17:23:26,655] {logging_mixin.py:115} INFO - [2023-01-09 17:23:26,655] {dag.py:2972} INFO - Setting next_dagrun for example_branch_datetime_operator_2 to 2023-01-08T00:00:00+00:00, run_after=2023-01-09T00:00:00+00:00
[2023-01-09 17:23:26,707] {processor.py:161} INFO - Processing /home/airflow/.local/lib/python3.7/site-packages/airflow/example_dags/example_branch_datetime_operator.py took 0.528 seconds
[2023-01-09 17:23:58,936] {processor.py:153} INFO - Started process (PID=395) to work on /home/airflow/.local/lib/python3.7/site-packages/airflow/example_dags/example_branch_datetime_operator.py
[2023-01-09 17:23:58,938] {processor.py:641} INFO - Processing file /home/airflow/.local/lib/python3.7/site-packages/airflow/example_dags/example_branch_datetime_operator.py for tasks to queue
[2023-01-09 17:23:58,940] {logging_mixin.py:115} INFO - [2023-01-09 17:23:58,940] {dagbag.py:508} INFO - Filling up the DagBag from /home/airflow/.local/lib/python3.7/site-packages/airflow/example_dags/example_branch_datetime_operator.py
[2023-01-09 17:23:58,987] {processor.py:651} INFO - DAG(s) dict_keys(['example_branch_datetime_operator', 'example_branch_datetime_operator_2']) retrieved from /home/airflow/.local/lib/python3.7/site-packages/airflow/example_dags/example_branch_datetime_operator.py
[2023-01-09 17:23:59,262] {logging_mixin.py:115} INFO - [2023-01-09 17:23:59,262] {dag.py:2420} INFO - Sync 2 DAGs
[2023-01-09 17:23:59,367] {logging_mixin.py:115} INFO - [2023-01-09 17:23:59,366] {dag.py:2972} INFO - Setting next_dagrun for example_branch_datetime_operator to 2023-01-08T00:00:00+00:00, run_after=2023-01-09T00:00:00+00:00
[2023-01-09 17:23:59,379] {logging_mixin.py:115} INFO - [2023-01-09 17:23:59,378] {dag.py:2972} INFO - Setting next_dagrun for example_branch_datetime_operator_2 to 2023-01-08T00:00:00+00:00, run_after=2023-01-09T00:00:00+00:00
[2023-01-09 17:23:59,414] {processor.py:161} INFO - Processing /home/airflow/.local/lib/python3.7/site-packages/airflow/example_dags/example_branch_datetime_operator.py took 0.487 seconds
[2023-01-09 17:24:32,431] {processor.py:153} INFO - Started process (PID=506) to work on /home/airflow/.local/lib/python3.7/site-packages/airflow/example_dags/example_branch_datetime_operator.py
[2023-01-09 17:24:32,433] {processor.py:641} INFO - Processing file /home/airflow/.local/lib/python3.7/site-packages/airflow/example_dags/example_branch_datetime_operator.py for tasks to queue
[2023-01-09 17:24:32,435] {logging_mixin.py:115} INFO - [2023-01-09 17:24:32,435] {dagbag.py:508} INFO - Filling up the DagBag from /home/airflow/.local/lib/python3.7/site-packages/airflow/example_dags/example_branch_datetime_operator.py
[2023-01-09 17:24:32,482] {processor.py:651} INFO - DAG(s) dict_keys(['example_branch_datetime_operator', 'example_branch_datetime_operator_2']) retrieved from /home/airflow/.local/lib/python3.7/site-packages/airflow/example_dags/example_branch_datetime_operator.py
[2023-01-09 17:24:32,865] {logging_mixin.py:115} INFO - [2023-01-09 17:24:32,865] {dag.py:2420} INFO - Sync 2 DAGs
[2023-01-09 17:24:33,056] {logging_mixin.py:115} INFO - [2023-01-09 17:24:33,055] {dag.py:2972} INFO - Setting next_dagrun for example_branch_datetime_operator to 2023-01-08T00:00:00+00:00, run_after=2023-01-09T00:00:00+00:00
[2023-01-09 17:24:33,072] {logging_mixin.py:115} INFO - [2023-01-09 17:24:33,072] {dag.py:2972} INFO - Setting next_dagrun for example_branch_datetime_operator_2 to 2023-01-08T00:00:00+00:00, run_after=2023-01-09T00:00:00+00:00
[2023-01-09 17:24:33,134] {processor.py:161} INFO - Processing /home/airflow/.local/lib/python3.7/site-packages/airflow/example_dags/example_branch_datetime_operator.py took 0.712 seconds
[2023-01-09 17:25:06,979] {processor.py:153} INFO - Started process (PID=617) to work on /home/airflow/.local/lib/python3.7/site-packages/airflow/example_dags/example_branch_datetime_operator.py
[2023-01-09 17:25:06,982] {processor.py:641} INFO - Processing file /home/airflow/.local/lib/python3.7/site-packages/airflow/example_dags/example_branch_datetime_operator.py for tasks to queue
[2023-01-09 17:25:06,985] {logging_mixin.py:115} INFO - [2023-01-09 17:25:06,985] {dagbag.py:508} INFO - Filling up the DagBag from /home/airflow/.local/lib/python3.7/site-packages/airflow/example_dags/example_branch_datetime_operator.py
[2023-01-09 17:25:07,063] {processor.py:651} INFO - DAG(s) dict_keys(['example_branch_datetime_operator', 'example_branch_datetime_operator_2']) retrieved from /home/airflow/.local/lib/python3.7/site-packages/airflow/example_dags/example_branch_datetime_operator.py
[2023-01-09 17:25:07,346] {logging_mixin.py:115} INFO - [2023-01-09 17:25:07,346] {dag.py:2420} INFO - Sync 2 DAGs
[2023-01-09 17:25:07,450] {logging_mixin.py:115} INFO - [2023-01-09 17:25:07,450] {dag.py:2972} INFO - Setting next_dagrun for example_branch_datetime_operator to 2023-01-08T00:00:00+00:00, run_after=2023-01-09T00:00:00+00:00
[2023-01-09 17:25:07,463] {logging_mixin.py:115} INFO - [2023-01-09 17:25:07,462] {dag.py:2972} INFO - Setting next_dagrun for example_branch_datetime_operator_2 to 2023-01-08T00:00:00+00:00, run_after=2023-01-09T00:00:00+00:00
[2023-01-09 17:25:07,499] {processor.py:161} INFO - Processing /home/airflow/.local/lib/python3.7/site-packages/airflow/example_dags/example_branch_datetime_operator.py took 0.532 seconds
[2023-01-09 17:25:40,181] {processor.py:153} INFO - Started process (PID=729) to work on /home/airflow/.local/lib/python3.7/site-packages/airflow/example_dags/example_branch_datetime_operator.py
[2023-01-09 17:25:40,183] {processor.py:641} INFO - Processing file /home/airflow/.local/lib/python3.7/site-packages/airflow/example_dags/example_branch_datetime_operator.py for tasks to queue
[2023-01-09 17:25:40,185] {logging_mixin.py:115} INFO - [2023-01-09 17:25:40,185] {dagbag.py:508} INFO - Filling up the DagBag from /home/airflow/.local/lib/python3.7/site-packages/airflow/example_dags/example_branch_datetime_operator.py
[2023-01-09 17:25:40,241] {processor.py:651} INFO - DAG(s) dict_keys(['example_branch_datetime_operator', 'example_branch_datetime_operator_2']) retrieved from /home/airflow/.local/lib/python3.7/site-packages/airflow/example_dags/example_branch_datetime_operator.py
[2023-01-09 17:25:40,497] {logging_mixin.py:115} INFO - [2023-01-09 17:25:40,496] {dag.py:2420} INFO - Sync 2 DAGs
[2023-01-09 17:25:40,602] {logging_mixin.py:115} INFO - [2023-01-09 17:25:40,602] {dag.py:2972} INFO - Setting next_dagrun for example_branch_datetime_operator to 2023-01-08T00:00:00+00:00, run_after=2023-01-09T00:00:00+00:00
[2023-01-09 17:25:40,617] {logging_mixin.py:115} INFO - [2023-01-09 17:25:40,616] {dag.py:2972} INFO - Setting next_dagrun for example_branch_datetime_operator_2 to 2023-01-08T00:00:00+00:00, run_after=2023-01-09T00:00:00+00:00
[2023-01-09 17:25:40,652] {processor.py:161} INFO - Processing /home/airflow/.local/lib/python3.7/site-packages/airflow/example_dags/example_branch_datetime_operator.py took 0.480 seconds
[2023-01-09 17:26:13,340] {processor.py:153} INFO - Started process (PID=839) to work on /home/airflow/.local/lib/python3.7/site-packages/airflow/example_dags/example_branch_datetime_operator.py
[2023-01-09 17:26:13,342] {processor.py:641} INFO - Processing file /home/airflow/.local/lib/python3.7/site-packages/airflow/example_dags/example_branch_datetime_operator.py for tasks to queue
[2023-01-09 17:26:13,344] {logging_mixin.py:115} INFO - [2023-01-09 17:26:13,344] {dagbag.py:508} INFO - Filling up the DagBag from /home/airflow/.local/lib/python3.7/site-packages/airflow/example_dags/example_branch_datetime_operator.py
[2023-01-09 17:26:13,390] {processor.py:651} INFO - DAG(s) dict_keys(['example_branch_datetime_operator', 'example_branch_datetime_operator_2']) retrieved from /home/airflow/.local/lib/python3.7/site-packages/airflow/example_dags/example_branch_datetime_operator.py
[2023-01-09 17:26:13,663] {logging_mixin.py:115} INFO - [2023-01-09 17:26:13,663] {dag.py:2420} INFO - Sync 2 DAGs
[2023-01-09 17:26:13,764] {logging_mixin.py:115} INFO - [2023-01-09 17:26:13,763] {dag.py:2972} INFO - Setting next_dagrun for example_branch_datetime_operator to 2023-01-08T00:00:00+00:00, run_after=2023-01-09T00:00:00+00:00
[2023-01-09 17:26:13,776] {logging_mixin.py:115} INFO - [2023-01-09 17:26:13,776] {dag.py:2972} INFO - Setting next_dagrun for example_branch_datetime_operator_2 to 2023-01-08T00:00:00+00:00, run_after=2023-01-09T00:00:00+00:00
[2023-01-09 17:26:13,813] {processor.py:161} INFO - Processing /home/airflow/.local/lib/python3.7/site-packages/airflow/example_dags/example_branch_datetime_operator.py took 0.482 seconds
[2023-01-09 17:26:47,405] {processor.py:153} INFO - Started process (PID=952) to work on /home/airflow/.local/lib/python3.7/site-packages/airflow/example_dags/example_branch_datetime_operator.py
[2023-01-09 17:26:47,408] {processor.py:641} INFO - Processing file /home/airflow/.local/lib/python3.7/site-packages/airflow/example_dags/example_branch_datetime_operator.py for tasks to queue
[2023-01-09 17:26:47,410] {logging_mixin.py:115} INFO - [2023-01-09 17:26:47,410] {dagbag.py:508} INFO - Filling up the DagBag from /home/airflow/.local/lib/python3.7/site-packages/airflow/example_dags/example_branch_datetime_operator.py
[2023-01-09 17:26:47,459] {processor.py:651} INFO - DAG(s) dict_keys(['example_branch_datetime_operator', 'example_branch_datetime_operator_2']) retrieved from /home/airflow/.local/lib/python3.7/site-packages/airflow/example_dags/example_branch_datetime_operator.py
[2023-01-09 17:26:47,729] {logging_mixin.py:115} INFO - [2023-01-09 17:26:47,729] {dag.py:2420} INFO - Sync 2 DAGs
[2023-01-09 17:26:47,839] {logging_mixin.py:115} INFO - [2023-01-09 17:26:47,839] {dag.py:2972} INFO - Setting next_dagrun for example_branch_datetime_operator to 2023-01-08T00:00:00+00:00, run_after=2023-01-09T00:00:00+00:00
[2023-01-09 17:26:47,852] {logging_mixin.py:115} INFO - [2023-01-09 17:26:47,852] {dag.py:2972} INFO - Setting next_dagrun for example_branch_datetime_operator_2 to 2023-01-08T00:00:00+00:00, run_after=2023-01-09T00:00:00+00:00
[2023-01-09 17:26:47,892] {processor.py:161} INFO - Processing /home/airflow/.local/lib/python3.7/site-packages/airflow/example_dags/example_branch_datetime_operator.py took 0.495 seconds
[2023-01-09 17:27:20,998] {processor.py:153} INFO - Started process (PID=1063) to work on /home/airflow/.local/lib/python3.7/site-packages/airflow/example_dags/example_branch_datetime_operator.py
[2023-01-09 17:27:21,000] {processor.py:641} INFO - Processing file /home/airflow/.local/lib/python3.7/site-packages/airflow/example_dags/example_branch_datetime_operator.py for tasks to queue
[2023-01-09 17:27:21,002] {logging_mixin.py:115} INFO - [2023-01-09 17:27:21,002] {dagbag.py:508} INFO - Filling up the DagBag from /home/airflow/.local/lib/python3.7/site-packages/airflow/example_dags/example_branch_datetime_operator.py
[2023-01-09 17:27:21,052] {processor.py:651} INFO - DAG(s) dict_keys(['example_branch_datetime_operator', 'example_branch_datetime_operator_2']) retrieved from /home/airflow/.local/lib/python3.7/site-packages/airflow/example_dags/example_branch_datetime_operator.py
[2023-01-09 17:27:21,307] {logging_mixin.py:115} INFO - [2023-01-09 17:27:21,307] {dag.py:2420} INFO - Sync 2 DAGs
[2023-01-09 17:27:21,416] {logging_mixin.py:115} INFO - [2023-01-09 17:27:21,416] {dag.py:2972} INFO - Setting next_dagrun for example_branch_datetime_operator to 2023-01-08T00:00:00+00:00, run_after=2023-01-09T00:00:00+00:00
[2023-01-09 17:27:21,430] {logging_mixin.py:115} INFO - [2023-01-09 17:27:21,430] {dag.py:2972} INFO - Setting next_dagrun for example_branch_datetime_operator_2 to 2023-01-08T00:00:00+00:00, run_after=2023-01-09T00:00:00+00:00
[2023-01-09 17:27:21,468] {processor.py:161} INFO - Processing /home/airflow/.local/lib/python3.7/site-packages/airflow/example_dags/example_branch_datetime_operator.py took 0.478 seconds
[2023-01-09 17:27:54,354] {processor.py:153} INFO - Started process (PID=1184) to work on /home/airflow/.local/lib/python3.7/site-packages/airflow/example_dags/example_branch_datetime_operator.py
[2023-01-09 17:27:54,356] {processor.py:641} INFO - Processing file /home/airflow/.local/lib/python3.7/site-packages/airflow/example_dags/example_branch_datetime_operator.py for tasks to queue
[2023-01-09 17:27:54,359] {logging_mixin.py:115} INFO - [2023-01-09 17:27:54,358] {dagbag.py:508} INFO - Filling up the DagBag from /home/airflow/.local/lib/python3.7/site-packages/airflow/example_dags/example_branch_datetime_operator.py
[2023-01-09 17:27:54,416] {processor.py:651} INFO - DAG(s) dict_keys(['example_branch_datetime_operator', 'example_branch_datetime_operator_2']) retrieved from /home/airflow/.local/lib/python3.7/site-packages/airflow/example_dags/example_branch_datetime_operator.py
[2023-01-09 17:27:54,680] {logging_mixin.py:115} INFO - [2023-01-09 17:27:54,680] {dag.py:2420} INFO - Sync 2 DAGs
[2023-01-09 17:27:54,781] {logging_mixin.py:115} INFO - [2023-01-09 17:27:54,780] {dag.py:2972} INFO - Setting next_dagrun for example_branch_datetime_operator to 2023-01-08T00:00:00+00:00, run_after=2023-01-09T00:00:00+00:00
[2023-01-09 17:27:54,793] {logging_mixin.py:115} INFO - [2023-01-09 17:27:54,792] {dag.py:2972} INFO - Setting next_dagrun for example_branch_datetime_operator_2 to 2023-01-08T00:00:00+00:00, run_after=2023-01-09T00:00:00+00:00
[2023-01-09 17:27:54,828] {processor.py:161} INFO - Processing /home/airflow/.local/lib/python3.7/site-packages/airflow/example_dags/example_branch_datetime_operator.py took 0.482 seconds
[2023-01-09 17:28:28,464] {processor.py:153} INFO - Started process (PID=1301) to work on /home/airflow/.local/lib/python3.7/site-packages/airflow/example_dags/example_branch_datetime_operator.py
[2023-01-09 17:28:28,466] {processor.py:641} INFO - Processing file /home/airflow/.local/lib/python3.7/site-packages/airflow/example_dags/example_branch_datetime_operator.py for tasks to queue
[2023-01-09 17:28:28,468] {logging_mixin.py:115} INFO - [2023-01-09 17:28:28,468] {dagbag.py:508} INFO - Filling up the DagBag from /home/airflow/.local/lib/python3.7/site-packages/airflow/example_dags/example_branch_datetime_operator.py
[2023-01-09 17:28:28,509] {processor.py:651} INFO - DAG(s) dict_keys(['example_branch_datetime_operator', 'example_branch_datetime_operator_2']) retrieved from /home/airflow/.local/lib/python3.7/site-packages/airflow/example_dags/example_branch_datetime_operator.py
[2023-01-09 17:28:28,770] {logging_mixin.py:115} INFO - [2023-01-09 17:28:28,769] {dag.py:2420} INFO - Sync 2 DAGs
[2023-01-09 17:28:28,877] {logging_mixin.py:115} INFO - [2023-01-09 17:28:28,876] {dag.py:2972} INFO - Setting next_dagrun for example_branch_datetime_operator to 2023-01-08T00:00:00+00:00, run_after=2023-01-09T00:00:00+00:00
[2023-01-09 17:28:28,890] {logging_mixin.py:115} INFO - [2023-01-09 17:28:28,889] {dag.py:2972} INFO - Setting next_dagrun for example_branch_datetime_operator_2 to 2023-01-08T00:00:00+00:00, run_after=2023-01-09T00:00:00+00:00
[2023-01-09 17:28:28,927] {processor.py:161} INFO - Processing /home/airflow/.local/lib/python3.7/site-packages/airflow/example_dags/example_branch_datetime_operator.py took 0.471 seconds
[2023-01-09 17:29:01,730] {processor.py:153} INFO - Started process (PID=1412) to work on /home/airflow/.local/lib/python3.7/site-packages/airflow/example_dags/example_branch_datetime_operator.py
[2023-01-09 17:29:01,732] {processor.py:641} INFO - Processing file /home/airflow/.local/lib/python3.7/site-packages/airflow/example_dags/example_branch_datetime_operator.py for tasks to queue
[2023-01-09 17:29:01,734] {logging_mixin.py:115} INFO - [2023-01-09 17:29:01,733] {dagbag.py:508} INFO - Filling up the DagBag from /home/airflow/.local/lib/python3.7/site-packages/airflow/example_dags/example_branch_datetime_operator.py
[2023-01-09 17:29:01,774] {processor.py:651} INFO - DAG(s) dict_keys(['example_branch_datetime_operator', 'example_branch_datetime_operator_2']) retrieved from /home/airflow/.local/lib/python3.7/site-packages/airflow/example_dags/example_branch_datetime_operator.py
[2023-01-09 17:29:02,030] {logging_mixin.py:115} INFO - [2023-01-09 17:29:02,029] {dag.py:2420} INFO - Sync 2 DAGs
[2023-01-09 17:29:02,140] {logging_mixin.py:115} INFO - [2023-01-09 17:29:02,139] {dag.py:2972} INFO - Setting next_dagrun for example_branch_datetime_operator to 2023-01-08T00:00:00+00:00, run_after=2023-01-09T00:00:00+00:00
[2023-01-09 17:29:02,152] {logging_mixin.py:115} INFO - [2023-01-09 17:29:02,152] {dag.py:2972} INFO - Setting next_dagrun for example_branch_datetime_operator_2 to 2023-01-08T00:00:00+00:00, run_after=2023-01-09T00:00:00+00:00
[2023-01-09 17:29:02,190] {processor.py:161} INFO - Processing /home/airflow/.local/lib/python3.7/site-packages/airflow/example_dags/example_branch_datetime_operator.py took 0.469 seconds
[2023-01-09 17:29:34,930] {processor.py:153} INFO - Started process (PID=1523) to work on /home/airflow/.local/lib/python3.7/site-packages/airflow/example_dags/example_branch_datetime_operator.py
[2023-01-09 17:29:34,932] {processor.py:641} INFO - Processing file /home/airflow/.local/lib/python3.7/site-packages/airflow/example_dags/example_branch_datetime_operator.py for tasks to queue
[2023-01-09 17:29:34,934] {logging_mixin.py:115} INFO - [2023-01-09 17:29:34,934] {dagbag.py:508} INFO - Filling up the DagBag from /home/airflow/.local/lib/python3.7/site-packages/airflow/example_dags/example_branch_datetime_operator.py
[2023-01-09 17:29:34,973] {processor.py:651} INFO - DAG(s) dict_keys(['example_branch_datetime_operator', 'example_branch_datetime_operator_2']) retrieved from /home/airflow/.local/lib/python3.7/site-packages/airflow/example_dags/example_branch_datetime_operator.py
[2023-01-09 17:29:35,225] {logging_mixin.py:115} INFO - [2023-01-09 17:29:35,224] {dag.py:2420} INFO - Sync 2 DAGs
[2023-01-09 17:29:35,323] {logging_mixin.py:115} INFO - [2023-01-09 17:29:35,322] {dag.py:2972} INFO - Setting next_dagrun for example_branch_datetime_operator to 2023-01-08T00:00:00+00:00, run_after=2023-01-09T00:00:00+00:00
[2023-01-09 17:29:35,335] {logging_mixin.py:115} INFO - [2023-01-09 17:29:35,334] {dag.py:2972} INFO - Setting next_dagrun for example_branch_datetime_operator_2 to 2023-01-08T00:00:00+00:00, run_after=2023-01-09T00:00:00+00:00
[2023-01-09 17:29:35,370] {processor.py:161} INFO - Processing /home/airflow/.local/lib/python3.7/site-packages/airflow/example_dags/example_branch_datetime_operator.py took 0.448 seconds
[2023-01-09 17:30:08,394] {processor.py:153} INFO - Started process (PID=1634) to work on /home/airflow/.local/lib/python3.7/site-packages/airflow/example_dags/example_branch_datetime_operator.py
[2023-01-09 17:30:08,396] {processor.py:641} INFO - Processing file /home/airflow/.local/lib/python3.7/site-packages/airflow/example_dags/example_branch_datetime_operator.py for tasks to queue
[2023-01-09 17:30:08,398] {logging_mixin.py:115} INFO - [2023-01-09 17:30:08,398] {dagbag.py:508} INFO - Filling up the DagBag from /home/airflow/.local/lib/python3.7/site-packages/airflow/example_dags/example_branch_datetime_operator.py
[2023-01-09 17:30:08,443] {processor.py:651} INFO - DAG(s) dict_keys(['example_branch_datetime_operator', 'example_branch_datetime_operator_2']) retrieved from /home/airflow/.local/lib/python3.7/site-packages/airflow/example_dags/example_branch_datetime_operator.py
[2023-01-09 17:30:08,726] {logging_mixin.py:115} INFO - [2023-01-09 17:30:08,726] {dag.py:2420} INFO - Sync 2 DAGs
[2023-01-09 17:30:08,840] {logging_mixin.py:115} INFO - [2023-01-09 17:30:08,840] {dag.py:2972} INFO - Setting next_dagrun for example_branch_datetime_operator to 2023-01-08T00:00:00+00:00, run_after=2023-01-09T00:00:00+00:00
[2023-01-09 17:30:08,852] {logging_mixin.py:115} INFO - [2023-01-09 17:30:08,852] {dag.py:2972} INFO - Setting next_dagrun for example_branch_datetime_operator_2 to 2023-01-08T00:00:00+00:00, run_after=2023-01-09T00:00:00+00:00
[2023-01-09 17:30:08,890] {processor.py:161} INFO - Processing /home/airflow/.local/lib/python3.7/site-packages/airflow/example_dags/example_branch_datetime_operator.py took 0.505 seconds
[2023-01-09 17:30:41,139] {processor.py:153} INFO - Started process (PID=1746) to work on /home/airflow/.local/lib/python3.7/site-packages/airflow/example_dags/example_branch_datetime_operator.py
[2023-01-09 17:30:41,143] {processor.py:641} INFO - Processing file /home/airflow/.local/lib/python3.7/site-packages/airflow/example_dags/example_branch_datetime_operator.py for tasks to queue
[2023-01-09 17:30:41,147] {logging_mixin.py:115} INFO - [2023-01-09 17:30:41,147] {dagbag.py:508} INFO - Filling up the DagBag from /home/airflow/.local/lib/python3.7/site-packages/airflow/example_dags/example_branch_datetime_operator.py
[2023-01-09 17:30:41,189] {processor.py:651} INFO - DAG(s) dict_keys(['example_branch_datetime_operator', 'example_branch_datetime_operator_2']) retrieved from /home/airflow/.local/lib/python3.7/site-packages/airflow/example_dags/example_branch_datetime_operator.py
[2023-01-09 17:30:41,450] {logging_mixin.py:115} INFO - [2023-01-09 17:30:41,449] {dag.py:2420} INFO - Sync 2 DAGs
[2023-01-09 17:30:41,585] {logging_mixin.py:115} INFO - [2023-01-09 17:30:41,584] {dag.py:2972} INFO - Setting next_dagrun for example_branch_datetime_operator to 2023-01-08T00:00:00+00:00, run_after=2023-01-09T00:00:00+00:00
[2023-01-09 17:30:41,599] {logging_mixin.py:115} INFO - [2023-01-09 17:30:41,598] {dag.py:2972} INFO - Setting next_dagrun for example_branch_datetime_operator_2 to 2023-01-08T00:00:00+00:00, run_after=2023-01-09T00:00:00+00:00
[2023-01-09 17:30:41,635] {processor.py:161} INFO - Processing /home/airflow/.local/lib/python3.7/site-packages/airflow/example_dags/example_branch_datetime_operator.py took 0.508 seconds
[2023-01-09 17:31:12,089] {processor.py:153} INFO - Started process (PID=1853) to work on /home/airflow/.local/lib/python3.7/site-packages/airflow/example_dags/example_branch_datetime_operator.py
[2023-01-09 17:31:12,091] {processor.py:641} INFO - Processing file /home/airflow/.local/lib/python3.7/site-packages/airflow/example_dags/example_branch_datetime_operator.py for tasks to queue
[2023-01-09 17:31:12,094] {logging_mixin.py:115} INFO - [2023-01-09 17:31:12,093] {dagbag.py:508} INFO - Filling up the DagBag from /home/airflow/.local/lib/python3.7/site-packages/airflow/example_dags/example_branch_datetime_operator.py
[2023-01-09 17:31:12,142] {processor.py:651} INFO - DAG(s) dict_keys(['example_branch_datetime_operator', 'example_branch_datetime_operator_2']) retrieved from /home/airflow/.local/lib/python3.7/site-packages/airflow/example_dags/example_branch_datetime_operator.py
[2023-01-09 17:31:12,491] {logging_mixin.py:115} INFO - [2023-01-09 17:31:12,491] {dag.py:2420} INFO - Sync 2 DAGs
[2023-01-09 17:31:12,611] {logging_mixin.py:115} INFO - [2023-01-09 17:31:12,611] {dag.py:2972} INFO - Setting next_dagrun for example_branch_datetime_operator to 2023-01-08T00:00:00+00:00, run_after=2023-01-09T00:00:00+00:00
[2023-01-09 17:31:12,625] {logging_mixin.py:115} INFO - [2023-01-09 17:31:12,624] {dag.py:2972} INFO - Setting next_dagrun for example_branch_datetime_operator_2 to 2023-01-08T00:00:00+00:00, run_after=2023-01-09T00:00:00+00:00
[2023-01-09 17:31:12,664] {processor.py:161} INFO - Processing /home/airflow/.local/lib/python3.7/site-packages/airflow/example_dags/example_branch_datetime_operator.py took 0.588 seconds
[2023-01-09 17:31:42,835] {processor.py:153} INFO - Started process (PID=1963) to work on /home/airflow/.local/lib/python3.7/site-packages/airflow/example_dags/example_branch_datetime_operator.py
[2023-01-09 17:31:42,838] {processor.py:641} INFO - Processing file /home/airflow/.local/lib/python3.7/site-packages/airflow/example_dags/example_branch_datetime_operator.py for tasks to queue
[2023-01-09 17:31:42,841] {logging_mixin.py:115} INFO - [2023-01-09 17:31:42,840] {dagbag.py:508} INFO - Filling up the DagBag from /home/airflow/.local/lib/python3.7/site-packages/airflow/example_dags/example_branch_datetime_operator.py
[2023-01-09 17:31:42,887] {processor.py:651} INFO - DAG(s) dict_keys(['example_branch_datetime_operator', 'example_branch_datetime_operator_2']) retrieved from /home/airflow/.local/lib/python3.7/site-packages/airflow/example_dags/example_branch_datetime_operator.py
[2023-01-09 17:31:43,190] {logging_mixin.py:115} INFO - [2023-01-09 17:31:43,190] {dag.py:2420} INFO - Sync 2 DAGs
[2023-01-09 17:31:43,324] {logging_mixin.py:115} INFO - [2023-01-09 17:31:43,323] {dag.py:2972} INFO - Setting next_dagrun for example_branch_datetime_operator to 2023-01-08T00:00:00+00:00, run_after=2023-01-09T00:00:00+00:00
[2023-01-09 17:31:43,340] {logging_mixin.py:115} INFO - [2023-01-09 17:31:43,340] {dag.py:2972} INFO - Setting next_dagrun for example_branch_datetime_operator_2 to 2023-01-08T00:00:00+00:00, run_after=2023-01-09T00:00:00+00:00
[2023-01-09 17:31:43,383] {processor.py:161} INFO - Processing /home/airflow/.local/lib/python3.7/site-packages/airflow/example_dags/example_branch_datetime_operator.py took 0.559 seconds
[2023-01-09 17:32:13,594] {processor.py:153} INFO - Started process (PID=2074) to work on /home/airflow/.local/lib/python3.7/site-packages/airflow/example_dags/example_branch_datetime_operator.py
[2023-01-09 17:32:13,596] {processor.py:641} INFO - Processing file /home/airflow/.local/lib/python3.7/site-packages/airflow/example_dags/example_branch_datetime_operator.py for tasks to queue
[2023-01-09 17:32:13,599] {logging_mixin.py:115} INFO - [2023-01-09 17:32:13,598] {dagbag.py:508} INFO - Filling up the DagBag from /home/airflow/.local/lib/python3.7/site-packages/airflow/example_dags/example_branch_datetime_operator.py
[2023-01-09 17:32:13,645] {processor.py:651} INFO - DAG(s) dict_keys(['example_branch_datetime_operator', 'example_branch_datetime_operator_2']) retrieved from /home/airflow/.local/lib/python3.7/site-packages/airflow/example_dags/example_branch_datetime_operator.py
[2023-01-09 17:32:13,887] {logging_mixin.py:115} INFO - [2023-01-09 17:32:13,887] {dag.py:2420} INFO - Sync 2 DAGs
[2023-01-09 17:32:13,975] {logging_mixin.py:115} INFO - [2023-01-09 17:32:13,975] {dag.py:2972} INFO - Setting next_dagrun for example_branch_datetime_operator to 2023-01-08T00:00:00+00:00, run_after=2023-01-09T00:00:00+00:00
[2023-01-09 17:32:13,987] {logging_mixin.py:115} INFO - [2023-01-09 17:32:13,986] {dag.py:2972} INFO - Setting next_dagrun for example_branch_datetime_operator_2 to 2023-01-08T00:00:00+00:00, run_after=2023-01-09T00:00:00+00:00
[2023-01-09 17:32:14,022] {processor.py:161} INFO - Processing /home/airflow/.local/lib/python3.7/site-packages/airflow/example_dags/example_branch_datetime_operator.py took 0.437 seconds
[2023-01-09 17:32:44,317] {processor.py:153} INFO - Started process (PID=2185) to work on /home/airflow/.local/lib/python3.7/site-packages/airflow/example_dags/example_branch_datetime_operator.py
[2023-01-09 17:32:44,320] {processor.py:641} INFO - Processing file /home/airflow/.local/lib/python3.7/site-packages/airflow/example_dags/example_branch_datetime_operator.py for tasks to queue
[2023-01-09 17:32:44,323] {logging_mixin.py:115} INFO - [2023-01-09 17:32:44,322] {dagbag.py:508} INFO - Filling up the DagBag from /home/airflow/.local/lib/python3.7/site-packages/airflow/example_dags/example_branch_datetime_operator.py
[2023-01-09 17:32:44,367] {processor.py:651} INFO - DAG(s) dict_keys(['example_branch_datetime_operator', 'example_branch_datetime_operator_2']) retrieved from /home/airflow/.local/lib/python3.7/site-packages/airflow/example_dags/example_branch_datetime_operator.py
[2023-01-09 17:32:44,447] {logging_mixin.py:115} INFO - [2023-01-09 17:32:44,447] {dag.py:2420} INFO - Sync 2 DAGs
[2023-01-09 17:32:44,541] {logging_mixin.py:115} INFO - [2023-01-09 17:32:44,541] {dag.py:2972} INFO - Setting next_dagrun for example_branch_datetime_operator to 2023-01-08T00:00:00+00:00, run_after=2023-01-09T00:00:00+00:00
[2023-01-09 17:32:44,553] {logging_mixin.py:115} INFO - [2023-01-09 17:32:44,553] {dag.py:2972} INFO - Setting next_dagrun for example_branch_datetime_operator_2 to 2023-01-08T00:00:00+00:00, run_after=2023-01-09T00:00:00+00:00
[2023-01-09 17:32:44,586] {processor.py:161} INFO - Processing /home/airflow/.local/lib/python3.7/site-packages/airflow/example_dags/example_branch_datetime_operator.py took 0.278 seconds
[2023-01-09 17:33:14,689] {processor.py:153} INFO - Started process (PID=2296) to work on /home/airflow/.local/lib/python3.7/site-packages/airflow/example_dags/example_branch_datetime_operator.py
[2023-01-09 17:33:14,691] {processor.py:641} INFO - Processing file /home/airflow/.local/lib/python3.7/site-packages/airflow/example_dags/example_branch_datetime_operator.py for tasks to queue
[2023-01-09 17:33:14,693] {logging_mixin.py:115} INFO - [2023-01-09 17:33:14,693] {dagbag.py:508} INFO - Filling up the DagBag from /home/airflow/.local/lib/python3.7/site-packages/airflow/example_dags/example_branch_datetime_operator.py
[2023-01-09 17:33:14,735] {processor.py:651} INFO - DAG(s) dict_keys(['example_branch_datetime_operator', 'example_branch_datetime_operator_2']) retrieved from /home/airflow/.local/lib/python3.7/site-packages/airflow/example_dags/example_branch_datetime_operator.py
[2023-01-09 17:33:14,825] {logging_mixin.py:115} INFO - [2023-01-09 17:33:14,825] {dag.py:2420} INFO - Sync 2 DAGs
[2023-01-09 17:33:14,940] {logging_mixin.py:115} INFO - [2023-01-09 17:33:14,939] {dag.py:2972} INFO - Setting next_dagrun for example_branch_datetime_operator to 2023-01-08T00:00:00+00:00, run_after=2023-01-09T00:00:00+00:00
[2023-01-09 17:33:14,953] {logging_mixin.py:115} INFO - [2023-01-09 17:33:14,953] {dag.py:2972} INFO - Setting next_dagrun for example_branch_datetime_operator_2 to 2023-01-08T00:00:00+00:00, run_after=2023-01-09T00:00:00+00:00
[2023-01-09 17:33:14,993] {processor.py:161} INFO - Processing /home/airflow/.local/lib/python3.7/site-packages/airflow/example_dags/example_branch_datetime_operator.py took 0.312 seconds
[2023-01-09 17:33:45,616] {processor.py:153} INFO - Started process (PID=2407) to work on /home/airflow/.local/lib/python3.7/site-packages/airflow/example_dags/example_branch_datetime_operator.py
[2023-01-09 17:33:45,618] {processor.py:641} INFO - Processing file /home/airflow/.local/lib/python3.7/site-packages/airflow/example_dags/example_branch_datetime_operator.py for tasks to queue
[2023-01-09 17:33:45,621] {logging_mixin.py:115} INFO - [2023-01-09 17:33:45,620] {dagbag.py:508} INFO - Filling up the DagBag from /home/airflow/.local/lib/python3.7/site-packages/airflow/example_dags/example_branch_datetime_operator.py
[2023-01-09 17:33:45,664] {processor.py:651} INFO - DAG(s) dict_keys(['example_branch_datetime_operator', 'example_branch_datetime_operator_2']) retrieved from /home/airflow/.local/lib/python3.7/site-packages/airflow/example_dags/example_branch_datetime_operator.py
[2023-01-09 17:33:45,751] {logging_mixin.py:115} INFO - [2023-01-09 17:33:45,751] {dag.py:2420} INFO - Sync 2 DAGs
[2023-01-09 17:33:45,852] {logging_mixin.py:115} INFO - [2023-01-09 17:33:45,851] {dag.py:2972} INFO - Setting next_dagrun for example_branch_datetime_operator to 2023-01-08T00:00:00+00:00, run_after=2023-01-09T00:00:00+00:00
[2023-01-09 17:33:45,866] {logging_mixin.py:115} INFO - [2023-01-09 17:33:45,865] {dag.py:2972} INFO - Setting next_dagrun for example_branch_datetime_operator_2 to 2023-01-08T00:00:00+00:00, run_after=2023-01-09T00:00:00+00:00
[2023-01-09 17:33:45,900] {processor.py:161} INFO - Processing /home/airflow/.local/lib/python3.7/site-packages/airflow/example_dags/example_branch_datetime_operator.py took 0.292 seconds
[2023-01-09 17:34:16,020] {processor.py:153} INFO - Started process (PID=2519) to work on /home/airflow/.local/lib/python3.7/site-packages/airflow/example_dags/example_branch_datetime_operator.py
[2023-01-09 17:34:16,022] {processor.py:641} INFO - Processing file /home/airflow/.local/lib/python3.7/site-packages/airflow/example_dags/example_branch_datetime_operator.py for tasks to queue
[2023-01-09 17:34:16,024] {logging_mixin.py:115} INFO - [2023-01-09 17:34:16,024] {dagbag.py:508} INFO - Filling up the DagBag from /home/airflow/.local/lib/python3.7/site-packages/airflow/example_dags/example_branch_datetime_operator.py
[2023-01-09 17:34:16,067] {processor.py:651} INFO - DAG(s) dict_keys(['example_branch_datetime_operator', 'example_branch_datetime_operator_2']) retrieved from /home/airflow/.local/lib/python3.7/site-packages/airflow/example_dags/example_branch_datetime_operator.py
[2023-01-09 17:34:16,155] {logging_mixin.py:115} INFO - [2023-01-09 17:34:16,154] {dag.py:2420} INFO - Sync 2 DAGs
[2023-01-09 17:34:16,253] {logging_mixin.py:115} INFO - [2023-01-09 17:34:16,252] {dag.py:2972} INFO - Setting next_dagrun for example_branch_datetime_operator to 2023-01-08T00:00:00+00:00, run_after=2023-01-09T00:00:00+00:00
[2023-01-09 17:34:16,265] {logging_mixin.py:115} INFO - [2023-01-09 17:34:16,265] {dag.py:2972} INFO - Setting next_dagrun for example_branch_datetime_operator_2 to 2023-01-08T00:00:00+00:00, run_after=2023-01-09T00:00:00+00:00
[2023-01-09 17:34:16,302] {processor.py:161} INFO - Processing /home/airflow/.local/lib/python3.7/site-packages/airflow/example_dags/example_branch_datetime_operator.py took 0.290 seconds
