[2023-01-09 17:22:49,046] {processor.py:153} INFO - Started process (PID=153) to work on /home/airflow/.local/lib/python3.7/site-packages/airflow/example_dags/example_time_delta_sensor_async.py
[2023-01-09 17:22:49,048] {processor.py:641} INFO - Processing file /home/airflow/.local/lib/python3.7/site-packages/airflow/example_dags/example_time_delta_sensor_async.py for tasks to queue
[2023-01-09 17:22:49,052] {logging_mixin.py:115} INFO - [2023-01-09 17:22:49,052] {dagbag.py:508} INFO - Filling up the DagBag from /home/airflow/.local/lib/python3.7/site-packages/airflow/example_dags/example_time_delta_sensor_async.py
[2023-01-09 17:22:49,097] {processor.py:651} INFO - DAG(s) dict_keys(['example_time_delta_sensor_async']) retrieved from /home/airflow/.local/lib/python3.7/site-packages/airflow/example_dags/example_time_delta_sensor_async.py
[2023-01-09 17:22:49,693] {logging_mixin.py:115} INFO - [2023-01-09 17:22:49,693] {dag.py:2420} INFO - Sync 1 DAGs
[2023-01-09 17:22:49,793] {logging_mixin.py:115} INFO - [2023-01-09 17:22:49,793] {dag.py:2972} INFO - Setting next_dagrun for example_time_delta_sensor_async to None, run_after=None
[2023-01-09 17:22:49,842] {processor.py:161} INFO - Processing /home/airflow/.local/lib/python3.7/site-packages/airflow/example_dags/example_time_delta_sensor_async.py took 0.808 seconds
[2023-01-09 17:23:20,079] {processor.py:153} INFO - Started process (PID=245) to work on /home/airflow/.local/lib/python3.7/site-packages/airflow/example_dags/example_time_delta_sensor_async.py
[2023-01-09 17:23:20,082] {processor.py:641} INFO - Processing file /home/airflow/.local/lib/python3.7/site-packages/airflow/example_dags/example_time_delta_sensor_async.py for tasks to queue
[2023-01-09 17:23:20,086] {logging_mixin.py:115} INFO - [2023-01-09 17:23:20,085] {dagbag.py:508} INFO - Filling up the DagBag from /home/airflow/.local/lib/python3.7/site-packages/airflow/example_dags/example_time_delta_sensor_async.py
[2023-01-09 17:23:20,119] {processor.py:651} INFO - DAG(s) dict_keys(['example_time_delta_sensor_async']) retrieved from /home/airflow/.local/lib/python3.7/site-packages/airflow/example_dags/example_time_delta_sensor_async.py
[2023-01-09 17:23:20,900] {logging_mixin.py:115} INFO - [2023-01-09 17:23:20,899] {dag.py:2420} INFO - Sync 1 DAGs
[2023-01-09 17:23:21,015] {logging_mixin.py:115} INFO - [2023-01-09 17:23:21,014] {dag.py:2972} INFO - Setting next_dagrun for example_time_delta_sensor_async to None, run_after=None
[2023-01-09 17:23:21,078] {processor.py:161} INFO - Processing /home/airflow/.local/lib/python3.7/site-packages/airflow/example_dags/example_time_delta_sensor_async.py took 1.009 seconds
[2023-01-09 17:23:51,200] {processor.py:153} INFO - Started process (PID=353) to work on /home/airflow/.local/lib/python3.7/site-packages/airflow/example_dags/example_time_delta_sensor_async.py
[2023-01-09 17:23:51,202] {processor.py:641} INFO - Processing file /home/airflow/.local/lib/python3.7/site-packages/airflow/example_dags/example_time_delta_sensor_async.py for tasks to queue
[2023-01-09 17:23:51,205] {logging_mixin.py:115} INFO - [2023-01-09 17:23:51,204] {dagbag.py:508} INFO - Filling up the DagBag from /home/airflow/.local/lib/python3.7/site-packages/airflow/example_dags/example_time_delta_sensor_async.py
[2023-01-09 17:23:51,237] {processor.py:651} INFO - DAG(s) dict_keys(['example_time_delta_sensor_async']) retrieved from /home/airflow/.local/lib/python3.7/site-packages/airflow/example_dags/example_time_delta_sensor_async.py
[2023-01-09 17:23:51,721] {logging_mixin.py:115} INFO - [2023-01-09 17:23:51,720] {dag.py:2420} INFO - Sync 1 DAGs
[2023-01-09 17:23:51,806] {logging_mixin.py:115} INFO - [2023-01-09 17:23:51,806] {dag.py:2972} INFO - Setting next_dagrun for example_time_delta_sensor_async to None, run_after=None
[2023-01-09 17:23:51,838] {processor.py:161} INFO - Processing /home/airflow/.local/lib/python3.7/site-packages/airflow/example_dags/example_time_delta_sensor_async.py took 0.647 seconds
[2023-01-09 17:24:22,693] {processor.py:153} INFO - Started process (PID=464) to work on /home/airflow/.local/lib/python3.7/site-packages/airflow/example_dags/example_time_delta_sensor_async.py
[2023-01-09 17:24:22,697] {processor.py:641} INFO - Processing file /home/airflow/.local/lib/python3.7/site-packages/airflow/example_dags/example_time_delta_sensor_async.py for tasks to queue
[2023-01-09 17:24:22,700] {logging_mixin.py:115} INFO - [2023-01-09 17:24:22,700] {dagbag.py:508} INFO - Filling up the DagBag from /home/airflow/.local/lib/python3.7/site-packages/airflow/example_dags/example_time_delta_sensor_async.py
[2023-01-09 17:24:22,731] {processor.py:651} INFO - DAG(s) dict_keys(['example_time_delta_sensor_async']) retrieved from /home/airflow/.local/lib/python3.7/site-packages/airflow/example_dags/example_time_delta_sensor_async.py
[2023-01-09 17:24:23,291] {logging_mixin.py:115} INFO - [2023-01-09 17:24:23,290] {dag.py:2420} INFO - Sync 1 DAGs
[2023-01-09 17:24:23,388] {logging_mixin.py:115} INFO - [2023-01-09 17:24:23,388] {dag.py:2972} INFO - Setting next_dagrun for example_time_delta_sensor_async to None, run_after=None
[2023-01-09 17:24:23,428] {processor.py:161} INFO - Processing /home/airflow/.local/lib/python3.7/site-packages/airflow/example_dags/example_time_delta_sensor_async.py took 0.746 seconds
[2023-01-09 17:24:54,380] {processor.py:153} INFO - Started process (PID=572) to work on /home/airflow/.local/lib/python3.7/site-packages/airflow/example_dags/example_time_delta_sensor_async.py
[2023-01-09 17:24:54,383] {processor.py:641} INFO - Processing file /home/airflow/.local/lib/python3.7/site-packages/airflow/example_dags/example_time_delta_sensor_async.py for tasks to queue
[2023-01-09 17:24:54,386] {logging_mixin.py:115} INFO - [2023-01-09 17:24:54,386] {dagbag.py:508} INFO - Filling up the DagBag from /home/airflow/.local/lib/python3.7/site-packages/airflow/example_dags/example_time_delta_sensor_async.py
[2023-01-09 17:24:54,446] {processor.py:651} INFO - DAG(s) dict_keys(['example_time_delta_sensor_async']) retrieved from /home/airflow/.local/lib/python3.7/site-packages/airflow/example_dags/example_time_delta_sensor_async.py
[2023-01-09 17:24:55,132] {logging_mixin.py:115} INFO - [2023-01-09 17:24:55,131] {dag.py:2420} INFO - Sync 1 DAGs
[2023-01-09 17:24:55,242] {logging_mixin.py:115} INFO - [2023-01-09 17:24:55,241] {dag.py:2972} INFO - Setting next_dagrun for example_time_delta_sensor_async to None, run_after=None
[2023-01-09 17:24:55,284] {processor.py:161} INFO - Processing /home/airflow/.local/lib/python3.7/site-packages/airflow/example_dags/example_time_delta_sensor_async.py took 0.923 seconds
[2023-01-09 17:25:25,729] {processor.py:153} INFO - Started process (PID=684) to work on /home/airflow/.local/lib/python3.7/site-packages/airflow/example_dags/example_time_delta_sensor_async.py
[2023-01-09 17:25:25,733] {processor.py:641} INFO - Processing file /home/airflow/.local/lib/python3.7/site-packages/airflow/example_dags/example_time_delta_sensor_async.py for tasks to queue
[2023-01-09 17:25:25,741] {logging_mixin.py:115} INFO - [2023-01-09 17:25:25,737] {dagbag.py:508} INFO - Filling up the DagBag from /home/airflow/.local/lib/python3.7/site-packages/airflow/example_dags/example_time_delta_sensor_async.py
[2023-01-09 17:25:25,774] {processor.py:651} INFO - DAG(s) dict_keys(['example_time_delta_sensor_async']) retrieved from /home/airflow/.local/lib/python3.7/site-packages/airflow/example_dags/example_time_delta_sensor_async.py
[2023-01-09 17:25:26,365] {logging_mixin.py:115} INFO - [2023-01-09 17:25:26,365] {dag.py:2420} INFO - Sync 1 DAGs
[2023-01-09 17:25:26,463] {logging_mixin.py:115} INFO - [2023-01-09 17:25:26,463] {dag.py:2972} INFO - Setting next_dagrun for example_time_delta_sensor_async to None, run_after=None
[2023-01-09 17:25:26,505] {processor.py:161} INFO - Processing /home/airflow/.local/lib/python3.7/site-packages/airflow/example_dags/example_time_delta_sensor_async.py took 0.787 seconds
[2023-01-09 17:25:56,696] {processor.py:153} INFO - Started process (PID=794) to work on /home/airflow/.local/lib/python3.7/site-packages/airflow/example_dags/example_time_delta_sensor_async.py
[2023-01-09 17:25:56,701] {processor.py:641} INFO - Processing file /home/airflow/.local/lib/python3.7/site-packages/airflow/example_dags/example_time_delta_sensor_async.py for tasks to queue
[2023-01-09 17:25:56,712] {logging_mixin.py:115} INFO - [2023-01-09 17:25:56,711] {dagbag.py:508} INFO - Filling up the DagBag from /home/airflow/.local/lib/python3.7/site-packages/airflow/example_dags/example_time_delta_sensor_async.py
[2023-01-09 17:25:56,780] {processor.py:651} INFO - DAG(s) dict_keys(['example_time_delta_sensor_async']) retrieved from /home/airflow/.local/lib/python3.7/site-packages/airflow/example_dags/example_time_delta_sensor_async.py
[2023-01-09 17:25:57,575] {logging_mixin.py:115} INFO - [2023-01-09 17:25:57,575] {dag.py:2420} INFO - Sync 1 DAGs
[2023-01-09 17:25:57,669] {logging_mixin.py:115} INFO - [2023-01-09 17:25:57,668] {dag.py:2972} INFO - Setting next_dagrun for example_time_delta_sensor_async to None, run_after=None
[2023-01-09 17:25:57,706] {processor.py:161} INFO - Processing /home/airflow/.local/lib/python3.7/site-packages/airflow/example_dags/example_time_delta_sensor_async.py took 1.037 seconds
[2023-01-09 17:26:28,314] {processor.py:153} INFO - Started process (PID=905) to work on /home/airflow/.local/lib/python3.7/site-packages/airflow/example_dags/example_time_delta_sensor_async.py
[2023-01-09 17:26:28,316] {processor.py:641} INFO - Processing file /home/airflow/.local/lib/python3.7/site-packages/airflow/example_dags/example_time_delta_sensor_async.py for tasks to queue
[2023-01-09 17:26:28,319] {logging_mixin.py:115} INFO - [2023-01-09 17:26:28,318] {dagbag.py:508} INFO - Filling up the DagBag from /home/airflow/.local/lib/python3.7/site-packages/airflow/example_dags/example_time_delta_sensor_async.py
[2023-01-09 17:26:28,361] {processor.py:651} INFO - DAG(s) dict_keys(['example_time_delta_sensor_async']) retrieved from /home/airflow/.local/lib/python3.7/site-packages/airflow/example_dags/example_time_delta_sensor_async.py
[2023-01-09 17:26:29,094] {logging_mixin.py:115} INFO - [2023-01-09 17:26:29,093] {dag.py:2420} INFO - Sync 1 DAGs
[2023-01-09 17:26:29,190] {logging_mixin.py:115} INFO - [2023-01-09 17:26:29,189] {dag.py:2972} INFO - Setting next_dagrun for example_time_delta_sensor_async to None, run_after=None
[2023-01-09 17:26:29,227] {processor.py:161} INFO - Processing /home/airflow/.local/lib/python3.7/site-packages/airflow/example_dags/example_time_delta_sensor_async.py took 0.923 seconds
[2023-01-09 17:26:59,620] {processor.py:153} INFO - Started process (PID=1017) to work on /home/airflow/.local/lib/python3.7/site-packages/airflow/example_dags/example_time_delta_sensor_async.py
[2023-01-09 17:26:59,622] {processor.py:641} INFO - Processing file /home/airflow/.local/lib/python3.7/site-packages/airflow/example_dags/example_time_delta_sensor_async.py for tasks to queue
[2023-01-09 17:26:59,624] {logging_mixin.py:115} INFO - [2023-01-09 17:26:59,624] {dagbag.py:508} INFO - Filling up the DagBag from /home/airflow/.local/lib/python3.7/site-packages/airflow/example_dags/example_time_delta_sensor_async.py
[2023-01-09 17:26:59,652] {processor.py:651} INFO - DAG(s) dict_keys(['example_time_delta_sensor_async']) retrieved from /home/airflow/.local/lib/python3.7/site-packages/airflow/example_dags/example_time_delta_sensor_async.py
[2023-01-09 17:27:00,083] {logging_mixin.py:115} INFO - [2023-01-09 17:27:00,083] {dag.py:2420} INFO - Sync 1 DAGs
[2023-01-09 17:27:00,184] {logging_mixin.py:115} INFO - [2023-01-09 17:27:00,183] {dag.py:2972} INFO - Setting next_dagrun for example_time_delta_sensor_async to None, run_after=None
[2023-01-09 17:27:00,222] {processor.py:161} INFO - Processing /home/airflow/.local/lib/python3.7/site-packages/airflow/example_dags/example_time_delta_sensor_async.py took 0.614 seconds
[2023-01-09 17:27:31,015] {processor.py:153} INFO - Started process (PID=1129) to work on /home/airflow/.local/lib/python3.7/site-packages/airflow/example_dags/example_time_delta_sensor_async.py
[2023-01-09 17:27:31,018] {processor.py:641} INFO - Processing file /home/airflow/.local/lib/python3.7/site-packages/airflow/example_dags/example_time_delta_sensor_async.py for tasks to queue
[2023-01-09 17:27:31,020] {logging_mixin.py:115} INFO - [2023-01-09 17:27:31,020] {dagbag.py:508} INFO - Filling up the DagBag from /home/airflow/.local/lib/python3.7/site-packages/airflow/example_dags/example_time_delta_sensor_async.py
[2023-01-09 17:27:31,054] {processor.py:651} INFO - DAG(s) dict_keys(['example_time_delta_sensor_async']) retrieved from /home/airflow/.local/lib/python3.7/site-packages/airflow/example_dags/example_time_delta_sensor_async.py
[2023-01-09 17:27:31,497] {logging_mixin.py:115} INFO - [2023-01-09 17:27:31,497] {dag.py:2420} INFO - Sync 1 DAGs
[2023-01-09 17:27:31,574] {logging_mixin.py:115} INFO - [2023-01-09 17:27:31,573] {dag.py:2972} INFO - Setting next_dagrun for example_time_delta_sensor_async to None, run_after=None
[2023-01-09 17:27:31,611] {processor.py:161} INFO - Processing /home/airflow/.local/lib/python3.7/site-packages/airflow/example_dags/example_time_delta_sensor_async.py took 0.609 seconds
[2023-01-09 17:28:02,291] {processor.py:153} INFO - Started process (PID=1240) to work on /home/airflow/.local/lib/python3.7/site-packages/airflow/example_dags/example_time_delta_sensor_async.py
[2023-01-09 17:28:02,293] {processor.py:641} INFO - Processing file /home/airflow/.local/lib/python3.7/site-packages/airflow/example_dags/example_time_delta_sensor_async.py for tasks to queue
[2023-01-09 17:28:02,295] {logging_mixin.py:115} INFO - [2023-01-09 17:28:02,294] {dagbag.py:508} INFO - Filling up the DagBag from /home/airflow/.local/lib/python3.7/site-packages/airflow/example_dags/example_time_delta_sensor_async.py
[2023-01-09 17:28:02,311] {processor.py:651} INFO - DAG(s) dict_keys(['example_time_delta_sensor_async']) retrieved from /home/airflow/.local/lib/python3.7/site-packages/airflow/example_dags/example_time_delta_sensor_async.py
[2023-01-09 17:28:02,738] {logging_mixin.py:115} INFO - [2023-01-09 17:28:02,737] {dag.py:2420} INFO - Sync 1 DAGs
[2023-01-09 17:28:02,817] {logging_mixin.py:115} INFO - [2023-01-09 17:28:02,817] {dag.py:2972} INFO - Setting next_dagrun for example_time_delta_sensor_async to None, run_after=None
[2023-01-09 17:28:02,852] {processor.py:161} INFO - Processing /home/airflow/.local/lib/python3.7/site-packages/airflow/example_dags/example_time_delta_sensor_async.py took 0.570 seconds
[2023-01-09 17:28:35,342] {processor.py:153} INFO - Started process (PID=1351) to work on /home/airflow/.local/lib/python3.7/site-packages/airflow/example_dags/example_time_delta_sensor_async.py
[2023-01-09 17:28:35,343] {processor.py:641} INFO - Processing file /home/airflow/.local/lib/python3.7/site-packages/airflow/example_dags/example_time_delta_sensor_async.py for tasks to queue
[2023-01-09 17:28:35,345] {logging_mixin.py:115} INFO - [2023-01-09 17:28:35,345] {dagbag.py:508} INFO - Filling up the DagBag from /home/airflow/.local/lib/python3.7/site-packages/airflow/example_dags/example_time_delta_sensor_async.py
[2023-01-09 17:28:35,360] {processor.py:651} INFO - DAG(s) dict_keys(['example_time_delta_sensor_async']) retrieved from /home/airflow/.local/lib/python3.7/site-packages/airflow/example_dags/example_time_delta_sensor_async.py
[2023-01-09 17:28:35,807] {logging_mixin.py:115} INFO - [2023-01-09 17:28:35,807] {dag.py:2420} INFO - Sync 1 DAGs
[2023-01-09 17:28:35,900] {logging_mixin.py:115} INFO - [2023-01-09 17:28:35,900] {dag.py:2972} INFO - Setting next_dagrun for example_time_delta_sensor_async to None, run_after=None
[2023-01-09 17:28:35,934] {processor.py:161} INFO - Processing /home/airflow/.local/lib/python3.7/site-packages/airflow/example_dags/example_time_delta_sensor_async.py took 0.599 seconds
[2023-01-09 17:29:07,352] {processor.py:153} INFO - Started process (PID=1454) to work on /home/airflow/.local/lib/python3.7/site-packages/airflow/example_dags/example_time_delta_sensor_async.py
[2023-01-09 17:29:07,354] {processor.py:641} INFO - Processing file /home/airflow/.local/lib/python3.7/site-packages/airflow/example_dags/example_time_delta_sensor_async.py for tasks to queue
[2023-01-09 17:29:07,356] {logging_mixin.py:115} INFO - [2023-01-09 17:29:07,356] {dagbag.py:508} INFO - Filling up the DagBag from /home/airflow/.local/lib/python3.7/site-packages/airflow/example_dags/example_time_delta_sensor_async.py
[2023-01-09 17:29:07,372] {processor.py:651} INFO - DAG(s) dict_keys(['example_time_delta_sensor_async']) retrieved from /home/airflow/.local/lib/python3.7/site-packages/airflow/example_dags/example_time_delta_sensor_async.py
[2023-01-09 17:29:07,784] {logging_mixin.py:115} INFO - [2023-01-09 17:29:07,783] {dag.py:2420} INFO - Sync 1 DAGs
[2023-01-09 17:29:07,869] {logging_mixin.py:115} INFO - [2023-01-09 17:29:07,869] {dag.py:2972} INFO - Setting next_dagrun for example_time_delta_sensor_async to None, run_after=None
[2023-01-09 17:29:07,903] {processor.py:161} INFO - Processing /home/airflow/.local/lib/python3.7/site-packages/airflow/example_dags/example_time_delta_sensor_async.py took 0.558 seconds
[2023-01-09 17:29:38,095] {processor.py:153} INFO - Started process (PID=1545) to work on /home/airflow/.local/lib/python3.7/site-packages/airflow/example_dags/example_time_delta_sensor_async.py
[2023-01-09 17:29:38,096] {processor.py:641} INFO - Processing file /home/airflow/.local/lib/python3.7/site-packages/airflow/example_dags/example_time_delta_sensor_async.py for tasks to queue
[2023-01-09 17:29:38,099] {logging_mixin.py:115} INFO - [2023-01-09 17:29:38,098] {dagbag.py:508} INFO - Filling up the DagBag from /home/airflow/.local/lib/python3.7/site-packages/airflow/example_dags/example_time_delta_sensor_async.py
[2023-01-09 17:29:38,119] {processor.py:651} INFO - DAG(s) dict_keys(['example_time_delta_sensor_async']) retrieved from /home/airflow/.local/lib/python3.7/site-packages/airflow/example_dags/example_time_delta_sensor_async.py
[2023-01-09 17:29:38,588] {logging_mixin.py:115} INFO - [2023-01-09 17:29:38,588] {dag.py:2420} INFO - Sync 1 DAGs
[2023-01-09 17:29:38,678] {logging_mixin.py:115} INFO - [2023-01-09 17:29:38,677] {dag.py:2972} INFO - Setting next_dagrun for example_time_delta_sensor_async to None, run_after=None
[2023-01-09 17:29:38,712] {processor.py:161} INFO - Processing /home/airflow/.local/lib/python3.7/site-packages/airflow/example_dags/example_time_delta_sensor_async.py took 0.628 seconds
[2023-01-09 17:30:11,783] {processor.py:153} INFO - Started process (PID=1658) to work on /home/airflow/.local/lib/python3.7/site-packages/airflow/example_dags/example_time_delta_sensor_async.py
[2023-01-09 17:30:11,785] {processor.py:641} INFO - Processing file /home/airflow/.local/lib/python3.7/site-packages/airflow/example_dags/example_time_delta_sensor_async.py for tasks to queue
[2023-01-09 17:30:11,787] {logging_mixin.py:115} INFO - [2023-01-09 17:30:11,786] {dagbag.py:508} INFO - Filling up the DagBag from /home/airflow/.local/lib/python3.7/site-packages/airflow/example_dags/example_time_delta_sensor_async.py
[2023-01-09 17:30:11,806] {processor.py:651} INFO - DAG(s) dict_keys(['example_time_delta_sensor_async']) retrieved from /home/airflow/.local/lib/python3.7/site-packages/airflow/example_dags/example_time_delta_sensor_async.py
[2023-01-09 17:30:12,272] {logging_mixin.py:115} INFO - [2023-01-09 17:30:12,272] {dag.py:2420} INFO - Sync 1 DAGs
[2023-01-09 17:30:12,375] {logging_mixin.py:115} INFO - [2023-01-09 17:30:12,375] {dag.py:2972} INFO - Setting next_dagrun for example_time_delta_sensor_async to None, run_after=None
[2023-01-09 17:30:12,443] {processor.py:161} INFO - Processing /home/airflow/.local/lib/python3.7/site-packages/airflow/example_dags/example_time_delta_sensor_async.py took 0.668 seconds
[2023-01-09 17:30:44,929] {processor.py:153} INFO - Started process (PID=1782) to work on /home/airflow/.local/lib/python3.7/site-packages/airflow/example_dags/example_time_delta_sensor_async.py
[2023-01-09 17:30:44,931] {processor.py:641} INFO - Processing file /home/airflow/.local/lib/python3.7/site-packages/airflow/example_dags/example_time_delta_sensor_async.py for tasks to queue
[2023-01-09 17:30:44,934] {logging_mixin.py:115} INFO - [2023-01-09 17:30:44,933] {dagbag.py:508} INFO - Filling up the DagBag from /home/airflow/.local/lib/python3.7/site-packages/airflow/example_dags/example_time_delta_sensor_async.py
[2023-01-09 17:30:44,951] {processor.py:651} INFO - DAG(s) dict_keys(['example_time_delta_sensor_async']) retrieved from /home/airflow/.local/lib/python3.7/site-packages/airflow/example_dags/example_time_delta_sensor_async.py
[2023-01-09 17:30:45,446] {logging_mixin.py:115} INFO - [2023-01-09 17:30:45,446] {dag.py:2420} INFO - Sync 1 DAGs
[2023-01-09 17:30:45,544] {logging_mixin.py:115} INFO - [2023-01-09 17:30:45,544] {dag.py:2972} INFO - Setting next_dagrun for example_time_delta_sensor_async to None, run_after=None
[2023-01-09 17:30:45,589] {processor.py:161} INFO - Processing /home/airflow/.local/lib/python3.7/site-packages/airflow/example_dags/example_time_delta_sensor_async.py took 0.669 seconds
[2023-01-09 17:31:17,002] {processor.py:153} INFO - Started process (PID=1889) to work on /home/airflow/.local/lib/python3.7/site-packages/airflow/example_dags/example_time_delta_sensor_async.py
[2023-01-09 17:31:17,005] {processor.py:641} INFO - Processing file /home/airflow/.local/lib/python3.7/site-packages/airflow/example_dags/example_time_delta_sensor_async.py for tasks to queue
[2023-01-09 17:31:17,008] {logging_mixin.py:115} INFO - [2023-01-09 17:31:17,007] {dagbag.py:508} INFO - Filling up the DagBag from /home/airflow/.local/lib/python3.7/site-packages/airflow/example_dags/example_time_delta_sensor_async.py
[2023-01-09 17:31:17,026] {processor.py:651} INFO - DAG(s) dict_keys(['example_time_delta_sensor_async']) retrieved from /home/airflow/.local/lib/python3.7/site-packages/airflow/example_dags/example_time_delta_sensor_async.py
[2023-01-09 17:31:17,472] {logging_mixin.py:115} INFO - [2023-01-09 17:31:17,471] {dag.py:2420} INFO - Sync 1 DAGs
[2023-01-09 17:31:17,569] {logging_mixin.py:115} INFO - [2023-01-09 17:31:17,568] {dag.py:2972} INFO - Setting next_dagrun for example_time_delta_sensor_async to None, run_after=None
[2023-01-09 17:31:17,615] {processor.py:161} INFO - Processing /home/airflow/.local/lib/python3.7/site-packages/airflow/example_dags/example_time_delta_sensor_async.py took 0.622 seconds
[2023-01-09 17:31:49,618] {processor.py:153} INFO - Started process (PID=1997) to work on /home/airflow/.local/lib/python3.7/site-packages/airflow/example_dags/example_time_delta_sensor_async.py
[2023-01-09 17:31:49,620] {processor.py:641} INFO - Processing file /home/airflow/.local/lib/python3.7/site-packages/airflow/example_dags/example_time_delta_sensor_async.py for tasks to queue
[2023-01-09 17:31:49,622] {logging_mixin.py:115} INFO - [2023-01-09 17:31:49,621] {dagbag.py:508} INFO - Filling up the DagBag from /home/airflow/.local/lib/python3.7/site-packages/airflow/example_dags/example_time_delta_sensor_async.py
[2023-01-09 17:31:49,638] {processor.py:651} INFO - DAG(s) dict_keys(['example_time_delta_sensor_async']) retrieved from /home/airflow/.local/lib/python3.7/site-packages/airflow/example_dags/example_time_delta_sensor_async.py
[2023-01-09 17:31:50,123] {logging_mixin.py:115} INFO - [2023-01-09 17:31:50,123] {dag.py:2420} INFO - Sync 1 DAGs
[2023-01-09 17:31:50,221] {logging_mixin.py:115} INFO - [2023-01-09 17:31:50,221] {dag.py:2972} INFO - Setting next_dagrun for example_time_delta_sensor_async to None, run_after=None
[2023-01-09 17:31:50,259] {processor.py:161} INFO - Processing /home/airflow/.local/lib/python3.7/site-packages/airflow/example_dags/example_time_delta_sensor_async.py took 0.649 seconds
[2023-01-09 17:32:21,905] {processor.py:153} INFO - Started process (PID=2108) to work on /home/airflow/.local/lib/python3.7/site-packages/airflow/example_dags/example_time_delta_sensor_async.py
[2023-01-09 17:32:21,907] {processor.py:641} INFO - Processing file /home/airflow/.local/lib/python3.7/site-packages/airflow/example_dags/example_time_delta_sensor_async.py for tasks to queue
[2023-01-09 17:32:21,909] {logging_mixin.py:115} INFO - [2023-01-09 17:32:21,909] {dagbag.py:508} INFO - Filling up the DagBag from /home/airflow/.local/lib/python3.7/site-packages/airflow/example_dags/example_time_delta_sensor_async.py
[2023-01-09 17:32:21,927] {processor.py:651} INFO - DAG(s) dict_keys(['example_time_delta_sensor_async']) retrieved from /home/airflow/.local/lib/python3.7/site-packages/airflow/example_dags/example_time_delta_sensor_async.py
[2023-01-09 17:32:22,393] {logging_mixin.py:115} INFO - [2023-01-09 17:32:22,392] {dag.py:2420} INFO - Sync 1 DAGs
[2023-01-09 17:32:22,484] {logging_mixin.py:115} INFO - [2023-01-09 17:32:22,484] {dag.py:2972} INFO - Setting next_dagrun for example_time_delta_sensor_async to None, run_after=None
[2023-01-09 17:32:22,521] {processor.py:161} INFO - Processing /home/airflow/.local/lib/python3.7/site-packages/airflow/example_dags/example_time_delta_sensor_async.py took 0.624 seconds
[2023-01-09 17:32:53,063] {processor.py:153} INFO - Started process (PID=2216) to work on /home/airflow/.local/lib/python3.7/site-packages/airflow/example_dags/example_time_delta_sensor_async.py
[2023-01-09 17:32:53,066] {processor.py:641} INFO - Processing file /home/airflow/.local/lib/python3.7/site-packages/airflow/example_dags/example_time_delta_sensor_async.py for tasks to queue
[2023-01-09 17:32:53,068] {logging_mixin.py:115} INFO - [2023-01-09 17:32:53,068] {dagbag.py:508} INFO - Filling up the DagBag from /home/airflow/.local/lib/python3.7/site-packages/airflow/example_dags/example_time_delta_sensor_async.py
[2023-01-09 17:32:53,087] {processor.py:651} INFO - DAG(s) dict_keys(['example_time_delta_sensor_async']) retrieved from /home/airflow/.local/lib/python3.7/site-packages/airflow/example_dags/example_time_delta_sensor_async.py
[2023-01-09 17:32:53,407] {logging_mixin.py:115} INFO - [2023-01-09 17:32:53,407] {dag.py:2420} INFO - Sync 1 DAGs
[2023-01-09 17:32:53,505] {logging_mixin.py:115} INFO - [2023-01-09 17:32:53,505] {dag.py:2972} INFO - Setting next_dagrun for example_time_delta_sensor_async to None, run_after=None
[2023-01-09 17:32:53,541] {processor.py:161} INFO - Processing /home/airflow/.local/lib/python3.7/site-packages/airflow/example_dags/example_time_delta_sensor_async.py took 0.485 seconds
[2023-01-09 17:33:23,905] {processor.py:153} INFO - Started process (PID=2324) to work on /home/airflow/.local/lib/python3.7/site-packages/airflow/example_dags/example_time_delta_sensor_async.py
[2023-01-09 17:33:23,909] {processor.py:641} INFO - Processing file /home/airflow/.local/lib/python3.7/site-packages/airflow/example_dags/example_time_delta_sensor_async.py for tasks to queue
[2023-01-09 17:33:23,911] {logging_mixin.py:115} INFO - [2023-01-09 17:33:23,911] {dagbag.py:508} INFO - Filling up the DagBag from /home/airflow/.local/lib/python3.7/site-packages/airflow/example_dags/example_time_delta_sensor_async.py
[2023-01-09 17:33:23,939] {processor.py:651} INFO - DAG(s) dict_keys(['example_time_delta_sensor_async']) retrieved from /home/airflow/.local/lib/python3.7/site-packages/airflow/example_dags/example_time_delta_sensor_async.py
[2023-01-09 17:33:24,308] {logging_mixin.py:115} INFO - [2023-01-09 17:33:24,307] {dag.py:2420} INFO - Sync 1 DAGs
[2023-01-09 17:33:24,435] {logging_mixin.py:115} INFO - [2023-01-09 17:33:24,435] {dag.py:2972} INFO - Setting next_dagrun for example_time_delta_sensor_async to None, run_after=None
[2023-01-09 17:33:24,475] {processor.py:161} INFO - Processing /home/airflow/.local/lib/python3.7/site-packages/airflow/example_dags/example_time_delta_sensor_async.py took 0.581 seconds
[2023-01-09 17:33:54,710] {processor.py:153} INFO - Started process (PID=2435) to work on /home/airflow/.local/lib/python3.7/site-packages/airflow/example_dags/example_time_delta_sensor_async.py
[2023-01-09 17:33:54,712] {processor.py:641} INFO - Processing file /home/airflow/.local/lib/python3.7/site-packages/airflow/example_dags/example_time_delta_sensor_async.py for tasks to queue
[2023-01-09 17:33:54,715] {logging_mixin.py:115} INFO - [2023-01-09 17:33:54,714] {dagbag.py:508} INFO - Filling up the DagBag from /home/airflow/.local/lib/python3.7/site-packages/airflow/example_dags/example_time_delta_sensor_async.py
[2023-01-09 17:33:54,732] {processor.py:651} INFO - DAG(s) dict_keys(['example_time_delta_sensor_async']) retrieved from /home/airflow/.local/lib/python3.7/site-packages/airflow/example_dags/example_time_delta_sensor_async.py
[2023-01-09 17:33:55,000] {logging_mixin.py:115} INFO - [2023-01-09 17:33:55,000] {dag.py:2420} INFO - Sync 1 DAGs
[2023-01-09 17:33:55,087] {logging_mixin.py:115} INFO - [2023-01-09 17:33:55,087] {dag.py:2972} INFO - Setting next_dagrun for example_time_delta_sensor_async to None, run_after=None
[2023-01-09 17:33:55,121] {processor.py:161} INFO - Processing /home/airflow/.local/lib/python3.7/site-packages/airflow/example_dags/example_time_delta_sensor_async.py took 0.420 seconds
[2023-01-09 17:34:25,169] {processor.py:153} INFO - Started process (PID=2547) to work on /home/airflow/.local/lib/python3.7/site-packages/airflow/example_dags/example_time_delta_sensor_async.py
[2023-01-09 17:34:25,172] {processor.py:641} INFO - Processing file /home/airflow/.local/lib/python3.7/site-packages/airflow/example_dags/example_time_delta_sensor_async.py for tasks to queue
[2023-01-09 17:34:25,174] {logging_mixin.py:115} INFO - [2023-01-09 17:34:25,174] {dagbag.py:508} INFO - Filling up the DagBag from /home/airflow/.local/lib/python3.7/site-packages/airflow/example_dags/example_time_delta_sensor_async.py
[2023-01-09 17:34:25,195] {processor.py:651} INFO - DAG(s) dict_keys(['example_time_delta_sensor_async']) retrieved from /home/airflow/.local/lib/python3.7/site-packages/airflow/example_dags/example_time_delta_sensor_async.py
[2023-01-09 17:34:25,472] {logging_mixin.py:115} INFO - [2023-01-09 17:34:25,471] {dag.py:2420} INFO - Sync 1 DAGs
[2023-01-09 17:34:25,550] {logging_mixin.py:115} INFO - [2023-01-09 17:34:25,550] {dag.py:2972} INFO - Setting next_dagrun for example_time_delta_sensor_async to None, run_after=None
[2023-01-09 17:34:25,583] {processor.py:161} INFO - Processing /home/airflow/.local/lib/python3.7/site-packages/airflow/example_dags/example_time_delta_sensor_async.py took 0.423 seconds
