[2023-01-09 17:23:02,427] {processor.py:153} INFO - Started process (PID=215) to work on /home/airflow/.local/lib/python3.7/site-packages/airflow/example_dags/example_branch_operator_decorator.py
[2023-01-09 17:23:02,431] {processor.py:641} INFO - Processing file /home/airflow/.local/lib/python3.7/site-packages/airflow/example_dags/example_branch_operator_decorator.py for tasks to queue
[2023-01-09 17:23:02,433] {logging_mixin.py:115} INFO - [2023-01-09 17:23:02,433] {dagbag.py:508} INFO - Filling up the DagBag from /home/airflow/.local/lib/python3.7/site-packages/airflow/example_dags/example_branch_operator_decorator.py
[2023-01-09 17:23:02,731] {processor.py:651} INFO - DAG(s) dict_keys(['example_branch_python_operator_decorator']) retrieved from /home/airflow/.local/lib/python3.7/site-packages/airflow/example_dags/example_branch_operator_decorator.py
[2023-01-09 17:23:02,847] {logging_mixin.py:115} INFO - [2023-01-09 17:23:02,846] {dag.py:2420} INFO - Sync 1 DAGs
[2023-01-09 17:23:03,043] {logging_mixin.py:115} INFO - [2023-01-09 17:23:03,042] {dag.py:2972} INFO - Setting next_dagrun for example_branch_python_operator_decorator to 2023-01-08T00:00:00+00:00, run_after=2023-01-09T00:00:00+00:00
[2023-01-09 17:23:03,106] {processor.py:161} INFO - Processing /home/airflow/.local/lib/python3.7/site-packages/airflow/example_dags/example_branch_operator_decorator.py took 0.693 seconds
[2023-01-09 17:23:33,504] {processor.py:153} INFO - Started process (PID=328) to work on /home/airflow/.local/lib/python3.7/site-packages/airflow/example_dags/example_branch_operator_decorator.py
[2023-01-09 17:23:33,505] {processor.py:641} INFO - Processing file /home/airflow/.local/lib/python3.7/site-packages/airflow/example_dags/example_branch_operator_decorator.py for tasks to queue
[2023-01-09 17:23:33,507] {logging_mixin.py:115} INFO - [2023-01-09 17:23:33,507] {dagbag.py:508} INFO - Filling up the DagBag from /home/airflow/.local/lib/python3.7/site-packages/airflow/example_dags/example_branch_operator_decorator.py
[2023-01-09 17:23:33,826] {processor.py:651} INFO - DAG(s) dict_keys(['example_branch_python_operator_decorator']) retrieved from /home/airflow/.local/lib/python3.7/site-packages/airflow/example_dags/example_branch_operator_decorator.py
[2023-01-09 17:23:33,911] {logging_mixin.py:115} INFO - [2023-01-09 17:23:33,911] {dag.py:2420} INFO - Sync 1 DAGs
[2023-01-09 17:23:34,028] {logging_mixin.py:115} INFO - [2023-01-09 17:23:34,027] {dag.py:2972} INFO - Setting next_dagrun for example_branch_python_operator_decorator to 2023-01-08T00:00:00+00:00, run_after=2023-01-09T00:00:00+00:00
[2023-01-09 17:23:34,110] {processor.py:161} INFO - Processing /home/airflow/.local/lib/python3.7/site-packages/airflow/example_dags/example_branch_operator_decorator.py took 0.614 seconds
[2023-01-09 17:24:05,735] {processor.py:153} INFO - Started process (PID=437) to work on /home/airflow/.local/lib/python3.7/site-packages/airflow/example_dags/example_branch_operator_decorator.py
[2023-01-09 17:24:05,737] {processor.py:641} INFO - Processing file /home/airflow/.local/lib/python3.7/site-packages/airflow/example_dags/example_branch_operator_decorator.py for tasks to queue
[2023-01-09 17:24:05,739] {logging_mixin.py:115} INFO - [2023-01-09 17:24:05,739] {dagbag.py:508} INFO - Filling up the DagBag from /home/airflow/.local/lib/python3.7/site-packages/airflow/example_dags/example_branch_operator_decorator.py
[2023-01-09 17:24:06,000] {processor.py:651} INFO - DAG(s) dict_keys(['example_branch_python_operator_decorator']) retrieved from /home/airflow/.local/lib/python3.7/site-packages/airflow/example_dags/example_branch_operator_decorator.py
[2023-01-09 17:24:06,091] {logging_mixin.py:115} INFO - [2023-01-09 17:24:06,090] {dag.py:2420} INFO - Sync 1 DAGs
[2023-01-09 17:24:06,202] {logging_mixin.py:115} INFO - [2023-01-09 17:24:06,201] {dag.py:2972} INFO - Setting next_dagrun for example_branch_python_operator_decorator to 2023-01-08T00:00:00+00:00, run_after=2023-01-09T00:00:00+00:00
[2023-01-09 17:24:06,238] {processor.py:161} INFO - Processing /home/airflow/.local/lib/python3.7/site-packages/airflow/example_dags/example_branch_operator_decorator.py took 0.514 seconds
[2023-01-09 17:24:39,498] {processor.py:153} INFO - Started process (PID=548) to work on /home/airflow/.local/lib/python3.7/site-packages/airflow/example_dags/example_branch_operator_decorator.py
[2023-01-09 17:24:39,500] {processor.py:641} INFO - Processing file /home/airflow/.local/lib/python3.7/site-packages/airflow/example_dags/example_branch_operator_decorator.py for tasks to queue
[2023-01-09 17:24:39,504] {logging_mixin.py:115} INFO - [2023-01-09 17:24:39,503] {dagbag.py:508} INFO - Filling up the DagBag from /home/airflow/.local/lib/python3.7/site-packages/airflow/example_dags/example_branch_operator_decorator.py
[2023-01-09 17:24:39,782] {processor.py:651} INFO - DAG(s) dict_keys(['example_branch_python_operator_decorator']) retrieved from /home/airflow/.local/lib/python3.7/site-packages/airflow/example_dags/example_branch_operator_decorator.py
[2023-01-09 17:24:39,880] {logging_mixin.py:115} INFO - [2023-01-09 17:24:39,879] {dag.py:2420} INFO - Sync 1 DAGs
[2023-01-09 17:24:40,013] {logging_mixin.py:115} INFO - [2023-01-09 17:24:40,012] {dag.py:2972} INFO - Setting next_dagrun for example_branch_python_operator_decorator to 2023-01-08T00:00:00+00:00, run_after=2023-01-09T00:00:00+00:00
[2023-01-09 17:24:40,052] {processor.py:161} INFO - Processing /home/airflow/.local/lib/python3.7/site-packages/airflow/example_dags/example_branch_operator_decorator.py took 0.564 seconds
[2023-01-09 17:25:12,930] {processor.py:153} INFO - Started process (PID=661) to work on /home/airflow/.local/lib/python3.7/site-packages/airflow/example_dags/example_branch_operator_decorator.py
[2023-01-09 17:25:12,932] {processor.py:641} INFO - Processing file /home/airflow/.local/lib/python3.7/site-packages/airflow/example_dags/example_branch_operator_decorator.py for tasks to queue
[2023-01-09 17:25:12,934] {logging_mixin.py:115} INFO - [2023-01-09 17:25:12,934] {dagbag.py:508} INFO - Filling up the DagBag from /home/airflow/.local/lib/python3.7/site-packages/airflow/example_dags/example_branch_operator_decorator.py
[2023-01-09 17:25:13,182] {processor.py:651} INFO - DAG(s) dict_keys(['example_branch_python_operator_decorator']) retrieved from /home/airflow/.local/lib/python3.7/site-packages/airflow/example_dags/example_branch_operator_decorator.py
[2023-01-09 17:25:13,259] {logging_mixin.py:115} INFO - [2023-01-09 17:25:13,258] {dag.py:2420} INFO - Sync 1 DAGs
[2023-01-09 17:25:13,366] {logging_mixin.py:115} INFO - [2023-01-09 17:25:13,366] {dag.py:2972} INFO - Setting next_dagrun for example_branch_python_operator_decorator to 2023-01-08T00:00:00+00:00, run_after=2023-01-09T00:00:00+00:00
[2023-01-09 17:25:13,418] {processor.py:161} INFO - Processing /home/airflow/.local/lib/python3.7/site-packages/airflow/example_dags/example_branch_operator_decorator.py took 0.497 seconds
[2023-01-09 17:25:47,655] {processor.py:153} INFO - Started process (PID=773) to work on /home/airflow/.local/lib/python3.7/site-packages/airflow/example_dags/example_branch_operator_decorator.py
[2023-01-09 17:25:47,659] {processor.py:641} INFO - Processing file /home/airflow/.local/lib/python3.7/site-packages/airflow/example_dags/example_branch_operator_decorator.py for tasks to queue
[2023-01-09 17:25:47,662] {logging_mixin.py:115} INFO - [2023-01-09 17:25:47,662] {dagbag.py:508} INFO - Filling up the DagBag from /home/airflow/.local/lib/python3.7/site-packages/airflow/example_dags/example_branch_operator_decorator.py
[2023-01-09 17:25:47,973] {processor.py:651} INFO - DAG(s) dict_keys(['example_branch_python_operator_decorator']) retrieved from /home/airflow/.local/lib/python3.7/site-packages/airflow/example_dags/example_branch_operator_decorator.py
[2023-01-09 17:25:48,086] {logging_mixin.py:115} INFO - [2023-01-09 17:25:48,085] {dag.py:2420} INFO - Sync 1 DAGs
[2023-01-09 17:25:48,236] {logging_mixin.py:115} INFO - [2023-01-09 17:25:48,235] {dag.py:2972} INFO - Setting next_dagrun for example_branch_python_operator_decorator to 2023-01-08T00:00:00+00:00, run_after=2023-01-09T00:00:00+00:00
[2023-01-09 17:25:48,314] {processor.py:161} INFO - Processing /home/airflow/.local/lib/python3.7/site-packages/airflow/example_dags/example_branch_operator_decorator.py took 0.670 seconds
[2023-01-09 17:26:19,439] {processor.py:153} INFO - Started process (PID=883) to work on /home/airflow/.local/lib/python3.7/site-packages/airflow/example_dags/example_branch_operator_decorator.py
[2023-01-09 17:26:19,441] {processor.py:641} INFO - Processing file /home/airflow/.local/lib/python3.7/site-packages/airflow/example_dags/example_branch_operator_decorator.py for tasks to queue
[2023-01-09 17:26:19,444] {logging_mixin.py:115} INFO - [2023-01-09 17:26:19,444] {dagbag.py:508} INFO - Filling up the DagBag from /home/airflow/.local/lib/python3.7/site-packages/airflow/example_dags/example_branch_operator_decorator.py
[2023-01-09 17:26:19,729] {processor.py:651} INFO - DAG(s) dict_keys(['example_branch_python_operator_decorator']) retrieved from /home/airflow/.local/lib/python3.7/site-packages/airflow/example_dags/example_branch_operator_decorator.py
[2023-01-09 17:26:19,860] {logging_mixin.py:115} INFO - [2023-01-09 17:26:19,860] {dag.py:2420} INFO - Sync 1 DAGs
[2023-01-09 17:26:20,026] {logging_mixin.py:115} INFO - [2023-01-09 17:26:20,025] {dag.py:2972} INFO - Setting next_dagrun for example_branch_python_operator_decorator to 2023-01-08T00:00:00+00:00, run_after=2023-01-09T00:00:00+00:00
[2023-01-09 17:26:20,115] {processor.py:161} INFO - Processing /home/airflow/.local/lib/python3.7/site-packages/airflow/example_dags/example_branch_operator_decorator.py took 0.686 seconds
[2023-01-09 17:26:53,273] {processor.py:153} INFO - Started process (PID=1009) to work on /home/airflow/.local/lib/python3.7/site-packages/airflow/example_dags/example_branch_operator_decorator.py
[2023-01-09 17:26:53,275] {processor.py:641} INFO - Processing file /home/airflow/.local/lib/python3.7/site-packages/airflow/example_dags/example_branch_operator_decorator.py for tasks to queue
[2023-01-09 17:26:53,277] {logging_mixin.py:115} INFO - [2023-01-09 17:26:53,277] {dagbag.py:508} INFO - Filling up the DagBag from /home/airflow/.local/lib/python3.7/site-packages/airflow/example_dags/example_branch_operator_decorator.py
[2023-01-09 17:26:53,543] {processor.py:651} INFO - DAG(s) dict_keys(['example_branch_python_operator_decorator']) retrieved from /home/airflow/.local/lib/python3.7/site-packages/airflow/example_dags/example_branch_operator_decorator.py
[2023-01-09 17:26:53,641] {logging_mixin.py:115} INFO - [2023-01-09 17:26:53,640] {dag.py:2420} INFO - Sync 1 DAGs
[2023-01-09 17:26:53,825] {logging_mixin.py:115} INFO - [2023-01-09 17:26:53,825] {dag.py:2972} INFO - Setting next_dagrun for example_branch_python_operator_decorator to 2023-01-08T00:00:00+00:00, run_after=2023-01-09T00:00:00+00:00
[2023-01-09 17:26:53,869] {processor.py:161} INFO - Processing /home/airflow/.local/lib/python3.7/site-packages/airflow/example_dags/example_branch_operator_decorator.py took 0.605 seconds
[2023-01-09 17:27:27,440] {processor.py:153} INFO - Started process (PID=1123) to work on /home/airflow/.local/lib/python3.7/site-packages/airflow/example_dags/example_branch_operator_decorator.py
[2023-01-09 17:27:27,442] {processor.py:641} INFO - Processing file /home/airflow/.local/lib/python3.7/site-packages/airflow/example_dags/example_branch_operator_decorator.py for tasks to queue
[2023-01-09 17:27:27,444] {logging_mixin.py:115} INFO - [2023-01-09 17:27:27,444] {dagbag.py:508} INFO - Filling up the DagBag from /home/airflow/.local/lib/python3.7/site-packages/airflow/example_dags/example_branch_operator_decorator.py
[2023-01-09 17:27:27,713] {processor.py:651} INFO - DAG(s) dict_keys(['example_branch_python_operator_decorator']) retrieved from /home/airflow/.local/lib/python3.7/site-packages/airflow/example_dags/example_branch_operator_decorator.py
[2023-01-09 17:27:27,788] {logging_mixin.py:115} INFO - [2023-01-09 17:27:27,788] {dag.py:2420} INFO - Sync 1 DAGs
[2023-01-09 17:27:27,886] {logging_mixin.py:115} INFO - [2023-01-09 17:27:27,885] {dag.py:2972} INFO - Setting next_dagrun for example_branch_python_operator_decorator to 2023-01-08T00:00:00+00:00, run_after=2023-01-09T00:00:00+00:00
[2023-01-09 17:27:27,921] {processor.py:161} INFO - Processing /home/airflow/.local/lib/python3.7/site-packages/airflow/example_dags/example_branch_operator_decorator.py took 0.490 seconds
[2023-01-09 17:28:01,109] {processor.py:153} INFO - Started process (PID=1238) to work on /home/airflow/.local/lib/python3.7/site-packages/airflow/example_dags/example_branch_operator_decorator.py
[2023-01-09 17:28:01,111] {processor.py:641} INFO - Processing file /home/airflow/.local/lib/python3.7/site-packages/airflow/example_dags/example_branch_operator_decorator.py for tasks to queue
[2023-01-09 17:28:01,113] {logging_mixin.py:115} INFO - [2023-01-09 17:28:01,112] {dagbag.py:508} INFO - Filling up the DagBag from /home/airflow/.local/lib/python3.7/site-packages/airflow/example_dags/example_branch_operator_decorator.py
[2023-01-09 17:28:01,345] {processor.py:651} INFO - DAG(s) dict_keys(['example_branch_python_operator_decorator']) retrieved from /home/airflow/.local/lib/python3.7/site-packages/airflow/example_dags/example_branch_operator_decorator.py
[2023-01-09 17:28:01,415] {logging_mixin.py:115} INFO - [2023-01-09 17:28:01,415] {dag.py:2420} INFO - Sync 1 DAGs
[2023-01-09 17:28:01,505] {logging_mixin.py:115} INFO - [2023-01-09 17:28:01,504] {dag.py:2972} INFO - Setting next_dagrun for example_branch_python_operator_decorator to 2023-01-08T00:00:00+00:00, run_after=2023-01-09T00:00:00+00:00
[2023-01-09 17:28:01,537] {processor.py:161} INFO - Processing /home/airflow/.local/lib/python3.7/site-packages/airflow/example_dags/example_branch_operator_decorator.py took 0.435 seconds
[2023-01-09 17:28:34,686] {processor.py:153} INFO - Started process (PID=1345) to work on /home/airflow/.local/lib/python3.7/site-packages/airflow/example_dags/example_branch_operator_decorator.py
[2023-01-09 17:28:34,688] {processor.py:641} INFO - Processing file /home/airflow/.local/lib/python3.7/site-packages/airflow/example_dags/example_branch_operator_decorator.py for tasks to queue
[2023-01-09 17:28:34,690] {logging_mixin.py:115} INFO - [2023-01-09 17:28:34,690] {dagbag.py:508} INFO - Filling up the DagBag from /home/airflow/.local/lib/python3.7/site-packages/airflow/example_dags/example_branch_operator_decorator.py
[2023-01-09 17:28:34,942] {processor.py:651} INFO - DAG(s) dict_keys(['example_branch_python_operator_decorator']) retrieved from /home/airflow/.local/lib/python3.7/site-packages/airflow/example_dags/example_branch_operator_decorator.py
[2023-01-09 17:28:35,014] {logging_mixin.py:115} INFO - [2023-01-09 17:28:35,014] {dag.py:2420} INFO - Sync 1 DAGs
[2023-01-09 17:28:35,107] {logging_mixin.py:115} INFO - [2023-01-09 17:28:35,106] {dag.py:2972} INFO - Setting next_dagrun for example_branch_python_operator_decorator to 2023-01-08T00:00:00+00:00, run_after=2023-01-09T00:00:00+00:00
[2023-01-09 17:28:35,145] {processor.py:161} INFO - Processing /home/airflow/.local/lib/python3.7/site-packages/airflow/example_dags/example_branch_operator_decorator.py took 0.467 seconds
[2023-01-09 17:29:09,215] {processor.py:153} INFO - Started process (PID=1468) to work on /home/airflow/.local/lib/python3.7/site-packages/airflow/example_dags/example_branch_operator_decorator.py
[2023-01-09 17:29:09,216] {processor.py:641} INFO - Processing file /home/airflow/.local/lib/python3.7/site-packages/airflow/example_dags/example_branch_operator_decorator.py for tasks to queue
[2023-01-09 17:29:09,218] {logging_mixin.py:115} INFO - [2023-01-09 17:29:09,218] {dagbag.py:508} INFO - Filling up the DagBag from /home/airflow/.local/lib/python3.7/site-packages/airflow/example_dags/example_branch_operator_decorator.py
[2023-01-09 17:29:09,462] {processor.py:651} INFO - DAG(s) dict_keys(['example_branch_python_operator_decorator']) retrieved from /home/airflow/.local/lib/python3.7/site-packages/airflow/example_dags/example_branch_operator_decorator.py
[2023-01-09 17:29:09,541] {logging_mixin.py:115} INFO - [2023-01-09 17:29:09,541] {dag.py:2420} INFO - Sync 1 DAGs
[2023-01-09 17:29:09,651] {logging_mixin.py:115} INFO - [2023-01-09 17:29:09,650] {dag.py:2972} INFO - Setting next_dagrun for example_branch_python_operator_decorator to 2023-01-08T00:00:00+00:00, run_after=2023-01-09T00:00:00+00:00
[2023-01-09 17:29:09,687] {processor.py:161} INFO - Processing /home/airflow/.local/lib/python3.7/site-packages/airflow/example_dags/example_branch_operator_decorator.py took 0.479 seconds
[2023-01-09 17:29:42,526] {processor.py:153} INFO - Started process (PID=1595) to work on /home/airflow/.local/lib/python3.7/site-packages/airflow/example_dags/example_branch_operator_decorator.py
[2023-01-09 17:29:42,528] {processor.py:641} INFO - Processing file /home/airflow/.local/lib/python3.7/site-packages/airflow/example_dags/example_branch_operator_decorator.py for tasks to queue
[2023-01-09 17:29:42,531] {logging_mixin.py:115} INFO - [2023-01-09 17:29:42,530] {dagbag.py:508} INFO - Filling up the DagBag from /home/airflow/.local/lib/python3.7/site-packages/airflow/example_dags/example_branch_operator_decorator.py
[2023-01-09 17:29:42,811] {processor.py:651} INFO - DAG(s) dict_keys(['example_branch_python_operator_decorator']) retrieved from /home/airflow/.local/lib/python3.7/site-packages/airflow/example_dags/example_branch_operator_decorator.py
[2023-01-09 17:29:42,912] {logging_mixin.py:115} INFO - [2023-01-09 17:29:42,912] {dag.py:2420} INFO - Sync 1 DAGs
[2023-01-09 17:29:43,023] {logging_mixin.py:115} INFO - [2023-01-09 17:29:43,022] {dag.py:2972} INFO - Setting next_dagrun for example_branch_python_operator_decorator to 2023-01-08T00:00:00+00:00, run_after=2023-01-09T00:00:00+00:00
[2023-01-09 17:29:43,062] {processor.py:161} INFO - Processing /home/airflow/.local/lib/python3.7/site-packages/airflow/example_dags/example_branch_operator_decorator.py took 0.544 seconds
[2023-01-09 17:30:17,598] {processor.py:153} INFO - Started process (PID=1711) to work on /home/airflow/.local/lib/python3.7/site-packages/airflow/example_dags/example_branch_operator_decorator.py
[2023-01-09 17:30:17,600] {processor.py:641} INFO - Processing file /home/airflow/.local/lib/python3.7/site-packages/airflow/example_dags/example_branch_operator_decorator.py for tasks to queue
[2023-01-09 17:30:17,602] {logging_mixin.py:115} INFO - [2023-01-09 17:30:17,601] {dagbag.py:508} INFO - Filling up the DagBag from /home/airflow/.local/lib/python3.7/site-packages/airflow/example_dags/example_branch_operator_decorator.py
[2023-01-09 17:30:17,851] {processor.py:651} INFO - DAG(s) dict_keys(['example_branch_python_operator_decorator']) retrieved from /home/airflow/.local/lib/python3.7/site-packages/airflow/example_dags/example_branch_operator_decorator.py
[2023-01-09 17:30:17,926] {logging_mixin.py:115} INFO - [2023-01-09 17:30:17,926] {dag.py:2420} INFO - Sync 1 DAGs
[2023-01-09 17:30:18,030] {logging_mixin.py:115} INFO - [2023-01-09 17:30:18,030] {dag.py:2972} INFO - Setting next_dagrun for example_branch_python_operator_decorator to 2023-01-08T00:00:00+00:00, run_after=2023-01-09T00:00:00+00:00
[2023-01-09 17:30:18,269] {processor.py:161} INFO - Processing /home/airflow/.local/lib/python3.7/site-packages/airflow/example_dags/example_branch_operator_decorator.py took 0.679 seconds
[2023-01-09 17:30:50,195] {processor.py:153} INFO - Started process (PID=1822) to work on /home/airflow/.local/lib/python3.7/site-packages/airflow/example_dags/example_branch_operator_decorator.py
[2023-01-09 17:30:50,197] {processor.py:641} INFO - Processing file /home/airflow/.local/lib/python3.7/site-packages/airflow/example_dags/example_branch_operator_decorator.py for tasks to queue
[2023-01-09 17:30:50,199] {logging_mixin.py:115} INFO - [2023-01-09 17:30:50,198] {dagbag.py:508} INFO - Filling up the DagBag from /home/airflow/.local/lib/python3.7/site-packages/airflow/example_dags/example_branch_operator_decorator.py
[2023-01-09 17:30:50,438] {processor.py:651} INFO - DAG(s) dict_keys(['example_branch_python_operator_decorator']) retrieved from /home/airflow/.local/lib/python3.7/site-packages/airflow/example_dags/example_branch_operator_decorator.py
[2023-01-09 17:30:50,517] {logging_mixin.py:115} INFO - [2023-01-09 17:30:50,516] {dag.py:2420} INFO - Sync 1 DAGs
[2023-01-09 17:30:50,617] {logging_mixin.py:115} INFO - [2023-01-09 17:30:50,617] {dag.py:2972} INFO - Setting next_dagrun for example_branch_python_operator_decorator to 2023-01-08T00:00:00+00:00, run_after=2023-01-09T00:00:00+00:00
[2023-01-09 17:30:50,650] {processor.py:161} INFO - Processing /home/airflow/.local/lib/python3.7/site-packages/airflow/example_dags/example_branch_operator_decorator.py took 0.463 seconds
[2023-01-09 17:31:23,021] {processor.py:153} INFO - Started process (PID=1933) to work on /home/airflow/.local/lib/python3.7/site-packages/airflow/example_dags/example_branch_operator_decorator.py
[2023-01-09 17:31:23,022] {processor.py:641} INFO - Processing file /home/airflow/.local/lib/python3.7/site-packages/airflow/example_dags/example_branch_operator_decorator.py for tasks to queue
[2023-01-09 17:31:23,024] {logging_mixin.py:115} INFO - [2023-01-09 17:31:23,024] {dagbag.py:508} INFO - Filling up the DagBag from /home/airflow/.local/lib/python3.7/site-packages/airflow/example_dags/example_branch_operator_decorator.py
[2023-01-09 17:31:23,282] {processor.py:651} INFO - DAG(s) dict_keys(['example_branch_python_operator_decorator']) retrieved from /home/airflow/.local/lib/python3.7/site-packages/airflow/example_dags/example_branch_operator_decorator.py
[2023-01-09 17:31:23,363] {logging_mixin.py:115} INFO - [2023-01-09 17:31:23,363] {dag.py:2420} INFO - Sync 1 DAGs
[2023-01-09 17:31:23,455] {logging_mixin.py:115} INFO - [2023-01-09 17:31:23,454] {dag.py:2972} INFO - Setting next_dagrun for example_branch_python_operator_decorator to 2023-01-08T00:00:00+00:00, run_after=2023-01-09T00:00:00+00:00
[2023-01-09 17:31:23,488] {processor.py:161} INFO - Processing /home/airflow/.local/lib/python3.7/site-packages/airflow/example_dags/example_branch_operator_decorator.py took 0.475 seconds
[2023-01-09 17:31:56,407] {processor.py:153} INFO - Started process (PID=2045) to work on /home/airflow/.local/lib/python3.7/site-packages/airflow/example_dags/example_branch_operator_decorator.py
[2023-01-09 17:31:56,410] {processor.py:641} INFO - Processing file /home/airflow/.local/lib/python3.7/site-packages/airflow/example_dags/example_branch_operator_decorator.py for tasks to queue
[2023-01-09 17:31:56,412] {logging_mixin.py:115} INFO - [2023-01-09 17:31:56,412] {dagbag.py:508} INFO - Filling up the DagBag from /home/airflow/.local/lib/python3.7/site-packages/airflow/example_dags/example_branch_operator_decorator.py
[2023-01-09 17:31:56,716] {processor.py:651} INFO - DAG(s) dict_keys(['example_branch_python_operator_decorator']) retrieved from /home/airflow/.local/lib/python3.7/site-packages/airflow/example_dags/example_branch_operator_decorator.py
[2023-01-09 17:31:56,796] {logging_mixin.py:115} INFO - [2023-01-09 17:31:56,796] {dag.py:2420} INFO - Sync 1 DAGs
[2023-01-09 17:31:56,899] {logging_mixin.py:115} INFO - [2023-01-09 17:31:56,899] {dag.py:2972} INFO - Setting next_dagrun for example_branch_python_operator_decorator to 2023-01-08T00:00:00+00:00, run_after=2023-01-09T00:00:00+00:00
[2023-01-09 17:31:56,940] {processor.py:161} INFO - Processing /home/airflow/.local/lib/python3.7/site-packages/airflow/example_dags/example_branch_operator_decorator.py took 0.542 seconds
[2023-01-09 17:32:29,159] {processor.py:153} INFO - Started process (PID=2158) to work on /home/airflow/.local/lib/python3.7/site-packages/airflow/example_dags/example_branch_operator_decorator.py
[2023-01-09 17:32:29,160] {processor.py:641} INFO - Processing file /home/airflow/.local/lib/python3.7/site-packages/airflow/example_dags/example_branch_operator_decorator.py for tasks to queue
[2023-01-09 17:32:29,162] {logging_mixin.py:115} INFO - [2023-01-09 17:32:29,162] {dagbag.py:508} INFO - Filling up the DagBag from /home/airflow/.local/lib/python3.7/site-packages/airflow/example_dags/example_branch_operator_decorator.py
[2023-01-09 17:32:29,407] {processor.py:651} INFO - DAG(s) dict_keys(['example_branch_python_operator_decorator']) retrieved from /home/airflow/.local/lib/python3.7/site-packages/airflow/example_dags/example_branch_operator_decorator.py
[2023-01-09 17:32:29,480] {logging_mixin.py:115} INFO - [2023-01-09 17:32:29,480] {dag.py:2420} INFO - Sync 1 DAGs
[2023-01-09 17:32:29,579] {logging_mixin.py:115} INFO - [2023-01-09 17:32:29,579] {dag.py:2972} INFO - Setting next_dagrun for example_branch_python_operator_decorator to 2023-01-08T00:00:00+00:00, run_after=2023-01-09T00:00:00+00:00
[2023-01-09 17:32:29,613] {processor.py:161} INFO - Processing /home/airflow/.local/lib/python3.7/site-packages/airflow/example_dags/example_branch_operator_decorator.py took 0.462 seconds
[2023-01-09 17:32:59,718] {processor.py:153} INFO - Started process (PID=2271) to work on /home/airflow/.local/lib/python3.7/site-packages/airflow/example_dags/example_branch_operator_decorator.py
[2023-01-09 17:32:59,719] {processor.py:641} INFO - Processing file /home/airflow/.local/lib/python3.7/site-packages/airflow/example_dags/example_branch_operator_decorator.py for tasks to queue
[2023-01-09 17:32:59,721] {logging_mixin.py:115} INFO - [2023-01-09 17:32:59,721] {dagbag.py:508} INFO - Filling up the DagBag from /home/airflow/.local/lib/python3.7/site-packages/airflow/example_dags/example_branch_operator_decorator.py
[2023-01-09 17:32:59,802] {processor.py:651} INFO - DAG(s) dict_keys(['example_branch_python_operator_decorator']) retrieved from /home/airflow/.local/lib/python3.7/site-packages/airflow/example_dags/example_branch_operator_decorator.py
[2023-01-09 17:32:59,883] {logging_mixin.py:115} INFO - [2023-01-09 17:32:59,882] {dag.py:2420} INFO - Sync 1 DAGs
[2023-01-09 17:32:59,979] {logging_mixin.py:115} INFO - [2023-01-09 17:32:59,978] {dag.py:2972} INFO - Setting next_dagrun for example_branch_python_operator_decorator to 2023-01-08T00:00:00+00:00, run_after=2023-01-09T00:00:00+00:00
[2023-01-09 17:33:00,012] {processor.py:161} INFO - Processing /home/airflow/.local/lib/python3.7/site-packages/airflow/example_dags/example_branch_operator_decorator.py took 0.301 seconds
[2023-01-09 17:33:31,820] {processor.py:153} INFO - Started process (PID=2382) to work on /home/airflow/.local/lib/python3.7/site-packages/airflow/example_dags/example_branch_operator_decorator.py
[2023-01-09 17:33:31,822] {processor.py:641} INFO - Processing file /home/airflow/.local/lib/python3.7/site-packages/airflow/example_dags/example_branch_operator_decorator.py for tasks to queue
[2023-01-09 17:33:31,824] {logging_mixin.py:115} INFO - [2023-01-09 17:33:31,824] {dagbag.py:508} INFO - Filling up the DagBag from /home/airflow/.local/lib/python3.7/site-packages/airflow/example_dags/example_branch_operator_decorator.py
[2023-01-09 17:33:31,903] {processor.py:651} INFO - DAG(s) dict_keys(['example_branch_python_operator_decorator']) retrieved from /home/airflow/.local/lib/python3.7/site-packages/airflow/example_dags/example_branch_operator_decorator.py
[2023-01-09 17:33:31,993] {logging_mixin.py:115} INFO - [2023-01-09 17:33:31,993] {dag.py:2420} INFO - Sync 1 DAGs
[2023-01-09 17:33:32,094] {logging_mixin.py:115} INFO - [2023-01-09 17:33:32,094] {dag.py:2972} INFO - Setting next_dagrun for example_branch_python_operator_decorator to 2023-01-08T00:00:00+00:00, run_after=2023-01-09T00:00:00+00:00
[2023-01-09 17:33:32,131] {processor.py:161} INFO - Processing /home/airflow/.local/lib/python3.7/site-packages/airflow/example_dags/example_branch_operator_decorator.py took 0.319 seconds
[2023-01-09 17:34:04,485] {processor.py:153} INFO - Started process (PID=2491) to work on /home/airflow/.local/lib/python3.7/site-packages/airflow/example_dags/example_branch_operator_decorator.py
[2023-01-09 17:34:04,487] {processor.py:641} INFO - Processing file /home/airflow/.local/lib/python3.7/site-packages/airflow/example_dags/example_branch_operator_decorator.py for tasks to queue
[2023-01-09 17:34:04,489] {logging_mixin.py:115} INFO - [2023-01-09 17:34:04,488] {dagbag.py:508} INFO - Filling up the DagBag from /home/airflow/.local/lib/python3.7/site-packages/airflow/example_dags/example_branch_operator_decorator.py
[2023-01-09 17:34:04,571] {processor.py:651} INFO - DAG(s) dict_keys(['example_branch_python_operator_decorator']) retrieved from /home/airflow/.local/lib/python3.7/site-packages/airflow/example_dags/example_branch_operator_decorator.py
[2023-01-09 17:34:04,658] {logging_mixin.py:115} INFO - [2023-01-09 17:34:04,658] {dag.py:2420} INFO - Sync 1 DAGs
[2023-01-09 17:34:04,776] {logging_mixin.py:115} INFO - [2023-01-09 17:34:04,776] {dag.py:2972} INFO - Setting next_dagrun for example_branch_python_operator_decorator to 2023-01-08T00:00:00+00:00, run_after=2023-01-09T00:00:00+00:00
[2023-01-09 17:34:04,815] {processor.py:161} INFO - Processing /home/airflow/.local/lib/python3.7/site-packages/airflow/example_dags/example_branch_operator_decorator.py took 0.338 seconds
