[2023-01-09 17:22:55,471] {processor.py:153} INFO - Started process (PID=181) to work on /home/airflow/.local/lib/python3.7/site-packages/airflow/example_dags/example_branch_labels.py
[2023-01-09 17:22:55,473] {processor.py:641} INFO - Processing file /home/airflow/.local/lib/python3.7/site-packages/airflow/example_dags/example_branch_labels.py for tasks to queue
[2023-01-09 17:22:55,476] {logging_mixin.py:115} INFO - [2023-01-09 17:22:55,475] {dagbag.py:508} INFO - Filling up the DagBag from /home/airflow/.local/lib/python3.7/site-packages/airflow/example_dags/example_branch_labels.py
[2023-01-09 17:22:55,514] {processor.py:651} INFO - DAG(s) dict_keys(['example_branch_labels']) retrieved from /home/airflow/.local/lib/python3.7/site-packages/airflow/example_dags/example_branch_labels.py
[2023-01-09 17:22:55,755] {logging_mixin.py:115} INFO - [2023-01-09 17:22:55,755] {dag.py:2420} INFO - Sync 1 DAGs
[2023-01-09 17:22:55,855] {logging_mixin.py:115} INFO - [2023-01-09 17:22:55,855] {dag.py:2972} INFO - Setting next_dagrun for example_branch_labels to 2023-01-08T00:00:00+00:00, run_after=2023-01-09T00:00:00+00:00
[2023-01-09 17:22:55,890] {processor.py:161} INFO - Processing /home/airflow/.local/lib/python3.7/site-packages/airflow/example_dags/example_branch_labels.py took 0.427 seconds
[2023-01-09 17:23:27,328] {processor.py:153} INFO - Started process (PID=292) to work on /home/airflow/.local/lib/python3.7/site-packages/airflow/example_dags/example_branch_labels.py
[2023-01-09 17:23:27,330] {processor.py:641} INFO - Processing file /home/airflow/.local/lib/python3.7/site-packages/airflow/example_dags/example_branch_labels.py for tasks to queue
[2023-01-09 17:23:27,332] {logging_mixin.py:115} INFO - [2023-01-09 17:23:27,332] {dagbag.py:508} INFO - Filling up the DagBag from /home/airflow/.local/lib/python3.7/site-packages/airflow/example_dags/example_branch_labels.py
[2023-01-09 17:23:27,369] {processor.py:651} INFO - DAG(s) dict_keys(['example_branch_labels']) retrieved from /home/airflow/.local/lib/python3.7/site-packages/airflow/example_dags/example_branch_labels.py
[2023-01-09 17:23:27,594] {logging_mixin.py:115} INFO - [2023-01-09 17:23:27,594] {dag.py:2420} INFO - Sync 1 DAGs
[2023-01-09 17:23:27,712] {logging_mixin.py:115} INFO - [2023-01-09 17:23:27,712] {dag.py:2972} INFO - Setting next_dagrun for example_branch_labels to 2023-01-08T00:00:00+00:00, run_after=2023-01-09T00:00:00+00:00
[2023-01-09 17:23:27,750] {processor.py:161} INFO - Processing /home/airflow/.local/lib/python3.7/site-packages/airflow/example_dags/example_branch_labels.py took 0.430 seconds
[2023-01-09 17:23:59,984] {processor.py:153} INFO - Started process (PID=403) to work on /home/airflow/.local/lib/python3.7/site-packages/airflow/example_dags/example_branch_labels.py
[2023-01-09 17:23:59,986] {processor.py:641} INFO - Processing file /home/airflow/.local/lib/python3.7/site-packages/airflow/example_dags/example_branch_labels.py for tasks to queue
[2023-01-09 17:23:59,988] {logging_mixin.py:115} INFO - [2023-01-09 17:23:59,988] {dagbag.py:508} INFO - Filling up the DagBag from /home/airflow/.local/lib/python3.7/site-packages/airflow/example_dags/example_branch_labels.py
[2023-01-09 17:24:00,030] {processor.py:651} INFO - DAG(s) dict_keys(['example_branch_labels']) retrieved from /home/airflow/.local/lib/python3.7/site-packages/airflow/example_dags/example_branch_labels.py
[2023-01-09 17:24:00,294] {logging_mixin.py:115} INFO - [2023-01-09 17:24:00,293] {dag.py:2420} INFO - Sync 1 DAGs
[2023-01-09 17:24:00,400] {logging_mixin.py:115} INFO - [2023-01-09 17:24:00,399] {dag.py:2972} INFO - Setting next_dagrun for example_branch_labels to 2023-01-08T00:00:00+00:00, run_after=2023-01-09T00:00:00+00:00
[2023-01-09 17:24:00,432] {processor.py:161} INFO - Processing /home/airflow/.local/lib/python3.7/site-packages/airflow/example_dags/example_branch_labels.py took 0.457 seconds
[2023-01-09 17:24:34,206] {processor.py:153} INFO - Started process (PID=514) to work on /home/airflow/.local/lib/python3.7/site-packages/airflow/example_dags/example_branch_labels.py
[2023-01-09 17:24:34,208] {processor.py:641} INFO - Processing file /home/airflow/.local/lib/python3.7/site-packages/airflow/example_dags/example_branch_labels.py for tasks to queue
[2023-01-09 17:24:34,211] {logging_mixin.py:115} INFO - [2023-01-09 17:24:34,210] {dagbag.py:508} INFO - Filling up the DagBag from /home/airflow/.local/lib/python3.7/site-packages/airflow/example_dags/example_branch_labels.py
[2023-01-09 17:24:34,248] {processor.py:651} INFO - DAG(s) dict_keys(['example_branch_labels']) retrieved from /home/airflow/.local/lib/python3.7/site-packages/airflow/example_dags/example_branch_labels.py
[2023-01-09 17:24:34,511] {logging_mixin.py:115} INFO - [2023-01-09 17:24:34,510] {dag.py:2420} INFO - Sync 1 DAGs
[2023-01-09 17:24:34,605] {logging_mixin.py:115} INFO - [2023-01-09 17:24:34,605] {dag.py:2972} INFO - Setting next_dagrun for example_branch_labels to 2023-01-08T00:00:00+00:00, run_after=2023-01-09T00:00:00+00:00
[2023-01-09 17:24:34,638] {processor.py:161} INFO - Processing /home/airflow/.local/lib/python3.7/site-packages/airflow/example_dags/example_branch_labels.py took 0.440 seconds
[2023-01-09 17:25:08,065] {processor.py:153} INFO - Started process (PID=625) to work on /home/airflow/.local/lib/python3.7/site-packages/airflow/example_dags/example_branch_labels.py
[2023-01-09 17:25:08,066] {processor.py:641} INFO - Processing file /home/airflow/.local/lib/python3.7/site-packages/airflow/example_dags/example_branch_labels.py for tasks to queue
[2023-01-09 17:25:08,068] {logging_mixin.py:115} INFO - [2023-01-09 17:25:08,068] {dagbag.py:508} INFO - Filling up the DagBag from /home/airflow/.local/lib/python3.7/site-packages/airflow/example_dags/example_branch_labels.py
[2023-01-09 17:25:08,106] {processor.py:651} INFO - DAG(s) dict_keys(['example_branch_labels']) retrieved from /home/airflow/.local/lib/python3.7/site-packages/airflow/example_dags/example_branch_labels.py
[2023-01-09 17:25:08,364] {logging_mixin.py:115} INFO - [2023-01-09 17:25:08,364] {dag.py:2420} INFO - Sync 1 DAGs
[2023-01-09 17:25:08,457] {logging_mixin.py:115} INFO - [2023-01-09 17:25:08,456] {dag.py:2972} INFO - Setting next_dagrun for example_branch_labels to 2023-01-08T00:00:00+00:00, run_after=2023-01-09T00:00:00+00:00
[2023-01-09 17:25:08,486] {processor.py:161} INFO - Processing /home/airflow/.local/lib/python3.7/site-packages/airflow/example_dags/example_branch_labels.py took 0.429 seconds
[2023-01-09 17:25:41,213] {processor.py:153} INFO - Started process (PID=737) to work on /home/airflow/.local/lib/python3.7/site-packages/airflow/example_dags/example_branch_labels.py
[2023-01-09 17:25:41,215] {processor.py:641} INFO - Processing file /home/airflow/.local/lib/python3.7/site-packages/airflow/example_dags/example_branch_labels.py for tasks to queue
[2023-01-09 17:25:41,218] {logging_mixin.py:115} INFO - [2023-01-09 17:25:41,217] {dagbag.py:508} INFO - Filling up the DagBag from /home/airflow/.local/lib/python3.7/site-packages/airflow/example_dags/example_branch_labels.py
[2023-01-09 17:25:41,259] {processor.py:651} INFO - DAG(s) dict_keys(['example_branch_labels']) retrieved from /home/airflow/.local/lib/python3.7/site-packages/airflow/example_dags/example_branch_labels.py
[2023-01-09 17:25:41,517] {logging_mixin.py:115} INFO - [2023-01-09 17:25:41,516] {dag.py:2420} INFO - Sync 1 DAGs
[2023-01-09 17:25:41,632] {logging_mixin.py:115} INFO - [2023-01-09 17:25:41,632] {dag.py:2972} INFO - Setting next_dagrun for example_branch_labels to 2023-01-08T00:00:00+00:00, run_after=2023-01-09T00:00:00+00:00
[2023-01-09 17:25:41,678] {processor.py:161} INFO - Processing /home/airflow/.local/lib/python3.7/site-packages/airflow/example_dags/example_branch_labels.py took 0.475 seconds
[2023-01-09 17:26:14,349] {processor.py:153} INFO - Started process (PID=849) to work on /home/airflow/.local/lib/python3.7/site-packages/airflow/example_dags/example_branch_labels.py
[2023-01-09 17:26:14,350] {processor.py:641} INFO - Processing file /home/airflow/.local/lib/python3.7/site-packages/airflow/example_dags/example_branch_labels.py for tasks to queue
[2023-01-09 17:26:14,353] {logging_mixin.py:115} INFO - [2023-01-09 17:26:14,353] {dagbag.py:508} INFO - Filling up the DagBag from /home/airflow/.local/lib/python3.7/site-packages/airflow/example_dags/example_branch_labels.py
[2023-01-09 17:26:14,392] {processor.py:651} INFO - DAG(s) dict_keys(['example_branch_labels']) retrieved from /home/airflow/.local/lib/python3.7/site-packages/airflow/example_dags/example_branch_labels.py
[2023-01-09 17:26:14,624] {logging_mixin.py:115} INFO - [2023-01-09 17:26:14,624] {dag.py:2420} INFO - Sync 1 DAGs
[2023-01-09 17:26:14,717] {logging_mixin.py:115} INFO - [2023-01-09 17:26:14,717] {dag.py:2972} INFO - Setting next_dagrun for example_branch_labels to 2023-01-08T00:00:00+00:00, run_after=2023-01-09T00:00:00+00:00
[2023-01-09 17:26:14,749] {processor.py:161} INFO - Processing /home/airflow/.local/lib/python3.7/site-packages/airflow/example_dags/example_branch_labels.py took 0.409 seconds
[2023-01-09 17:26:48,462] {processor.py:153} INFO - Started process (PID=960) to work on /home/airflow/.local/lib/python3.7/site-packages/airflow/example_dags/example_branch_labels.py
[2023-01-09 17:26:48,464] {processor.py:641} INFO - Processing file /home/airflow/.local/lib/python3.7/site-packages/airflow/example_dags/example_branch_labels.py for tasks to queue
[2023-01-09 17:26:48,466] {logging_mixin.py:115} INFO - [2023-01-09 17:26:48,466] {dagbag.py:508} INFO - Filling up the DagBag from /home/airflow/.local/lib/python3.7/site-packages/airflow/example_dags/example_branch_labels.py
[2023-01-09 17:26:48,506] {processor.py:651} INFO - DAG(s) dict_keys(['example_branch_labels']) retrieved from /home/airflow/.local/lib/python3.7/site-packages/airflow/example_dags/example_branch_labels.py
[2023-01-09 17:26:48,748] {logging_mixin.py:115} INFO - [2023-01-09 17:26:48,747] {dag.py:2420} INFO - Sync 1 DAGs
[2023-01-09 17:26:48,847] {logging_mixin.py:115} INFO - [2023-01-09 17:26:48,847] {dag.py:2972} INFO - Setting next_dagrun for example_branch_labels to 2023-01-08T00:00:00+00:00, run_after=2023-01-09T00:00:00+00:00
[2023-01-09 17:26:48,881] {processor.py:161} INFO - Processing /home/airflow/.local/lib/python3.7/site-packages/airflow/example_dags/example_branch_labels.py took 0.427 seconds
[2023-01-09 17:27:22,021] {processor.py:153} INFO - Started process (PID=1071) to work on /home/airflow/.local/lib/python3.7/site-packages/airflow/example_dags/example_branch_labels.py
[2023-01-09 17:27:22,023] {processor.py:641} INFO - Processing file /home/airflow/.local/lib/python3.7/site-packages/airflow/example_dags/example_branch_labels.py for tasks to queue
[2023-01-09 17:27:22,025] {logging_mixin.py:115} INFO - [2023-01-09 17:27:22,025] {dagbag.py:508} INFO - Filling up the DagBag from /home/airflow/.local/lib/python3.7/site-packages/airflow/example_dags/example_branch_labels.py
[2023-01-09 17:27:22,062] {processor.py:651} INFO - DAG(s) dict_keys(['example_branch_labels']) retrieved from /home/airflow/.local/lib/python3.7/site-packages/airflow/example_dags/example_branch_labels.py
[2023-01-09 17:27:22,306] {logging_mixin.py:115} INFO - [2023-01-09 17:27:22,306] {dag.py:2420} INFO - Sync 1 DAGs
[2023-01-09 17:27:22,407] {logging_mixin.py:115} INFO - [2023-01-09 17:27:22,407] {dag.py:2972} INFO - Setting next_dagrun for example_branch_labels to 2023-01-08T00:00:00+00:00, run_after=2023-01-09T00:00:00+00:00
[2023-01-09 17:27:22,440] {processor.py:161} INFO - Processing /home/airflow/.local/lib/python3.7/site-packages/airflow/example_dags/example_branch_labels.py took 0.427 seconds
[2023-01-09 17:27:55,924] {processor.py:153} INFO - Started process (PID=1198) to work on /home/airflow/.local/lib/python3.7/site-packages/airflow/example_dags/example_branch_labels.py
[2023-01-09 17:27:55,926] {processor.py:641} INFO - Processing file /home/airflow/.local/lib/python3.7/site-packages/airflow/example_dags/example_branch_labels.py for tasks to queue
[2023-01-09 17:27:55,929] {logging_mixin.py:115} INFO - [2023-01-09 17:27:55,928] {dagbag.py:508} INFO - Filling up the DagBag from /home/airflow/.local/lib/python3.7/site-packages/airflow/example_dags/example_branch_labels.py
[2023-01-09 17:27:55,963] {processor.py:651} INFO - DAG(s) dict_keys(['example_branch_labels']) retrieved from /home/airflow/.local/lib/python3.7/site-packages/airflow/example_dags/example_branch_labels.py
[2023-01-09 17:27:56,203] {logging_mixin.py:115} INFO - [2023-01-09 17:27:56,202] {dag.py:2420} INFO - Sync 1 DAGs
[2023-01-09 17:27:56,307] {logging_mixin.py:115} INFO - [2023-01-09 17:27:56,306] {dag.py:2972} INFO - Setting next_dagrun for example_branch_labels to 2023-01-08T00:00:00+00:00, run_after=2023-01-09T00:00:00+00:00
[2023-01-09 17:27:56,343] {processor.py:161} INFO - Processing /home/airflow/.local/lib/python3.7/site-packages/airflow/example_dags/example_branch_labels.py took 0.426 seconds
[2023-01-09 17:28:29,457] {processor.py:153} INFO - Started process (PID=1309) to work on /home/airflow/.local/lib/python3.7/site-packages/airflow/example_dags/example_branch_labels.py
[2023-01-09 17:28:29,459] {processor.py:641} INFO - Processing file /home/airflow/.local/lib/python3.7/site-packages/airflow/example_dags/example_branch_labels.py for tasks to queue
[2023-01-09 17:28:29,462] {logging_mixin.py:115} INFO - [2023-01-09 17:28:29,461] {dagbag.py:508} INFO - Filling up the DagBag from /home/airflow/.local/lib/python3.7/site-packages/airflow/example_dags/example_branch_labels.py
[2023-01-09 17:28:29,492] {processor.py:651} INFO - DAG(s) dict_keys(['example_branch_labels']) retrieved from /home/airflow/.local/lib/python3.7/site-packages/airflow/example_dags/example_branch_labels.py
[2023-01-09 17:28:29,724] {logging_mixin.py:115} INFO - [2023-01-09 17:28:29,723] {dag.py:2420} INFO - Sync 1 DAGs
[2023-01-09 17:28:29,824] {logging_mixin.py:115} INFO - [2023-01-09 17:28:29,824] {dag.py:2972} INFO - Setting next_dagrun for example_branch_labels to 2023-01-08T00:00:00+00:00, run_after=2023-01-09T00:00:00+00:00
[2023-01-09 17:28:29,857] {processor.py:161} INFO - Processing /home/airflow/.local/lib/python3.7/site-packages/airflow/example_dags/example_branch_labels.py took 0.408 seconds
[2023-01-09 17:29:02,730] {processor.py:153} INFO - Started process (PID=1420) to work on /home/airflow/.local/lib/python3.7/site-packages/airflow/example_dags/example_branch_labels.py
[2023-01-09 17:29:02,732] {processor.py:641} INFO - Processing file /home/airflow/.local/lib/python3.7/site-packages/airflow/example_dags/example_branch_labels.py for tasks to queue
[2023-01-09 17:29:02,734] {logging_mixin.py:115} INFO - [2023-01-09 17:29:02,734] {dagbag.py:508} INFO - Filling up the DagBag from /home/airflow/.local/lib/python3.7/site-packages/airflow/example_dags/example_branch_labels.py
[2023-01-09 17:29:02,764] {processor.py:651} INFO - DAG(s) dict_keys(['example_branch_labels']) retrieved from /home/airflow/.local/lib/python3.7/site-packages/airflow/example_dags/example_branch_labels.py
[2023-01-09 17:29:02,991] {logging_mixin.py:115} INFO - [2023-01-09 17:29:02,991] {dag.py:2420} INFO - Sync 1 DAGs
[2023-01-09 17:29:03,087] {logging_mixin.py:115} INFO - [2023-01-09 17:29:03,087] {dag.py:2972} INFO - Setting next_dagrun for example_branch_labels to 2023-01-08T00:00:00+00:00, run_after=2023-01-09T00:00:00+00:00
[2023-01-09 17:29:03,123] {processor.py:161} INFO - Processing /home/airflow/.local/lib/python3.7/site-packages/airflow/example_dags/example_branch_labels.py took 0.401 seconds
[2023-01-09 17:29:35,882] {processor.py:153} INFO - Started process (PID=1531) to work on /home/airflow/.local/lib/python3.7/site-packages/airflow/example_dags/example_branch_labels.py
[2023-01-09 17:29:35,884] {processor.py:641} INFO - Processing file /home/airflow/.local/lib/python3.7/site-packages/airflow/example_dags/example_branch_labels.py for tasks to queue
[2023-01-09 17:29:35,886] {logging_mixin.py:115} INFO - [2023-01-09 17:29:35,886] {dagbag.py:508} INFO - Filling up the DagBag from /home/airflow/.local/lib/python3.7/site-packages/airflow/example_dags/example_branch_labels.py
[2023-01-09 17:29:35,915] {processor.py:651} INFO - DAG(s) dict_keys(['example_branch_labels']) retrieved from /home/airflow/.local/lib/python3.7/site-packages/airflow/example_dags/example_branch_labels.py
[2023-01-09 17:29:36,161] {logging_mixin.py:115} INFO - [2023-01-09 17:29:36,161] {dag.py:2420} INFO - Sync 1 DAGs
[2023-01-09 17:29:36,260] {logging_mixin.py:115} INFO - [2023-01-09 17:29:36,259] {dag.py:2972} INFO - Setting next_dagrun for example_branch_labels to 2023-01-08T00:00:00+00:00, run_after=2023-01-09T00:00:00+00:00
[2023-01-09 17:29:36,291] {processor.py:161} INFO - Processing /home/airflow/.local/lib/python3.7/site-packages/airflow/example_dags/example_branch_labels.py took 0.417 seconds
[2023-01-09 17:30:09,631] {processor.py:153} INFO - Started process (PID=1644) to work on /home/airflow/.local/lib/python3.7/site-packages/airflow/example_dags/example_branch_labels.py
[2023-01-09 17:30:09,633] {processor.py:641} INFO - Processing file /home/airflow/.local/lib/python3.7/site-packages/airflow/example_dags/example_branch_labels.py for tasks to queue
[2023-01-09 17:30:09,635] {logging_mixin.py:115} INFO - [2023-01-09 17:30:09,635] {dagbag.py:508} INFO - Filling up the DagBag from /home/airflow/.local/lib/python3.7/site-packages/airflow/example_dags/example_branch_labels.py
[2023-01-09 17:30:09,663] {processor.py:651} INFO - DAG(s) dict_keys(['example_branch_labels']) retrieved from /home/airflow/.local/lib/python3.7/site-packages/airflow/example_dags/example_branch_labels.py
[2023-01-09 17:30:09,898] {logging_mixin.py:115} INFO - [2023-01-09 17:30:09,898] {dag.py:2420} INFO - Sync 1 DAGs
[2023-01-09 17:30:09,996] {logging_mixin.py:115} INFO - [2023-01-09 17:30:09,996] {dag.py:2972} INFO - Setting next_dagrun for example_branch_labels to 2023-01-08T00:00:00+00:00, run_after=2023-01-09T00:00:00+00:00
[2023-01-09 17:30:10,030] {processor.py:161} INFO - Processing /home/airflow/.local/lib/python3.7/site-packages/airflow/example_dags/example_branch_labels.py took 0.406 seconds
[2023-01-09 17:30:42,741] {processor.py:153} INFO - Started process (PID=1756) to work on /home/airflow/.local/lib/python3.7/site-packages/airflow/example_dags/example_branch_labels.py
[2023-01-09 17:30:42,743] {processor.py:641} INFO - Processing file /home/airflow/.local/lib/python3.7/site-packages/airflow/example_dags/example_branch_labels.py for tasks to queue
[2023-01-09 17:30:42,745] {logging_mixin.py:115} INFO - [2023-01-09 17:30:42,745] {dagbag.py:508} INFO - Filling up the DagBag from /home/airflow/.local/lib/python3.7/site-packages/airflow/example_dags/example_branch_labels.py
[2023-01-09 17:30:42,779] {processor.py:651} INFO - DAG(s) dict_keys(['example_branch_labels']) retrieved from /home/airflow/.local/lib/python3.7/site-packages/airflow/example_dags/example_branch_labels.py
[2023-01-09 17:30:43,085] {logging_mixin.py:115} INFO - [2023-01-09 17:30:43,084] {dag.py:2420} INFO - Sync 1 DAGs
[2023-01-09 17:30:43,196] {logging_mixin.py:115} INFO - [2023-01-09 17:30:43,195] {dag.py:2972} INFO - Setting next_dagrun for example_branch_labels to 2023-01-08T00:00:00+00:00, run_after=2023-01-09T00:00:00+00:00
[2023-01-09 17:30:43,249] {processor.py:161} INFO - Processing /home/airflow/.local/lib/python3.7/site-packages/airflow/example_dags/example_branch_labels.py took 0.516 seconds
[2023-01-09 17:31:15,994] {processor.py:153} INFO - Started process (PID=1883) to work on /home/airflow/.local/lib/python3.7/site-packages/airflow/example_dags/example_branch_labels.py
[2023-01-09 17:31:15,996] {processor.py:641} INFO - Processing file /home/airflow/.local/lib/python3.7/site-packages/airflow/example_dags/example_branch_labels.py for tasks to queue
[2023-01-09 17:31:15,998] {logging_mixin.py:115} INFO - [2023-01-09 17:31:15,997] {dagbag.py:508} INFO - Filling up the DagBag from /home/airflow/.local/lib/python3.7/site-packages/airflow/example_dags/example_branch_labels.py
[2023-01-09 17:31:16,027] {processor.py:651} INFO - DAG(s) dict_keys(['example_branch_labels']) retrieved from /home/airflow/.local/lib/python3.7/site-packages/airflow/example_dags/example_branch_labels.py
[2023-01-09 17:31:16,266] {logging_mixin.py:115} INFO - [2023-01-09 17:31:16,265] {dag.py:2420} INFO - Sync 1 DAGs
[2023-01-09 17:31:16,369] {logging_mixin.py:115} INFO - [2023-01-09 17:31:16,368] {dag.py:2972} INFO - Setting next_dagrun for example_branch_labels to 2023-01-08T00:00:00+00:00, run_after=2023-01-09T00:00:00+00:00
[2023-01-09 17:31:16,401] {processor.py:161} INFO - Processing /home/airflow/.local/lib/python3.7/site-packages/airflow/example_dags/example_branch_labels.py took 0.415 seconds
[2023-01-09 17:31:49,151] {processor.py:153} INFO - Started process (PID=1995) to work on /home/airflow/.local/lib/python3.7/site-packages/airflow/example_dags/example_branch_labels.py
[2023-01-09 17:31:49,153] {processor.py:641} INFO - Processing file /home/airflow/.local/lib/python3.7/site-packages/airflow/example_dags/example_branch_labels.py for tasks to queue
[2023-01-09 17:31:49,155] {logging_mixin.py:115} INFO - [2023-01-09 17:31:49,155] {dagbag.py:508} INFO - Filling up the DagBag from /home/airflow/.local/lib/python3.7/site-packages/airflow/example_dags/example_branch_labels.py
[2023-01-09 17:31:49,185] {processor.py:651} INFO - DAG(s) dict_keys(['example_branch_labels']) retrieved from /home/airflow/.local/lib/python3.7/site-packages/airflow/example_dags/example_branch_labels.py
[2023-01-09 17:31:49,435] {logging_mixin.py:115} INFO - [2023-01-09 17:31:49,435] {dag.py:2420} INFO - Sync 1 DAGs
[2023-01-09 17:31:49,532] {logging_mixin.py:115} INFO - [2023-01-09 17:31:49,532] {dag.py:2972} INFO - Setting next_dagrun for example_branch_labels to 2023-01-08T00:00:00+00:00, run_after=2023-01-09T00:00:00+00:00
[2023-01-09 17:31:49,564] {processor.py:161} INFO - Processing /home/airflow/.local/lib/python3.7/site-packages/airflow/example_dags/example_branch_labels.py took 0.421 seconds
[2023-01-09 17:32:21,372] {processor.py:153} INFO - Started process (PID=2106) to work on /home/airflow/.local/lib/python3.7/site-packages/airflow/example_dags/example_branch_labels.py
[2023-01-09 17:32:21,374] {processor.py:641} INFO - Processing file /home/airflow/.local/lib/python3.7/site-packages/airflow/example_dags/example_branch_labels.py for tasks to queue
[2023-01-09 17:32:21,377] {logging_mixin.py:115} INFO - [2023-01-09 17:32:21,376] {dagbag.py:508} INFO - Filling up the DagBag from /home/airflow/.local/lib/python3.7/site-packages/airflow/example_dags/example_branch_labels.py
[2023-01-09 17:32:21,420] {processor.py:651} INFO - DAG(s) dict_keys(['example_branch_labels']) retrieved from /home/airflow/.local/lib/python3.7/site-packages/airflow/example_dags/example_branch_labels.py
[2023-01-09 17:32:21,712] {logging_mixin.py:115} INFO - [2023-01-09 17:32:21,712] {dag.py:2420} INFO - Sync 1 DAGs
[2023-01-09 17:32:21,815] {logging_mixin.py:115} INFO - [2023-01-09 17:32:21,815] {dag.py:2972} INFO - Setting next_dagrun for example_branch_labels to 2023-01-08T00:00:00+00:00, run_after=2023-01-09T00:00:00+00:00
[2023-01-09 17:32:21,849] {processor.py:161} INFO - Processing /home/airflow/.local/lib/python3.7/site-packages/airflow/example_dags/example_branch_labels.py took 0.487 seconds
[2023-01-09 17:32:52,050] {processor.py:153} INFO - Started process (PID=2214) to work on /home/airflow/.local/lib/python3.7/site-packages/airflow/example_dags/example_branch_labels.py
[2023-01-09 17:32:52,051] {processor.py:641} INFO - Processing file /home/airflow/.local/lib/python3.7/site-packages/airflow/example_dags/example_branch_labels.py for tasks to queue
[2023-01-09 17:32:52,054] {logging_mixin.py:115} INFO - [2023-01-09 17:32:52,054] {dagbag.py:508} INFO - Filling up the DagBag from /home/airflow/.local/lib/python3.7/site-packages/airflow/example_dags/example_branch_labels.py
[2023-01-09 17:32:52,087] {processor.py:651} INFO - DAG(s) dict_keys(['example_branch_labels']) retrieved from /home/airflow/.local/lib/python3.7/site-packages/airflow/example_dags/example_branch_labels.py
[2023-01-09 17:32:52,171] {logging_mixin.py:115} INFO - [2023-01-09 17:32:52,170] {dag.py:2420} INFO - Sync 1 DAGs
[2023-01-09 17:32:52,283] {logging_mixin.py:115} INFO - [2023-01-09 17:32:52,282] {dag.py:2972} INFO - Setting next_dagrun for example_branch_labels to 2023-01-08T00:00:00+00:00, run_after=2023-01-09T00:00:00+00:00
[2023-01-09 17:32:52,320] {processor.py:161} INFO - Processing /home/airflow/.local/lib/python3.7/site-packages/airflow/example_dags/example_branch_labels.py took 0.279 seconds
[2023-01-09 17:33:22,556] {processor.py:153} INFO - Started process (PID=2322) to work on /home/airflow/.local/lib/python3.7/site-packages/airflow/example_dags/example_branch_labels.py
[2023-01-09 17:33:22,559] {processor.py:641} INFO - Processing file /home/airflow/.local/lib/python3.7/site-packages/airflow/example_dags/example_branch_labels.py for tasks to queue
[2023-01-09 17:33:22,562] {logging_mixin.py:115} INFO - [2023-01-09 17:33:22,561] {dagbag.py:508} INFO - Filling up the DagBag from /home/airflow/.local/lib/python3.7/site-packages/airflow/example_dags/example_branch_labels.py
[2023-01-09 17:33:22,597] {processor.py:651} INFO - DAG(s) dict_keys(['example_branch_labels']) retrieved from /home/airflow/.local/lib/python3.7/site-packages/airflow/example_dags/example_branch_labels.py
[2023-01-09 17:33:22,692] {logging_mixin.py:115} INFO - [2023-01-09 17:33:22,692] {dag.py:2420} INFO - Sync 1 DAGs
[2023-01-09 17:33:22,807] {logging_mixin.py:115} INFO - [2023-01-09 17:33:22,806] {dag.py:2972} INFO - Setting next_dagrun for example_branch_labels to 2023-01-08T00:00:00+00:00, run_after=2023-01-09T00:00:00+00:00
[2023-01-09 17:33:22,842] {processor.py:161} INFO - Processing /home/airflow/.local/lib/python3.7/site-packages/airflow/example_dags/example_branch_labels.py took 0.297 seconds
[2023-01-09 17:33:53,579] {processor.py:153} INFO - Started process (PID=2433) to work on /home/airflow/.local/lib/python3.7/site-packages/airflow/example_dags/example_branch_labels.py
[2023-01-09 17:33:53,582] {processor.py:641} INFO - Processing file /home/airflow/.local/lib/python3.7/site-packages/airflow/example_dags/example_branch_labels.py for tasks to queue
[2023-01-09 17:33:53,585] {logging_mixin.py:115} INFO - [2023-01-09 17:33:53,584] {dagbag.py:508} INFO - Filling up the DagBag from /home/airflow/.local/lib/python3.7/site-packages/airflow/example_dags/example_branch_labels.py
[2023-01-09 17:33:53,617] {processor.py:651} INFO - DAG(s) dict_keys(['example_branch_labels']) retrieved from /home/airflow/.local/lib/python3.7/site-packages/airflow/example_dags/example_branch_labels.py
[2023-01-09 17:33:53,711] {logging_mixin.py:115} INFO - [2023-01-09 17:33:53,710] {dag.py:2420} INFO - Sync 1 DAGs
[2023-01-09 17:33:53,828] {logging_mixin.py:115} INFO - [2023-01-09 17:33:53,827] {dag.py:2972} INFO - Setting next_dagrun for example_branch_labels to 2023-01-08T00:00:00+00:00, run_after=2023-01-09T00:00:00+00:00
[2023-01-09 17:33:53,862] {processor.py:161} INFO - Processing /home/airflow/.local/lib/python3.7/site-packages/airflow/example_dags/example_branch_labels.py took 0.292 seconds
[2023-01-09 17:34:24,153] {processor.py:153} INFO - Started process (PID=2545) to work on /home/airflow/.local/lib/python3.7/site-packages/airflow/example_dags/example_branch_labels.py
[2023-01-09 17:34:24,156] {processor.py:641} INFO - Processing file /home/airflow/.local/lib/python3.7/site-packages/airflow/example_dags/example_branch_labels.py for tasks to queue
[2023-01-09 17:34:24,162] {logging_mixin.py:115} INFO - [2023-01-09 17:34:24,161] {dagbag.py:508} INFO - Filling up the DagBag from /home/airflow/.local/lib/python3.7/site-packages/airflow/example_dags/example_branch_labels.py
[2023-01-09 17:34:24,209] {processor.py:651} INFO - DAG(s) dict_keys(['example_branch_labels']) retrieved from /home/airflow/.local/lib/python3.7/site-packages/airflow/example_dags/example_branch_labels.py
[2023-01-09 17:34:24,316] {logging_mixin.py:115} INFO - [2023-01-09 17:34:24,316] {dag.py:2420} INFO - Sync 1 DAGs
[2023-01-09 17:34:24,461] {logging_mixin.py:115} INFO - [2023-01-09 17:34:24,460] {dag.py:2972} INFO - Setting next_dagrun for example_branch_labels to 2023-01-08T00:00:00+00:00, run_after=2023-01-09T00:00:00+00:00
[2023-01-09 17:34:24,495] {processor.py:161} INFO - Processing /home/airflow/.local/lib/python3.7/site-packages/airflow/example_dags/example_branch_labels.py took 0.352 seconds
