[2023-01-09 17:22:56,612] {processor.py:153} INFO - Started process (PID=187) to work on /home/airflow/.local/lib/python3.7/site-packages/airflow/example_dags/tutorial_taskflow_api_etl_virtualenv.py
[2023-01-09 17:22:56,614] {processor.py:641} INFO - Processing file /home/airflow/.local/lib/python3.7/site-packages/airflow/example_dags/tutorial_taskflow_api_etl_virtualenv.py for tasks to queue
[2023-01-09 17:22:56,618] {logging_mixin.py:115} INFO - [2023-01-09 17:22:56,617] {dagbag.py:508} INFO - Filling up the DagBag from /home/airflow/.local/lib/python3.7/site-packages/airflow/example_dags/tutorial_taskflow_api_etl_virtualenv.py
[2023-01-09 17:22:56,946] {processor.py:651} INFO - DAG(s) dict_keys(['tutorial_taskflow_api_etl_virtualenv']) retrieved from /home/airflow/.local/lib/python3.7/site-packages/airflow/example_dags/tutorial_taskflow_api_etl_virtualenv.py
[2023-01-09 17:22:57,254] {logging_mixin.py:115} INFO - [2023-01-09 17:22:57,254] {dag.py:2420} INFO - Sync 1 DAGs
[2023-01-09 17:22:57,377] {logging_mixin.py:115} INFO - [2023-01-09 17:22:57,377] {dag.py:2972} INFO - Setting next_dagrun for tutorial_taskflow_api_etl_virtualenv to None, run_after=None
[2023-01-09 17:22:57,440] {processor.py:161} INFO - Processing /home/airflow/.local/lib/python3.7/site-packages/airflow/example_dags/tutorial_taskflow_api_etl_virtualenv.py took 0.840 seconds
[2023-01-09 17:23:28,251] {processor.py:153} INFO - Started process (PID=298) to work on /home/airflow/.local/lib/python3.7/site-packages/airflow/example_dags/tutorial_taskflow_api_etl_virtualenv.py
[2023-01-09 17:23:28,253] {processor.py:641} INFO - Processing file /home/airflow/.local/lib/python3.7/site-packages/airflow/example_dags/tutorial_taskflow_api_etl_virtualenv.py for tasks to queue
[2023-01-09 17:23:28,255] {logging_mixin.py:115} INFO - [2023-01-09 17:23:28,255] {dagbag.py:508} INFO - Filling up the DagBag from /home/airflow/.local/lib/python3.7/site-packages/airflow/example_dags/tutorial_taskflow_api_etl_virtualenv.py
[2023-01-09 17:23:28,517] {processor.py:651} INFO - DAG(s) dict_keys(['tutorial_taskflow_api_etl_virtualenv']) retrieved from /home/airflow/.local/lib/python3.7/site-packages/airflow/example_dags/tutorial_taskflow_api_etl_virtualenv.py
[2023-01-09 17:23:28,846] {logging_mixin.py:115} INFO - [2023-01-09 17:23:28,846] {dag.py:2420} INFO - Sync 1 DAGs
[2023-01-09 17:23:28,936] {logging_mixin.py:115} INFO - [2023-01-09 17:23:28,936] {dag.py:2972} INFO - Setting next_dagrun for tutorial_taskflow_api_etl_virtualenv to None, run_after=None
[2023-01-09 17:23:28,981] {processor.py:161} INFO - Processing /home/airflow/.local/lib/python3.7/site-packages/airflow/example_dags/tutorial_taskflow_api_etl_virtualenv.py took 0.737 seconds
[2023-01-09 17:24:01,086] {processor.py:153} INFO - Started process (PID=409) to work on /home/airflow/.local/lib/python3.7/site-packages/airflow/example_dags/tutorial_taskflow_api_etl_virtualenv.py
[2023-01-09 17:24:01,087] {processor.py:641} INFO - Processing file /home/airflow/.local/lib/python3.7/site-packages/airflow/example_dags/tutorial_taskflow_api_etl_virtualenv.py for tasks to queue
[2023-01-09 17:24:01,089] {logging_mixin.py:115} INFO - [2023-01-09 17:24:01,089] {dagbag.py:508} INFO - Filling up the DagBag from /home/airflow/.local/lib/python3.7/site-packages/airflow/example_dags/tutorial_taskflow_api_etl_virtualenv.py
[2023-01-09 17:24:01,312] {processor.py:651} INFO - DAG(s) dict_keys(['tutorial_taskflow_api_etl_virtualenv']) retrieved from /home/airflow/.local/lib/python3.7/site-packages/airflow/example_dags/tutorial_taskflow_api_etl_virtualenv.py
[2023-01-09 17:24:01,598] {logging_mixin.py:115} INFO - [2023-01-09 17:24:01,598] {dag.py:2420} INFO - Sync 1 DAGs
[2023-01-09 17:24:01,701] {logging_mixin.py:115} INFO - [2023-01-09 17:24:01,700] {dag.py:2972} INFO - Setting next_dagrun for tutorial_taskflow_api_etl_virtualenv to None, run_after=None
[2023-01-09 17:24:01,762] {processor.py:161} INFO - Processing /home/airflow/.local/lib/python3.7/site-packages/airflow/example_dags/tutorial_taskflow_api_etl_virtualenv.py took 0.685 seconds
[2023-01-09 17:24:35,028] {processor.py:153} INFO - Started process (PID=520) to work on /home/airflow/.local/lib/python3.7/site-packages/airflow/example_dags/tutorial_taskflow_api_etl_virtualenv.py
[2023-01-09 17:24:35,029] {processor.py:641} INFO - Processing file /home/airflow/.local/lib/python3.7/site-packages/airflow/example_dags/tutorial_taskflow_api_etl_virtualenv.py for tasks to queue
[2023-01-09 17:24:35,031] {logging_mixin.py:115} INFO - [2023-01-09 17:24:35,031] {dagbag.py:508} INFO - Filling up the DagBag from /home/airflow/.local/lib/python3.7/site-packages/airflow/example_dags/tutorial_taskflow_api_etl_virtualenv.py
[2023-01-09 17:24:35,260] {processor.py:651} INFO - DAG(s) dict_keys(['tutorial_taskflow_api_etl_virtualenv']) retrieved from /home/airflow/.local/lib/python3.7/site-packages/airflow/example_dags/tutorial_taskflow_api_etl_virtualenv.py
[2023-01-09 17:24:35,525] {logging_mixin.py:115} INFO - [2023-01-09 17:24:35,525] {dag.py:2420} INFO - Sync 1 DAGs
[2023-01-09 17:24:35,623] {logging_mixin.py:115} INFO - [2023-01-09 17:24:35,622] {dag.py:2972} INFO - Setting next_dagrun for tutorial_taskflow_api_etl_virtualenv to None, run_after=None
[2023-01-09 17:24:35,679] {processor.py:161} INFO - Processing /home/airflow/.local/lib/python3.7/site-packages/airflow/example_dags/tutorial_taskflow_api_etl_virtualenv.py took 0.659 seconds
[2023-01-09 17:25:08,850] {processor.py:153} INFO - Started process (PID=631) to work on /home/airflow/.local/lib/python3.7/site-packages/airflow/example_dags/tutorial_taskflow_api_etl_virtualenv.py
[2023-01-09 17:25:08,857] {processor.py:641} INFO - Processing file /home/airflow/.local/lib/python3.7/site-packages/airflow/example_dags/tutorial_taskflow_api_etl_virtualenv.py for tasks to queue
[2023-01-09 17:25:08,860] {logging_mixin.py:115} INFO - [2023-01-09 17:25:08,859] {dagbag.py:508} INFO - Filling up the DagBag from /home/airflow/.local/lib/python3.7/site-packages/airflow/example_dags/tutorial_taskflow_api_etl_virtualenv.py
[2023-01-09 17:25:09,108] {processor.py:651} INFO - DAG(s) dict_keys(['tutorial_taskflow_api_etl_virtualenv']) retrieved from /home/airflow/.local/lib/python3.7/site-packages/airflow/example_dags/tutorial_taskflow_api_etl_virtualenv.py
[2023-01-09 17:25:09,410] {logging_mixin.py:115} INFO - [2023-01-09 17:25:09,409] {dag.py:2420} INFO - Sync 1 DAGs
[2023-01-09 17:25:09,496] {logging_mixin.py:115} INFO - [2023-01-09 17:25:09,495] {dag.py:2972} INFO - Setting next_dagrun for tutorial_taskflow_api_etl_virtualenv to None, run_after=None
[2023-01-09 17:25:09,540] {processor.py:161} INFO - Processing /home/airflow/.local/lib/python3.7/site-packages/airflow/example_dags/tutorial_taskflow_api_etl_virtualenv.py took 0.698 seconds
[2023-01-09 17:25:42,609] {processor.py:153} INFO - Started process (PID=743) to work on /home/airflow/.local/lib/python3.7/site-packages/airflow/example_dags/tutorial_taskflow_api_etl_virtualenv.py
[2023-01-09 17:25:42,612] {processor.py:641} INFO - Processing file /home/airflow/.local/lib/python3.7/site-packages/airflow/example_dags/tutorial_taskflow_api_etl_virtualenv.py for tasks to queue
[2023-01-09 17:25:42,614] {logging_mixin.py:115} INFO - [2023-01-09 17:25:42,614] {dagbag.py:508} INFO - Filling up the DagBag from /home/airflow/.local/lib/python3.7/site-packages/airflow/example_dags/tutorial_taskflow_api_etl_virtualenv.py
[2023-01-09 17:25:42,916] {processor.py:651} INFO - DAG(s) dict_keys(['tutorial_taskflow_api_etl_virtualenv']) retrieved from /home/airflow/.local/lib/python3.7/site-packages/airflow/example_dags/tutorial_taskflow_api_etl_virtualenv.py
[2023-01-09 17:25:42,997] {logging_mixin.py:115} INFO - [2023-01-09 17:25:42,997] {dag.py:2420} INFO - Sync 1 DAGs
[2023-01-09 17:25:43,100] {logging_mixin.py:115} INFO - [2023-01-09 17:25:43,100] {dag.py:2972} INFO - Setting next_dagrun for tutorial_taskflow_api_etl_virtualenv to None, run_after=None
[2023-01-09 17:25:43,146] {processor.py:161} INFO - Processing /home/airflow/.local/lib/python3.7/site-packages/airflow/example_dags/tutorial_taskflow_api_etl_virtualenv.py took 0.546 seconds
[2023-01-09 17:26:15,325] {processor.py:153} INFO - Started process (PID=855) to work on /home/airflow/.local/lib/python3.7/site-packages/airflow/example_dags/tutorial_taskflow_api_etl_virtualenv.py
[2023-01-09 17:26:15,326] {processor.py:641} INFO - Processing file /home/airflow/.local/lib/python3.7/site-packages/airflow/example_dags/tutorial_taskflow_api_etl_virtualenv.py for tasks to queue
[2023-01-09 17:26:15,328] {logging_mixin.py:115} INFO - [2023-01-09 17:26:15,328] {dagbag.py:508} INFO - Filling up the DagBag from /home/airflow/.local/lib/python3.7/site-packages/airflow/example_dags/tutorial_taskflow_api_etl_virtualenv.py
[2023-01-09 17:26:15,558] {processor.py:651} INFO - DAG(s) dict_keys(['tutorial_taskflow_api_etl_virtualenv']) retrieved from /home/airflow/.local/lib/python3.7/site-packages/airflow/example_dags/tutorial_taskflow_api_etl_virtualenv.py
[2023-01-09 17:26:15,625] {logging_mixin.py:115} INFO - [2023-01-09 17:26:15,625] {dag.py:2420} INFO - Sync 1 DAGs
[2023-01-09 17:26:15,708] {logging_mixin.py:115} INFO - [2023-01-09 17:26:15,707] {dag.py:2972} INFO - Setting next_dagrun for tutorial_taskflow_api_etl_virtualenv to None, run_after=None
[2023-01-09 17:26:15,739] {processor.py:161} INFO - Processing /home/airflow/.local/lib/python3.7/site-packages/airflow/example_dags/tutorial_taskflow_api_etl_virtualenv.py took 0.422 seconds
[2023-01-09 17:26:49,492] {processor.py:153} INFO - Started process (PID=966) to work on /home/airflow/.local/lib/python3.7/site-packages/airflow/example_dags/tutorial_taskflow_api_etl_virtualenv.py
[2023-01-09 17:26:49,493] {processor.py:641} INFO - Processing file /home/airflow/.local/lib/python3.7/site-packages/airflow/example_dags/tutorial_taskflow_api_etl_virtualenv.py for tasks to queue
[2023-01-09 17:26:49,495] {logging_mixin.py:115} INFO - [2023-01-09 17:26:49,495] {dagbag.py:508} INFO - Filling up the DagBag from /home/airflow/.local/lib/python3.7/site-packages/airflow/example_dags/tutorial_taskflow_api_etl_virtualenv.py
[2023-01-09 17:26:49,730] {processor.py:651} INFO - DAG(s) dict_keys(['tutorial_taskflow_api_etl_virtualenv']) retrieved from /home/airflow/.local/lib/python3.7/site-packages/airflow/example_dags/tutorial_taskflow_api_etl_virtualenv.py
[2023-01-09 17:26:49,795] {logging_mixin.py:115} INFO - [2023-01-09 17:26:49,795] {dag.py:2420} INFO - Sync 1 DAGs
[2023-01-09 17:26:49,876] {logging_mixin.py:115} INFO - [2023-01-09 17:26:49,875] {dag.py:2972} INFO - Setting next_dagrun for tutorial_taskflow_api_etl_virtualenv to None, run_after=None
[2023-01-09 17:26:49,907] {processor.py:161} INFO - Processing /home/airflow/.local/lib/python3.7/site-packages/airflow/example_dags/tutorial_taskflow_api_etl_virtualenv.py took 0.423 seconds
[2023-01-09 17:27:22,635] {processor.py:153} INFO - Started process (PID=1077) to work on /home/airflow/.local/lib/python3.7/site-packages/airflow/example_dags/tutorial_taskflow_api_etl_virtualenv.py
[2023-01-09 17:27:22,638] {processor.py:641} INFO - Processing file /home/airflow/.local/lib/python3.7/site-packages/airflow/example_dags/tutorial_taskflow_api_etl_virtualenv.py for tasks to queue
[2023-01-09 17:27:22,640] {logging_mixin.py:115} INFO - [2023-01-09 17:27:22,640] {dagbag.py:508} INFO - Filling up the DagBag from /home/airflow/.local/lib/python3.7/site-packages/airflow/example_dags/tutorial_taskflow_api_etl_virtualenv.py
[2023-01-09 17:27:22,888] {processor.py:651} INFO - DAG(s) dict_keys(['tutorial_taskflow_api_etl_virtualenv']) retrieved from /home/airflow/.local/lib/python3.7/site-packages/airflow/example_dags/tutorial_taskflow_api_etl_virtualenv.py
[2023-01-09 17:27:22,959] {logging_mixin.py:115} INFO - [2023-01-09 17:27:22,958] {dag.py:2420} INFO - Sync 1 DAGs
[2023-01-09 17:27:23,059] {logging_mixin.py:115} INFO - [2023-01-09 17:27:23,059] {dag.py:2972} INFO - Setting next_dagrun for tutorial_taskflow_api_etl_virtualenv to None, run_after=None
[2023-01-09 17:27:23,094] {processor.py:161} INFO - Processing /home/airflow/.local/lib/python3.7/site-packages/airflow/example_dags/tutorial_taskflow_api_etl_virtualenv.py took 0.470 seconds
[2023-01-09 17:27:56,704] {processor.py:153} INFO - Started process (PID=1204) to work on /home/airflow/.local/lib/python3.7/site-packages/airflow/example_dags/tutorial_taskflow_api_etl_virtualenv.py
[2023-01-09 17:27:56,706] {processor.py:641} INFO - Processing file /home/airflow/.local/lib/python3.7/site-packages/airflow/example_dags/tutorial_taskflow_api_etl_virtualenv.py for tasks to queue
[2023-01-09 17:27:56,709] {logging_mixin.py:115} INFO - [2023-01-09 17:27:56,708] {dagbag.py:508} INFO - Filling up the DagBag from /home/airflow/.local/lib/python3.7/site-packages/airflow/example_dags/tutorial_taskflow_api_etl_virtualenv.py
[2023-01-09 17:27:56,949] {processor.py:651} INFO - DAG(s) dict_keys(['tutorial_taskflow_api_etl_virtualenv']) retrieved from /home/airflow/.local/lib/python3.7/site-packages/airflow/example_dags/tutorial_taskflow_api_etl_virtualenv.py
[2023-01-09 17:27:57,234] {logging_mixin.py:115} INFO - [2023-01-09 17:27:57,233] {dag.py:2420} INFO - Sync 1 DAGs
[2023-01-09 17:27:57,326] {logging_mixin.py:115} INFO - [2023-01-09 17:27:57,326] {dag.py:2972} INFO - Setting next_dagrun for tutorial_taskflow_api_etl_virtualenv to None, run_after=None
[2023-01-09 17:27:57,370] {processor.py:161} INFO - Processing /home/airflow/.local/lib/python3.7/site-packages/airflow/example_dags/tutorial_taskflow_api_etl_virtualenv.py took 0.677 seconds
[2023-01-09 17:28:30,453] {processor.py:153} INFO - Started process (PID=1315) to work on /home/airflow/.local/lib/python3.7/site-packages/airflow/example_dags/tutorial_taskflow_api_etl_virtualenv.py
[2023-01-09 17:28:30,454] {processor.py:641} INFO - Processing file /home/airflow/.local/lib/python3.7/site-packages/airflow/example_dags/tutorial_taskflow_api_etl_virtualenv.py for tasks to queue
[2023-01-09 17:28:30,456] {logging_mixin.py:115} INFO - [2023-01-09 17:28:30,456] {dagbag.py:508} INFO - Filling up the DagBag from /home/airflow/.local/lib/python3.7/site-packages/airflow/example_dags/tutorial_taskflow_api_etl_virtualenv.py
[2023-01-09 17:28:30,693] {processor.py:651} INFO - DAG(s) dict_keys(['tutorial_taskflow_api_etl_virtualenv']) retrieved from /home/airflow/.local/lib/python3.7/site-packages/airflow/example_dags/tutorial_taskflow_api_etl_virtualenv.py
[2023-01-09 17:28:30,950] {logging_mixin.py:115} INFO - [2023-01-09 17:28:30,949] {dag.py:2420} INFO - Sync 1 DAGs
[2023-01-09 17:28:31,037] {logging_mixin.py:115} INFO - [2023-01-09 17:28:31,036] {dag.py:2972} INFO - Setting next_dagrun for tutorial_taskflow_api_etl_virtualenv to None, run_after=None
[2023-01-09 17:28:31,080] {processor.py:161} INFO - Processing /home/airflow/.local/lib/python3.7/site-packages/airflow/example_dags/tutorial_taskflow_api_etl_virtualenv.py took 0.635 seconds
[2023-01-09 17:29:03,770] {processor.py:153} INFO - Started process (PID=1426) to work on /home/airflow/.local/lib/python3.7/site-packages/airflow/example_dags/tutorial_taskflow_api_etl_virtualenv.py
[2023-01-09 17:29:03,771] {processor.py:641} INFO - Processing file /home/airflow/.local/lib/python3.7/site-packages/airflow/example_dags/tutorial_taskflow_api_etl_virtualenv.py for tasks to queue
[2023-01-09 17:29:03,773] {logging_mixin.py:115} INFO - [2023-01-09 17:29:03,773] {dagbag.py:508} INFO - Filling up the DagBag from /home/airflow/.local/lib/python3.7/site-packages/airflow/example_dags/tutorial_taskflow_api_etl_virtualenv.py
[2023-01-09 17:29:04,010] {processor.py:651} INFO - DAG(s) dict_keys(['tutorial_taskflow_api_etl_virtualenv']) retrieved from /home/airflow/.local/lib/python3.7/site-packages/airflow/example_dags/tutorial_taskflow_api_etl_virtualenv.py
[2023-01-09 17:29:04,276] {logging_mixin.py:115} INFO - [2023-01-09 17:29:04,275] {dag.py:2420} INFO - Sync 1 DAGs
[2023-01-09 17:29:04,363] {logging_mixin.py:115} INFO - [2023-01-09 17:29:04,362] {dag.py:2972} INFO - Setting next_dagrun for tutorial_taskflow_api_etl_virtualenv to None, run_after=None
[2023-01-09 17:29:04,407] {processor.py:161} INFO - Processing /home/airflow/.local/lib/python3.7/site-packages/airflow/example_dags/tutorial_taskflow_api_etl_virtualenv.py took 0.644 seconds
[2023-01-09 17:29:36,830] {processor.py:153} INFO - Started process (PID=1537) to work on /home/airflow/.local/lib/python3.7/site-packages/airflow/example_dags/tutorial_taskflow_api_etl_virtualenv.py
[2023-01-09 17:29:36,833] {processor.py:641} INFO - Processing file /home/airflow/.local/lib/python3.7/site-packages/airflow/example_dags/tutorial_taskflow_api_etl_virtualenv.py for tasks to queue
[2023-01-09 17:29:36,835] {logging_mixin.py:115} INFO - [2023-01-09 17:29:36,834] {dagbag.py:508} INFO - Filling up the DagBag from /home/airflow/.local/lib/python3.7/site-packages/airflow/example_dags/tutorial_taskflow_api_etl_virtualenv.py
[2023-01-09 17:29:37,070] {processor.py:651} INFO - DAG(s) dict_keys(['tutorial_taskflow_api_etl_virtualenv']) retrieved from /home/airflow/.local/lib/python3.7/site-packages/airflow/example_dags/tutorial_taskflow_api_etl_virtualenv.py
[2023-01-09 17:29:37,328] {logging_mixin.py:115} INFO - [2023-01-09 17:29:37,328] {dag.py:2420} INFO - Sync 1 DAGs
[2023-01-09 17:29:37,418] {logging_mixin.py:115} INFO - [2023-01-09 17:29:37,417] {dag.py:2972} INFO - Setting next_dagrun for tutorial_taskflow_api_etl_virtualenv to None, run_after=None
[2023-01-09 17:29:37,466] {processor.py:161} INFO - Processing /home/airflow/.local/lib/python3.7/site-packages/airflow/example_dags/tutorial_taskflow_api_etl_virtualenv.py took 0.644 seconds
[2023-01-09 17:30:10,587] {processor.py:153} INFO - Started process (PID=1650) to work on /home/airflow/.local/lib/python3.7/site-packages/airflow/example_dags/tutorial_taskflow_api_etl_virtualenv.py
[2023-01-09 17:30:10,589] {processor.py:641} INFO - Processing file /home/airflow/.local/lib/python3.7/site-packages/airflow/example_dags/tutorial_taskflow_api_etl_virtualenv.py for tasks to queue
[2023-01-09 17:30:10,591] {logging_mixin.py:115} INFO - [2023-01-09 17:30:10,591] {dagbag.py:508} INFO - Filling up the DagBag from /home/airflow/.local/lib/python3.7/site-packages/airflow/example_dags/tutorial_taskflow_api_etl_virtualenv.py
[2023-01-09 17:30:10,834] {processor.py:651} INFO - DAG(s) dict_keys(['tutorial_taskflow_api_etl_virtualenv']) retrieved from /home/airflow/.local/lib/python3.7/site-packages/airflow/example_dags/tutorial_taskflow_api_etl_virtualenv.py
[2023-01-09 17:30:11,113] {logging_mixin.py:115} INFO - [2023-01-09 17:30:11,112] {dag.py:2420} INFO - Sync 1 DAGs
[2023-01-09 17:30:11,206] {logging_mixin.py:115} INFO - [2023-01-09 17:30:11,205] {dag.py:2972} INFO - Setting next_dagrun for tutorial_taskflow_api_etl_virtualenv to None, run_after=None
[2023-01-09 17:30:11,260] {processor.py:161} INFO - Processing /home/airflow/.local/lib/python3.7/site-packages/airflow/example_dags/tutorial_taskflow_api_etl_virtualenv.py took 0.680 seconds
[2023-01-09 17:30:44,123] {processor.py:153} INFO - Started process (PID=1772) to work on /home/airflow/.local/lib/python3.7/site-packages/airflow/example_dags/tutorial_taskflow_api_etl_virtualenv.py
[2023-01-09 17:30:44,124] {processor.py:641} INFO - Processing file /home/airflow/.local/lib/python3.7/site-packages/airflow/example_dags/tutorial_taskflow_api_etl_virtualenv.py for tasks to queue
[2023-01-09 17:30:44,127] {logging_mixin.py:115} INFO - [2023-01-09 17:30:44,126] {dagbag.py:508} INFO - Filling up the DagBag from /home/airflow/.local/lib/python3.7/site-packages/airflow/example_dags/tutorial_taskflow_api_etl_virtualenv.py
[2023-01-09 17:30:44,424] {processor.py:651} INFO - DAG(s) dict_keys(['tutorial_taskflow_api_etl_virtualenv']) retrieved from /home/airflow/.local/lib/python3.7/site-packages/airflow/example_dags/tutorial_taskflow_api_etl_virtualenv.py
[2023-01-09 17:30:44,723] {logging_mixin.py:115} INFO - [2023-01-09 17:30:44,722] {dag.py:2420} INFO - Sync 1 DAGs
[2023-01-09 17:30:44,816] {logging_mixin.py:115} INFO - [2023-01-09 17:30:44,815] {dag.py:2972} INFO - Setting next_dagrun for tutorial_taskflow_api_etl_virtualenv to None, run_after=None
[2023-01-09 17:30:44,866] {processor.py:161} INFO - Processing /home/airflow/.local/lib/python3.7/site-packages/airflow/example_dags/tutorial_taskflow_api_etl_virtualenv.py took 0.751 seconds
[2023-01-09 17:31:17,771] {processor.py:153} INFO - Started process (PID=1895) to work on /home/airflow/.local/lib/python3.7/site-packages/airflow/example_dags/tutorial_taskflow_api_etl_virtualenv.py
[2023-01-09 17:31:17,774] {processor.py:641} INFO - Processing file /home/airflow/.local/lib/python3.7/site-packages/airflow/example_dags/tutorial_taskflow_api_etl_virtualenv.py for tasks to queue
[2023-01-09 17:31:17,778] {logging_mixin.py:115} INFO - [2023-01-09 17:31:17,777] {dagbag.py:508} INFO - Filling up the DagBag from /home/airflow/.local/lib/python3.7/site-packages/airflow/example_dags/tutorial_taskflow_api_etl_virtualenv.py
[2023-01-09 17:31:18,052] {processor.py:651} INFO - DAG(s) dict_keys(['tutorial_taskflow_api_etl_virtualenv']) retrieved from /home/airflow/.local/lib/python3.7/site-packages/airflow/example_dags/tutorial_taskflow_api_etl_virtualenv.py
[2023-01-09 17:31:18,384] {logging_mixin.py:115} INFO - [2023-01-09 17:31:18,384] {dag.py:2420} INFO - Sync 1 DAGs
[2023-01-09 17:31:18,486] {logging_mixin.py:115} INFO - [2023-01-09 17:31:18,486] {dag.py:2972} INFO - Setting next_dagrun for tutorial_taskflow_api_etl_virtualenv to None, run_after=None
[2023-01-09 17:31:18,548] {processor.py:161} INFO - Processing /home/airflow/.local/lib/python3.7/site-packages/airflow/example_dags/tutorial_taskflow_api_etl_virtualenv.py took 0.791 seconds
[2023-01-09 17:31:51,306] {processor.py:153} INFO - Started process (PID=2007) to work on /home/airflow/.local/lib/python3.7/site-packages/airflow/example_dags/tutorial_taskflow_api_etl_virtualenv.py
[2023-01-09 17:31:51,308] {processor.py:641} INFO - Processing file /home/airflow/.local/lib/python3.7/site-packages/airflow/example_dags/tutorial_taskflow_api_etl_virtualenv.py for tasks to queue
[2023-01-09 17:31:51,310] {logging_mixin.py:115} INFO - [2023-01-09 17:31:51,309] {dagbag.py:508} INFO - Filling up the DagBag from /home/airflow/.local/lib/python3.7/site-packages/airflow/example_dags/tutorial_taskflow_api_etl_virtualenv.py
[2023-01-09 17:31:51,552] {processor.py:651} INFO - DAG(s) dict_keys(['tutorial_taskflow_api_etl_virtualenv']) retrieved from /home/airflow/.local/lib/python3.7/site-packages/airflow/example_dags/tutorial_taskflow_api_etl_virtualenv.py
[2023-01-09 17:31:51,814] {logging_mixin.py:115} INFO - [2023-01-09 17:31:51,813] {dag.py:2420} INFO - Sync 1 DAGs
[2023-01-09 17:31:51,903] {logging_mixin.py:115} INFO - [2023-01-09 17:31:51,903] {dag.py:2972} INFO - Setting next_dagrun for tutorial_taskflow_api_etl_virtualenv to None, run_after=None
[2023-01-09 17:31:51,948] {processor.py:161} INFO - Processing /home/airflow/.local/lib/python3.7/site-packages/airflow/example_dags/tutorial_taskflow_api_etl_virtualenv.py took 0.650 seconds
[2023-01-09 17:32:24,871] {processor.py:153} INFO - Started process (PID=2126) to work on /home/airflow/.local/lib/python3.7/site-packages/airflow/example_dags/tutorial_taskflow_api_etl_virtualenv.py
[2023-01-09 17:32:24,874] {processor.py:641} INFO - Processing file /home/airflow/.local/lib/python3.7/site-packages/airflow/example_dags/tutorial_taskflow_api_etl_virtualenv.py for tasks to queue
[2023-01-09 17:32:24,879] {logging_mixin.py:115} INFO - [2023-01-09 17:32:24,879] {dagbag.py:508} INFO - Filling up the DagBag from /home/airflow/.local/lib/python3.7/site-packages/airflow/example_dags/tutorial_taskflow_api_etl_virtualenv.py
[2023-01-09 17:32:25,120] {processor.py:651} INFO - DAG(s) dict_keys(['tutorial_taskflow_api_etl_virtualenv']) retrieved from /home/airflow/.local/lib/python3.7/site-packages/airflow/example_dags/tutorial_taskflow_api_etl_virtualenv.py
[2023-01-09 17:32:25,386] {logging_mixin.py:115} INFO - [2023-01-09 17:32:25,385] {dag.py:2420} INFO - Sync 1 DAGs
[2023-01-09 17:32:25,468] {logging_mixin.py:115} INFO - [2023-01-09 17:32:25,468] {dag.py:2972} INFO - Setting next_dagrun for tutorial_taskflow_api_etl_virtualenv to None, run_after=None
[2023-01-09 17:32:25,508] {processor.py:161} INFO - Processing /home/airflow/.local/lib/python3.7/site-packages/airflow/example_dags/tutorial_taskflow_api_etl_virtualenv.py took 0.645 seconds
[2023-01-09 17:32:56,528] {processor.py:153} INFO - Started process (PID=2237) to work on /home/airflow/.local/lib/python3.7/site-packages/airflow/example_dags/tutorial_taskflow_api_etl_virtualenv.py
[2023-01-09 17:32:56,530] {processor.py:641} INFO - Processing file /home/airflow/.local/lib/python3.7/site-packages/airflow/example_dags/tutorial_taskflow_api_etl_virtualenv.py for tasks to queue
[2023-01-09 17:32:56,532] {logging_mixin.py:115} INFO - [2023-01-09 17:32:56,531] {dagbag.py:508} INFO - Filling up the DagBag from /home/airflow/.local/lib/python3.7/site-packages/airflow/example_dags/tutorial_taskflow_api_etl_virtualenv.py
[2023-01-09 17:32:56,601] {processor.py:651} INFO - DAG(s) dict_keys(['tutorial_taskflow_api_etl_virtualenv']) retrieved from /home/airflow/.local/lib/python3.7/site-packages/airflow/example_dags/tutorial_taskflow_api_etl_virtualenv.py
[2023-01-09 17:32:56,886] {logging_mixin.py:115} INFO - [2023-01-09 17:32:56,886] {dag.py:2420} INFO - Sync 1 DAGs
[2023-01-09 17:32:56,989] {logging_mixin.py:115} INFO - [2023-01-09 17:32:56,988] {dag.py:2972} INFO - Setting next_dagrun for tutorial_taskflow_api_etl_virtualenv to None, run_after=None
[2023-01-09 17:32:57,034] {processor.py:161} INFO - Processing /home/airflow/.local/lib/python3.7/site-packages/airflow/example_dags/tutorial_taskflow_api_etl_virtualenv.py took 0.513 seconds
[2023-01-09 17:33:29,122] {processor.py:153} INFO - Started process (PID=2350) to work on /home/airflow/.local/lib/python3.7/site-packages/airflow/example_dags/tutorial_taskflow_api_etl_virtualenv.py
[2023-01-09 17:33:29,124] {processor.py:641} INFO - Processing file /home/airflow/.local/lib/python3.7/site-packages/airflow/example_dags/tutorial_taskflow_api_etl_virtualenv.py for tasks to queue
[2023-01-09 17:33:29,127] {logging_mixin.py:115} INFO - [2023-01-09 17:33:29,126] {dagbag.py:508} INFO - Filling up the DagBag from /home/airflow/.local/lib/python3.7/site-packages/airflow/example_dags/tutorial_taskflow_api_etl_virtualenv.py
[2023-01-09 17:33:29,199] {processor.py:651} INFO - DAG(s) dict_keys(['tutorial_taskflow_api_etl_virtualenv']) retrieved from /home/airflow/.local/lib/python3.7/site-packages/airflow/example_dags/tutorial_taskflow_api_etl_virtualenv.py
[2023-01-09 17:33:29,278] {logging_mixin.py:115} INFO - [2023-01-09 17:33:29,278] {dag.py:2420} INFO - Sync 1 DAGs
[2023-01-09 17:33:29,381] {logging_mixin.py:115} INFO - [2023-01-09 17:33:29,380] {dag.py:2972} INFO - Setting next_dagrun for tutorial_taskflow_api_etl_virtualenv to None, run_after=None
[2023-01-09 17:33:29,419] {processor.py:161} INFO - Processing /home/airflow/.local/lib/python3.7/site-packages/airflow/example_dags/tutorial_taskflow_api_etl_virtualenv.py took 0.305 seconds
[2023-01-09 17:34:00,764] {processor.py:153} INFO - Started process (PID=2461) to work on /home/airflow/.local/lib/python3.7/site-packages/airflow/example_dags/tutorial_taskflow_api_etl_virtualenv.py
[2023-01-09 17:34:00,766] {processor.py:641} INFO - Processing file /home/airflow/.local/lib/python3.7/site-packages/airflow/example_dags/tutorial_taskflow_api_etl_virtualenv.py for tasks to queue
[2023-01-09 17:34:00,768] {logging_mixin.py:115} INFO - [2023-01-09 17:34:00,768] {dagbag.py:508} INFO - Filling up the DagBag from /home/airflow/.local/lib/python3.7/site-packages/airflow/example_dags/tutorial_taskflow_api_etl_virtualenv.py
[2023-01-09 17:34:00,833] {processor.py:651} INFO - DAG(s) dict_keys(['tutorial_taskflow_api_etl_virtualenv']) retrieved from /home/airflow/.local/lib/python3.7/site-packages/airflow/example_dags/tutorial_taskflow_api_etl_virtualenv.py
[2023-01-09 17:34:01,111] {logging_mixin.py:115} INFO - [2023-01-09 17:34:01,110] {dag.py:2420} INFO - Sync 1 DAGs
[2023-01-09 17:34:01,200] {logging_mixin.py:115} INFO - [2023-01-09 17:34:01,200] {dag.py:2972} INFO - Setting next_dagrun for tutorial_taskflow_api_etl_virtualenv to None, run_after=None
[2023-01-09 17:34:01,243] {processor.py:161} INFO - Processing /home/airflow/.local/lib/python3.7/site-packages/airflow/example_dags/tutorial_taskflow_api_etl_virtualenv.py took 0.487 seconds
[2023-01-09 17:34:31,590] {processor.py:153} INFO - Started process (PID=2570) to work on /home/airflow/.local/lib/python3.7/site-packages/airflow/example_dags/tutorial_taskflow_api_etl_virtualenv.py
[2023-01-09 17:34:31,592] {processor.py:641} INFO - Processing file /home/airflow/.local/lib/python3.7/site-packages/airflow/example_dags/tutorial_taskflow_api_etl_virtualenv.py for tasks to queue
[2023-01-09 17:34:31,594] {logging_mixin.py:115} INFO - [2023-01-09 17:34:31,594] {dagbag.py:508} INFO - Filling up the DagBag from /home/airflow/.local/lib/python3.7/site-packages/airflow/example_dags/tutorial_taskflow_api_etl_virtualenv.py
[2023-01-09 17:34:31,661] {processor.py:651} INFO - DAG(s) dict_keys(['tutorial_taskflow_api_etl_virtualenv']) retrieved from /home/airflow/.local/lib/python3.7/site-packages/airflow/example_dags/tutorial_taskflow_api_etl_virtualenv.py
[2023-01-09 17:34:31,984] {logging_mixin.py:115} INFO - [2023-01-09 17:34:31,983] {dag.py:2420} INFO - Sync 1 DAGs
[2023-01-09 17:34:32,083] {logging_mixin.py:115} INFO - [2023-01-09 17:34:32,082] {dag.py:2972} INFO - Setting next_dagrun for tutorial_taskflow_api_etl_virtualenv to None, run_after=None
[2023-01-09 17:34:32,135] {processor.py:161} INFO - Processing /home/airflow/.local/lib/python3.7/site-packages/airflow/example_dags/tutorial_taskflow_api_etl_virtualenv.py took 0.554 seconds
