[2023-01-09 17:22:52,477] {processor.py:153} INFO - Started process (PID=167) to work on /home/airflow/.local/lib/python3.7/site-packages/airflow/example_dags/tutorial_taskflow_api_etl.py
[2023-01-09 17:22:52,479] {processor.py:641} INFO - Processing file /home/airflow/.local/lib/python3.7/site-packages/airflow/example_dags/tutorial_taskflow_api_etl.py for tasks to queue
[2023-01-09 17:22:52,482] {logging_mixin.py:115} INFO - [2023-01-09 17:22:52,481] {dagbag.py:508} INFO - Filling up the DagBag from /home/airflow/.local/lib/python3.7/site-packages/airflow/example_dags/tutorial_taskflow_api_etl.py
[2023-01-09 17:22:53,097] {processor.py:651} INFO - DAG(s) dict_keys(['tutorial_taskflow_api_etl']) retrieved from /home/airflow/.local/lib/python3.7/site-packages/airflow/example_dags/tutorial_taskflow_api_etl.py
[2023-01-09 17:22:53,510] {logging_mixin.py:115} INFO - [2023-01-09 17:22:53,509] {dag.py:2420} INFO - Sync 1 DAGs
[2023-01-09 17:22:53,650] {logging_mixin.py:115} INFO - [2023-01-09 17:22:53,650] {dag.py:2972} INFO - Setting next_dagrun for tutorial_taskflow_api_etl to None, run_after=None
[2023-01-09 17:22:53,826] {processor.py:161} INFO - Processing /home/airflow/.local/lib/python3.7/site-packages/airflow/example_dags/tutorial_taskflow_api_etl.py took 1.370 seconds
[2023-01-09 17:23:25,384] {processor.py:153} INFO - Started process (PID=278) to work on /home/airflow/.local/lib/python3.7/site-packages/airflow/example_dags/tutorial_taskflow_api_etl.py
[2023-01-09 17:23:25,386] {processor.py:641} INFO - Processing file /home/airflow/.local/lib/python3.7/site-packages/airflow/example_dags/tutorial_taskflow_api_etl.py for tasks to queue
[2023-01-09 17:23:25,389] {logging_mixin.py:115} INFO - [2023-01-09 17:23:25,388] {dagbag.py:508} INFO - Filling up the DagBag from /home/airflow/.local/lib/python3.7/site-packages/airflow/example_dags/tutorial_taskflow_api_etl.py
[2023-01-09 17:23:25,673] {processor.py:651} INFO - DAG(s) dict_keys(['tutorial_taskflow_api_etl']) retrieved from /home/airflow/.local/lib/python3.7/site-packages/airflow/example_dags/tutorial_taskflow_api_etl.py
[2023-01-09 17:23:25,987] {logging_mixin.py:115} INFO - [2023-01-09 17:23:25,986] {dag.py:2420} INFO - Sync 1 DAGs
[2023-01-09 17:23:26,078] {logging_mixin.py:115} INFO - [2023-01-09 17:23:26,078] {dag.py:2972} INFO - Setting next_dagrun for tutorial_taskflow_api_etl to None, run_after=None
[2023-01-09 17:23:26,129] {processor.py:161} INFO - Processing /home/airflow/.local/lib/python3.7/site-packages/airflow/example_dags/tutorial_taskflow_api_etl.py took 0.754 seconds
[2023-01-09 17:23:57,549] {processor.py:153} INFO - Started process (PID=389) to work on /home/airflow/.local/lib/python3.7/site-packages/airflow/example_dags/tutorial_taskflow_api_etl.py
[2023-01-09 17:23:57,551] {processor.py:641} INFO - Processing file /home/airflow/.local/lib/python3.7/site-packages/airflow/example_dags/tutorial_taskflow_api_etl.py for tasks to queue
[2023-01-09 17:23:57,554] {logging_mixin.py:115} INFO - [2023-01-09 17:23:57,553] {dagbag.py:508} INFO - Filling up the DagBag from /home/airflow/.local/lib/python3.7/site-packages/airflow/example_dags/tutorial_taskflow_api_etl.py
[2023-01-09 17:23:57,853] {processor.py:651} INFO - DAG(s) dict_keys(['tutorial_taskflow_api_etl']) retrieved from /home/airflow/.local/lib/python3.7/site-packages/airflow/example_dags/tutorial_taskflow_api_etl.py
[2023-01-09 17:23:58,308] {logging_mixin.py:115} INFO - [2023-01-09 17:23:58,306] {dag.py:2420} INFO - Sync 1 DAGs
[2023-01-09 17:23:58,448] {logging_mixin.py:115} INFO - [2023-01-09 17:23:58,447] {dag.py:2972} INFO - Setting next_dagrun for tutorial_taskflow_api_etl to None, run_after=None
[2023-01-09 17:23:58,541] {processor.py:161} INFO - Processing /home/airflow/.local/lib/python3.7/site-packages/airflow/example_dags/tutorial_taskflow_api_etl.py took 1.002 seconds
[2023-01-09 17:24:30,873] {processor.py:153} INFO - Started process (PID=500) to work on /home/airflow/.local/lib/python3.7/site-packages/airflow/example_dags/tutorial_taskflow_api_etl.py
[2023-01-09 17:24:30,876] {processor.py:641} INFO - Processing file /home/airflow/.local/lib/python3.7/site-packages/airflow/example_dags/tutorial_taskflow_api_etl.py for tasks to queue
[2023-01-09 17:24:30,879] {logging_mixin.py:115} INFO - [2023-01-09 17:24:30,879] {dagbag.py:508} INFO - Filling up the DagBag from /home/airflow/.local/lib/python3.7/site-packages/airflow/example_dags/tutorial_taskflow_api_etl.py
[2023-01-09 17:24:31,190] {processor.py:651} INFO - DAG(s) dict_keys(['tutorial_taskflow_api_etl']) retrieved from /home/airflow/.local/lib/python3.7/site-packages/airflow/example_dags/tutorial_taskflow_api_etl.py
[2023-01-09 17:24:31,642] {logging_mixin.py:115} INFO - [2023-01-09 17:24:31,641] {dag.py:2420} INFO - Sync 1 DAGs
[2023-01-09 17:24:31,757] {logging_mixin.py:115} INFO - [2023-01-09 17:24:31,756] {dag.py:2972} INFO - Setting next_dagrun for tutorial_taskflow_api_etl to None, run_after=None
[2023-01-09 17:24:31,805] {processor.py:161} INFO - Processing /home/airflow/.local/lib/python3.7/site-packages/airflow/example_dags/tutorial_taskflow_api_etl.py took 0.945 seconds
[2023-01-09 17:25:02,268] {processor.py:153} INFO - Started process (PID=608) to work on /home/airflow/.local/lib/python3.7/site-packages/airflow/example_dags/tutorial_taskflow_api_etl.py
[2023-01-09 17:25:02,280] {processor.py:641} INFO - Processing file /home/airflow/.local/lib/python3.7/site-packages/airflow/example_dags/tutorial_taskflow_api_etl.py for tasks to queue
[2023-01-09 17:25:02,285] {logging_mixin.py:115} INFO - [2023-01-09 17:25:02,284] {dagbag.py:508} INFO - Filling up the DagBag from /home/airflow/.local/lib/python3.7/site-packages/airflow/example_dags/tutorial_taskflow_api_etl.py
[2023-01-09 17:25:03,132] {processor.py:651} INFO - DAG(s) dict_keys(['tutorial_taskflow_api_etl']) retrieved from /home/airflow/.local/lib/python3.7/site-packages/airflow/example_dags/tutorial_taskflow_api_etl.py
[2023-01-09 17:25:03,637] {logging_mixin.py:115} INFO - [2023-01-09 17:25:03,636] {dag.py:2420} INFO - Sync 1 DAGs
[2023-01-09 17:25:03,765] {logging_mixin.py:115} INFO - [2023-01-09 17:25:03,765] {dag.py:2972} INFO - Setting next_dagrun for tutorial_taskflow_api_etl to None, run_after=None
[2023-01-09 17:25:03,915] {processor.py:161} INFO - Processing /home/airflow/.local/lib/python3.7/site-packages/airflow/example_dags/tutorial_taskflow_api_etl.py took 1.678 seconds
[2023-01-09 17:25:34,754] {processor.py:153} INFO - Started process (PID=717) to work on /home/airflow/.local/lib/python3.7/site-packages/airflow/example_dags/tutorial_taskflow_api_etl.py
[2023-01-09 17:25:34,757] {processor.py:641} INFO - Processing file /home/airflow/.local/lib/python3.7/site-packages/airflow/example_dags/tutorial_taskflow_api_etl.py for tasks to queue
[2023-01-09 17:25:34,762] {logging_mixin.py:115} INFO - [2023-01-09 17:25:34,761] {dagbag.py:508} INFO - Filling up the DagBag from /home/airflow/.local/lib/python3.7/site-packages/airflow/example_dags/tutorial_taskflow_api_etl.py
[2023-01-09 17:25:35,132] {processor.py:651} INFO - DAG(s) dict_keys(['tutorial_taskflow_api_etl']) retrieved from /home/airflow/.local/lib/python3.7/site-packages/airflow/example_dags/tutorial_taskflow_api_etl.py
[2023-01-09 17:25:35,496] {logging_mixin.py:115} INFO - [2023-01-09 17:25:35,496] {dag.py:2420} INFO - Sync 1 DAGs
[2023-01-09 17:25:35,599] {logging_mixin.py:115} INFO - [2023-01-09 17:25:35,599] {dag.py:2972} INFO - Setting next_dagrun for tutorial_taskflow_api_etl to None, run_after=None
[2023-01-09 17:25:35,652] {processor.py:161} INFO - Processing /home/airflow/.local/lib/python3.7/site-packages/airflow/example_dags/tutorial_taskflow_api_etl.py took 0.914 seconds
[2023-01-09 17:26:06,198] {processor.py:153} INFO - Started process (PID=824) to work on /home/airflow/.local/lib/python3.7/site-packages/airflow/example_dags/tutorial_taskflow_api_etl.py
[2023-01-09 17:26:06,202] {processor.py:641} INFO - Processing file /home/airflow/.local/lib/python3.7/site-packages/airflow/example_dags/tutorial_taskflow_api_etl.py for tasks to queue
[2023-01-09 17:26:06,205] {logging_mixin.py:115} INFO - [2023-01-09 17:26:06,204] {dagbag.py:508} INFO - Filling up the DagBag from /home/airflow/.local/lib/python3.7/site-packages/airflow/example_dags/tutorial_taskflow_api_etl.py
[2023-01-09 17:26:06,691] {processor.py:651} INFO - DAG(s) dict_keys(['tutorial_taskflow_api_etl']) retrieved from /home/airflow/.local/lib/python3.7/site-packages/airflow/example_dags/tutorial_taskflow_api_etl.py
[2023-01-09 17:26:06,794] {logging_mixin.py:115} INFO - [2023-01-09 17:26:06,793] {dag.py:2420} INFO - Sync 1 DAGs
[2023-01-09 17:26:06,908] {logging_mixin.py:115} INFO - [2023-01-09 17:26:06,908] {dag.py:2972} INFO - Setting next_dagrun for tutorial_taskflow_api_etl to None, run_after=None
[2023-01-09 17:26:06,950] {processor.py:161} INFO - Processing /home/airflow/.local/lib/python3.7/site-packages/airflow/example_dags/tutorial_taskflow_api_etl.py took 0.791 seconds
[2023-01-09 17:26:37,111] {processor.py:153} INFO - Started process (PID=932) to work on /home/airflow/.local/lib/python3.7/site-packages/airflow/example_dags/tutorial_taskflow_api_etl.py
[2023-01-09 17:26:37,113] {processor.py:641} INFO - Processing file /home/airflow/.local/lib/python3.7/site-packages/airflow/example_dags/tutorial_taskflow_api_etl.py for tasks to queue
[2023-01-09 17:26:37,115] {logging_mixin.py:115} INFO - [2023-01-09 17:26:37,115] {dagbag.py:508} INFO - Filling up the DagBag from /home/airflow/.local/lib/python3.7/site-packages/airflow/example_dags/tutorial_taskflow_api_etl.py
[2023-01-09 17:26:37,394] {processor.py:651} INFO - DAG(s) dict_keys(['tutorial_taskflow_api_etl']) retrieved from /home/airflow/.local/lib/python3.7/site-packages/airflow/example_dags/tutorial_taskflow_api_etl.py
[2023-01-09 17:26:37,474] {logging_mixin.py:115} INFO - [2023-01-09 17:26:37,473] {dag.py:2420} INFO - Sync 1 DAGs
[2023-01-09 17:26:37,565] {logging_mixin.py:115} INFO - [2023-01-09 17:26:37,564] {dag.py:2972} INFO - Setting next_dagrun for tutorial_taskflow_api_etl to None, run_after=None
[2023-01-09 17:26:37,611] {processor.py:161} INFO - Processing /home/airflow/.local/lib/python3.7/site-packages/airflow/example_dags/tutorial_taskflow_api_etl.py took 0.509 seconds
[2023-01-09 17:27:07,872] {processor.py:153} INFO - Started process (PID=1043) to work on /home/airflow/.local/lib/python3.7/site-packages/airflow/example_dags/tutorial_taskflow_api_etl.py
[2023-01-09 17:27:07,875] {processor.py:641} INFO - Processing file /home/airflow/.local/lib/python3.7/site-packages/airflow/example_dags/tutorial_taskflow_api_etl.py for tasks to queue
[2023-01-09 17:27:07,877] {logging_mixin.py:115} INFO - [2023-01-09 17:27:07,877] {dagbag.py:508} INFO - Filling up the DagBag from /home/airflow/.local/lib/python3.7/site-packages/airflow/example_dags/tutorial_taskflow_api_etl.py
[2023-01-09 17:27:08,121] {processor.py:651} INFO - DAG(s) dict_keys(['tutorial_taskflow_api_etl']) retrieved from /home/airflow/.local/lib/python3.7/site-packages/airflow/example_dags/tutorial_taskflow_api_etl.py
[2023-01-09 17:27:08,449] {logging_mixin.py:115} INFO - [2023-01-09 17:27:08,448] {dag.py:2420} INFO - Sync 1 DAGs
[2023-01-09 17:27:08,552] {logging_mixin.py:115} INFO - [2023-01-09 17:27:08,551] {dag.py:2972} INFO - Setting next_dagrun for tutorial_taskflow_api_etl to None, run_after=None
[2023-01-09 17:27:08,615] {processor.py:161} INFO - Processing /home/airflow/.local/lib/python3.7/site-packages/airflow/example_dags/tutorial_taskflow_api_etl.py took 0.751 seconds
[2023-01-09 17:27:38,860] {processor.py:153} INFO - Started process (PID=1143) to work on /home/airflow/.local/lib/python3.7/site-packages/airflow/example_dags/tutorial_taskflow_api_etl.py
[2023-01-09 17:27:38,861] {processor.py:641} INFO - Processing file /home/airflow/.local/lib/python3.7/site-packages/airflow/example_dags/tutorial_taskflow_api_etl.py for tasks to queue
[2023-01-09 17:27:38,863] {logging_mixin.py:115} INFO - [2023-01-09 17:27:38,863] {dagbag.py:508} INFO - Filling up the DagBag from /home/airflow/.local/lib/python3.7/site-packages/airflow/example_dags/tutorial_taskflow_api_etl.py
[2023-01-09 17:27:39,122] {processor.py:651} INFO - DAG(s) dict_keys(['tutorial_taskflow_api_etl']) retrieved from /home/airflow/.local/lib/python3.7/site-packages/airflow/example_dags/tutorial_taskflow_api_etl.py
[2023-01-09 17:27:39,427] {logging_mixin.py:115} INFO - [2023-01-09 17:27:39,427] {dag.py:2420} INFO - Sync 1 DAGs
[2023-01-09 17:27:39,526] {logging_mixin.py:115} INFO - [2023-01-09 17:27:39,526] {dag.py:2972} INFO - Setting next_dagrun for tutorial_taskflow_api_etl to None, run_after=None
[2023-01-09 17:27:39,573] {processor.py:161} INFO - Processing /home/airflow/.local/lib/python3.7/site-packages/airflow/example_dags/tutorial_taskflow_api_etl.py took 0.722 seconds
[2023-01-09 17:28:10,089] {processor.py:153} INFO - Started process (PID=1262) to work on /home/airflow/.local/lib/python3.7/site-packages/airflow/example_dags/tutorial_taskflow_api_etl.py
[2023-01-09 17:28:10,092] {processor.py:641} INFO - Processing file /home/airflow/.local/lib/python3.7/site-packages/airflow/example_dags/tutorial_taskflow_api_etl.py for tasks to queue
[2023-01-09 17:28:10,094] {logging_mixin.py:115} INFO - [2023-01-09 17:28:10,094] {dagbag.py:508} INFO - Filling up the DagBag from /home/airflow/.local/lib/python3.7/site-packages/airflow/example_dags/tutorial_taskflow_api_etl.py
[2023-01-09 17:28:10,375] {processor.py:651} INFO - DAG(s) dict_keys(['tutorial_taskflow_api_etl']) retrieved from /home/airflow/.local/lib/python3.7/site-packages/airflow/example_dags/tutorial_taskflow_api_etl.py
[2023-01-09 17:28:10,636] {logging_mixin.py:115} INFO - [2023-01-09 17:28:10,635] {dag.py:2420} INFO - Sync 1 DAGs
[2023-01-09 17:28:10,723] {logging_mixin.py:115} INFO - [2023-01-09 17:28:10,722] {dag.py:2972} INFO - Setting next_dagrun for tutorial_taskflow_api_etl to None, run_after=None
[2023-01-09 17:28:10,764] {processor.py:161} INFO - Processing /home/airflow/.local/lib/python3.7/site-packages/airflow/example_dags/tutorial_taskflow_api_etl.py took 0.686 seconds
[2023-01-09 17:28:40,943] {processor.py:153} INFO - Started process (PID=1373) to work on /home/airflow/.local/lib/python3.7/site-packages/airflow/example_dags/tutorial_taskflow_api_etl.py
[2023-01-09 17:28:40,946] {processor.py:641} INFO - Processing file /home/airflow/.local/lib/python3.7/site-packages/airflow/example_dags/tutorial_taskflow_api_etl.py for tasks to queue
[2023-01-09 17:28:40,948] {logging_mixin.py:115} INFO - [2023-01-09 17:28:40,948] {dagbag.py:508} INFO - Filling up the DagBag from /home/airflow/.local/lib/python3.7/site-packages/airflow/example_dags/tutorial_taskflow_api_etl.py
[2023-01-09 17:28:41,323] {processor.py:651} INFO - DAG(s) dict_keys(['tutorial_taskflow_api_etl']) retrieved from /home/airflow/.local/lib/python3.7/site-packages/airflow/example_dags/tutorial_taskflow_api_etl.py
[2023-01-09 17:28:41,679] {logging_mixin.py:115} INFO - [2023-01-09 17:28:41,678] {dag.py:2420} INFO - Sync 1 DAGs
[2023-01-09 17:28:41,772] {logging_mixin.py:115} INFO - [2023-01-09 17:28:41,772] {dag.py:2972} INFO - Setting next_dagrun for tutorial_taskflow_api_etl to None, run_after=None
[2023-01-09 17:28:41,815] {processor.py:161} INFO - Processing /home/airflow/.local/lib/python3.7/site-packages/airflow/example_dags/tutorial_taskflow_api_etl.py took 0.895 seconds
[2023-01-09 17:29:12,748] {processor.py:153} INFO - Started process (PID=1490) to work on /home/airflow/.local/lib/python3.7/site-packages/airflow/example_dags/tutorial_taskflow_api_etl.py
[2023-01-09 17:29:12,751] {processor.py:641} INFO - Processing file /home/airflow/.local/lib/python3.7/site-packages/airflow/example_dags/tutorial_taskflow_api_etl.py for tasks to queue
[2023-01-09 17:29:12,753] {logging_mixin.py:115} INFO - [2023-01-09 17:29:12,753] {dagbag.py:508} INFO - Filling up the DagBag from /home/airflow/.local/lib/python3.7/site-packages/airflow/example_dags/tutorial_taskflow_api_etl.py
[2023-01-09 17:29:13,083] {processor.py:651} INFO - DAG(s) dict_keys(['tutorial_taskflow_api_etl']) retrieved from /home/airflow/.local/lib/python3.7/site-packages/airflow/example_dags/tutorial_taskflow_api_etl.py
[2023-01-09 17:29:13,385] {logging_mixin.py:115} INFO - [2023-01-09 17:29:13,384] {dag.py:2420} INFO - Sync 1 DAGs
[2023-01-09 17:29:13,482] {logging_mixin.py:115} INFO - [2023-01-09 17:29:13,481] {dag.py:2972} INFO - Setting next_dagrun for tutorial_taskflow_api_etl to None, run_after=None
[2023-01-09 17:29:13,529] {processor.py:161} INFO - Processing /home/airflow/.local/lib/python3.7/site-packages/airflow/example_dags/tutorial_taskflow_api_etl.py took 0.790 seconds
[2023-01-09 17:29:44,125] {processor.py:153} INFO - Started process (PID=1601) to work on /home/airflow/.local/lib/python3.7/site-packages/airflow/example_dags/tutorial_taskflow_api_etl.py
[2023-01-09 17:29:44,128] {processor.py:641} INFO - Processing file /home/airflow/.local/lib/python3.7/site-packages/airflow/example_dags/tutorial_taskflow_api_etl.py for tasks to queue
[2023-01-09 17:29:44,130] {logging_mixin.py:115} INFO - [2023-01-09 17:29:44,130] {dagbag.py:508} INFO - Filling up the DagBag from /home/airflow/.local/lib/python3.7/site-packages/airflow/example_dags/tutorial_taskflow_api_etl.py
[2023-01-09 17:29:44,372] {processor.py:651} INFO - DAG(s) dict_keys(['tutorial_taskflow_api_etl']) retrieved from /home/airflow/.local/lib/python3.7/site-packages/airflow/example_dags/tutorial_taskflow_api_etl.py
[2023-01-09 17:29:44,670] {logging_mixin.py:115} INFO - [2023-01-09 17:29:44,669] {dag.py:2420} INFO - Sync 1 DAGs
[2023-01-09 17:29:44,763] {logging_mixin.py:115} INFO - [2023-01-09 17:29:44,762] {dag.py:2972} INFO - Setting next_dagrun for tutorial_taskflow_api_etl to None, run_after=None
[2023-01-09 17:29:44,808] {processor.py:161} INFO - Processing /home/airflow/.local/lib/python3.7/site-packages/airflow/example_dags/tutorial_taskflow_api_etl.py took 0.690 seconds
[2023-01-09 17:30:16,767] {processor.py:153} INFO - Started process (PID=1705) to work on /home/airflow/.local/lib/python3.7/site-packages/airflow/example_dags/tutorial_taskflow_api_etl.py
[2023-01-09 17:30:16,769] {processor.py:641} INFO - Processing file /home/airflow/.local/lib/python3.7/site-packages/airflow/example_dags/tutorial_taskflow_api_etl.py for tasks to queue
[2023-01-09 17:30:16,772] {logging_mixin.py:115} INFO - [2023-01-09 17:30:16,772] {dagbag.py:508} INFO - Filling up the DagBag from /home/airflow/.local/lib/python3.7/site-packages/airflow/example_dags/tutorial_taskflow_api_etl.py
[2023-01-09 17:30:17,032] {processor.py:651} INFO - DAG(s) dict_keys(['tutorial_taskflow_api_etl']) retrieved from /home/airflow/.local/lib/python3.7/site-packages/airflow/example_dags/tutorial_taskflow_api_etl.py
[2023-01-09 17:30:17,364] {logging_mixin.py:115} INFO - [2023-01-09 17:30:17,364] {dag.py:2420} INFO - Sync 1 DAGs
[2023-01-09 17:30:17,488] {logging_mixin.py:115} INFO - [2023-01-09 17:30:17,487] {dag.py:2972} INFO - Setting next_dagrun for tutorial_taskflow_api_etl to None, run_after=None
[2023-01-09 17:30:17,541] {processor.py:161} INFO - Processing /home/airflow/.local/lib/python3.7/site-packages/airflow/example_dags/tutorial_taskflow_api_etl.py took 0.784 seconds
[2023-01-09 17:30:49,536] {processor.py:153} INFO - Started process (PID=1818) to work on /home/airflow/.local/lib/python3.7/site-packages/airflow/example_dags/tutorial_taskflow_api_etl.py
[2023-01-09 17:30:49,538] {processor.py:641} INFO - Processing file /home/airflow/.local/lib/python3.7/site-packages/airflow/example_dags/tutorial_taskflow_api_etl.py for tasks to queue
[2023-01-09 17:30:49,540] {logging_mixin.py:115} INFO - [2023-01-09 17:30:49,540] {dagbag.py:508} INFO - Filling up the DagBag from /home/airflow/.local/lib/python3.7/site-packages/airflow/example_dags/tutorial_taskflow_api_etl.py
[2023-01-09 17:30:49,765] {processor.py:651} INFO - DAG(s) dict_keys(['tutorial_taskflow_api_etl']) retrieved from /home/airflow/.local/lib/python3.7/site-packages/airflow/example_dags/tutorial_taskflow_api_etl.py
[2023-01-09 17:30:50,020] {logging_mixin.py:115} INFO - [2023-01-09 17:30:50,020] {dag.py:2420} INFO - Sync 1 DAGs
[2023-01-09 17:30:50,107] {logging_mixin.py:115} INFO - [2023-01-09 17:30:50,106] {dag.py:2972} INFO - Setting next_dagrun for tutorial_taskflow_api_etl to None, run_after=None
[2023-01-09 17:30:50,147] {processor.py:161} INFO - Processing /home/airflow/.local/lib/python3.7/site-packages/airflow/example_dags/tutorial_taskflow_api_etl.py took 0.618 seconds
[2023-01-09 17:31:21,829] {processor.py:153} INFO - Started process (PID=1923) to work on /home/airflow/.local/lib/python3.7/site-packages/airflow/example_dags/tutorial_taskflow_api_etl.py
[2023-01-09 17:31:21,831] {processor.py:641} INFO - Processing file /home/airflow/.local/lib/python3.7/site-packages/airflow/example_dags/tutorial_taskflow_api_etl.py for tasks to queue
[2023-01-09 17:31:21,833] {logging_mixin.py:115} INFO - [2023-01-09 17:31:21,833] {dagbag.py:508} INFO - Filling up the DagBag from /home/airflow/.local/lib/python3.7/site-packages/airflow/example_dags/tutorial_taskflow_api_etl.py
[2023-01-09 17:31:22,072] {processor.py:651} INFO - DAG(s) dict_keys(['tutorial_taskflow_api_etl']) retrieved from /home/airflow/.local/lib/python3.7/site-packages/airflow/example_dags/tutorial_taskflow_api_etl.py
[2023-01-09 17:31:22,332] {logging_mixin.py:115} INFO - [2023-01-09 17:31:22,331] {dag.py:2420} INFO - Sync 1 DAGs
[2023-01-09 17:31:22,420] {logging_mixin.py:115} INFO - [2023-01-09 17:31:22,420] {dag.py:2972} INFO - Setting next_dagrun for tutorial_taskflow_api_etl to None, run_after=None
[2023-01-09 17:31:22,463] {processor.py:161} INFO - Processing /home/airflow/.local/lib/python3.7/site-packages/airflow/example_dags/tutorial_taskflow_api_etl.py took 0.642 seconds
[2023-01-09 17:31:55,096] {processor.py:153} INFO - Started process (PID=2037) to work on /home/airflow/.local/lib/python3.7/site-packages/airflow/example_dags/tutorial_taskflow_api_etl.py
[2023-01-09 17:31:55,098] {processor.py:641} INFO - Processing file /home/airflow/.local/lib/python3.7/site-packages/airflow/example_dags/tutorial_taskflow_api_etl.py for tasks to queue
[2023-01-09 17:31:55,100] {logging_mixin.py:115} INFO - [2023-01-09 17:31:55,100] {dagbag.py:508} INFO - Filling up the DagBag from /home/airflow/.local/lib/python3.7/site-packages/airflow/example_dags/tutorial_taskflow_api_etl.py
[2023-01-09 17:31:55,340] {processor.py:651} INFO - DAG(s) dict_keys(['tutorial_taskflow_api_etl']) retrieved from /home/airflow/.local/lib/python3.7/site-packages/airflow/example_dags/tutorial_taskflow_api_etl.py
[2023-01-09 17:31:55,617] {logging_mixin.py:115} INFO - [2023-01-09 17:31:55,617] {dag.py:2420} INFO - Sync 1 DAGs
[2023-01-09 17:31:55,704] {logging_mixin.py:115} INFO - [2023-01-09 17:31:55,703] {dag.py:2972} INFO - Setting next_dagrun for tutorial_taskflow_api_etl to None, run_after=None
[2023-01-09 17:31:55,747] {processor.py:161} INFO - Processing /home/airflow/.local/lib/python3.7/site-packages/airflow/example_dags/tutorial_taskflow_api_etl.py took 0.659 seconds
[2023-01-09 17:32:26,284] {processor.py:153} INFO - Started process (PID=2136) to work on /home/airflow/.local/lib/python3.7/site-packages/airflow/example_dags/tutorial_taskflow_api_etl.py
[2023-01-09 17:32:26,285] {processor.py:641} INFO - Processing file /home/airflow/.local/lib/python3.7/site-packages/airflow/example_dags/tutorial_taskflow_api_etl.py for tasks to queue
[2023-01-09 17:32:26,288] {logging_mixin.py:115} INFO - [2023-01-09 17:32:26,287] {dagbag.py:508} INFO - Filling up the DagBag from /home/airflow/.local/lib/python3.7/site-packages/airflow/example_dags/tutorial_taskflow_api_etl.py
[2023-01-09 17:32:26,641] {processor.py:651} INFO - DAG(s) dict_keys(['tutorial_taskflow_api_etl']) retrieved from /home/airflow/.local/lib/python3.7/site-packages/airflow/example_dags/tutorial_taskflow_api_etl.py
[2023-01-09 17:32:26,958] {logging_mixin.py:115} INFO - [2023-01-09 17:32:26,957] {dag.py:2420} INFO - Sync 1 DAGs
[2023-01-09 17:32:27,050] {logging_mixin.py:115} INFO - [2023-01-09 17:32:27,050] {dag.py:2972} INFO - Setting next_dagrun for tutorial_taskflow_api_etl to None, run_after=None
[2023-01-09 17:32:27,091] {processor.py:161} INFO - Processing /home/airflow/.local/lib/python3.7/site-packages/airflow/example_dags/tutorial_taskflow_api_etl.py took 0.815 seconds
[2023-01-09 17:32:57,607] {processor.py:153} INFO - Started process (PID=2247) to work on /home/airflow/.local/lib/python3.7/site-packages/airflow/example_dags/tutorial_taskflow_api_etl.py
[2023-01-09 17:32:57,609] {processor.py:641} INFO - Processing file /home/airflow/.local/lib/python3.7/site-packages/airflow/example_dags/tutorial_taskflow_api_etl.py for tasks to queue
[2023-01-09 17:32:57,611] {logging_mixin.py:115} INFO - [2023-01-09 17:32:57,611] {dagbag.py:508} INFO - Filling up the DagBag from /home/airflow/.local/lib/python3.7/site-packages/airflow/example_dags/tutorial_taskflow_api_etl.py
[2023-01-09 17:32:57,675] {processor.py:651} INFO - DAG(s) dict_keys(['tutorial_taskflow_api_etl']) retrieved from /home/airflow/.local/lib/python3.7/site-packages/airflow/example_dags/tutorial_taskflow_api_etl.py
[2023-01-09 17:32:57,942] {logging_mixin.py:115} INFO - [2023-01-09 17:32:57,942] {dag.py:2420} INFO - Sync 1 DAGs
[2023-01-09 17:32:58,032] {logging_mixin.py:115} INFO - [2023-01-09 17:32:58,031] {dag.py:2972} INFO - Setting next_dagrun for tutorial_taskflow_api_etl to None, run_after=None
[2023-01-09 17:32:58,072] {processor.py:161} INFO - Processing /home/airflow/.local/lib/python3.7/site-packages/airflow/example_dags/tutorial_taskflow_api_etl.py took 0.473 seconds
[2023-01-09 17:33:28,503] {processor.py:153} INFO - Started process (PID=2346) to work on /home/airflow/.local/lib/python3.7/site-packages/airflow/example_dags/tutorial_taskflow_api_etl.py
[2023-01-09 17:33:28,505] {processor.py:641} INFO - Processing file /home/airflow/.local/lib/python3.7/site-packages/airflow/example_dags/tutorial_taskflow_api_etl.py for tasks to queue
[2023-01-09 17:33:28,507] {logging_mixin.py:115} INFO - [2023-01-09 17:33:28,507] {dagbag.py:508} INFO - Filling up the DagBag from /home/airflow/.local/lib/python3.7/site-packages/airflow/example_dags/tutorial_taskflow_api_etl.py
[2023-01-09 17:33:28,586] {processor.py:651} INFO - DAG(s) dict_keys(['tutorial_taskflow_api_etl']) retrieved from /home/airflow/.local/lib/python3.7/site-packages/airflow/example_dags/tutorial_taskflow_api_etl.py
[2023-01-09 17:33:28,660] {logging_mixin.py:115} INFO - [2023-01-09 17:33:28,659] {dag.py:2420} INFO - Sync 1 DAGs
[2023-01-09 17:33:28,756] {logging_mixin.py:115} INFO - [2023-01-09 17:33:28,756] {dag.py:2972} INFO - Setting next_dagrun for tutorial_taskflow_api_etl to None, run_after=None
[2023-01-09 17:33:28,794] {processor.py:161} INFO - Processing /home/airflow/.local/lib/python3.7/site-packages/airflow/example_dags/tutorial_taskflow_api_etl.py took 0.298 seconds
[2023-01-09 17:33:59,110] {processor.py:153} INFO - Started process (PID=2454) to work on /home/airflow/.local/lib/python3.7/site-packages/airflow/example_dags/tutorial_taskflow_api_etl.py
[2023-01-09 17:33:59,112] {processor.py:641} INFO - Processing file /home/airflow/.local/lib/python3.7/site-packages/airflow/example_dags/tutorial_taskflow_api_etl.py for tasks to queue
[2023-01-09 17:33:59,114] {logging_mixin.py:115} INFO - [2023-01-09 17:33:59,114] {dagbag.py:508} INFO - Filling up the DagBag from /home/airflow/.local/lib/python3.7/site-packages/airflow/example_dags/tutorial_taskflow_api_etl.py
[2023-01-09 17:33:59,180] {processor.py:651} INFO - DAG(s) dict_keys(['tutorial_taskflow_api_etl']) retrieved from /home/airflow/.local/lib/python3.7/site-packages/airflow/example_dags/tutorial_taskflow_api_etl.py
[2023-01-09 17:33:59,494] {logging_mixin.py:115} INFO - [2023-01-09 17:33:59,494] {dag.py:2420} INFO - Sync 1 DAGs
[2023-01-09 17:33:59,605] {logging_mixin.py:115} INFO - [2023-01-09 17:33:59,605] {dag.py:2972} INFO - Setting next_dagrun for tutorial_taskflow_api_etl to None, run_after=None
[2023-01-09 17:33:59,671] {processor.py:161} INFO - Processing /home/airflow/.local/lib/python3.7/site-packages/airflow/example_dags/tutorial_taskflow_api_etl.py took 0.569 seconds
[2023-01-09 17:34:29,735] {processor.py:153} INFO - Started process (PID=2563) to work on /home/airflow/.local/lib/python3.7/site-packages/airflow/example_dags/tutorial_taskflow_api_etl.py
[2023-01-09 17:34:29,737] {processor.py:641} INFO - Processing file /home/airflow/.local/lib/python3.7/site-packages/airflow/example_dags/tutorial_taskflow_api_etl.py for tasks to queue
[2023-01-09 17:34:29,739] {logging_mixin.py:115} INFO - [2023-01-09 17:34:29,739] {dagbag.py:508} INFO - Filling up the DagBag from /home/airflow/.local/lib/python3.7/site-packages/airflow/example_dags/tutorial_taskflow_api_etl.py
[2023-01-09 17:34:29,801] {processor.py:651} INFO - DAG(s) dict_keys(['tutorial_taskflow_api_etl']) retrieved from /home/airflow/.local/lib/python3.7/site-packages/airflow/example_dags/tutorial_taskflow_api_etl.py
[2023-01-09 17:34:30,091] {logging_mixin.py:115} INFO - [2023-01-09 17:34:30,090] {dag.py:2420} INFO - Sync 1 DAGs
[2023-01-09 17:34:30,183] {logging_mixin.py:115} INFO - [2023-01-09 17:34:30,183] {dag.py:2972} INFO - Setting next_dagrun for tutorial_taskflow_api_etl to None, run_after=None
[2023-01-09 17:34:30,225] {processor.py:161} INFO - Processing /home/airflow/.local/lib/python3.7/site-packages/airflow/example_dags/tutorial_taskflow_api_etl.py took 0.499 seconds
