[2023-01-26 16:32:07,302] {taskinstance.py:1179} INFO - Dependencies all met for <TaskInstance: jla-psp-paymentech-load.create_process_log manual__2023-01-26T16:31:38.393014+00:00 [queued]>
[2023-01-26 16:32:07,346] {taskinstance.py:1179} INFO - Dependencies all met for <TaskInstance: jla-psp-paymentech-load.create_process_log manual__2023-01-26T16:31:38.393014+00:00 [queued]>
[2023-01-26 16:32:07,347] {taskinstance.py:1376} INFO - 
--------------------------------------------------------------------------------
[2023-01-26 16:32:07,348] {taskinstance.py:1377} INFO - Starting attempt 1 of 1
[2023-01-26 16:32:07,349] {taskinstance.py:1378} INFO - 
--------------------------------------------------------------------------------
[2023-01-26 16:32:07,419] {taskinstance.py:1397} INFO - Executing <Task(TeradataOperator): create_process_log> on 2023-01-26 16:31:38.393014+00:00
[2023-01-26 16:32:07,431] {standard_task_runner.py:52} INFO - Started process 947 to run task
[2023-01-26 16:32:07,441] {standard_task_runner.py:79} INFO - Running: ['***', 'tasks', 'run', 'jla-psp-paymentech-load', 'create_process_log', 'manual__2023-01-26T16:31:38.393014+00:00', '--job-id', '215', '--raw', '--subdir', 'DAGS_FOLDER/jla-psp-paymentech-load.py', '--cfg-path', '/tmp/tmp9qtn8tet', '--error-file', '/tmp/tmpkqwe85xk']
[2023-01-26 16:32:07,444] {standard_task_runner.py:80} INFO - Job 215: Subtask create_process_log
[2023-01-26 16:32:07,770] {task_command.py:371} INFO - Running <TaskInstance: jla-psp-paymentech-load.create_process_log manual__2023-01-26T16:31:38.393014+00:00 [running]> on host a8cd24867728
[2023-01-26 16:32:08,389] {taskinstance.py:1591} INFO - Exporting the following env vars:
AIRFLOW_CTX_DAG_EMAIL=barobinson@groupon.com
AIRFLOW_CTX_DAG_OWNER=FSA
AIRFLOW_CTX_DAG_ID=jla-psp-paymentech-load
AIRFLOW_CTX_TASK_ID=create_process_log
AIRFLOW_CTX_EXECUTION_DATE=2023-01-26T16:31:38.393014+00:00
AIRFLOW_CTX_TRY_NUMBER=1
AIRFLOW_CTX_DAG_RUN_ID=manual__2023-01-26T16:31:38.393014+00:00
[2023-01-26 16:32:08,392] {teradata.py:16} INFO - Executing: 
    MERGE INTO sandbox.ACCT_JLA_RUN_PROCESS process
    USING 
    (
        SELECT 
            'a38203e9-9747-433c-af23-a2a4fdafe437' as id,
            'jla-psp-paymentech-load' as process_name,
            '2023-01-26T16:31:38.393014+00:00' as start_date,
            '2023-01-26T16:32:05.046270+00:00' as end_date,
            'running' as status,
            '' as error_code,
            '' as error_desc
    ) as pend_process 
    ON process.id = pend_process.id 
    WHEN MATCHED THEN UPDATE 
        SET end_dt = pend_process.end_date,
            status = pend_process.status,
            error_code = pend_process.error_code,
            error_desc = pend_process.error_desc,
            update_dt = CURRENT_TIMESTAMP
    WHEN NOT MATCHED THEN INSERT 
    (
        id,
        process_name,
        start_dt,
        status,
        insert_dt,
        update_dt
    )
    VALUES
    (
        pend_process.id,
        pend_process.process_name,
        pend_process.start_date,
        pend_process.status,
        CURRENT_TIMESTAMP,
        CURRENT_TIMESTAMP  
    );
[2023-01-26 16:32:08,393] {teradata.py:18} INFO - autocommit: False
[2023-01-26 16:32:08,426] {base.py:68} INFO - Using connection ID 'teradata' for task execution.
[2023-01-26 16:32:17,116] {local_task_job.py:156} INFO - Task exited with return code Negsignal.SIGILL
[2023-01-26 16:32:17,248] {taskinstance.py:1420} INFO - Marking task as FAILED. dag_id=jla-psp-paymentech-load, task_id=create_process_log, execution_date=20230126T163138, start_date=20230126T163207, end_date=20230126T163217
[2023-01-26 16:32:17,664] {warnings.py:110} WARNING - /home/***/.local/lib/python3.7/site-packages/***/utils/context.py:202: AirflowContextDeprecationWarning: Accessing 'execution_date' from the template is deprecated and will be removed in a future version. Please use 'data_interval_start' or 'logical_date' instead.
  warnings.warn(_create_deprecation_warning(key, self._deprecation_replacements[key]))

[2023-01-26 16:32:17,667] {logging_mixin.py:115} INFO - :ampelred: AIRFLOW TASK FAILURE :ampelred:

DAG:                             jla-psp-paymentech-load
TASKS:                          create_process_log
EXECUTION TIME:      2023-01-26T16:31:38.393014+00:00
REASON:                       None
LOG:                              http://localhost:8080/log?execution_date=2023-01-26T16%3A31%3A38.393014%2B00%3A00&task_id=create_process_log&dag_id=jla-psp-paymentech-load&map_index=-1
[2023-01-26 16:32:17,751] {logging_mixin.py:115} INFO - slack_connection
[2023-01-26 16:32:17,752] {logging_mixin.py:115} INFO - ***
[2023-01-26 16:32:17,753] {logging_mixin.py:115} INFO - #fsa-alerts-dev
[2023-01-26 16:32:17,772] {warnings.py:110} WARNING - /home/***/.local/lib/python3.7/site-packages/***/providers/http/operators/http.py:83: DeprecationWarning: none_failed_or_skipped Trigger Rule is deprecated. Please use `none_failed_min_one_success`.
  super().__init__(**kwargs)

[2023-01-26 16:32:17,812] {base.py:68} INFO - Using connection ID 'slack_connection' for task execution.
[2023-01-26 16:32:17,819] {http.py:129} INFO - Sending 'POST' to url: https://hooks.slack.com/services/***
[2023-01-26 16:32:18,989] {local_task_job.py:273} INFO - 0 downstream tasks scheduled from follow-on schedule check
