[2023-01-25 22:25:13,914] {processor.py:153} INFO - Started process (PID=164) to work on /home/airflow/.local/lib/python3.7/site-packages/airflow/example_dags/example_skip_dag.py
[2023-01-25 22:25:13,916] {processor.py:641} INFO - Processing file /home/airflow/.local/lib/python3.7/site-packages/airflow/example_dags/example_skip_dag.py for tasks to queue
[2023-01-25 22:25:13,918] {logging_mixin.py:115} INFO - [2023-01-25 22:25:13,918] {dagbag.py:508} INFO - Filling up the DagBag from /home/airflow/.local/lib/python3.7/site-packages/airflow/example_dags/example_skip_dag.py
[2023-01-25 22:25:13,950] {processor.py:651} INFO - DAG(s) dict_keys(['example_skip_dag']) retrieved from /home/airflow/.local/lib/python3.7/site-packages/airflow/example_dags/example_skip_dag.py
[2023-01-25 22:25:14,209] {logging_mixin.py:115} INFO - [2023-01-25 22:25:14,208] {dag.py:2420} INFO - Sync 1 DAGs
[2023-01-25 22:25:14,381] {logging_mixin.py:115} INFO - [2023-01-25 22:25:14,381] {dag.py:2972} INFO - Setting next_dagrun for example_skip_dag to 2023-01-24T22:25:14.379645+00:00, run_after=2023-01-25T22:25:14.379645+00:00
[2023-01-25 22:25:14,440] {processor.py:161} INFO - Processing /home/airflow/.local/lib/python3.7/site-packages/airflow/example_dags/example_skip_dag.py took 0.534 seconds
[2023-01-25 22:25:45,987] {processor.py:153} INFO - Started process (PID=278) to work on /home/airflow/.local/lib/python3.7/site-packages/airflow/example_dags/example_skip_dag.py
[2023-01-25 22:25:45,989] {processor.py:641} INFO - Processing file /home/airflow/.local/lib/python3.7/site-packages/airflow/example_dags/example_skip_dag.py for tasks to queue
[2023-01-25 22:25:45,991] {logging_mixin.py:115} INFO - [2023-01-25 22:25:45,991] {dagbag.py:508} INFO - Filling up the DagBag from /home/airflow/.local/lib/python3.7/site-packages/airflow/example_dags/example_skip_dag.py
[2023-01-25 22:25:46,022] {processor.py:651} INFO - DAG(s) dict_keys(['example_skip_dag']) retrieved from /home/airflow/.local/lib/python3.7/site-packages/airflow/example_dags/example_skip_dag.py
[2023-01-25 22:25:46,326] {logging_mixin.py:115} INFO - [2023-01-25 22:25:46,325] {dag.py:2420} INFO - Sync 1 DAGs
[2023-01-25 22:25:46,448] {logging_mixin.py:115} INFO - [2023-01-25 22:25:46,447] {dag.py:2972} INFO - Setting next_dagrun for example_skip_dag to 2023-01-24T22:25:46.436164+00:00, run_after=2023-01-25T22:25:46.436164+00:00
[2023-01-25 22:25:46,496] {processor.py:161} INFO - Processing /home/airflow/.local/lib/python3.7/site-packages/airflow/example_dags/example_skip_dag.py took 0.517 seconds
[2023-01-25 22:26:19,869] {processor.py:153} INFO - Started process (PID=392) to work on /home/airflow/.local/lib/python3.7/site-packages/airflow/example_dags/example_skip_dag.py
[2023-01-25 22:26:19,871] {processor.py:641} INFO - Processing file /home/airflow/.local/lib/python3.7/site-packages/airflow/example_dags/example_skip_dag.py for tasks to queue
[2023-01-25 22:26:19,873] {logging_mixin.py:115} INFO - [2023-01-25 22:26:19,873] {dagbag.py:508} INFO - Filling up the DagBag from /home/airflow/.local/lib/python3.7/site-packages/airflow/example_dags/example_skip_dag.py
[2023-01-25 22:26:19,901] {processor.py:651} INFO - DAG(s) dict_keys(['example_skip_dag']) retrieved from /home/airflow/.local/lib/python3.7/site-packages/airflow/example_dags/example_skip_dag.py
[2023-01-25 22:26:20,147] {logging_mixin.py:115} INFO - [2023-01-25 22:26:20,146] {dag.py:2420} INFO - Sync 1 DAGs
[2023-01-25 22:26:20,232] {logging_mixin.py:115} INFO - [2023-01-25 22:26:20,232] {dag.py:2972} INFO - Setting next_dagrun for example_skip_dag to 2023-01-24T22:26:20.230618+00:00, run_after=2023-01-25T22:26:20.230618+00:00
[2023-01-25 22:26:20,271] {processor.py:161} INFO - Processing /home/airflow/.local/lib/python3.7/site-packages/airflow/example_dags/example_skip_dag.py took 0.411 seconds
[2023-01-25 22:26:51,797] {processor.py:153} INFO - Started process (PID=503) to work on /home/airflow/.local/lib/python3.7/site-packages/airflow/example_dags/example_skip_dag.py
[2023-01-25 22:26:51,799] {processor.py:641} INFO - Processing file /home/airflow/.local/lib/python3.7/site-packages/airflow/example_dags/example_skip_dag.py for tasks to queue
[2023-01-25 22:26:51,801] {logging_mixin.py:115} INFO - [2023-01-25 22:26:51,801] {dagbag.py:508} INFO - Filling up the DagBag from /home/airflow/.local/lib/python3.7/site-packages/airflow/example_dags/example_skip_dag.py
[2023-01-25 22:26:51,830] {processor.py:651} INFO - DAG(s) dict_keys(['example_skip_dag']) retrieved from /home/airflow/.local/lib/python3.7/site-packages/airflow/example_dags/example_skip_dag.py
[2023-01-25 22:26:52,074] {logging_mixin.py:115} INFO - [2023-01-25 22:26:52,073] {dag.py:2420} INFO - Sync 1 DAGs
[2023-01-25 22:26:52,171] {logging_mixin.py:115} INFO - [2023-01-25 22:26:52,170] {dag.py:2972} INFO - Setting next_dagrun for example_skip_dag to 2023-01-24T22:26:52.168509+00:00, run_after=2023-01-25T22:26:52.168509+00:00
[2023-01-25 22:26:52,216] {processor.py:161} INFO - Processing /home/airflow/.local/lib/python3.7/site-packages/airflow/example_dags/example_skip_dag.py took 0.426 seconds
[2023-01-25 22:27:23,949] {processor.py:153} INFO - Started process (PID=617) to work on /home/airflow/.local/lib/python3.7/site-packages/airflow/example_dags/example_skip_dag.py
[2023-01-25 22:27:23,951] {processor.py:641} INFO - Processing file /home/airflow/.local/lib/python3.7/site-packages/airflow/example_dags/example_skip_dag.py for tasks to queue
[2023-01-25 22:27:23,953] {logging_mixin.py:115} INFO - [2023-01-25 22:27:23,953] {dagbag.py:508} INFO - Filling up the DagBag from /home/airflow/.local/lib/python3.7/site-packages/airflow/example_dags/example_skip_dag.py
[2023-01-25 22:27:23,980] {processor.py:651} INFO - DAG(s) dict_keys(['example_skip_dag']) retrieved from /home/airflow/.local/lib/python3.7/site-packages/airflow/example_dags/example_skip_dag.py
[2023-01-25 22:27:24,218] {logging_mixin.py:115} INFO - [2023-01-25 22:27:24,218] {dag.py:2420} INFO - Sync 1 DAGs
[2023-01-25 22:27:24,307] {logging_mixin.py:115} INFO - [2023-01-25 22:27:24,306] {dag.py:2972} INFO - Setting next_dagrun for example_skip_dag to 2023-01-24T22:27:24.305005+00:00, run_after=2023-01-25T22:27:24.305005+00:00
[2023-01-25 22:27:24,347] {processor.py:161} INFO - Processing /home/airflow/.local/lib/python3.7/site-packages/airflow/example_dags/example_skip_dag.py took 0.406 seconds
[2023-01-25 22:27:55,909] {processor.py:153} INFO - Started process (PID=729) to work on /home/airflow/.local/lib/python3.7/site-packages/airflow/example_dags/example_skip_dag.py
[2023-01-25 22:27:55,911] {processor.py:641} INFO - Processing file /home/airflow/.local/lib/python3.7/site-packages/airflow/example_dags/example_skip_dag.py for tasks to queue
[2023-01-25 22:27:55,913] {logging_mixin.py:115} INFO - [2023-01-25 22:27:55,913] {dagbag.py:508} INFO - Filling up the DagBag from /home/airflow/.local/lib/python3.7/site-packages/airflow/example_dags/example_skip_dag.py
[2023-01-25 22:27:55,941] {processor.py:651} INFO - DAG(s) dict_keys(['example_skip_dag']) retrieved from /home/airflow/.local/lib/python3.7/site-packages/airflow/example_dags/example_skip_dag.py
[2023-01-25 22:27:56,189] {logging_mixin.py:115} INFO - [2023-01-25 22:27:56,189] {dag.py:2420} INFO - Sync 1 DAGs
[2023-01-25 22:27:56,278] {logging_mixin.py:115} INFO - [2023-01-25 22:27:56,277] {dag.py:2972} INFO - Setting next_dagrun for example_skip_dag to 2023-01-24T22:27:56.276502+00:00, run_after=2023-01-25T22:27:56.276502+00:00
[2023-01-25 22:27:56,312] {processor.py:161} INFO - Processing /home/airflow/.local/lib/python3.7/site-packages/airflow/example_dags/example_skip_dag.py took 0.410 seconds
[2023-01-25 22:28:29,539] {processor.py:153} INFO - Started process (PID=845) to work on /home/airflow/.local/lib/python3.7/site-packages/airflow/example_dags/example_skip_dag.py
[2023-01-25 22:28:29,542] {processor.py:641} INFO - Processing file /home/airflow/.local/lib/python3.7/site-packages/airflow/example_dags/example_skip_dag.py for tasks to queue
[2023-01-25 22:28:29,544] {logging_mixin.py:115} INFO - [2023-01-25 22:28:29,544] {dagbag.py:508} INFO - Filling up the DagBag from /home/airflow/.local/lib/python3.7/site-packages/airflow/example_dags/example_skip_dag.py
[2023-01-25 22:28:29,580] {processor.py:651} INFO - DAG(s) dict_keys(['example_skip_dag']) retrieved from /home/airflow/.local/lib/python3.7/site-packages/airflow/example_dags/example_skip_dag.py
[2023-01-25 22:28:29,841] {logging_mixin.py:115} INFO - [2023-01-25 22:28:29,840] {dag.py:2420} INFO - Sync 1 DAGs
[2023-01-25 22:28:29,938] {logging_mixin.py:115} INFO - [2023-01-25 22:28:29,938] {dag.py:2972} INFO - Setting next_dagrun for example_skip_dag to 2023-01-24T22:28:29.936682+00:00, run_after=2023-01-25T22:28:29.936682+00:00
[2023-01-25 22:28:29,977] {processor.py:161} INFO - Processing /home/airflow/.local/lib/python3.7/site-packages/airflow/example_dags/example_skip_dag.py took 0.448 seconds
[2023-01-25 22:29:02,496] {processor.py:153} INFO - Started process (PID=957) to work on /home/airflow/.local/lib/python3.7/site-packages/airflow/example_dags/example_skip_dag.py
[2023-01-25 22:29:02,498] {processor.py:641} INFO - Processing file /home/airflow/.local/lib/python3.7/site-packages/airflow/example_dags/example_skip_dag.py for tasks to queue
[2023-01-25 22:29:02,501] {logging_mixin.py:115} INFO - [2023-01-25 22:29:02,500] {dagbag.py:508} INFO - Filling up the DagBag from /home/airflow/.local/lib/python3.7/site-packages/airflow/example_dags/example_skip_dag.py
[2023-01-25 22:29:02,532] {processor.py:651} INFO - DAG(s) dict_keys(['example_skip_dag']) retrieved from /home/airflow/.local/lib/python3.7/site-packages/airflow/example_dags/example_skip_dag.py
[2023-01-25 22:29:02,781] {logging_mixin.py:115} INFO - [2023-01-25 22:29:02,780] {dag.py:2420} INFO - Sync 1 DAGs
[2023-01-25 22:29:02,877] {logging_mixin.py:115} INFO - [2023-01-25 22:29:02,876] {dag.py:2972} INFO - Setting next_dagrun for example_skip_dag to 2023-01-24T22:29:02.874983+00:00, run_after=2023-01-25T22:29:02.874983+00:00
[2023-01-25 22:29:02,917] {processor.py:161} INFO - Processing /home/airflow/.local/lib/python3.7/site-packages/airflow/example_dags/example_skip_dag.py took 0.430 seconds
[2023-01-25 22:29:35,389] {processor.py:153} INFO - Started process (PID=1071) to work on /home/airflow/.local/lib/python3.7/site-packages/airflow/example_dags/example_skip_dag.py
[2023-01-25 22:29:35,391] {processor.py:641} INFO - Processing file /home/airflow/.local/lib/python3.7/site-packages/airflow/example_dags/example_skip_dag.py for tasks to queue
[2023-01-25 22:29:35,394] {logging_mixin.py:115} INFO - [2023-01-25 22:29:35,393] {dagbag.py:508} INFO - Filling up the DagBag from /home/airflow/.local/lib/python3.7/site-packages/airflow/example_dags/example_skip_dag.py
[2023-01-25 22:29:35,428] {processor.py:651} INFO - DAG(s) dict_keys(['example_skip_dag']) retrieved from /home/airflow/.local/lib/python3.7/site-packages/airflow/example_dags/example_skip_dag.py
[2023-01-25 22:29:35,698] {logging_mixin.py:115} INFO - [2023-01-25 22:29:35,698] {dag.py:2420} INFO - Sync 1 DAGs
[2023-01-25 22:29:35,804] {logging_mixin.py:115} INFO - [2023-01-25 22:29:35,803] {dag.py:2972} INFO - Setting next_dagrun for example_skip_dag to 2023-01-24T22:29:35.802286+00:00, run_after=2023-01-25T22:29:35.802286+00:00
[2023-01-25 22:29:35,844] {processor.py:161} INFO - Processing /home/airflow/.local/lib/python3.7/site-packages/airflow/example_dags/example_skip_dag.py took 0.463 seconds
[2023-01-25 22:30:08,285] {processor.py:153} INFO - Started process (PID=1185) to work on /home/airflow/.local/lib/python3.7/site-packages/airflow/example_dags/example_skip_dag.py
[2023-01-25 22:30:08,287] {processor.py:641} INFO - Processing file /home/airflow/.local/lib/python3.7/site-packages/airflow/example_dags/example_skip_dag.py for tasks to queue
[2023-01-25 22:30:08,289] {logging_mixin.py:115} INFO - [2023-01-25 22:30:08,289] {dagbag.py:508} INFO - Filling up the DagBag from /home/airflow/.local/lib/python3.7/site-packages/airflow/example_dags/example_skip_dag.py
[2023-01-25 22:30:08,312] {processor.py:651} INFO - DAG(s) dict_keys(['example_skip_dag']) retrieved from /home/airflow/.local/lib/python3.7/site-packages/airflow/example_dags/example_skip_dag.py
[2023-01-25 22:30:08,595] {logging_mixin.py:115} INFO - [2023-01-25 22:30:08,594] {dag.py:2420} INFO - Sync 1 DAGs
[2023-01-25 22:30:08,693] {logging_mixin.py:115} INFO - [2023-01-25 22:30:08,692] {dag.py:2972} INFO - Setting next_dagrun for example_skip_dag to 2023-01-24T22:30:08.690905+00:00, run_after=2023-01-25T22:30:08.690905+00:00
[2023-01-25 22:30:08,730] {processor.py:161} INFO - Processing /home/airflow/.local/lib/python3.7/site-packages/airflow/example_dags/example_skip_dag.py took 0.455 seconds
[2023-01-25 22:30:40,982] {processor.py:153} INFO - Started process (PID=1299) to work on /home/airflow/.local/lib/python3.7/site-packages/airflow/example_dags/example_skip_dag.py
[2023-01-25 22:30:40,984] {processor.py:641} INFO - Processing file /home/airflow/.local/lib/python3.7/site-packages/airflow/example_dags/example_skip_dag.py for tasks to queue
[2023-01-25 22:30:40,986] {logging_mixin.py:115} INFO - [2023-01-25 22:30:40,986] {dagbag.py:508} INFO - Filling up the DagBag from /home/airflow/.local/lib/python3.7/site-packages/airflow/example_dags/example_skip_dag.py
[2023-01-25 22:30:41,008] {processor.py:651} INFO - DAG(s) dict_keys(['example_skip_dag']) retrieved from /home/airflow/.local/lib/python3.7/site-packages/airflow/example_dags/example_skip_dag.py
[2023-01-25 22:30:41,284] {logging_mixin.py:115} INFO - [2023-01-25 22:30:41,284] {dag.py:2420} INFO - Sync 1 DAGs
[2023-01-25 22:30:41,386] {logging_mixin.py:115} INFO - [2023-01-25 22:30:41,385] {dag.py:2972} INFO - Setting next_dagrun for example_skip_dag to 2023-01-24T22:30:41.384014+00:00, run_after=2023-01-25T22:30:41.384014+00:00
[2023-01-25 22:30:41,426] {processor.py:161} INFO - Processing /home/airflow/.local/lib/python3.7/site-packages/airflow/example_dags/example_skip_dag.py took 0.452 seconds
[2023-01-25 22:31:12,520] {processor.py:153} INFO - Started process (PID=1413) to work on /home/airflow/.local/lib/python3.7/site-packages/airflow/example_dags/example_skip_dag.py
[2023-01-25 22:31:12,522] {processor.py:641} INFO - Processing file /home/airflow/.local/lib/python3.7/site-packages/airflow/example_dags/example_skip_dag.py for tasks to queue
[2023-01-25 22:31:12,524] {logging_mixin.py:115} INFO - [2023-01-25 22:31:12,524] {dagbag.py:508} INFO - Filling up the DagBag from /home/airflow/.local/lib/python3.7/site-packages/airflow/example_dags/example_skip_dag.py
[2023-01-25 22:31:12,548] {processor.py:651} INFO - DAG(s) dict_keys(['example_skip_dag']) retrieved from /home/airflow/.local/lib/python3.7/site-packages/airflow/example_dags/example_skip_dag.py
[2023-01-25 22:31:12,819] {logging_mixin.py:115} INFO - [2023-01-25 22:31:12,819] {dag.py:2420} INFO - Sync 1 DAGs
[2023-01-25 22:31:12,919] {logging_mixin.py:115} INFO - [2023-01-25 22:31:12,918] {dag.py:2972} INFO - Setting next_dagrun for example_skip_dag to 2023-01-24T22:31:12.916295+00:00, run_after=2023-01-25T22:31:12.916295+00:00
[2023-01-25 22:31:12,961] {processor.py:161} INFO - Processing /home/airflow/.local/lib/python3.7/site-packages/airflow/example_dags/example_skip_dag.py took 0.449 seconds
[2023-01-25 22:31:43,613] {processor.py:153} INFO - Started process (PID=1525) to work on /home/airflow/.local/lib/python3.7/site-packages/airflow/example_dags/example_skip_dag.py
[2023-01-25 22:31:43,615] {processor.py:641} INFO - Processing file /home/airflow/.local/lib/python3.7/site-packages/airflow/example_dags/example_skip_dag.py for tasks to queue
[2023-01-25 22:31:43,617] {logging_mixin.py:115} INFO - [2023-01-25 22:31:43,617] {dagbag.py:508} INFO - Filling up the DagBag from /home/airflow/.local/lib/python3.7/site-packages/airflow/example_dags/example_skip_dag.py
[2023-01-25 22:31:43,637] {processor.py:651} INFO - DAG(s) dict_keys(['example_skip_dag']) retrieved from /home/airflow/.local/lib/python3.7/site-packages/airflow/example_dags/example_skip_dag.py
[2023-01-25 22:31:43,897] {logging_mixin.py:115} INFO - [2023-01-25 22:31:43,896] {dag.py:2420} INFO - Sync 1 DAGs
[2023-01-25 22:31:44,019] {logging_mixin.py:115} INFO - [2023-01-25 22:31:44,018] {dag.py:2972} INFO - Setting next_dagrun for example_skip_dag to 2023-01-24T22:31:44.014227+00:00, run_after=2023-01-25T22:31:44.014227+00:00
[2023-01-25 22:31:44,068] {processor.py:161} INFO - Processing /home/airflow/.local/lib/python3.7/site-packages/airflow/example_dags/example_skip_dag.py took 0.462 seconds
[2023-01-25 22:32:14,308] {processor.py:153} INFO - Started process (PID=1636) to work on /home/airflow/.local/lib/python3.7/site-packages/airflow/example_dags/example_skip_dag.py
[2023-01-25 22:32:14,310] {processor.py:641} INFO - Processing file /home/airflow/.local/lib/python3.7/site-packages/airflow/example_dags/example_skip_dag.py for tasks to queue
[2023-01-25 22:32:14,312] {logging_mixin.py:115} INFO - [2023-01-25 22:32:14,312] {dagbag.py:508} INFO - Filling up the DagBag from /home/airflow/.local/lib/python3.7/site-packages/airflow/example_dags/example_skip_dag.py
[2023-01-25 22:32:14,333] {processor.py:651} INFO - DAG(s) dict_keys(['example_skip_dag']) retrieved from /home/airflow/.local/lib/python3.7/site-packages/airflow/example_dags/example_skip_dag.py
[2023-01-25 22:32:14,571] {logging_mixin.py:115} INFO - [2023-01-25 22:32:14,571] {dag.py:2420} INFO - Sync 1 DAGs
[2023-01-25 22:32:14,656] {logging_mixin.py:115} INFO - [2023-01-25 22:32:14,656] {dag.py:2972} INFO - Setting next_dagrun for example_skip_dag to 2023-01-24T22:32:14.654652+00:00, run_after=2023-01-25T22:32:14.654652+00:00
[2023-01-25 22:32:14,694] {processor.py:161} INFO - Processing /home/airflow/.local/lib/python3.7/site-packages/airflow/example_dags/example_skip_dag.py took 0.394 seconds
[2023-01-25 22:32:45,494] {processor.py:153} INFO - Started process (PID=1750) to work on /home/airflow/.local/lib/python3.7/site-packages/airflow/example_dags/example_skip_dag.py
[2023-01-25 22:32:45,496] {processor.py:641} INFO - Processing file /home/airflow/.local/lib/python3.7/site-packages/airflow/example_dags/example_skip_dag.py for tasks to queue
[2023-01-25 22:32:45,498] {logging_mixin.py:115} INFO - [2023-01-25 22:32:45,497] {dagbag.py:508} INFO - Filling up the DagBag from /home/airflow/.local/lib/python3.7/site-packages/airflow/example_dags/example_skip_dag.py
[2023-01-25 22:32:45,518] {processor.py:651} INFO - DAG(s) dict_keys(['example_skip_dag']) retrieved from /home/airflow/.local/lib/python3.7/site-packages/airflow/example_dags/example_skip_dag.py
[2023-01-25 22:32:45,785] {logging_mixin.py:115} INFO - [2023-01-25 22:32:45,785] {dag.py:2420} INFO - Sync 1 DAGs
[2023-01-25 22:32:45,889] {logging_mixin.py:115} INFO - [2023-01-25 22:32:45,888] {dag.py:2972} INFO - Setting next_dagrun for example_skip_dag to 2023-01-24T22:32:45.886999+00:00, run_after=2023-01-25T22:32:45.886999+00:00
[2023-01-25 22:32:45,930] {processor.py:161} INFO - Processing /home/airflow/.local/lib/python3.7/site-packages/airflow/example_dags/example_skip_dag.py took 0.446 seconds
[2023-01-25 22:33:16,362] {processor.py:153} INFO - Started process (PID=1864) to work on /home/airflow/.local/lib/python3.7/site-packages/airflow/example_dags/example_skip_dag.py
[2023-01-25 22:33:16,364] {processor.py:641} INFO - Processing file /home/airflow/.local/lib/python3.7/site-packages/airflow/example_dags/example_skip_dag.py for tasks to queue
[2023-01-25 22:33:16,366] {logging_mixin.py:115} INFO - [2023-01-25 22:33:16,366] {dagbag.py:508} INFO - Filling up the DagBag from /home/airflow/.local/lib/python3.7/site-packages/airflow/example_dags/example_skip_dag.py
[2023-01-25 22:33:16,401] {processor.py:651} INFO - DAG(s) dict_keys(['example_skip_dag']) retrieved from /home/airflow/.local/lib/python3.7/site-packages/airflow/example_dags/example_skip_dag.py
[2023-01-25 22:33:16,784] {logging_mixin.py:115} INFO - [2023-01-25 22:33:16,783] {dag.py:2420} INFO - Sync 1 DAGs
[2023-01-25 22:33:16,906] {logging_mixin.py:115} INFO - [2023-01-25 22:33:16,905] {dag.py:2972} INFO - Setting next_dagrun for example_skip_dag to 2023-01-24T22:33:16.903310+00:00, run_after=2023-01-25T22:33:16.903310+00:00
[2023-01-25 22:33:16,956] {processor.py:161} INFO - Processing /home/airflow/.local/lib/python3.7/site-packages/airflow/example_dags/example_skip_dag.py took 0.603 seconds
[2023-01-25 22:33:47,231] {processor.py:153} INFO - Started process (PID=1976) to work on /home/airflow/.local/lib/python3.7/site-packages/airflow/example_dags/example_skip_dag.py
[2023-01-25 22:33:47,233] {processor.py:641} INFO - Processing file /home/airflow/.local/lib/python3.7/site-packages/airflow/example_dags/example_skip_dag.py for tasks to queue
[2023-01-25 22:33:47,235] {logging_mixin.py:115} INFO - [2023-01-25 22:33:47,235] {dagbag.py:508} INFO - Filling up the DagBag from /home/airflow/.local/lib/python3.7/site-packages/airflow/example_dags/example_skip_dag.py
[2023-01-25 22:33:47,259] {processor.py:651} INFO - DAG(s) dict_keys(['example_skip_dag']) retrieved from /home/airflow/.local/lib/python3.7/site-packages/airflow/example_dags/example_skip_dag.py
[2023-01-25 22:33:47,535] {logging_mixin.py:115} INFO - [2023-01-25 22:33:47,534] {dag.py:2420} INFO - Sync 1 DAGs
[2023-01-25 22:33:47,628] {logging_mixin.py:115} INFO - [2023-01-25 22:33:47,627] {dag.py:2972} INFO - Setting next_dagrun for example_skip_dag to 2023-01-24T22:33:47.626225+00:00, run_after=2023-01-25T22:33:47.626225+00:00
[2023-01-25 22:33:47,670] {processor.py:161} INFO - Processing /home/airflow/.local/lib/python3.7/site-packages/airflow/example_dags/example_skip_dag.py took 0.448 seconds
[2023-01-25 22:34:18,196] {processor.py:153} INFO - Started process (PID=2091) to work on /home/airflow/.local/lib/python3.7/site-packages/airflow/example_dags/example_skip_dag.py
[2023-01-25 22:34:18,198] {processor.py:641} INFO - Processing file /home/airflow/.local/lib/python3.7/site-packages/airflow/example_dags/example_skip_dag.py for tasks to queue
[2023-01-25 22:34:18,200] {logging_mixin.py:115} INFO - [2023-01-25 22:34:18,199] {dagbag.py:508} INFO - Filling up the DagBag from /home/airflow/.local/lib/python3.7/site-packages/airflow/example_dags/example_skip_dag.py
[2023-01-25 22:34:18,223] {processor.py:651} INFO - DAG(s) dict_keys(['example_skip_dag']) retrieved from /home/airflow/.local/lib/python3.7/site-packages/airflow/example_dags/example_skip_dag.py
[2023-01-25 22:34:18,504] {logging_mixin.py:115} INFO - [2023-01-25 22:34:18,504] {dag.py:2420} INFO - Sync 1 DAGs
[2023-01-25 22:34:18,599] {logging_mixin.py:115} INFO - [2023-01-25 22:34:18,598] {dag.py:2972} INFO - Setting next_dagrun for example_skip_dag to 2023-01-24T22:34:18.596407+00:00, run_after=2023-01-25T22:34:18.596407+00:00
[2023-01-25 22:34:18,643] {processor.py:161} INFO - Processing /home/airflow/.local/lib/python3.7/site-packages/airflow/example_dags/example_skip_dag.py took 0.456 seconds
[2023-01-25 22:34:48,810] {processor.py:153} INFO - Started process (PID=2203) to work on /home/airflow/.local/lib/python3.7/site-packages/airflow/example_dags/example_skip_dag.py
[2023-01-25 22:34:48,813] {processor.py:641} INFO - Processing file /home/airflow/.local/lib/python3.7/site-packages/airflow/example_dags/example_skip_dag.py for tasks to queue
[2023-01-25 22:34:48,816] {logging_mixin.py:115} INFO - [2023-01-25 22:34:48,815] {dagbag.py:508} INFO - Filling up the DagBag from /home/airflow/.local/lib/python3.7/site-packages/airflow/example_dags/example_skip_dag.py
[2023-01-25 22:34:48,842] {processor.py:651} INFO - DAG(s) dict_keys(['example_skip_dag']) retrieved from /home/airflow/.local/lib/python3.7/site-packages/airflow/example_dags/example_skip_dag.py
[2023-01-25 22:34:49,150] {logging_mixin.py:115} INFO - [2023-01-25 22:34:49,150] {dag.py:2420} INFO - Sync 1 DAGs
[2023-01-25 22:34:49,234] {logging_mixin.py:115} INFO - [2023-01-25 22:34:49,234] {dag.py:2972} INFO - Setting next_dagrun for example_skip_dag to 2023-01-24T22:34:49.232434+00:00, run_after=2023-01-25T22:34:49.232434+00:00
[2023-01-25 22:34:49,269] {processor.py:161} INFO - Processing /home/airflow/.local/lib/python3.7/site-packages/airflow/example_dags/example_skip_dag.py took 0.474 seconds
[2023-01-25 22:35:19,589] {processor.py:153} INFO - Started process (PID=2315) to work on /home/airflow/.local/lib/python3.7/site-packages/airflow/example_dags/example_skip_dag.py
[2023-01-25 22:35:19,591] {processor.py:641} INFO - Processing file /home/airflow/.local/lib/python3.7/site-packages/airflow/example_dags/example_skip_dag.py for tasks to queue
[2023-01-25 22:35:19,594] {logging_mixin.py:115} INFO - [2023-01-25 22:35:19,593] {dagbag.py:508} INFO - Filling up the DagBag from /home/airflow/.local/lib/python3.7/site-packages/airflow/example_dags/example_skip_dag.py
[2023-01-25 22:35:19,618] {processor.py:651} INFO - DAG(s) dict_keys(['example_skip_dag']) retrieved from /home/airflow/.local/lib/python3.7/site-packages/airflow/example_dags/example_skip_dag.py
[2023-01-25 22:35:19,704] {logging_mixin.py:115} INFO - [2023-01-25 22:35:19,704] {dag.py:2420} INFO - Sync 1 DAGs
[2023-01-25 22:35:19,796] {logging_mixin.py:115} INFO - [2023-01-25 22:35:19,795] {dag.py:2972} INFO - Setting next_dagrun for example_skip_dag to 2023-01-24T22:35:19.793659+00:00, run_after=2023-01-25T22:35:19.793659+00:00
[2023-01-25 22:35:19,837] {processor.py:161} INFO - Processing /home/airflow/.local/lib/python3.7/site-packages/airflow/example_dags/example_skip_dag.py took 0.256 seconds
[2023-01-25 22:35:50,000] {processor.py:153} INFO - Started process (PID=2428) to work on /home/airflow/.local/lib/python3.7/site-packages/airflow/example_dags/example_skip_dag.py
[2023-01-25 22:35:50,002] {processor.py:641} INFO - Processing file /home/airflow/.local/lib/python3.7/site-packages/airflow/example_dags/example_skip_dag.py for tasks to queue
[2023-01-25 22:35:50,005] {logging_mixin.py:115} INFO - [2023-01-25 22:35:50,004] {dagbag.py:508} INFO - Filling up the DagBag from /home/airflow/.local/lib/python3.7/site-packages/airflow/example_dags/example_skip_dag.py
[2023-01-25 22:35:50,027] {processor.py:651} INFO - DAG(s) dict_keys(['example_skip_dag']) retrieved from /home/airflow/.local/lib/python3.7/site-packages/airflow/example_dags/example_skip_dag.py
[2023-01-25 22:35:50,118] {logging_mixin.py:115} INFO - [2023-01-25 22:35:50,118] {dag.py:2420} INFO - Sync 1 DAGs
[2023-01-25 22:35:50,222] {logging_mixin.py:115} INFO - [2023-01-25 22:35:50,221] {dag.py:2972} INFO - Setting next_dagrun for example_skip_dag to 2023-01-24T22:35:50.219504+00:00, run_after=2023-01-25T22:35:50.219504+00:00
[2023-01-25 22:35:50,264] {processor.py:161} INFO - Processing /home/airflow/.local/lib/python3.7/site-packages/airflow/example_dags/example_skip_dag.py took 0.273 seconds
[2023-01-25 22:36:22,108] {processor.py:153} INFO - Started process (PID=2542) to work on /home/airflow/.local/lib/python3.7/site-packages/airflow/example_dags/example_skip_dag.py
[2023-01-25 22:36:22,111] {processor.py:641} INFO - Processing file /home/airflow/.local/lib/python3.7/site-packages/airflow/example_dags/example_skip_dag.py for tasks to queue
[2023-01-25 22:36:22,113] {logging_mixin.py:115} INFO - [2023-01-25 22:36:22,113] {dagbag.py:508} INFO - Filling up the DagBag from /home/airflow/.local/lib/python3.7/site-packages/airflow/example_dags/example_skip_dag.py
[2023-01-25 22:36:22,139] {processor.py:651} INFO - DAG(s) dict_keys(['example_skip_dag']) retrieved from /home/airflow/.local/lib/python3.7/site-packages/airflow/example_dags/example_skip_dag.py
[2023-01-25 22:36:22,242] {logging_mixin.py:115} INFO - [2023-01-25 22:36:22,242] {dag.py:2420} INFO - Sync 1 DAGs
[2023-01-25 22:36:22,343] {logging_mixin.py:115} INFO - [2023-01-25 22:36:22,342] {dag.py:2972} INFO - Setting next_dagrun for example_skip_dag to 2023-01-24T22:36:22.340747+00:00, run_after=2023-01-25T22:36:22.340747+00:00
[2023-01-25 22:36:22,394] {processor.py:161} INFO - Processing /home/airflow/.local/lib/python3.7/site-packages/airflow/example_dags/example_skip_dag.py took 0.295 seconds
[2023-01-25 22:36:52,610] {processor.py:153} INFO - Started process (PID=2652) to work on /home/airflow/.local/lib/python3.7/site-packages/airflow/example_dags/example_skip_dag.py
[2023-01-25 22:36:52,612] {processor.py:641} INFO - Processing file /home/airflow/.local/lib/python3.7/site-packages/airflow/example_dags/example_skip_dag.py for tasks to queue
[2023-01-25 22:36:52,614] {logging_mixin.py:115} INFO - [2023-01-25 22:36:52,614] {dagbag.py:508} INFO - Filling up the DagBag from /home/airflow/.local/lib/python3.7/site-packages/airflow/example_dags/example_skip_dag.py
[2023-01-25 22:36:52,636] {processor.py:651} INFO - DAG(s) dict_keys(['example_skip_dag']) retrieved from /home/airflow/.local/lib/python3.7/site-packages/airflow/example_dags/example_skip_dag.py
[2023-01-25 22:36:52,719] {logging_mixin.py:115} INFO - [2023-01-25 22:36:52,718] {dag.py:2420} INFO - Sync 1 DAGs
[2023-01-25 22:36:52,813] {logging_mixin.py:115} INFO - [2023-01-25 22:36:52,813] {dag.py:2972} INFO - Setting next_dagrun for example_skip_dag to 2023-01-24T22:36:52.811321+00:00, run_after=2023-01-25T22:36:52.811321+00:00
[2023-01-25 22:36:52,852] {processor.py:161} INFO - Processing /home/airflow/.local/lib/python3.7/site-packages/airflow/example_dags/example_skip_dag.py took 0.251 seconds
[2023-01-25 22:37:22,956] {processor.py:153} INFO - Started process (PID=2763) to work on /home/airflow/.local/lib/python3.7/site-packages/airflow/example_dags/example_skip_dag.py
[2023-01-25 22:37:22,958] {processor.py:641} INFO - Processing file /home/airflow/.local/lib/python3.7/site-packages/airflow/example_dags/example_skip_dag.py for tasks to queue
[2023-01-25 22:37:22,960] {logging_mixin.py:115} INFO - [2023-01-25 22:37:22,960] {dagbag.py:508} INFO - Filling up the DagBag from /home/airflow/.local/lib/python3.7/site-packages/airflow/example_dags/example_skip_dag.py
[2023-01-25 22:37:22,984] {processor.py:651} INFO - DAG(s) dict_keys(['example_skip_dag']) retrieved from /home/airflow/.local/lib/python3.7/site-packages/airflow/example_dags/example_skip_dag.py
[2023-01-25 22:37:23,071] {logging_mixin.py:115} INFO - [2023-01-25 22:37:23,070] {dag.py:2420} INFO - Sync 1 DAGs
[2023-01-25 22:37:23,167] {logging_mixin.py:115} INFO - [2023-01-25 22:37:23,167] {dag.py:2972} INFO - Setting next_dagrun for example_skip_dag to 2023-01-24T22:37:23.165458+00:00, run_after=2023-01-25T22:37:23.165458+00:00
[2023-01-25 22:37:23,205] {processor.py:161} INFO - Processing /home/airflow/.local/lib/python3.7/site-packages/airflow/example_dags/example_skip_dag.py took 0.257 seconds
[2023-01-25 22:37:53,923] {processor.py:153} INFO - Started process (PID=2877) to work on /home/airflow/.local/lib/python3.7/site-packages/airflow/example_dags/example_skip_dag.py
[2023-01-25 22:37:53,925] {processor.py:641} INFO - Processing file /home/airflow/.local/lib/python3.7/site-packages/airflow/example_dags/example_skip_dag.py for tasks to queue
[2023-01-25 22:37:53,929] {logging_mixin.py:115} INFO - [2023-01-25 22:37:53,928] {dagbag.py:508} INFO - Filling up the DagBag from /home/airflow/.local/lib/python3.7/site-packages/airflow/example_dags/example_skip_dag.py
[2023-01-25 22:37:53,965] {processor.py:651} INFO - DAG(s) dict_keys(['example_skip_dag']) retrieved from /home/airflow/.local/lib/python3.7/site-packages/airflow/example_dags/example_skip_dag.py
[2023-01-25 22:37:54,069] {logging_mixin.py:115} INFO - [2023-01-25 22:37:54,068] {dag.py:2420} INFO - Sync 1 DAGs
[2023-01-25 22:37:54,162] {logging_mixin.py:115} INFO - [2023-01-25 22:37:54,162] {dag.py:2972} INFO - Setting next_dagrun for example_skip_dag to 2023-01-24T22:37:54.160304+00:00, run_after=2023-01-25T22:37:54.160304+00:00
[2023-01-25 22:37:54,205] {processor.py:161} INFO - Processing /home/airflow/.local/lib/python3.7/site-packages/airflow/example_dags/example_skip_dag.py took 0.294 seconds
[2023-01-25 22:38:24,634] {processor.py:153} INFO - Started process (PID=2991) to work on /home/airflow/.local/lib/python3.7/site-packages/airflow/example_dags/example_skip_dag.py
[2023-01-25 22:38:24,636] {processor.py:641} INFO - Processing file /home/airflow/.local/lib/python3.7/site-packages/airflow/example_dags/example_skip_dag.py for tasks to queue
[2023-01-25 22:38:24,639] {logging_mixin.py:115} INFO - [2023-01-25 22:38:24,638] {dagbag.py:508} INFO - Filling up the DagBag from /home/airflow/.local/lib/python3.7/site-packages/airflow/example_dags/example_skip_dag.py
[2023-01-25 22:38:24,663] {processor.py:651} INFO - DAG(s) dict_keys(['example_skip_dag']) retrieved from /home/airflow/.local/lib/python3.7/site-packages/airflow/example_dags/example_skip_dag.py
[2023-01-25 22:38:24,750] {logging_mixin.py:115} INFO - [2023-01-25 22:38:24,749] {dag.py:2420} INFO - Sync 1 DAGs
[2023-01-25 22:38:24,857] {logging_mixin.py:115} INFO - [2023-01-25 22:38:24,857] {dag.py:2972} INFO - Setting next_dagrun for example_skip_dag to 2023-01-24T22:38:24.854734+00:00, run_after=2023-01-25T22:38:24.854734+00:00
[2023-01-25 22:38:24,905] {processor.py:161} INFO - Processing /home/airflow/.local/lib/python3.7/site-packages/airflow/example_dags/example_skip_dag.py took 0.280 seconds
[2023-01-25 22:38:55,364] {processor.py:153} INFO - Started process (PID=3102) to work on /home/airflow/.local/lib/python3.7/site-packages/airflow/example_dags/example_skip_dag.py
[2023-01-25 22:38:55,376] {processor.py:641} INFO - Processing file /home/airflow/.local/lib/python3.7/site-packages/airflow/example_dags/example_skip_dag.py for tasks to queue
[2023-01-25 22:38:55,387] {logging_mixin.py:115} INFO - [2023-01-25 22:38:55,382] {dagbag.py:508} INFO - Filling up the DagBag from /home/airflow/.local/lib/python3.7/site-packages/airflow/example_dags/example_skip_dag.py
[2023-01-25 22:38:55,484] {processor.py:651} INFO - DAG(s) dict_keys(['example_skip_dag']) retrieved from /home/airflow/.local/lib/python3.7/site-packages/airflow/example_dags/example_skip_dag.py
[2023-01-25 22:38:55,650] {logging_mixin.py:115} INFO - [2023-01-25 22:38:55,650] {dag.py:2420} INFO - Sync 1 DAGs
[2023-01-25 22:38:55,799] {logging_mixin.py:115} INFO - [2023-01-25 22:38:55,798] {dag.py:2972} INFO - Setting next_dagrun for example_skip_dag to 2023-01-24T22:38:55.796901+00:00, run_after=2023-01-25T22:38:55.796901+00:00
[2023-01-25 22:38:55,846] {processor.py:161} INFO - Processing /home/airflow/.local/lib/python3.7/site-packages/airflow/example_dags/example_skip_dag.py took 0.542 seconds
[2023-01-25 22:39:26,076] {processor.py:153} INFO - Started process (PID=3206) to work on /home/airflow/.local/lib/python3.7/site-packages/airflow/example_dags/example_skip_dag.py
[2023-01-25 22:39:26,078] {processor.py:641} INFO - Processing file /home/airflow/.local/lib/python3.7/site-packages/airflow/example_dags/example_skip_dag.py for tasks to queue
[2023-01-25 22:39:26,080] {logging_mixin.py:115} INFO - [2023-01-25 22:39:26,080] {dagbag.py:508} INFO - Filling up the DagBag from /home/airflow/.local/lib/python3.7/site-packages/airflow/example_dags/example_skip_dag.py
[2023-01-25 22:39:26,100] {processor.py:651} INFO - DAG(s) dict_keys(['example_skip_dag']) retrieved from /home/airflow/.local/lib/python3.7/site-packages/airflow/example_dags/example_skip_dag.py
[2023-01-25 22:39:26,179] {logging_mixin.py:115} INFO - [2023-01-25 22:39:26,179] {dag.py:2420} INFO - Sync 1 DAGs
[2023-01-25 22:39:26,268] {logging_mixin.py:115} INFO - [2023-01-25 22:39:26,267] {dag.py:2972} INFO - Setting next_dagrun for example_skip_dag to 2023-01-24T22:39:26.266185+00:00, run_after=2023-01-25T22:39:26.266185+00:00
[2023-01-25 22:39:26,304] {processor.py:161} INFO - Processing /home/airflow/.local/lib/python3.7/site-packages/airflow/example_dags/example_skip_dag.py took 0.236 seconds
[2023-01-25 22:39:56,494] {processor.py:153} INFO - Started process (PID=3319) to work on /home/airflow/.local/lib/python3.7/site-packages/airflow/example_dags/example_skip_dag.py
[2023-01-25 22:39:56,496] {processor.py:641} INFO - Processing file /home/airflow/.local/lib/python3.7/site-packages/airflow/example_dags/example_skip_dag.py for tasks to queue
[2023-01-25 22:39:56,498] {logging_mixin.py:115} INFO - [2023-01-25 22:39:56,498] {dagbag.py:508} INFO - Filling up the DagBag from /home/airflow/.local/lib/python3.7/site-packages/airflow/example_dags/example_skip_dag.py
[2023-01-25 22:39:56,528] {processor.py:651} INFO - DAG(s) dict_keys(['example_skip_dag']) retrieved from /home/airflow/.local/lib/python3.7/site-packages/airflow/example_dags/example_skip_dag.py
[2023-01-25 22:39:56,666] {logging_mixin.py:115} INFO - [2023-01-25 22:39:56,665] {dag.py:2420} INFO - Sync 1 DAGs
[2023-01-25 22:39:56,780] {logging_mixin.py:115} INFO - [2023-01-25 22:39:56,780] {dag.py:2972} INFO - Setting next_dagrun for example_skip_dag to 2023-01-24T22:39:56.778489+00:00, run_after=2023-01-25T22:39:56.778489+00:00
[2023-01-25 22:39:56,819] {processor.py:161} INFO - Processing /home/airflow/.local/lib/python3.7/site-packages/airflow/example_dags/example_skip_dag.py took 0.333 seconds
[2023-01-25 22:40:27,118] {processor.py:153} INFO - Started process (PID=3433) to work on /home/airflow/.local/lib/python3.7/site-packages/airflow/example_dags/example_skip_dag.py
[2023-01-25 22:40:27,119] {processor.py:641} INFO - Processing file /home/airflow/.local/lib/python3.7/site-packages/airflow/example_dags/example_skip_dag.py for tasks to queue
[2023-01-25 22:40:27,122] {logging_mixin.py:115} INFO - [2023-01-25 22:40:27,121] {dagbag.py:508} INFO - Filling up the DagBag from /home/airflow/.local/lib/python3.7/site-packages/airflow/example_dags/example_skip_dag.py
[2023-01-25 22:40:27,144] {processor.py:651} INFO - DAG(s) dict_keys(['example_skip_dag']) retrieved from /home/airflow/.local/lib/python3.7/site-packages/airflow/example_dags/example_skip_dag.py
[2023-01-25 22:40:27,230] {logging_mixin.py:115} INFO - [2023-01-25 22:40:27,229] {dag.py:2420} INFO - Sync 1 DAGs
[2023-01-25 22:40:27,317] {logging_mixin.py:115} INFO - [2023-01-25 22:40:27,316] {dag.py:2972} INFO - Setting next_dagrun for example_skip_dag to 2023-01-24T22:40:27.314980+00:00, run_after=2023-01-25T22:40:27.314980+00:00
[2023-01-25 22:40:27,355] {processor.py:161} INFO - Processing /home/airflow/.local/lib/python3.7/site-packages/airflow/example_dags/example_skip_dag.py took 0.245 seconds
[2023-01-25 22:40:58,379] {processor.py:153} INFO - Started process (PID=3547) to work on /home/airflow/.local/lib/python3.7/site-packages/airflow/example_dags/example_skip_dag.py
[2023-01-25 22:40:58,381] {processor.py:641} INFO - Processing file /home/airflow/.local/lib/python3.7/site-packages/airflow/example_dags/example_skip_dag.py for tasks to queue
[2023-01-25 22:40:58,383] {logging_mixin.py:115} INFO - [2023-01-25 22:40:58,383] {dagbag.py:508} INFO - Filling up the DagBag from /home/airflow/.local/lib/python3.7/site-packages/airflow/example_dags/example_skip_dag.py
[2023-01-25 22:40:58,403] {processor.py:651} INFO - DAG(s) dict_keys(['example_skip_dag']) retrieved from /home/airflow/.local/lib/python3.7/site-packages/airflow/example_dags/example_skip_dag.py
[2023-01-25 22:40:58,486] {logging_mixin.py:115} INFO - [2023-01-25 22:40:58,486] {dag.py:2420} INFO - Sync 1 DAGs
[2023-01-25 22:40:58,581] {logging_mixin.py:115} INFO - [2023-01-25 22:40:58,580] {dag.py:2972} INFO - Setting next_dagrun for example_skip_dag to 2023-01-24T22:40:58.578948+00:00, run_after=2023-01-25T22:40:58.578948+00:00
[2023-01-25 22:40:58,626] {processor.py:161} INFO - Processing /home/airflow/.local/lib/python3.7/site-packages/airflow/example_dags/example_skip_dag.py took 0.255 seconds
[2023-01-25 22:41:29,425] {processor.py:153} INFO - Started process (PID=3670) to work on /home/airflow/.local/lib/python3.7/site-packages/airflow/example_dags/example_skip_dag.py
[2023-01-25 22:41:29,427] {processor.py:641} INFO - Processing file /home/airflow/.local/lib/python3.7/site-packages/airflow/example_dags/example_skip_dag.py for tasks to queue
[2023-01-25 22:41:29,430] {logging_mixin.py:115} INFO - [2023-01-25 22:41:29,429] {dagbag.py:508} INFO - Filling up the DagBag from /home/airflow/.local/lib/python3.7/site-packages/airflow/example_dags/example_skip_dag.py
[2023-01-25 22:41:29,450] {processor.py:651} INFO - DAG(s) dict_keys(['example_skip_dag']) retrieved from /home/airflow/.local/lib/python3.7/site-packages/airflow/example_dags/example_skip_dag.py
[2023-01-25 22:41:29,535] {logging_mixin.py:115} INFO - [2023-01-25 22:41:29,534] {dag.py:2420} INFO - Sync 1 DAGs
[2023-01-25 22:41:29,641] {logging_mixin.py:115} INFO - [2023-01-25 22:41:29,640] {dag.py:2972} INFO - Setting next_dagrun for example_skip_dag to 2023-01-24T22:41:29.639088+00:00, run_after=2023-01-25T22:41:29.639088+00:00
[2023-01-25 22:41:29,683] {processor.py:161} INFO - Processing /home/airflow/.local/lib/python3.7/site-packages/airflow/example_dags/example_skip_dag.py took 0.265 seconds
[2023-01-25 22:42:01,426] {processor.py:153} INFO - Started process (PID=3789) to work on /home/airflow/.local/lib/python3.7/site-packages/airflow/example_dags/example_skip_dag.py
[2023-01-25 22:42:01,428] {processor.py:641} INFO - Processing file /home/airflow/.local/lib/python3.7/site-packages/airflow/example_dags/example_skip_dag.py for tasks to queue
[2023-01-25 22:42:01,430] {logging_mixin.py:115} INFO - [2023-01-25 22:42:01,430] {dagbag.py:508} INFO - Filling up the DagBag from /home/airflow/.local/lib/python3.7/site-packages/airflow/example_dags/example_skip_dag.py
[2023-01-25 22:42:01,473] {processor.py:651} INFO - DAG(s) dict_keys(['example_skip_dag']) retrieved from /home/airflow/.local/lib/python3.7/site-packages/airflow/example_dags/example_skip_dag.py
[2023-01-25 22:42:01,570] {logging_mixin.py:115} INFO - [2023-01-25 22:42:01,570] {dag.py:2420} INFO - Sync 1 DAGs
[2023-01-25 22:42:01,698] {logging_mixin.py:115} INFO - [2023-01-25 22:42:01,697] {dag.py:2972} INFO - Setting next_dagrun for example_skip_dag to 2023-01-24T22:42:01.695867+00:00, run_after=2023-01-25T22:42:01.695867+00:00
[2023-01-25 22:42:01,755] {processor.py:161} INFO - Processing /home/airflow/.local/lib/python3.7/site-packages/airflow/example_dags/example_skip_dag.py took 0.339 seconds
[2023-01-25 22:42:34,041] {processor.py:153} INFO - Started process (PID=3904) to work on /home/airflow/.local/lib/python3.7/site-packages/airflow/example_dags/example_skip_dag.py
[2023-01-25 22:42:34,043] {processor.py:641} INFO - Processing file /home/airflow/.local/lib/python3.7/site-packages/airflow/example_dags/example_skip_dag.py for tasks to queue
[2023-01-25 22:42:34,046] {logging_mixin.py:115} INFO - [2023-01-25 22:42:34,045] {dagbag.py:508} INFO - Filling up the DagBag from /home/airflow/.local/lib/python3.7/site-packages/airflow/example_dags/example_skip_dag.py
[2023-01-25 22:42:34,070] {processor.py:651} INFO - DAG(s) dict_keys(['example_skip_dag']) retrieved from /home/airflow/.local/lib/python3.7/site-packages/airflow/example_dags/example_skip_dag.py
[2023-01-25 22:42:34,152] {logging_mixin.py:115} INFO - [2023-01-25 22:42:34,152] {dag.py:2420} INFO - Sync 1 DAGs
[2023-01-25 22:42:34,249] {logging_mixin.py:115} INFO - [2023-01-25 22:42:34,249] {dag.py:2972} INFO - Setting next_dagrun for example_skip_dag to 2023-01-24T22:42:34.247414+00:00, run_after=2023-01-25T22:42:34.247414+00:00
[2023-01-25 22:42:34,289] {processor.py:161} INFO - Processing /home/airflow/.local/lib/python3.7/site-packages/airflow/example_dags/example_skip_dag.py took 0.257 seconds
[2023-01-25 22:43:05,832] {processor.py:153} INFO - Started process (PID=4002) to work on /home/airflow/.local/lib/python3.7/site-packages/airflow/example_dags/example_skip_dag.py
[2023-01-25 22:43:05,834] {processor.py:641} INFO - Processing file /home/airflow/.local/lib/python3.7/site-packages/airflow/example_dags/example_skip_dag.py for tasks to queue
[2023-01-25 22:43:05,836] {logging_mixin.py:115} INFO - [2023-01-25 22:43:05,836] {dagbag.py:508} INFO - Filling up the DagBag from /home/airflow/.local/lib/python3.7/site-packages/airflow/example_dags/example_skip_dag.py
[2023-01-25 22:43:05,858] {processor.py:651} INFO - DAG(s) dict_keys(['example_skip_dag']) retrieved from /home/airflow/.local/lib/python3.7/site-packages/airflow/example_dags/example_skip_dag.py
[2023-01-25 22:43:05,945] {logging_mixin.py:115} INFO - [2023-01-25 22:43:05,945] {dag.py:2420} INFO - Sync 1 DAGs
[2023-01-25 22:43:06,043] {logging_mixin.py:115} INFO - [2023-01-25 22:43:06,043] {dag.py:2972} INFO - Setting next_dagrun for example_skip_dag to 2023-01-24T22:43:06.041317+00:00, run_after=2023-01-25T22:43:06.041317+00:00
[2023-01-25 22:43:06,081] {processor.py:161} INFO - Processing /home/airflow/.local/lib/python3.7/site-packages/airflow/example_dags/example_skip_dag.py took 0.258 seconds
[2023-01-25 22:43:38,609] {processor.py:153} INFO - Started process (PID=4114) to work on /home/airflow/.local/lib/python3.7/site-packages/airflow/example_dags/example_skip_dag.py
[2023-01-25 22:43:38,611] {processor.py:641} INFO - Processing file /home/airflow/.local/lib/python3.7/site-packages/airflow/example_dags/example_skip_dag.py for tasks to queue
[2023-01-25 22:43:38,614] {logging_mixin.py:115} INFO - [2023-01-25 22:43:38,613] {dagbag.py:508} INFO - Filling up the DagBag from /home/airflow/.local/lib/python3.7/site-packages/airflow/example_dags/example_skip_dag.py
[2023-01-25 22:43:38,640] {processor.py:651} INFO - DAG(s) dict_keys(['example_skip_dag']) retrieved from /home/airflow/.local/lib/python3.7/site-packages/airflow/example_dags/example_skip_dag.py
[2023-01-25 22:43:38,722] {logging_mixin.py:115} INFO - [2023-01-25 22:43:38,722] {dag.py:2420} INFO - Sync 1 DAGs
[2023-01-25 22:43:38,818] {logging_mixin.py:115} INFO - [2023-01-25 22:43:38,818] {dag.py:2972} INFO - Setting next_dagrun for example_skip_dag to 2023-01-24T22:43:38.816215+00:00, run_after=2023-01-25T22:43:38.816215+00:00
[2023-01-25 22:43:38,860] {processor.py:161} INFO - Processing /home/airflow/.local/lib/python3.7/site-packages/airflow/example_dags/example_skip_dag.py took 0.260 seconds
[2023-01-25 22:44:10,398] {processor.py:153} INFO - Started process (PID=4224) to work on /home/airflow/.local/lib/python3.7/site-packages/airflow/example_dags/example_skip_dag.py
[2023-01-25 22:44:10,400] {processor.py:641} INFO - Processing file /home/airflow/.local/lib/python3.7/site-packages/airflow/example_dags/example_skip_dag.py for tasks to queue
[2023-01-25 22:44:10,403] {logging_mixin.py:115} INFO - [2023-01-25 22:44:10,403] {dagbag.py:508} INFO - Filling up the DagBag from /home/airflow/.local/lib/python3.7/site-packages/airflow/example_dags/example_skip_dag.py
[2023-01-25 22:44:10,425] {processor.py:651} INFO - DAG(s) dict_keys(['example_skip_dag']) retrieved from /home/airflow/.local/lib/python3.7/site-packages/airflow/example_dags/example_skip_dag.py
[2023-01-25 22:44:10,511] {logging_mixin.py:115} INFO - [2023-01-25 22:44:10,511] {dag.py:2420} INFO - Sync 1 DAGs
[2023-01-25 22:44:10,602] {logging_mixin.py:115} INFO - [2023-01-25 22:44:10,602] {dag.py:2972} INFO - Setting next_dagrun for example_skip_dag to 2023-01-24T22:44:10.600421+00:00, run_after=2023-01-25T22:44:10.600421+00:00
[2023-01-25 22:44:10,639] {processor.py:161} INFO - Processing /home/airflow/.local/lib/python3.7/site-packages/airflow/example_dags/example_skip_dag.py took 0.251 seconds
[2023-01-25 22:44:41,831] {processor.py:153} INFO - Started process (PID=4326) to work on /home/airflow/.local/lib/python3.7/site-packages/airflow/example_dags/example_skip_dag.py
[2023-01-25 22:44:41,833] {processor.py:641} INFO - Processing file /home/airflow/.local/lib/python3.7/site-packages/airflow/example_dags/example_skip_dag.py for tasks to queue
[2023-01-25 22:44:41,836] {logging_mixin.py:115} INFO - [2023-01-25 22:44:41,835] {dagbag.py:508} INFO - Filling up the DagBag from /home/airflow/.local/lib/python3.7/site-packages/airflow/example_dags/example_skip_dag.py
[2023-01-25 22:44:41,859] {processor.py:651} INFO - DAG(s) dict_keys(['example_skip_dag']) retrieved from /home/airflow/.local/lib/python3.7/site-packages/airflow/example_dags/example_skip_dag.py
[2023-01-25 22:44:41,948] {logging_mixin.py:115} INFO - [2023-01-25 22:44:41,947] {dag.py:2420} INFO - Sync 1 DAGs
[2023-01-25 22:44:42,072] {logging_mixin.py:115} INFO - [2023-01-25 22:44:42,071] {dag.py:2972} INFO - Setting next_dagrun for example_skip_dag to 2023-01-24T22:44:42.069442+00:00, run_after=2023-01-25T22:44:42.069442+00:00
[2023-01-25 22:44:42,127] {processor.py:161} INFO - Processing /home/airflow/.local/lib/python3.7/site-packages/airflow/example_dags/example_skip_dag.py took 0.305 seconds
[2023-01-25 22:45:13,509] {processor.py:153} INFO - Started process (PID=4440) to work on /home/airflow/.local/lib/python3.7/site-packages/airflow/example_dags/example_skip_dag.py
[2023-01-25 22:45:13,510] {processor.py:641} INFO - Processing file /home/airflow/.local/lib/python3.7/site-packages/airflow/example_dags/example_skip_dag.py for tasks to queue
[2023-01-25 22:45:13,513] {logging_mixin.py:115} INFO - [2023-01-25 22:45:13,513] {dagbag.py:508} INFO - Filling up the DagBag from /home/airflow/.local/lib/python3.7/site-packages/airflow/example_dags/example_skip_dag.py
[2023-01-25 22:45:13,534] {processor.py:651} INFO - DAG(s) dict_keys(['example_skip_dag']) retrieved from /home/airflow/.local/lib/python3.7/site-packages/airflow/example_dags/example_skip_dag.py
[2023-01-25 22:45:13,616] {logging_mixin.py:115} INFO - [2023-01-25 22:45:13,615] {dag.py:2420} INFO - Sync 1 DAGs
[2023-01-25 22:45:13,703] {logging_mixin.py:115} INFO - [2023-01-25 22:45:13,702] {dag.py:2972} INFO - Setting next_dagrun for example_skip_dag to 2023-01-24T22:45:13.701281+00:00, run_after=2023-01-25T22:45:13.701281+00:00
[2023-01-25 22:45:13,741] {processor.py:161} INFO - Processing /home/airflow/.local/lib/python3.7/site-packages/airflow/example_dags/example_skip_dag.py took 0.240 seconds
[2023-01-25 22:45:45,034] {processor.py:153} INFO - Started process (PID=4550) to work on /home/airflow/.local/lib/python3.7/site-packages/airflow/example_dags/example_skip_dag.py
[2023-01-25 22:45:45,036] {processor.py:641} INFO - Processing file /home/airflow/.local/lib/python3.7/site-packages/airflow/example_dags/example_skip_dag.py for tasks to queue
[2023-01-25 22:45:45,038] {logging_mixin.py:115} INFO - [2023-01-25 22:45:45,038] {dagbag.py:508} INFO - Filling up the DagBag from /home/airflow/.local/lib/python3.7/site-packages/airflow/example_dags/example_skip_dag.py
[2023-01-25 22:45:45,063] {processor.py:651} INFO - DAG(s) dict_keys(['example_skip_dag']) retrieved from /home/airflow/.local/lib/python3.7/site-packages/airflow/example_dags/example_skip_dag.py
[2023-01-25 22:45:45,160] {logging_mixin.py:115} INFO - [2023-01-25 22:45:45,160] {dag.py:2420} INFO - Sync 1 DAGs
[2023-01-25 22:45:45,262] {logging_mixin.py:115} INFO - [2023-01-25 22:45:45,262] {dag.py:2972} INFO - Setting next_dagrun for example_skip_dag to 2023-01-24T22:45:45.260546+00:00, run_after=2023-01-25T22:45:45.260546+00:00
[2023-01-25 22:45:45,301] {processor.py:161} INFO - Processing /home/airflow/.local/lib/python3.7/site-packages/airflow/example_dags/example_skip_dag.py took 0.275 seconds
[2023-01-25 22:46:15,509] {processor.py:153} INFO - Started process (PID=4660) to work on /home/airflow/.local/lib/python3.7/site-packages/airflow/example_dags/example_skip_dag.py
[2023-01-25 22:46:15,511] {processor.py:641} INFO - Processing file /home/airflow/.local/lib/python3.7/site-packages/airflow/example_dags/example_skip_dag.py for tasks to queue
[2023-01-25 22:46:15,513] {logging_mixin.py:115} INFO - [2023-01-25 22:46:15,513] {dagbag.py:508} INFO - Filling up the DagBag from /home/airflow/.local/lib/python3.7/site-packages/airflow/example_dags/example_skip_dag.py
[2023-01-25 22:46:15,533] {processor.py:651} INFO - DAG(s) dict_keys(['example_skip_dag']) retrieved from /home/airflow/.local/lib/python3.7/site-packages/airflow/example_dags/example_skip_dag.py
[2023-01-25 22:46:15,612] {logging_mixin.py:115} INFO - [2023-01-25 22:46:15,611] {dag.py:2420} INFO - Sync 1 DAGs
[2023-01-25 22:46:15,705] {logging_mixin.py:115} INFO - [2023-01-25 22:46:15,704] {dag.py:2972} INFO - Setting next_dagrun for example_skip_dag to 2023-01-24T22:46:15.703146+00:00, run_after=2023-01-25T22:46:15.703146+00:00
[2023-01-25 22:46:15,751] {processor.py:161} INFO - Processing /home/airflow/.local/lib/python3.7/site-packages/airflow/example_dags/example_skip_dag.py took 0.249 seconds
[2023-01-25 22:46:46,028] {processor.py:153} INFO - Started process (PID=4773) to work on /home/airflow/.local/lib/python3.7/site-packages/airflow/example_dags/example_skip_dag.py
[2023-01-25 22:46:46,031] {processor.py:641} INFO - Processing file /home/airflow/.local/lib/python3.7/site-packages/airflow/example_dags/example_skip_dag.py for tasks to queue
[2023-01-25 22:46:46,034] {logging_mixin.py:115} INFO - [2023-01-25 22:46:46,033] {dagbag.py:508} INFO - Filling up the DagBag from /home/airflow/.local/lib/python3.7/site-packages/airflow/example_dags/example_skip_dag.py
[2023-01-25 22:46:46,062] {processor.py:651} INFO - DAG(s) dict_keys(['example_skip_dag']) retrieved from /home/airflow/.local/lib/python3.7/site-packages/airflow/example_dags/example_skip_dag.py
[2023-01-25 22:46:46,171] {logging_mixin.py:115} INFO - [2023-01-25 22:46:46,171] {dag.py:2420} INFO - Sync 1 DAGs
[2023-01-25 22:46:46,280] {logging_mixin.py:115} INFO - [2023-01-25 22:46:46,280] {dag.py:2972} INFO - Setting next_dagrun for example_skip_dag to 2023-01-24T22:46:46.277750+00:00, run_after=2023-01-25T22:46:46.277750+00:00
[2023-01-25 22:46:46,325] {processor.py:161} INFO - Processing /home/airflow/.local/lib/python3.7/site-packages/airflow/example_dags/example_skip_dag.py took 0.311 seconds
[2023-01-25 22:47:16,517] {processor.py:153} INFO - Started process (PID=4887) to work on /home/airflow/.local/lib/python3.7/site-packages/airflow/example_dags/example_skip_dag.py
[2023-01-25 22:47:16,519] {processor.py:641} INFO - Processing file /home/airflow/.local/lib/python3.7/site-packages/airflow/example_dags/example_skip_dag.py for tasks to queue
[2023-01-25 22:47:16,521] {logging_mixin.py:115} INFO - [2023-01-25 22:47:16,520] {dagbag.py:508} INFO - Filling up the DagBag from /home/airflow/.local/lib/python3.7/site-packages/airflow/example_dags/example_skip_dag.py
[2023-01-25 22:47:16,541] {processor.py:651} INFO - DAG(s) dict_keys(['example_skip_dag']) retrieved from /home/airflow/.local/lib/python3.7/site-packages/airflow/example_dags/example_skip_dag.py
[2023-01-25 22:47:16,619] {logging_mixin.py:115} INFO - [2023-01-25 22:47:16,618] {dag.py:2420} INFO - Sync 1 DAGs
[2023-01-25 22:47:16,710] {logging_mixin.py:115} INFO - [2023-01-25 22:47:16,709] {dag.py:2972} INFO - Setting next_dagrun for example_skip_dag to 2023-01-24T22:47:16.708156+00:00, run_after=2023-01-25T22:47:16.708156+00:00
[2023-01-25 22:47:16,755] {processor.py:161} INFO - Processing /home/airflow/.local/lib/python3.7/site-packages/airflow/example_dags/example_skip_dag.py took 0.246 seconds
[2023-01-25 22:47:46,911] {processor.py:153} INFO - Started process (PID=5001) to work on /home/airflow/.local/lib/python3.7/site-packages/airflow/example_dags/example_skip_dag.py
[2023-01-25 22:47:46,912] {processor.py:641} INFO - Processing file /home/airflow/.local/lib/python3.7/site-packages/airflow/example_dags/example_skip_dag.py for tasks to queue
[2023-01-25 22:47:46,915] {logging_mixin.py:115} INFO - [2023-01-25 22:47:46,914] {dagbag.py:508} INFO - Filling up the DagBag from /home/airflow/.local/lib/python3.7/site-packages/airflow/example_dags/example_skip_dag.py
[2023-01-25 22:47:46,938] {processor.py:651} INFO - DAG(s) dict_keys(['example_skip_dag']) retrieved from /home/airflow/.local/lib/python3.7/site-packages/airflow/example_dags/example_skip_dag.py
[2023-01-25 22:47:47,032] {logging_mixin.py:115} INFO - [2023-01-25 22:47:47,032] {dag.py:2420} INFO - Sync 1 DAGs
[2023-01-25 22:47:47,151] {logging_mixin.py:115} INFO - [2023-01-25 22:47:47,150] {dag.py:2972} INFO - Setting next_dagrun for example_skip_dag to 2023-01-24T22:47:47.134696+00:00, run_after=2023-01-25T22:47:47.134696+00:00
[2023-01-25 22:47:47,244] {processor.py:161} INFO - Processing /home/airflow/.local/lib/python3.7/site-packages/airflow/example_dags/example_skip_dag.py took 0.343 seconds
[2023-01-25 22:48:17,673] {processor.py:153} INFO - Started process (PID=5114) to work on /home/airflow/.local/lib/python3.7/site-packages/airflow/example_dags/example_skip_dag.py
[2023-01-25 22:48:17,675] {processor.py:641} INFO - Processing file /home/airflow/.local/lib/python3.7/site-packages/airflow/example_dags/example_skip_dag.py for tasks to queue
[2023-01-25 22:48:17,677] {logging_mixin.py:115} INFO - [2023-01-25 22:48:17,676] {dagbag.py:508} INFO - Filling up the DagBag from /home/airflow/.local/lib/python3.7/site-packages/airflow/example_dags/example_skip_dag.py
[2023-01-25 22:48:17,700] {processor.py:651} INFO - DAG(s) dict_keys(['example_skip_dag']) retrieved from /home/airflow/.local/lib/python3.7/site-packages/airflow/example_dags/example_skip_dag.py
[2023-01-25 22:48:17,789] {logging_mixin.py:115} INFO - [2023-01-25 22:48:17,788] {dag.py:2420} INFO - Sync 1 DAGs
[2023-01-25 22:48:17,889] {logging_mixin.py:115} INFO - [2023-01-25 22:48:17,889] {dag.py:2972} INFO - Setting next_dagrun for example_skip_dag to 2023-01-24T22:48:17.887180+00:00, run_after=2023-01-25T22:48:17.887180+00:00
[2023-01-25 22:48:17,925] {processor.py:161} INFO - Processing /home/airflow/.local/lib/python3.7/site-packages/airflow/example_dags/example_skip_dag.py took 0.260 seconds
[2023-01-25 22:48:48,193] {processor.py:153} INFO - Started process (PID=5228) to work on /home/airflow/.local/lib/python3.7/site-packages/airflow/example_dags/example_skip_dag.py
[2023-01-25 22:48:48,195] {processor.py:641} INFO - Processing file /home/airflow/.local/lib/python3.7/site-packages/airflow/example_dags/example_skip_dag.py for tasks to queue
[2023-01-25 22:48:48,197] {logging_mixin.py:115} INFO - [2023-01-25 22:48:48,196] {dagbag.py:508} INFO - Filling up the DagBag from /home/airflow/.local/lib/python3.7/site-packages/airflow/example_dags/example_skip_dag.py
[2023-01-25 22:48:48,217] {processor.py:651} INFO - DAG(s) dict_keys(['example_skip_dag']) retrieved from /home/airflow/.local/lib/python3.7/site-packages/airflow/example_dags/example_skip_dag.py
[2023-01-25 22:48:48,312] {logging_mixin.py:115} INFO - [2023-01-25 22:48:48,312] {dag.py:2420} INFO - Sync 1 DAGs
[2023-01-25 22:48:48,413] {logging_mixin.py:115} INFO - [2023-01-25 22:48:48,412] {dag.py:2972} INFO - Setting next_dagrun for example_skip_dag to 2023-01-24T22:48:48.410082+00:00, run_after=2023-01-25T22:48:48.410082+00:00
[2023-01-25 22:48:48,470] {processor.py:161} INFO - Processing /home/airflow/.local/lib/python3.7/site-packages/airflow/example_dags/example_skip_dag.py took 0.286 seconds
[2023-01-25 22:49:18,647] {processor.py:153} INFO - Started process (PID=5340) to work on /home/airflow/.local/lib/python3.7/site-packages/airflow/example_dags/example_skip_dag.py
[2023-01-25 22:49:18,649] {processor.py:641} INFO - Processing file /home/airflow/.local/lib/python3.7/site-packages/airflow/example_dags/example_skip_dag.py for tasks to queue
[2023-01-25 22:49:18,651] {logging_mixin.py:115} INFO - [2023-01-25 22:49:18,651] {dagbag.py:508} INFO - Filling up the DagBag from /home/airflow/.local/lib/python3.7/site-packages/airflow/example_dags/example_skip_dag.py
[2023-01-25 22:49:18,673] {processor.py:651} INFO - DAG(s) dict_keys(['example_skip_dag']) retrieved from /home/airflow/.local/lib/python3.7/site-packages/airflow/example_dags/example_skip_dag.py
[2023-01-25 22:49:18,749] {logging_mixin.py:115} INFO - [2023-01-25 22:49:18,749] {dag.py:2420} INFO - Sync 1 DAGs
[2023-01-25 22:49:18,843] {logging_mixin.py:115} INFO - [2023-01-25 22:49:18,843] {dag.py:2972} INFO - Setting next_dagrun for example_skip_dag to 2023-01-24T22:49:18.841082+00:00, run_after=2023-01-25T22:49:18.841082+00:00
[2023-01-25 22:49:18,889] {processor.py:161} INFO - Processing /home/airflow/.local/lib/python3.7/site-packages/airflow/example_dags/example_skip_dag.py took 0.252 seconds
[2023-01-25 22:49:50,017] {processor.py:153} INFO - Started process (PID=5456) to work on /home/airflow/.local/lib/python3.7/site-packages/airflow/example_dags/example_skip_dag.py
[2023-01-25 22:49:50,018] {processor.py:641} INFO - Processing file /home/airflow/.local/lib/python3.7/site-packages/airflow/example_dags/example_skip_dag.py for tasks to queue
[2023-01-25 22:49:50,020] {logging_mixin.py:115} INFO - [2023-01-25 22:49:50,020] {dagbag.py:508} INFO - Filling up the DagBag from /home/airflow/.local/lib/python3.7/site-packages/airflow/example_dags/example_skip_dag.py
[2023-01-25 22:49:50,045] {processor.py:651} INFO - DAG(s) dict_keys(['example_skip_dag']) retrieved from /home/airflow/.local/lib/python3.7/site-packages/airflow/example_dags/example_skip_dag.py
[2023-01-25 22:49:50,129] {logging_mixin.py:115} INFO - [2023-01-25 22:49:50,129] {dag.py:2420} INFO - Sync 1 DAGs
[2023-01-25 22:49:50,236] {logging_mixin.py:115} INFO - [2023-01-25 22:49:50,235] {dag.py:2972} INFO - Setting next_dagrun for example_skip_dag to 2023-01-24T22:49:50.233784+00:00, run_after=2023-01-25T22:49:50.233784+00:00
[2023-01-25 22:49:50,271] {processor.py:161} INFO - Processing /home/airflow/.local/lib/python3.7/site-packages/airflow/example_dags/example_skip_dag.py took 0.262 seconds
[2023-01-25 22:50:20,524] {processor.py:153} INFO - Started process (PID=5570) to work on /home/airflow/.local/lib/python3.7/site-packages/airflow/example_dags/example_skip_dag.py
[2023-01-25 22:50:20,526] {processor.py:641} INFO - Processing file /home/airflow/.local/lib/python3.7/site-packages/airflow/example_dags/example_skip_dag.py for tasks to queue
[2023-01-25 22:50:20,528] {logging_mixin.py:115} INFO - [2023-01-25 22:50:20,528] {dagbag.py:508} INFO - Filling up the DagBag from /home/airflow/.local/lib/python3.7/site-packages/airflow/example_dags/example_skip_dag.py
[2023-01-25 22:50:20,549] {processor.py:651} INFO - DAG(s) dict_keys(['example_skip_dag']) retrieved from /home/airflow/.local/lib/python3.7/site-packages/airflow/example_dags/example_skip_dag.py
[2023-01-25 22:50:20,629] {logging_mixin.py:115} INFO - [2023-01-25 22:50:20,628] {dag.py:2420} INFO - Sync 1 DAGs
[2023-01-25 22:50:20,720] {logging_mixin.py:115} INFO - [2023-01-25 22:50:20,720] {dag.py:2972} INFO - Setting next_dagrun for example_skip_dag to 2023-01-24T22:50:20.718755+00:00, run_after=2023-01-25T22:50:20.718755+00:00
[2023-01-25 22:50:20,754] {processor.py:161} INFO - Processing /home/airflow/.local/lib/python3.7/site-packages/airflow/example_dags/example_skip_dag.py took 0.238 seconds
[2023-01-25 22:50:51,322] {processor.py:153} INFO - Started process (PID=5685) to work on /home/airflow/.local/lib/python3.7/site-packages/airflow/example_dags/example_skip_dag.py
[2023-01-25 22:50:51,323] {processor.py:641} INFO - Processing file /home/airflow/.local/lib/python3.7/site-packages/airflow/example_dags/example_skip_dag.py for tasks to queue
[2023-01-25 22:50:51,326] {logging_mixin.py:115} INFO - [2023-01-25 22:50:51,325] {dagbag.py:508} INFO - Filling up the DagBag from /home/airflow/.local/lib/python3.7/site-packages/airflow/example_dags/example_skip_dag.py
[2023-01-25 22:50:51,347] {processor.py:651} INFO - DAG(s) dict_keys(['example_skip_dag']) retrieved from /home/airflow/.local/lib/python3.7/site-packages/airflow/example_dags/example_skip_dag.py
[2023-01-25 22:50:51,427] {logging_mixin.py:115} INFO - [2023-01-25 22:50:51,426] {dag.py:2420} INFO - Sync 1 DAGs
[2023-01-25 22:50:51,523] {logging_mixin.py:115} INFO - [2023-01-25 22:50:51,522] {dag.py:2972} INFO - Setting next_dagrun for example_skip_dag to 2023-01-24T22:50:51.520985+00:00, run_after=2023-01-25T22:50:51.520985+00:00
[2023-01-25 22:50:51,558] {processor.py:161} INFO - Processing /home/airflow/.local/lib/python3.7/site-packages/airflow/example_dags/example_skip_dag.py took 0.244 seconds
[2023-01-25 22:51:22,321] {processor.py:153} INFO - Started process (PID=5799) to work on /home/airflow/.local/lib/python3.7/site-packages/airflow/example_dags/example_skip_dag.py
[2023-01-25 22:51:22,323] {processor.py:641} INFO - Processing file /home/airflow/.local/lib/python3.7/site-packages/airflow/example_dags/example_skip_dag.py for tasks to queue
[2023-01-25 22:51:22,325] {logging_mixin.py:115} INFO - [2023-01-25 22:51:22,325] {dagbag.py:508} INFO - Filling up the DagBag from /home/airflow/.local/lib/python3.7/site-packages/airflow/example_dags/example_skip_dag.py
[2023-01-25 22:51:22,347] {processor.py:651} INFO - DAG(s) dict_keys(['example_skip_dag']) retrieved from /home/airflow/.local/lib/python3.7/site-packages/airflow/example_dags/example_skip_dag.py
[2023-01-25 22:51:22,436] {logging_mixin.py:115} INFO - [2023-01-25 22:51:22,436] {dag.py:2420} INFO - Sync 1 DAGs
[2023-01-25 22:51:22,539] {logging_mixin.py:115} INFO - [2023-01-25 22:51:22,538] {dag.py:2972} INFO - Setting next_dagrun for example_skip_dag to 2023-01-24T22:51:22.535801+00:00, run_after=2023-01-25T22:51:22.535801+00:00
[2023-01-25 22:51:22,588] {processor.py:161} INFO - Processing /home/airflow/.local/lib/python3.7/site-packages/airflow/example_dags/example_skip_dag.py took 0.275 seconds
[2023-01-25 22:51:52,955] {processor.py:153} INFO - Started process (PID=5913) to work on /home/airflow/.local/lib/python3.7/site-packages/airflow/example_dags/example_skip_dag.py
[2023-01-25 22:51:52,957] {processor.py:641} INFO - Processing file /home/airflow/.local/lib/python3.7/site-packages/airflow/example_dags/example_skip_dag.py for tasks to queue
[2023-01-25 22:51:52,959] {logging_mixin.py:115} INFO - [2023-01-25 22:51:52,959] {dagbag.py:508} INFO - Filling up the DagBag from /home/airflow/.local/lib/python3.7/site-packages/airflow/example_dags/example_skip_dag.py
[2023-01-25 22:51:52,979] {processor.py:651} INFO - DAG(s) dict_keys(['example_skip_dag']) retrieved from /home/airflow/.local/lib/python3.7/site-packages/airflow/example_dags/example_skip_dag.py
[2023-01-25 22:51:53,061] {logging_mixin.py:115} INFO - [2023-01-25 22:51:53,060] {dag.py:2420} INFO - Sync 1 DAGs
[2023-01-25 22:51:53,155] {logging_mixin.py:115} INFO - [2023-01-25 22:51:53,155] {dag.py:2972} INFO - Setting next_dagrun for example_skip_dag to 2023-01-24T22:51:53.153491+00:00, run_after=2023-01-25T22:51:53.153491+00:00
[2023-01-25 22:51:53,191] {processor.py:161} INFO - Processing /home/airflow/.local/lib/python3.7/site-packages/airflow/example_dags/example_skip_dag.py took 0.243 seconds
[2023-01-25 22:52:24,048] {processor.py:153} INFO - Started process (PID=6027) to work on /home/airflow/.local/lib/python3.7/site-packages/airflow/example_dags/example_skip_dag.py
[2023-01-25 22:52:24,049] {processor.py:641} INFO - Processing file /home/airflow/.local/lib/python3.7/site-packages/airflow/example_dags/example_skip_dag.py for tasks to queue
[2023-01-25 22:52:24,051] {logging_mixin.py:115} INFO - [2023-01-25 22:52:24,051] {dagbag.py:508} INFO - Filling up the DagBag from /home/airflow/.local/lib/python3.7/site-packages/airflow/example_dags/example_skip_dag.py
[2023-01-25 22:52:24,071] {processor.py:651} INFO - DAG(s) dict_keys(['example_skip_dag']) retrieved from /home/airflow/.local/lib/python3.7/site-packages/airflow/example_dags/example_skip_dag.py
[2023-01-25 22:52:24,150] {logging_mixin.py:115} INFO - [2023-01-25 22:52:24,150] {dag.py:2420} INFO - Sync 1 DAGs
[2023-01-25 22:52:24,240] {logging_mixin.py:115} INFO - [2023-01-25 22:52:24,240] {dag.py:2972} INFO - Setting next_dagrun for example_skip_dag to 2023-01-24T22:52:24.238796+00:00, run_after=2023-01-25T22:52:24.238796+00:00
[2023-01-25 22:52:24,275] {processor.py:161} INFO - Processing /home/airflow/.local/lib/python3.7/site-packages/airflow/example_dags/example_skip_dag.py took 0.235 seconds
[2023-01-25 22:52:58,815] {processor.py:153} INFO - Started process (PID=6141) to work on /home/airflow/.local/lib/python3.7/site-packages/airflow/example_dags/example_skip_dag.py
[2023-01-25 22:52:58,817] {processor.py:641} INFO - Processing file /home/airflow/.local/lib/python3.7/site-packages/airflow/example_dags/example_skip_dag.py for tasks to queue
[2023-01-25 22:52:58,819] {logging_mixin.py:115} INFO - [2023-01-25 22:52:58,819] {dagbag.py:508} INFO - Filling up the DagBag from /home/airflow/.local/lib/python3.7/site-packages/airflow/example_dags/example_skip_dag.py
[2023-01-25 22:52:58,845] {processor.py:651} INFO - DAG(s) dict_keys(['example_skip_dag']) retrieved from /home/airflow/.local/lib/python3.7/site-packages/airflow/example_dags/example_skip_dag.py
[2023-01-25 22:52:58,942] {logging_mixin.py:115} INFO - [2023-01-25 22:52:58,942] {dag.py:2420} INFO - Sync 1 DAGs
[2023-01-25 22:52:59,048] {logging_mixin.py:115} INFO - [2023-01-25 22:52:59,047] {dag.py:2972} INFO - Setting next_dagrun for example_skip_dag to 2023-01-24T22:52:59.046045+00:00, run_after=2023-01-25T22:52:59.046045+00:00
[2023-01-25 22:52:59,092] {processor.py:161} INFO - Processing /home/airflow/.local/lib/python3.7/site-packages/airflow/example_dags/example_skip_dag.py took 0.287 seconds
[2023-01-25 22:53:30,671] {processor.py:153} INFO - Started process (PID=6254) to work on /home/airflow/.local/lib/python3.7/site-packages/airflow/example_dags/example_skip_dag.py
[2023-01-25 22:53:30,673] {processor.py:641} INFO - Processing file /home/airflow/.local/lib/python3.7/site-packages/airflow/example_dags/example_skip_dag.py for tasks to queue
[2023-01-25 22:53:30,676] {logging_mixin.py:115} INFO - [2023-01-25 22:53:30,675] {dagbag.py:508} INFO - Filling up the DagBag from /home/airflow/.local/lib/python3.7/site-packages/airflow/example_dags/example_skip_dag.py
[2023-01-25 22:53:30,696] {processor.py:651} INFO - DAG(s) dict_keys(['example_skip_dag']) retrieved from /home/airflow/.local/lib/python3.7/site-packages/airflow/example_dags/example_skip_dag.py
[2023-01-25 22:53:30,785] {logging_mixin.py:115} INFO - [2023-01-25 22:53:30,785] {dag.py:2420} INFO - Sync 1 DAGs
[2023-01-25 22:53:30,887] {logging_mixin.py:115} INFO - [2023-01-25 22:53:30,887] {dag.py:2972} INFO - Setting next_dagrun for example_skip_dag to 2023-01-24T22:53:30.885915+00:00, run_after=2023-01-25T22:53:30.885915+00:00
[2023-01-25 22:53:30,925] {processor.py:161} INFO - Processing /home/airflow/.local/lib/python3.7/site-packages/airflow/example_dags/example_skip_dag.py took 0.262 seconds
[2023-01-25 22:54:03,856] {processor.py:153} INFO - Started process (PID=6384) to work on /home/airflow/.local/lib/python3.7/site-packages/airflow/example_dags/example_skip_dag.py
[2023-01-25 22:54:03,858] {processor.py:641} INFO - Processing file /home/airflow/.local/lib/python3.7/site-packages/airflow/example_dags/example_skip_dag.py for tasks to queue
[2023-01-25 22:54:03,860] {logging_mixin.py:115} INFO - [2023-01-25 22:54:03,860] {dagbag.py:508} INFO - Filling up the DagBag from /home/airflow/.local/lib/python3.7/site-packages/airflow/example_dags/example_skip_dag.py
[2023-01-25 22:54:03,881] {processor.py:651} INFO - DAG(s) dict_keys(['example_skip_dag']) retrieved from /home/airflow/.local/lib/python3.7/site-packages/airflow/example_dags/example_skip_dag.py
[2023-01-25 22:54:03,961] {logging_mixin.py:115} INFO - [2023-01-25 22:54:03,961] {dag.py:2420} INFO - Sync 1 DAGs
[2023-01-25 22:54:04,067] {logging_mixin.py:115} INFO - [2023-01-25 22:54:04,067] {dag.py:2972} INFO - Setting next_dagrun for example_skip_dag to 2023-01-24T22:54:04.065705+00:00, run_after=2023-01-25T22:54:04.065705+00:00
[2023-01-25 22:54:04,114] {processor.py:161} INFO - Processing /home/airflow/.local/lib/python3.7/site-packages/airflow/example_dags/example_skip_dag.py took 0.266 seconds
[2023-01-25 22:54:36,275] {processor.py:153} INFO - Started process (PID=6498) to work on /home/airflow/.local/lib/python3.7/site-packages/airflow/example_dags/example_skip_dag.py
[2023-01-25 22:54:36,277] {processor.py:641} INFO - Processing file /home/airflow/.local/lib/python3.7/site-packages/airflow/example_dags/example_skip_dag.py for tasks to queue
[2023-01-25 22:54:36,279] {logging_mixin.py:115} INFO - [2023-01-25 22:54:36,279] {dagbag.py:508} INFO - Filling up the DagBag from /home/airflow/.local/lib/python3.7/site-packages/airflow/example_dags/example_skip_dag.py
[2023-01-25 22:54:36,300] {processor.py:651} INFO - DAG(s) dict_keys(['example_skip_dag']) retrieved from /home/airflow/.local/lib/python3.7/site-packages/airflow/example_dags/example_skip_dag.py
[2023-01-25 22:54:36,386] {logging_mixin.py:115} INFO - [2023-01-25 22:54:36,386] {dag.py:2420} INFO - Sync 1 DAGs
[2023-01-25 22:54:36,480] {logging_mixin.py:115} INFO - [2023-01-25 22:54:36,480] {dag.py:2972} INFO - Setting next_dagrun for example_skip_dag to 2023-01-24T22:54:36.478581+00:00, run_after=2023-01-25T22:54:36.478581+00:00
[2023-01-25 22:54:36,523] {processor.py:161} INFO - Processing /home/airflow/.local/lib/python3.7/site-packages/airflow/example_dags/example_skip_dag.py took 0.255 seconds
[2023-01-25 22:55:08,466] {processor.py:153} INFO - Started process (PID=6612) to work on /home/airflow/.local/lib/python3.7/site-packages/airflow/example_dags/example_skip_dag.py
[2023-01-25 22:55:08,468] {processor.py:641} INFO - Processing file /home/airflow/.local/lib/python3.7/site-packages/airflow/example_dags/example_skip_dag.py for tasks to queue
[2023-01-25 22:55:08,470] {logging_mixin.py:115} INFO - [2023-01-25 22:55:08,470] {dagbag.py:508} INFO - Filling up the DagBag from /home/airflow/.local/lib/python3.7/site-packages/airflow/example_dags/example_skip_dag.py
[2023-01-25 22:55:08,492] {processor.py:651} INFO - DAG(s) dict_keys(['example_skip_dag']) retrieved from /home/airflow/.local/lib/python3.7/site-packages/airflow/example_dags/example_skip_dag.py
[2023-01-25 22:55:08,581] {logging_mixin.py:115} INFO - [2023-01-25 22:55:08,580] {dag.py:2420} INFO - Sync 1 DAGs
[2023-01-25 22:55:08,741] {logging_mixin.py:115} INFO - [2023-01-25 22:55:08,740] {dag.py:2972} INFO - Setting next_dagrun for example_skip_dag to 2023-01-24T22:55:08.738860+00:00, run_after=2023-01-25T22:55:08.738860+00:00
[2023-01-25 22:55:08,784] {processor.py:161} INFO - Processing /home/airflow/.local/lib/python3.7/site-packages/airflow/example_dags/example_skip_dag.py took 0.326 seconds
[2023-01-25 23:00:14,551] {processor.py:153} INFO - Started process (PID=6730) to work on /home/airflow/.local/lib/python3.7/site-packages/airflow/example_dags/example_skip_dag.py
[2023-01-25 23:00:14,563] {processor.py:641} INFO - Processing file /home/airflow/.local/lib/python3.7/site-packages/airflow/example_dags/example_skip_dag.py for tasks to queue
[2023-01-25 23:00:14,565] {logging_mixin.py:115} INFO - [2023-01-25 23:00:14,565] {dagbag.py:508} INFO - Filling up the DagBag from /home/airflow/.local/lib/python3.7/site-packages/airflow/example_dags/example_skip_dag.py
[2023-01-25 23:00:14,620] {processor.py:651} INFO - DAG(s) dict_keys(['example_skip_dag']) retrieved from /home/airflow/.local/lib/python3.7/site-packages/airflow/example_dags/example_skip_dag.py
[2023-01-25 23:00:14,782] {logging_mixin.py:115} INFO - [2023-01-25 23:00:14,782] {dag.py:2420} INFO - Sync 1 DAGs
[2023-01-25 23:00:14,982] {logging_mixin.py:115} INFO - [2023-01-25 23:00:14,982] {dag.py:2972} INFO - Setting next_dagrun for example_skip_dag to 2023-01-24T23:00:14.980396+00:00, run_after=2023-01-25T23:00:14.980396+00:00
[2023-01-25 23:00:15,069] {processor.py:161} INFO - Processing /home/airflow/.local/lib/python3.7/site-packages/airflow/example_dags/example_skip_dag.py took 0.527 seconds
[2023-01-25 23:05:21,312] {processor.py:153} INFO - Started process (PID=6828) to work on /home/airflow/.local/lib/python3.7/site-packages/airflow/example_dags/example_skip_dag.py
[2023-01-25 23:05:21,318] {processor.py:641} INFO - Processing file /home/airflow/.local/lib/python3.7/site-packages/airflow/example_dags/example_skip_dag.py for tasks to queue
[2023-01-25 23:05:21,326] {logging_mixin.py:115} INFO - [2023-01-25 23:05:21,325] {dagbag.py:508} INFO - Filling up the DagBag from /home/airflow/.local/lib/python3.7/site-packages/airflow/example_dags/example_skip_dag.py
[2023-01-25 23:05:21,417] {processor.py:651} INFO - DAG(s) dict_keys(['example_skip_dag']) retrieved from /home/airflow/.local/lib/python3.7/site-packages/airflow/example_dags/example_skip_dag.py
[2023-01-25 23:05:21,656] {logging_mixin.py:115} INFO - [2023-01-25 23:05:21,655] {dag.py:2420} INFO - Sync 1 DAGs
[2023-01-25 23:05:21,834] {logging_mixin.py:115} INFO - [2023-01-25 23:05:21,833] {dag.py:2972} INFO - Setting next_dagrun for example_skip_dag to 2023-01-24T23:05:21.831718+00:00, run_after=2023-01-25T23:05:21.831718+00:00
[2023-01-25 23:05:21,910] {processor.py:161} INFO - Processing /home/airflow/.local/lib/python3.7/site-packages/airflow/example_dags/example_skip_dag.py took 0.612 seconds
[2023-01-25 23:05:52,848] {processor.py:153} INFO - Started process (PID=6942) to work on /home/airflow/.local/lib/python3.7/site-packages/airflow/example_dags/example_skip_dag.py
[2023-01-25 23:05:52,850] {processor.py:641} INFO - Processing file /home/airflow/.local/lib/python3.7/site-packages/airflow/example_dags/example_skip_dag.py for tasks to queue
[2023-01-25 23:05:52,853] {logging_mixin.py:115} INFO - [2023-01-25 23:05:52,852] {dagbag.py:508} INFO - Filling up the DagBag from /home/airflow/.local/lib/python3.7/site-packages/airflow/example_dags/example_skip_dag.py
[2023-01-25 23:05:52,874] {processor.py:651} INFO - DAG(s) dict_keys(['example_skip_dag']) retrieved from /home/airflow/.local/lib/python3.7/site-packages/airflow/example_dags/example_skip_dag.py
[2023-01-25 23:05:52,958] {logging_mixin.py:115} INFO - [2023-01-25 23:05:52,957] {dag.py:2420} INFO - Sync 1 DAGs
[2023-01-25 23:05:53,080] {logging_mixin.py:115} INFO - [2023-01-25 23:05:53,079] {dag.py:2972} INFO - Setting next_dagrun for example_skip_dag to 2023-01-24T23:05:53.078083+00:00, run_after=2023-01-25T23:05:53.078083+00:00
[2023-01-25 23:05:53,121] {processor.py:161} INFO - Processing /home/airflow/.local/lib/python3.7/site-packages/airflow/example_dags/example_skip_dag.py took 0.281 seconds
[2023-01-25 23:15:32,996] {processor.py:153} INFO - Started process (PID=7056) to work on /home/airflow/.local/lib/python3.7/site-packages/airflow/example_dags/example_skip_dag.py
[2023-01-25 23:15:32,999] {processor.py:641} INFO - Processing file /home/airflow/.local/lib/python3.7/site-packages/airflow/example_dags/example_skip_dag.py for tasks to queue
[2023-01-25 23:15:33,003] {logging_mixin.py:115} INFO - [2023-01-25 23:15:33,002] {dagbag.py:508} INFO - Filling up the DagBag from /home/airflow/.local/lib/python3.7/site-packages/airflow/example_dags/example_skip_dag.py
[2023-01-25 23:15:33,056] {processor.py:651} INFO - DAG(s) dict_keys(['example_skip_dag']) retrieved from /home/airflow/.local/lib/python3.7/site-packages/airflow/example_dags/example_skip_dag.py
[2023-01-25 23:15:33,216] {logging_mixin.py:115} INFO - [2023-01-25 23:15:33,216] {dag.py:2420} INFO - Sync 1 DAGs
[2023-01-25 23:15:33,403] {logging_mixin.py:115} INFO - [2023-01-25 23:15:33,403] {dag.py:2972} INFO - Setting next_dagrun for example_skip_dag to 2023-01-24T23:15:33.401647+00:00, run_after=2023-01-25T23:15:33.401647+00:00
[2023-01-25 23:15:33,464] {processor.py:161} INFO - Processing /home/airflow/.local/lib/python3.7/site-packages/airflow/example_dags/example_skip_dag.py took 0.481 seconds
[2023-01-25 23:16:05,054] {processor.py:153} INFO - Started process (PID=7169) to work on /home/airflow/.local/lib/python3.7/site-packages/airflow/example_dags/example_skip_dag.py
[2023-01-25 23:16:05,056] {processor.py:641} INFO - Processing file /home/airflow/.local/lib/python3.7/site-packages/airflow/example_dags/example_skip_dag.py for tasks to queue
[2023-01-25 23:16:05,058] {logging_mixin.py:115} INFO - [2023-01-25 23:16:05,058] {dagbag.py:508} INFO - Filling up the DagBag from /home/airflow/.local/lib/python3.7/site-packages/airflow/example_dags/example_skip_dag.py
[2023-01-25 23:16:05,080] {processor.py:651} INFO - DAG(s) dict_keys(['example_skip_dag']) retrieved from /home/airflow/.local/lib/python3.7/site-packages/airflow/example_dags/example_skip_dag.py
[2023-01-25 23:16:05,164] {logging_mixin.py:115} INFO - [2023-01-25 23:16:05,163] {dag.py:2420} INFO - Sync 1 DAGs
[2023-01-25 23:16:05,276] {logging_mixin.py:115} INFO - [2023-01-25 23:16:05,275] {dag.py:2972} INFO - Setting next_dagrun for example_skip_dag to 2023-01-24T23:16:05.272369+00:00, run_after=2023-01-25T23:16:05.272369+00:00
[2023-01-25 23:16:05,335] {processor.py:161} INFO - Processing /home/airflow/.local/lib/python3.7/site-packages/airflow/example_dags/example_skip_dag.py took 0.289 seconds
[2023-01-25 23:30:25,837] {processor.py:153} INFO - Started process (PID=7267) to work on /home/airflow/.local/lib/python3.7/site-packages/airflow/example_dags/example_skip_dag.py
[2023-01-25 23:30:25,843] {processor.py:641} INFO - Processing file /home/airflow/.local/lib/python3.7/site-packages/airflow/example_dags/example_skip_dag.py for tasks to queue
[2023-01-25 23:30:25,850] {logging_mixin.py:115} INFO - [2023-01-25 23:30:25,850] {dagbag.py:508} INFO - Filling up the DagBag from /home/airflow/.local/lib/python3.7/site-packages/airflow/example_dags/example_skip_dag.py
[2023-01-25 23:30:25,906] {processor.py:651} INFO - DAG(s) dict_keys(['example_skip_dag']) retrieved from /home/airflow/.local/lib/python3.7/site-packages/airflow/example_dags/example_skip_dag.py
[2023-01-25 23:30:26,024] {logging_mixin.py:115} INFO - [2023-01-25 23:30:26,024] {dag.py:2420} INFO - Sync 1 DAGs
[2023-01-25 23:30:26,221] {logging_mixin.py:115} INFO - [2023-01-25 23:30:26,221] {dag.py:2972} INFO - Setting next_dagrun for example_skip_dag to 2023-01-24T23:30:26.219264+00:00, run_after=2023-01-25T23:30:26.219264+00:00
[2023-01-25 23:30:26,269] {processor.py:161} INFO - Processing /home/airflow/.local/lib/python3.7/site-packages/airflow/example_dags/example_skip_dag.py took 0.443 seconds
[2023-01-25 23:30:57,440] {processor.py:153} INFO - Started process (PID=7381) to work on /home/airflow/.local/lib/python3.7/site-packages/airflow/example_dags/example_skip_dag.py
[2023-01-25 23:30:57,442] {processor.py:641} INFO - Processing file /home/airflow/.local/lib/python3.7/site-packages/airflow/example_dags/example_skip_dag.py for tasks to queue
[2023-01-25 23:30:57,445] {logging_mixin.py:115} INFO - [2023-01-25 23:30:57,444] {dagbag.py:508} INFO - Filling up the DagBag from /home/airflow/.local/lib/python3.7/site-packages/airflow/example_dags/example_skip_dag.py
[2023-01-25 23:30:57,469] {processor.py:651} INFO - DAG(s) dict_keys(['example_skip_dag']) retrieved from /home/airflow/.local/lib/python3.7/site-packages/airflow/example_dags/example_skip_dag.py
[2023-01-25 23:30:57,552] {logging_mixin.py:115} INFO - [2023-01-25 23:30:57,552] {dag.py:2420} INFO - Sync 1 DAGs
[2023-01-25 23:30:57,636] {logging_mixin.py:115} INFO - [2023-01-25 23:30:57,635] {dag.py:2972} INFO - Setting next_dagrun for example_skip_dag to 2023-01-24T23:30:57.634462+00:00, run_after=2023-01-25T23:30:57.634462+00:00
[2023-01-25 23:30:57,670] {processor.py:161} INFO - Processing /home/airflow/.local/lib/python3.7/site-packages/airflow/example_dags/example_skip_dag.py took 0.240 seconds
[2023-01-25 23:35:49,015] {processor.py:153} INFO - Started process (PID=7495) to work on /home/airflow/.local/lib/python3.7/site-packages/airflow/example_dags/example_skip_dag.py
[2023-01-25 23:35:49,021] {processor.py:641} INFO - Processing file /home/airflow/.local/lib/python3.7/site-packages/airflow/example_dags/example_skip_dag.py for tasks to queue
[2023-01-25 23:35:49,027] {logging_mixin.py:115} INFO - [2023-01-25 23:35:49,027] {dagbag.py:508} INFO - Filling up the DagBag from /home/airflow/.local/lib/python3.7/site-packages/airflow/example_dags/example_skip_dag.py
[2023-01-25 23:35:49,094] {processor.py:651} INFO - DAG(s) dict_keys(['example_skip_dag']) retrieved from /home/airflow/.local/lib/python3.7/site-packages/airflow/example_dags/example_skip_dag.py
[2023-01-25 23:35:49,396] {logging_mixin.py:115} INFO - [2023-01-25 23:35:49,396] {dag.py:2420} INFO - Sync 1 DAGs
[2023-01-25 23:35:49,596] {logging_mixin.py:115} INFO - [2023-01-25 23:35:49,596] {dag.py:2972} INFO - Setting next_dagrun for example_skip_dag to 2023-01-24T23:35:49.594324+00:00, run_after=2023-01-25T23:35:49.594324+00:00
[2023-01-25 23:35:49,680] {processor.py:161} INFO - Processing /home/airflow/.local/lib/python3.7/site-packages/airflow/example_dags/example_skip_dag.py took 0.679 seconds
[2023-01-25 23:46:01,081] {processor.py:153} INFO - Started process (PID=7593) to work on /home/airflow/.local/lib/python3.7/site-packages/airflow/example_dags/example_skip_dag.py
[2023-01-25 23:46:01,083] {processor.py:641} INFO - Processing file /home/airflow/.local/lib/python3.7/site-packages/airflow/example_dags/example_skip_dag.py for tasks to queue
[2023-01-25 23:46:01,086] {logging_mixin.py:115} INFO - [2023-01-25 23:46:01,086] {dagbag.py:508} INFO - Filling up the DagBag from /home/airflow/.local/lib/python3.7/site-packages/airflow/example_dags/example_skip_dag.py
[2023-01-25 23:46:01,110] {processor.py:651} INFO - DAG(s) dict_keys(['example_skip_dag']) retrieved from /home/airflow/.local/lib/python3.7/site-packages/airflow/example_dags/example_skip_dag.py
[2023-01-25 23:46:01,199] {logging_mixin.py:115} INFO - [2023-01-25 23:46:01,199] {dag.py:2420} INFO - Sync 1 DAGs
[2023-01-25 23:46:01,301] {logging_mixin.py:115} INFO - [2023-01-25 23:46:01,300] {dag.py:2972} INFO - Setting next_dagrun for example_skip_dag to 2023-01-24T23:46:01.298669+00:00, run_after=2023-01-25T23:46:01.298669+00:00
[2023-01-25 23:46:01,341] {processor.py:161} INFO - Processing /home/airflow/.local/lib/python3.7/site-packages/airflow/example_dags/example_skip_dag.py took 0.269 seconds
[2023-01-25 23:46:32,669] {processor.py:153} INFO - Started process (PID=7707) to work on /home/airflow/.local/lib/python3.7/site-packages/airflow/example_dags/example_skip_dag.py
[2023-01-25 23:46:32,671] {processor.py:641} INFO - Processing file /home/airflow/.local/lib/python3.7/site-packages/airflow/example_dags/example_skip_dag.py for tasks to queue
[2023-01-25 23:46:32,675] {logging_mixin.py:115} INFO - [2023-01-25 23:46:32,674] {dagbag.py:508} INFO - Filling up the DagBag from /home/airflow/.local/lib/python3.7/site-packages/airflow/example_dags/example_skip_dag.py
[2023-01-25 23:46:32,701] {processor.py:651} INFO - DAG(s) dict_keys(['example_skip_dag']) retrieved from /home/airflow/.local/lib/python3.7/site-packages/airflow/example_dags/example_skip_dag.py
[2023-01-25 23:46:32,797] {logging_mixin.py:115} INFO - [2023-01-25 23:46:32,797] {dag.py:2420} INFO - Sync 1 DAGs
[2023-01-25 23:46:32,892] {logging_mixin.py:115} INFO - [2023-01-25 23:46:32,891] {dag.py:2972} INFO - Setting next_dagrun for example_skip_dag to 2023-01-24T23:46:32.890035+00:00, run_after=2023-01-25T23:46:32.890035+00:00
[2023-01-25 23:46:32,933] {processor.py:161} INFO - Processing /home/airflow/.local/lib/python3.7/site-packages/airflow/example_dags/example_skip_dag.py took 0.275 seconds
[2023-01-25 23:59:29,494] {processor.py:153} INFO - Started process (PID=7821) to work on /home/airflow/.local/lib/python3.7/site-packages/airflow/example_dags/example_skip_dag.py
[2023-01-25 23:59:29,496] {processor.py:641} INFO - Processing file /home/airflow/.local/lib/python3.7/site-packages/airflow/example_dags/example_skip_dag.py for tasks to queue
[2023-01-25 23:59:29,499] {logging_mixin.py:115} INFO - [2023-01-25 23:59:29,499] {dagbag.py:508} INFO - Filling up the DagBag from /home/airflow/.local/lib/python3.7/site-packages/airflow/example_dags/example_skip_dag.py
[2023-01-25 23:59:29,525] {processor.py:651} INFO - DAG(s) dict_keys(['example_skip_dag']) retrieved from /home/airflow/.local/lib/python3.7/site-packages/airflow/example_dags/example_skip_dag.py
[2023-01-25 23:59:29,612] {logging_mixin.py:115} INFO - [2023-01-25 23:59:29,612] {dag.py:2420} INFO - Sync 1 DAGs
[2023-01-25 23:59:29,712] {logging_mixin.py:115} INFO - [2023-01-25 23:59:29,712] {dag.py:2972} INFO - Setting next_dagrun for example_skip_dag to 2023-01-24T23:59:29.710503+00:00, run_after=2023-01-25T23:59:29.710503+00:00
[2023-01-25 23:59:29,752] {processor.py:161} INFO - Processing /home/airflow/.local/lib/python3.7/site-packages/airflow/example_dags/example_skip_dag.py took 0.267 seconds
