[2023-01-25 22:25:23,812] {processor.py:153} INFO - Started process (PID=204) to work on /home/airflow/.local/lib/python3.7/site-packages/airflow/example_dags/example_branch_day_of_week_operator.py
[2023-01-25 22:25:23,814] {processor.py:641} INFO - Processing file /home/airflow/.local/lib/python3.7/site-packages/airflow/example_dags/example_branch_day_of_week_operator.py for tasks to queue
[2023-01-25 22:25:23,820] {logging_mixin.py:115} INFO - [2023-01-25 22:25:23,819] {dagbag.py:508} INFO - Filling up the DagBag from /home/airflow/.local/lib/python3.7/site-packages/airflow/example_dags/example_branch_day_of_week_operator.py
[2023-01-25 22:25:23,917] {processor.py:651} INFO - DAG(s) dict_keys(['example_weekday_branch_operator']) retrieved from /home/airflow/.local/lib/python3.7/site-packages/airflow/example_dags/example_branch_day_of_week_operator.py
[2023-01-25 22:25:24,469] {logging_mixin.py:115} INFO - [2023-01-25 22:25:24,468] {dag.py:2420} INFO - Sync 1 DAGs
[2023-01-25 22:25:24,689] {logging_mixin.py:115} INFO - [2023-01-25 22:25:24,685] {dag.py:2972} INFO - Setting next_dagrun for example_weekday_branch_operator to 2023-01-24T00:00:00+00:00, run_after=2023-01-25T00:00:00+00:00
[2023-01-25 22:25:24,843] {processor.py:161} INFO - Processing /home/airflow/.local/lib/python3.7/site-packages/airflow/example_dags/example_branch_day_of_week_operator.py took 1.050 seconds
[2023-01-25 22:25:55,460] {processor.py:153} INFO - Started process (PID=318) to work on /home/airflow/.local/lib/python3.7/site-packages/airflow/example_dags/example_branch_day_of_week_operator.py
[2023-01-25 22:25:55,462] {processor.py:641} INFO - Processing file /home/airflow/.local/lib/python3.7/site-packages/airflow/example_dags/example_branch_day_of_week_operator.py for tasks to queue
[2023-01-25 22:25:55,464] {logging_mixin.py:115} INFO - [2023-01-25 22:25:55,464] {dagbag.py:508} INFO - Filling up the DagBag from /home/airflow/.local/lib/python3.7/site-packages/airflow/example_dags/example_branch_day_of_week_operator.py
[2023-01-25 22:25:55,509] {processor.py:651} INFO - DAG(s) dict_keys(['example_weekday_branch_operator']) retrieved from /home/airflow/.local/lib/python3.7/site-packages/airflow/example_dags/example_branch_day_of_week_operator.py
[2023-01-25 22:25:55,780] {logging_mixin.py:115} INFO - [2023-01-25 22:25:55,779] {dag.py:2420} INFO - Sync 1 DAGs
[2023-01-25 22:25:55,893] {logging_mixin.py:115} INFO - [2023-01-25 22:25:55,892] {dag.py:2972} INFO - Setting next_dagrun for example_weekday_branch_operator to 2023-01-24T00:00:00+00:00, run_after=2023-01-25T00:00:00+00:00
[2023-01-25 22:25:55,933] {processor.py:161} INFO - Processing /home/airflow/.local/lib/python3.7/site-packages/airflow/example_dags/example_branch_day_of_week_operator.py took 0.482 seconds
[2023-01-25 22:26:26,125] {processor.py:153} INFO - Started process (PID=432) to work on /home/airflow/.local/lib/python3.7/site-packages/airflow/example_dags/example_branch_day_of_week_operator.py
[2023-01-25 22:26:26,127] {processor.py:641} INFO - Processing file /home/airflow/.local/lib/python3.7/site-packages/airflow/example_dags/example_branch_day_of_week_operator.py for tasks to queue
[2023-01-25 22:26:26,129] {logging_mixin.py:115} INFO - [2023-01-25 22:26:26,129] {dagbag.py:508} INFO - Filling up the DagBag from /home/airflow/.local/lib/python3.7/site-packages/airflow/example_dags/example_branch_day_of_week_operator.py
[2023-01-25 22:26:26,169] {processor.py:651} INFO - DAG(s) dict_keys(['example_weekday_branch_operator']) retrieved from /home/airflow/.local/lib/python3.7/site-packages/airflow/example_dags/example_branch_day_of_week_operator.py
[2023-01-25 22:26:26,398] {logging_mixin.py:115} INFO - [2023-01-25 22:26:26,397] {dag.py:2420} INFO - Sync 1 DAGs
[2023-01-25 22:26:26,507] {logging_mixin.py:115} INFO - [2023-01-25 22:26:26,506] {dag.py:2972} INFO - Setting next_dagrun for example_weekday_branch_operator to 2023-01-24T00:00:00+00:00, run_after=2023-01-25T00:00:00+00:00
[2023-01-25 22:26:26,544] {processor.py:161} INFO - Processing /home/airflow/.local/lib/python3.7/site-packages/airflow/example_dags/example_branch_day_of_week_operator.py took 0.428 seconds
[2023-01-25 22:26:58,472] {processor.py:153} INFO - Started process (PID=546) to work on /home/airflow/.local/lib/python3.7/site-packages/airflow/example_dags/example_branch_day_of_week_operator.py
[2023-01-25 22:26:58,476] {processor.py:641} INFO - Processing file /home/airflow/.local/lib/python3.7/site-packages/airflow/example_dags/example_branch_day_of_week_operator.py for tasks to queue
[2023-01-25 22:26:58,479] {logging_mixin.py:115} INFO - [2023-01-25 22:26:58,478] {dagbag.py:508} INFO - Filling up the DagBag from /home/airflow/.local/lib/python3.7/site-packages/airflow/example_dags/example_branch_day_of_week_operator.py
[2023-01-25 22:26:58,536] {processor.py:651} INFO - DAG(s) dict_keys(['example_weekday_branch_operator']) retrieved from /home/airflow/.local/lib/python3.7/site-packages/airflow/example_dags/example_branch_day_of_week_operator.py
[2023-01-25 22:26:58,776] {logging_mixin.py:115} INFO - [2023-01-25 22:26:58,775] {dag.py:2420} INFO - Sync 1 DAGs
[2023-01-25 22:26:58,872] {logging_mixin.py:115} INFO - [2023-01-25 22:26:58,871] {dag.py:2972} INFO - Setting next_dagrun for example_weekday_branch_operator to 2023-01-24T00:00:00+00:00, run_after=2023-01-25T00:00:00+00:00
[2023-01-25 22:26:58,906] {processor.py:161} INFO - Processing /home/airflow/.local/lib/python3.7/site-packages/airflow/example_dags/example_branch_day_of_week_operator.py took 0.449 seconds
[2023-01-25 22:27:31,096] {processor.py:153} INFO - Started process (PID=660) to work on /home/airflow/.local/lib/python3.7/site-packages/airflow/example_dags/example_branch_day_of_week_operator.py
[2023-01-25 22:27:31,097] {processor.py:641} INFO - Processing file /home/airflow/.local/lib/python3.7/site-packages/airflow/example_dags/example_branch_day_of_week_operator.py for tasks to queue
[2023-01-25 22:27:31,099] {logging_mixin.py:115} INFO - [2023-01-25 22:27:31,099] {dagbag.py:508} INFO - Filling up the DagBag from /home/airflow/.local/lib/python3.7/site-packages/airflow/example_dags/example_branch_day_of_week_operator.py
[2023-01-25 22:27:31,147] {processor.py:651} INFO - DAG(s) dict_keys(['example_weekday_branch_operator']) retrieved from /home/airflow/.local/lib/python3.7/site-packages/airflow/example_dags/example_branch_day_of_week_operator.py
[2023-01-25 22:27:31,397] {logging_mixin.py:115} INFO - [2023-01-25 22:27:31,396] {dag.py:2420} INFO - Sync 1 DAGs
[2023-01-25 22:27:31,524] {logging_mixin.py:115} INFO - [2023-01-25 22:27:31,524] {dag.py:2972} INFO - Setting next_dagrun for example_weekday_branch_operator to 2023-01-24T00:00:00+00:00, run_after=2023-01-25T00:00:00+00:00
[2023-01-25 22:27:31,563] {processor.py:161} INFO - Processing /home/airflow/.local/lib/python3.7/site-packages/airflow/example_dags/example_branch_day_of_week_operator.py took 0.475 seconds
[2023-01-25 22:28:04,345] {processor.py:153} INFO - Started process (PID=791) to work on /home/airflow/.local/lib/python3.7/site-packages/airflow/example_dags/example_branch_day_of_week_operator.py
[2023-01-25 22:28:04,347] {processor.py:641} INFO - Processing file /home/airflow/.local/lib/python3.7/site-packages/airflow/example_dags/example_branch_day_of_week_operator.py for tasks to queue
[2023-01-25 22:28:04,350] {logging_mixin.py:115} INFO - [2023-01-25 22:28:04,349] {dagbag.py:508} INFO - Filling up the DagBag from /home/airflow/.local/lib/python3.7/site-packages/airflow/example_dags/example_branch_day_of_week_operator.py
[2023-01-25 22:28:04,393] {processor.py:651} INFO - DAG(s) dict_keys(['example_weekday_branch_operator']) retrieved from /home/airflow/.local/lib/python3.7/site-packages/airflow/example_dags/example_branch_day_of_week_operator.py
[2023-01-25 22:28:04,626] {logging_mixin.py:115} INFO - [2023-01-25 22:28:04,626] {dag.py:2420} INFO - Sync 1 DAGs
[2023-01-25 22:28:04,739] {logging_mixin.py:115} INFO - [2023-01-25 22:28:04,739] {dag.py:2972} INFO - Setting next_dagrun for example_weekday_branch_operator to 2023-01-24T00:00:00+00:00, run_after=2023-01-25T00:00:00+00:00
[2023-01-25 22:28:04,778] {processor.py:161} INFO - Processing /home/airflow/.local/lib/python3.7/site-packages/airflow/example_dags/example_branch_day_of_week_operator.py took 0.442 seconds
[2023-01-25 22:28:39,103] {processor.py:153} INFO - Started process (PID=905) to work on /home/airflow/.local/lib/python3.7/site-packages/airflow/example_dags/example_branch_day_of_week_operator.py
[2023-01-25 22:28:39,105] {processor.py:641} INFO - Processing file /home/airflow/.local/lib/python3.7/site-packages/airflow/example_dags/example_branch_day_of_week_operator.py for tasks to queue
[2023-01-25 22:28:39,107] {logging_mixin.py:115} INFO - [2023-01-25 22:28:39,107] {dagbag.py:508} INFO - Filling up the DagBag from /home/airflow/.local/lib/python3.7/site-packages/airflow/example_dags/example_branch_day_of_week_operator.py
[2023-01-25 22:28:39,152] {processor.py:651} INFO - DAG(s) dict_keys(['example_weekday_branch_operator']) retrieved from /home/airflow/.local/lib/python3.7/site-packages/airflow/example_dags/example_branch_day_of_week_operator.py
[2023-01-25 22:28:39,400] {logging_mixin.py:115} INFO - [2023-01-25 22:28:39,400] {dag.py:2420} INFO - Sync 1 DAGs
[2023-01-25 22:28:39,535] {logging_mixin.py:115} INFO - [2023-01-25 22:28:39,534] {dag.py:2972} INFO - Setting next_dagrun for example_weekday_branch_operator to 2023-01-24T00:00:00+00:00, run_after=2023-01-25T00:00:00+00:00
[2023-01-25 22:28:39,623] {processor.py:161} INFO - Processing /home/airflow/.local/lib/python3.7/site-packages/airflow/example_dags/example_branch_day_of_week_operator.py took 0.527 seconds
[2023-01-25 22:29:11,810] {processor.py:153} INFO - Started process (PID=1019) to work on /home/airflow/.local/lib/python3.7/site-packages/airflow/example_dags/example_branch_day_of_week_operator.py
[2023-01-25 22:29:11,812] {processor.py:641} INFO - Processing file /home/airflow/.local/lib/python3.7/site-packages/airflow/example_dags/example_branch_day_of_week_operator.py for tasks to queue
[2023-01-25 22:29:11,815] {logging_mixin.py:115} INFO - [2023-01-25 22:29:11,814] {dagbag.py:508} INFO - Filling up the DagBag from /home/airflow/.local/lib/python3.7/site-packages/airflow/example_dags/example_branch_day_of_week_operator.py
[2023-01-25 22:29:11,864] {processor.py:651} INFO - DAG(s) dict_keys(['example_weekday_branch_operator']) retrieved from /home/airflow/.local/lib/python3.7/site-packages/airflow/example_dags/example_branch_day_of_week_operator.py
[2023-01-25 22:29:12,099] {logging_mixin.py:115} INFO - [2023-01-25 22:29:12,099] {dag.py:2420} INFO - Sync 1 DAGs
[2023-01-25 22:29:12,217] {logging_mixin.py:115} INFO - [2023-01-25 22:29:12,216] {dag.py:2972} INFO - Setting next_dagrun for example_weekday_branch_operator to 2023-01-24T00:00:00+00:00, run_after=2023-01-25T00:00:00+00:00
[2023-01-25 22:29:12,259] {processor.py:161} INFO - Processing /home/airflow/.local/lib/python3.7/site-packages/airflow/example_dags/example_branch_day_of_week_operator.py took 0.456 seconds
[2023-01-25 22:29:44,835] {processor.py:153} INFO - Started process (PID=1133) to work on /home/airflow/.local/lib/python3.7/site-packages/airflow/example_dags/example_branch_day_of_week_operator.py
[2023-01-25 22:29:44,837] {processor.py:641} INFO - Processing file /home/airflow/.local/lib/python3.7/site-packages/airflow/example_dags/example_branch_day_of_week_operator.py for tasks to queue
[2023-01-25 22:29:44,840] {logging_mixin.py:115} INFO - [2023-01-25 22:29:44,839] {dagbag.py:508} INFO - Filling up the DagBag from /home/airflow/.local/lib/python3.7/site-packages/airflow/example_dags/example_branch_day_of_week_operator.py
[2023-01-25 22:29:44,883] {processor.py:651} INFO - DAG(s) dict_keys(['example_weekday_branch_operator']) retrieved from /home/airflow/.local/lib/python3.7/site-packages/airflow/example_dags/example_branch_day_of_week_operator.py
[2023-01-25 22:29:45,166] {logging_mixin.py:115} INFO - [2023-01-25 22:29:45,165] {dag.py:2420} INFO - Sync 1 DAGs
[2023-01-25 22:29:45,281] {logging_mixin.py:115} INFO - [2023-01-25 22:29:45,280] {dag.py:2972} INFO - Setting next_dagrun for example_weekday_branch_operator to 2023-01-24T00:00:00+00:00, run_after=2023-01-25T00:00:00+00:00
[2023-01-25 22:29:45,323] {processor.py:161} INFO - Processing /home/airflow/.local/lib/python3.7/site-packages/airflow/example_dags/example_branch_day_of_week_operator.py took 0.496 seconds
[2023-01-25 22:30:18,441] {processor.py:153} INFO - Started process (PID=1248) to work on /home/airflow/.local/lib/python3.7/site-packages/airflow/example_dags/example_branch_day_of_week_operator.py
[2023-01-25 22:30:18,443] {processor.py:641} INFO - Processing file /home/airflow/.local/lib/python3.7/site-packages/airflow/example_dags/example_branch_day_of_week_operator.py for tasks to queue
[2023-01-25 22:30:18,445] {logging_mixin.py:115} INFO - [2023-01-25 22:30:18,445] {dagbag.py:508} INFO - Filling up the DagBag from /home/airflow/.local/lib/python3.7/site-packages/airflow/example_dags/example_branch_day_of_week_operator.py
[2023-01-25 22:30:18,482] {processor.py:651} INFO - DAG(s) dict_keys(['example_weekday_branch_operator']) retrieved from /home/airflow/.local/lib/python3.7/site-packages/airflow/example_dags/example_branch_day_of_week_operator.py
[2023-01-25 22:30:18,828] {logging_mixin.py:115} INFO - [2023-01-25 22:30:18,828] {dag.py:2420} INFO - Sync 1 DAGs
[2023-01-25 22:30:18,935] {logging_mixin.py:115} INFO - [2023-01-25 22:30:18,935] {dag.py:2972} INFO - Setting next_dagrun for example_weekday_branch_operator to 2023-01-24T00:00:00+00:00, run_after=2023-01-25T00:00:00+00:00
[2023-01-25 22:30:18,968] {processor.py:161} INFO - Processing /home/airflow/.local/lib/python3.7/site-packages/airflow/example_dags/example_branch_day_of_week_operator.py took 0.535 seconds
[2023-01-25 22:30:50,655] {processor.py:153} INFO - Started process (PID=1363) to work on /home/airflow/.local/lib/python3.7/site-packages/airflow/example_dags/example_branch_day_of_week_operator.py
[2023-01-25 22:30:50,657] {processor.py:641} INFO - Processing file /home/airflow/.local/lib/python3.7/site-packages/airflow/example_dags/example_branch_day_of_week_operator.py for tasks to queue
[2023-01-25 22:30:50,659] {logging_mixin.py:115} INFO - [2023-01-25 22:30:50,658] {dagbag.py:508} INFO - Filling up the DagBag from /home/airflow/.local/lib/python3.7/site-packages/airflow/example_dags/example_branch_day_of_week_operator.py
[2023-01-25 22:30:50,694] {processor.py:651} INFO - DAG(s) dict_keys(['example_weekday_branch_operator']) retrieved from /home/airflow/.local/lib/python3.7/site-packages/airflow/example_dags/example_branch_day_of_week_operator.py
[2023-01-25 22:30:50,966] {logging_mixin.py:115} INFO - [2023-01-25 22:30:50,966] {dag.py:2420} INFO - Sync 1 DAGs
[2023-01-25 22:30:51,059] {logging_mixin.py:115} INFO - [2023-01-25 22:30:51,058] {dag.py:2972} INFO - Setting next_dagrun for example_weekday_branch_operator to 2023-01-24T00:00:00+00:00, run_after=2023-01-25T00:00:00+00:00
[2023-01-25 22:30:51,103] {processor.py:161} INFO - Processing /home/airflow/.local/lib/python3.7/site-packages/airflow/example_dags/example_branch_day_of_week_operator.py took 0.457 seconds
[2023-01-25 22:31:21,592] {processor.py:153} INFO - Started process (PID=1473) to work on /home/airflow/.local/lib/python3.7/site-packages/airflow/example_dags/example_branch_day_of_week_operator.py
[2023-01-25 22:31:21,594] {processor.py:641} INFO - Processing file /home/airflow/.local/lib/python3.7/site-packages/airflow/example_dags/example_branch_day_of_week_operator.py for tasks to queue
[2023-01-25 22:31:21,596] {logging_mixin.py:115} INFO - [2023-01-25 22:31:21,596] {dagbag.py:508} INFO - Filling up the DagBag from /home/airflow/.local/lib/python3.7/site-packages/airflow/example_dags/example_branch_day_of_week_operator.py
[2023-01-25 22:31:21,631] {processor.py:651} INFO - DAG(s) dict_keys(['example_weekday_branch_operator']) retrieved from /home/airflow/.local/lib/python3.7/site-packages/airflow/example_dags/example_branch_day_of_week_operator.py
[2023-01-25 22:31:21,878] {logging_mixin.py:115} INFO - [2023-01-25 22:31:21,878] {dag.py:2420} INFO - Sync 1 DAGs
[2023-01-25 22:31:21,982] {logging_mixin.py:115} INFO - [2023-01-25 22:31:21,981] {dag.py:2972} INFO - Setting next_dagrun for example_weekday_branch_operator to 2023-01-24T00:00:00+00:00, run_after=2023-01-25T00:00:00+00:00
[2023-01-25 22:31:22,016] {processor.py:161} INFO - Processing /home/airflow/.local/lib/python3.7/site-packages/airflow/example_dags/example_branch_day_of_week_operator.py took 0.432 seconds
[2023-01-25 22:31:53,498] {processor.py:153} INFO - Started process (PID=1586) to work on /home/airflow/.local/lib/python3.7/site-packages/airflow/example_dags/example_branch_day_of_week_operator.py
[2023-01-25 22:31:53,500] {processor.py:641} INFO - Processing file /home/airflow/.local/lib/python3.7/site-packages/airflow/example_dags/example_branch_day_of_week_operator.py for tasks to queue
[2023-01-25 22:31:53,502] {logging_mixin.py:115} INFO - [2023-01-25 22:31:53,502] {dagbag.py:508} INFO - Filling up the DagBag from /home/airflow/.local/lib/python3.7/site-packages/airflow/example_dags/example_branch_day_of_week_operator.py
[2023-01-25 22:31:53,533] {processor.py:651} INFO - DAG(s) dict_keys(['example_weekday_branch_operator']) retrieved from /home/airflow/.local/lib/python3.7/site-packages/airflow/example_dags/example_branch_day_of_week_operator.py
[2023-01-25 22:31:53,772] {logging_mixin.py:115} INFO - [2023-01-25 22:31:53,772] {dag.py:2420} INFO - Sync 1 DAGs
[2023-01-25 22:31:53,877] {logging_mixin.py:115} INFO - [2023-01-25 22:31:53,877] {dag.py:2972} INFO - Setting next_dagrun for example_weekday_branch_operator to 2023-01-24T00:00:00+00:00, run_after=2023-01-25T00:00:00+00:00
[2023-01-25 22:31:53,915] {processor.py:161} INFO - Processing /home/airflow/.local/lib/python3.7/site-packages/airflow/example_dags/example_branch_day_of_week_operator.py took 0.425 seconds
[2023-01-25 22:32:25,344] {processor.py:153} INFO - Started process (PID=1700) to work on /home/airflow/.local/lib/python3.7/site-packages/airflow/example_dags/example_branch_day_of_week_operator.py
[2023-01-25 22:32:25,347] {processor.py:641} INFO - Processing file /home/airflow/.local/lib/python3.7/site-packages/airflow/example_dags/example_branch_day_of_week_operator.py for tasks to queue
[2023-01-25 22:32:25,351] {logging_mixin.py:115} INFO - [2023-01-25 22:32:25,350] {dagbag.py:508} INFO - Filling up the DagBag from /home/airflow/.local/lib/python3.7/site-packages/airflow/example_dags/example_branch_day_of_week_operator.py
[2023-01-25 22:32:25,389] {processor.py:651} INFO - DAG(s) dict_keys(['example_weekday_branch_operator']) retrieved from /home/airflow/.local/lib/python3.7/site-packages/airflow/example_dags/example_branch_day_of_week_operator.py
[2023-01-25 22:32:25,638] {logging_mixin.py:115} INFO - [2023-01-25 22:32:25,637] {dag.py:2420} INFO - Sync 1 DAGs
[2023-01-25 22:32:25,742] {logging_mixin.py:115} INFO - [2023-01-25 22:32:25,742] {dag.py:2972} INFO - Setting next_dagrun for example_weekday_branch_operator to 2023-01-24T00:00:00+00:00, run_after=2023-01-25T00:00:00+00:00
[2023-01-25 22:32:25,779] {processor.py:161} INFO - Processing /home/airflow/.local/lib/python3.7/site-packages/airflow/example_dags/example_branch_day_of_week_operator.py took 0.445 seconds
[2023-01-25 22:32:56,237] {processor.py:153} INFO - Started process (PID=1811) to work on /home/airflow/.local/lib/python3.7/site-packages/airflow/example_dags/example_branch_day_of_week_operator.py
[2023-01-25 22:32:56,239] {processor.py:641} INFO - Processing file /home/airflow/.local/lib/python3.7/site-packages/airflow/example_dags/example_branch_day_of_week_operator.py for tasks to queue
[2023-01-25 22:32:56,241] {logging_mixin.py:115} INFO - [2023-01-25 22:32:56,241] {dagbag.py:508} INFO - Filling up the DagBag from /home/airflow/.local/lib/python3.7/site-packages/airflow/example_dags/example_branch_day_of_week_operator.py
[2023-01-25 22:32:56,278] {processor.py:651} INFO - DAG(s) dict_keys(['example_weekday_branch_operator']) retrieved from /home/airflow/.local/lib/python3.7/site-packages/airflow/example_dags/example_branch_day_of_week_operator.py
[2023-01-25 22:32:56,546] {logging_mixin.py:115} INFO - [2023-01-25 22:32:56,545] {dag.py:2420} INFO - Sync 1 DAGs
[2023-01-25 22:32:56,659] {logging_mixin.py:115} INFO - [2023-01-25 22:32:56,658] {dag.py:2972} INFO - Setting next_dagrun for example_weekday_branch_operator to 2023-01-24T00:00:00+00:00, run_after=2023-01-25T00:00:00+00:00
[2023-01-25 22:32:56,698] {processor.py:161} INFO - Processing /home/airflow/.local/lib/python3.7/site-packages/airflow/example_dags/example_branch_day_of_week_operator.py took 0.470 seconds
[2023-01-25 22:33:28,098] {processor.py:153} INFO - Started process (PID=1925) to work on /home/airflow/.local/lib/python3.7/site-packages/airflow/example_dags/example_branch_day_of_week_operator.py
[2023-01-25 22:33:28,100] {processor.py:641} INFO - Processing file /home/airflow/.local/lib/python3.7/site-packages/airflow/example_dags/example_branch_day_of_week_operator.py for tasks to queue
[2023-01-25 22:33:28,102] {logging_mixin.py:115} INFO - [2023-01-25 22:33:28,102] {dagbag.py:508} INFO - Filling up the DagBag from /home/airflow/.local/lib/python3.7/site-packages/airflow/example_dags/example_branch_day_of_week_operator.py
[2023-01-25 22:33:28,136] {processor.py:651} INFO - DAG(s) dict_keys(['example_weekday_branch_operator']) retrieved from /home/airflow/.local/lib/python3.7/site-packages/airflow/example_dags/example_branch_day_of_week_operator.py
[2023-01-25 22:33:28,394] {logging_mixin.py:115} INFO - [2023-01-25 22:33:28,394] {dag.py:2420} INFO - Sync 1 DAGs
[2023-01-25 22:33:28,500] {logging_mixin.py:115} INFO - [2023-01-25 22:33:28,499] {dag.py:2972} INFO - Setting next_dagrun for example_weekday_branch_operator to 2023-01-24T00:00:00+00:00, run_after=2023-01-25T00:00:00+00:00
[2023-01-25 22:33:28,541] {processor.py:161} INFO - Processing /home/airflow/.local/lib/python3.7/site-packages/airflow/example_dags/example_branch_day_of_week_operator.py took 0.450 seconds
[2023-01-25 22:33:59,559] {processor.py:153} INFO - Started process (PID=2039) to work on /home/airflow/.local/lib/python3.7/site-packages/airflow/example_dags/example_branch_day_of_week_operator.py
[2023-01-25 22:33:59,561] {processor.py:641} INFO - Processing file /home/airflow/.local/lib/python3.7/site-packages/airflow/example_dags/example_branch_day_of_week_operator.py for tasks to queue
[2023-01-25 22:33:59,563] {logging_mixin.py:115} INFO - [2023-01-25 22:33:59,563] {dagbag.py:508} INFO - Filling up the DagBag from /home/airflow/.local/lib/python3.7/site-packages/airflow/example_dags/example_branch_day_of_week_operator.py
[2023-01-25 22:33:59,596] {processor.py:651} INFO - DAG(s) dict_keys(['example_weekday_branch_operator']) retrieved from /home/airflow/.local/lib/python3.7/site-packages/airflow/example_dags/example_branch_day_of_week_operator.py
[2023-01-25 22:33:59,857] {logging_mixin.py:115} INFO - [2023-01-25 22:33:59,857] {dag.py:2420} INFO - Sync 1 DAGs
[2023-01-25 22:33:59,951] {logging_mixin.py:115} INFO - [2023-01-25 22:33:59,950] {dag.py:2972} INFO - Setting next_dagrun for example_weekday_branch_operator to 2023-01-24T00:00:00+00:00, run_after=2023-01-25T00:00:00+00:00
[2023-01-25 22:33:59,983] {processor.py:161} INFO - Processing /home/airflow/.local/lib/python3.7/site-packages/airflow/example_dags/example_branch_day_of_week_operator.py took 0.432 seconds
[2023-01-25 22:34:31,140] {processor.py:153} INFO - Started process (PID=2155) to work on /home/airflow/.local/lib/python3.7/site-packages/airflow/example_dags/example_branch_day_of_week_operator.py
[2023-01-25 22:34:31,141] {processor.py:641} INFO - Processing file /home/airflow/.local/lib/python3.7/site-packages/airflow/example_dags/example_branch_day_of_week_operator.py for tasks to queue
[2023-01-25 22:34:31,143] {logging_mixin.py:115} INFO - [2023-01-25 22:34:31,143] {dagbag.py:508} INFO - Filling up the DagBag from /home/airflow/.local/lib/python3.7/site-packages/airflow/example_dags/example_branch_day_of_week_operator.py
[2023-01-25 22:34:31,177] {processor.py:651} INFO - DAG(s) dict_keys(['example_weekday_branch_operator']) retrieved from /home/airflow/.local/lib/python3.7/site-packages/airflow/example_dags/example_branch_day_of_week_operator.py
[2023-01-25 22:34:31,436] {logging_mixin.py:115} INFO - [2023-01-25 22:34:31,436] {dag.py:2420} INFO - Sync 1 DAGs
[2023-01-25 22:34:31,551] {logging_mixin.py:115} INFO - [2023-01-25 22:34:31,550] {dag.py:2972} INFO - Setting next_dagrun for example_weekday_branch_operator to 2023-01-24T00:00:00+00:00, run_after=2023-01-25T00:00:00+00:00
[2023-01-25 22:34:31,600] {processor.py:161} INFO - Processing /home/airflow/.local/lib/python3.7/site-packages/airflow/example_dags/example_branch_day_of_week_operator.py took 0.467 seconds
[2023-01-25 22:35:03,240] {processor.py:153} INFO - Started process (PID=2268) to work on /home/airflow/.local/lib/python3.7/site-packages/airflow/example_dags/example_branch_day_of_week_operator.py
[2023-01-25 22:35:03,242] {processor.py:641} INFO - Processing file /home/airflow/.local/lib/python3.7/site-packages/airflow/example_dags/example_branch_day_of_week_operator.py for tasks to queue
[2023-01-25 22:35:03,244] {logging_mixin.py:115} INFO - [2023-01-25 22:35:03,244] {dagbag.py:508} INFO - Filling up the DagBag from /home/airflow/.local/lib/python3.7/site-packages/airflow/example_dags/example_branch_day_of_week_operator.py
[2023-01-25 22:35:03,281] {processor.py:651} INFO - DAG(s) dict_keys(['example_weekday_branch_operator']) retrieved from /home/airflow/.local/lib/python3.7/site-packages/airflow/example_dags/example_branch_day_of_week_operator.py
[2023-01-25 22:35:03,355] {logging_mixin.py:115} INFO - [2023-01-25 22:35:03,355] {dag.py:2420} INFO - Sync 1 DAGs
[2023-01-25 22:35:03,459] {logging_mixin.py:115} INFO - [2023-01-25 22:35:03,458] {dag.py:2972} INFO - Setting next_dagrun for example_weekday_branch_operator to 2023-01-24T00:00:00+00:00, run_after=2023-01-25T00:00:00+00:00
[2023-01-25 22:35:03,503] {processor.py:161} INFO - Processing /home/airflow/.local/lib/python3.7/site-packages/airflow/example_dags/example_branch_day_of_week_operator.py took 0.272 seconds
[2023-01-25 22:35:34,801] {processor.py:153} INFO - Started process (PID=2380) to work on /home/airflow/.local/lib/python3.7/site-packages/airflow/example_dags/example_branch_day_of_week_operator.py
[2023-01-25 22:35:34,803] {processor.py:641} INFO - Processing file /home/airflow/.local/lib/python3.7/site-packages/airflow/example_dags/example_branch_day_of_week_operator.py for tasks to queue
[2023-01-25 22:35:34,806] {logging_mixin.py:115} INFO - [2023-01-25 22:35:34,805] {dagbag.py:508} INFO - Filling up the DagBag from /home/airflow/.local/lib/python3.7/site-packages/airflow/example_dags/example_branch_day_of_week_operator.py
[2023-01-25 22:35:34,844] {processor.py:651} INFO - DAG(s) dict_keys(['example_weekday_branch_operator']) retrieved from /home/airflow/.local/lib/python3.7/site-packages/airflow/example_dags/example_branch_day_of_week_operator.py
[2023-01-25 22:35:34,923] {logging_mixin.py:115} INFO - [2023-01-25 22:35:34,922] {dag.py:2420} INFO - Sync 1 DAGs
[2023-01-25 22:35:35,027] {logging_mixin.py:115} INFO - [2023-01-25 22:35:35,026] {dag.py:2972} INFO - Setting next_dagrun for example_weekday_branch_operator to 2023-01-24T00:00:00+00:00, run_after=2023-01-25T00:00:00+00:00
[2023-01-25 22:35:35,067] {processor.py:161} INFO - Processing /home/airflow/.local/lib/python3.7/site-packages/airflow/example_dags/example_branch_day_of_week_operator.py took 0.275 seconds
[2023-01-25 22:36:05,928] {processor.py:153} INFO - Started process (PID=2494) to work on /home/airflow/.local/lib/python3.7/site-packages/airflow/example_dags/example_branch_day_of_week_operator.py
[2023-01-25 22:36:05,930] {processor.py:641} INFO - Processing file /home/airflow/.local/lib/python3.7/site-packages/airflow/example_dags/example_branch_day_of_week_operator.py for tasks to queue
[2023-01-25 22:36:05,933] {logging_mixin.py:115} INFO - [2023-01-25 22:36:05,933] {dagbag.py:508} INFO - Filling up the DagBag from /home/airflow/.local/lib/python3.7/site-packages/airflow/example_dags/example_branch_day_of_week_operator.py
[2023-01-25 22:36:05,978] {processor.py:651} INFO - DAG(s) dict_keys(['example_weekday_branch_operator']) retrieved from /home/airflow/.local/lib/python3.7/site-packages/airflow/example_dags/example_branch_day_of_week_operator.py
[2023-01-25 22:36:06,058] {logging_mixin.py:115} INFO - [2023-01-25 22:36:06,057] {dag.py:2420} INFO - Sync 1 DAGs
[2023-01-25 22:36:06,181] {logging_mixin.py:115} INFO - [2023-01-25 22:36:06,181] {dag.py:2972} INFO - Setting next_dagrun for example_weekday_branch_operator to 2023-01-24T00:00:00+00:00, run_after=2023-01-25T00:00:00+00:00
[2023-01-25 22:36:06,229] {processor.py:161} INFO - Processing /home/airflow/.local/lib/python3.7/site-packages/airflow/example_dags/example_branch_day_of_week_operator.py took 0.312 seconds
[2023-01-25 22:36:36,716] {processor.py:153} INFO - Started process (PID=2605) to work on /home/airflow/.local/lib/python3.7/site-packages/airflow/example_dags/example_branch_day_of_week_operator.py
[2023-01-25 22:36:36,718] {processor.py:641} INFO - Processing file /home/airflow/.local/lib/python3.7/site-packages/airflow/example_dags/example_branch_day_of_week_operator.py for tasks to queue
[2023-01-25 22:36:36,720] {logging_mixin.py:115} INFO - [2023-01-25 22:36:36,720] {dagbag.py:508} INFO - Filling up the DagBag from /home/airflow/.local/lib/python3.7/site-packages/airflow/example_dags/example_branch_day_of_week_operator.py
[2023-01-25 22:36:36,758] {processor.py:651} INFO - DAG(s) dict_keys(['example_weekday_branch_operator']) retrieved from /home/airflow/.local/lib/python3.7/site-packages/airflow/example_dags/example_branch_day_of_week_operator.py
[2023-01-25 22:36:36,842] {logging_mixin.py:115} INFO - [2023-01-25 22:36:36,841] {dag.py:2420} INFO - Sync 1 DAGs
[2023-01-25 22:36:36,957] {logging_mixin.py:115} INFO - [2023-01-25 22:36:36,957] {dag.py:2972} INFO - Setting next_dagrun for example_weekday_branch_operator to 2023-01-24T00:00:00+00:00, run_after=2023-01-25T00:00:00+00:00
[2023-01-25 22:36:36,995] {processor.py:161} INFO - Processing /home/airflow/.local/lib/python3.7/site-packages/airflow/example_dags/example_branch_day_of_week_operator.py took 0.288 seconds
[2023-01-25 22:37:07,360] {processor.py:153} INFO - Started process (PID=2718) to work on /home/airflow/.local/lib/python3.7/site-packages/airflow/example_dags/example_branch_day_of_week_operator.py
[2023-01-25 22:37:07,362] {processor.py:641} INFO - Processing file /home/airflow/.local/lib/python3.7/site-packages/airflow/example_dags/example_branch_day_of_week_operator.py for tasks to queue
[2023-01-25 22:37:07,364] {logging_mixin.py:115} INFO - [2023-01-25 22:37:07,364] {dagbag.py:508} INFO - Filling up the DagBag from /home/airflow/.local/lib/python3.7/site-packages/airflow/example_dags/example_branch_day_of_week_operator.py
[2023-01-25 22:37:07,403] {processor.py:651} INFO - DAG(s) dict_keys(['example_weekday_branch_operator']) retrieved from /home/airflow/.local/lib/python3.7/site-packages/airflow/example_dags/example_branch_day_of_week_operator.py
[2023-01-25 22:37:07,491] {logging_mixin.py:115} INFO - [2023-01-25 22:37:07,491] {dag.py:2420} INFO - Sync 1 DAGs
[2023-01-25 22:37:07,602] {logging_mixin.py:115} INFO - [2023-01-25 22:37:07,601] {dag.py:2972} INFO - Setting next_dagrun for example_weekday_branch_operator to 2023-01-24T00:00:00+00:00, run_after=2023-01-25T00:00:00+00:00
[2023-01-25 22:37:07,638] {processor.py:161} INFO - Processing /home/airflow/.local/lib/python3.7/site-packages/airflow/example_dags/example_branch_day_of_week_operator.py took 0.287 seconds
[2023-01-25 22:37:38,040] {processor.py:153} INFO - Started process (PID=2832) to work on /home/airflow/.local/lib/python3.7/site-packages/airflow/example_dags/example_branch_day_of_week_operator.py
[2023-01-25 22:37:38,042] {processor.py:641} INFO - Processing file /home/airflow/.local/lib/python3.7/site-packages/airflow/example_dags/example_branch_day_of_week_operator.py for tasks to queue
[2023-01-25 22:37:38,045] {logging_mixin.py:115} INFO - [2023-01-25 22:37:38,044] {dagbag.py:508} INFO - Filling up the DagBag from /home/airflow/.local/lib/python3.7/site-packages/airflow/example_dags/example_branch_day_of_week_operator.py
[2023-01-25 22:37:38,082] {processor.py:651} INFO - DAG(s) dict_keys(['example_weekday_branch_operator']) retrieved from /home/airflow/.local/lib/python3.7/site-packages/airflow/example_dags/example_branch_day_of_week_operator.py
[2023-01-25 22:37:38,166] {logging_mixin.py:115} INFO - [2023-01-25 22:37:38,166] {dag.py:2420} INFO - Sync 1 DAGs
[2023-01-25 22:37:38,285] {logging_mixin.py:115} INFO - [2023-01-25 22:37:38,284] {dag.py:2972} INFO - Setting next_dagrun for example_weekday_branch_operator to 2023-01-24T00:00:00+00:00, run_after=2023-01-25T00:00:00+00:00
[2023-01-25 22:37:38,323] {processor.py:161} INFO - Processing /home/airflow/.local/lib/python3.7/site-packages/airflow/example_dags/example_branch_day_of_week_operator.py took 0.291 seconds
[2023-01-25 22:38:10,408] {processor.py:153} INFO - Started process (PID=2946) to work on /home/airflow/.local/lib/python3.7/site-packages/airflow/example_dags/example_branch_day_of_week_operator.py
[2023-01-25 22:38:10,413] {processor.py:641} INFO - Processing file /home/airflow/.local/lib/python3.7/site-packages/airflow/example_dags/example_branch_day_of_week_operator.py for tasks to queue
[2023-01-25 22:38:10,417] {logging_mixin.py:115} INFO - [2023-01-25 22:38:10,416] {dagbag.py:508} INFO - Filling up the DagBag from /home/airflow/.local/lib/python3.7/site-packages/airflow/example_dags/example_branch_day_of_week_operator.py
[2023-01-25 22:38:10,474] {processor.py:651} INFO - DAG(s) dict_keys(['example_weekday_branch_operator']) retrieved from /home/airflow/.local/lib/python3.7/site-packages/airflow/example_dags/example_branch_day_of_week_operator.py
[2023-01-25 22:38:10,580] {logging_mixin.py:115} INFO - [2023-01-25 22:38:10,579] {dag.py:2420} INFO - Sync 1 DAGs
[2023-01-25 22:38:10,756] {logging_mixin.py:115} INFO - [2023-01-25 22:38:10,755] {dag.py:2972} INFO - Setting next_dagrun for example_weekday_branch_operator to 2023-01-24T00:00:00+00:00, run_after=2023-01-25T00:00:00+00:00
[2023-01-25 22:38:10,817] {processor.py:161} INFO - Processing /home/airflow/.local/lib/python3.7/site-packages/airflow/example_dags/example_branch_day_of_week_operator.py took 0.419 seconds
[2023-01-25 22:38:41,494] {processor.py:153} INFO - Started process (PID=3060) to work on /home/airflow/.local/lib/python3.7/site-packages/airflow/example_dags/example_branch_day_of_week_operator.py
[2023-01-25 22:38:41,497] {processor.py:641} INFO - Processing file /home/airflow/.local/lib/python3.7/site-packages/airflow/example_dags/example_branch_day_of_week_operator.py for tasks to queue
[2023-01-25 22:38:41,500] {logging_mixin.py:115} INFO - [2023-01-25 22:38:41,499] {dagbag.py:508} INFO - Filling up the DagBag from /home/airflow/.local/lib/python3.7/site-packages/airflow/example_dags/example_branch_day_of_week_operator.py
[2023-01-25 22:38:41,543] {processor.py:651} INFO - DAG(s) dict_keys(['example_weekday_branch_operator']) retrieved from /home/airflow/.local/lib/python3.7/site-packages/airflow/example_dags/example_branch_day_of_week_operator.py
[2023-01-25 22:38:41,629] {logging_mixin.py:115} INFO - [2023-01-25 22:38:41,628] {dag.py:2420} INFO - Sync 1 DAGs
[2023-01-25 22:38:41,740] {logging_mixin.py:115} INFO - [2023-01-25 22:38:41,739] {dag.py:2972} INFO - Setting next_dagrun for example_weekday_branch_operator to 2023-01-24T00:00:00+00:00, run_after=2023-01-25T00:00:00+00:00
[2023-01-25 22:38:41,785] {processor.py:161} INFO - Processing /home/airflow/.local/lib/python3.7/site-packages/airflow/example_dags/example_branch_day_of_week_operator.py took 0.300 seconds
[2023-01-25 22:39:15,055] {processor.py:153} INFO - Started process (PID=3177) to work on /home/airflow/.local/lib/python3.7/site-packages/airflow/example_dags/example_branch_day_of_week_operator.py
[2023-01-25 22:39:15,057] {processor.py:641} INFO - Processing file /home/airflow/.local/lib/python3.7/site-packages/airflow/example_dags/example_branch_day_of_week_operator.py for tasks to queue
[2023-01-25 22:39:15,059] {logging_mixin.py:115} INFO - [2023-01-25 22:39:15,059] {dagbag.py:508} INFO - Filling up the DagBag from /home/airflow/.local/lib/python3.7/site-packages/airflow/example_dags/example_branch_day_of_week_operator.py
[2023-01-25 22:39:15,106] {processor.py:651} INFO - DAG(s) dict_keys(['example_weekday_branch_operator']) retrieved from /home/airflow/.local/lib/python3.7/site-packages/airflow/example_dags/example_branch_day_of_week_operator.py
[2023-01-25 22:39:15,180] {logging_mixin.py:115} INFO - [2023-01-25 22:39:15,180] {dag.py:2420} INFO - Sync 1 DAGs
[2023-01-25 22:39:15,298] {logging_mixin.py:115} INFO - [2023-01-25 22:39:15,297] {dag.py:2972} INFO - Setting next_dagrun for example_weekday_branch_operator to 2023-01-24T00:00:00+00:00, run_after=2023-01-25T00:00:00+00:00
[2023-01-25 22:39:15,342] {processor.py:161} INFO - Processing /home/airflow/.local/lib/python3.7/site-packages/airflow/example_dags/example_branch_day_of_week_operator.py took 0.297 seconds
[2023-01-25 22:39:47,572] {processor.py:153} INFO - Started process (PID=3290) to work on /home/airflow/.local/lib/python3.7/site-packages/airflow/example_dags/example_branch_day_of_week_operator.py
[2023-01-25 22:39:47,574] {processor.py:641} INFO - Processing file /home/airflow/.local/lib/python3.7/site-packages/airflow/example_dags/example_branch_day_of_week_operator.py for tasks to queue
[2023-01-25 22:39:47,576] {logging_mixin.py:115} INFO - [2023-01-25 22:39:47,575] {dagbag.py:508} INFO - Filling up the DagBag from /home/airflow/.local/lib/python3.7/site-packages/airflow/example_dags/example_branch_day_of_week_operator.py
[2023-01-25 22:39:47,611] {processor.py:651} INFO - DAG(s) dict_keys(['example_weekday_branch_operator']) retrieved from /home/airflow/.local/lib/python3.7/site-packages/airflow/example_dags/example_branch_day_of_week_operator.py
[2023-01-25 22:39:47,687] {logging_mixin.py:115} INFO - [2023-01-25 22:39:47,686] {dag.py:2420} INFO - Sync 1 DAGs
[2023-01-25 22:39:47,791] {logging_mixin.py:115} INFO - [2023-01-25 22:39:47,790] {dag.py:2972} INFO - Setting next_dagrun for example_weekday_branch_operator to 2023-01-24T00:00:00+00:00, run_after=2023-01-25T00:00:00+00:00
[2023-01-25 22:39:47,828] {processor.py:161} INFO - Processing /home/airflow/.local/lib/python3.7/site-packages/airflow/example_dags/example_branch_day_of_week_operator.py took 0.265 seconds
[2023-01-25 22:40:20,165] {processor.py:153} INFO - Started process (PID=3404) to work on /home/airflow/.local/lib/python3.7/site-packages/airflow/example_dags/example_branch_day_of_week_operator.py
[2023-01-25 22:40:20,167] {processor.py:641} INFO - Processing file /home/airflow/.local/lib/python3.7/site-packages/airflow/example_dags/example_branch_day_of_week_operator.py for tasks to queue
[2023-01-25 22:40:20,169] {logging_mixin.py:115} INFO - [2023-01-25 22:40:20,169] {dagbag.py:508} INFO - Filling up the DagBag from /home/airflow/.local/lib/python3.7/site-packages/airflow/example_dags/example_branch_day_of_week_operator.py
[2023-01-25 22:40:20,203] {processor.py:651} INFO - DAG(s) dict_keys(['example_weekday_branch_operator']) retrieved from /home/airflow/.local/lib/python3.7/site-packages/airflow/example_dags/example_branch_day_of_week_operator.py
[2023-01-25 22:40:20,277] {logging_mixin.py:115} INFO - [2023-01-25 22:40:20,276] {dag.py:2420} INFO - Sync 1 DAGs
[2023-01-25 22:40:20,378] {logging_mixin.py:115} INFO - [2023-01-25 22:40:20,378] {dag.py:2972} INFO - Setting next_dagrun for example_weekday_branch_operator to 2023-01-24T00:00:00+00:00, run_after=2023-01-25T00:00:00+00:00
[2023-01-25 22:40:20,414] {processor.py:161} INFO - Processing /home/airflow/.local/lib/python3.7/site-packages/airflow/example_dags/example_branch_day_of_week_operator.py took 0.256 seconds
[2023-01-25 22:40:53,169] {processor.py:153} INFO - Started process (PID=3518) to work on /home/airflow/.local/lib/python3.7/site-packages/airflow/example_dags/example_branch_day_of_week_operator.py
[2023-01-25 22:40:53,171] {processor.py:641} INFO - Processing file /home/airflow/.local/lib/python3.7/site-packages/airflow/example_dags/example_branch_day_of_week_operator.py for tasks to queue
[2023-01-25 22:40:53,173] {logging_mixin.py:115} INFO - [2023-01-25 22:40:53,172] {dagbag.py:508} INFO - Filling up the DagBag from /home/airflow/.local/lib/python3.7/site-packages/airflow/example_dags/example_branch_day_of_week_operator.py
[2023-01-25 22:40:53,205] {processor.py:651} INFO - DAG(s) dict_keys(['example_weekday_branch_operator']) retrieved from /home/airflow/.local/lib/python3.7/site-packages/airflow/example_dags/example_branch_day_of_week_operator.py
[2023-01-25 22:40:53,278] {logging_mixin.py:115} INFO - [2023-01-25 22:40:53,278] {dag.py:2420} INFO - Sync 1 DAGs
[2023-01-25 22:40:53,383] {logging_mixin.py:115} INFO - [2023-01-25 22:40:53,382] {dag.py:2972} INFO - Setting next_dagrun for example_weekday_branch_operator to 2023-01-24T00:00:00+00:00, run_after=2023-01-25T00:00:00+00:00
[2023-01-25 22:40:53,419] {processor.py:161} INFO - Processing /home/airflow/.local/lib/python3.7/site-packages/airflow/example_dags/example_branch_day_of_week_operator.py took 0.259 seconds
[2023-01-25 22:41:25,811] {processor.py:153} INFO - Started process (PID=3633) to work on /home/airflow/.local/lib/python3.7/site-packages/airflow/example_dags/example_branch_day_of_week_operator.py
[2023-01-25 22:41:25,813] {processor.py:641} INFO - Processing file /home/airflow/.local/lib/python3.7/site-packages/airflow/example_dags/example_branch_day_of_week_operator.py for tasks to queue
[2023-01-25 22:41:25,815] {logging_mixin.py:115} INFO - [2023-01-25 22:41:25,814] {dagbag.py:508} INFO - Filling up the DagBag from /home/airflow/.local/lib/python3.7/site-packages/airflow/example_dags/example_branch_day_of_week_operator.py
[2023-01-25 22:41:25,849] {processor.py:651} INFO - DAG(s) dict_keys(['example_weekday_branch_operator']) retrieved from /home/airflow/.local/lib/python3.7/site-packages/airflow/example_dags/example_branch_day_of_week_operator.py
[2023-01-25 22:41:25,924] {logging_mixin.py:115} INFO - [2023-01-25 22:41:25,923] {dag.py:2420} INFO - Sync 1 DAGs
[2023-01-25 22:41:26,028] {logging_mixin.py:115} INFO - [2023-01-25 22:41:26,028] {dag.py:2972} INFO - Setting next_dagrun for example_weekday_branch_operator to 2023-01-24T00:00:00+00:00, run_after=2023-01-25T00:00:00+00:00
[2023-01-25 22:41:26,062] {processor.py:161} INFO - Processing /home/airflow/.local/lib/python3.7/site-packages/airflow/example_dags/example_branch_day_of_week_operator.py took 0.259 seconds
[2023-01-25 22:41:58,673] {processor.py:153} INFO - Started process (PID=3746) to work on /home/airflow/.local/lib/python3.7/site-packages/airflow/example_dags/example_branch_day_of_week_operator.py
[2023-01-25 22:41:58,675] {processor.py:641} INFO - Processing file /home/airflow/.local/lib/python3.7/site-packages/airflow/example_dags/example_branch_day_of_week_operator.py for tasks to queue
[2023-01-25 22:41:58,677] {logging_mixin.py:115} INFO - [2023-01-25 22:41:58,677] {dagbag.py:508} INFO - Filling up the DagBag from /home/airflow/.local/lib/python3.7/site-packages/airflow/example_dags/example_branch_day_of_week_operator.py
[2023-01-25 22:41:58,722] {processor.py:651} INFO - DAG(s) dict_keys(['example_weekday_branch_operator']) retrieved from /home/airflow/.local/lib/python3.7/site-packages/airflow/example_dags/example_branch_day_of_week_operator.py
[2023-01-25 22:41:58,802] {logging_mixin.py:115} INFO - [2023-01-25 22:41:58,801] {dag.py:2420} INFO - Sync 1 DAGs
[2023-01-25 22:41:58,931] {logging_mixin.py:115} INFO - [2023-01-25 22:41:58,931] {dag.py:2972} INFO - Setting next_dagrun for example_weekday_branch_operator to 2023-01-24T00:00:00+00:00, run_after=2023-01-25T00:00:00+00:00
[2023-01-25 22:41:58,973] {processor.py:161} INFO - Processing /home/airflow/.local/lib/python3.7/site-packages/airflow/example_dags/example_branch_day_of_week_operator.py took 0.309 seconds
[2023-01-25 22:42:31,354] {processor.py:153} INFO - Started process (PID=3874) to work on /home/airflow/.local/lib/python3.7/site-packages/airflow/example_dags/example_branch_day_of_week_operator.py
[2023-01-25 22:42:31,356] {processor.py:641} INFO - Processing file /home/airflow/.local/lib/python3.7/site-packages/airflow/example_dags/example_branch_day_of_week_operator.py for tasks to queue
[2023-01-25 22:42:31,359] {logging_mixin.py:115} INFO - [2023-01-25 22:42:31,359] {dagbag.py:508} INFO - Filling up the DagBag from /home/airflow/.local/lib/python3.7/site-packages/airflow/example_dags/example_branch_day_of_week_operator.py
[2023-01-25 22:42:31,392] {processor.py:651} INFO - DAG(s) dict_keys(['example_weekday_branch_operator']) retrieved from /home/airflow/.local/lib/python3.7/site-packages/airflow/example_dags/example_branch_day_of_week_operator.py
[2023-01-25 22:42:31,470] {logging_mixin.py:115} INFO - [2023-01-25 22:42:31,469] {dag.py:2420} INFO - Sync 1 DAGs
[2023-01-25 22:42:31,594] {logging_mixin.py:115} INFO - [2023-01-25 22:42:31,593] {dag.py:2972} INFO - Setting next_dagrun for example_weekday_branch_operator to 2023-01-24T00:00:00+00:00, run_after=2023-01-25T00:00:00+00:00
[2023-01-25 22:42:31,659] {processor.py:161} INFO - Processing /home/airflow/.local/lib/python3.7/site-packages/airflow/example_dags/example_branch_day_of_week_operator.py took 0.314 seconds
[2023-01-25 22:43:05,185] {processor.py:153} INFO - Started process (PID=3994) to work on /home/airflow/.local/lib/python3.7/site-packages/airflow/example_dags/example_branch_day_of_week_operator.py
[2023-01-25 22:43:05,187] {processor.py:641} INFO - Processing file /home/airflow/.local/lib/python3.7/site-packages/airflow/example_dags/example_branch_day_of_week_operator.py for tasks to queue
[2023-01-25 22:43:05,189] {logging_mixin.py:115} INFO - [2023-01-25 22:43:05,189] {dagbag.py:508} INFO - Filling up the DagBag from /home/airflow/.local/lib/python3.7/site-packages/airflow/example_dags/example_branch_day_of_week_operator.py
[2023-01-25 22:43:05,228] {processor.py:651} INFO - DAG(s) dict_keys(['example_weekday_branch_operator']) retrieved from /home/airflow/.local/lib/python3.7/site-packages/airflow/example_dags/example_branch_day_of_week_operator.py
[2023-01-25 22:43:05,315] {logging_mixin.py:115} INFO - [2023-01-25 22:43:05,315] {dag.py:2420} INFO - Sync 1 DAGs
[2023-01-25 22:43:05,423] {logging_mixin.py:115} INFO - [2023-01-25 22:43:05,422] {dag.py:2972} INFO - Setting next_dagrun for example_weekday_branch_operator to 2023-01-24T00:00:00+00:00, run_after=2023-01-25T00:00:00+00:00
[2023-01-25 22:43:05,462] {processor.py:161} INFO - Processing /home/airflow/.local/lib/python3.7/site-packages/airflow/example_dags/example_branch_day_of_week_operator.py took 0.285 seconds
[2023-01-25 22:43:38,193] {processor.py:153} INFO - Started process (PID=4108) to work on /home/airflow/.local/lib/python3.7/site-packages/airflow/example_dags/example_branch_day_of_week_operator.py
[2023-01-25 22:43:38,195] {processor.py:641} INFO - Processing file /home/airflow/.local/lib/python3.7/site-packages/airflow/example_dags/example_branch_day_of_week_operator.py for tasks to queue
[2023-01-25 22:43:38,197] {logging_mixin.py:115} INFO - [2023-01-25 22:43:38,197] {dagbag.py:508} INFO - Filling up the DagBag from /home/airflow/.local/lib/python3.7/site-packages/airflow/example_dags/example_branch_day_of_week_operator.py
[2023-01-25 22:43:38,230] {processor.py:651} INFO - DAG(s) dict_keys(['example_weekday_branch_operator']) retrieved from /home/airflow/.local/lib/python3.7/site-packages/airflow/example_dags/example_branch_day_of_week_operator.py
[2023-01-25 22:43:38,304] {logging_mixin.py:115} INFO - [2023-01-25 22:43:38,304] {dag.py:2420} INFO - Sync 1 DAGs
[2023-01-25 22:43:38,411] {logging_mixin.py:115} INFO - [2023-01-25 22:43:38,411] {dag.py:2972} INFO - Setting next_dagrun for example_weekday_branch_operator to 2023-01-24T00:00:00+00:00, run_after=2023-01-25T00:00:00+00:00
[2023-01-25 22:43:38,451] {processor.py:161} INFO - Processing /home/airflow/.local/lib/python3.7/site-packages/airflow/example_dags/example_branch_day_of_week_operator.py took 0.266 seconds
[2023-01-25 22:44:10,928] {processor.py:153} INFO - Started process (PID=4228) to work on /home/airflow/.local/lib/python3.7/site-packages/airflow/example_dags/example_branch_day_of_week_operator.py
[2023-01-25 22:44:10,931] {processor.py:641} INFO - Processing file /home/airflow/.local/lib/python3.7/site-packages/airflow/example_dags/example_branch_day_of_week_operator.py for tasks to queue
[2023-01-25 22:44:10,934] {logging_mixin.py:115} INFO - [2023-01-25 22:44:10,933] {dagbag.py:508} INFO - Filling up the DagBag from /home/airflow/.local/lib/python3.7/site-packages/airflow/example_dags/example_branch_day_of_week_operator.py
[2023-01-25 22:44:10,980] {processor.py:651} INFO - DAG(s) dict_keys(['example_weekday_branch_operator']) retrieved from /home/airflow/.local/lib/python3.7/site-packages/airflow/example_dags/example_branch_day_of_week_operator.py
[2023-01-25 22:44:11,096] {logging_mixin.py:115} INFO - [2023-01-25 22:44:11,095] {dag.py:2420} INFO - Sync 1 DAGs
[2023-01-25 22:44:11,217] {logging_mixin.py:115} INFO - [2023-01-25 22:44:11,216] {dag.py:2972} INFO - Setting next_dagrun for example_weekday_branch_operator to 2023-01-24T00:00:00+00:00, run_after=2023-01-25T00:00:00+00:00
[2023-01-25 22:44:11,255] {processor.py:161} INFO - Processing /home/airflow/.local/lib/python3.7/site-packages/airflow/example_dags/example_branch_day_of_week_operator.py took 0.342 seconds
[2023-01-25 22:44:43,495] {processor.py:153} INFO - Started process (PID=4342) to work on /home/airflow/.local/lib/python3.7/site-packages/airflow/example_dags/example_branch_day_of_week_operator.py
[2023-01-25 22:44:43,497] {processor.py:641} INFO - Processing file /home/airflow/.local/lib/python3.7/site-packages/airflow/example_dags/example_branch_day_of_week_operator.py for tasks to queue
[2023-01-25 22:44:43,499] {logging_mixin.py:115} INFO - [2023-01-25 22:44:43,499] {dagbag.py:508} INFO - Filling up the DagBag from /home/airflow/.local/lib/python3.7/site-packages/airflow/example_dags/example_branch_day_of_week_operator.py
[2023-01-25 22:44:43,531] {processor.py:651} INFO - DAG(s) dict_keys(['example_weekday_branch_operator']) retrieved from /home/airflow/.local/lib/python3.7/site-packages/airflow/example_dags/example_branch_day_of_week_operator.py
[2023-01-25 22:44:43,608] {logging_mixin.py:115} INFO - [2023-01-25 22:44:43,607] {dag.py:2420} INFO - Sync 1 DAGs
[2023-01-25 22:44:43,732] {logging_mixin.py:115} INFO - [2023-01-25 22:44:43,732] {dag.py:2972} INFO - Setting next_dagrun for example_weekday_branch_operator to 2023-01-24T00:00:00+00:00, run_after=2023-01-25T00:00:00+00:00
[2023-01-25 22:44:43,768] {processor.py:161} INFO - Processing /home/airflow/.local/lib/python3.7/site-packages/airflow/example_dags/example_branch_day_of_week_operator.py took 0.282 seconds
[2023-01-25 22:45:15,007] {processor.py:153} INFO - Started process (PID=4456) to work on /home/airflow/.local/lib/python3.7/site-packages/airflow/example_dags/example_branch_day_of_week_operator.py
[2023-01-25 22:45:15,008] {processor.py:641} INFO - Processing file /home/airflow/.local/lib/python3.7/site-packages/airflow/example_dags/example_branch_day_of_week_operator.py for tasks to queue
[2023-01-25 22:45:15,010] {logging_mixin.py:115} INFO - [2023-01-25 22:45:15,010] {dagbag.py:508} INFO - Filling up the DagBag from /home/airflow/.local/lib/python3.7/site-packages/airflow/example_dags/example_branch_day_of_week_operator.py
[2023-01-25 22:45:15,041] {processor.py:651} INFO - DAG(s) dict_keys(['example_weekday_branch_operator']) retrieved from /home/airflow/.local/lib/python3.7/site-packages/airflow/example_dags/example_branch_day_of_week_operator.py
[2023-01-25 22:45:15,112] {logging_mixin.py:115} INFO - [2023-01-25 22:45:15,111] {dag.py:2420} INFO - Sync 1 DAGs
[2023-01-25 22:45:15,208] {logging_mixin.py:115} INFO - [2023-01-25 22:45:15,207] {dag.py:2972} INFO - Setting next_dagrun for example_weekday_branch_operator to 2023-01-24T00:00:00+00:00, run_after=2023-01-25T00:00:00+00:00
[2023-01-25 22:45:15,242] {processor.py:161} INFO - Processing /home/airflow/.local/lib/python3.7/site-packages/airflow/example_dags/example_branch_day_of_week_operator.py took 0.243 seconds
[2023-01-25 22:45:47,908] {processor.py:153} INFO - Started process (PID=4572) to work on /home/airflow/.local/lib/python3.7/site-packages/airflow/example_dags/example_branch_day_of_week_operator.py
[2023-01-25 22:45:47,911] {processor.py:641} INFO - Processing file /home/airflow/.local/lib/python3.7/site-packages/airflow/example_dags/example_branch_day_of_week_operator.py for tasks to queue
[2023-01-25 22:45:47,913] {logging_mixin.py:115} INFO - [2023-01-25 22:45:47,912] {dagbag.py:508} INFO - Filling up the DagBag from /home/airflow/.local/lib/python3.7/site-packages/airflow/example_dags/example_branch_day_of_week_operator.py
[2023-01-25 22:45:47,946] {processor.py:651} INFO - DAG(s) dict_keys(['example_weekday_branch_operator']) retrieved from /home/airflow/.local/lib/python3.7/site-packages/airflow/example_dags/example_branch_day_of_week_operator.py
[2023-01-25 22:45:48,026] {logging_mixin.py:115} INFO - [2023-01-25 22:45:48,026] {dag.py:2420} INFO - Sync 1 DAGs
[2023-01-25 22:45:48,136] {logging_mixin.py:115} INFO - [2023-01-25 22:45:48,135] {dag.py:2972} INFO - Setting next_dagrun for example_weekday_branch_operator to 2023-01-24T00:00:00+00:00, run_after=2023-01-25T00:00:00+00:00
[2023-01-25 22:45:48,173] {processor.py:161} INFO - Processing /home/airflow/.local/lib/python3.7/site-packages/airflow/example_dags/example_branch_day_of_week_operator.py took 0.272 seconds
[2023-01-25 22:46:20,296] {processor.py:153} INFO - Started process (PID=4686) to work on /home/airflow/.local/lib/python3.7/site-packages/airflow/example_dags/example_branch_day_of_week_operator.py
[2023-01-25 22:46:20,298] {processor.py:641} INFO - Processing file /home/airflow/.local/lib/python3.7/site-packages/airflow/example_dags/example_branch_day_of_week_operator.py for tasks to queue
[2023-01-25 22:46:20,300] {logging_mixin.py:115} INFO - [2023-01-25 22:46:20,300] {dagbag.py:508} INFO - Filling up the DagBag from /home/airflow/.local/lib/python3.7/site-packages/airflow/example_dags/example_branch_day_of_week_operator.py
[2023-01-25 22:46:20,334] {processor.py:651} INFO - DAG(s) dict_keys(['example_weekday_branch_operator']) retrieved from /home/airflow/.local/lib/python3.7/site-packages/airflow/example_dags/example_branch_day_of_week_operator.py
[2023-01-25 22:46:20,408] {logging_mixin.py:115} INFO - [2023-01-25 22:46:20,407] {dag.py:2420} INFO - Sync 1 DAGs
[2023-01-25 22:46:20,509] {logging_mixin.py:115} INFO - [2023-01-25 22:46:20,508] {dag.py:2972} INFO - Setting next_dagrun for example_weekday_branch_operator to 2023-01-24T00:00:00+00:00, run_after=2023-01-25T00:00:00+00:00
[2023-01-25 22:46:20,545] {processor.py:161} INFO - Processing /home/airflow/.local/lib/python3.7/site-packages/airflow/example_dags/example_branch_day_of_week_operator.py took 0.257 seconds
[2023-01-25 22:46:52,825] {processor.py:153} INFO - Started process (PID=4801) to work on /home/airflow/.local/lib/python3.7/site-packages/airflow/example_dags/example_branch_day_of_week_operator.py
[2023-01-25 22:46:52,827] {processor.py:641} INFO - Processing file /home/airflow/.local/lib/python3.7/site-packages/airflow/example_dags/example_branch_day_of_week_operator.py for tasks to queue
[2023-01-25 22:46:52,829] {logging_mixin.py:115} INFO - [2023-01-25 22:46:52,829] {dagbag.py:508} INFO - Filling up the DagBag from /home/airflow/.local/lib/python3.7/site-packages/airflow/example_dags/example_branch_day_of_week_operator.py
[2023-01-25 22:46:52,861] {processor.py:651} INFO - DAG(s) dict_keys(['example_weekday_branch_operator']) retrieved from /home/airflow/.local/lib/python3.7/site-packages/airflow/example_dags/example_branch_day_of_week_operator.py
[2023-01-25 22:46:52,936] {logging_mixin.py:115} INFO - [2023-01-25 22:46:52,936] {dag.py:2420} INFO - Sync 1 DAGs
[2023-01-25 22:46:53,038] {logging_mixin.py:115} INFO - [2023-01-25 22:46:53,037] {dag.py:2972} INFO - Setting next_dagrun for example_weekday_branch_operator to 2023-01-24T00:00:00+00:00, run_after=2023-01-25T00:00:00+00:00
[2023-01-25 22:46:53,073] {processor.py:161} INFO - Processing /home/airflow/.local/lib/python3.7/site-packages/airflow/example_dags/example_branch_day_of_week_operator.py took 0.257 seconds
[2023-01-25 22:47:26,048] {processor.py:153} INFO - Started process (PID=4931) to work on /home/airflow/.local/lib/python3.7/site-packages/airflow/example_dags/example_branch_day_of_week_operator.py
[2023-01-25 22:47:26,050] {processor.py:641} INFO - Processing file /home/airflow/.local/lib/python3.7/site-packages/airflow/example_dags/example_branch_day_of_week_operator.py for tasks to queue
[2023-01-25 22:47:26,052] {logging_mixin.py:115} INFO - [2023-01-25 22:47:26,052] {dagbag.py:508} INFO - Filling up the DagBag from /home/airflow/.local/lib/python3.7/site-packages/airflow/example_dags/example_branch_day_of_week_operator.py
[2023-01-25 22:47:26,087] {processor.py:651} INFO - DAG(s) dict_keys(['example_weekday_branch_operator']) retrieved from /home/airflow/.local/lib/python3.7/site-packages/airflow/example_dags/example_branch_day_of_week_operator.py
[2023-01-25 22:47:26,170] {logging_mixin.py:115} INFO - [2023-01-25 22:47:26,170] {dag.py:2420} INFO - Sync 1 DAGs
[2023-01-25 22:47:26,291] {logging_mixin.py:115} INFO - [2023-01-25 22:47:26,291] {dag.py:2972} INFO - Setting next_dagrun for example_weekday_branch_operator to 2023-01-24T00:00:00+00:00, run_after=2023-01-25T00:00:00+00:00
[2023-01-25 22:47:26,331] {processor.py:161} INFO - Processing /home/airflow/.local/lib/python3.7/site-packages/airflow/example_dags/example_branch_day_of_week_operator.py took 0.292 seconds
[2023-01-25 22:47:59,125] {processor.py:153} INFO - Started process (PID=5044) to work on /home/airflow/.local/lib/python3.7/site-packages/airflow/example_dags/example_branch_day_of_week_operator.py
[2023-01-25 22:47:59,128] {processor.py:641} INFO - Processing file /home/airflow/.local/lib/python3.7/site-packages/airflow/example_dags/example_branch_day_of_week_operator.py for tasks to queue
[2023-01-25 22:47:59,130] {logging_mixin.py:115} INFO - [2023-01-25 22:47:59,129] {dagbag.py:508} INFO - Filling up the DagBag from /home/airflow/.local/lib/python3.7/site-packages/airflow/example_dags/example_branch_day_of_week_operator.py
[2023-01-25 22:47:59,166] {processor.py:651} INFO - DAG(s) dict_keys(['example_weekday_branch_operator']) retrieved from /home/airflow/.local/lib/python3.7/site-packages/airflow/example_dags/example_branch_day_of_week_operator.py
[2023-01-25 22:47:59,249] {logging_mixin.py:115} INFO - [2023-01-25 22:47:59,249] {dag.py:2420} INFO - Sync 1 DAGs
[2023-01-25 22:47:59,380] {logging_mixin.py:115} INFO - [2023-01-25 22:47:59,379] {dag.py:2972} INFO - Setting next_dagrun for example_weekday_branch_operator to 2023-01-24T00:00:00+00:00, run_after=2023-01-25T00:00:00+00:00
[2023-01-25 22:47:59,447] {processor.py:161} INFO - Processing /home/airflow/.local/lib/python3.7/site-packages/airflow/example_dags/example_branch_day_of_week_operator.py took 0.330 seconds
[2023-01-25 22:48:30,453] {processor.py:153} INFO - Started process (PID=5158) to work on /home/airflow/.local/lib/python3.7/site-packages/airflow/example_dags/example_branch_day_of_week_operator.py
[2023-01-25 22:48:30,455] {processor.py:641} INFO - Processing file /home/airflow/.local/lib/python3.7/site-packages/airflow/example_dags/example_branch_day_of_week_operator.py for tasks to queue
[2023-01-25 22:48:30,458] {logging_mixin.py:115} INFO - [2023-01-25 22:48:30,457] {dagbag.py:508} INFO - Filling up the DagBag from /home/airflow/.local/lib/python3.7/site-packages/airflow/example_dags/example_branch_day_of_week_operator.py
[2023-01-25 22:48:30,495] {processor.py:651} INFO - DAG(s) dict_keys(['example_weekday_branch_operator']) retrieved from /home/airflow/.local/lib/python3.7/site-packages/airflow/example_dags/example_branch_day_of_week_operator.py
[2023-01-25 22:48:30,575] {logging_mixin.py:115} INFO - [2023-01-25 22:48:30,575] {dag.py:2420} INFO - Sync 1 DAGs
[2023-01-25 22:48:30,679] {logging_mixin.py:115} INFO - [2023-01-25 22:48:30,678] {dag.py:2972} INFO - Setting next_dagrun for example_weekday_branch_operator to 2023-01-24T00:00:00+00:00, run_after=2023-01-25T00:00:00+00:00
[2023-01-25 22:48:30,714] {processor.py:161} INFO - Processing /home/airflow/.local/lib/python3.7/site-packages/airflow/example_dags/example_branch_day_of_week_operator.py took 0.271 seconds
[2023-01-25 22:49:01,595] {processor.py:153} INFO - Started process (PID=5269) to work on /home/airflow/.local/lib/python3.7/site-packages/airflow/example_dags/example_branch_day_of_week_operator.py
[2023-01-25 22:49:01,597] {processor.py:641} INFO - Processing file /home/airflow/.local/lib/python3.7/site-packages/airflow/example_dags/example_branch_day_of_week_operator.py for tasks to queue
[2023-01-25 22:49:01,599] {logging_mixin.py:115} INFO - [2023-01-25 22:49:01,599] {dagbag.py:508} INFO - Filling up the DagBag from /home/airflow/.local/lib/python3.7/site-packages/airflow/example_dags/example_branch_day_of_week_operator.py
[2023-01-25 22:49:01,633] {processor.py:651} INFO - DAG(s) dict_keys(['example_weekday_branch_operator']) retrieved from /home/airflow/.local/lib/python3.7/site-packages/airflow/example_dags/example_branch_day_of_week_operator.py
[2023-01-25 22:49:01,707] {logging_mixin.py:115} INFO - [2023-01-25 22:49:01,707] {dag.py:2420} INFO - Sync 1 DAGs
[2023-01-25 22:49:01,810] {logging_mixin.py:115} INFO - [2023-01-25 22:49:01,809] {dag.py:2972} INFO - Setting next_dagrun for example_weekday_branch_operator to 2023-01-24T00:00:00+00:00, run_after=2023-01-25T00:00:00+00:00
[2023-01-25 22:49:01,849] {processor.py:161} INFO - Processing /home/airflow/.local/lib/python3.7/site-packages/airflow/example_dags/example_branch_day_of_week_operator.py took 0.262 seconds
[2023-01-25 22:49:31,951] {processor.py:153} INFO - Started process (PID=5380) to work on /home/airflow/.local/lib/python3.7/site-packages/airflow/example_dags/example_branch_day_of_week_operator.py
[2023-01-25 22:49:31,952] {processor.py:641} INFO - Processing file /home/airflow/.local/lib/python3.7/site-packages/airflow/example_dags/example_branch_day_of_week_operator.py for tasks to queue
[2023-01-25 22:49:31,955] {logging_mixin.py:115} INFO - [2023-01-25 22:49:31,954] {dagbag.py:508} INFO - Filling up the DagBag from /home/airflow/.local/lib/python3.7/site-packages/airflow/example_dags/example_branch_day_of_week_operator.py
[2023-01-25 22:49:31,986] {processor.py:651} INFO - DAG(s) dict_keys(['example_weekday_branch_operator']) retrieved from /home/airflow/.local/lib/python3.7/site-packages/airflow/example_dags/example_branch_day_of_week_operator.py
[2023-01-25 22:49:32,059] {logging_mixin.py:115} INFO - [2023-01-25 22:49:32,059] {dag.py:2420} INFO - Sync 1 DAGs
[2023-01-25 22:49:32,166] {logging_mixin.py:115} INFO - [2023-01-25 22:49:32,166] {dag.py:2972} INFO - Setting next_dagrun for example_weekday_branch_operator to 2023-01-24T00:00:00+00:00, run_after=2023-01-25T00:00:00+00:00
[2023-01-25 22:49:32,206] {processor.py:161} INFO - Processing /home/airflow/.local/lib/python3.7/site-packages/airflow/example_dags/example_branch_day_of_week_operator.py took 0.263 seconds
[2023-01-25 22:50:02,773] {processor.py:153} INFO - Started process (PID=5494) to work on /home/airflow/.local/lib/python3.7/site-packages/airflow/example_dags/example_branch_day_of_week_operator.py
[2023-01-25 22:50:02,776] {processor.py:641} INFO - Processing file /home/airflow/.local/lib/python3.7/site-packages/airflow/example_dags/example_branch_day_of_week_operator.py for tasks to queue
[2023-01-25 22:50:02,779] {logging_mixin.py:115} INFO - [2023-01-25 22:50:02,778] {dagbag.py:508} INFO - Filling up the DagBag from /home/airflow/.local/lib/python3.7/site-packages/airflow/example_dags/example_branch_day_of_week_operator.py
[2023-01-25 22:50:02,820] {processor.py:651} INFO - DAG(s) dict_keys(['example_weekday_branch_operator']) retrieved from /home/airflow/.local/lib/python3.7/site-packages/airflow/example_dags/example_branch_day_of_week_operator.py
[2023-01-25 22:50:02,918] {logging_mixin.py:115} INFO - [2023-01-25 22:50:02,918] {dag.py:2420} INFO - Sync 1 DAGs
[2023-01-25 22:50:03,032] {logging_mixin.py:115} INFO - [2023-01-25 22:50:03,031] {dag.py:2972} INFO - Setting next_dagrun for example_weekday_branch_operator to 2023-01-24T00:00:00+00:00, run_after=2023-01-25T00:00:00+00:00
[2023-01-25 22:50:03,072] {processor.py:161} INFO - Processing /home/airflow/.local/lib/python3.7/site-packages/airflow/example_dags/example_branch_day_of_week_operator.py took 0.309 seconds
[2023-01-25 22:50:33,416] {processor.py:153} INFO - Started process (PID=5608) to work on /home/airflow/.local/lib/python3.7/site-packages/airflow/example_dags/example_branch_day_of_week_operator.py
[2023-01-25 22:50:33,418] {processor.py:641} INFO - Processing file /home/airflow/.local/lib/python3.7/site-packages/airflow/example_dags/example_branch_day_of_week_operator.py for tasks to queue
[2023-01-25 22:50:33,420] {logging_mixin.py:115} INFO - [2023-01-25 22:50:33,419] {dagbag.py:508} INFO - Filling up the DagBag from /home/airflow/.local/lib/python3.7/site-packages/airflow/example_dags/example_branch_day_of_week_operator.py
[2023-01-25 22:50:33,462] {processor.py:651} INFO - DAG(s) dict_keys(['example_weekday_branch_operator']) retrieved from /home/airflow/.local/lib/python3.7/site-packages/airflow/example_dags/example_branch_day_of_week_operator.py
[2023-01-25 22:50:33,538] {logging_mixin.py:115} INFO - [2023-01-25 22:50:33,538] {dag.py:2420} INFO - Sync 1 DAGs
[2023-01-25 22:50:33,647] {logging_mixin.py:115} INFO - [2023-01-25 22:50:33,646] {dag.py:2972} INFO - Setting next_dagrun for example_weekday_branch_operator to 2023-01-24T00:00:00+00:00, run_after=2023-01-25T00:00:00+00:00
[2023-01-25 22:50:33,685] {processor.py:161} INFO - Processing /home/airflow/.local/lib/python3.7/site-packages/airflow/example_dags/example_branch_day_of_week_operator.py took 0.277 seconds
[2023-01-25 22:51:04,244] {processor.py:153} INFO - Started process (PID=5723) to work on /home/airflow/.local/lib/python3.7/site-packages/airflow/example_dags/example_branch_day_of_week_operator.py
[2023-01-25 22:51:04,247] {processor.py:641} INFO - Processing file /home/airflow/.local/lib/python3.7/site-packages/airflow/example_dags/example_branch_day_of_week_operator.py for tasks to queue
[2023-01-25 22:51:04,249] {logging_mixin.py:115} INFO - [2023-01-25 22:51:04,248] {dagbag.py:508} INFO - Filling up the DagBag from /home/airflow/.local/lib/python3.7/site-packages/airflow/example_dags/example_branch_day_of_week_operator.py
[2023-01-25 22:51:04,282] {processor.py:651} INFO - DAG(s) dict_keys(['example_weekday_branch_operator']) retrieved from /home/airflow/.local/lib/python3.7/site-packages/airflow/example_dags/example_branch_day_of_week_operator.py
[2023-01-25 22:51:04,357] {logging_mixin.py:115} INFO - [2023-01-25 22:51:04,357] {dag.py:2420} INFO - Sync 1 DAGs
[2023-01-25 22:51:04,458] {logging_mixin.py:115} INFO - [2023-01-25 22:51:04,457] {dag.py:2972} INFO - Setting next_dagrun for example_weekday_branch_operator to 2023-01-24T00:00:00+00:00, run_after=2023-01-25T00:00:00+00:00
[2023-01-25 22:51:04,496] {processor.py:161} INFO - Processing /home/airflow/.local/lib/python3.7/site-packages/airflow/example_dags/example_branch_day_of_week_operator.py took 0.260 seconds
[2023-01-25 22:51:34,979] {processor.py:153} INFO - Started process (PID=5837) to work on /home/airflow/.local/lib/python3.7/site-packages/airflow/example_dags/example_branch_day_of_week_operator.py
[2023-01-25 22:51:34,981] {processor.py:641} INFO - Processing file /home/airflow/.local/lib/python3.7/site-packages/airflow/example_dags/example_branch_day_of_week_operator.py for tasks to queue
[2023-01-25 22:51:34,983] {logging_mixin.py:115} INFO - [2023-01-25 22:51:34,983] {dagbag.py:508} INFO - Filling up the DagBag from /home/airflow/.local/lib/python3.7/site-packages/airflow/example_dags/example_branch_day_of_week_operator.py
[2023-01-25 22:51:35,015] {processor.py:651} INFO - DAG(s) dict_keys(['example_weekday_branch_operator']) retrieved from /home/airflow/.local/lib/python3.7/site-packages/airflow/example_dags/example_branch_day_of_week_operator.py
[2023-01-25 22:51:35,097] {logging_mixin.py:115} INFO - [2023-01-25 22:51:35,096] {dag.py:2420} INFO - Sync 1 DAGs
[2023-01-25 22:51:35,205] {logging_mixin.py:115} INFO - [2023-01-25 22:51:35,204] {dag.py:2972} INFO - Setting next_dagrun for example_weekday_branch_operator to 2023-01-24T00:00:00+00:00, run_after=2023-01-25T00:00:00+00:00
[2023-01-25 22:51:35,242] {processor.py:161} INFO - Processing /home/airflow/.local/lib/python3.7/site-packages/airflow/example_dags/example_branch_day_of_week_operator.py took 0.273 seconds
[2023-01-25 22:52:05,986] {processor.py:153} INFO - Started process (PID=5953) to work on /home/airflow/.local/lib/python3.7/site-packages/airflow/example_dags/example_branch_day_of_week_operator.py
[2023-01-25 22:52:05,988] {processor.py:641} INFO - Processing file /home/airflow/.local/lib/python3.7/site-packages/airflow/example_dags/example_branch_day_of_week_operator.py for tasks to queue
[2023-01-25 22:52:05,990] {logging_mixin.py:115} INFO - [2023-01-25 22:52:05,989] {dagbag.py:508} INFO - Filling up the DagBag from /home/airflow/.local/lib/python3.7/site-packages/airflow/example_dags/example_branch_day_of_week_operator.py
[2023-01-25 22:52:06,020] {processor.py:651} INFO - DAG(s) dict_keys(['example_weekday_branch_operator']) retrieved from /home/airflow/.local/lib/python3.7/site-packages/airflow/example_dags/example_branch_day_of_week_operator.py
[2023-01-25 22:52:06,091] {logging_mixin.py:115} INFO - [2023-01-25 22:52:06,091] {dag.py:2420} INFO - Sync 1 DAGs
[2023-01-25 22:52:06,193] {logging_mixin.py:115} INFO - [2023-01-25 22:52:06,193] {dag.py:2972} INFO - Setting next_dagrun for example_weekday_branch_operator to 2023-01-24T00:00:00+00:00, run_after=2023-01-25T00:00:00+00:00
[2023-01-25 22:52:06,230] {processor.py:161} INFO - Processing /home/airflow/.local/lib/python3.7/site-packages/airflow/example_dags/example_branch_day_of_week_operator.py took 0.252 seconds
[2023-01-25 22:52:36,659] {processor.py:153} INFO - Started process (PID=6067) to work on /home/airflow/.local/lib/python3.7/site-packages/airflow/example_dags/example_branch_day_of_week_operator.py
[2023-01-25 22:52:36,661] {processor.py:641} INFO - Processing file /home/airflow/.local/lib/python3.7/site-packages/airflow/example_dags/example_branch_day_of_week_operator.py for tasks to queue
[2023-01-25 22:52:36,663] {logging_mixin.py:115} INFO - [2023-01-25 22:52:36,663] {dagbag.py:508} INFO - Filling up the DagBag from /home/airflow/.local/lib/python3.7/site-packages/airflow/example_dags/example_branch_day_of_week_operator.py
[2023-01-25 22:52:36,695] {processor.py:651} INFO - DAG(s) dict_keys(['example_weekday_branch_operator']) retrieved from /home/airflow/.local/lib/python3.7/site-packages/airflow/example_dags/example_branch_day_of_week_operator.py
[2023-01-25 22:52:36,769] {logging_mixin.py:115} INFO - [2023-01-25 22:52:36,768] {dag.py:2420} INFO - Sync 1 DAGs
[2023-01-25 22:52:36,866] {logging_mixin.py:115} INFO - [2023-01-25 22:52:36,865] {dag.py:2972} INFO - Setting next_dagrun for example_weekday_branch_operator to 2023-01-24T00:00:00+00:00, run_after=2023-01-25T00:00:00+00:00
[2023-01-25 22:52:36,902] {processor.py:161} INFO - Processing /home/airflow/.local/lib/python3.7/site-packages/airflow/example_dags/example_branch_day_of_week_operator.py took 0.251 seconds
[2023-01-25 22:53:07,840] {processor.py:153} INFO - Started process (PID=6180) to work on /home/airflow/.local/lib/python3.7/site-packages/airflow/example_dags/example_branch_day_of_week_operator.py
[2023-01-25 22:53:07,842] {processor.py:641} INFO - Processing file /home/airflow/.local/lib/python3.7/site-packages/airflow/example_dags/example_branch_day_of_week_operator.py for tasks to queue
[2023-01-25 22:53:07,846] {logging_mixin.py:115} INFO - [2023-01-25 22:53:07,846] {dagbag.py:508} INFO - Filling up the DagBag from /home/airflow/.local/lib/python3.7/site-packages/airflow/example_dags/example_branch_day_of_week_operator.py
[2023-01-25 22:53:07,895] {processor.py:651} INFO - DAG(s) dict_keys(['example_weekday_branch_operator']) retrieved from /home/airflow/.local/lib/python3.7/site-packages/airflow/example_dags/example_branch_day_of_week_operator.py
[2023-01-25 22:53:07,978] {logging_mixin.py:115} INFO - [2023-01-25 22:53:07,977] {dag.py:2420} INFO - Sync 1 DAGs
[2023-01-25 22:53:08,090] {logging_mixin.py:115} INFO - [2023-01-25 22:53:08,089] {dag.py:2972} INFO - Setting next_dagrun for example_weekday_branch_operator to 2023-01-24T00:00:00+00:00, run_after=2023-01-25T00:00:00+00:00
[2023-01-25 22:53:08,127] {processor.py:161} INFO - Processing /home/airflow/.local/lib/python3.7/site-packages/airflow/example_dags/example_branch_day_of_week_operator.py took 0.295 seconds
[2023-01-25 22:53:38,656] {processor.py:153} INFO - Started process (PID=6294) to work on /home/airflow/.local/lib/python3.7/site-packages/airflow/example_dags/example_branch_day_of_week_operator.py
[2023-01-25 22:53:38,658] {processor.py:641} INFO - Processing file /home/airflow/.local/lib/python3.7/site-packages/airflow/example_dags/example_branch_day_of_week_operator.py for tasks to queue
[2023-01-25 22:53:38,660] {logging_mixin.py:115} INFO - [2023-01-25 22:53:38,659] {dagbag.py:508} INFO - Filling up the DagBag from /home/airflow/.local/lib/python3.7/site-packages/airflow/example_dags/example_branch_day_of_week_operator.py
[2023-01-25 22:53:38,695] {processor.py:651} INFO - DAG(s) dict_keys(['example_weekday_branch_operator']) retrieved from /home/airflow/.local/lib/python3.7/site-packages/airflow/example_dags/example_branch_day_of_week_operator.py
[2023-01-25 22:53:38,773] {logging_mixin.py:115} INFO - [2023-01-25 22:53:38,772] {dag.py:2420} INFO - Sync 1 DAGs
[2023-01-25 22:53:38,871] {logging_mixin.py:115} INFO - [2023-01-25 22:53:38,870] {dag.py:2972} INFO - Setting next_dagrun for example_weekday_branch_operator to 2023-01-24T00:00:00+00:00, run_after=2023-01-25T00:00:00+00:00
[2023-01-25 22:53:38,904] {processor.py:161} INFO - Processing /home/airflow/.local/lib/python3.7/site-packages/airflow/example_dags/example_branch_day_of_week_operator.py took 0.256 seconds
[2023-01-25 22:54:09,785] {processor.py:153} INFO - Started process (PID=6410) to work on /home/airflow/.local/lib/python3.7/site-packages/airflow/example_dags/example_branch_day_of_week_operator.py
[2023-01-25 22:54:09,787] {processor.py:641} INFO - Processing file /home/airflow/.local/lib/python3.7/site-packages/airflow/example_dags/example_branch_day_of_week_operator.py for tasks to queue
[2023-01-25 22:54:09,790] {logging_mixin.py:115} INFO - [2023-01-25 22:54:09,789] {dagbag.py:508} INFO - Filling up the DagBag from /home/airflow/.local/lib/python3.7/site-packages/airflow/example_dags/example_branch_day_of_week_operator.py
[2023-01-25 22:54:09,824] {processor.py:651} INFO - DAG(s) dict_keys(['example_weekday_branch_operator']) retrieved from /home/airflow/.local/lib/python3.7/site-packages/airflow/example_dags/example_branch_day_of_week_operator.py
[2023-01-25 22:54:09,911] {logging_mixin.py:115} INFO - [2023-01-25 22:54:09,910] {dag.py:2420} INFO - Sync 1 DAGs
[2023-01-25 22:54:10,018] {logging_mixin.py:115} INFO - [2023-01-25 22:54:10,017] {dag.py:2972} INFO - Setting next_dagrun for example_weekday_branch_operator to 2023-01-24T00:00:00+00:00, run_after=2023-01-25T00:00:00+00:00
[2023-01-25 22:54:10,056] {processor.py:161} INFO - Processing /home/airflow/.local/lib/python3.7/site-packages/airflow/example_dags/example_branch_day_of_week_operator.py took 0.279 seconds
[2023-01-25 22:54:40,595] {processor.py:153} INFO - Started process (PID=6524) to work on /home/airflow/.local/lib/python3.7/site-packages/airflow/example_dags/example_branch_day_of_week_operator.py
[2023-01-25 22:54:40,597] {processor.py:641} INFO - Processing file /home/airflow/.local/lib/python3.7/site-packages/airflow/example_dags/example_branch_day_of_week_operator.py for tasks to queue
[2023-01-25 22:54:40,599] {logging_mixin.py:115} INFO - [2023-01-25 22:54:40,599] {dagbag.py:508} INFO - Filling up the DagBag from /home/airflow/.local/lib/python3.7/site-packages/airflow/example_dags/example_branch_day_of_week_operator.py
[2023-01-25 22:54:40,636] {processor.py:651} INFO - DAG(s) dict_keys(['example_weekday_branch_operator']) retrieved from /home/airflow/.local/lib/python3.7/site-packages/airflow/example_dags/example_branch_day_of_week_operator.py
[2023-01-25 22:54:40,718] {logging_mixin.py:115} INFO - [2023-01-25 22:54:40,718] {dag.py:2420} INFO - Sync 1 DAGs
[2023-01-25 22:54:40,828] {logging_mixin.py:115} INFO - [2023-01-25 22:54:40,827] {dag.py:2972} INFO - Setting next_dagrun for example_weekday_branch_operator to 2023-01-24T00:00:00+00:00, run_after=2023-01-25T00:00:00+00:00
[2023-01-25 22:54:40,866] {processor.py:161} INFO - Processing /home/airflow/.local/lib/python3.7/site-packages/airflow/example_dags/example_branch_day_of_week_operator.py took 0.279 seconds
[2023-01-25 22:55:12,010] {processor.py:153} INFO - Started process (PID=6638) to work on /home/airflow/.local/lib/python3.7/site-packages/airflow/example_dags/example_branch_day_of_week_operator.py
[2023-01-25 22:55:12,012] {processor.py:641} INFO - Processing file /home/airflow/.local/lib/python3.7/site-packages/airflow/example_dags/example_branch_day_of_week_operator.py for tasks to queue
[2023-01-25 22:55:12,014] {logging_mixin.py:115} INFO - [2023-01-25 22:55:12,013] {dagbag.py:508} INFO - Filling up the DagBag from /home/airflow/.local/lib/python3.7/site-packages/airflow/example_dags/example_branch_day_of_week_operator.py
[2023-01-25 22:55:12,047] {processor.py:651} INFO - DAG(s) dict_keys(['example_weekday_branch_operator']) retrieved from /home/airflow/.local/lib/python3.7/site-packages/airflow/example_dags/example_branch_day_of_week_operator.py
[2023-01-25 22:55:12,122] {logging_mixin.py:115} INFO - [2023-01-25 22:55:12,122] {dag.py:2420} INFO - Sync 1 DAGs
[2023-01-25 22:55:12,231] {logging_mixin.py:115} INFO - [2023-01-25 22:55:12,230] {dag.py:2972} INFO - Setting next_dagrun for example_weekday_branch_operator to 2023-01-24T00:00:00+00:00, run_after=2023-01-25T00:00:00+00:00
[2023-01-25 22:55:12,263] {processor.py:161} INFO - Processing /home/airflow/.local/lib/python3.7/site-packages/airflow/example_dags/example_branch_day_of_week_operator.py took 0.260 seconds
[2023-01-25 23:00:21,631] {processor.py:153} INFO - Started process (PID=6770) to work on /home/airflow/.local/lib/python3.7/site-packages/airflow/example_dags/example_branch_day_of_week_operator.py
[2023-01-25 23:00:21,639] {processor.py:641} INFO - Processing file /home/airflow/.local/lib/python3.7/site-packages/airflow/example_dags/example_branch_day_of_week_operator.py for tasks to queue
[2023-01-25 23:00:21,642] {logging_mixin.py:115} INFO - [2023-01-25 23:00:21,641] {dagbag.py:508} INFO - Filling up the DagBag from /home/airflow/.local/lib/python3.7/site-packages/airflow/example_dags/example_branch_day_of_week_operator.py
[2023-01-25 23:00:21,706] {processor.py:651} INFO - DAG(s) dict_keys(['example_weekday_branch_operator']) retrieved from /home/airflow/.local/lib/python3.7/site-packages/airflow/example_dags/example_branch_day_of_week_operator.py
[2023-01-25 23:00:21,854] {logging_mixin.py:115} INFO - [2023-01-25 23:00:21,854] {dag.py:2420} INFO - Sync 1 DAGs
[2023-01-25 23:00:22,051] {logging_mixin.py:115} INFO - [2023-01-25 23:00:22,050] {dag.py:2972} INFO - Setting next_dagrun for example_weekday_branch_operator to 2023-01-24T00:00:00+00:00, run_after=2023-01-25T00:00:00+00:00
[2023-01-25 23:00:22,124] {processor.py:161} INFO - Processing /home/airflow/.local/lib/python3.7/site-packages/airflow/example_dags/example_branch_day_of_week_operator.py took 0.505 seconds
[2023-01-25 23:05:29,140] {processor.py:153} INFO - Started process (PID=6883) to work on /home/airflow/.local/lib/python3.7/site-packages/airflow/example_dags/example_branch_day_of_week_operator.py
[2023-01-25 23:05:29,143] {processor.py:641} INFO - Processing file /home/airflow/.local/lib/python3.7/site-packages/airflow/example_dags/example_branch_day_of_week_operator.py for tasks to queue
[2023-01-25 23:05:29,147] {logging_mixin.py:115} INFO - [2023-01-25 23:05:29,145] {dagbag.py:508} INFO - Filling up the DagBag from /home/airflow/.local/lib/python3.7/site-packages/airflow/example_dags/example_branch_day_of_week_operator.py
[2023-01-25 23:05:29,259] {processor.py:651} INFO - DAG(s) dict_keys(['example_weekday_branch_operator']) retrieved from /home/airflow/.local/lib/python3.7/site-packages/airflow/example_dags/example_branch_day_of_week_operator.py
[2023-01-25 23:05:29,448] {logging_mixin.py:115} INFO - [2023-01-25 23:05:29,447] {dag.py:2420} INFO - Sync 1 DAGs
[2023-01-25 23:05:29,659] {logging_mixin.py:115} INFO - [2023-01-25 23:05:29,658] {dag.py:2972} INFO - Setting next_dagrun for example_weekday_branch_operator to 2023-01-24T00:00:00+00:00, run_after=2023-01-25T00:00:00+00:00
[2023-01-25 23:05:29,739] {processor.py:161} INFO - Processing /home/airflow/.local/lib/python3.7/site-packages/airflow/example_dags/example_branch_day_of_week_operator.py took 0.625 seconds
[2023-01-25 23:06:00,682] {processor.py:153} INFO - Started process (PID=6998) to work on /home/airflow/.local/lib/python3.7/site-packages/airflow/example_dags/example_branch_day_of_week_operator.py
[2023-01-25 23:06:00,685] {processor.py:641} INFO - Processing file /home/airflow/.local/lib/python3.7/site-packages/airflow/example_dags/example_branch_day_of_week_operator.py for tasks to queue
[2023-01-25 23:06:00,689] {logging_mixin.py:115} INFO - [2023-01-25 23:06:00,688] {dagbag.py:508} INFO - Filling up the DagBag from /home/airflow/.local/lib/python3.7/site-packages/airflow/example_dags/example_branch_day_of_week_operator.py
[2023-01-25 23:06:00,737] {processor.py:651} INFO - DAG(s) dict_keys(['example_weekday_branch_operator']) retrieved from /home/airflow/.local/lib/python3.7/site-packages/airflow/example_dags/example_branch_day_of_week_operator.py
[2023-01-25 23:06:00,843] {logging_mixin.py:115} INFO - [2023-01-25 23:06:00,843] {dag.py:2420} INFO - Sync 1 DAGs
[2023-01-25 23:06:00,954] {logging_mixin.py:115} INFO - [2023-01-25 23:06:00,954] {dag.py:2972} INFO - Setting next_dagrun for example_weekday_branch_operator to 2023-01-24T00:00:00+00:00, run_after=2023-01-25T00:00:00+00:00
[2023-01-25 23:06:00,995] {processor.py:161} INFO - Processing /home/airflow/.local/lib/python3.7/site-packages/airflow/example_dags/example_branch_day_of_week_operator.py took 0.325 seconds
[2023-01-25 23:15:38,349] {processor.py:153} INFO - Started process (PID=7096) to work on /home/airflow/.local/lib/python3.7/site-packages/airflow/example_dags/example_branch_day_of_week_operator.py
[2023-01-25 23:15:38,354] {processor.py:641} INFO - Processing file /home/airflow/.local/lib/python3.7/site-packages/airflow/example_dags/example_branch_day_of_week_operator.py for tasks to queue
[2023-01-25 23:15:38,356] {logging_mixin.py:115} INFO - [2023-01-25 23:15:38,356] {dagbag.py:508} INFO - Filling up the DagBag from /home/airflow/.local/lib/python3.7/site-packages/airflow/example_dags/example_branch_day_of_week_operator.py
[2023-01-25 23:15:38,410] {processor.py:651} INFO - DAG(s) dict_keys(['example_weekday_branch_operator']) retrieved from /home/airflow/.local/lib/python3.7/site-packages/airflow/example_dags/example_branch_day_of_week_operator.py
[2023-01-25 23:15:38,543] {logging_mixin.py:115} INFO - [2023-01-25 23:15:38,543] {dag.py:2420} INFO - Sync 1 DAGs
[2023-01-25 23:15:38,707] {logging_mixin.py:115} INFO - [2023-01-25 23:15:38,706] {dag.py:2972} INFO - Setting next_dagrun for example_weekday_branch_operator to 2023-01-24T00:00:00+00:00, run_after=2023-01-25T00:00:00+00:00
[2023-01-25 23:15:38,762] {processor.py:161} INFO - Processing /home/airflow/.local/lib/python3.7/site-packages/airflow/example_dags/example_branch_day_of_week_operator.py took 0.426 seconds
[2023-01-25 23:16:11,381] {processor.py:153} INFO - Started process (PID=7207) to work on /home/airflow/.local/lib/python3.7/site-packages/airflow/example_dags/example_branch_day_of_week_operator.py
[2023-01-25 23:16:11,383] {processor.py:641} INFO - Processing file /home/airflow/.local/lib/python3.7/site-packages/airflow/example_dags/example_branch_day_of_week_operator.py for tasks to queue
[2023-01-25 23:16:11,385] {logging_mixin.py:115} INFO - [2023-01-25 23:16:11,384] {dagbag.py:508} INFO - Filling up the DagBag from /home/airflow/.local/lib/python3.7/site-packages/airflow/example_dags/example_branch_day_of_week_operator.py
[2023-01-25 23:16:11,418] {processor.py:651} INFO - DAG(s) dict_keys(['example_weekday_branch_operator']) retrieved from /home/airflow/.local/lib/python3.7/site-packages/airflow/example_dags/example_branch_day_of_week_operator.py
[2023-01-25 23:16:11,491] {logging_mixin.py:115} INFO - [2023-01-25 23:16:11,491] {dag.py:2420} INFO - Sync 1 DAGs
[2023-01-25 23:16:11,597] {logging_mixin.py:115} INFO - [2023-01-25 23:16:11,596] {dag.py:2972} INFO - Setting next_dagrun for example_weekday_branch_operator to 2023-01-24T00:00:00+00:00, run_after=2023-01-25T00:00:00+00:00
[2023-01-25 23:16:11,634] {processor.py:161} INFO - Processing /home/airflow/.local/lib/python3.7/site-packages/airflow/example_dags/example_branch_day_of_week_operator.py took 0.261 seconds
[2023-01-25 23:30:33,067] {processor.py:153} INFO - Started process (PID=7323) to work on /home/airflow/.local/lib/python3.7/site-packages/airflow/example_dags/example_branch_day_of_week_operator.py
[2023-01-25 23:30:33,073] {processor.py:641} INFO - Processing file /home/airflow/.local/lib/python3.7/site-packages/airflow/example_dags/example_branch_day_of_week_operator.py for tasks to queue
[2023-01-25 23:30:33,083] {logging_mixin.py:115} INFO - [2023-01-25 23:30:33,081] {dagbag.py:508} INFO - Filling up the DagBag from /home/airflow/.local/lib/python3.7/site-packages/airflow/example_dags/example_branch_day_of_week_operator.py
[2023-01-25 23:30:33,216] {processor.py:651} INFO - DAG(s) dict_keys(['example_weekday_branch_operator']) retrieved from /home/airflow/.local/lib/python3.7/site-packages/airflow/example_dags/example_branch_day_of_week_operator.py
[2023-01-25 23:30:33,500] {logging_mixin.py:115} INFO - [2023-01-25 23:30:33,500] {dag.py:2420} INFO - Sync 1 DAGs
[2023-01-25 23:30:33,748] {logging_mixin.py:115} INFO - [2023-01-25 23:30:33,747] {dag.py:2972} INFO - Setting next_dagrun for example_weekday_branch_operator to 2023-01-24T00:00:00+00:00, run_after=2023-01-25T00:00:00+00:00
[2023-01-25 23:30:33,841] {processor.py:161} INFO - Processing /home/airflow/.local/lib/python3.7/site-packages/airflow/example_dags/example_branch_day_of_week_operator.py took 0.806 seconds
[2023-01-25 23:31:04,745] {processor.py:153} INFO - Started process (PID=7437) to work on /home/airflow/.local/lib/python3.7/site-packages/airflow/example_dags/example_branch_day_of_week_operator.py
[2023-01-25 23:31:04,747] {processor.py:641} INFO - Processing file /home/airflow/.local/lib/python3.7/site-packages/airflow/example_dags/example_branch_day_of_week_operator.py for tasks to queue
[2023-01-25 23:31:04,750] {logging_mixin.py:115} INFO - [2023-01-25 23:31:04,750] {dagbag.py:508} INFO - Filling up the DagBag from /home/airflow/.local/lib/python3.7/site-packages/airflow/example_dags/example_branch_day_of_week_operator.py
[2023-01-25 23:31:04,789] {processor.py:651} INFO - DAG(s) dict_keys(['example_weekday_branch_operator']) retrieved from /home/airflow/.local/lib/python3.7/site-packages/airflow/example_dags/example_branch_day_of_week_operator.py
[2023-01-25 23:31:04,922] {logging_mixin.py:115} INFO - [2023-01-25 23:31:04,921] {dag.py:2420} INFO - Sync 1 DAGs
[2023-01-25 23:31:05,107] {logging_mixin.py:115} INFO - [2023-01-25 23:31:05,106] {dag.py:2972} INFO - Setting next_dagrun for example_weekday_branch_operator to 2023-01-24T00:00:00+00:00, run_after=2023-01-25T00:00:00+00:00
[2023-01-25 23:31:05,167] {processor.py:161} INFO - Processing /home/airflow/.local/lib/python3.7/site-packages/airflow/example_dags/example_branch_day_of_week_operator.py took 0.431 seconds
[2023-01-25 23:35:54,961] {processor.py:153} INFO - Started process (PID=7535) to work on /home/airflow/.local/lib/python3.7/site-packages/airflow/example_dags/example_branch_day_of_week_operator.py
[2023-01-25 23:35:54,965] {processor.py:641} INFO - Processing file /home/airflow/.local/lib/python3.7/site-packages/airflow/example_dags/example_branch_day_of_week_operator.py for tasks to queue
[2023-01-25 23:35:54,970] {logging_mixin.py:115} INFO - [2023-01-25 23:35:54,969] {dagbag.py:508} INFO - Filling up the DagBag from /home/airflow/.local/lib/python3.7/site-packages/airflow/example_dags/example_branch_day_of_week_operator.py
[2023-01-25 23:35:55,036] {processor.py:651} INFO - DAG(s) dict_keys(['example_weekday_branch_operator']) retrieved from /home/airflow/.local/lib/python3.7/site-packages/airflow/example_dags/example_branch_day_of_week_operator.py
[2023-01-25 23:35:55,141] {logging_mixin.py:115} INFO - [2023-01-25 23:35:55,140] {dag.py:2420} INFO - Sync 1 DAGs
[2023-01-25 23:35:55,286] {logging_mixin.py:115} INFO - [2023-01-25 23:35:55,285] {dag.py:2972} INFO - Setting next_dagrun for example_weekday_branch_operator to 2023-01-24T00:00:00+00:00, run_after=2023-01-25T00:00:00+00:00
[2023-01-25 23:35:55,327] {processor.py:161} INFO - Processing /home/airflow/.local/lib/python3.7/site-packages/airflow/example_dags/example_branch_day_of_week_operator.py took 0.387 seconds
[2023-01-25 23:46:06,860] {processor.py:153} INFO - Started process (PID=7649) to work on /home/airflow/.local/lib/python3.7/site-packages/airflow/example_dags/example_branch_day_of_week_operator.py
[2023-01-25 23:46:06,862] {processor.py:641} INFO - Processing file /home/airflow/.local/lib/python3.7/site-packages/airflow/example_dags/example_branch_day_of_week_operator.py for tasks to queue
[2023-01-25 23:46:06,865] {logging_mixin.py:115} INFO - [2023-01-25 23:46:06,864] {dagbag.py:508} INFO - Filling up the DagBag from /home/airflow/.local/lib/python3.7/site-packages/airflow/example_dags/example_branch_day_of_week_operator.py
[2023-01-25 23:46:06,938] {processor.py:651} INFO - DAG(s) dict_keys(['example_weekday_branch_operator']) retrieved from /home/airflow/.local/lib/python3.7/site-packages/airflow/example_dags/example_branch_day_of_week_operator.py
[2023-01-25 23:46:07,080] {logging_mixin.py:115} INFO - [2023-01-25 23:46:07,079] {dag.py:2420} INFO - Sync 1 DAGs
[2023-01-25 23:46:07,315] {logging_mixin.py:115} INFO - [2023-01-25 23:46:07,314] {dag.py:2972} INFO - Setting next_dagrun for example_weekday_branch_operator to 2023-01-24T00:00:00+00:00, run_after=2023-01-25T00:00:00+00:00
[2023-01-25 23:46:07,390] {processor.py:161} INFO - Processing /home/airflow/.local/lib/python3.7/site-packages/airflow/example_dags/example_branch_day_of_week_operator.py took 0.562 seconds
[2023-01-25 23:46:37,548] {processor.py:153} INFO - Started process (PID=7763) to work on /home/airflow/.local/lib/python3.7/site-packages/airflow/example_dags/example_branch_day_of_week_operator.py
[2023-01-25 23:46:37,550] {processor.py:641} INFO - Processing file /home/airflow/.local/lib/python3.7/site-packages/airflow/example_dags/example_branch_day_of_week_operator.py for tasks to queue
[2023-01-25 23:46:37,552] {logging_mixin.py:115} INFO - [2023-01-25 23:46:37,551] {dagbag.py:508} INFO - Filling up the DagBag from /home/airflow/.local/lib/python3.7/site-packages/airflow/example_dags/example_branch_day_of_week_operator.py
[2023-01-25 23:46:37,584] {processor.py:651} INFO - DAG(s) dict_keys(['example_weekday_branch_operator']) retrieved from /home/airflow/.local/lib/python3.7/site-packages/airflow/example_dags/example_branch_day_of_week_operator.py
[2023-01-25 23:46:37,657] {logging_mixin.py:115} INFO - [2023-01-25 23:46:37,656] {dag.py:2420} INFO - Sync 1 DAGs
[2023-01-25 23:46:37,756] {logging_mixin.py:115} INFO - [2023-01-25 23:46:37,755] {dag.py:2972} INFO - Setting next_dagrun for example_weekday_branch_operator to 2023-01-24T00:00:00+00:00, run_after=2023-01-25T00:00:00+00:00
[2023-01-25 23:46:37,790] {processor.py:161} INFO - Processing /home/airflow/.local/lib/python3.7/site-packages/airflow/example_dags/example_branch_day_of_week_operator.py took 0.250 seconds
[2023-01-25 23:59:33,455] {processor.py:153} INFO - Started process (PID=7861) to work on /home/airflow/.local/lib/python3.7/site-packages/airflow/example_dags/example_branch_day_of_week_operator.py
[2023-01-25 23:59:33,457] {processor.py:641} INFO - Processing file /home/airflow/.local/lib/python3.7/site-packages/airflow/example_dags/example_branch_day_of_week_operator.py for tasks to queue
[2023-01-25 23:59:33,459] {logging_mixin.py:115} INFO - [2023-01-25 23:59:33,459] {dagbag.py:508} INFO - Filling up the DagBag from /home/airflow/.local/lib/python3.7/site-packages/airflow/example_dags/example_branch_day_of_week_operator.py
[2023-01-25 23:59:33,493] {processor.py:651} INFO - DAG(s) dict_keys(['example_weekday_branch_operator']) retrieved from /home/airflow/.local/lib/python3.7/site-packages/airflow/example_dags/example_branch_day_of_week_operator.py
[2023-01-25 23:59:33,563] {logging_mixin.py:115} INFO - [2023-01-25 23:59:33,563] {dag.py:2420} INFO - Sync 1 DAGs
[2023-01-25 23:59:33,668] {logging_mixin.py:115} INFO - [2023-01-25 23:59:33,667] {dag.py:2972} INFO - Setting next_dagrun for example_weekday_branch_operator to 2023-01-24T00:00:00+00:00, run_after=2023-01-25T00:00:00+00:00
[2023-01-25 23:59:33,707] {processor.py:161} INFO - Processing /home/airflow/.local/lib/python3.7/site-packages/airflow/example_dags/example_branch_day_of_week_operator.py took 0.258 seconds
