[2023-01-25 22:25:11,838] {processor.py:153} INFO - Started process (PID=156) to work on /home/airflow/.local/lib/python3.7/site-packages/airflow/example_dags/example_time_delta_sensor_async.py
[2023-01-25 22:25:11,839] {processor.py:641} INFO - Processing file /home/airflow/.local/lib/python3.7/site-packages/airflow/example_dags/example_time_delta_sensor_async.py for tasks to queue
[2023-01-25 22:25:11,842] {logging_mixin.py:115} INFO - [2023-01-25 22:25:11,841] {dagbag.py:508} INFO - Filling up the DagBag from /home/airflow/.local/lib/python3.7/site-packages/airflow/example_dags/example_time_delta_sensor_async.py
[2023-01-25 22:25:11,873] {processor.py:651} INFO - DAG(s) dict_keys(['example_time_delta_sensor_async']) retrieved from /home/airflow/.local/lib/python3.7/site-packages/airflow/example_dags/example_time_delta_sensor_async.py
[2023-01-25 22:25:12,430] {logging_mixin.py:115} INFO - [2023-01-25 22:25:12,430] {dag.py:2420} INFO - Sync 1 DAGs
[2023-01-25 22:25:12,543] {logging_mixin.py:115} INFO - [2023-01-25 22:25:12,543] {dag.py:2972} INFO - Setting next_dagrun for example_time_delta_sensor_async to None, run_after=None
[2023-01-25 22:25:12,583] {processor.py:161} INFO - Processing /home/airflow/.local/lib/python3.7/site-packages/airflow/example_dags/example_time_delta_sensor_async.py took 0.755 seconds
[2023-01-25 22:25:43,517] {processor.py:153} INFO - Started process (PID=261) to work on /home/airflow/.local/lib/python3.7/site-packages/airflow/example_dags/example_time_delta_sensor_async.py
[2023-01-25 22:25:43,519] {processor.py:641} INFO - Processing file /home/airflow/.local/lib/python3.7/site-packages/airflow/example_dags/example_time_delta_sensor_async.py for tasks to queue
[2023-01-25 22:25:43,522] {logging_mixin.py:115} INFO - [2023-01-25 22:25:43,522] {dagbag.py:508} INFO - Filling up the DagBag from /home/airflow/.local/lib/python3.7/site-packages/airflow/example_dags/example_time_delta_sensor_async.py
[2023-01-25 22:25:43,552] {processor.py:651} INFO - DAG(s) dict_keys(['example_time_delta_sensor_async']) retrieved from /home/airflow/.local/lib/python3.7/site-packages/airflow/example_dags/example_time_delta_sensor_async.py
[2023-01-25 22:25:44,042] {logging_mixin.py:115} INFO - [2023-01-25 22:25:44,041] {dag.py:2420} INFO - Sync 1 DAGs
[2023-01-25 22:25:44,140] {logging_mixin.py:115} INFO - [2023-01-25 22:25:44,139] {dag.py:2972} INFO - Setting next_dagrun for example_time_delta_sensor_async to None, run_after=None
[2023-01-25 22:25:44,179] {processor.py:161} INFO - Processing /home/airflow/.local/lib/python3.7/site-packages/airflow/example_dags/example_time_delta_sensor_async.py took 0.671 seconds
[2023-01-25 22:26:17,265] {processor.py:153} INFO - Started process (PID=381) to work on /home/airflow/.local/lib/python3.7/site-packages/airflow/example_dags/example_time_delta_sensor_async.py
[2023-01-25 22:26:17,268] {processor.py:641} INFO - Processing file /home/airflow/.local/lib/python3.7/site-packages/airflow/example_dags/example_time_delta_sensor_async.py for tasks to queue
[2023-01-25 22:26:17,271] {logging_mixin.py:115} INFO - [2023-01-25 22:26:17,271] {dagbag.py:508} INFO - Filling up the DagBag from /home/airflow/.local/lib/python3.7/site-packages/airflow/example_dags/example_time_delta_sensor_async.py
[2023-01-25 22:26:17,303] {processor.py:651} INFO - DAG(s) dict_keys(['example_time_delta_sensor_async']) retrieved from /home/airflow/.local/lib/python3.7/site-packages/airflow/example_dags/example_time_delta_sensor_async.py
[2023-01-25 22:26:17,862] {logging_mixin.py:115} INFO - [2023-01-25 22:26:17,862] {dag.py:2420} INFO - Sync 1 DAGs
[2023-01-25 22:26:17,982] {logging_mixin.py:115} INFO - [2023-01-25 22:26:17,981] {dag.py:2972} INFO - Setting next_dagrun for example_time_delta_sensor_async to None, run_after=None
[2023-01-25 22:26:18,017] {processor.py:161} INFO - Processing /home/airflow/.local/lib/python3.7/site-packages/airflow/example_dags/example_time_delta_sensor_async.py took 0.765 seconds
[2023-01-25 22:26:49,909] {processor.py:153} INFO - Started process (PID=495) to work on /home/airflow/.local/lib/python3.7/site-packages/airflow/example_dags/example_time_delta_sensor_async.py
[2023-01-25 22:26:49,911] {processor.py:641} INFO - Processing file /home/airflow/.local/lib/python3.7/site-packages/airflow/example_dags/example_time_delta_sensor_async.py for tasks to queue
[2023-01-25 22:26:49,914] {logging_mixin.py:115} INFO - [2023-01-25 22:26:49,913] {dagbag.py:508} INFO - Filling up the DagBag from /home/airflow/.local/lib/python3.7/site-packages/airflow/example_dags/example_time_delta_sensor_async.py
[2023-01-25 22:26:49,942] {processor.py:651} INFO - DAG(s) dict_keys(['example_time_delta_sensor_async']) retrieved from /home/airflow/.local/lib/python3.7/site-packages/airflow/example_dags/example_time_delta_sensor_async.py
[2023-01-25 22:26:50,516] {logging_mixin.py:115} INFO - [2023-01-25 22:26:50,516] {dag.py:2420} INFO - Sync 1 DAGs
[2023-01-25 22:26:50,615] {logging_mixin.py:115} INFO - [2023-01-25 22:26:50,614] {dag.py:2972} INFO - Setting next_dagrun for example_time_delta_sensor_async to None, run_after=None
[2023-01-25 22:26:50,655] {processor.py:161} INFO - Processing /home/airflow/.local/lib/python3.7/site-packages/airflow/example_dags/example_time_delta_sensor_async.py took 0.757 seconds
[2023-01-25 22:27:21,287] {processor.py:153} INFO - Started process (PID=606) to work on /home/airflow/.local/lib/python3.7/site-packages/airflow/example_dags/example_time_delta_sensor_async.py
[2023-01-25 22:27:21,291] {processor.py:641} INFO - Processing file /home/airflow/.local/lib/python3.7/site-packages/airflow/example_dags/example_time_delta_sensor_async.py for tasks to queue
[2023-01-25 22:27:21,295] {logging_mixin.py:115} INFO - [2023-01-25 22:27:21,294] {dagbag.py:508} INFO - Filling up the DagBag from /home/airflow/.local/lib/python3.7/site-packages/airflow/example_dags/example_time_delta_sensor_async.py
[2023-01-25 22:27:21,327] {processor.py:651} INFO - DAG(s) dict_keys(['example_time_delta_sensor_async']) retrieved from /home/airflow/.local/lib/python3.7/site-packages/airflow/example_dags/example_time_delta_sensor_async.py
[2023-01-25 22:27:21,812] {logging_mixin.py:115} INFO - [2023-01-25 22:27:21,812] {dag.py:2420} INFO - Sync 1 DAGs
[2023-01-25 22:27:21,908] {logging_mixin.py:115} INFO - [2023-01-25 22:27:21,908] {dag.py:2972} INFO - Setting next_dagrun for example_time_delta_sensor_async to None, run_after=None
[2023-01-25 22:27:21,946] {processor.py:161} INFO - Processing /home/airflow/.local/lib/python3.7/site-packages/airflow/example_dags/example_time_delta_sensor_async.py took 0.671 seconds
[2023-01-25 22:27:54,498] {processor.py:153} INFO - Started process (PID=721) to work on /home/airflow/.local/lib/python3.7/site-packages/airflow/example_dags/example_time_delta_sensor_async.py
[2023-01-25 22:27:54,500] {processor.py:641} INFO - Processing file /home/airflow/.local/lib/python3.7/site-packages/airflow/example_dags/example_time_delta_sensor_async.py for tasks to queue
[2023-01-25 22:27:54,502] {logging_mixin.py:115} INFO - [2023-01-25 22:27:54,502] {dagbag.py:508} INFO - Filling up the DagBag from /home/airflow/.local/lib/python3.7/site-packages/airflow/example_dags/example_time_delta_sensor_async.py
[2023-01-25 22:27:54,526] {processor.py:651} INFO - DAG(s) dict_keys(['example_time_delta_sensor_async']) retrieved from /home/airflow/.local/lib/python3.7/site-packages/airflow/example_dags/example_time_delta_sensor_async.py
[2023-01-25 22:27:54,952] {logging_mixin.py:115} INFO - [2023-01-25 22:27:54,952] {dag.py:2420} INFO - Sync 1 DAGs
[2023-01-25 22:27:55,043] {logging_mixin.py:115} INFO - [2023-01-25 22:27:55,042] {dag.py:2972} INFO - Setting next_dagrun for example_time_delta_sensor_async to None, run_after=None
[2023-01-25 22:27:55,078] {processor.py:161} INFO - Processing /home/airflow/.local/lib/python3.7/site-packages/airflow/example_dags/example_time_delta_sensor_async.py took 0.588 seconds
[2023-01-25 22:28:25,175] {processor.py:153} INFO - Started process (PID=831) to work on /home/airflow/.local/lib/python3.7/site-packages/airflow/example_dags/example_time_delta_sensor_async.py
[2023-01-25 22:28:25,178] {processor.py:641} INFO - Processing file /home/airflow/.local/lib/python3.7/site-packages/airflow/example_dags/example_time_delta_sensor_async.py for tasks to queue
[2023-01-25 22:28:25,180] {logging_mixin.py:115} INFO - [2023-01-25 22:28:25,180] {dagbag.py:508} INFO - Filling up the DagBag from /home/airflow/.local/lib/python3.7/site-packages/airflow/example_dags/example_time_delta_sensor_async.py
[2023-01-25 22:28:25,215] {processor.py:651} INFO - DAG(s) dict_keys(['example_time_delta_sensor_async']) retrieved from /home/airflow/.local/lib/python3.7/site-packages/airflow/example_dags/example_time_delta_sensor_async.py
[2023-01-25 22:28:25,892] {logging_mixin.py:115} INFO - [2023-01-25 22:28:25,892] {dag.py:2420} INFO - Sync 1 DAGs
[2023-01-25 22:28:26,016] {logging_mixin.py:115} INFO - [2023-01-25 22:28:26,016] {dag.py:2972} INFO - Setting next_dagrun for example_time_delta_sensor_async to None, run_after=None
[2023-01-25 22:28:26,058] {processor.py:161} INFO - Processing /home/airflow/.local/lib/python3.7/site-packages/airflow/example_dags/example_time_delta_sensor_async.py took 0.891 seconds
[2023-01-25 22:28:56,842] {processor.py:153} INFO - Started process (PID=943) to work on /home/airflow/.local/lib/python3.7/site-packages/airflow/example_dags/example_time_delta_sensor_async.py
[2023-01-25 22:28:56,847] {processor.py:641} INFO - Processing file /home/airflow/.local/lib/python3.7/site-packages/airflow/example_dags/example_time_delta_sensor_async.py for tasks to queue
[2023-01-25 22:28:56,852] {logging_mixin.py:115} INFO - [2023-01-25 22:28:56,851] {dagbag.py:508} INFO - Filling up the DagBag from /home/airflow/.local/lib/python3.7/site-packages/airflow/example_dags/example_time_delta_sensor_async.py
[2023-01-25 22:28:56,920] {processor.py:651} INFO - DAG(s) dict_keys(['example_time_delta_sensor_async']) retrieved from /home/airflow/.local/lib/python3.7/site-packages/airflow/example_dags/example_time_delta_sensor_async.py
[2023-01-25 22:28:57,629] {logging_mixin.py:115} INFO - [2023-01-25 22:28:57,628] {dag.py:2420} INFO - Sync 1 DAGs
[2023-01-25 22:28:57,734] {logging_mixin.py:115} INFO - [2023-01-25 22:28:57,734] {dag.py:2972} INFO - Setting next_dagrun for example_time_delta_sensor_async to None, run_after=None
[2023-01-25 22:28:57,776] {processor.py:161} INFO - Processing /home/airflow/.local/lib/python3.7/site-packages/airflow/example_dags/example_time_delta_sensor_async.py took 0.952 seconds
[2023-01-25 22:29:27,919] {processor.py:153} INFO - Started process (PID=1057) to work on /home/airflow/.local/lib/python3.7/site-packages/airflow/example_dags/example_time_delta_sensor_async.py
[2023-01-25 22:29:27,922] {processor.py:641} INFO - Processing file /home/airflow/.local/lib/python3.7/site-packages/airflow/example_dags/example_time_delta_sensor_async.py for tasks to queue
[2023-01-25 22:29:27,925] {logging_mixin.py:115} INFO - [2023-01-25 22:29:27,924] {dagbag.py:508} INFO - Filling up the DagBag from /home/airflow/.local/lib/python3.7/site-packages/airflow/example_dags/example_time_delta_sensor_async.py
[2023-01-25 22:29:27,966] {processor.py:651} INFO - DAG(s) dict_keys(['example_time_delta_sensor_async']) retrieved from /home/airflow/.local/lib/python3.7/site-packages/airflow/example_dags/example_time_delta_sensor_async.py
[2023-01-25 22:29:28,571] {logging_mixin.py:115} INFO - [2023-01-25 22:29:28,571] {dag.py:2420} INFO - Sync 1 DAGs
[2023-01-25 22:29:28,671] {logging_mixin.py:115} INFO - [2023-01-25 22:29:28,671] {dag.py:2972} INFO - Setting next_dagrun for example_time_delta_sensor_async to None, run_after=None
[2023-01-25 22:29:28,714] {processor.py:161} INFO - Processing /home/airflow/.local/lib/python3.7/site-packages/airflow/example_dags/example_time_delta_sensor_async.py took 0.807 seconds
[2023-01-25 22:29:59,487] {processor.py:153} INFO - Started process (PID=1171) to work on /home/airflow/.local/lib/python3.7/site-packages/airflow/example_dags/example_time_delta_sensor_async.py
[2023-01-25 22:29:59,490] {processor.py:641} INFO - Processing file /home/airflow/.local/lib/python3.7/site-packages/airflow/example_dags/example_time_delta_sensor_async.py for tasks to queue
[2023-01-25 22:29:59,494] {logging_mixin.py:115} INFO - [2023-01-25 22:29:59,493] {dagbag.py:508} INFO - Filling up the DagBag from /home/airflow/.local/lib/python3.7/site-packages/airflow/example_dags/example_time_delta_sensor_async.py
[2023-01-25 22:29:59,535] {processor.py:651} INFO - DAG(s) dict_keys(['example_time_delta_sensor_async']) retrieved from /home/airflow/.local/lib/python3.7/site-packages/airflow/example_dags/example_time_delta_sensor_async.py
[2023-01-25 22:30:00,088] {logging_mixin.py:115} INFO - [2023-01-25 22:30:00,088] {dag.py:2420} INFO - Sync 1 DAGs
[2023-01-25 22:30:00,175] {logging_mixin.py:115} INFO - [2023-01-25 22:30:00,174] {dag.py:2972} INFO - Setting next_dagrun for example_time_delta_sensor_async to None, run_after=None
[2023-01-25 22:30:00,212] {processor.py:161} INFO - Processing /home/airflow/.local/lib/python3.7/site-packages/airflow/example_dags/example_time_delta_sensor_async.py took 0.741 seconds
[2023-01-25 22:30:30,967] {processor.py:153} INFO - Started process (PID=1285) to work on /home/airflow/.local/lib/python3.7/site-packages/airflow/example_dags/example_time_delta_sensor_async.py
[2023-01-25 22:30:30,970] {processor.py:641} INFO - Processing file /home/airflow/.local/lib/python3.7/site-packages/airflow/example_dags/example_time_delta_sensor_async.py for tasks to queue
[2023-01-25 22:30:30,972] {logging_mixin.py:115} INFO - [2023-01-25 22:30:30,972] {dagbag.py:508} INFO - Filling up the DagBag from /home/airflow/.local/lib/python3.7/site-packages/airflow/example_dags/example_time_delta_sensor_async.py
[2023-01-25 22:30:30,991] {processor.py:651} INFO - DAG(s) dict_keys(['example_time_delta_sensor_async']) retrieved from /home/airflow/.local/lib/python3.7/site-packages/airflow/example_dags/example_time_delta_sensor_async.py
[2023-01-25 22:30:31,470] {logging_mixin.py:115} INFO - [2023-01-25 22:30:31,470] {dag.py:2420} INFO - Sync 1 DAGs
[2023-01-25 22:30:31,563] {logging_mixin.py:115} INFO - [2023-01-25 22:30:31,563] {dag.py:2972} INFO - Setting next_dagrun for example_time_delta_sensor_async to None, run_after=None
[2023-01-25 22:30:31,599] {processor.py:161} INFO - Processing /home/airflow/.local/lib/python3.7/site-packages/airflow/example_dags/example_time_delta_sensor_async.py took 0.640 seconds
[2023-01-25 22:31:02,535] {processor.py:153} INFO - Started process (PID=1402) to work on /home/airflow/.local/lib/python3.7/site-packages/airflow/example_dags/example_time_delta_sensor_async.py
[2023-01-25 22:31:02,537] {processor.py:641} INFO - Processing file /home/airflow/.local/lib/python3.7/site-packages/airflow/example_dags/example_time_delta_sensor_async.py for tasks to queue
[2023-01-25 22:31:02,539] {logging_mixin.py:115} INFO - [2023-01-25 22:31:02,539] {dagbag.py:508} INFO - Filling up the DagBag from /home/airflow/.local/lib/python3.7/site-packages/airflow/example_dags/example_time_delta_sensor_async.py
[2023-01-25 22:31:02,558] {processor.py:651} INFO - DAG(s) dict_keys(['example_time_delta_sensor_async']) retrieved from /home/airflow/.local/lib/python3.7/site-packages/airflow/example_dags/example_time_delta_sensor_async.py
[2023-01-25 22:31:03,041] {logging_mixin.py:115} INFO - [2023-01-25 22:31:03,040] {dag.py:2420} INFO - Sync 1 DAGs
[2023-01-25 22:31:03,139] {logging_mixin.py:115} INFO - [2023-01-25 22:31:03,139] {dag.py:2972} INFO - Setting next_dagrun for example_time_delta_sensor_async to None, run_after=None
[2023-01-25 22:31:03,193] {processor.py:161} INFO - Processing /home/airflow/.local/lib/python3.7/site-packages/airflow/example_dags/example_time_delta_sensor_async.py took 0.667 seconds
[2023-01-25 22:31:34,114] {processor.py:153} INFO - Started process (PID=1514) to work on /home/airflow/.local/lib/python3.7/site-packages/airflow/example_dags/example_time_delta_sensor_async.py
[2023-01-25 22:31:34,119] {processor.py:641} INFO - Processing file /home/airflow/.local/lib/python3.7/site-packages/airflow/example_dags/example_time_delta_sensor_async.py for tasks to queue
[2023-01-25 22:31:34,122] {logging_mixin.py:115} INFO - [2023-01-25 22:31:34,121] {dagbag.py:508} INFO - Filling up the DagBag from /home/airflow/.local/lib/python3.7/site-packages/airflow/example_dags/example_time_delta_sensor_async.py
[2023-01-25 22:31:34,144] {processor.py:651} INFO - DAG(s) dict_keys(['example_time_delta_sensor_async']) retrieved from /home/airflow/.local/lib/python3.7/site-packages/airflow/example_dags/example_time_delta_sensor_async.py
[2023-01-25 22:31:34,787] {logging_mixin.py:115} INFO - [2023-01-25 22:31:34,786] {dag.py:2420} INFO - Sync 1 DAGs
[2023-01-25 22:31:34,897] {logging_mixin.py:115} INFO - [2023-01-25 22:31:34,897] {dag.py:2972} INFO - Setting next_dagrun for example_time_delta_sensor_async to None, run_after=None
[2023-01-25 22:31:34,941] {processor.py:161} INFO - Processing /home/airflow/.local/lib/python3.7/site-packages/airflow/example_dags/example_time_delta_sensor_async.py took 0.835 seconds
[2023-01-25 22:32:05,169] {processor.py:153} INFO - Started process (PID=1625) to work on /home/airflow/.local/lib/python3.7/site-packages/airflow/example_dags/example_time_delta_sensor_async.py
[2023-01-25 22:32:05,171] {processor.py:641} INFO - Processing file /home/airflow/.local/lib/python3.7/site-packages/airflow/example_dags/example_time_delta_sensor_async.py for tasks to queue
[2023-01-25 22:32:05,173] {logging_mixin.py:115} INFO - [2023-01-25 22:32:05,173] {dagbag.py:508} INFO - Filling up the DagBag from /home/airflow/.local/lib/python3.7/site-packages/airflow/example_dags/example_time_delta_sensor_async.py
[2023-01-25 22:32:05,194] {processor.py:651} INFO - DAG(s) dict_keys(['example_time_delta_sensor_async']) retrieved from /home/airflow/.local/lib/python3.7/site-packages/airflow/example_dags/example_time_delta_sensor_async.py
[2023-01-25 22:32:05,786] {logging_mixin.py:115} INFO - [2023-01-25 22:32:05,785] {dag.py:2420} INFO - Sync 1 DAGs
[2023-01-25 22:32:05,885] {logging_mixin.py:115} INFO - [2023-01-25 22:32:05,884] {dag.py:2972} INFO - Setting next_dagrun for example_time_delta_sensor_async to None, run_after=None
[2023-01-25 22:32:05,923] {processor.py:161} INFO - Processing /home/airflow/.local/lib/python3.7/site-packages/airflow/example_dags/example_time_delta_sensor_async.py took 0.775 seconds
[2023-01-25 22:32:36,023] {processor.py:153} INFO - Started process (PID=1739) to work on /home/airflow/.local/lib/python3.7/site-packages/airflow/example_dags/example_time_delta_sensor_async.py
[2023-01-25 22:32:36,027] {processor.py:641} INFO - Processing file /home/airflow/.local/lib/python3.7/site-packages/airflow/example_dags/example_time_delta_sensor_async.py for tasks to queue
[2023-01-25 22:32:36,029] {logging_mixin.py:115} INFO - [2023-01-25 22:32:36,028] {dagbag.py:508} INFO - Filling up the DagBag from /home/airflow/.local/lib/python3.7/site-packages/airflow/example_dags/example_time_delta_sensor_async.py
[2023-01-25 22:32:36,050] {processor.py:651} INFO - DAG(s) dict_keys(['example_time_delta_sensor_async']) retrieved from /home/airflow/.local/lib/python3.7/site-packages/airflow/example_dags/example_time_delta_sensor_async.py
[2023-01-25 22:32:36,508] {logging_mixin.py:115} INFO - [2023-01-25 22:32:36,508] {dag.py:2420} INFO - Sync 1 DAGs
[2023-01-25 22:32:36,602] {logging_mixin.py:115} INFO - [2023-01-25 22:32:36,602] {dag.py:2972} INFO - Setting next_dagrun for example_time_delta_sensor_async to None, run_after=None
[2023-01-25 22:32:36,639] {processor.py:161} INFO - Processing /home/airflow/.local/lib/python3.7/site-packages/airflow/example_dags/example_time_delta_sensor_async.py took 0.626 seconds
[2023-01-25 22:33:07,081] {processor.py:153} INFO - Started process (PID=1853) to work on /home/airflow/.local/lib/python3.7/site-packages/airflow/example_dags/example_time_delta_sensor_async.py
[2023-01-25 22:33:07,084] {processor.py:641} INFO - Processing file /home/airflow/.local/lib/python3.7/site-packages/airflow/example_dags/example_time_delta_sensor_async.py for tasks to queue
[2023-01-25 22:33:07,086] {logging_mixin.py:115} INFO - [2023-01-25 22:33:07,086] {dagbag.py:508} INFO - Filling up the DagBag from /home/airflow/.local/lib/python3.7/site-packages/airflow/example_dags/example_time_delta_sensor_async.py
[2023-01-25 22:33:07,109] {processor.py:651} INFO - DAG(s) dict_keys(['example_time_delta_sensor_async']) retrieved from /home/airflow/.local/lib/python3.7/site-packages/airflow/example_dags/example_time_delta_sensor_async.py
[2023-01-25 22:33:07,704] {logging_mixin.py:115} INFO - [2023-01-25 22:33:07,703] {dag.py:2420} INFO - Sync 1 DAGs
[2023-01-25 22:33:07,797] {logging_mixin.py:115} INFO - [2023-01-25 22:33:07,797] {dag.py:2972} INFO - Setting next_dagrun for example_time_delta_sensor_async to None, run_after=None
[2023-01-25 22:33:07,834] {processor.py:161} INFO - Processing /home/airflow/.local/lib/python3.7/site-packages/airflow/example_dags/example_time_delta_sensor_async.py took 0.764 seconds
[2023-01-25 22:33:37,977] {processor.py:153} INFO - Started process (PID=1963) to work on /home/airflow/.local/lib/python3.7/site-packages/airflow/example_dags/example_time_delta_sensor_async.py
[2023-01-25 22:33:37,979] {processor.py:641} INFO - Processing file /home/airflow/.local/lib/python3.7/site-packages/airflow/example_dags/example_time_delta_sensor_async.py for tasks to queue
[2023-01-25 22:33:37,983] {logging_mixin.py:115} INFO - [2023-01-25 22:33:37,982] {dagbag.py:508} INFO - Filling up the DagBag from /home/airflow/.local/lib/python3.7/site-packages/airflow/example_dags/example_time_delta_sensor_async.py
[2023-01-25 22:33:38,006] {processor.py:651} INFO - DAG(s) dict_keys(['example_time_delta_sensor_async']) retrieved from /home/airflow/.local/lib/python3.7/site-packages/airflow/example_dags/example_time_delta_sensor_async.py
[2023-01-25 22:33:38,641] {logging_mixin.py:115} INFO - [2023-01-25 22:33:38,640] {dag.py:2420} INFO - Sync 1 DAGs
[2023-01-25 22:33:38,753] {logging_mixin.py:115} INFO - [2023-01-25 22:33:38,752] {dag.py:2972} INFO - Setting next_dagrun for example_time_delta_sensor_async to None, run_after=None
[2023-01-25 22:33:38,799] {processor.py:161} INFO - Processing /home/airflow/.local/lib/python3.7/site-packages/airflow/example_dags/example_time_delta_sensor_async.py took 0.836 seconds
[2023-01-25 22:34:09,164] {processor.py:153} INFO - Started process (PID=2065) to work on /home/airflow/.local/lib/python3.7/site-packages/airflow/example_dags/example_time_delta_sensor_async.py
[2023-01-25 22:34:09,167] {processor.py:641} INFO - Processing file /home/airflow/.local/lib/python3.7/site-packages/airflow/example_dags/example_time_delta_sensor_async.py for tasks to queue
[2023-01-25 22:34:09,169] {logging_mixin.py:115} INFO - [2023-01-25 22:34:09,169] {dagbag.py:508} INFO - Filling up the DagBag from /home/airflow/.local/lib/python3.7/site-packages/airflow/example_dags/example_time_delta_sensor_async.py
[2023-01-25 22:34:09,186] {processor.py:651} INFO - DAG(s) dict_keys(['example_time_delta_sensor_async']) retrieved from /home/airflow/.local/lib/python3.7/site-packages/airflow/example_dags/example_time_delta_sensor_async.py
[2023-01-25 22:34:09,665] {logging_mixin.py:115} INFO - [2023-01-25 22:34:09,665] {dag.py:2420} INFO - Sync 1 DAGs
[2023-01-25 22:34:09,780] {logging_mixin.py:115} INFO - [2023-01-25 22:34:09,780] {dag.py:2972} INFO - Setting next_dagrun for example_time_delta_sensor_async to None, run_after=None
[2023-01-25 22:34:09,824] {processor.py:161} INFO - Processing /home/airflow/.local/lib/python3.7/site-packages/airflow/example_dags/example_time_delta_sensor_async.py took 0.669 seconds
[2023-01-25 22:34:40,608] {processor.py:153} INFO - Started process (PID=2179) to work on /home/airflow/.local/lib/python3.7/site-packages/airflow/example_dags/example_time_delta_sensor_async.py
[2023-01-25 22:34:40,611] {processor.py:641} INFO - Processing file /home/airflow/.local/lib/python3.7/site-packages/airflow/example_dags/example_time_delta_sensor_async.py for tasks to queue
[2023-01-25 22:34:40,614] {logging_mixin.py:115} INFO - [2023-01-25 22:34:40,613] {dagbag.py:508} INFO - Filling up the DagBag from /home/airflow/.local/lib/python3.7/site-packages/airflow/example_dags/example_time_delta_sensor_async.py
[2023-01-25 22:34:40,635] {processor.py:651} INFO - DAG(s) dict_keys(['example_time_delta_sensor_async']) retrieved from /home/airflow/.local/lib/python3.7/site-packages/airflow/example_dags/example_time_delta_sensor_async.py
[2023-01-25 22:34:41,231] {logging_mixin.py:115} INFO - [2023-01-25 22:34:41,230] {dag.py:2420} INFO - Sync 1 DAGs
[2023-01-25 22:34:41,336] {logging_mixin.py:115} INFO - [2023-01-25 22:34:41,335] {dag.py:2972} INFO - Setting next_dagrun for example_time_delta_sensor_async to None, run_after=None
[2023-01-25 22:34:41,378] {processor.py:161} INFO - Processing /home/airflow/.local/lib/python3.7/site-packages/airflow/example_dags/example_time_delta_sensor_async.py took 0.781 seconds
[2023-01-25 22:35:12,187] {processor.py:153} INFO - Started process (PID=2300) to work on /home/airflow/.local/lib/python3.7/site-packages/airflow/example_dags/example_time_delta_sensor_async.py
[2023-01-25 22:35:12,190] {processor.py:641} INFO - Processing file /home/airflow/.local/lib/python3.7/site-packages/airflow/example_dags/example_time_delta_sensor_async.py for tasks to queue
[2023-01-25 22:35:12,194] {logging_mixin.py:115} INFO - [2023-01-25 22:35:12,193] {dagbag.py:508} INFO - Filling up the DagBag from /home/airflow/.local/lib/python3.7/site-packages/airflow/example_dags/example_time_delta_sensor_async.py
[2023-01-25 22:35:12,218] {processor.py:651} INFO - DAG(s) dict_keys(['example_time_delta_sensor_async']) retrieved from /home/airflow/.local/lib/python3.7/site-packages/airflow/example_dags/example_time_delta_sensor_async.py
[2023-01-25 22:35:12,719] {logging_mixin.py:115} INFO - [2023-01-25 22:35:12,719] {dag.py:2420} INFO - Sync 1 DAGs
[2023-01-25 22:35:12,833] {logging_mixin.py:115} INFO - [2023-01-25 22:35:12,832] {dag.py:2972} INFO - Setting next_dagrun for example_time_delta_sensor_async to None, run_after=None
[2023-01-25 22:35:12,883] {processor.py:161} INFO - Processing /home/airflow/.local/lib/python3.7/site-packages/airflow/example_dags/example_time_delta_sensor_async.py took 0.706 seconds
[2023-01-25 22:35:43,682] {processor.py:153} INFO - Started process (PID=2400) to work on /home/airflow/.local/lib/python3.7/site-packages/airflow/example_dags/example_time_delta_sensor_async.py
[2023-01-25 22:35:43,692] {processor.py:641} INFO - Processing file /home/airflow/.local/lib/python3.7/site-packages/airflow/example_dags/example_time_delta_sensor_async.py for tasks to queue
[2023-01-25 22:35:43,696] {logging_mixin.py:115} INFO - [2023-01-25 22:35:43,695] {dagbag.py:508} INFO - Filling up the DagBag from /home/airflow/.local/lib/python3.7/site-packages/airflow/example_dags/example_time_delta_sensor_async.py
[2023-01-25 22:35:43,761] {processor.py:651} INFO - DAG(s) dict_keys(['example_time_delta_sensor_async']) retrieved from /home/airflow/.local/lib/python3.7/site-packages/airflow/example_dags/example_time_delta_sensor_async.py
[2023-01-25 22:35:44,372] {logging_mixin.py:115} INFO - [2023-01-25 22:35:44,371] {dag.py:2420} INFO - Sync 1 DAGs
[2023-01-25 22:35:44,603] {logging_mixin.py:115} INFO - [2023-01-25 22:35:44,601] {dag.py:2972} INFO - Setting next_dagrun for example_time_delta_sensor_async to None, run_after=None
[2023-01-25 22:35:44,701] {processor.py:161} INFO - Processing /home/airflow/.local/lib/python3.7/site-packages/airflow/example_dags/example_time_delta_sensor_async.py took 1.061 seconds
[2023-01-25 22:36:15,345] {processor.py:153} INFO - Started process (PID=2514) to work on /home/airflow/.local/lib/python3.7/site-packages/airflow/example_dags/example_time_delta_sensor_async.py
[2023-01-25 22:36:15,348] {processor.py:641} INFO - Processing file /home/airflow/.local/lib/python3.7/site-packages/airflow/example_dags/example_time_delta_sensor_async.py for tasks to queue
[2023-01-25 22:36:15,350] {logging_mixin.py:115} INFO - [2023-01-25 22:36:15,350] {dagbag.py:508} INFO - Filling up the DagBag from /home/airflow/.local/lib/python3.7/site-packages/airflow/example_dags/example_time_delta_sensor_async.py
[2023-01-25 22:36:15,376] {processor.py:651} INFO - DAG(s) dict_keys(['example_time_delta_sensor_async']) retrieved from /home/airflow/.local/lib/python3.7/site-packages/airflow/example_dags/example_time_delta_sensor_async.py
[2023-01-25 22:36:15,715] {logging_mixin.py:115} INFO - [2023-01-25 22:36:15,714] {dag.py:2420} INFO - Sync 1 DAGs
[2023-01-25 22:36:15,851] {logging_mixin.py:115} INFO - [2023-01-25 22:36:15,850] {dag.py:2972} INFO - Setting next_dagrun for example_time_delta_sensor_async to None, run_after=None
[2023-01-25 22:36:15,914] {processor.py:161} INFO - Processing /home/airflow/.local/lib/python3.7/site-packages/airflow/example_dags/example_time_delta_sensor_async.py took 0.583 seconds
[2023-01-25 22:36:46,622] {processor.py:153} INFO - Started process (PID=2628) to work on /home/airflow/.local/lib/python3.7/site-packages/airflow/example_dags/example_time_delta_sensor_async.py
[2023-01-25 22:36:46,625] {processor.py:641} INFO - Processing file /home/airflow/.local/lib/python3.7/site-packages/airflow/example_dags/example_time_delta_sensor_async.py for tasks to queue
[2023-01-25 22:36:46,628] {logging_mixin.py:115} INFO - [2023-01-25 22:36:46,628] {dagbag.py:508} INFO - Filling up the DagBag from /home/airflow/.local/lib/python3.7/site-packages/airflow/example_dags/example_time_delta_sensor_async.py
[2023-01-25 22:36:46,665] {processor.py:651} INFO - DAG(s) dict_keys(['example_time_delta_sensor_async']) retrieved from /home/airflow/.local/lib/python3.7/site-packages/airflow/example_dags/example_time_delta_sensor_async.py
[2023-01-25 22:36:47,059] {logging_mixin.py:115} INFO - [2023-01-25 22:36:47,059] {dag.py:2420} INFO - Sync 1 DAGs
[2023-01-25 22:36:47,182] {logging_mixin.py:115} INFO - [2023-01-25 22:36:47,182] {dag.py:2972} INFO - Setting next_dagrun for example_time_delta_sensor_async to None, run_after=None
[2023-01-25 22:36:47,231] {processor.py:161} INFO - Processing /home/airflow/.local/lib/python3.7/site-packages/airflow/example_dags/example_time_delta_sensor_async.py took 0.625 seconds
[2023-01-25 22:37:17,596] {processor.py:153} INFO - Started process (PID=2741) to work on /home/airflow/.local/lib/python3.7/site-packages/airflow/example_dags/example_time_delta_sensor_async.py
[2023-01-25 22:37:17,599] {processor.py:641} INFO - Processing file /home/airflow/.local/lib/python3.7/site-packages/airflow/example_dags/example_time_delta_sensor_async.py for tasks to queue
[2023-01-25 22:37:17,602] {logging_mixin.py:115} INFO - [2023-01-25 22:37:17,601] {dagbag.py:508} INFO - Filling up the DagBag from /home/airflow/.local/lib/python3.7/site-packages/airflow/example_dags/example_time_delta_sensor_async.py
[2023-01-25 22:37:17,624] {processor.py:651} INFO - DAG(s) dict_keys(['example_time_delta_sensor_async']) retrieved from /home/airflow/.local/lib/python3.7/site-packages/airflow/example_dags/example_time_delta_sensor_async.py
[2023-01-25 22:37:17,930] {logging_mixin.py:115} INFO - [2023-01-25 22:37:17,930] {dag.py:2420} INFO - Sync 1 DAGs
[2023-01-25 22:37:18,020] {logging_mixin.py:115} INFO - [2023-01-25 22:37:18,020] {dag.py:2972} INFO - Setting next_dagrun for example_time_delta_sensor_async to None, run_after=None
[2023-01-25 22:37:18,056] {processor.py:161} INFO - Processing /home/airflow/.local/lib/python3.7/site-packages/airflow/example_dags/example_time_delta_sensor_async.py took 0.472 seconds
[2023-01-25 22:37:48,505] {processor.py:153} INFO - Started process (PID=2855) to work on /home/airflow/.local/lib/python3.7/site-packages/airflow/example_dags/example_time_delta_sensor_async.py
[2023-01-25 22:37:48,507] {processor.py:641} INFO - Processing file /home/airflow/.local/lib/python3.7/site-packages/airflow/example_dags/example_time_delta_sensor_async.py for tasks to queue
[2023-01-25 22:37:48,512] {logging_mixin.py:115} INFO - [2023-01-25 22:37:48,511] {dagbag.py:508} INFO - Filling up the DagBag from /home/airflow/.local/lib/python3.7/site-packages/airflow/example_dags/example_time_delta_sensor_async.py
[2023-01-25 22:37:48,541] {processor.py:651} INFO - DAG(s) dict_keys(['example_time_delta_sensor_async']) retrieved from /home/airflow/.local/lib/python3.7/site-packages/airflow/example_dags/example_time_delta_sensor_async.py
[2023-01-25 22:37:48,909] {logging_mixin.py:115} INFO - [2023-01-25 22:37:48,908] {dag.py:2420} INFO - Sync 1 DAGs
[2023-01-25 22:37:49,013] {logging_mixin.py:115} INFO - [2023-01-25 22:37:49,013] {dag.py:2972} INFO - Setting next_dagrun for example_time_delta_sensor_async to None, run_after=None
[2023-01-25 22:37:49,056] {processor.py:161} INFO - Processing /home/airflow/.local/lib/python3.7/site-packages/airflow/example_dags/example_time_delta_sensor_async.py took 0.572 seconds
[2023-01-25 22:38:19,212] {processor.py:153} INFO - Started process (PID=2971) to work on /home/airflow/.local/lib/python3.7/site-packages/airflow/example_dags/example_time_delta_sensor_async.py
[2023-01-25 22:38:19,214] {processor.py:641} INFO - Processing file /home/airflow/.local/lib/python3.7/site-packages/airflow/example_dags/example_time_delta_sensor_async.py for tasks to queue
[2023-01-25 22:38:19,217] {logging_mixin.py:115} INFO - [2023-01-25 22:38:19,216] {dagbag.py:508} INFO - Filling up the DagBag from /home/airflow/.local/lib/python3.7/site-packages/airflow/example_dags/example_time_delta_sensor_async.py
[2023-01-25 22:38:19,235] {processor.py:651} INFO - DAG(s) dict_keys(['example_time_delta_sensor_async']) retrieved from /home/airflow/.local/lib/python3.7/site-packages/airflow/example_dags/example_time_delta_sensor_async.py
[2023-01-25 22:38:19,511] {logging_mixin.py:115} INFO - [2023-01-25 22:38:19,510] {dag.py:2420} INFO - Sync 1 DAGs
[2023-01-25 22:38:19,598] {logging_mixin.py:115} INFO - [2023-01-25 22:38:19,598] {dag.py:2972} INFO - Setting next_dagrun for example_time_delta_sensor_async to None, run_after=None
[2023-01-25 22:38:19,633] {processor.py:161} INFO - Processing /home/airflow/.local/lib/python3.7/site-packages/airflow/example_dags/example_time_delta_sensor_async.py took 0.430 seconds
[2023-01-25 22:38:49,859] {processor.py:153} INFO - Started process (PID=3085) to work on /home/airflow/.local/lib/python3.7/site-packages/airflow/example_dags/example_time_delta_sensor_async.py
[2023-01-25 22:38:49,861] {processor.py:641} INFO - Processing file /home/airflow/.local/lib/python3.7/site-packages/airflow/example_dags/example_time_delta_sensor_async.py for tasks to queue
[2023-01-25 22:38:49,863] {logging_mixin.py:115} INFO - [2023-01-25 22:38:49,863] {dagbag.py:508} INFO - Filling up the DagBag from /home/airflow/.local/lib/python3.7/site-packages/airflow/example_dags/example_time_delta_sensor_async.py
[2023-01-25 22:38:49,879] {processor.py:651} INFO - DAG(s) dict_keys(['example_time_delta_sensor_async']) retrieved from /home/airflow/.local/lib/python3.7/site-packages/airflow/example_dags/example_time_delta_sensor_async.py
[2023-01-25 22:38:50,173] {logging_mixin.py:115} INFO - [2023-01-25 22:38:50,173] {dag.py:2420} INFO - Sync 1 DAGs
[2023-01-25 22:38:50,274] {logging_mixin.py:115} INFO - [2023-01-25 22:38:50,274] {dag.py:2972} INFO - Setting next_dagrun for example_time_delta_sensor_async to None, run_after=None
[2023-01-25 22:38:50,311] {processor.py:161} INFO - Processing /home/airflow/.local/lib/python3.7/site-packages/airflow/example_dags/example_time_delta_sensor_async.py took 0.460 seconds
[2023-01-25 22:39:20,806] {processor.py:153} INFO - Started process (PID=3199) to work on /home/airflow/.local/lib/python3.7/site-packages/airflow/example_dags/example_time_delta_sensor_async.py
[2023-01-25 22:39:20,807] {processor.py:641} INFO - Processing file /home/airflow/.local/lib/python3.7/site-packages/airflow/example_dags/example_time_delta_sensor_async.py for tasks to queue
[2023-01-25 22:39:20,810] {logging_mixin.py:115} INFO - [2023-01-25 22:39:20,809] {dagbag.py:508} INFO - Filling up the DagBag from /home/airflow/.local/lib/python3.7/site-packages/airflow/example_dags/example_time_delta_sensor_async.py
[2023-01-25 22:39:20,831] {processor.py:651} INFO - DAG(s) dict_keys(['example_time_delta_sensor_async']) retrieved from /home/airflow/.local/lib/python3.7/site-packages/airflow/example_dags/example_time_delta_sensor_async.py
[2023-01-25 22:39:21,127] {logging_mixin.py:115} INFO - [2023-01-25 22:39:21,126] {dag.py:2420} INFO - Sync 1 DAGs
[2023-01-25 22:39:21,226] {logging_mixin.py:115} INFO - [2023-01-25 22:39:21,226] {dag.py:2972} INFO - Setting next_dagrun for example_time_delta_sensor_async to None, run_after=None
[2023-01-25 22:39:21,266] {processor.py:161} INFO - Processing /home/airflow/.local/lib/python3.7/site-packages/airflow/example_dags/example_time_delta_sensor_async.py took 0.474 seconds
[2023-01-25 22:39:51,488] {processor.py:153} INFO - Started process (PID=3310) to work on /home/airflow/.local/lib/python3.7/site-packages/airflow/example_dags/example_time_delta_sensor_async.py
[2023-01-25 22:39:51,492] {processor.py:641} INFO - Processing file /home/airflow/.local/lib/python3.7/site-packages/airflow/example_dags/example_time_delta_sensor_async.py for tasks to queue
[2023-01-25 22:39:51,494] {logging_mixin.py:115} INFO - [2023-01-25 22:39:51,494] {dagbag.py:508} INFO - Filling up the DagBag from /home/airflow/.local/lib/python3.7/site-packages/airflow/example_dags/example_time_delta_sensor_async.py
[2023-01-25 22:39:51,513] {processor.py:651} INFO - DAG(s) dict_keys(['example_time_delta_sensor_async']) retrieved from /home/airflow/.local/lib/python3.7/site-packages/airflow/example_dags/example_time_delta_sensor_async.py
[2023-01-25 22:39:51,768] {logging_mixin.py:115} INFO - [2023-01-25 22:39:51,768] {dag.py:2420} INFO - Sync 1 DAGs
[2023-01-25 22:39:51,848] {logging_mixin.py:115} INFO - [2023-01-25 22:39:51,847] {dag.py:2972} INFO - Setting next_dagrun for example_time_delta_sensor_async to None, run_after=None
[2023-01-25 22:39:51,885] {processor.py:161} INFO - Processing /home/airflow/.local/lib/python3.7/site-packages/airflow/example_dags/example_time_delta_sensor_async.py took 0.415 seconds
[2023-01-25 22:40:22,789] {processor.py:153} INFO - Started process (PID=3424) to work on /home/airflow/.local/lib/python3.7/site-packages/airflow/example_dags/example_time_delta_sensor_async.py
[2023-01-25 22:40:22,791] {processor.py:641} INFO - Processing file /home/airflow/.local/lib/python3.7/site-packages/airflow/example_dags/example_time_delta_sensor_async.py for tasks to queue
[2023-01-25 22:40:22,793] {logging_mixin.py:115} INFO - [2023-01-25 22:40:22,793] {dagbag.py:508} INFO - Filling up the DagBag from /home/airflow/.local/lib/python3.7/site-packages/airflow/example_dags/example_time_delta_sensor_async.py
[2023-01-25 22:40:22,809] {processor.py:651} INFO - DAG(s) dict_keys(['example_time_delta_sensor_async']) retrieved from /home/airflow/.local/lib/python3.7/site-packages/airflow/example_dags/example_time_delta_sensor_async.py
[2023-01-25 22:40:23,087] {logging_mixin.py:115} INFO - [2023-01-25 22:40:23,087] {dag.py:2420} INFO - Sync 1 DAGs
[2023-01-25 22:40:23,177] {logging_mixin.py:115} INFO - [2023-01-25 22:40:23,176] {dag.py:2972} INFO - Setting next_dagrun for example_time_delta_sensor_async to None, run_after=None
[2023-01-25 22:40:23,225] {processor.py:161} INFO - Processing /home/airflow/.local/lib/python3.7/site-packages/airflow/example_dags/example_time_delta_sensor_async.py took 0.443 seconds
[2023-01-25 22:40:54,113] {processor.py:153} INFO - Started process (PID=3530) to work on /home/airflow/.local/lib/python3.7/site-packages/airflow/example_dags/example_time_delta_sensor_async.py
[2023-01-25 22:40:54,115] {processor.py:641} INFO - Processing file /home/airflow/.local/lib/python3.7/site-packages/airflow/example_dags/example_time_delta_sensor_async.py for tasks to queue
[2023-01-25 22:40:54,117] {logging_mixin.py:115} INFO - [2023-01-25 22:40:54,117] {dagbag.py:508} INFO - Filling up the DagBag from /home/airflow/.local/lib/python3.7/site-packages/airflow/example_dags/example_time_delta_sensor_async.py
[2023-01-25 22:40:54,133] {processor.py:651} INFO - DAG(s) dict_keys(['example_time_delta_sensor_async']) retrieved from /home/airflow/.local/lib/python3.7/site-packages/airflow/example_dags/example_time_delta_sensor_async.py
[2023-01-25 22:40:54,400] {logging_mixin.py:115} INFO - [2023-01-25 22:40:54,400] {dag.py:2420} INFO - Sync 1 DAGs
[2023-01-25 22:40:54,493] {logging_mixin.py:115} INFO - [2023-01-25 22:40:54,492] {dag.py:2972} INFO - Setting next_dagrun for example_time_delta_sensor_async to None, run_after=None
[2023-01-25 22:40:54,542] {processor.py:161} INFO - Processing /home/airflow/.local/lib/python3.7/site-packages/airflow/example_dags/example_time_delta_sensor_async.py took 0.437 seconds
[2023-01-25 22:41:27,032] {processor.py:153} INFO - Started process (PID=3643) to work on /home/airflow/.local/lib/python3.7/site-packages/airflow/example_dags/example_time_delta_sensor_async.py
[2023-01-25 22:41:27,034] {processor.py:641} INFO - Processing file /home/airflow/.local/lib/python3.7/site-packages/airflow/example_dags/example_time_delta_sensor_async.py for tasks to queue
[2023-01-25 22:41:27,036] {logging_mixin.py:115} INFO - [2023-01-25 22:41:27,036] {dagbag.py:508} INFO - Filling up the DagBag from /home/airflow/.local/lib/python3.7/site-packages/airflow/example_dags/example_time_delta_sensor_async.py
[2023-01-25 22:41:27,052] {processor.py:651} INFO - DAG(s) dict_keys(['example_time_delta_sensor_async']) retrieved from /home/airflow/.local/lib/python3.7/site-packages/airflow/example_dags/example_time_delta_sensor_async.py
[2023-01-25 22:41:27,336] {logging_mixin.py:115} INFO - [2023-01-25 22:41:27,335] {dag.py:2420} INFO - Sync 1 DAGs
[2023-01-25 22:41:27,427] {logging_mixin.py:115} INFO - [2023-01-25 22:41:27,427] {dag.py:2972} INFO - Setting next_dagrun for example_time_delta_sensor_async to None, run_after=None
[2023-01-25 22:41:27,472] {processor.py:161} INFO - Processing /home/airflow/.local/lib/python3.7/site-packages/airflow/example_dags/example_time_delta_sensor_async.py took 0.447 seconds
[2023-01-25 22:41:59,544] {processor.py:153} INFO - Started process (PID=3763) to work on /home/airflow/.local/lib/python3.7/site-packages/airflow/example_dags/example_time_delta_sensor_async.py
[2023-01-25 22:41:59,546] {processor.py:641} INFO - Processing file /home/airflow/.local/lib/python3.7/site-packages/airflow/example_dags/example_time_delta_sensor_async.py for tasks to queue
[2023-01-25 22:41:59,549] {logging_mixin.py:115} INFO - [2023-01-25 22:41:59,548] {dagbag.py:508} INFO - Filling up the DagBag from /home/airflow/.local/lib/python3.7/site-packages/airflow/example_dags/example_time_delta_sensor_async.py
[2023-01-25 22:41:59,568] {processor.py:651} INFO - DAG(s) dict_keys(['example_time_delta_sensor_async']) retrieved from /home/airflow/.local/lib/python3.7/site-packages/airflow/example_dags/example_time_delta_sensor_async.py
[2023-01-25 22:41:59,897] {logging_mixin.py:115} INFO - [2023-01-25 22:41:59,897] {dag.py:2420} INFO - Sync 1 DAGs
[2023-01-25 22:42:00,032] {logging_mixin.py:115} INFO - [2023-01-25 22:42:00,031] {dag.py:2972} INFO - Setting next_dagrun for example_time_delta_sensor_async to None, run_after=None
[2023-01-25 22:42:00,085] {processor.py:161} INFO - Processing /home/airflow/.local/lib/python3.7/site-packages/airflow/example_dags/example_time_delta_sensor_async.py took 0.550 seconds
[2023-01-25 22:42:31,712] {processor.py:153} INFO - Started process (PID=3876) to work on /home/airflow/.local/lib/python3.7/site-packages/airflow/example_dags/example_time_delta_sensor_async.py
[2023-01-25 22:42:31,714] {processor.py:641} INFO - Processing file /home/airflow/.local/lib/python3.7/site-packages/airflow/example_dags/example_time_delta_sensor_async.py for tasks to queue
[2023-01-25 22:42:31,716] {logging_mixin.py:115} INFO - [2023-01-25 22:42:31,716] {dagbag.py:508} INFO - Filling up the DagBag from /home/airflow/.local/lib/python3.7/site-packages/airflow/example_dags/example_time_delta_sensor_async.py
[2023-01-25 22:42:31,737] {processor.py:651} INFO - DAG(s) dict_keys(['example_time_delta_sensor_async']) retrieved from /home/airflow/.local/lib/python3.7/site-packages/airflow/example_dags/example_time_delta_sensor_async.py
[2023-01-25 22:42:32,045] {logging_mixin.py:115} INFO - [2023-01-25 22:42:32,045] {dag.py:2420} INFO - Sync 1 DAGs
[2023-01-25 22:42:32,150] {logging_mixin.py:115} INFO - [2023-01-25 22:42:32,150] {dag.py:2972} INFO - Setting next_dagrun for example_time_delta_sensor_async to None, run_after=None
[2023-01-25 22:42:32,214] {processor.py:161} INFO - Processing /home/airflow/.local/lib/python3.7/site-packages/airflow/example_dags/example_time_delta_sensor_async.py took 0.511 seconds
[2023-01-25 22:43:03,042] {processor.py:153} INFO - Started process (PID=3976) to work on /home/airflow/.local/lib/python3.7/site-packages/airflow/example_dags/example_time_delta_sensor_async.py
[2023-01-25 22:43:03,046] {processor.py:641} INFO - Processing file /home/airflow/.local/lib/python3.7/site-packages/airflow/example_dags/example_time_delta_sensor_async.py for tasks to queue
[2023-01-25 22:43:03,052] {logging_mixin.py:115} INFO - [2023-01-25 22:43:03,051] {dagbag.py:508} INFO - Filling up the DagBag from /home/airflow/.local/lib/python3.7/site-packages/airflow/example_dags/example_time_delta_sensor_async.py
[2023-01-25 22:43:03,091] {processor.py:651} INFO - DAG(s) dict_keys(['example_time_delta_sensor_async']) retrieved from /home/airflow/.local/lib/python3.7/site-packages/airflow/example_dags/example_time_delta_sensor_async.py
[2023-01-25 22:43:03,516] {logging_mixin.py:115} INFO - [2023-01-25 22:43:03,515] {dag.py:2420} INFO - Sync 1 DAGs
[2023-01-25 22:43:03,616] {logging_mixin.py:115} INFO - [2023-01-25 22:43:03,615] {dag.py:2972} INFO - Setting next_dagrun for example_time_delta_sensor_async to None, run_after=None
[2023-01-25 22:43:03,666] {processor.py:161} INFO - Processing /home/airflow/.local/lib/python3.7/site-packages/airflow/example_dags/example_time_delta_sensor_async.py took 0.639 seconds
[2023-01-25 22:43:35,727] {processor.py:153} INFO - Started process (PID=4088) to work on /home/airflow/.local/lib/python3.7/site-packages/airflow/example_dags/example_time_delta_sensor_async.py
[2023-01-25 22:43:35,729] {processor.py:641} INFO - Processing file /home/airflow/.local/lib/python3.7/site-packages/airflow/example_dags/example_time_delta_sensor_async.py for tasks to queue
[2023-01-25 22:43:35,732] {logging_mixin.py:115} INFO - [2023-01-25 22:43:35,731] {dagbag.py:508} INFO - Filling up the DagBag from /home/airflow/.local/lib/python3.7/site-packages/airflow/example_dags/example_time_delta_sensor_async.py
[2023-01-25 22:43:35,750] {processor.py:651} INFO - DAG(s) dict_keys(['example_time_delta_sensor_async']) retrieved from /home/airflow/.local/lib/python3.7/site-packages/airflow/example_dags/example_time_delta_sensor_async.py
[2023-01-25 22:43:36,114] {logging_mixin.py:115} INFO - [2023-01-25 22:43:36,114] {dag.py:2420} INFO - Sync 1 DAGs
[2023-01-25 22:43:36,217] {logging_mixin.py:115} INFO - [2023-01-25 22:43:36,216] {dag.py:2972} INFO - Setting next_dagrun for example_time_delta_sensor_async to None, run_after=None
[2023-01-25 22:43:36,255] {processor.py:161} INFO - Processing /home/airflow/.local/lib/python3.7/site-packages/airflow/example_dags/example_time_delta_sensor_async.py took 0.537 seconds
[2023-01-25 22:44:08,332] {processor.py:153} INFO - Started process (PID=4202) to work on /home/airflow/.local/lib/python3.7/site-packages/airflow/example_dags/example_time_delta_sensor_async.py
[2023-01-25 22:44:08,334] {processor.py:641} INFO - Processing file /home/airflow/.local/lib/python3.7/site-packages/airflow/example_dags/example_time_delta_sensor_async.py for tasks to queue
[2023-01-25 22:44:08,337] {logging_mixin.py:115} INFO - [2023-01-25 22:44:08,336] {dagbag.py:508} INFO - Filling up the DagBag from /home/airflow/.local/lib/python3.7/site-packages/airflow/example_dags/example_time_delta_sensor_async.py
[2023-01-25 22:44:08,355] {processor.py:651} INFO - DAG(s) dict_keys(['example_time_delta_sensor_async']) retrieved from /home/airflow/.local/lib/python3.7/site-packages/airflow/example_dags/example_time_delta_sensor_async.py
[2023-01-25 22:44:08,658] {logging_mixin.py:115} INFO - [2023-01-25 22:44:08,658] {dag.py:2420} INFO - Sync 1 DAGs
[2023-01-25 22:44:08,754] {logging_mixin.py:115} INFO - [2023-01-25 22:44:08,754] {dag.py:2972} INFO - Setting next_dagrun for example_time_delta_sensor_async to None, run_after=None
[2023-01-25 22:44:08,794] {processor.py:161} INFO - Processing /home/airflow/.local/lib/python3.7/site-packages/airflow/example_dags/example_time_delta_sensor_async.py took 0.473 seconds
[2023-01-25 22:44:40,300] {processor.py:153} INFO - Started process (PID=4312) to work on /home/airflow/.local/lib/python3.7/site-packages/airflow/example_dags/example_time_delta_sensor_async.py
[2023-01-25 22:44:40,301] {processor.py:641} INFO - Processing file /home/airflow/.local/lib/python3.7/site-packages/airflow/example_dags/example_time_delta_sensor_async.py for tasks to queue
[2023-01-25 22:44:40,304] {logging_mixin.py:115} INFO - [2023-01-25 22:44:40,303] {dagbag.py:508} INFO - Filling up the DagBag from /home/airflow/.local/lib/python3.7/site-packages/airflow/example_dags/example_time_delta_sensor_async.py
[2023-01-25 22:44:40,319] {processor.py:651} INFO - DAG(s) dict_keys(['example_time_delta_sensor_async']) retrieved from /home/airflow/.local/lib/python3.7/site-packages/airflow/example_dags/example_time_delta_sensor_async.py
[2023-01-25 22:44:40,582] {logging_mixin.py:115} INFO - [2023-01-25 22:44:40,582] {dag.py:2420} INFO - Sync 1 DAGs
[2023-01-25 22:44:40,672] {logging_mixin.py:115} INFO - [2023-01-25 22:44:40,672] {dag.py:2972} INFO - Setting next_dagrun for example_time_delta_sensor_async to None, run_after=None
[2023-01-25 22:44:40,710] {processor.py:161} INFO - Processing /home/airflow/.local/lib/python3.7/site-packages/airflow/example_dags/example_time_delta_sensor_async.py took 0.419 seconds
[2023-01-25 22:45:11,386] {processor.py:153} INFO - Started process (PID=4426) to work on /home/airflow/.local/lib/python3.7/site-packages/airflow/example_dags/example_time_delta_sensor_async.py
[2023-01-25 22:45:11,388] {processor.py:641} INFO - Processing file /home/airflow/.local/lib/python3.7/site-packages/airflow/example_dags/example_time_delta_sensor_async.py for tasks to queue
[2023-01-25 22:45:11,391] {logging_mixin.py:115} INFO - [2023-01-25 22:45:11,390] {dagbag.py:508} INFO - Filling up the DagBag from /home/airflow/.local/lib/python3.7/site-packages/airflow/example_dags/example_time_delta_sensor_async.py
[2023-01-25 22:45:11,407] {processor.py:651} INFO - DAG(s) dict_keys(['example_time_delta_sensor_async']) retrieved from /home/airflow/.local/lib/python3.7/site-packages/airflow/example_dags/example_time_delta_sensor_async.py
[2023-01-25 22:45:11,688] {logging_mixin.py:115} INFO - [2023-01-25 22:45:11,688] {dag.py:2420} INFO - Sync 1 DAGs
[2023-01-25 22:45:11,783] {logging_mixin.py:115} INFO - [2023-01-25 22:45:11,782] {dag.py:2972} INFO - Setting next_dagrun for example_time_delta_sensor_async to None, run_after=None
[2023-01-25 22:45:11,818] {processor.py:161} INFO - Processing /home/airflow/.local/lib/python3.7/site-packages/airflow/example_dags/example_time_delta_sensor_async.py took 0.439 seconds
[2023-01-25 22:45:41,981] {processor.py:153} INFO - Started process (PID=4536) to work on /home/airflow/.local/lib/python3.7/site-packages/airflow/example_dags/example_time_delta_sensor_async.py
[2023-01-25 22:45:41,982] {processor.py:641} INFO - Processing file /home/airflow/.local/lib/python3.7/site-packages/airflow/example_dags/example_time_delta_sensor_async.py for tasks to queue
[2023-01-25 22:45:41,985] {logging_mixin.py:115} INFO - [2023-01-25 22:45:41,984] {dagbag.py:508} INFO - Filling up the DagBag from /home/airflow/.local/lib/python3.7/site-packages/airflow/example_dags/example_time_delta_sensor_async.py
[2023-01-25 22:45:42,001] {processor.py:651} INFO - DAG(s) dict_keys(['example_time_delta_sensor_async']) retrieved from /home/airflow/.local/lib/python3.7/site-packages/airflow/example_dags/example_time_delta_sensor_async.py
[2023-01-25 22:45:42,281] {logging_mixin.py:115} INFO - [2023-01-25 22:45:42,281] {dag.py:2420} INFO - Sync 1 DAGs
[2023-01-25 22:45:42,379] {logging_mixin.py:115} INFO - [2023-01-25 22:45:42,378] {dag.py:2972} INFO - Setting next_dagrun for example_time_delta_sensor_async to None, run_after=None
[2023-01-25 22:45:42,417] {processor.py:161} INFO - Processing /home/airflow/.local/lib/python3.7/site-packages/airflow/example_dags/example_time_delta_sensor_async.py took 0.444 seconds
[2023-01-25 22:46:12,477] {processor.py:153} INFO - Started process (PID=4648) to work on /home/airflow/.local/lib/python3.7/site-packages/airflow/example_dags/example_time_delta_sensor_async.py
[2023-01-25 22:46:12,480] {processor.py:641} INFO - Processing file /home/airflow/.local/lib/python3.7/site-packages/airflow/example_dags/example_time_delta_sensor_async.py for tasks to queue
[2023-01-25 22:46:12,481] {logging_mixin.py:115} INFO - [2023-01-25 22:46:12,481] {dagbag.py:508} INFO - Filling up the DagBag from /home/airflow/.local/lib/python3.7/site-packages/airflow/example_dags/example_time_delta_sensor_async.py
[2023-01-25 22:46:12,498] {processor.py:651} INFO - DAG(s) dict_keys(['example_time_delta_sensor_async']) retrieved from /home/airflow/.local/lib/python3.7/site-packages/airflow/example_dags/example_time_delta_sensor_async.py
[2023-01-25 22:46:12,764] {logging_mixin.py:115} INFO - [2023-01-25 22:46:12,764] {dag.py:2420} INFO - Sync 1 DAGs
[2023-01-25 22:46:12,858] {logging_mixin.py:115} INFO - [2023-01-25 22:46:12,858] {dag.py:2972} INFO - Setting next_dagrun for example_time_delta_sensor_async to None, run_after=None
[2023-01-25 22:46:12,897] {processor.py:161} INFO - Processing /home/airflow/.local/lib/python3.7/site-packages/airflow/example_dags/example_time_delta_sensor_async.py took 0.427 seconds
[2023-01-25 22:46:43,072] {processor.py:153} INFO - Started process (PID=4765) to work on /home/airflow/.local/lib/python3.7/site-packages/airflow/example_dags/example_time_delta_sensor_async.py
[2023-01-25 22:46:43,075] {processor.py:641} INFO - Processing file /home/airflow/.local/lib/python3.7/site-packages/airflow/example_dags/example_time_delta_sensor_async.py for tasks to queue
[2023-01-25 22:46:43,077] {logging_mixin.py:115} INFO - [2023-01-25 22:46:43,077] {dagbag.py:508} INFO - Filling up the DagBag from /home/airflow/.local/lib/python3.7/site-packages/airflow/example_dags/example_time_delta_sensor_async.py
[2023-01-25 22:46:43,098] {processor.py:651} INFO - DAG(s) dict_keys(['example_time_delta_sensor_async']) retrieved from /home/airflow/.local/lib/python3.7/site-packages/airflow/example_dags/example_time_delta_sensor_async.py
[2023-01-25 22:46:43,440] {logging_mixin.py:115} INFO - [2023-01-25 22:46:43,440] {dag.py:2420} INFO - Sync 1 DAGs
[2023-01-25 22:46:43,543] {logging_mixin.py:115} INFO - [2023-01-25 22:46:43,543] {dag.py:2972} INFO - Setting next_dagrun for example_time_delta_sensor_async to None, run_after=None
[2023-01-25 22:46:43,583] {processor.py:161} INFO - Processing /home/airflow/.local/lib/python3.7/site-packages/airflow/example_dags/example_time_delta_sensor_async.py took 0.519 seconds
[2023-01-25 22:47:13,719] {processor.py:153} INFO - Started process (PID=4879) to work on /home/airflow/.local/lib/python3.7/site-packages/airflow/example_dags/example_time_delta_sensor_async.py
[2023-01-25 22:47:13,721] {processor.py:641} INFO - Processing file /home/airflow/.local/lib/python3.7/site-packages/airflow/example_dags/example_time_delta_sensor_async.py for tasks to queue
[2023-01-25 22:47:13,723] {logging_mixin.py:115} INFO - [2023-01-25 22:47:13,723] {dagbag.py:508} INFO - Filling up the DagBag from /home/airflow/.local/lib/python3.7/site-packages/airflow/example_dags/example_time_delta_sensor_async.py
[2023-01-25 22:47:13,740] {processor.py:651} INFO - DAG(s) dict_keys(['example_time_delta_sensor_async']) retrieved from /home/airflow/.local/lib/python3.7/site-packages/airflow/example_dags/example_time_delta_sensor_async.py
[2023-01-25 22:47:14,039] {logging_mixin.py:115} INFO - [2023-01-25 22:47:14,038] {dag.py:2420} INFO - Sync 1 DAGs
[2023-01-25 22:47:14,143] {logging_mixin.py:115} INFO - [2023-01-25 22:47:14,143] {dag.py:2972} INFO - Setting next_dagrun for example_time_delta_sensor_async to None, run_after=None
[2023-01-25 22:47:14,181] {processor.py:161} INFO - Processing /home/airflow/.local/lib/python3.7/site-packages/airflow/example_dags/example_time_delta_sensor_async.py took 0.471 seconds
[2023-01-25 22:47:45,027] {processor.py:153} INFO - Started process (PID=4993) to work on /home/airflow/.local/lib/python3.7/site-packages/airflow/example_dags/example_time_delta_sensor_async.py
[2023-01-25 22:47:45,030] {processor.py:641} INFO - Processing file /home/airflow/.local/lib/python3.7/site-packages/airflow/example_dags/example_time_delta_sensor_async.py for tasks to queue
[2023-01-25 22:47:45,032] {logging_mixin.py:115} INFO - [2023-01-25 22:47:45,032] {dagbag.py:508} INFO - Filling up the DagBag from /home/airflow/.local/lib/python3.7/site-packages/airflow/example_dags/example_time_delta_sensor_async.py
[2023-01-25 22:47:45,051] {processor.py:651} INFO - DAG(s) dict_keys(['example_time_delta_sensor_async']) retrieved from /home/airflow/.local/lib/python3.7/site-packages/airflow/example_dags/example_time_delta_sensor_async.py
[2023-01-25 22:47:45,394] {logging_mixin.py:115} INFO - [2023-01-25 22:47:45,394] {dag.py:2420} INFO - Sync 1 DAGs
[2023-01-25 22:47:45,550] {logging_mixin.py:115} INFO - [2023-01-25 22:47:45,550] {dag.py:2972} INFO - Setting next_dagrun for example_time_delta_sensor_async to None, run_after=None
[2023-01-25 22:47:45,604] {processor.py:161} INFO - Processing /home/airflow/.local/lib/python3.7/site-packages/airflow/example_dags/example_time_delta_sensor_async.py took 0.585 seconds
[2023-01-25 22:48:15,811] {processor.py:153} INFO - Started process (PID=5108) to work on /home/airflow/.local/lib/python3.7/site-packages/airflow/example_dags/example_time_delta_sensor_async.py
[2023-01-25 22:48:15,813] {processor.py:641} INFO - Processing file /home/airflow/.local/lib/python3.7/site-packages/airflow/example_dags/example_time_delta_sensor_async.py for tasks to queue
[2023-01-25 22:48:15,815] {logging_mixin.py:115} INFO - [2023-01-25 22:48:15,815] {dagbag.py:508} INFO - Filling up the DagBag from /home/airflow/.local/lib/python3.7/site-packages/airflow/example_dags/example_time_delta_sensor_async.py
[2023-01-25 22:48:15,831] {processor.py:651} INFO - DAG(s) dict_keys(['example_time_delta_sensor_async']) retrieved from /home/airflow/.local/lib/python3.7/site-packages/airflow/example_dags/example_time_delta_sensor_async.py
[2023-01-25 22:48:16,124] {logging_mixin.py:115} INFO - [2023-01-25 22:48:16,123] {dag.py:2420} INFO - Sync 1 DAGs
[2023-01-25 22:48:16,238] {logging_mixin.py:115} INFO - [2023-01-25 22:48:16,238] {dag.py:2972} INFO - Setting next_dagrun for example_time_delta_sensor_async to None, run_after=None
[2023-01-25 22:48:16,273] {processor.py:161} INFO - Processing /home/airflow/.local/lib/python3.7/site-packages/airflow/example_dags/example_time_delta_sensor_async.py took 0.472 seconds
[2023-01-25 22:48:46,330] {processor.py:153} INFO - Started process (PID=5220) to work on /home/airflow/.local/lib/python3.7/site-packages/airflow/example_dags/example_time_delta_sensor_async.py
[2023-01-25 22:48:46,332] {processor.py:641} INFO - Processing file /home/airflow/.local/lib/python3.7/site-packages/airflow/example_dags/example_time_delta_sensor_async.py for tasks to queue
[2023-01-25 22:48:46,335] {logging_mixin.py:115} INFO - [2023-01-25 22:48:46,334] {dagbag.py:508} INFO - Filling up the DagBag from /home/airflow/.local/lib/python3.7/site-packages/airflow/example_dags/example_time_delta_sensor_async.py
[2023-01-25 22:48:46,352] {processor.py:651} INFO - DAG(s) dict_keys(['example_time_delta_sensor_async']) retrieved from /home/airflow/.local/lib/python3.7/site-packages/airflow/example_dags/example_time_delta_sensor_async.py
[2023-01-25 22:48:46,618] {logging_mixin.py:115} INFO - [2023-01-25 22:48:46,618] {dag.py:2420} INFO - Sync 1 DAGs
[2023-01-25 22:48:46,709] {logging_mixin.py:115} INFO - [2023-01-25 22:48:46,709] {dag.py:2972} INFO - Setting next_dagrun for example_time_delta_sensor_async to None, run_after=None
[2023-01-25 22:48:46,753] {processor.py:161} INFO - Processing /home/airflow/.local/lib/python3.7/site-packages/airflow/example_dags/example_time_delta_sensor_async.py took 0.432 seconds
[2023-01-25 22:49:17,308] {processor.py:153} INFO - Started process (PID=5334) to work on /home/airflow/.local/lib/python3.7/site-packages/airflow/example_dags/example_time_delta_sensor_async.py
[2023-01-25 22:49:17,314] {processor.py:641} INFO - Processing file /home/airflow/.local/lib/python3.7/site-packages/airflow/example_dags/example_time_delta_sensor_async.py for tasks to queue
[2023-01-25 22:49:17,318] {logging_mixin.py:115} INFO - [2023-01-25 22:49:17,317] {dagbag.py:508} INFO - Filling up the DagBag from /home/airflow/.local/lib/python3.7/site-packages/airflow/example_dags/example_time_delta_sensor_async.py
[2023-01-25 22:49:17,340] {processor.py:651} INFO - DAG(s) dict_keys(['example_time_delta_sensor_async']) retrieved from /home/airflow/.local/lib/python3.7/site-packages/airflow/example_dags/example_time_delta_sensor_async.py
[2023-01-25 22:49:17,615] {logging_mixin.py:115} INFO - [2023-01-25 22:49:17,614] {dag.py:2420} INFO - Sync 1 DAGs
[2023-01-25 22:49:17,697] {logging_mixin.py:115} INFO - [2023-01-25 22:49:17,697] {dag.py:2972} INFO - Setting next_dagrun for example_time_delta_sensor_async to None, run_after=None
[2023-01-25 22:49:17,729] {processor.py:161} INFO - Processing /home/airflow/.local/lib/python3.7/site-packages/airflow/example_dags/example_time_delta_sensor_async.py took 0.431 seconds
[2023-01-25 22:49:48,377] {processor.py:153} INFO - Started process (PID=5448) to work on /home/airflow/.local/lib/python3.7/site-packages/airflow/example_dags/example_time_delta_sensor_async.py
[2023-01-25 22:49:48,380] {processor.py:641} INFO - Processing file /home/airflow/.local/lib/python3.7/site-packages/airflow/example_dags/example_time_delta_sensor_async.py for tasks to queue
[2023-01-25 22:49:48,382] {logging_mixin.py:115} INFO - [2023-01-25 22:49:48,382] {dagbag.py:508} INFO - Filling up the DagBag from /home/airflow/.local/lib/python3.7/site-packages/airflow/example_dags/example_time_delta_sensor_async.py
[2023-01-25 22:49:48,405] {processor.py:651} INFO - DAG(s) dict_keys(['example_time_delta_sensor_async']) retrieved from /home/airflow/.local/lib/python3.7/site-packages/airflow/example_dags/example_time_delta_sensor_async.py
[2023-01-25 22:49:48,715] {logging_mixin.py:115} INFO - [2023-01-25 22:49:48,714] {dag.py:2420} INFO - Sync 1 DAGs
[2023-01-25 22:49:48,802] {logging_mixin.py:115} INFO - [2023-01-25 22:49:48,801] {dag.py:2972} INFO - Setting next_dagrun for example_time_delta_sensor_async to None, run_after=None
[2023-01-25 22:49:48,835] {processor.py:161} INFO - Processing /home/airflow/.local/lib/python3.7/site-packages/airflow/example_dags/example_time_delta_sensor_async.py took 0.474 seconds
[2023-01-25 22:50:18,985] {processor.py:153} INFO - Started process (PID=5562) to work on /home/airflow/.local/lib/python3.7/site-packages/airflow/example_dags/example_time_delta_sensor_async.py
[2023-01-25 22:50:18,988] {processor.py:641} INFO - Processing file /home/airflow/.local/lib/python3.7/site-packages/airflow/example_dags/example_time_delta_sensor_async.py for tasks to queue
[2023-01-25 22:50:18,990] {logging_mixin.py:115} INFO - [2023-01-25 22:50:18,990] {dagbag.py:508} INFO - Filling up the DagBag from /home/airflow/.local/lib/python3.7/site-packages/airflow/example_dags/example_time_delta_sensor_async.py
[2023-01-25 22:50:19,006] {processor.py:651} INFO - DAG(s) dict_keys(['example_time_delta_sensor_async']) retrieved from /home/airflow/.local/lib/python3.7/site-packages/airflow/example_dags/example_time_delta_sensor_async.py
[2023-01-25 22:50:19,278] {logging_mixin.py:115} INFO - [2023-01-25 22:50:19,278] {dag.py:2420} INFO - Sync 1 DAGs
[2023-01-25 22:50:19,367] {logging_mixin.py:115} INFO - [2023-01-25 22:50:19,366] {dag.py:2972} INFO - Setting next_dagrun for example_time_delta_sensor_async to None, run_after=None
[2023-01-25 22:50:19,405] {processor.py:161} INFO - Processing /home/airflow/.local/lib/python3.7/site-packages/airflow/example_dags/example_time_delta_sensor_async.py took 0.428 seconds
[2023-01-25 22:50:49,757] {processor.py:153} INFO - Started process (PID=5677) to work on /home/airflow/.local/lib/python3.7/site-packages/airflow/example_dags/example_time_delta_sensor_async.py
[2023-01-25 22:50:49,760] {processor.py:641} INFO - Processing file /home/airflow/.local/lib/python3.7/site-packages/airflow/example_dags/example_time_delta_sensor_async.py for tasks to queue
[2023-01-25 22:50:49,762] {logging_mixin.py:115} INFO - [2023-01-25 22:50:49,761] {dagbag.py:508} INFO - Filling up the DagBag from /home/airflow/.local/lib/python3.7/site-packages/airflow/example_dags/example_time_delta_sensor_async.py
[2023-01-25 22:50:49,778] {processor.py:651} INFO - DAG(s) dict_keys(['example_time_delta_sensor_async']) retrieved from /home/airflow/.local/lib/python3.7/site-packages/airflow/example_dags/example_time_delta_sensor_async.py
[2023-01-25 22:50:50,059] {logging_mixin.py:115} INFO - [2023-01-25 22:50:50,059] {dag.py:2420} INFO - Sync 1 DAGs
[2023-01-25 22:50:50,149] {logging_mixin.py:115} INFO - [2023-01-25 22:50:50,149] {dag.py:2972} INFO - Setting next_dagrun for example_time_delta_sensor_async to None, run_after=None
[2023-01-25 22:50:50,184] {processor.py:161} INFO - Processing /home/airflow/.local/lib/python3.7/site-packages/airflow/example_dags/example_time_delta_sensor_async.py took 0.436 seconds
[2023-01-25 22:51:20,587] {processor.py:153} INFO - Started process (PID=5791) to work on /home/airflow/.local/lib/python3.7/site-packages/airflow/example_dags/example_time_delta_sensor_async.py
[2023-01-25 22:51:20,589] {processor.py:641} INFO - Processing file /home/airflow/.local/lib/python3.7/site-packages/airflow/example_dags/example_time_delta_sensor_async.py for tasks to queue
[2023-01-25 22:51:20,592] {logging_mixin.py:115} INFO - [2023-01-25 22:51:20,591] {dagbag.py:508} INFO - Filling up the DagBag from /home/airflow/.local/lib/python3.7/site-packages/airflow/example_dags/example_time_delta_sensor_async.py
[2023-01-25 22:51:20,613] {processor.py:651} INFO - DAG(s) dict_keys(['example_time_delta_sensor_async']) retrieved from /home/airflow/.local/lib/python3.7/site-packages/airflow/example_dags/example_time_delta_sensor_async.py
[2023-01-25 22:51:21,061] {logging_mixin.py:115} INFO - [2023-01-25 22:51:21,060] {dag.py:2420} INFO - Sync 1 DAGs
[2023-01-25 22:51:21,175] {logging_mixin.py:115} INFO - [2023-01-25 22:51:21,175] {dag.py:2972} INFO - Setting next_dagrun for example_time_delta_sensor_async to None, run_after=None
[2023-01-25 22:51:21,220] {processor.py:161} INFO - Processing /home/airflow/.local/lib/python3.7/site-packages/airflow/example_dags/example_time_delta_sensor_async.py took 0.642 seconds
[2023-01-25 22:51:51,395] {processor.py:153} INFO - Started process (PID=5907) to work on /home/airflow/.local/lib/python3.7/site-packages/airflow/example_dags/example_time_delta_sensor_async.py
[2023-01-25 22:51:51,396] {processor.py:641} INFO - Processing file /home/airflow/.local/lib/python3.7/site-packages/airflow/example_dags/example_time_delta_sensor_async.py for tasks to queue
[2023-01-25 22:51:51,399] {logging_mixin.py:115} INFO - [2023-01-25 22:51:51,398] {dagbag.py:508} INFO - Filling up the DagBag from /home/airflow/.local/lib/python3.7/site-packages/airflow/example_dags/example_time_delta_sensor_async.py
[2023-01-25 22:51:51,414] {processor.py:651} INFO - DAG(s) dict_keys(['example_time_delta_sensor_async']) retrieved from /home/airflow/.local/lib/python3.7/site-packages/airflow/example_dags/example_time_delta_sensor_async.py
[2023-01-25 22:51:51,688] {logging_mixin.py:115} INFO - [2023-01-25 22:51:51,687] {dag.py:2420} INFO - Sync 1 DAGs
[2023-01-25 22:51:51,772] {logging_mixin.py:115} INFO - [2023-01-25 22:51:51,772] {dag.py:2972} INFO - Setting next_dagrun for example_time_delta_sensor_async to None, run_after=None
[2023-01-25 22:51:51,806] {processor.py:161} INFO - Processing /home/airflow/.local/lib/python3.7/site-packages/airflow/example_dags/example_time_delta_sensor_async.py took 0.418 seconds
[2023-01-25 22:52:23,023] {processor.py:153} INFO - Started process (PID=6019) to work on /home/airflow/.local/lib/python3.7/site-packages/airflow/example_dags/example_time_delta_sensor_async.py
[2023-01-25 22:52:23,024] {processor.py:641} INFO - Processing file /home/airflow/.local/lib/python3.7/site-packages/airflow/example_dags/example_time_delta_sensor_async.py for tasks to queue
[2023-01-25 22:52:23,027] {logging_mixin.py:115} INFO - [2023-01-25 22:52:23,026] {dagbag.py:508} INFO - Filling up the DagBag from /home/airflow/.local/lib/python3.7/site-packages/airflow/example_dags/example_time_delta_sensor_async.py
[2023-01-25 22:52:23,043] {processor.py:651} INFO - DAG(s) dict_keys(['example_time_delta_sensor_async']) retrieved from /home/airflow/.local/lib/python3.7/site-packages/airflow/example_dags/example_time_delta_sensor_async.py
[2023-01-25 22:52:23,311] {logging_mixin.py:115} INFO - [2023-01-25 22:52:23,311] {dag.py:2420} INFO - Sync 1 DAGs
[2023-01-25 22:52:23,405] {logging_mixin.py:115} INFO - [2023-01-25 22:52:23,405] {dag.py:2972} INFO - Setting next_dagrun for example_time_delta_sensor_async to None, run_after=None
[2023-01-25 22:52:23,441] {processor.py:161} INFO - Processing /home/airflow/.local/lib/python3.7/site-packages/airflow/example_dags/example_time_delta_sensor_async.py took 0.426 seconds
[2023-01-25 22:52:53,741] {processor.py:153} INFO - Started process (PID=6129) to work on /home/airflow/.local/lib/python3.7/site-packages/airflow/example_dags/example_time_delta_sensor_async.py
[2023-01-25 22:52:53,743] {processor.py:641} INFO - Processing file /home/airflow/.local/lib/python3.7/site-packages/airflow/example_dags/example_time_delta_sensor_async.py for tasks to queue
[2023-01-25 22:52:53,746] {logging_mixin.py:115} INFO - [2023-01-25 22:52:53,745] {dagbag.py:508} INFO - Filling up the DagBag from /home/airflow/.local/lib/python3.7/site-packages/airflow/example_dags/example_time_delta_sensor_async.py
[2023-01-25 22:52:53,765] {processor.py:651} INFO - DAG(s) dict_keys(['example_time_delta_sensor_async']) retrieved from /home/airflow/.local/lib/python3.7/site-packages/airflow/example_dags/example_time_delta_sensor_async.py
[2023-01-25 22:52:54,097] {logging_mixin.py:115} INFO - [2023-01-25 22:52:54,096] {dag.py:2420} INFO - Sync 1 DAGs
[2023-01-25 22:52:54,222] {logging_mixin.py:115} INFO - [2023-01-25 22:52:54,222] {dag.py:2972} INFO - Setting next_dagrun for example_time_delta_sensor_async to None, run_after=None
[2023-01-25 22:52:54,271] {processor.py:161} INFO - Processing /home/airflow/.local/lib/python3.7/site-packages/airflow/example_dags/example_time_delta_sensor_async.py took 0.541 seconds
[2023-01-25 22:53:24,806] {processor.py:153} INFO - Started process (PID=6240) to work on /home/airflow/.local/lib/python3.7/site-packages/airflow/example_dags/example_time_delta_sensor_async.py
[2023-01-25 22:53:24,808] {processor.py:641} INFO - Processing file /home/airflow/.local/lib/python3.7/site-packages/airflow/example_dags/example_time_delta_sensor_async.py for tasks to queue
[2023-01-25 22:53:24,810] {logging_mixin.py:115} INFO - [2023-01-25 22:53:24,810] {dagbag.py:508} INFO - Filling up the DagBag from /home/airflow/.local/lib/python3.7/site-packages/airflow/example_dags/example_time_delta_sensor_async.py
[2023-01-25 22:53:24,826] {processor.py:651} INFO - DAG(s) dict_keys(['example_time_delta_sensor_async']) retrieved from /home/airflow/.local/lib/python3.7/site-packages/airflow/example_dags/example_time_delta_sensor_async.py
[2023-01-25 22:53:25,084] {logging_mixin.py:115} INFO - [2023-01-25 22:53:25,084] {dag.py:2420} INFO - Sync 1 DAGs
[2023-01-25 22:53:25,178] {logging_mixin.py:115} INFO - [2023-01-25 22:53:25,178] {dag.py:2972} INFO - Setting next_dagrun for example_time_delta_sensor_async to None, run_after=None
[2023-01-25 22:53:25,212] {processor.py:161} INFO - Processing /home/airflow/.local/lib/python3.7/site-packages/airflow/example_dags/example_time_delta_sensor_async.py took 0.414 seconds
[2023-01-25 22:53:55,261] {processor.py:153} INFO - Started process (PID=6350) to work on /home/airflow/.local/lib/python3.7/site-packages/airflow/example_dags/example_time_delta_sensor_async.py
[2023-01-25 22:53:55,264] {processor.py:641} INFO - Processing file /home/airflow/.local/lib/python3.7/site-packages/airflow/example_dags/example_time_delta_sensor_async.py for tasks to queue
[2023-01-25 22:53:55,267] {logging_mixin.py:115} INFO - [2023-01-25 22:53:55,267] {dagbag.py:508} INFO - Filling up the DagBag from /home/airflow/.local/lib/python3.7/site-packages/airflow/example_dags/example_time_delta_sensor_async.py
[2023-01-25 22:53:55,284] {processor.py:651} INFO - DAG(s) dict_keys(['example_time_delta_sensor_async']) retrieved from /home/airflow/.local/lib/python3.7/site-packages/airflow/example_dags/example_time_delta_sensor_async.py
[2023-01-25 22:53:55,546] {logging_mixin.py:115} INFO - [2023-01-25 22:53:55,545] {dag.py:2420} INFO - Sync 1 DAGs
[2023-01-25 22:53:55,641] {logging_mixin.py:115} INFO - [2023-01-25 22:53:55,641] {dag.py:2972} INFO - Setting next_dagrun for example_time_delta_sensor_async to None, run_after=None
[2023-01-25 22:53:55,679] {processor.py:161} INFO - Processing /home/airflow/.local/lib/python3.7/site-packages/airflow/example_dags/example_time_delta_sensor_async.py took 0.426 seconds
[2023-01-25 22:54:26,675] {processor.py:153} INFO - Started process (PID=6462) to work on /home/airflow/.local/lib/python3.7/site-packages/airflow/example_dags/example_time_delta_sensor_async.py
[2023-01-25 22:54:26,678] {processor.py:641} INFO - Processing file /home/airflow/.local/lib/python3.7/site-packages/airflow/example_dags/example_time_delta_sensor_async.py for tasks to queue
[2023-01-25 22:54:26,680] {logging_mixin.py:115} INFO - [2023-01-25 22:54:26,680] {dagbag.py:508} INFO - Filling up the DagBag from /home/airflow/.local/lib/python3.7/site-packages/airflow/example_dags/example_time_delta_sensor_async.py
[2023-01-25 22:54:26,698] {processor.py:651} INFO - DAG(s) dict_keys(['example_time_delta_sensor_async']) retrieved from /home/airflow/.local/lib/python3.7/site-packages/airflow/example_dags/example_time_delta_sensor_async.py
[2023-01-25 22:54:26,986] {logging_mixin.py:115} INFO - [2023-01-25 22:54:26,986] {dag.py:2420} INFO - Sync 1 DAGs
[2023-01-25 22:54:27,083] {logging_mixin.py:115} INFO - [2023-01-25 22:54:27,082] {dag.py:2972} INFO - Setting next_dagrun for example_time_delta_sensor_async to None, run_after=None
[2023-01-25 22:54:27,120] {processor.py:161} INFO - Processing /home/airflow/.local/lib/python3.7/site-packages/airflow/example_dags/example_time_delta_sensor_async.py took 0.452 seconds
[2023-01-25 22:54:57,195] {processor.py:153} INFO - Started process (PID=6576) to work on /home/airflow/.local/lib/python3.7/site-packages/airflow/example_dags/example_time_delta_sensor_async.py
[2023-01-25 22:54:57,197] {processor.py:641} INFO - Processing file /home/airflow/.local/lib/python3.7/site-packages/airflow/example_dags/example_time_delta_sensor_async.py for tasks to queue
[2023-01-25 22:54:57,200] {logging_mixin.py:115} INFO - [2023-01-25 22:54:57,199] {dagbag.py:508} INFO - Filling up the DagBag from /home/airflow/.local/lib/python3.7/site-packages/airflow/example_dags/example_time_delta_sensor_async.py
[2023-01-25 22:54:57,220] {processor.py:651} INFO - DAG(s) dict_keys(['example_time_delta_sensor_async']) retrieved from /home/airflow/.local/lib/python3.7/site-packages/airflow/example_dags/example_time_delta_sensor_async.py
[2023-01-25 22:54:57,571] {logging_mixin.py:115} INFO - [2023-01-25 22:54:57,570] {dag.py:2420} INFO - Sync 1 DAGs
[2023-01-25 22:54:57,776] {logging_mixin.py:115} INFO - [2023-01-25 22:54:57,776] {dag.py:2972} INFO - Setting next_dagrun for example_time_delta_sensor_async to None, run_after=None
[2023-01-25 22:54:57,842] {processor.py:161} INFO - Processing /home/airflow/.local/lib/python3.7/site-packages/airflow/example_dags/example_time_delta_sensor_async.py took 0.658 seconds
[2023-01-25 22:55:28,383] {processor.py:153} INFO - Started process (PID=6690) to work on /home/airflow/.local/lib/python3.7/site-packages/airflow/example_dags/example_time_delta_sensor_async.py
[2023-01-25 22:55:28,386] {processor.py:641} INFO - Processing file /home/airflow/.local/lib/python3.7/site-packages/airflow/example_dags/example_time_delta_sensor_async.py for tasks to queue
[2023-01-25 22:55:28,388] {logging_mixin.py:115} INFO - [2023-01-25 22:55:28,387] {dagbag.py:508} INFO - Filling up the DagBag from /home/airflow/.local/lib/python3.7/site-packages/airflow/example_dags/example_time_delta_sensor_async.py
[2023-01-25 22:55:28,405] {processor.py:651} INFO - DAG(s) dict_keys(['example_time_delta_sensor_async']) retrieved from /home/airflow/.local/lib/python3.7/site-packages/airflow/example_dags/example_time_delta_sensor_async.py
[2023-01-25 22:55:28,690] {logging_mixin.py:115} INFO - [2023-01-25 22:55:28,689] {dag.py:2420} INFO - Sync 1 DAGs
[2023-01-25 22:55:28,777] {logging_mixin.py:115} INFO - [2023-01-25 22:55:28,777] {dag.py:2972} INFO - Setting next_dagrun for example_time_delta_sensor_async to None, run_after=None
[2023-01-25 22:55:28,819] {processor.py:161} INFO - Processing /home/airflow/.local/lib/python3.7/site-packages/airflow/example_dags/example_time_delta_sensor_async.py took 0.447 seconds
[2023-01-25 23:00:12,368] {processor.py:153} INFO - Started process (PID=6722) to work on /home/airflow/.local/lib/python3.7/site-packages/airflow/example_dags/example_time_delta_sensor_async.py
[2023-01-25 23:00:12,371] {processor.py:641} INFO - Processing file /home/airflow/.local/lib/python3.7/site-packages/airflow/example_dags/example_time_delta_sensor_async.py for tasks to queue
[2023-01-25 23:00:12,373] {logging_mixin.py:115} INFO - [2023-01-25 23:00:12,373] {dagbag.py:508} INFO - Filling up the DagBag from /home/airflow/.local/lib/python3.7/site-packages/airflow/example_dags/example_time_delta_sensor_async.py
[2023-01-25 23:00:12,408] {processor.py:651} INFO - DAG(s) dict_keys(['example_time_delta_sensor_async']) retrieved from /home/airflow/.local/lib/python3.7/site-packages/airflow/example_dags/example_time_delta_sensor_async.py
[2023-01-25 23:00:12,680] {logging_mixin.py:115} INFO - [2023-01-25 23:00:12,679] {dag.py:2420} INFO - Sync 1 DAGs
[2023-01-25 23:00:12,845] {logging_mixin.py:115} INFO - [2023-01-25 23:00:12,845] {dag.py:2972} INFO - Setting next_dagrun for example_time_delta_sensor_async to None, run_after=None
[2023-01-25 23:00:12,925] {processor.py:161} INFO - Processing /home/airflow/.local/lib/python3.7/site-packages/airflow/example_dags/example_time_delta_sensor_async.py took 0.577 seconds
[2023-01-25 23:05:18,914] {processor.py:153} INFO - Started process (PID=6820) to work on /home/airflow/.local/lib/python3.7/site-packages/airflow/example_dags/example_time_delta_sensor_async.py
[2023-01-25 23:05:18,920] {processor.py:641} INFO - Processing file /home/airflow/.local/lib/python3.7/site-packages/airflow/example_dags/example_time_delta_sensor_async.py for tasks to queue
[2023-01-25 23:05:18,926] {logging_mixin.py:115} INFO - [2023-01-25 23:05:18,926] {dagbag.py:508} INFO - Filling up the DagBag from /home/airflow/.local/lib/python3.7/site-packages/airflow/example_dags/example_time_delta_sensor_async.py
[2023-01-25 23:05:18,966] {processor.py:651} INFO - DAG(s) dict_keys(['example_time_delta_sensor_async']) retrieved from /home/airflow/.local/lib/python3.7/site-packages/airflow/example_dags/example_time_delta_sensor_async.py
[2023-01-25 23:05:19,376] {logging_mixin.py:115} INFO - [2023-01-25 23:05:19,375] {dag.py:2420} INFO - Sync 1 DAGs
[2023-01-25 23:05:19,517] {logging_mixin.py:115} INFO - [2023-01-25 23:05:19,516] {dag.py:2972} INFO - Setting next_dagrun for example_time_delta_sensor_async to None, run_after=None
[2023-01-25 23:05:19,620] {processor.py:161} INFO - Processing /home/airflow/.local/lib/python3.7/site-packages/airflow/example_dags/example_time_delta_sensor_async.py took 0.725 seconds
[2023-01-25 23:05:49,757] {processor.py:153} INFO - Started process (PID=6931) to work on /home/airflow/.local/lib/python3.7/site-packages/airflow/example_dags/example_time_delta_sensor_async.py
[2023-01-25 23:05:49,759] {processor.py:641} INFO - Processing file /home/airflow/.local/lib/python3.7/site-packages/airflow/example_dags/example_time_delta_sensor_async.py for tasks to queue
[2023-01-25 23:05:49,760] {logging_mixin.py:115} INFO - [2023-01-25 23:05:49,760] {dagbag.py:508} INFO - Filling up the DagBag from /home/airflow/.local/lib/python3.7/site-packages/airflow/example_dags/example_time_delta_sensor_async.py
[2023-01-25 23:05:49,778] {processor.py:651} INFO - DAG(s) dict_keys(['example_time_delta_sensor_async']) retrieved from /home/airflow/.local/lib/python3.7/site-packages/airflow/example_dags/example_time_delta_sensor_async.py
[2023-01-25 23:05:50,042] {logging_mixin.py:115} INFO - [2023-01-25 23:05:50,042] {dag.py:2420} INFO - Sync 1 DAGs
[2023-01-25 23:05:50,129] {logging_mixin.py:115} INFO - [2023-01-25 23:05:50,129] {dag.py:2972} INFO - Setting next_dagrun for example_time_delta_sensor_async to None, run_after=None
[2023-01-25 23:05:50,163] {processor.py:161} INFO - Processing /home/airflow/.local/lib/python3.7/site-packages/airflow/example_dags/example_time_delta_sensor_async.py took 0.413 seconds
[2023-01-25 23:15:31,200] {processor.py:153} INFO - Started process (PID=7048) to work on /home/airflow/.local/lib/python3.7/site-packages/airflow/example_dags/example_time_delta_sensor_async.py
[2023-01-25 23:15:31,202] {processor.py:641} INFO - Processing file /home/airflow/.local/lib/python3.7/site-packages/airflow/example_dags/example_time_delta_sensor_async.py for tasks to queue
[2023-01-25 23:15:31,205] {logging_mixin.py:115} INFO - [2023-01-25 23:15:31,205] {dagbag.py:508} INFO - Filling up the DagBag from /home/airflow/.local/lib/python3.7/site-packages/airflow/example_dags/example_time_delta_sensor_async.py
[2023-01-25 23:15:31,221] {processor.py:651} INFO - DAG(s) dict_keys(['example_time_delta_sensor_async']) retrieved from /home/airflow/.local/lib/python3.7/site-packages/airflow/example_dags/example_time_delta_sensor_async.py
[2023-01-25 23:15:31,579] {logging_mixin.py:115} INFO - [2023-01-25 23:15:31,579] {dag.py:2420} INFO - Sync 1 DAGs
[2023-01-25 23:15:31,707] {logging_mixin.py:115} INFO - [2023-01-25 23:15:31,706] {dag.py:2972} INFO - Setting next_dagrun for example_time_delta_sensor_async to None, run_after=None
[2023-01-25 23:15:31,768] {processor.py:161} INFO - Processing /home/airflow/.local/lib/python3.7/site-packages/airflow/example_dags/example_time_delta_sensor_async.py took 0.576 seconds
[2023-01-25 23:16:03,111] {processor.py:153} INFO - Started process (PID=7158) to work on /home/airflow/.local/lib/python3.7/site-packages/airflow/example_dags/example_time_delta_sensor_async.py
[2023-01-25 23:16:03,113] {processor.py:641} INFO - Processing file /home/airflow/.local/lib/python3.7/site-packages/airflow/example_dags/example_time_delta_sensor_async.py for tasks to queue
[2023-01-25 23:16:03,115] {logging_mixin.py:115} INFO - [2023-01-25 23:16:03,115] {dagbag.py:508} INFO - Filling up the DagBag from /home/airflow/.local/lib/python3.7/site-packages/airflow/example_dags/example_time_delta_sensor_async.py
[2023-01-25 23:16:03,133] {processor.py:651} INFO - DAG(s) dict_keys(['example_time_delta_sensor_async']) retrieved from /home/airflow/.local/lib/python3.7/site-packages/airflow/example_dags/example_time_delta_sensor_async.py
[2023-01-25 23:16:03,467] {logging_mixin.py:115} INFO - [2023-01-25 23:16:03,467] {dag.py:2420} INFO - Sync 1 DAGs
[2023-01-25 23:16:03,563] {logging_mixin.py:115} INFO - [2023-01-25 23:16:03,563] {dag.py:2972} INFO - Setting next_dagrun for example_time_delta_sensor_async to None, run_after=None
[2023-01-25 23:16:03,603] {processor.py:161} INFO - Processing /home/airflow/.local/lib/python3.7/site-packages/airflow/example_dags/example_time_delta_sensor_async.py took 0.502 seconds
[2023-01-25 23:30:23,631] {processor.py:153} INFO - Started process (PID=7259) to work on /home/airflow/.local/lib/python3.7/site-packages/airflow/example_dags/example_time_delta_sensor_async.py
[2023-01-25 23:30:23,639] {processor.py:641} INFO - Processing file /home/airflow/.local/lib/python3.7/site-packages/airflow/example_dags/example_time_delta_sensor_async.py for tasks to queue
[2023-01-25 23:30:23,641] {logging_mixin.py:115} INFO - [2023-01-25 23:30:23,641] {dagbag.py:508} INFO - Filling up the DagBag from /home/airflow/.local/lib/python3.7/site-packages/airflow/example_dags/example_time_delta_sensor_async.py
[2023-01-25 23:30:23,675] {processor.py:651} INFO - DAG(s) dict_keys(['example_time_delta_sensor_async']) retrieved from /home/airflow/.local/lib/python3.7/site-packages/airflow/example_dags/example_time_delta_sensor_async.py
[2023-01-25 23:30:24,100] {logging_mixin.py:115} INFO - [2023-01-25 23:30:24,100] {dag.py:2420} INFO - Sync 1 DAGs
[2023-01-25 23:30:24,268] {logging_mixin.py:115} INFO - [2023-01-25 23:30:24,267] {dag.py:2972} INFO - Setting next_dagrun for example_time_delta_sensor_async to None, run_after=None
[2023-01-25 23:30:24,338] {processor.py:161} INFO - Processing /home/airflow/.local/lib/python3.7/site-packages/airflow/example_dags/example_time_delta_sensor_async.py took 0.719 seconds
[2023-01-25 23:30:55,217] {processor.py:153} INFO - Started process (PID=7370) to work on /home/airflow/.local/lib/python3.7/site-packages/airflow/example_dags/example_time_delta_sensor_async.py
[2023-01-25 23:30:55,219] {processor.py:641} INFO - Processing file /home/airflow/.local/lib/python3.7/site-packages/airflow/example_dags/example_time_delta_sensor_async.py for tasks to queue
[2023-01-25 23:30:55,222] {logging_mixin.py:115} INFO - [2023-01-25 23:30:55,222] {dagbag.py:508} INFO - Filling up the DagBag from /home/airflow/.local/lib/python3.7/site-packages/airflow/example_dags/example_time_delta_sensor_async.py
[2023-01-25 23:30:55,239] {processor.py:651} INFO - DAG(s) dict_keys(['example_time_delta_sensor_async']) retrieved from /home/airflow/.local/lib/python3.7/site-packages/airflow/example_dags/example_time_delta_sensor_async.py
[2023-01-25 23:30:55,512] {logging_mixin.py:115} INFO - [2023-01-25 23:30:55,512] {dag.py:2420} INFO - Sync 1 DAGs
[2023-01-25 23:30:55,601] {logging_mixin.py:115} INFO - [2023-01-25 23:30:55,601] {dag.py:2972} INFO - Setting next_dagrun for example_time_delta_sensor_async to None, run_after=None
[2023-01-25 23:30:55,639] {processor.py:161} INFO - Processing /home/airflow/.local/lib/python3.7/site-packages/airflow/example_dags/example_time_delta_sensor_async.py took 0.430 seconds
[2023-01-25 23:35:46,025] {processor.py:153} INFO - Started process (PID=7487) to work on /home/airflow/.local/lib/python3.7/site-packages/airflow/example_dags/example_time_delta_sensor_async.py
[2023-01-25 23:35:46,032] {processor.py:641} INFO - Processing file /home/airflow/.local/lib/python3.7/site-packages/airflow/example_dags/example_time_delta_sensor_async.py for tasks to queue
[2023-01-25 23:35:46,050] {logging_mixin.py:115} INFO - [2023-01-25 23:35:46,050] {dagbag.py:508} INFO - Filling up the DagBag from /home/airflow/.local/lib/python3.7/site-packages/airflow/example_dags/example_time_delta_sensor_async.py
[2023-01-25 23:35:46,142] {processor.py:651} INFO - DAG(s) dict_keys(['example_time_delta_sensor_async']) retrieved from /home/airflow/.local/lib/python3.7/site-packages/airflow/example_dags/example_time_delta_sensor_async.py
[2023-01-25 23:35:46,915] {logging_mixin.py:115} INFO - [2023-01-25 23:35:46,915] {dag.py:2420} INFO - Sync 1 DAGs
[2023-01-25 23:35:47,132] {logging_mixin.py:115} INFO - [2023-01-25 23:35:47,131] {dag.py:2972} INFO - Setting next_dagrun for example_time_delta_sensor_async to None, run_after=None
[2023-01-25 23:35:47,276] {processor.py:161} INFO - Processing /home/airflow/.local/lib/python3.7/site-packages/airflow/example_dags/example_time_delta_sensor_async.py took 1.284 seconds
[2023-01-25 23:45:59,716] {processor.py:153} INFO - Started process (PID=7585) to work on /home/airflow/.local/lib/python3.7/site-packages/airflow/example_dags/example_time_delta_sensor_async.py
[2023-01-25 23:45:59,720] {processor.py:641} INFO - Processing file /home/airflow/.local/lib/python3.7/site-packages/airflow/example_dags/example_time_delta_sensor_async.py for tasks to queue
[2023-01-25 23:45:59,726] {logging_mixin.py:115} INFO - [2023-01-25 23:45:59,725] {dagbag.py:508} INFO - Filling up the DagBag from /home/airflow/.local/lib/python3.7/site-packages/airflow/example_dags/example_time_delta_sensor_async.py
[2023-01-25 23:45:59,748] {processor.py:651} INFO - DAG(s) dict_keys(['example_time_delta_sensor_async']) retrieved from /home/airflow/.local/lib/python3.7/site-packages/airflow/example_dags/example_time_delta_sensor_async.py
[2023-01-25 23:46:00,067] {logging_mixin.py:115} INFO - [2023-01-25 23:46:00,066] {dag.py:2420} INFO - Sync 1 DAGs
[2023-01-25 23:46:00,163] {logging_mixin.py:115} INFO - [2023-01-25 23:46:00,162] {dag.py:2972} INFO - Setting next_dagrun for example_time_delta_sensor_async to None, run_after=None
[2023-01-25 23:46:00,199] {processor.py:161} INFO - Processing /home/airflow/.local/lib/python3.7/site-packages/airflow/example_dags/example_time_delta_sensor_async.py took 0.492 seconds
[2023-01-25 23:46:31,129] {processor.py:153} INFO - Started process (PID=7696) to work on /home/airflow/.local/lib/python3.7/site-packages/airflow/example_dags/example_time_delta_sensor_async.py
[2023-01-25 23:46:31,130] {processor.py:641} INFO - Processing file /home/airflow/.local/lib/python3.7/site-packages/airflow/example_dags/example_time_delta_sensor_async.py for tasks to queue
[2023-01-25 23:46:31,133] {logging_mixin.py:115} INFO - [2023-01-25 23:46:31,132] {dagbag.py:508} INFO - Filling up the DagBag from /home/airflow/.local/lib/python3.7/site-packages/airflow/example_dags/example_time_delta_sensor_async.py
[2023-01-25 23:46:31,148] {processor.py:651} INFO - DAG(s) dict_keys(['example_time_delta_sensor_async']) retrieved from /home/airflow/.local/lib/python3.7/site-packages/airflow/example_dags/example_time_delta_sensor_async.py
[2023-01-25 23:46:31,507] {logging_mixin.py:115} INFO - [2023-01-25 23:46:31,507] {dag.py:2420} INFO - Sync 1 DAGs
[2023-01-25 23:46:31,595] {logging_mixin.py:115} INFO - [2023-01-25 23:46:31,595] {dag.py:2972} INFO - Setting next_dagrun for example_time_delta_sensor_async to None, run_after=None
[2023-01-25 23:46:31,631] {processor.py:161} INFO - Processing /home/airflow/.local/lib/python3.7/site-packages/airflow/example_dags/example_time_delta_sensor_async.py took 0.511 seconds
[2023-01-25 23:59:28,271] {processor.py:153} INFO - Started process (PID=7813) to work on /home/airflow/.local/lib/python3.7/site-packages/airflow/example_dags/example_time_delta_sensor_async.py
[2023-01-25 23:59:28,274] {processor.py:641} INFO - Processing file /home/airflow/.local/lib/python3.7/site-packages/airflow/example_dags/example_time_delta_sensor_async.py for tasks to queue
[2023-01-25 23:59:28,277] {logging_mixin.py:115} INFO - [2023-01-25 23:59:28,276] {dagbag.py:508} INFO - Filling up the DagBag from /home/airflow/.local/lib/python3.7/site-packages/airflow/example_dags/example_time_delta_sensor_async.py
[2023-01-25 23:59:28,305] {processor.py:651} INFO - DAG(s) dict_keys(['example_time_delta_sensor_async']) retrieved from /home/airflow/.local/lib/python3.7/site-packages/airflow/example_dags/example_time_delta_sensor_async.py
[2023-01-25 23:59:28,586] {logging_mixin.py:115} INFO - [2023-01-25 23:59:28,585] {dag.py:2420} INFO - Sync 1 DAGs
[2023-01-25 23:59:28,677] {logging_mixin.py:115} INFO - [2023-01-25 23:59:28,677] {dag.py:2972} INFO - Setting next_dagrun for example_time_delta_sensor_async to None, run_after=None
[2023-01-25 23:59:28,714] {processor.py:161} INFO - Processing /home/airflow/.local/lib/python3.7/site-packages/airflow/example_dags/example_time_delta_sensor_async.py took 0.454 seconds
