[2023-01-25 22:25:17,248] {processor.py:153} INFO - Started process (PID=178) to work on /home/airflow/.local/lib/python3.7/site-packages/airflow/example_dags/example_branch_operator.py
[2023-01-25 22:25:17,251] {processor.py:641} INFO - Processing file /home/airflow/.local/lib/python3.7/site-packages/airflow/example_dags/example_branch_operator.py for tasks to queue
[2023-01-25 22:25:17,254] {logging_mixin.py:115} INFO - [2023-01-25 22:25:17,254] {dagbag.py:508} INFO - Filling up the DagBag from /home/airflow/.local/lib/python3.7/site-packages/airflow/example_dags/example_branch_operator.py
[2023-01-25 22:25:17,432] {processor.py:651} INFO - DAG(s) dict_keys(['example_branch_operator']) retrieved from /home/airflow/.local/lib/python3.7/site-packages/airflow/example_dags/example_branch_operator.py
[2023-01-25 22:25:17,800] {logging_mixin.py:115} INFO - [2023-01-25 22:25:17,800] {dag.py:2420} INFO - Sync 1 DAGs
[2023-01-25 22:25:17,957] {logging_mixin.py:115} INFO - [2023-01-25 22:25:17,956] {dag.py:2972} INFO - Setting next_dagrun for example_branch_operator to 2023-01-24T00:00:00+00:00, run_after=2023-01-25T00:00:00+00:00
[2023-01-25 22:25:18,030] {processor.py:161} INFO - Processing /home/airflow/.local/lib/python3.7/site-packages/airflow/example_dags/example_branch_operator.py took 0.804 seconds
[2023-01-25 22:25:48,618] {processor.py:153} INFO - Started process (PID=292) to work on /home/airflow/.local/lib/python3.7/site-packages/airflow/example_dags/example_branch_operator.py
[2023-01-25 22:25:48,620] {processor.py:641} INFO - Processing file /home/airflow/.local/lib/python3.7/site-packages/airflow/example_dags/example_branch_operator.py for tasks to queue
[2023-01-25 22:25:48,622] {logging_mixin.py:115} INFO - [2023-01-25 22:25:48,622] {dagbag.py:508} INFO - Filling up the DagBag from /home/airflow/.local/lib/python3.7/site-packages/airflow/example_dags/example_branch_operator.py
[2023-01-25 22:25:48,683] {processor.py:651} INFO - DAG(s) dict_keys(['example_branch_operator']) retrieved from /home/airflow/.local/lib/python3.7/site-packages/airflow/example_dags/example_branch_operator.py
[2023-01-25 22:25:49,003] {logging_mixin.py:115} INFO - [2023-01-25 22:25:49,002] {dag.py:2420} INFO - Sync 1 DAGs
[2023-01-25 22:25:49,112] {logging_mixin.py:115} INFO - [2023-01-25 22:25:49,112] {dag.py:2972} INFO - Setting next_dagrun for example_branch_operator to 2023-01-24T00:00:00+00:00, run_after=2023-01-25T00:00:00+00:00
[2023-01-25 22:25:49,146] {processor.py:161} INFO - Processing /home/airflow/.local/lib/python3.7/site-packages/airflow/example_dags/example_branch_operator.py took 0.535 seconds
[2023-01-25 22:26:21,939] {processor.py:153} INFO - Started process (PID=406) to work on /home/airflow/.local/lib/python3.7/site-packages/airflow/example_dags/example_branch_operator.py
[2023-01-25 22:26:21,941] {processor.py:641} INFO - Processing file /home/airflow/.local/lib/python3.7/site-packages/airflow/example_dags/example_branch_operator.py for tasks to queue
[2023-01-25 22:26:21,943] {logging_mixin.py:115} INFO - [2023-01-25 22:26:21,942] {dagbag.py:508} INFO - Filling up the DagBag from /home/airflow/.local/lib/python3.7/site-packages/airflow/example_dags/example_branch_operator.py
[2023-01-25 22:26:21,993] {processor.py:651} INFO - DAG(s) dict_keys(['example_branch_operator']) retrieved from /home/airflow/.local/lib/python3.7/site-packages/airflow/example_dags/example_branch_operator.py
[2023-01-25 22:26:22,273] {logging_mixin.py:115} INFO - [2023-01-25 22:26:22,272] {dag.py:2420} INFO - Sync 1 DAGs
[2023-01-25 22:26:22,375] {logging_mixin.py:115} INFO - [2023-01-25 22:26:22,374] {dag.py:2972} INFO - Setting next_dagrun for example_branch_operator to 2023-01-24T00:00:00+00:00, run_after=2023-01-25T00:00:00+00:00
[2023-01-25 22:26:22,408] {processor.py:161} INFO - Processing /home/airflow/.local/lib/python3.7/site-packages/airflow/example_dags/example_branch_operator.py took 0.477 seconds
[2023-01-25 22:26:54,875] {processor.py:153} INFO - Started process (PID=520) to work on /home/airflow/.local/lib/python3.7/site-packages/airflow/example_dags/example_branch_operator.py
[2023-01-25 22:26:54,877] {processor.py:641} INFO - Processing file /home/airflow/.local/lib/python3.7/site-packages/airflow/example_dags/example_branch_operator.py for tasks to queue
[2023-01-25 22:26:54,879] {logging_mixin.py:115} INFO - [2023-01-25 22:26:54,879] {dagbag.py:508} INFO - Filling up the DagBag from /home/airflow/.local/lib/python3.7/site-packages/airflow/example_dags/example_branch_operator.py
[2023-01-25 22:26:54,931] {processor.py:651} INFO - DAG(s) dict_keys(['example_branch_operator']) retrieved from /home/airflow/.local/lib/python3.7/site-packages/airflow/example_dags/example_branch_operator.py
[2023-01-25 22:26:55,167] {logging_mixin.py:115} INFO - [2023-01-25 22:26:55,167] {dag.py:2420} INFO - Sync 1 DAGs
[2023-01-25 22:26:55,266] {logging_mixin.py:115} INFO - [2023-01-25 22:26:55,265] {dag.py:2972} INFO - Setting next_dagrun for example_branch_operator to 2023-01-24T00:00:00+00:00, run_after=2023-01-25T00:00:00+00:00
[2023-01-25 22:26:55,301] {processor.py:161} INFO - Processing /home/airflow/.local/lib/python3.7/site-packages/airflow/example_dags/example_branch_operator.py took 0.434 seconds
[2023-01-25 22:27:27,015] {processor.py:153} INFO - Started process (PID=634) to work on /home/airflow/.local/lib/python3.7/site-packages/airflow/example_dags/example_branch_operator.py
[2023-01-25 22:27:27,016] {processor.py:641} INFO - Processing file /home/airflow/.local/lib/python3.7/site-packages/airflow/example_dags/example_branch_operator.py for tasks to queue
[2023-01-25 22:27:27,018] {logging_mixin.py:115} INFO - [2023-01-25 22:27:27,018] {dagbag.py:508} INFO - Filling up the DagBag from /home/airflow/.local/lib/python3.7/site-packages/airflow/example_dags/example_branch_operator.py
[2023-01-25 22:27:27,067] {processor.py:651} INFO - DAG(s) dict_keys(['example_branch_operator']) retrieved from /home/airflow/.local/lib/python3.7/site-packages/airflow/example_dags/example_branch_operator.py
[2023-01-25 22:27:27,304] {logging_mixin.py:115} INFO - [2023-01-25 22:27:27,304] {dag.py:2420} INFO - Sync 1 DAGs
[2023-01-25 22:27:27,398] {logging_mixin.py:115} INFO - [2023-01-25 22:27:27,397] {dag.py:2972} INFO - Setting next_dagrun for example_branch_operator to 2023-01-24T00:00:00+00:00, run_after=2023-01-25T00:00:00+00:00
[2023-01-25 22:27:27,431] {processor.py:161} INFO - Processing /home/airflow/.local/lib/python3.7/site-packages/airflow/example_dags/example_branch_operator.py took 0.424 seconds
[2023-01-25 22:27:59,249] {processor.py:153} INFO - Started process (PID=746) to work on /home/airflow/.local/lib/python3.7/site-packages/airflow/example_dags/example_branch_operator.py
[2023-01-25 22:27:59,251] {processor.py:641} INFO - Processing file /home/airflow/.local/lib/python3.7/site-packages/airflow/example_dags/example_branch_operator.py for tasks to queue
[2023-01-25 22:27:59,253] {logging_mixin.py:115} INFO - [2023-01-25 22:27:59,252] {dagbag.py:508} INFO - Filling up the DagBag from /home/airflow/.local/lib/python3.7/site-packages/airflow/example_dags/example_branch_operator.py
[2023-01-25 22:27:59,310] {processor.py:651} INFO - DAG(s) dict_keys(['example_branch_operator']) retrieved from /home/airflow/.local/lib/python3.7/site-packages/airflow/example_dags/example_branch_operator.py
[2023-01-25 22:27:59,555] {logging_mixin.py:115} INFO - [2023-01-25 22:27:59,554] {dag.py:2420} INFO - Sync 1 DAGs
[2023-01-25 22:27:59,662] {logging_mixin.py:115} INFO - [2023-01-25 22:27:59,662] {dag.py:2972} INFO - Setting next_dagrun for example_branch_operator to 2023-01-24T00:00:00+00:00, run_after=2023-01-25T00:00:00+00:00
[2023-01-25 22:27:59,707] {processor.py:161} INFO - Processing /home/airflow/.local/lib/python3.7/site-packages/airflow/example_dags/example_branch_operator.py took 0.466 seconds
[2023-01-25 22:28:33,529] {processor.py:153} INFO - Started process (PID=862) to work on /home/airflow/.local/lib/python3.7/site-packages/airflow/example_dags/example_branch_operator.py
[2023-01-25 22:28:33,531] {processor.py:641} INFO - Processing file /home/airflow/.local/lib/python3.7/site-packages/airflow/example_dags/example_branch_operator.py for tasks to queue
[2023-01-25 22:28:33,534] {logging_mixin.py:115} INFO - [2023-01-25 22:28:33,534] {dagbag.py:508} INFO - Filling up the DagBag from /home/airflow/.local/lib/python3.7/site-packages/airflow/example_dags/example_branch_operator.py
[2023-01-25 22:28:33,590] {processor.py:651} INFO - DAG(s) dict_keys(['example_branch_operator']) retrieved from /home/airflow/.local/lib/python3.7/site-packages/airflow/example_dags/example_branch_operator.py
[2023-01-25 22:28:33,841] {logging_mixin.py:115} INFO - [2023-01-25 22:28:33,841] {dag.py:2420} INFO - Sync 1 DAGs
[2023-01-25 22:28:33,959] {logging_mixin.py:115} INFO - [2023-01-25 22:28:33,958] {dag.py:2972} INFO - Setting next_dagrun for example_branch_operator to 2023-01-24T00:00:00+00:00, run_after=2023-01-25T00:00:00+00:00
[2023-01-25 22:28:33,998] {processor.py:161} INFO - Processing /home/airflow/.local/lib/python3.7/site-packages/airflow/example_dags/example_branch_operator.py took 0.477 seconds
[2023-01-25 22:29:05,682] {processor.py:153} INFO - Started process (PID=974) to work on /home/airflow/.local/lib/python3.7/site-packages/airflow/example_dags/example_branch_operator.py
[2023-01-25 22:29:05,684] {processor.py:641} INFO - Processing file /home/airflow/.local/lib/python3.7/site-packages/airflow/example_dags/example_branch_operator.py for tasks to queue
[2023-01-25 22:29:05,686] {logging_mixin.py:115} INFO - [2023-01-25 22:29:05,685] {dagbag.py:508} INFO - Filling up the DagBag from /home/airflow/.local/lib/python3.7/site-packages/airflow/example_dags/example_branch_operator.py
[2023-01-25 22:29:05,739] {processor.py:651} INFO - DAG(s) dict_keys(['example_branch_operator']) retrieved from /home/airflow/.local/lib/python3.7/site-packages/airflow/example_dags/example_branch_operator.py
[2023-01-25 22:29:05,975] {logging_mixin.py:115} INFO - [2023-01-25 22:29:05,975] {dag.py:2420} INFO - Sync 1 DAGs
[2023-01-25 22:29:06,085] {logging_mixin.py:115} INFO - [2023-01-25 22:29:06,084] {dag.py:2972} INFO - Setting next_dagrun for example_branch_operator to 2023-01-24T00:00:00+00:00, run_after=2023-01-25T00:00:00+00:00
[2023-01-25 22:29:06,124] {processor.py:161} INFO - Processing /home/airflow/.local/lib/python3.7/site-packages/airflow/example_dags/example_branch_operator.py took 0.450 seconds
[2023-01-25 22:29:37,822] {processor.py:153} INFO - Started process (PID=1088) to work on /home/airflow/.local/lib/python3.7/site-packages/airflow/example_dags/example_branch_operator.py
[2023-01-25 22:29:37,823] {processor.py:641} INFO - Processing file /home/airflow/.local/lib/python3.7/site-packages/airflow/example_dags/example_branch_operator.py for tasks to queue
[2023-01-25 22:29:37,825] {logging_mixin.py:115} INFO - [2023-01-25 22:29:37,825] {dagbag.py:508} INFO - Filling up the DagBag from /home/airflow/.local/lib/python3.7/site-packages/airflow/example_dags/example_branch_operator.py
[2023-01-25 22:29:37,877] {processor.py:651} INFO - DAG(s) dict_keys(['example_branch_operator']) retrieved from /home/airflow/.local/lib/python3.7/site-packages/airflow/example_dags/example_branch_operator.py
[2023-01-25 22:29:38,125] {logging_mixin.py:115} INFO - [2023-01-25 22:29:38,125] {dag.py:2420} INFO - Sync 1 DAGs
[2023-01-25 22:29:38,230] {logging_mixin.py:115} INFO - [2023-01-25 22:29:38,229] {dag.py:2972} INFO - Setting next_dagrun for example_branch_operator to 2023-01-24T00:00:00+00:00, run_after=2023-01-25T00:00:00+00:00
[2023-01-25 22:29:38,267] {processor.py:161} INFO - Processing /home/airflow/.local/lib/python3.7/site-packages/airflow/example_dags/example_branch_operator.py took 0.453 seconds
[2023-01-25 22:30:10,266] {processor.py:153} INFO - Started process (PID=1201) to work on /home/airflow/.local/lib/python3.7/site-packages/airflow/example_dags/example_branch_operator.py
[2023-01-25 22:30:10,269] {processor.py:641} INFO - Processing file /home/airflow/.local/lib/python3.7/site-packages/airflow/example_dags/example_branch_operator.py for tasks to queue
[2023-01-25 22:30:10,271] {logging_mixin.py:115} INFO - [2023-01-25 22:30:10,271] {dagbag.py:508} INFO - Filling up the DagBag from /home/airflow/.local/lib/python3.7/site-packages/airflow/example_dags/example_branch_operator.py
[2023-01-25 22:30:10,488] {processor.py:651} INFO - DAG(s) dict_keys(['example_branch_operator']) retrieved from /home/airflow/.local/lib/python3.7/site-packages/airflow/example_dags/example_branch_operator.py
[2023-01-25 22:30:10,588] {logging_mixin.py:115} INFO - [2023-01-25 22:30:10,588] {dag.py:2420} INFO - Sync 1 DAGs
[2023-01-25 22:30:10,698] {logging_mixin.py:115} INFO - [2023-01-25 22:30:10,697] {dag.py:2972} INFO - Setting next_dagrun for example_branch_operator to 2023-01-24T00:00:00+00:00, run_after=2023-01-25T00:00:00+00:00
[2023-01-25 22:30:10,755] {processor.py:161} INFO - Processing /home/airflow/.local/lib/python3.7/site-packages/airflow/example_dags/example_branch_operator.py took 0.497 seconds
[2023-01-25 22:30:43,294] {processor.py:153} INFO - Started process (PID=1329) to work on /home/airflow/.local/lib/python3.7/site-packages/airflow/example_dags/example_branch_operator.py
[2023-01-25 22:30:43,296] {processor.py:641} INFO - Processing file /home/airflow/.local/lib/python3.7/site-packages/airflow/example_dags/example_branch_operator.py for tasks to queue
[2023-01-25 22:30:43,298] {logging_mixin.py:115} INFO - [2023-01-25 22:30:43,298] {dagbag.py:508} INFO - Filling up the DagBag from /home/airflow/.local/lib/python3.7/site-packages/airflow/example_dags/example_branch_operator.py
[2023-01-25 22:30:43,573] {processor.py:651} INFO - DAG(s) dict_keys(['example_branch_operator']) retrieved from /home/airflow/.local/lib/python3.7/site-packages/airflow/example_dags/example_branch_operator.py
[2023-01-25 22:30:43,660] {logging_mixin.py:115} INFO - [2023-01-25 22:30:43,660] {dag.py:2420} INFO - Sync 1 DAGs
[2023-01-25 22:30:43,777] {logging_mixin.py:115} INFO - [2023-01-25 22:30:43,777] {dag.py:2972} INFO - Setting next_dagrun for example_branch_operator to 2023-01-24T00:00:00+00:00, run_after=2023-01-25T00:00:00+00:00
[2023-01-25 22:30:43,817] {processor.py:161} INFO - Processing /home/airflow/.local/lib/python3.7/site-packages/airflow/example_dags/example_branch_operator.py took 0.531 seconds
[2023-01-25 22:31:14,559] {processor.py:153} INFO - Started process (PID=1436) to work on /home/airflow/.local/lib/python3.7/site-packages/airflow/example_dags/example_branch_operator.py
[2023-01-25 22:31:14,562] {processor.py:641} INFO - Processing file /home/airflow/.local/lib/python3.7/site-packages/airflow/example_dags/example_branch_operator.py for tasks to queue
[2023-01-25 22:31:14,565] {logging_mixin.py:115} INFO - [2023-01-25 22:31:14,564] {dagbag.py:508} INFO - Filling up the DagBag from /home/airflow/.local/lib/python3.7/site-packages/airflow/example_dags/example_branch_operator.py
[2023-01-25 22:31:14,821] {processor.py:651} INFO - DAG(s) dict_keys(['example_branch_operator']) retrieved from /home/airflow/.local/lib/python3.7/site-packages/airflow/example_dags/example_branch_operator.py
[2023-01-25 22:31:14,971] {logging_mixin.py:115} INFO - [2023-01-25 22:31:14,970] {dag.py:2420} INFO - Sync 1 DAGs
[2023-01-25 22:31:15,128] {logging_mixin.py:115} INFO - [2023-01-25 22:31:15,128] {dag.py:2972} INFO - Setting next_dagrun for example_branch_operator to 2023-01-24T00:00:00+00:00, run_after=2023-01-25T00:00:00+00:00
[2023-01-25 22:31:15,191] {processor.py:161} INFO - Processing /home/airflow/.local/lib/python3.7/site-packages/airflow/example_dags/example_branch_operator.py took 0.641 seconds
[2023-01-25 22:31:46,654] {processor.py:153} INFO - Started process (PID=1549) to work on /home/airflow/.local/lib/python3.7/site-packages/airflow/example_dags/example_branch_operator.py
[2023-01-25 22:31:46,656] {processor.py:641} INFO - Processing file /home/airflow/.local/lib/python3.7/site-packages/airflow/example_dags/example_branch_operator.py for tasks to queue
[2023-01-25 22:31:46,659] {logging_mixin.py:115} INFO - [2023-01-25 22:31:46,659] {dagbag.py:508} INFO - Filling up the DagBag from /home/airflow/.local/lib/python3.7/site-packages/airflow/example_dags/example_branch_operator.py
[2023-01-25 22:31:46,914] {processor.py:651} INFO - DAG(s) dict_keys(['example_branch_operator']) retrieved from /home/airflow/.local/lib/python3.7/site-packages/airflow/example_dags/example_branch_operator.py
[2023-01-25 22:31:47,060] {logging_mixin.py:115} INFO - [2023-01-25 22:31:47,060] {dag.py:2420} INFO - Sync 1 DAGs
[2023-01-25 22:31:47,350] {logging_mixin.py:115} INFO - [2023-01-25 22:31:47,349] {dag.py:2972} INFO - Setting next_dagrun for example_branch_operator to 2023-01-24T00:00:00+00:00, run_after=2023-01-25T00:00:00+00:00
[2023-01-25 22:31:47,406] {processor.py:161} INFO - Processing /home/airflow/.local/lib/python3.7/site-packages/airflow/example_dags/example_branch_operator.py took 0.761 seconds
[2023-01-25 22:32:18,648] {processor.py:153} INFO - Started process (PID=1669) to work on /home/airflow/.local/lib/python3.7/site-packages/airflow/example_dags/example_branch_operator.py
[2023-01-25 22:32:18,650] {processor.py:641} INFO - Processing file /home/airflow/.local/lib/python3.7/site-packages/airflow/example_dags/example_branch_operator.py for tasks to queue
[2023-01-25 22:32:18,652] {logging_mixin.py:115} INFO - [2023-01-25 22:32:18,652] {dagbag.py:508} INFO - Filling up the DagBag from /home/airflow/.local/lib/python3.7/site-packages/airflow/example_dags/example_branch_operator.py
[2023-01-25 22:32:18,879] {processor.py:651} INFO - DAG(s) dict_keys(['example_branch_operator']) retrieved from /home/airflow/.local/lib/python3.7/site-packages/airflow/example_dags/example_branch_operator.py
[2023-01-25 22:32:18,959] {logging_mixin.py:115} INFO - [2023-01-25 22:32:18,959] {dag.py:2420} INFO - Sync 1 DAGs
[2023-01-25 22:32:19,068] {logging_mixin.py:115} INFO - [2023-01-25 22:32:19,067] {dag.py:2972} INFO - Setting next_dagrun for example_branch_operator to 2023-01-24T00:00:00+00:00, run_after=2023-01-25T00:00:00+00:00
[2023-01-25 22:32:19,116] {processor.py:161} INFO - Processing /home/airflow/.local/lib/python3.7/site-packages/airflow/example_dags/example_branch_operator.py took 0.476 seconds
[2023-01-25 22:32:49,909] {processor.py:153} INFO - Started process (PID=1783) to work on /home/airflow/.local/lib/python3.7/site-packages/airflow/example_dags/example_branch_operator.py
[2023-01-25 22:32:49,911] {processor.py:641} INFO - Processing file /home/airflow/.local/lib/python3.7/site-packages/airflow/example_dags/example_branch_operator.py for tasks to queue
[2023-01-25 22:32:49,913] {logging_mixin.py:115} INFO - [2023-01-25 22:32:49,913] {dagbag.py:508} INFO - Filling up the DagBag from /home/airflow/.local/lib/python3.7/site-packages/airflow/example_dags/example_branch_operator.py
[2023-01-25 22:32:50,161] {processor.py:651} INFO - DAG(s) dict_keys(['example_branch_operator']) retrieved from /home/airflow/.local/lib/python3.7/site-packages/airflow/example_dags/example_branch_operator.py
[2023-01-25 22:32:50,249] {logging_mixin.py:115} INFO - [2023-01-25 22:32:50,249] {dag.py:2420} INFO - Sync 1 DAGs
[2023-01-25 22:32:50,374] {logging_mixin.py:115} INFO - [2023-01-25 22:32:50,373] {dag.py:2972} INFO - Setting next_dagrun for example_branch_operator to 2023-01-24T00:00:00+00:00, run_after=2023-01-25T00:00:00+00:00
[2023-01-25 22:32:50,419] {processor.py:161} INFO - Processing /home/airflow/.local/lib/python3.7/site-packages/airflow/example_dags/example_branch_operator.py took 0.518 seconds
[2023-01-25 22:33:20,712] {processor.py:153} INFO - Started process (PID=1888) to work on /home/airflow/.local/lib/python3.7/site-packages/airflow/example_dags/example_branch_operator.py
[2023-01-25 22:33:20,718] {processor.py:641} INFO - Processing file /home/airflow/.local/lib/python3.7/site-packages/airflow/example_dags/example_branch_operator.py for tasks to queue
[2023-01-25 22:33:20,727] {logging_mixin.py:115} INFO - [2023-01-25 22:33:20,727] {dagbag.py:508} INFO - Filling up the DagBag from /home/airflow/.local/lib/python3.7/site-packages/airflow/example_dags/example_branch_operator.py
[2023-01-25 22:33:21,444] {processor.py:651} INFO - DAG(s) dict_keys(['example_branch_operator']) retrieved from /home/airflow/.local/lib/python3.7/site-packages/airflow/example_dags/example_branch_operator.py
[2023-01-25 22:33:21,670] {logging_mixin.py:115} INFO - [2023-01-25 22:33:21,669] {dag.py:2420} INFO - Sync 1 DAGs
[2023-01-25 22:33:21,827] {logging_mixin.py:115} INFO - [2023-01-25 22:33:21,827] {dag.py:2972} INFO - Setting next_dagrun for example_branch_operator to 2023-01-24T00:00:00+00:00, run_after=2023-01-25T00:00:00+00:00
[2023-01-25 22:33:21,881] {processor.py:161} INFO - Processing /home/airflow/.local/lib/python3.7/site-packages/airflow/example_dags/example_branch_operator.py took 1.187 seconds
[2023-01-25 22:33:52,136] {processor.py:153} INFO - Started process (PID=1992) to work on /home/airflow/.local/lib/python3.7/site-packages/airflow/example_dags/example_branch_operator.py
[2023-01-25 22:33:52,138] {processor.py:641} INFO - Processing file /home/airflow/.local/lib/python3.7/site-packages/airflow/example_dags/example_branch_operator.py for tasks to queue
[2023-01-25 22:33:52,140] {logging_mixin.py:115} INFO - [2023-01-25 22:33:52,140] {dagbag.py:508} INFO - Filling up the DagBag from /home/airflow/.local/lib/python3.7/site-packages/airflow/example_dags/example_branch_operator.py
[2023-01-25 22:33:52,479] {processor.py:651} INFO - DAG(s) dict_keys(['example_branch_operator']) retrieved from /home/airflow/.local/lib/python3.7/site-packages/airflow/example_dags/example_branch_operator.py
[2023-01-25 22:33:52,572] {logging_mixin.py:115} INFO - [2023-01-25 22:33:52,572] {dag.py:2420} INFO - Sync 1 DAGs
[2023-01-25 22:33:52,681] {logging_mixin.py:115} INFO - [2023-01-25 22:33:52,680] {dag.py:2972} INFO - Setting next_dagrun for example_branch_operator to 2023-01-24T00:00:00+00:00, run_after=2023-01-25T00:00:00+00:00
[2023-01-25 22:33:52,720] {processor.py:161} INFO - Processing /home/airflow/.local/lib/python3.7/site-packages/airflow/example_dags/example_branch_operator.py took 0.593 seconds
[2023-01-25 22:34:22,936] {processor.py:153} INFO - Started process (PID=2108) to work on /home/airflow/.local/lib/python3.7/site-packages/airflow/example_dags/example_branch_operator.py
[2023-01-25 22:34:22,939] {processor.py:641} INFO - Processing file /home/airflow/.local/lib/python3.7/site-packages/airflow/example_dags/example_branch_operator.py for tasks to queue
[2023-01-25 22:34:22,943] {logging_mixin.py:115} INFO - [2023-01-25 22:34:22,943] {dagbag.py:508} INFO - Filling up the DagBag from /home/airflow/.local/lib/python3.7/site-packages/airflow/example_dags/example_branch_operator.py
[2023-01-25 22:34:23,216] {processor.py:651} INFO - DAG(s) dict_keys(['example_branch_operator']) retrieved from /home/airflow/.local/lib/python3.7/site-packages/airflow/example_dags/example_branch_operator.py
[2023-01-25 22:34:23,320] {logging_mixin.py:115} INFO - [2023-01-25 22:34:23,319] {dag.py:2420} INFO - Sync 1 DAGs
[2023-01-25 22:34:23,446] {logging_mixin.py:115} INFO - [2023-01-25 22:34:23,445] {dag.py:2972} INFO - Setting next_dagrun for example_branch_operator to 2023-01-24T00:00:00+00:00, run_after=2023-01-25T00:00:00+00:00
[2023-01-25 22:34:23,492] {processor.py:161} INFO - Processing /home/airflow/.local/lib/python3.7/site-packages/airflow/example_dags/example_branch_operator.py took 0.570 seconds
[2023-01-25 22:34:53,977] {processor.py:153} INFO - Started process (PID=2222) to work on /home/airflow/.local/lib/python3.7/site-packages/airflow/example_dags/example_branch_operator.py
[2023-01-25 22:34:53,980] {processor.py:641} INFO - Processing file /home/airflow/.local/lib/python3.7/site-packages/airflow/example_dags/example_branch_operator.py for tasks to queue
[2023-01-25 22:34:53,982] {logging_mixin.py:115} INFO - [2023-01-25 22:34:53,982] {dagbag.py:508} INFO - Filling up the DagBag from /home/airflow/.local/lib/python3.7/site-packages/airflow/example_dags/example_branch_operator.py
[2023-01-25 22:34:54,212] {processor.py:651} INFO - DAG(s) dict_keys(['example_branch_operator']) retrieved from /home/airflow/.local/lib/python3.7/site-packages/airflow/example_dags/example_branch_operator.py
[2023-01-25 22:34:54,295] {logging_mixin.py:115} INFO - [2023-01-25 22:34:54,295] {dag.py:2420} INFO - Sync 1 DAGs
[2023-01-25 22:34:54,411] {logging_mixin.py:115} INFO - [2023-01-25 22:34:54,411] {dag.py:2972} INFO - Setting next_dagrun for example_branch_operator to 2023-01-24T00:00:00+00:00, run_after=2023-01-25T00:00:00+00:00
[2023-01-25 22:34:54,476] {processor.py:161} INFO - Processing /home/airflow/.local/lib/python3.7/site-packages/airflow/example_dags/example_branch_operator.py took 0.506 seconds
[2023-01-25 22:35:25,031] {processor.py:153} INFO - Started process (PID=2334) to work on /home/airflow/.local/lib/python3.7/site-packages/airflow/example_dags/example_branch_operator.py
[2023-01-25 22:35:25,033] {processor.py:641} INFO - Processing file /home/airflow/.local/lib/python3.7/site-packages/airflow/example_dags/example_branch_operator.py for tasks to queue
[2023-01-25 22:35:25,036] {logging_mixin.py:115} INFO - [2023-01-25 22:35:25,035] {dagbag.py:508} INFO - Filling up the DagBag from /home/airflow/.local/lib/python3.7/site-packages/airflow/example_dags/example_branch_operator.py
[2023-01-25 22:35:25,089] {processor.py:651} INFO - DAG(s) dict_keys(['example_branch_operator']) retrieved from /home/airflow/.local/lib/python3.7/site-packages/airflow/example_dags/example_branch_operator.py
[2023-01-25 22:35:25,177] {logging_mixin.py:115} INFO - [2023-01-25 22:35:25,176] {dag.py:2420} INFO - Sync 1 DAGs
[2023-01-25 22:35:25,282] {logging_mixin.py:115} INFO - [2023-01-25 22:35:25,282] {dag.py:2972} INFO - Setting next_dagrun for example_branch_operator to 2023-01-24T00:00:00+00:00, run_after=2023-01-25T00:00:00+00:00
[2023-01-25 22:35:25,319] {processor.py:161} INFO - Processing /home/airflow/.local/lib/python3.7/site-packages/airflow/example_dags/example_branch_operator.py took 0.297 seconds
[2023-01-25 22:35:56,083] {processor.py:153} INFO - Started process (PID=2449) to work on /home/airflow/.local/lib/python3.7/site-packages/airflow/example_dags/example_branch_operator.py
[2023-01-25 22:35:56,085] {processor.py:641} INFO - Processing file /home/airflow/.local/lib/python3.7/site-packages/airflow/example_dags/example_branch_operator.py for tasks to queue
[2023-01-25 22:35:56,087] {logging_mixin.py:115} INFO - [2023-01-25 22:35:56,087] {dagbag.py:508} INFO - Filling up the DagBag from /home/airflow/.local/lib/python3.7/site-packages/airflow/example_dags/example_branch_operator.py
[2023-01-25 22:35:56,134] {processor.py:651} INFO - DAG(s) dict_keys(['example_branch_operator']) retrieved from /home/airflow/.local/lib/python3.7/site-packages/airflow/example_dags/example_branch_operator.py
[2023-01-25 22:35:56,219] {logging_mixin.py:115} INFO - [2023-01-25 22:35:56,219] {dag.py:2420} INFO - Sync 1 DAGs
[2023-01-25 22:35:56,324] {logging_mixin.py:115} INFO - [2023-01-25 22:35:56,324] {dag.py:2972} INFO - Setting next_dagrun for example_branch_operator to 2023-01-24T00:00:00+00:00, run_after=2023-01-25T00:00:00+00:00
[2023-01-25 22:35:56,361] {processor.py:161} INFO - Processing /home/airflow/.local/lib/python3.7/site-packages/airflow/example_dags/example_branch_operator.py took 0.285 seconds
[2023-01-25 22:36:26,673] {processor.py:153} INFO - Started process (PID=2560) to work on /home/airflow/.local/lib/python3.7/site-packages/airflow/example_dags/example_branch_operator.py
[2023-01-25 22:36:26,675] {processor.py:641} INFO - Processing file /home/airflow/.local/lib/python3.7/site-packages/airflow/example_dags/example_branch_operator.py for tasks to queue
[2023-01-25 22:36:26,676] {logging_mixin.py:115} INFO - [2023-01-25 22:36:26,676] {dagbag.py:508} INFO - Filling up the DagBag from /home/airflow/.local/lib/python3.7/site-packages/airflow/example_dags/example_branch_operator.py
[2023-01-25 22:36:26,722] {processor.py:651} INFO - DAG(s) dict_keys(['example_branch_operator']) retrieved from /home/airflow/.local/lib/python3.7/site-packages/airflow/example_dags/example_branch_operator.py
[2023-01-25 22:36:26,806] {logging_mixin.py:115} INFO - [2023-01-25 22:36:26,806] {dag.py:2420} INFO - Sync 1 DAGs
[2023-01-25 22:36:26,917] {logging_mixin.py:115} INFO - [2023-01-25 22:36:26,916] {dag.py:2972} INFO - Setting next_dagrun for example_branch_operator to 2023-01-24T00:00:00+00:00, run_after=2023-01-25T00:00:00+00:00
[2023-01-25 22:36:26,964] {processor.py:161} INFO - Processing /home/airflow/.local/lib/python3.7/site-packages/airflow/example_dags/example_branch_operator.py took 0.300 seconds
[2023-01-25 22:36:57,327] {processor.py:153} INFO - Started process (PID=2674) to work on /home/airflow/.local/lib/python3.7/site-packages/airflow/example_dags/example_branch_operator.py
[2023-01-25 22:36:57,330] {processor.py:641} INFO - Processing file /home/airflow/.local/lib/python3.7/site-packages/airflow/example_dags/example_branch_operator.py for tasks to queue
[2023-01-25 22:36:57,332] {logging_mixin.py:115} INFO - [2023-01-25 22:36:57,332] {dagbag.py:508} INFO - Filling up the DagBag from /home/airflow/.local/lib/python3.7/site-packages/airflow/example_dags/example_branch_operator.py
[2023-01-25 22:36:57,381] {processor.py:651} INFO - DAG(s) dict_keys(['example_branch_operator']) retrieved from /home/airflow/.local/lib/python3.7/site-packages/airflow/example_dags/example_branch_operator.py
[2023-01-25 22:36:57,470] {logging_mixin.py:115} INFO - [2023-01-25 22:36:57,469] {dag.py:2420} INFO - Sync 1 DAGs
[2023-01-25 22:36:57,576] {logging_mixin.py:115} INFO - [2023-01-25 22:36:57,575] {dag.py:2972} INFO - Setting next_dagrun for example_branch_operator to 2023-01-24T00:00:00+00:00, run_after=2023-01-25T00:00:00+00:00
[2023-01-25 22:36:57,613] {processor.py:161} INFO - Processing /home/airflow/.local/lib/python3.7/site-packages/airflow/example_dags/example_branch_operator.py took 0.296 seconds
[2023-01-25 22:37:30,381] {processor.py:153} INFO - Started process (PID=2787) to work on /home/airflow/.local/lib/python3.7/site-packages/airflow/example_dags/example_branch_operator.py
[2023-01-25 22:37:30,384] {processor.py:641} INFO - Processing file /home/airflow/.local/lib/python3.7/site-packages/airflow/example_dags/example_branch_operator.py for tasks to queue
[2023-01-25 22:37:30,386] {logging_mixin.py:115} INFO - [2023-01-25 22:37:30,386] {dagbag.py:508} INFO - Filling up the DagBag from /home/airflow/.local/lib/python3.7/site-packages/airflow/example_dags/example_branch_operator.py
[2023-01-25 22:37:30,437] {processor.py:651} INFO - DAG(s) dict_keys(['example_branch_operator']) retrieved from /home/airflow/.local/lib/python3.7/site-packages/airflow/example_dags/example_branch_operator.py
[2023-01-25 22:37:30,530] {logging_mixin.py:115} INFO - [2023-01-25 22:37:30,530] {dag.py:2420} INFO - Sync 1 DAGs
[2023-01-25 22:37:30,636] {logging_mixin.py:115} INFO - [2023-01-25 22:37:30,636] {dag.py:2972} INFO - Setting next_dagrun for example_branch_operator to 2023-01-24T00:00:00+00:00, run_after=2023-01-25T00:00:00+00:00
[2023-01-25 22:37:30,672] {processor.py:161} INFO - Processing /home/airflow/.local/lib/python3.7/site-packages/airflow/example_dags/example_branch_operator.py took 0.299 seconds
[2023-01-25 22:38:05,484] {processor.py:153} INFO - Started process (PID=2904) to work on /home/airflow/.local/lib/python3.7/site-packages/airflow/example_dags/example_branch_operator.py
[2023-01-25 22:38:05,487] {processor.py:641} INFO - Processing file /home/airflow/.local/lib/python3.7/site-packages/airflow/example_dags/example_branch_operator.py for tasks to queue
[2023-01-25 22:38:05,490] {logging_mixin.py:115} INFO - [2023-01-25 22:38:05,489] {dagbag.py:508} INFO - Filling up the DagBag from /home/airflow/.local/lib/python3.7/site-packages/airflow/example_dags/example_branch_operator.py
[2023-01-25 22:38:05,543] {processor.py:651} INFO - DAG(s) dict_keys(['example_branch_operator']) retrieved from /home/airflow/.local/lib/python3.7/site-packages/airflow/example_dags/example_branch_operator.py
[2023-01-25 22:38:05,649] {logging_mixin.py:115} INFO - [2023-01-25 22:38:05,649] {dag.py:2420} INFO - Sync 1 DAGs
[2023-01-25 22:38:05,801] {logging_mixin.py:115} INFO - [2023-01-25 22:38:05,800] {dag.py:2972} INFO - Setting next_dagrun for example_branch_operator to 2023-01-24T00:00:00+00:00, run_after=2023-01-25T00:00:00+00:00
[2023-01-25 22:38:05,867] {processor.py:161} INFO - Processing /home/airflow/.local/lib/python3.7/site-packages/airflow/example_dags/example_branch_operator.py took 0.392 seconds
[2023-01-25 22:38:37,836] {processor.py:153} INFO - Started process (PID=3018) to work on /home/airflow/.local/lib/python3.7/site-packages/airflow/example_dags/example_branch_operator.py
[2023-01-25 22:38:37,838] {processor.py:641} INFO - Processing file /home/airflow/.local/lib/python3.7/site-packages/airflow/example_dags/example_branch_operator.py for tasks to queue
[2023-01-25 22:38:37,840] {logging_mixin.py:115} INFO - [2023-01-25 22:38:37,840] {dagbag.py:508} INFO - Filling up the DagBag from /home/airflow/.local/lib/python3.7/site-packages/airflow/example_dags/example_branch_operator.py
[2023-01-25 22:38:37,888] {processor.py:651} INFO - DAG(s) dict_keys(['example_branch_operator']) retrieved from /home/airflow/.local/lib/python3.7/site-packages/airflow/example_dags/example_branch_operator.py
[2023-01-25 22:38:37,975] {logging_mixin.py:115} INFO - [2023-01-25 22:38:37,975] {dag.py:2420} INFO - Sync 1 DAGs
[2023-01-25 22:38:38,092] {logging_mixin.py:115} INFO - [2023-01-25 22:38:38,092] {dag.py:2972} INFO - Setting next_dagrun for example_branch_operator to 2023-01-24T00:00:00+00:00, run_after=2023-01-25T00:00:00+00:00
[2023-01-25 22:38:38,139] {processor.py:161} INFO - Processing /home/airflow/.local/lib/python3.7/site-packages/airflow/example_dags/example_branch_operator.py took 0.312 seconds
[2023-01-25 22:39:11,559] {processor.py:153} INFO - Started process (PID=3145) to work on /home/airflow/.local/lib/python3.7/site-packages/airflow/example_dags/example_branch_operator.py
[2023-01-25 22:39:11,567] {processor.py:641} INFO - Processing file /home/airflow/.local/lib/python3.7/site-packages/airflow/example_dags/example_branch_operator.py for tasks to queue
[2023-01-25 22:39:11,571] {logging_mixin.py:115} INFO - [2023-01-25 22:39:11,571] {dagbag.py:508} INFO - Filling up the DagBag from /home/airflow/.local/lib/python3.7/site-packages/airflow/example_dags/example_branch_operator.py
[2023-01-25 22:39:11,670] {processor.py:651} INFO - DAG(s) dict_keys(['example_branch_operator']) retrieved from /home/airflow/.local/lib/python3.7/site-packages/airflow/example_dags/example_branch_operator.py
[2023-01-25 22:39:11,788] {logging_mixin.py:115} INFO - [2023-01-25 22:39:11,788] {dag.py:2420} INFO - Sync 1 DAGs
[2023-01-25 22:39:11,925] {logging_mixin.py:115} INFO - [2023-01-25 22:39:11,924] {dag.py:2972} INFO - Setting next_dagrun for example_branch_operator to 2023-01-24T00:00:00+00:00, run_after=2023-01-25T00:00:00+00:00
[2023-01-25 22:39:11,975] {processor.py:161} INFO - Processing /home/airflow/.local/lib/python3.7/site-packages/airflow/example_dags/example_branch_operator.py took 0.436 seconds
[2023-01-25 22:39:44,350] {processor.py:153} INFO - Started process (PID=3264) to work on /home/airflow/.local/lib/python3.7/site-packages/airflow/example_dags/example_branch_operator.py
[2023-01-25 22:39:44,352] {processor.py:641} INFO - Processing file /home/airflow/.local/lib/python3.7/site-packages/airflow/example_dags/example_branch_operator.py for tasks to queue
[2023-01-25 22:39:44,354] {logging_mixin.py:115} INFO - [2023-01-25 22:39:44,354] {dagbag.py:508} INFO - Filling up the DagBag from /home/airflow/.local/lib/python3.7/site-packages/airflow/example_dags/example_branch_operator.py
[2023-01-25 22:39:44,404] {processor.py:651} INFO - DAG(s) dict_keys(['example_branch_operator']) retrieved from /home/airflow/.local/lib/python3.7/site-packages/airflow/example_dags/example_branch_operator.py
[2023-01-25 22:39:44,512] {logging_mixin.py:115} INFO - [2023-01-25 22:39:44,511] {dag.py:2420} INFO - Sync 1 DAGs
[2023-01-25 22:39:44,699] {logging_mixin.py:115} INFO - [2023-01-25 22:39:44,698] {dag.py:2972} INFO - Setting next_dagrun for example_branch_operator to 2023-01-24T00:00:00+00:00, run_after=2023-01-25T00:00:00+00:00
[2023-01-25 22:39:44,745] {processor.py:161} INFO - Processing /home/airflow/.local/lib/python3.7/site-packages/airflow/example_dags/example_branch_operator.py took 0.404 seconds
[2023-01-25 22:40:17,248] {processor.py:153} INFO - Started process (PID=3378) to work on /home/airflow/.local/lib/python3.7/site-packages/airflow/example_dags/example_branch_operator.py
[2023-01-25 22:40:17,250] {processor.py:641} INFO - Processing file /home/airflow/.local/lib/python3.7/site-packages/airflow/example_dags/example_branch_operator.py for tasks to queue
[2023-01-25 22:40:17,253] {logging_mixin.py:115} INFO - [2023-01-25 22:40:17,252] {dagbag.py:508} INFO - Filling up the DagBag from /home/airflow/.local/lib/python3.7/site-packages/airflow/example_dags/example_branch_operator.py
[2023-01-25 22:40:17,306] {processor.py:651} INFO - DAG(s) dict_keys(['example_branch_operator']) retrieved from /home/airflow/.local/lib/python3.7/site-packages/airflow/example_dags/example_branch_operator.py
[2023-01-25 22:40:17,402] {logging_mixin.py:115} INFO - [2023-01-25 22:40:17,401] {dag.py:2420} INFO - Sync 1 DAGs
[2023-01-25 22:40:17,512] {logging_mixin.py:115} INFO - [2023-01-25 22:40:17,512] {dag.py:2972} INFO - Setting next_dagrun for example_branch_operator to 2023-01-24T00:00:00+00:00, run_after=2023-01-25T00:00:00+00:00
[2023-01-25 22:40:17,549] {processor.py:161} INFO - Processing /home/airflow/.local/lib/python3.7/site-packages/airflow/example_dags/example_branch_operator.py took 0.310 seconds
[2023-01-25 22:40:50,420] {processor.py:153} INFO - Started process (PID=3492) to work on /home/airflow/.local/lib/python3.7/site-packages/airflow/example_dags/example_branch_operator.py
[2023-01-25 22:40:50,422] {processor.py:641} INFO - Processing file /home/airflow/.local/lib/python3.7/site-packages/airflow/example_dags/example_branch_operator.py for tasks to queue
[2023-01-25 22:40:50,424] {logging_mixin.py:115} INFO - [2023-01-25 22:40:50,424] {dagbag.py:508} INFO - Filling up the DagBag from /home/airflow/.local/lib/python3.7/site-packages/airflow/example_dags/example_branch_operator.py
[2023-01-25 22:40:50,471] {processor.py:651} INFO - DAG(s) dict_keys(['example_branch_operator']) retrieved from /home/airflow/.local/lib/python3.7/site-packages/airflow/example_dags/example_branch_operator.py
[2023-01-25 22:40:50,558] {logging_mixin.py:115} INFO - [2023-01-25 22:40:50,558] {dag.py:2420} INFO - Sync 1 DAGs
[2023-01-25 22:40:50,670] {logging_mixin.py:115} INFO - [2023-01-25 22:40:50,670] {dag.py:2972} INFO - Setting next_dagrun for example_branch_operator to 2023-01-24T00:00:00+00:00, run_after=2023-01-25T00:00:00+00:00
[2023-01-25 22:40:50,711] {processor.py:161} INFO - Processing /home/airflow/.local/lib/python3.7/site-packages/airflow/example_dags/example_branch_operator.py took 0.300 seconds
[2023-01-25 22:41:22,910] {processor.py:153} INFO - Started process (PID=3607) to work on /home/airflow/.local/lib/python3.7/site-packages/airflow/example_dags/example_branch_operator.py
[2023-01-25 22:41:22,912] {processor.py:641} INFO - Processing file /home/airflow/.local/lib/python3.7/site-packages/airflow/example_dags/example_branch_operator.py for tasks to queue
[2023-01-25 22:41:22,914] {logging_mixin.py:115} INFO - [2023-01-25 22:41:22,913] {dagbag.py:508} INFO - Filling up the DagBag from /home/airflow/.local/lib/python3.7/site-packages/airflow/example_dags/example_branch_operator.py
[2023-01-25 22:41:22,961] {processor.py:651} INFO - DAG(s) dict_keys(['example_branch_operator']) retrieved from /home/airflow/.local/lib/python3.7/site-packages/airflow/example_dags/example_branch_operator.py
[2023-01-25 22:41:23,042] {logging_mixin.py:115} INFO - [2023-01-25 22:41:23,041] {dag.py:2420} INFO - Sync 1 DAGs
[2023-01-25 22:41:23,142] {logging_mixin.py:115} INFO - [2023-01-25 22:41:23,142] {dag.py:2972} INFO - Setting next_dagrun for example_branch_operator to 2023-01-24T00:00:00+00:00, run_after=2023-01-25T00:00:00+00:00
[2023-01-25 22:41:23,179] {processor.py:161} INFO - Processing /home/airflow/.local/lib/python3.7/site-packages/airflow/example_dags/example_branch_operator.py took 0.277 seconds
[2023-01-25 22:41:55,788] {processor.py:153} INFO - Started process (PID=3720) to work on /home/airflow/.local/lib/python3.7/site-packages/airflow/example_dags/example_branch_operator.py
[2023-01-25 22:41:55,791] {processor.py:641} INFO - Processing file /home/airflow/.local/lib/python3.7/site-packages/airflow/example_dags/example_branch_operator.py for tasks to queue
[2023-01-25 22:41:55,793] {logging_mixin.py:115} INFO - [2023-01-25 22:41:55,793] {dagbag.py:508} INFO - Filling up the DagBag from /home/airflow/.local/lib/python3.7/site-packages/airflow/example_dags/example_branch_operator.py
[2023-01-25 22:41:55,839] {processor.py:651} INFO - DAG(s) dict_keys(['example_branch_operator']) retrieved from /home/airflow/.local/lib/python3.7/site-packages/airflow/example_dags/example_branch_operator.py
[2023-01-25 22:41:55,921] {logging_mixin.py:115} INFO - [2023-01-25 22:41:55,921] {dag.py:2420} INFO - Sync 1 DAGs
[2023-01-25 22:41:56,026] {logging_mixin.py:115} INFO - [2023-01-25 22:41:56,025] {dag.py:2972} INFO - Setting next_dagrun for example_branch_operator to 2023-01-24T00:00:00+00:00, run_after=2023-01-25T00:00:00+00:00
[2023-01-25 22:41:56,063] {processor.py:161} INFO - Processing /home/airflow/.local/lib/python3.7/site-packages/airflow/example_dags/example_branch_operator.py took 0.283 seconds
[2023-01-25 22:42:28,099] {processor.py:153} INFO - Started process (PID=3833) to work on /home/airflow/.local/lib/python3.7/site-packages/airflow/example_dags/example_branch_operator.py
[2023-01-25 22:42:28,101] {processor.py:641} INFO - Processing file /home/airflow/.local/lib/python3.7/site-packages/airflow/example_dags/example_branch_operator.py for tasks to queue
[2023-01-25 22:42:28,104] {logging_mixin.py:115} INFO - [2023-01-25 22:42:28,103] {dagbag.py:508} INFO - Filling up the DagBag from /home/airflow/.local/lib/python3.7/site-packages/airflow/example_dags/example_branch_operator.py
[2023-01-25 22:42:28,150] {processor.py:651} INFO - DAG(s) dict_keys(['example_branch_operator']) retrieved from /home/airflow/.local/lib/python3.7/site-packages/airflow/example_dags/example_branch_operator.py
[2023-01-25 22:42:28,239] {logging_mixin.py:115} INFO - [2023-01-25 22:42:28,239] {dag.py:2420} INFO - Sync 1 DAGs
[2023-01-25 22:42:28,346] {logging_mixin.py:115} INFO - [2023-01-25 22:42:28,345] {dag.py:2972} INFO - Setting next_dagrun for example_branch_operator to 2023-01-24T00:00:00+00:00, run_after=2023-01-25T00:00:00+00:00
[2023-01-25 22:42:28,394] {processor.py:161} INFO - Processing /home/airflow/.local/lib/python3.7/site-packages/airflow/example_dags/example_branch_operator.py took 0.303 seconds
[2023-01-25 22:42:59,788] {processor.py:153} INFO - Started process (PID=3943) to work on /home/airflow/.local/lib/python3.7/site-packages/airflow/example_dags/example_branch_operator.py
[2023-01-25 22:42:59,790] {processor.py:641} INFO - Processing file /home/airflow/.local/lib/python3.7/site-packages/airflow/example_dags/example_branch_operator.py for tasks to queue
[2023-01-25 22:42:59,793] {logging_mixin.py:115} INFO - [2023-01-25 22:42:59,792] {dagbag.py:508} INFO - Filling up the DagBag from /home/airflow/.local/lib/python3.7/site-packages/airflow/example_dags/example_branch_operator.py
[2023-01-25 22:42:59,848] {processor.py:651} INFO - DAG(s) dict_keys(['example_branch_operator']) retrieved from /home/airflow/.local/lib/python3.7/site-packages/airflow/example_dags/example_branch_operator.py
[2023-01-25 22:42:59,949] {logging_mixin.py:115} INFO - [2023-01-25 22:42:59,948] {dag.py:2420} INFO - Sync 1 DAGs
[2023-01-25 22:43:00,086] {logging_mixin.py:115} INFO - [2023-01-25 22:43:00,085] {dag.py:2972} INFO - Setting next_dagrun for example_branch_operator to 2023-01-24T00:00:00+00:00, run_after=2023-01-25T00:00:00+00:00
[2023-01-25 22:43:00,127] {processor.py:161} INFO - Processing /home/airflow/.local/lib/python3.7/site-packages/airflow/example_dags/example_branch_operator.py took 0.348 seconds
[2023-01-25 22:43:30,331] {processor.py:153} INFO - Started process (PID=4053) to work on /home/airflow/.local/lib/python3.7/site-packages/airflow/example_dags/example_branch_operator.py
[2023-01-25 22:43:30,334] {processor.py:641} INFO - Processing file /home/airflow/.local/lib/python3.7/site-packages/airflow/example_dags/example_branch_operator.py for tasks to queue
[2023-01-25 22:43:30,336] {logging_mixin.py:115} INFO - [2023-01-25 22:43:30,336] {dagbag.py:508} INFO - Filling up the DagBag from /home/airflow/.local/lib/python3.7/site-packages/airflow/example_dags/example_branch_operator.py
[2023-01-25 22:43:30,395] {processor.py:651} INFO - DAG(s) dict_keys(['example_branch_operator']) retrieved from /home/airflow/.local/lib/python3.7/site-packages/airflow/example_dags/example_branch_operator.py
[2023-01-25 22:43:30,500] {logging_mixin.py:115} INFO - [2023-01-25 22:43:30,499] {dag.py:2420} INFO - Sync 1 DAGs
[2023-01-25 22:43:30,619] {logging_mixin.py:115} INFO - [2023-01-25 22:43:30,619] {dag.py:2972} INFO - Setting next_dagrun for example_branch_operator to 2023-01-24T00:00:00+00:00, run_after=2023-01-25T00:00:00+00:00
[2023-01-25 22:43:30,662] {processor.py:161} INFO - Processing /home/airflow/.local/lib/python3.7/site-packages/airflow/example_dags/example_branch_operator.py took 0.342 seconds
[2023-01-25 22:44:00,933] {processor.py:153} INFO - Started process (PID=4165) to work on /home/airflow/.local/lib/python3.7/site-packages/airflow/example_dags/example_branch_operator.py
[2023-01-25 22:44:00,937] {processor.py:641} INFO - Processing file /home/airflow/.local/lib/python3.7/site-packages/airflow/example_dags/example_branch_operator.py for tasks to queue
[2023-01-25 22:44:00,939] {logging_mixin.py:115} INFO - [2023-01-25 22:44:00,939] {dagbag.py:508} INFO - Filling up the DagBag from /home/airflow/.local/lib/python3.7/site-packages/airflow/example_dags/example_branch_operator.py
[2023-01-25 22:44:00,991] {processor.py:651} INFO - DAG(s) dict_keys(['example_branch_operator']) retrieved from /home/airflow/.local/lib/python3.7/site-packages/airflow/example_dags/example_branch_operator.py
[2023-01-25 22:44:01,099] {logging_mixin.py:115} INFO - [2023-01-25 22:44:01,099] {dag.py:2420} INFO - Sync 1 DAGs
[2023-01-25 22:44:01,204] {logging_mixin.py:115} INFO - [2023-01-25 22:44:01,204] {dag.py:2972} INFO - Setting next_dagrun for example_branch_operator to 2023-01-24T00:00:00+00:00, run_after=2023-01-25T00:00:00+00:00
[2023-01-25 22:44:01,245] {processor.py:161} INFO - Processing /home/airflow/.local/lib/python3.7/site-packages/airflow/example_dags/example_branch_operator.py took 0.322 seconds
[2023-01-25 22:44:31,703] {processor.py:153} INFO - Started process (PID=4279) to work on /home/airflow/.local/lib/python3.7/site-packages/airflow/example_dags/example_branch_operator.py
[2023-01-25 22:44:31,705] {processor.py:641} INFO - Processing file /home/airflow/.local/lib/python3.7/site-packages/airflow/example_dags/example_branch_operator.py for tasks to queue
[2023-01-25 22:44:31,708] {logging_mixin.py:115} INFO - [2023-01-25 22:44:31,707] {dagbag.py:508} INFO - Filling up the DagBag from /home/airflow/.local/lib/python3.7/site-packages/airflow/example_dags/example_branch_operator.py
[2023-01-25 22:44:31,755] {processor.py:651} INFO - DAG(s) dict_keys(['example_branch_operator']) retrieved from /home/airflow/.local/lib/python3.7/site-packages/airflow/example_dags/example_branch_operator.py
[2023-01-25 22:44:31,837] {logging_mixin.py:115} INFO - [2023-01-25 22:44:31,837] {dag.py:2420} INFO - Sync 1 DAGs
[2023-01-25 22:44:31,934] {logging_mixin.py:115} INFO - [2023-01-25 22:44:31,933] {dag.py:2972} INFO - Setting next_dagrun for example_branch_operator to 2023-01-24T00:00:00+00:00, run_after=2023-01-25T00:00:00+00:00
[2023-01-25 22:44:31,971] {processor.py:161} INFO - Processing /home/airflow/.local/lib/python3.7/site-packages/airflow/example_dags/example_branch_operator.py took 0.277 seconds
[2023-01-25 22:45:02,449] {processor.py:153} INFO - Started process (PID=4396) to work on /home/airflow/.local/lib/python3.7/site-packages/airflow/example_dags/example_branch_operator.py
[2023-01-25 22:45:02,452] {processor.py:641} INFO - Processing file /home/airflow/.local/lib/python3.7/site-packages/airflow/example_dags/example_branch_operator.py for tasks to queue
[2023-01-25 22:45:02,455] {logging_mixin.py:115} INFO - [2023-01-25 22:45:02,455] {dagbag.py:508} INFO - Filling up the DagBag from /home/airflow/.local/lib/python3.7/site-packages/airflow/example_dags/example_branch_operator.py
[2023-01-25 22:45:02,506] {processor.py:651} INFO - DAG(s) dict_keys(['example_branch_operator']) retrieved from /home/airflow/.local/lib/python3.7/site-packages/airflow/example_dags/example_branch_operator.py
[2023-01-25 22:45:02,594] {logging_mixin.py:115} INFO - [2023-01-25 22:45:02,594] {dag.py:2420} INFO - Sync 1 DAGs
[2023-01-25 22:45:02,694] {logging_mixin.py:115} INFO - [2023-01-25 22:45:02,693] {dag.py:2972} INFO - Setting next_dagrun for example_branch_operator to 2023-01-24T00:00:00+00:00, run_after=2023-01-25T00:00:00+00:00
[2023-01-25 22:45:02,729] {processor.py:161} INFO - Processing /home/airflow/.local/lib/python3.7/site-packages/airflow/example_dags/example_branch_operator.py took 0.289 seconds
[2023-01-25 22:45:33,225] {processor.py:153} INFO - Started process (PID=4510) to work on /home/airflow/.local/lib/python3.7/site-packages/airflow/example_dags/example_branch_operator.py
[2023-01-25 22:45:33,227] {processor.py:641} INFO - Processing file /home/airflow/.local/lib/python3.7/site-packages/airflow/example_dags/example_branch_operator.py for tasks to queue
[2023-01-25 22:45:33,229] {logging_mixin.py:115} INFO - [2023-01-25 22:45:33,229] {dagbag.py:508} INFO - Filling up the DagBag from /home/airflow/.local/lib/python3.7/site-packages/airflow/example_dags/example_branch_operator.py
[2023-01-25 22:45:33,279] {processor.py:651} INFO - DAG(s) dict_keys(['example_branch_operator']) retrieved from /home/airflow/.local/lib/python3.7/site-packages/airflow/example_dags/example_branch_operator.py
[2023-01-25 22:45:33,367] {logging_mixin.py:115} INFO - [2023-01-25 22:45:33,367] {dag.py:2420} INFO - Sync 1 DAGs
[2023-01-25 22:45:33,470] {logging_mixin.py:115} INFO - [2023-01-25 22:45:33,470] {dag.py:2972} INFO - Setting next_dagrun for example_branch_operator to 2023-01-24T00:00:00+00:00, run_after=2023-01-25T00:00:00+00:00
[2023-01-25 22:45:33,507] {processor.py:161} INFO - Processing /home/airflow/.local/lib/python3.7/site-packages/airflow/example_dags/example_branch_operator.py took 0.290 seconds
[2023-01-25 22:46:03,667] {processor.py:153} INFO - Started process (PID=4624) to work on /home/airflow/.local/lib/python3.7/site-packages/airflow/example_dags/example_branch_operator.py
[2023-01-25 22:46:03,669] {processor.py:641} INFO - Processing file /home/airflow/.local/lib/python3.7/site-packages/airflow/example_dags/example_branch_operator.py for tasks to queue
[2023-01-25 22:46:03,671] {logging_mixin.py:115} INFO - [2023-01-25 22:46:03,671] {dagbag.py:508} INFO - Filling up the DagBag from /home/airflow/.local/lib/python3.7/site-packages/airflow/example_dags/example_branch_operator.py
[2023-01-25 22:46:03,725] {processor.py:651} INFO - DAG(s) dict_keys(['example_branch_operator']) retrieved from /home/airflow/.local/lib/python3.7/site-packages/airflow/example_dags/example_branch_operator.py
[2023-01-25 22:46:03,817] {logging_mixin.py:115} INFO - [2023-01-25 22:46:03,817] {dag.py:2420} INFO - Sync 1 DAGs
[2023-01-25 22:46:03,912] {logging_mixin.py:115} INFO - [2023-01-25 22:46:03,911] {dag.py:2972} INFO - Setting next_dagrun for example_branch_operator to 2023-01-24T00:00:00+00:00, run_after=2023-01-25T00:00:00+00:00
[2023-01-25 22:46:03,945] {processor.py:161} INFO - Processing /home/airflow/.local/lib/python3.7/site-packages/airflow/example_dags/example_branch_operator.py took 0.287 seconds
[2023-01-25 22:46:34,287] {processor.py:153} INFO - Started process (PID=4739) to work on /home/airflow/.local/lib/python3.7/site-packages/airflow/example_dags/example_branch_operator.py
[2023-01-25 22:46:34,289] {processor.py:641} INFO - Processing file /home/airflow/.local/lib/python3.7/site-packages/airflow/example_dags/example_branch_operator.py for tasks to queue
[2023-01-25 22:46:34,291] {logging_mixin.py:115} INFO - [2023-01-25 22:46:34,291] {dagbag.py:508} INFO - Filling up the DagBag from /home/airflow/.local/lib/python3.7/site-packages/airflow/example_dags/example_branch_operator.py
[2023-01-25 22:46:34,338] {processor.py:651} INFO - DAG(s) dict_keys(['example_branch_operator']) retrieved from /home/airflow/.local/lib/python3.7/site-packages/airflow/example_dags/example_branch_operator.py
[2023-01-25 22:46:34,422] {logging_mixin.py:115} INFO - [2023-01-25 22:46:34,422] {dag.py:2420} INFO - Sync 1 DAGs
[2023-01-25 22:46:34,518] {logging_mixin.py:115} INFO - [2023-01-25 22:46:34,517] {dag.py:2972} INFO - Setting next_dagrun for example_branch_operator to 2023-01-24T00:00:00+00:00, run_after=2023-01-25T00:00:00+00:00
[2023-01-25 22:46:34,551] {processor.py:161} INFO - Processing /home/airflow/.local/lib/python3.7/site-packages/airflow/example_dags/example_branch_operator.py took 0.273 seconds
[2023-01-25 22:47:04,791] {processor.py:153} INFO - Started process (PID=4853) to work on /home/airflow/.local/lib/python3.7/site-packages/airflow/example_dags/example_branch_operator.py
[2023-01-25 22:47:04,793] {processor.py:641} INFO - Processing file /home/airflow/.local/lib/python3.7/site-packages/airflow/example_dags/example_branch_operator.py for tasks to queue
[2023-01-25 22:47:04,796] {logging_mixin.py:115} INFO - [2023-01-25 22:47:04,796] {dagbag.py:508} INFO - Filling up the DagBag from /home/airflow/.local/lib/python3.7/site-packages/airflow/example_dags/example_branch_operator.py
[2023-01-25 22:47:04,845] {processor.py:651} INFO - DAG(s) dict_keys(['example_branch_operator']) retrieved from /home/airflow/.local/lib/python3.7/site-packages/airflow/example_dags/example_branch_operator.py
[2023-01-25 22:47:04,931] {logging_mixin.py:115} INFO - [2023-01-25 22:47:04,930] {dag.py:2420} INFO - Sync 1 DAGs
[2023-01-25 22:47:05,029] {logging_mixin.py:115} INFO - [2023-01-25 22:47:05,028] {dag.py:2972} INFO - Setting next_dagrun for example_branch_operator to 2023-01-24T00:00:00+00:00, run_after=2023-01-25T00:00:00+00:00
[2023-01-25 22:47:05,062] {processor.py:161} INFO - Processing /home/airflow/.local/lib/python3.7/site-packages/airflow/example_dags/example_branch_operator.py took 0.285 seconds
[2023-01-25 22:47:35,610] {processor.py:153} INFO - Started process (PID=4967) to work on /home/airflow/.local/lib/python3.7/site-packages/airflow/example_dags/example_branch_operator.py
[2023-01-25 22:47:35,612] {processor.py:641} INFO - Processing file /home/airflow/.local/lib/python3.7/site-packages/airflow/example_dags/example_branch_operator.py for tasks to queue
[2023-01-25 22:47:35,615] {logging_mixin.py:115} INFO - [2023-01-25 22:47:35,615] {dagbag.py:508} INFO - Filling up the DagBag from /home/airflow/.local/lib/python3.7/site-packages/airflow/example_dags/example_branch_operator.py
[2023-01-25 22:47:35,662] {processor.py:651} INFO - DAG(s) dict_keys(['example_branch_operator']) retrieved from /home/airflow/.local/lib/python3.7/site-packages/airflow/example_dags/example_branch_operator.py
[2023-01-25 22:47:35,744] {logging_mixin.py:115} INFO - [2023-01-25 22:47:35,744] {dag.py:2420} INFO - Sync 1 DAGs
[2023-01-25 22:47:35,837] {logging_mixin.py:115} INFO - [2023-01-25 22:47:35,837] {dag.py:2972} INFO - Setting next_dagrun for example_branch_operator to 2023-01-24T00:00:00+00:00, run_after=2023-01-25T00:00:00+00:00
[2023-01-25 22:47:35,870] {processor.py:161} INFO - Processing /home/airflow/.local/lib/python3.7/site-packages/airflow/example_dags/example_branch_operator.py took 0.272 seconds
[2023-01-25 22:48:06,553] {processor.py:153} INFO - Started process (PID=5080) to work on /home/airflow/.local/lib/python3.7/site-packages/airflow/example_dags/example_branch_operator.py
[2023-01-25 22:48:06,556] {processor.py:641} INFO - Processing file /home/airflow/.local/lib/python3.7/site-packages/airflow/example_dags/example_branch_operator.py for tasks to queue
[2023-01-25 22:48:06,558] {logging_mixin.py:115} INFO - [2023-01-25 22:48:06,558] {dagbag.py:508} INFO - Filling up the DagBag from /home/airflow/.local/lib/python3.7/site-packages/airflow/example_dags/example_branch_operator.py
[2023-01-25 22:48:06,611] {processor.py:651} INFO - DAG(s) dict_keys(['example_branch_operator']) retrieved from /home/airflow/.local/lib/python3.7/site-packages/airflow/example_dags/example_branch_operator.py
[2023-01-25 22:48:06,708] {logging_mixin.py:115} INFO - [2023-01-25 22:48:06,708] {dag.py:2420} INFO - Sync 1 DAGs
[2023-01-25 22:48:06,830] {logging_mixin.py:115} INFO - [2023-01-25 22:48:06,830] {dag.py:2972} INFO - Setting next_dagrun for example_branch_operator to 2023-01-24T00:00:00+00:00, run_after=2023-01-25T00:00:00+00:00
[2023-01-25 22:48:06,884] {processor.py:161} INFO - Processing /home/airflow/.local/lib/python3.7/site-packages/airflow/example_dags/example_branch_operator.py took 0.341 seconds
[2023-01-25 22:48:37,541] {processor.py:153} INFO - Started process (PID=5194) to work on /home/airflow/.local/lib/python3.7/site-packages/airflow/example_dags/example_branch_operator.py
[2023-01-25 22:48:37,543] {processor.py:641} INFO - Processing file /home/airflow/.local/lib/python3.7/site-packages/airflow/example_dags/example_branch_operator.py for tasks to queue
[2023-01-25 22:48:37,546] {logging_mixin.py:115} INFO - [2023-01-25 22:48:37,545] {dagbag.py:508} INFO - Filling up the DagBag from /home/airflow/.local/lib/python3.7/site-packages/airflow/example_dags/example_branch_operator.py
[2023-01-25 22:48:37,594] {processor.py:651} INFO - DAG(s) dict_keys(['example_branch_operator']) retrieved from /home/airflow/.local/lib/python3.7/site-packages/airflow/example_dags/example_branch_operator.py
[2023-01-25 22:48:37,681] {logging_mixin.py:115} INFO - [2023-01-25 22:48:37,680] {dag.py:2420} INFO - Sync 1 DAGs
[2023-01-25 22:48:37,783] {logging_mixin.py:115} INFO - [2023-01-25 22:48:37,782] {dag.py:2972} INFO - Setting next_dagrun for example_branch_operator to 2023-01-24T00:00:00+00:00, run_after=2023-01-25T00:00:00+00:00
[2023-01-25 22:48:37,819] {processor.py:161} INFO - Processing /home/airflow/.local/lib/python3.7/site-packages/airflow/example_dags/example_branch_operator.py took 0.285 seconds
[2023-01-25 22:49:08,579] {processor.py:153} INFO - Started process (PID=5308) to work on /home/airflow/.local/lib/python3.7/site-packages/airflow/example_dags/example_branch_operator.py
[2023-01-25 22:49:08,582] {processor.py:641} INFO - Processing file /home/airflow/.local/lib/python3.7/site-packages/airflow/example_dags/example_branch_operator.py for tasks to queue
[2023-01-25 22:49:08,584] {logging_mixin.py:115} INFO - [2023-01-25 22:49:08,584] {dagbag.py:508} INFO - Filling up the DagBag from /home/airflow/.local/lib/python3.7/site-packages/airflow/example_dags/example_branch_operator.py
[2023-01-25 22:49:08,642] {processor.py:651} INFO - DAG(s) dict_keys(['example_branch_operator']) retrieved from /home/airflow/.local/lib/python3.7/site-packages/airflow/example_dags/example_branch_operator.py
[2023-01-25 22:49:08,753] {logging_mixin.py:115} INFO - [2023-01-25 22:49:08,753] {dag.py:2420} INFO - Sync 1 DAGs
[2023-01-25 22:49:08,886] {logging_mixin.py:115} INFO - [2023-01-25 22:49:08,885] {dag.py:2972} INFO - Setting next_dagrun for example_branch_operator to 2023-01-24T00:00:00+00:00, run_after=2023-01-25T00:00:00+00:00
[2023-01-25 22:49:08,930] {processor.py:161} INFO - Processing /home/airflow/.local/lib/python3.7/site-packages/airflow/example_dags/example_branch_operator.py took 0.362 seconds
[2023-01-25 22:49:39,096] {processor.py:153} INFO - Started process (PID=5419) to work on /home/airflow/.local/lib/python3.7/site-packages/airflow/example_dags/example_branch_operator.py
[2023-01-25 22:49:39,101] {processor.py:641} INFO - Processing file /home/airflow/.local/lib/python3.7/site-packages/airflow/example_dags/example_branch_operator.py for tasks to queue
[2023-01-25 22:49:39,104] {logging_mixin.py:115} INFO - [2023-01-25 22:49:39,103] {dagbag.py:508} INFO - Filling up the DagBag from /home/airflow/.local/lib/python3.7/site-packages/airflow/example_dags/example_branch_operator.py
[2023-01-25 22:49:39,156] {processor.py:651} INFO - DAG(s) dict_keys(['example_branch_operator']) retrieved from /home/airflow/.local/lib/python3.7/site-packages/airflow/example_dags/example_branch_operator.py
[2023-01-25 22:49:39,249] {logging_mixin.py:115} INFO - [2023-01-25 22:49:39,248] {dag.py:2420} INFO - Sync 1 DAGs
[2023-01-25 22:49:39,361] {logging_mixin.py:115} INFO - [2023-01-25 22:49:39,360] {dag.py:2972} INFO - Setting next_dagrun for example_branch_operator to 2023-01-24T00:00:00+00:00, run_after=2023-01-25T00:00:00+00:00
[2023-01-25 22:49:39,399] {processor.py:161} INFO - Processing /home/airflow/.local/lib/python3.7/site-packages/airflow/example_dags/example_branch_operator.py took 0.313 seconds
[2023-01-25 22:50:09,661] {processor.py:153} INFO - Started process (PID=5530) to work on /home/airflow/.local/lib/python3.7/site-packages/airflow/example_dags/example_branch_operator.py
[2023-01-25 22:50:09,663] {processor.py:641} INFO - Processing file /home/airflow/.local/lib/python3.7/site-packages/airflow/example_dags/example_branch_operator.py for tasks to queue
[2023-01-25 22:50:09,665] {logging_mixin.py:115} INFO - [2023-01-25 22:50:09,665] {dagbag.py:508} INFO - Filling up the DagBag from /home/airflow/.local/lib/python3.7/site-packages/airflow/example_dags/example_branch_operator.py
[2023-01-25 22:50:09,713] {processor.py:651} INFO - DAG(s) dict_keys(['example_branch_operator']) retrieved from /home/airflow/.local/lib/python3.7/site-packages/airflow/example_dags/example_branch_operator.py
[2023-01-25 22:50:09,799] {logging_mixin.py:115} INFO - [2023-01-25 22:50:09,798] {dag.py:2420} INFO - Sync 1 DAGs
[2023-01-25 22:50:09,903] {logging_mixin.py:115} INFO - [2023-01-25 22:50:09,902] {dag.py:2972} INFO - Setting next_dagrun for example_branch_operator to 2023-01-24T00:00:00+00:00, run_after=2023-01-25T00:00:00+00:00
[2023-01-25 22:50:09,941] {processor.py:161} INFO - Processing /home/airflow/.local/lib/python3.7/site-packages/airflow/example_dags/example_branch_operator.py took 0.289 seconds
[2023-01-25 22:50:40,082] {processor.py:153} INFO - Started process (PID=5641) to work on /home/airflow/.local/lib/python3.7/site-packages/airflow/example_dags/example_branch_operator.py
[2023-01-25 22:50:40,084] {processor.py:641} INFO - Processing file /home/airflow/.local/lib/python3.7/site-packages/airflow/example_dags/example_branch_operator.py for tasks to queue
[2023-01-25 22:50:40,087] {logging_mixin.py:115} INFO - [2023-01-25 22:50:40,086] {dagbag.py:508} INFO - Filling up the DagBag from /home/airflow/.local/lib/python3.7/site-packages/airflow/example_dags/example_branch_operator.py
[2023-01-25 22:50:40,138] {processor.py:651} INFO - DAG(s) dict_keys(['example_branch_operator']) retrieved from /home/airflow/.local/lib/python3.7/site-packages/airflow/example_dags/example_branch_operator.py
[2023-01-25 22:50:40,222] {logging_mixin.py:115} INFO - [2023-01-25 22:50:40,222] {dag.py:2420} INFO - Sync 1 DAGs
[2023-01-25 22:50:40,323] {logging_mixin.py:115} INFO - [2023-01-25 22:50:40,323] {dag.py:2972} INFO - Setting next_dagrun for example_branch_operator to 2023-01-24T00:00:00+00:00, run_after=2023-01-25T00:00:00+00:00
[2023-01-25 22:50:40,359] {processor.py:161} INFO - Processing /home/airflow/.local/lib/python3.7/site-packages/airflow/example_dags/example_branch_operator.py took 0.287 seconds
[2023-01-25 22:51:10,937] {processor.py:153} INFO - Started process (PID=5755) to work on /home/airflow/.local/lib/python3.7/site-packages/airflow/example_dags/example_branch_operator.py
[2023-01-25 22:51:10,939] {processor.py:641} INFO - Processing file /home/airflow/.local/lib/python3.7/site-packages/airflow/example_dags/example_branch_operator.py for tasks to queue
[2023-01-25 22:51:10,941] {logging_mixin.py:115} INFO - [2023-01-25 22:51:10,941] {dagbag.py:508} INFO - Filling up the DagBag from /home/airflow/.local/lib/python3.7/site-packages/airflow/example_dags/example_branch_operator.py
[2023-01-25 22:51:11,000] {processor.py:651} INFO - DAG(s) dict_keys(['example_branch_operator']) retrieved from /home/airflow/.local/lib/python3.7/site-packages/airflow/example_dags/example_branch_operator.py
[2023-01-25 22:51:11,103] {logging_mixin.py:115} INFO - [2023-01-25 22:51:11,102] {dag.py:2420} INFO - Sync 1 DAGs
[2023-01-25 22:51:11,217] {logging_mixin.py:115} INFO - [2023-01-25 22:51:11,216] {dag.py:2972} INFO - Setting next_dagrun for example_branch_operator to 2023-01-24T00:00:00+00:00, run_after=2023-01-25T00:00:00+00:00
[2023-01-25 22:51:11,255] {processor.py:161} INFO - Processing /home/airflow/.local/lib/python3.7/site-packages/airflow/example_dags/example_branch_operator.py took 0.328 seconds
[2023-01-25 22:51:41,549] {processor.py:153} INFO - Started process (PID=5867) to work on /home/airflow/.local/lib/python3.7/site-packages/airflow/example_dags/example_branch_operator.py
[2023-01-25 22:51:41,551] {processor.py:641} INFO - Processing file /home/airflow/.local/lib/python3.7/site-packages/airflow/example_dags/example_branch_operator.py for tasks to queue
[2023-01-25 22:51:41,554] {logging_mixin.py:115} INFO - [2023-01-25 22:51:41,553] {dagbag.py:508} INFO - Filling up the DagBag from /home/airflow/.local/lib/python3.7/site-packages/airflow/example_dags/example_branch_operator.py
[2023-01-25 22:51:41,615] {processor.py:651} INFO - DAG(s) dict_keys(['example_branch_operator']) retrieved from /home/airflow/.local/lib/python3.7/site-packages/airflow/example_dags/example_branch_operator.py
[2023-01-25 22:51:41,742] {logging_mixin.py:115} INFO - [2023-01-25 22:51:41,742] {dag.py:2420} INFO - Sync 1 DAGs
[2023-01-25 22:51:41,868] {logging_mixin.py:115} INFO - [2023-01-25 22:51:41,867] {dag.py:2972} INFO - Setting next_dagrun for example_branch_operator to 2023-01-24T00:00:00+00:00, run_after=2023-01-25T00:00:00+00:00
[2023-01-25 22:51:41,903] {processor.py:161} INFO - Processing /home/airflow/.local/lib/python3.7/site-packages/airflow/example_dags/example_branch_operator.py took 0.364 seconds
[2023-01-25 22:52:12,252] {processor.py:153} INFO - Started process (PID=5981) to work on /home/airflow/.local/lib/python3.7/site-packages/airflow/example_dags/example_branch_operator.py
[2023-01-25 22:52:12,254] {processor.py:641} INFO - Processing file /home/airflow/.local/lib/python3.7/site-packages/airflow/example_dags/example_branch_operator.py for tasks to queue
[2023-01-25 22:52:12,257] {logging_mixin.py:115} INFO - [2023-01-25 22:52:12,256] {dagbag.py:508} INFO - Filling up the DagBag from /home/airflow/.local/lib/python3.7/site-packages/airflow/example_dags/example_branch_operator.py
[2023-01-25 22:52:12,314] {processor.py:651} INFO - DAG(s) dict_keys(['example_branch_operator']) retrieved from /home/airflow/.local/lib/python3.7/site-packages/airflow/example_dags/example_branch_operator.py
[2023-01-25 22:52:12,419] {logging_mixin.py:115} INFO - [2023-01-25 22:52:12,418] {dag.py:2420} INFO - Sync 1 DAGs
[2023-01-25 22:52:12,539] {logging_mixin.py:115} INFO - [2023-01-25 22:52:12,539] {dag.py:2972} INFO - Setting next_dagrun for example_branch_operator to 2023-01-24T00:00:00+00:00, run_after=2023-01-25T00:00:00+00:00
[2023-01-25 22:52:12,580] {processor.py:161} INFO - Processing /home/airflow/.local/lib/python3.7/site-packages/airflow/example_dags/example_branch_operator.py took 0.336 seconds
[2023-01-25 22:52:42,930] {processor.py:153} INFO - Started process (PID=6095) to work on /home/airflow/.local/lib/python3.7/site-packages/airflow/example_dags/example_branch_operator.py
[2023-01-25 22:52:42,933] {processor.py:641} INFO - Processing file /home/airflow/.local/lib/python3.7/site-packages/airflow/example_dags/example_branch_operator.py for tasks to queue
[2023-01-25 22:52:42,935] {logging_mixin.py:115} INFO - [2023-01-25 22:52:42,935] {dagbag.py:508} INFO - Filling up the DagBag from /home/airflow/.local/lib/python3.7/site-packages/airflow/example_dags/example_branch_operator.py
[2023-01-25 22:52:42,990] {processor.py:651} INFO - DAG(s) dict_keys(['example_branch_operator']) retrieved from /home/airflow/.local/lib/python3.7/site-packages/airflow/example_dags/example_branch_operator.py
[2023-01-25 22:52:43,098] {logging_mixin.py:115} INFO - [2023-01-25 22:52:43,097] {dag.py:2420} INFO - Sync 1 DAGs
[2023-01-25 22:52:43,215] {logging_mixin.py:115} INFO - [2023-01-25 22:52:43,214] {dag.py:2972} INFO - Setting next_dagrun for example_branch_operator to 2023-01-24T00:00:00+00:00, run_after=2023-01-25T00:00:00+00:00
[2023-01-25 22:52:43,257] {processor.py:161} INFO - Processing /home/airflow/.local/lib/python3.7/site-packages/airflow/example_dags/example_branch_operator.py took 0.336 seconds
[2023-01-25 22:53:13,464] {processor.py:153} INFO - Started process (PID=6208) to work on /home/airflow/.local/lib/python3.7/site-packages/airflow/example_dags/example_branch_operator.py
[2023-01-25 22:53:13,466] {processor.py:641} INFO - Processing file /home/airflow/.local/lib/python3.7/site-packages/airflow/example_dags/example_branch_operator.py for tasks to queue
[2023-01-25 22:53:13,468] {logging_mixin.py:115} INFO - [2023-01-25 22:53:13,468] {dagbag.py:508} INFO - Filling up the DagBag from /home/airflow/.local/lib/python3.7/site-packages/airflow/example_dags/example_branch_operator.py
[2023-01-25 22:53:13,514] {processor.py:651} INFO - DAG(s) dict_keys(['example_branch_operator']) retrieved from /home/airflow/.local/lib/python3.7/site-packages/airflow/example_dags/example_branch_operator.py
[2023-01-25 22:53:13,604] {logging_mixin.py:115} INFO - [2023-01-25 22:53:13,604] {dag.py:2420} INFO - Sync 1 DAGs
[2023-01-25 22:53:13,722] {logging_mixin.py:115} INFO - [2023-01-25 22:53:13,722] {dag.py:2972} INFO - Setting next_dagrun for example_branch_operator to 2023-01-24T00:00:00+00:00, run_after=2023-01-25T00:00:00+00:00
[2023-01-25 22:53:13,762] {processor.py:161} INFO - Processing /home/airflow/.local/lib/python3.7/site-packages/airflow/example_dags/example_branch_operator.py took 0.307 seconds
[2023-01-25 22:53:44,109] {processor.py:153} INFO - Started process (PID=6322) to work on /home/airflow/.local/lib/python3.7/site-packages/airflow/example_dags/example_branch_operator.py
[2023-01-25 22:53:44,116] {processor.py:641} INFO - Processing file /home/airflow/.local/lib/python3.7/site-packages/airflow/example_dags/example_branch_operator.py for tasks to queue
[2023-01-25 22:53:44,119] {logging_mixin.py:115} INFO - [2023-01-25 22:53:44,119] {dagbag.py:508} INFO - Filling up the DagBag from /home/airflow/.local/lib/python3.7/site-packages/airflow/example_dags/example_branch_operator.py
[2023-01-25 22:53:44,194] {processor.py:651} INFO - DAG(s) dict_keys(['example_branch_operator']) retrieved from /home/airflow/.local/lib/python3.7/site-packages/airflow/example_dags/example_branch_operator.py
[2023-01-25 22:53:44,365] {logging_mixin.py:115} INFO - [2023-01-25 22:53:44,364] {dag.py:2420} INFO - Sync 1 DAGs
[2023-01-25 22:53:44,525] {logging_mixin.py:115} INFO - [2023-01-25 22:53:44,525] {dag.py:2972} INFO - Setting next_dagrun for example_branch_operator to 2023-01-24T00:00:00+00:00, run_after=2023-01-25T00:00:00+00:00
[2023-01-25 22:53:44,577] {processor.py:161} INFO - Processing /home/airflow/.local/lib/python3.7/site-packages/airflow/example_dags/example_branch_operator.py took 0.489 seconds
[2023-01-25 22:54:14,868] {processor.py:153} INFO - Started process (PID=6436) to work on /home/airflow/.local/lib/python3.7/site-packages/airflow/example_dags/example_branch_operator.py
[2023-01-25 22:54:14,870] {processor.py:641} INFO - Processing file /home/airflow/.local/lib/python3.7/site-packages/airflow/example_dags/example_branch_operator.py for tasks to queue
[2023-01-25 22:54:14,872] {logging_mixin.py:115} INFO - [2023-01-25 22:54:14,872] {dagbag.py:508} INFO - Filling up the DagBag from /home/airflow/.local/lib/python3.7/site-packages/airflow/example_dags/example_branch_operator.py
[2023-01-25 22:54:14,924] {processor.py:651} INFO - DAG(s) dict_keys(['example_branch_operator']) retrieved from /home/airflow/.local/lib/python3.7/site-packages/airflow/example_dags/example_branch_operator.py
[2023-01-25 22:54:15,012] {logging_mixin.py:115} INFO - [2023-01-25 22:54:15,012] {dag.py:2420} INFO - Sync 1 DAGs
[2023-01-25 22:54:15,118] {logging_mixin.py:115} INFO - [2023-01-25 22:54:15,117] {dag.py:2972} INFO - Setting next_dagrun for example_branch_operator to 2023-01-24T00:00:00+00:00, run_after=2023-01-25T00:00:00+00:00
[2023-01-25 22:54:15,155] {processor.py:161} INFO - Processing /home/airflow/.local/lib/python3.7/site-packages/airflow/example_dags/example_branch_operator.py took 0.299 seconds
[2023-01-25 22:54:45,431] {processor.py:153} INFO - Started process (PID=6550) to work on /home/airflow/.local/lib/python3.7/site-packages/airflow/example_dags/example_branch_operator.py
[2023-01-25 22:54:45,433] {processor.py:641} INFO - Processing file /home/airflow/.local/lib/python3.7/site-packages/airflow/example_dags/example_branch_operator.py for tasks to queue
[2023-01-25 22:54:45,436] {logging_mixin.py:115} INFO - [2023-01-25 22:54:45,435] {dagbag.py:508} INFO - Filling up the DagBag from /home/airflow/.local/lib/python3.7/site-packages/airflow/example_dags/example_branch_operator.py
[2023-01-25 22:54:45,489] {processor.py:651} INFO - DAG(s) dict_keys(['example_branch_operator']) retrieved from /home/airflow/.local/lib/python3.7/site-packages/airflow/example_dags/example_branch_operator.py
[2023-01-25 22:54:45,573] {logging_mixin.py:115} INFO - [2023-01-25 22:54:45,572] {dag.py:2420} INFO - Sync 1 DAGs
[2023-01-25 22:54:45,679] {logging_mixin.py:115} INFO - [2023-01-25 22:54:45,678] {dag.py:2972} INFO - Setting next_dagrun for example_branch_operator to 2023-01-24T00:00:00+00:00, run_after=2023-01-25T00:00:00+00:00
[2023-01-25 22:54:45,715] {processor.py:161} INFO - Processing /home/airflow/.local/lib/python3.7/site-packages/airflow/example_dags/example_branch_operator.py took 0.297 seconds
[2023-01-25 22:55:16,137] {processor.py:153} INFO - Started process (PID=6664) to work on /home/airflow/.local/lib/python3.7/site-packages/airflow/example_dags/example_branch_operator.py
[2023-01-25 22:55:16,143] {processor.py:641} INFO - Processing file /home/airflow/.local/lib/python3.7/site-packages/airflow/example_dags/example_branch_operator.py for tasks to queue
[2023-01-25 22:55:16,146] {logging_mixin.py:115} INFO - [2023-01-25 22:55:16,146] {dagbag.py:508} INFO - Filling up the DagBag from /home/airflow/.local/lib/python3.7/site-packages/airflow/example_dags/example_branch_operator.py
[2023-01-25 22:55:16,217] {processor.py:651} INFO - DAG(s) dict_keys(['example_branch_operator']) retrieved from /home/airflow/.local/lib/python3.7/site-packages/airflow/example_dags/example_branch_operator.py
[2023-01-25 22:55:16,322] {logging_mixin.py:115} INFO - [2023-01-25 22:55:16,322] {dag.py:2420} INFO - Sync 1 DAGs
[2023-01-25 22:55:16,533] {logging_mixin.py:115} INFO - [2023-01-25 22:55:16,532] {dag.py:2972} INFO - Setting next_dagrun for example_branch_operator to 2023-01-24T00:00:00+00:00, run_after=2023-01-25T00:00:00+00:00
[2023-01-25 22:55:16,631] {processor.py:161} INFO - Processing /home/airflow/.local/lib/python3.7/site-packages/airflow/example_dags/example_branch_operator.py took 0.509 seconds
[2023-01-25 23:00:16,750] {processor.py:153} INFO - Started process (PID=6744) to work on /home/airflow/.local/lib/python3.7/site-packages/airflow/example_dags/example_branch_operator.py
[2023-01-25 23:00:16,765] {processor.py:641} INFO - Processing file /home/airflow/.local/lib/python3.7/site-packages/airflow/example_dags/example_branch_operator.py for tasks to queue
[2023-01-25 23:00:16,771] {logging_mixin.py:115} INFO - [2023-01-25 23:00:16,770] {dagbag.py:508} INFO - Filling up the DagBag from /home/airflow/.local/lib/python3.7/site-packages/airflow/example_dags/example_branch_operator.py
[2023-01-25 23:00:16,885] {processor.py:651} INFO - DAG(s) dict_keys(['example_branch_operator']) retrieved from /home/airflow/.local/lib/python3.7/site-packages/airflow/example_dags/example_branch_operator.py
[2023-01-25 23:00:17,021] {logging_mixin.py:115} INFO - [2023-01-25 23:00:17,021] {dag.py:2420} INFO - Sync 1 DAGs
[2023-01-25 23:00:17,153] {logging_mixin.py:115} INFO - [2023-01-25 23:00:17,152] {dag.py:2972} INFO - Setting next_dagrun for example_branch_operator to 2023-01-24T00:00:00+00:00, run_after=2023-01-25T00:00:00+00:00
[2023-01-25 23:00:17,209] {processor.py:161} INFO - Processing /home/airflow/.local/lib/python3.7/site-packages/airflow/example_dags/example_branch_operator.py took 0.468 seconds
[2023-01-25 23:05:23,361] {processor.py:153} INFO - Started process (PID=6842) to work on /home/airflow/.local/lib/python3.7/site-packages/airflow/example_dags/example_branch_operator.py
[2023-01-25 23:05:23,369] {processor.py:641} INFO - Processing file /home/airflow/.local/lib/python3.7/site-packages/airflow/example_dags/example_branch_operator.py for tasks to queue
[2023-01-25 23:05:23,371] {logging_mixin.py:115} INFO - [2023-01-25 23:05:23,371] {dagbag.py:508} INFO - Filling up the DagBag from /home/airflow/.local/lib/python3.7/site-packages/airflow/example_dags/example_branch_operator.py
[2023-01-25 23:05:23,488] {processor.py:651} INFO - DAG(s) dict_keys(['example_branch_operator']) retrieved from /home/airflow/.local/lib/python3.7/site-packages/airflow/example_dags/example_branch_operator.py
[2023-01-25 23:05:23,789] {logging_mixin.py:115} INFO - [2023-01-25 23:05:23,789] {dag.py:2420} INFO - Sync 1 DAGs
[2023-01-25 23:05:24,170] {logging_mixin.py:115} INFO - [2023-01-25 23:05:24,169] {dag.py:2972} INFO - Setting next_dagrun for example_branch_operator to 2023-01-24T00:00:00+00:00, run_after=2023-01-25T00:00:00+00:00
[2023-01-25 23:05:24,216] {processor.py:161} INFO - Processing /home/airflow/.local/lib/python3.7/site-packages/airflow/example_dags/example_branch_operator.py took 0.881 seconds
[2023-01-25 23:05:54,300] {processor.py:153} INFO - Started process (PID=6956) to work on /home/airflow/.local/lib/python3.7/site-packages/airflow/example_dags/example_branch_operator.py
[2023-01-25 23:05:54,331] {processor.py:641} INFO - Processing file /home/airflow/.local/lib/python3.7/site-packages/airflow/example_dags/example_branch_operator.py for tasks to queue
[2023-01-25 23:05:54,345] {logging_mixin.py:115} INFO - [2023-01-25 23:05:54,344] {dagbag.py:508} INFO - Filling up the DagBag from /home/airflow/.local/lib/python3.7/site-packages/airflow/example_dags/example_branch_operator.py
[2023-01-25 23:05:54,531] {processor.py:651} INFO - DAG(s) dict_keys(['example_branch_operator']) retrieved from /home/airflow/.local/lib/python3.7/site-packages/airflow/example_dags/example_branch_operator.py
[2023-01-25 23:05:54,744] {logging_mixin.py:115} INFO - [2023-01-25 23:05:54,743] {dag.py:2420} INFO - Sync 1 DAGs
[2023-01-25 23:05:54,889] {logging_mixin.py:115} INFO - [2023-01-25 23:05:54,888] {dag.py:2972} INFO - Setting next_dagrun for example_branch_operator to 2023-01-24T00:00:00+00:00, run_after=2023-01-25T00:00:00+00:00
[2023-01-25 23:05:54,931] {processor.py:161} INFO - Processing /home/airflow/.local/lib/python3.7/site-packages/airflow/example_dags/example_branch_operator.py took 0.639 seconds
[2023-01-25 23:15:34,787] {processor.py:153} INFO - Started process (PID=7070) to work on /home/airflow/.local/lib/python3.7/site-packages/airflow/example_dags/example_branch_operator.py
[2023-01-25 23:15:34,793] {processor.py:641} INFO - Processing file /home/airflow/.local/lib/python3.7/site-packages/airflow/example_dags/example_branch_operator.py for tasks to queue
[2023-01-25 23:15:34,796] {logging_mixin.py:115} INFO - [2023-01-25 23:15:34,796] {dagbag.py:508} INFO - Filling up the DagBag from /home/airflow/.local/lib/python3.7/site-packages/airflow/example_dags/example_branch_operator.py
[2023-01-25 23:15:34,855] {processor.py:651} INFO - DAG(s) dict_keys(['example_branch_operator']) retrieved from /home/airflow/.local/lib/python3.7/site-packages/airflow/example_dags/example_branch_operator.py
[2023-01-25 23:15:34,953] {logging_mixin.py:115} INFO - [2023-01-25 23:15:34,953] {dag.py:2420} INFO - Sync 1 DAGs
[2023-01-25 23:15:35,074] {logging_mixin.py:115} INFO - [2023-01-25 23:15:35,073] {dag.py:2972} INFO - Setting next_dagrun for example_branch_operator to 2023-01-24T00:00:00+00:00, run_after=2023-01-25T00:00:00+00:00
[2023-01-25 23:15:35,113] {processor.py:161} INFO - Processing /home/airflow/.local/lib/python3.7/site-packages/airflow/example_dags/example_branch_operator.py took 0.335 seconds
[2023-01-25 23:16:07,671] {processor.py:153} INFO - Started process (PID=7183) to work on /home/airflow/.local/lib/python3.7/site-packages/airflow/example_dags/example_branch_operator.py
[2023-01-25 23:16:07,673] {processor.py:641} INFO - Processing file /home/airflow/.local/lib/python3.7/site-packages/airflow/example_dags/example_branch_operator.py for tasks to queue
[2023-01-25 23:16:07,675] {logging_mixin.py:115} INFO - [2023-01-25 23:16:07,675] {dagbag.py:508} INFO - Filling up the DagBag from /home/airflow/.local/lib/python3.7/site-packages/airflow/example_dags/example_branch_operator.py
[2023-01-25 23:16:07,724] {processor.py:651} INFO - DAG(s) dict_keys(['example_branch_operator']) retrieved from /home/airflow/.local/lib/python3.7/site-packages/airflow/example_dags/example_branch_operator.py
[2023-01-25 23:16:07,815] {logging_mixin.py:115} INFO - [2023-01-25 23:16:07,814] {dag.py:2420} INFO - Sync 1 DAGs
[2023-01-25 23:16:07,937] {logging_mixin.py:115} INFO - [2023-01-25 23:16:07,936] {dag.py:2972} INFO - Setting next_dagrun for example_branch_operator to 2023-01-24T00:00:00+00:00, run_after=2023-01-25T00:00:00+00:00
[2023-01-25 23:16:07,979] {processor.py:161} INFO - Processing /home/airflow/.local/lib/python3.7/site-packages/airflow/example_dags/example_branch_operator.py took 0.315 seconds
[2023-01-25 23:30:27,548] {processor.py:153} INFO - Started process (PID=7281) to work on /home/airflow/.local/lib/python3.7/site-packages/airflow/example_dags/example_branch_operator.py
[2023-01-25 23:30:27,552] {processor.py:641} INFO - Processing file /home/airflow/.local/lib/python3.7/site-packages/airflow/example_dags/example_branch_operator.py for tasks to queue
[2023-01-25 23:30:27,556] {logging_mixin.py:115} INFO - [2023-01-25 23:30:27,555] {dagbag.py:508} INFO - Filling up the DagBag from /home/airflow/.local/lib/python3.7/site-packages/airflow/example_dags/example_branch_operator.py
[2023-01-25 23:30:27,629] {processor.py:651} INFO - DAG(s) dict_keys(['example_branch_operator']) retrieved from /home/airflow/.local/lib/python3.7/site-packages/airflow/example_dags/example_branch_operator.py
[2023-01-25 23:30:27,787] {logging_mixin.py:115} INFO - [2023-01-25 23:30:27,786] {dag.py:2420} INFO - Sync 1 DAGs
[2023-01-25 23:30:28,037] {logging_mixin.py:115} INFO - [2023-01-25 23:30:28,037] {dag.py:2972} INFO - Setting next_dagrun for example_branch_operator to 2023-01-24T00:00:00+00:00, run_after=2023-01-25T00:00:00+00:00
[2023-01-25 23:30:28,110] {processor.py:161} INFO - Processing /home/airflow/.local/lib/python3.7/site-packages/airflow/example_dags/example_branch_operator.py took 0.604 seconds
[2023-01-25 23:30:58,889] {processor.py:153} INFO - Started process (PID=7395) to work on /home/airflow/.local/lib/python3.7/site-packages/airflow/example_dags/example_branch_operator.py
[2023-01-25 23:30:58,891] {processor.py:641} INFO - Processing file /home/airflow/.local/lib/python3.7/site-packages/airflow/example_dags/example_branch_operator.py for tasks to queue
[2023-01-25 23:30:58,893] {logging_mixin.py:115} INFO - [2023-01-25 23:30:58,893] {dagbag.py:508} INFO - Filling up the DagBag from /home/airflow/.local/lib/python3.7/site-packages/airflow/example_dags/example_branch_operator.py
[2023-01-25 23:30:59,310] {processor.py:651} INFO - DAG(s) dict_keys(['example_branch_operator']) retrieved from /home/airflow/.local/lib/python3.7/site-packages/airflow/example_dags/example_branch_operator.py
[2023-01-25 23:30:59,481] {logging_mixin.py:115} INFO - [2023-01-25 23:30:59,480] {dag.py:2420} INFO - Sync 1 DAGs
[2023-01-25 23:30:59,700] {logging_mixin.py:115} INFO - [2023-01-25 23:30:59,699] {dag.py:2972} INFO - Setting next_dagrun for example_branch_operator to 2023-01-24T00:00:00+00:00, run_after=2023-01-25T00:00:00+00:00
[2023-01-25 23:30:59,788] {processor.py:161} INFO - Processing /home/airflow/.local/lib/python3.7/site-packages/airflow/example_dags/example_branch_operator.py took 0.907 seconds
[2023-01-25 23:35:51,337] {processor.py:153} INFO - Started process (PID=7509) to work on /home/airflow/.local/lib/python3.7/site-packages/airflow/example_dags/example_branch_operator.py
[2023-01-25 23:35:51,344] {processor.py:641} INFO - Processing file /home/airflow/.local/lib/python3.7/site-packages/airflow/example_dags/example_branch_operator.py for tasks to queue
[2023-01-25 23:35:51,349] {logging_mixin.py:115} INFO - [2023-01-25 23:35:51,348] {dagbag.py:508} INFO - Filling up the DagBag from /home/airflow/.local/lib/python3.7/site-packages/airflow/example_dags/example_branch_operator.py
[2023-01-25 23:35:51,452] {processor.py:651} INFO - DAG(s) dict_keys(['example_branch_operator']) retrieved from /home/airflow/.local/lib/python3.7/site-packages/airflow/example_dags/example_branch_operator.py
[2023-01-25 23:35:51,544] {logging_mixin.py:115} INFO - [2023-01-25 23:35:51,544] {dag.py:2420} INFO - Sync 1 DAGs
[2023-01-25 23:35:51,688] {logging_mixin.py:115} INFO - [2023-01-25 23:35:51,688] {dag.py:2972} INFO - Setting next_dagrun for example_branch_operator to 2023-01-24T00:00:00+00:00, run_after=2023-01-25T00:00:00+00:00
[2023-01-25 23:35:51,770] {processor.py:161} INFO - Processing /home/airflow/.local/lib/python3.7/site-packages/airflow/example_dags/example_branch_operator.py took 0.447 seconds
[2023-01-25 23:46:02,605] {processor.py:153} INFO - Started process (PID=7617) to work on /home/airflow/.local/lib/python3.7/site-packages/airflow/example_dags/example_branch_operator.py
[2023-01-25 23:46:02,607] {processor.py:641} INFO - Processing file /home/airflow/.local/lib/python3.7/site-packages/airflow/example_dags/example_branch_operator.py for tasks to queue
[2023-01-25 23:46:02,610] {logging_mixin.py:115} INFO - [2023-01-25 23:46:02,609] {dagbag.py:508} INFO - Filling up the DagBag from /home/airflow/.local/lib/python3.7/site-packages/airflow/example_dags/example_branch_operator.py
[2023-01-25 23:46:02,663] {processor.py:651} INFO - DAG(s) dict_keys(['example_branch_operator']) retrieved from /home/airflow/.local/lib/python3.7/site-packages/airflow/example_dags/example_branch_operator.py
[2023-01-25 23:46:02,754] {logging_mixin.py:115} INFO - [2023-01-25 23:46:02,754] {dag.py:2420} INFO - Sync 1 DAGs
[2023-01-25 23:46:02,869] {logging_mixin.py:115} INFO - [2023-01-25 23:46:02,869] {dag.py:2972} INFO - Setting next_dagrun for example_branch_operator to 2023-01-24T00:00:00+00:00, run_after=2023-01-25T00:00:00+00:00
[2023-01-25 23:46:02,912] {processor.py:161} INFO - Processing /home/airflow/.local/lib/python3.7/site-packages/airflow/example_dags/example_branch_operator.py took 0.316 seconds
[2023-01-25 23:46:34,473] {processor.py:153} INFO - Started process (PID=7721) to work on /home/airflow/.local/lib/python3.7/site-packages/airflow/example_dags/example_branch_operator.py
[2023-01-25 23:46:34,475] {processor.py:641} INFO - Processing file /home/airflow/.local/lib/python3.7/site-packages/airflow/example_dags/example_branch_operator.py for tasks to queue
[2023-01-25 23:46:34,478] {logging_mixin.py:115} INFO - [2023-01-25 23:46:34,477] {dagbag.py:508} INFO - Filling up the DagBag from /home/airflow/.local/lib/python3.7/site-packages/airflow/example_dags/example_branch_operator.py
[2023-01-25 23:46:34,525] {processor.py:651} INFO - DAG(s) dict_keys(['example_branch_operator']) retrieved from /home/airflow/.local/lib/python3.7/site-packages/airflow/example_dags/example_branch_operator.py
[2023-01-25 23:46:34,608] {logging_mixin.py:115} INFO - [2023-01-25 23:46:34,607] {dag.py:2420} INFO - Sync 1 DAGs
[2023-01-25 23:46:34,713] {logging_mixin.py:115} INFO - [2023-01-25 23:46:34,712] {dag.py:2972} INFO - Setting next_dagrun for example_branch_operator to 2023-01-24T00:00:00+00:00, run_after=2023-01-25T00:00:00+00:00
[2023-01-25 23:46:34,779] {processor.py:161} INFO - Processing /home/airflow/.local/lib/python3.7/site-packages/airflow/example_dags/example_branch_operator.py took 0.313 seconds
[2023-01-25 23:59:30,752] {processor.py:153} INFO - Started process (PID=7835) to work on /home/airflow/.local/lib/python3.7/site-packages/airflow/example_dags/example_branch_operator.py
[2023-01-25 23:59:30,754] {processor.py:641} INFO - Processing file /home/airflow/.local/lib/python3.7/site-packages/airflow/example_dags/example_branch_operator.py for tasks to queue
[2023-01-25 23:59:30,757] {logging_mixin.py:115} INFO - [2023-01-25 23:59:30,756] {dagbag.py:508} INFO - Filling up the DagBag from /home/airflow/.local/lib/python3.7/site-packages/airflow/example_dags/example_branch_operator.py
[2023-01-25 23:59:30,811] {processor.py:651} INFO - DAG(s) dict_keys(['example_branch_operator']) retrieved from /home/airflow/.local/lib/python3.7/site-packages/airflow/example_dags/example_branch_operator.py
[2023-01-25 23:59:30,903] {logging_mixin.py:115} INFO - [2023-01-25 23:59:30,902] {dag.py:2420} INFO - Sync 1 DAGs
[2023-01-25 23:59:31,014] {logging_mixin.py:115} INFO - [2023-01-25 23:59:31,013] {dag.py:2972} INFO - Setting next_dagrun for example_branch_operator to 2023-01-24T00:00:00+00:00, run_after=2023-01-25T00:00:00+00:00
[2023-01-25 23:59:31,051] {processor.py:161} INFO - Processing /home/airflow/.local/lib/python3.7/site-packages/airflow/example_dags/example_branch_operator.py took 0.309 seconds
