[2023-01-25 22:25:22,122] {processor.py:153} INFO - Started process (PID=198) to work on /home/airflow/.local/lib/python3.7/site-packages/airflow/example_dags/example_task_group_decorator.py
[2023-01-25 22:25:22,127] {processor.py:641} INFO - Processing file /home/airflow/.local/lib/python3.7/site-packages/airflow/example_dags/example_task_group_decorator.py for tasks to queue
[2023-01-25 22:25:22,131] {logging_mixin.py:115} INFO - [2023-01-25 22:25:22,129] {dagbag.py:508} INFO - Filling up the DagBag from /home/airflow/.local/lib/python3.7/site-packages/airflow/example_dags/example_task_group_decorator.py
[2023-01-25 22:25:22,797] {processor.py:651} INFO - DAG(s) dict_keys(['example_task_group_decorator']) retrieved from /home/airflow/.local/lib/python3.7/site-packages/airflow/example_dags/example_task_group_decorator.py
[2023-01-25 22:25:23,525] {logging_mixin.py:115} INFO - [2023-01-25 22:25:23,522] {dag.py:2420} INFO - Sync 1 DAGs
[2023-01-25 22:25:23,642] {logging_mixin.py:115} INFO - [2023-01-25 22:25:23,641] {dag.py:2972} INFO - Setting next_dagrun for example_task_group_decorator to 2023-01-24T22:25:23.638865+00:00, run_after=2023-01-25T22:25:23.638865+00:00
[2023-01-25 22:25:23,706] {processor.py:161} INFO - Processing /home/airflow/.local/lib/python3.7/site-packages/airflow/example_dags/example_task_group_decorator.py took 1.597 seconds
[2023-01-25 22:25:53,905] {processor.py:153} INFO - Started process (PID=314) to work on /home/airflow/.local/lib/python3.7/site-packages/airflow/example_dags/example_task_group_decorator.py
[2023-01-25 22:25:53,907] {processor.py:641} INFO - Processing file /home/airflow/.local/lib/python3.7/site-packages/airflow/example_dags/example_task_group_decorator.py for tasks to queue
[2023-01-25 22:25:53,909] {logging_mixin.py:115} INFO - [2023-01-25 22:25:53,909] {dagbag.py:508} INFO - Filling up the DagBag from /home/airflow/.local/lib/python3.7/site-packages/airflow/example_dags/example_task_group_decorator.py
[2023-01-25 22:25:54,214] {processor.py:651} INFO - DAG(s) dict_keys(['example_task_group_decorator']) retrieved from /home/airflow/.local/lib/python3.7/site-packages/airflow/example_dags/example_task_group_decorator.py
[2023-01-25 22:25:54,500] {logging_mixin.py:115} INFO - [2023-01-25 22:25:54,500] {dag.py:2420} INFO - Sync 1 DAGs
[2023-01-25 22:25:54,602] {logging_mixin.py:115} INFO - [2023-01-25 22:25:54,601] {dag.py:2972} INFO - Setting next_dagrun for example_task_group_decorator to 2023-01-24T22:25:54.599665+00:00, run_after=2023-01-25T22:25:54.599665+00:00
[2023-01-25 22:25:54,668] {processor.py:161} INFO - Processing /home/airflow/.local/lib/python3.7/site-packages/airflow/example_dags/example_task_group_decorator.py took 0.770 seconds
[2023-01-25 22:26:25,249] {processor.py:153} INFO - Started process (PID=428) to work on /home/airflow/.local/lib/python3.7/site-packages/airflow/example_dags/example_task_group_decorator.py
[2023-01-25 22:26:25,250] {processor.py:641} INFO - Processing file /home/airflow/.local/lib/python3.7/site-packages/airflow/example_dags/example_task_group_decorator.py for tasks to queue
[2023-01-25 22:26:25,252] {logging_mixin.py:115} INFO - [2023-01-25 22:26:25,252] {dagbag.py:508} INFO - Filling up the DagBag from /home/airflow/.local/lib/python3.7/site-packages/airflow/example_dags/example_task_group_decorator.py
[2023-01-25 22:26:25,562] {processor.py:651} INFO - DAG(s) dict_keys(['example_task_group_decorator']) retrieved from /home/airflow/.local/lib/python3.7/site-packages/airflow/example_dags/example_task_group_decorator.py
[2023-01-25 22:26:25,897] {logging_mixin.py:115} INFO - [2023-01-25 22:26:25,896] {dag.py:2420} INFO - Sync 1 DAGs
[2023-01-25 22:26:26,001] {logging_mixin.py:115} INFO - [2023-01-25 22:26:26,001] {dag.py:2972} INFO - Setting next_dagrun for example_task_group_decorator to 2023-01-24T22:26:25.999373+00:00, run_after=2023-01-25T22:26:25.999373+00:00
[2023-01-25 22:26:26,059] {processor.py:161} INFO - Processing /home/airflow/.local/lib/python3.7/site-packages/airflow/example_dags/example_task_group_decorator.py took 0.818 seconds
[2023-01-25 22:26:57,620] {processor.py:153} INFO - Started process (PID=540) to work on /home/airflow/.local/lib/python3.7/site-packages/airflow/example_dags/example_task_group_decorator.py
[2023-01-25 22:26:57,622] {processor.py:641} INFO - Processing file /home/airflow/.local/lib/python3.7/site-packages/airflow/example_dags/example_task_group_decorator.py for tasks to queue
[2023-01-25 22:26:57,624] {logging_mixin.py:115} INFO - [2023-01-25 22:26:57,624] {dagbag.py:508} INFO - Filling up the DagBag from /home/airflow/.local/lib/python3.7/site-packages/airflow/example_dags/example_task_group_decorator.py
[2023-01-25 22:26:57,908] {processor.py:651} INFO - DAG(s) dict_keys(['example_task_group_decorator']) retrieved from /home/airflow/.local/lib/python3.7/site-packages/airflow/example_dags/example_task_group_decorator.py
[2023-01-25 22:26:58,226] {logging_mixin.py:115} INFO - [2023-01-25 22:26:58,225] {dag.py:2420} INFO - Sync 1 DAGs
[2023-01-25 22:26:58,325] {logging_mixin.py:115} INFO - [2023-01-25 22:26:58,324] {dag.py:2972} INFO - Setting next_dagrun for example_task_group_decorator to 2023-01-24T22:26:58.322658+00:00, run_after=2023-01-25T22:26:58.322658+00:00
[2023-01-25 22:26:58,384] {processor.py:161} INFO - Processing /home/airflow/.local/lib/python3.7/site-packages/airflow/example_dags/example_task_group_decorator.py took 0.771 seconds
[2023-01-25 22:27:30,327] {processor.py:153} INFO - Started process (PID=654) to work on /home/airflow/.local/lib/python3.7/site-packages/airflow/example_dags/example_task_group_decorator.py
[2023-01-25 22:27:30,329] {processor.py:641} INFO - Processing file /home/airflow/.local/lib/python3.7/site-packages/airflow/example_dags/example_task_group_decorator.py for tasks to queue
[2023-01-25 22:27:30,331] {logging_mixin.py:115} INFO - [2023-01-25 22:27:30,330] {dagbag.py:508} INFO - Filling up the DagBag from /home/airflow/.local/lib/python3.7/site-packages/airflow/example_dags/example_task_group_decorator.py
[2023-01-25 22:27:30,627] {processor.py:651} INFO - DAG(s) dict_keys(['example_task_group_decorator']) retrieved from /home/airflow/.local/lib/python3.7/site-packages/airflow/example_dags/example_task_group_decorator.py
[2023-01-25 22:27:30,911] {logging_mixin.py:115} INFO - [2023-01-25 22:27:30,910] {dag.py:2420} INFO - Sync 1 DAGs
[2023-01-25 22:27:31,000] {logging_mixin.py:115} INFO - [2023-01-25 22:27:31,000] {dag.py:2972} INFO - Setting next_dagrun for example_task_group_decorator to 2023-01-24T22:27:30.998300+00:00, run_after=2023-01-25T22:27:30.998300+00:00
[2023-01-25 22:27:31,045] {processor.py:161} INFO - Processing /home/airflow/.local/lib/python3.7/site-packages/airflow/example_dags/example_task_group_decorator.py took 0.726 seconds
[2023-01-25 22:28:03,498] {processor.py:153} INFO - Started process (PID=779) to work on /home/airflow/.local/lib/python3.7/site-packages/airflow/example_dags/example_task_group_decorator.py
[2023-01-25 22:28:03,502] {processor.py:641} INFO - Processing file /home/airflow/.local/lib/python3.7/site-packages/airflow/example_dags/example_task_group_decorator.py for tasks to queue
[2023-01-25 22:28:03,504] {logging_mixin.py:115} INFO - [2023-01-25 22:28:03,504] {dagbag.py:508} INFO - Filling up the DagBag from /home/airflow/.local/lib/python3.7/site-packages/airflow/example_dags/example_task_group_decorator.py
[2023-01-25 22:28:03,817] {processor.py:651} INFO - DAG(s) dict_keys(['example_task_group_decorator']) retrieved from /home/airflow/.local/lib/python3.7/site-packages/airflow/example_dags/example_task_group_decorator.py
[2023-01-25 22:28:04,133] {logging_mixin.py:115} INFO - [2023-01-25 22:28:04,133] {dag.py:2420} INFO - Sync 1 DAGs
[2023-01-25 22:28:04,241] {logging_mixin.py:115} INFO - [2023-01-25 22:28:04,240] {dag.py:2972} INFO - Setting next_dagrun for example_task_group_decorator to 2023-01-24T22:28:04.238824+00:00, run_after=2023-01-25T22:28:04.238824+00:00
[2023-01-25 22:28:04,290] {processor.py:161} INFO - Processing /home/airflow/.local/lib/python3.7/site-packages/airflow/example_dags/example_task_group_decorator.py took 0.800 seconds
[2023-01-25 22:28:38,255] {processor.py:153} INFO - Started process (PID=899) to work on /home/airflow/.local/lib/python3.7/site-packages/airflow/example_dags/example_task_group_decorator.py
[2023-01-25 22:28:38,257] {processor.py:641} INFO - Processing file /home/airflow/.local/lib/python3.7/site-packages/airflow/example_dags/example_task_group_decorator.py for tasks to queue
[2023-01-25 22:28:38,259] {logging_mixin.py:115} INFO - [2023-01-25 22:28:38,259] {dagbag.py:508} INFO - Filling up the DagBag from /home/airflow/.local/lib/python3.7/site-packages/airflow/example_dags/example_task_group_decorator.py
[2023-01-25 22:28:38,576] {processor.py:651} INFO - DAG(s) dict_keys(['example_task_group_decorator']) retrieved from /home/airflow/.local/lib/python3.7/site-packages/airflow/example_dags/example_task_group_decorator.py
[2023-01-25 22:28:38,901] {logging_mixin.py:115} INFO - [2023-01-25 22:28:38,901] {dag.py:2420} INFO - Sync 1 DAGs
[2023-01-25 22:28:38,997] {logging_mixin.py:115} INFO - [2023-01-25 22:28:38,996] {dag.py:2972} INFO - Setting next_dagrun for example_task_group_decorator to 2023-01-24T22:28:38.994787+00:00, run_after=2023-01-25T22:28:38.994787+00:00
[2023-01-25 22:28:39,050] {processor.py:161} INFO - Processing /home/airflow/.local/lib/python3.7/site-packages/airflow/example_dags/example_task_group_decorator.py took 0.805 seconds
[2023-01-25 22:29:10,934] {processor.py:153} INFO - Started process (PID=1013) to work on /home/airflow/.local/lib/python3.7/site-packages/airflow/example_dags/example_task_group_decorator.py
[2023-01-25 22:29:10,936] {processor.py:641} INFO - Processing file /home/airflow/.local/lib/python3.7/site-packages/airflow/example_dags/example_task_group_decorator.py for tasks to queue
[2023-01-25 22:29:10,938] {logging_mixin.py:115} INFO - [2023-01-25 22:29:10,938] {dagbag.py:508} INFO - Filling up the DagBag from /home/airflow/.local/lib/python3.7/site-packages/airflow/example_dags/example_task_group_decorator.py
[2023-01-25 22:29:11,270] {processor.py:651} INFO - DAG(s) dict_keys(['example_task_group_decorator']) retrieved from /home/airflow/.local/lib/python3.7/site-packages/airflow/example_dags/example_task_group_decorator.py
[2023-01-25 22:29:11,600] {logging_mixin.py:115} INFO - [2023-01-25 22:29:11,600] {dag.py:2420} INFO - Sync 1 DAGs
[2023-01-25 22:29:11,696] {logging_mixin.py:115} INFO - [2023-01-25 22:29:11,695] {dag.py:2972} INFO - Setting next_dagrun for example_task_group_decorator to 2023-01-24T22:29:11.693544+00:00, run_after=2023-01-25T22:29:11.693544+00:00
[2023-01-25 22:29:11,746] {processor.py:161} INFO - Processing /home/airflow/.local/lib/python3.7/site-packages/airflow/example_dags/example_task_group_decorator.py took 0.822 seconds
[2023-01-25 22:29:43,857] {processor.py:153} INFO - Started process (PID=1129) to work on /home/airflow/.local/lib/python3.7/site-packages/airflow/example_dags/example_task_group_decorator.py
[2023-01-25 22:29:43,859] {processor.py:641} INFO - Processing file /home/airflow/.local/lib/python3.7/site-packages/airflow/example_dags/example_task_group_decorator.py for tasks to queue
[2023-01-25 22:29:43,862] {logging_mixin.py:115} INFO - [2023-01-25 22:29:43,861] {dagbag.py:508} INFO - Filling up the DagBag from /home/airflow/.local/lib/python3.7/site-packages/airflow/example_dags/example_task_group_decorator.py
[2023-01-25 22:29:44,218] {processor.py:651} INFO - DAG(s) dict_keys(['example_task_group_decorator']) retrieved from /home/airflow/.local/lib/python3.7/site-packages/airflow/example_dags/example_task_group_decorator.py
[2023-01-25 22:29:44,614] {logging_mixin.py:115} INFO - [2023-01-25 22:29:44,613] {dag.py:2420} INFO - Sync 1 DAGs
[2023-01-25 22:29:44,710] {logging_mixin.py:115} INFO - [2023-01-25 22:29:44,710] {dag.py:2972} INFO - Setting next_dagrun for example_task_group_decorator to 2023-01-24T22:29:44.708183+00:00, run_after=2023-01-25T22:29:44.708183+00:00
[2023-01-25 22:29:44,759] {processor.py:161} INFO - Processing /home/airflow/.local/lib/python3.7/site-packages/airflow/example_dags/example_task_group_decorator.py took 0.915 seconds
[2023-01-25 22:30:17,386] {processor.py:153} INFO - Started process (PID=1244) to work on /home/airflow/.local/lib/python3.7/site-packages/airflow/example_dags/example_task_group_decorator.py
[2023-01-25 22:30:17,389] {processor.py:641} INFO - Processing file /home/airflow/.local/lib/python3.7/site-packages/airflow/example_dags/example_task_group_decorator.py for tasks to queue
[2023-01-25 22:30:17,391] {logging_mixin.py:115} INFO - [2023-01-25 22:30:17,391] {dagbag.py:508} INFO - Filling up the DagBag from /home/airflow/.local/lib/python3.7/site-packages/airflow/example_dags/example_task_group_decorator.py
[2023-01-25 22:30:17,880] {processor.py:651} INFO - DAG(s) dict_keys(['example_task_group_decorator']) retrieved from /home/airflow/.local/lib/python3.7/site-packages/airflow/example_dags/example_task_group_decorator.py
[2023-01-25 22:30:18,235] {logging_mixin.py:115} INFO - [2023-01-25 22:30:18,234] {dag.py:2420} INFO - Sync 1 DAGs
[2023-01-25 22:30:18,332] {logging_mixin.py:115} INFO - [2023-01-25 22:30:18,332] {dag.py:2972} INFO - Setting next_dagrun for example_task_group_decorator to 2023-01-24T22:30:18.330387+00:00, run_after=2023-01-25T22:30:18.330387+00:00
[2023-01-25 22:30:18,380] {processor.py:161} INFO - Processing /home/airflow/.local/lib/python3.7/site-packages/airflow/example_dags/example_task_group_decorator.py took 1.006 seconds
[2023-01-25 22:30:49,003] {processor.py:153} INFO - Started process (PID=1358) to work on /home/airflow/.local/lib/python3.7/site-packages/airflow/example_dags/example_task_group_decorator.py
[2023-01-25 22:30:49,005] {processor.py:641} INFO - Processing file /home/airflow/.local/lib/python3.7/site-packages/airflow/example_dags/example_task_group_decorator.py for tasks to queue
[2023-01-25 22:30:49,007] {logging_mixin.py:115} INFO - [2023-01-25 22:30:49,007] {dagbag.py:508} INFO - Filling up the DagBag from /home/airflow/.local/lib/python3.7/site-packages/airflow/example_dags/example_task_group_decorator.py
[2023-01-25 22:30:49,293] {processor.py:651} INFO - DAG(s) dict_keys(['example_task_group_decorator']) retrieved from /home/airflow/.local/lib/python3.7/site-packages/airflow/example_dags/example_task_group_decorator.py
[2023-01-25 22:30:49,675] {logging_mixin.py:115} INFO - [2023-01-25 22:30:49,674] {dag.py:2420} INFO - Sync 1 DAGs
[2023-01-25 22:30:49,797] {logging_mixin.py:115} INFO - [2023-01-25 22:30:49,796] {dag.py:2972} INFO - Setting next_dagrun for example_task_group_decorator to 2023-01-24T22:30:49.795166+00:00, run_after=2023-01-25T22:30:49.795166+00:00
[2023-01-25 22:30:49,848] {processor.py:161} INFO - Processing /home/airflow/.local/lib/python3.7/site-packages/airflow/example_dags/example_task_group_decorator.py took 0.854 seconds
[2023-01-25 22:31:20,843] {processor.py:153} INFO - Started process (PID=1469) to work on /home/airflow/.local/lib/python3.7/site-packages/airflow/example_dags/example_task_group_decorator.py
[2023-01-25 22:31:20,845] {processor.py:641} INFO - Processing file /home/airflow/.local/lib/python3.7/site-packages/airflow/example_dags/example_task_group_decorator.py for tasks to queue
[2023-01-25 22:31:20,847] {logging_mixin.py:115} INFO - [2023-01-25 22:31:20,847] {dagbag.py:508} INFO - Filling up the DagBag from /home/airflow/.local/lib/python3.7/site-packages/airflow/example_dags/example_task_group_decorator.py
[2023-01-25 22:31:21,144] {processor.py:651} INFO - DAG(s) dict_keys(['example_task_group_decorator']) retrieved from /home/airflow/.local/lib/python3.7/site-packages/airflow/example_dags/example_task_group_decorator.py
[2023-01-25 22:31:21,412] {logging_mixin.py:115} INFO - [2023-01-25 22:31:21,411] {dag.py:2420} INFO - Sync 1 DAGs
[2023-01-25 22:31:21,495] {logging_mixin.py:115} INFO - [2023-01-25 22:31:21,494] {dag.py:2972} INFO - Setting next_dagrun for example_task_group_decorator to 2023-01-24T22:31:21.493182+00:00, run_after=2023-01-25T22:31:21.493182+00:00
[2023-01-25 22:31:21,536] {processor.py:161} INFO - Processing /home/airflow/.local/lib/python3.7/site-packages/airflow/example_dags/example_task_group_decorator.py took 0.702 seconds
[2023-01-25 22:31:52,367] {processor.py:153} INFO - Started process (PID=1582) to work on /home/airflow/.local/lib/python3.7/site-packages/airflow/example_dags/example_task_group_decorator.py
[2023-01-25 22:31:52,369] {processor.py:641} INFO - Processing file /home/airflow/.local/lib/python3.7/site-packages/airflow/example_dags/example_task_group_decorator.py for tasks to queue
[2023-01-25 22:31:52,371] {logging_mixin.py:115} INFO - [2023-01-25 22:31:52,370] {dagbag.py:508} INFO - Filling up the DagBag from /home/airflow/.local/lib/python3.7/site-packages/airflow/example_dags/example_task_group_decorator.py
[2023-01-25 22:31:52,688] {processor.py:651} INFO - DAG(s) dict_keys(['example_task_group_decorator']) retrieved from /home/airflow/.local/lib/python3.7/site-packages/airflow/example_dags/example_task_group_decorator.py
[2023-01-25 22:31:52,963] {logging_mixin.py:115} INFO - [2023-01-25 22:31:52,962] {dag.py:2420} INFO - Sync 1 DAGs
[2023-01-25 22:31:53,045] {logging_mixin.py:115} INFO - [2023-01-25 22:31:53,044] {dag.py:2972} INFO - Setting next_dagrun for example_task_group_decorator to 2023-01-24T22:31:53.043441+00:00, run_after=2023-01-25T22:31:53.043441+00:00
[2023-01-25 22:31:53,087] {processor.py:161} INFO - Processing /home/airflow/.local/lib/python3.7/site-packages/airflow/example_dags/example_task_group_decorator.py took 0.730 seconds
[2023-01-25 22:32:23,745] {processor.py:153} INFO - Started process (PID=1695) to work on /home/airflow/.local/lib/python3.7/site-packages/airflow/example_dags/example_task_group_decorator.py
[2023-01-25 22:32:23,747] {processor.py:641} INFO - Processing file /home/airflow/.local/lib/python3.7/site-packages/airflow/example_dags/example_task_group_decorator.py for tasks to queue
[2023-01-25 22:32:23,749] {logging_mixin.py:115} INFO - [2023-01-25 22:32:23,749] {dagbag.py:508} INFO - Filling up the DagBag from /home/airflow/.local/lib/python3.7/site-packages/airflow/example_dags/example_task_group_decorator.py
[2023-01-25 22:32:24,055] {processor.py:651} INFO - DAG(s) dict_keys(['example_task_group_decorator']) retrieved from /home/airflow/.local/lib/python3.7/site-packages/airflow/example_dags/example_task_group_decorator.py
[2023-01-25 22:32:24,370] {logging_mixin.py:115} INFO - [2023-01-25 22:32:24,370] {dag.py:2420} INFO - Sync 1 DAGs
[2023-01-25 22:32:24,461] {logging_mixin.py:115} INFO - [2023-01-25 22:32:24,460] {dag.py:2972} INFO - Setting next_dagrun for example_task_group_decorator to 2023-01-24T22:32:24.459107+00:00, run_after=2023-01-25T22:32:24.459107+00:00
[2023-01-25 22:32:24,512] {processor.py:161} INFO - Processing /home/airflow/.local/lib/python3.7/site-packages/airflow/example_dags/example_task_group_decorator.py took 0.775 seconds
[2023-01-25 22:32:55,324] {processor.py:153} INFO - Started process (PID=1807) to work on /home/airflow/.local/lib/python3.7/site-packages/airflow/example_dags/example_task_group_decorator.py
[2023-01-25 22:32:55,326] {processor.py:641} INFO - Processing file /home/airflow/.local/lib/python3.7/site-packages/airflow/example_dags/example_task_group_decorator.py for tasks to queue
[2023-01-25 22:32:55,328] {logging_mixin.py:115} INFO - [2023-01-25 22:32:55,328] {dagbag.py:508} INFO - Filling up the DagBag from /home/airflow/.local/lib/python3.7/site-packages/airflow/example_dags/example_task_group_decorator.py
[2023-01-25 22:32:55,672] {processor.py:651} INFO - DAG(s) dict_keys(['example_task_group_decorator']) retrieved from /home/airflow/.local/lib/python3.7/site-packages/airflow/example_dags/example_task_group_decorator.py
[2023-01-25 22:32:56,016] {logging_mixin.py:115} INFO - [2023-01-25 22:32:56,015] {dag.py:2420} INFO - Sync 1 DAGs
[2023-01-25 22:32:56,112] {logging_mixin.py:115} INFO - [2023-01-25 22:32:56,111] {dag.py:2972} INFO - Setting next_dagrun for example_task_group_decorator to 2023-01-24T22:32:56.109924+00:00, run_after=2023-01-25T22:32:56.109924+00:00
[2023-01-25 22:32:56,164] {processor.py:161} INFO - Processing /home/airflow/.local/lib/python3.7/site-packages/airflow/example_dags/example_task_group_decorator.py took 0.849 seconds
[2023-01-25 22:33:27,275] {processor.py:153} INFO - Started process (PID=1921) to work on /home/airflow/.local/lib/python3.7/site-packages/airflow/example_dags/example_task_group_decorator.py
[2023-01-25 22:33:27,280] {processor.py:641} INFO - Processing file /home/airflow/.local/lib/python3.7/site-packages/airflow/example_dags/example_task_group_decorator.py for tasks to queue
[2023-01-25 22:33:27,282] {logging_mixin.py:115} INFO - [2023-01-25 22:33:27,282] {dagbag.py:508} INFO - Filling up the DagBag from /home/airflow/.local/lib/python3.7/site-packages/airflow/example_dags/example_task_group_decorator.py
[2023-01-25 22:33:27,598] {processor.py:651} INFO - DAG(s) dict_keys(['example_task_group_decorator']) retrieved from /home/airflow/.local/lib/python3.7/site-packages/airflow/example_dags/example_task_group_decorator.py
[2023-01-25 22:33:27,903] {logging_mixin.py:115} INFO - [2023-01-25 22:33:27,903] {dag.py:2420} INFO - Sync 1 DAGs
[2023-01-25 22:33:27,992] {logging_mixin.py:115} INFO - [2023-01-25 22:33:27,992] {dag.py:2972} INFO - Setting next_dagrun for example_task_group_decorator to 2023-01-24T22:33:27.990981+00:00, run_after=2023-01-25T22:33:27.990981+00:00
[2023-01-25 22:33:28,044] {processor.py:161} INFO - Processing /home/airflow/.local/lib/python3.7/site-packages/airflow/example_dags/example_task_group_decorator.py took 0.778 seconds
[2023-01-25 22:33:58,735] {processor.py:153} INFO - Started process (PID=2035) to work on /home/airflow/.local/lib/python3.7/site-packages/airflow/example_dags/example_task_group_decorator.py
[2023-01-25 22:33:58,737] {processor.py:641} INFO - Processing file /home/airflow/.local/lib/python3.7/site-packages/airflow/example_dags/example_task_group_decorator.py for tasks to queue
[2023-01-25 22:33:58,739] {logging_mixin.py:115} INFO - [2023-01-25 22:33:58,739] {dagbag.py:508} INFO - Filling up the DagBag from /home/airflow/.local/lib/python3.7/site-packages/airflow/example_dags/example_task_group_decorator.py
[2023-01-25 22:33:59,050] {processor.py:651} INFO - DAG(s) dict_keys(['example_task_group_decorator']) retrieved from /home/airflow/.local/lib/python3.7/site-packages/airflow/example_dags/example_task_group_decorator.py
[2023-01-25 22:33:59,369] {logging_mixin.py:115} INFO - [2023-01-25 22:33:59,369] {dag.py:2420} INFO - Sync 1 DAGs
[2023-01-25 22:33:59,462] {logging_mixin.py:115} INFO - [2023-01-25 22:33:59,461] {dag.py:2972} INFO - Setting next_dagrun for example_task_group_decorator to 2023-01-24T22:33:59.459881+00:00, run_after=2023-01-25T22:33:59.459881+00:00
[2023-01-25 22:33:59,510] {processor.py:161} INFO - Processing /home/airflow/.local/lib/python3.7/site-packages/airflow/example_dags/example_task_group_decorator.py took 0.785 seconds
[2023-01-25 22:34:30,334] {processor.py:153} INFO - Started process (PID=2151) to work on /home/airflow/.local/lib/python3.7/site-packages/airflow/example_dags/example_task_group_decorator.py
[2023-01-25 22:34:30,336] {processor.py:641} INFO - Processing file /home/airflow/.local/lib/python3.7/site-packages/airflow/example_dags/example_task_group_decorator.py for tasks to queue
[2023-01-25 22:34:30,339] {logging_mixin.py:115} INFO - [2023-01-25 22:34:30,338] {dagbag.py:508} INFO - Filling up the DagBag from /home/airflow/.local/lib/python3.7/site-packages/airflow/example_dags/example_task_group_decorator.py
[2023-01-25 22:34:30,658] {processor.py:651} INFO - DAG(s) dict_keys(['example_task_group_decorator']) retrieved from /home/airflow/.local/lib/python3.7/site-packages/airflow/example_dags/example_task_group_decorator.py
[2023-01-25 22:34:30,960] {logging_mixin.py:115} INFO - [2023-01-25 22:34:30,959] {dag.py:2420} INFO - Sync 1 DAGs
[2023-01-25 22:34:31,047] {logging_mixin.py:115} INFO - [2023-01-25 22:34:31,046] {dag.py:2972} INFO - Setting next_dagrun for example_task_group_decorator to 2023-01-24T22:34:31.045289+00:00, run_after=2023-01-25T22:34:31.045289+00:00
[2023-01-25 22:34:31,091] {processor.py:161} INFO - Processing /home/airflow/.local/lib/python3.7/site-packages/airflow/example_dags/example_task_group_decorator.py took 0.764 seconds
[2023-01-25 22:35:02,047] {processor.py:153} INFO - Started process (PID=2262) to work on /home/airflow/.local/lib/python3.7/site-packages/airflow/example_dags/example_task_group_decorator.py
[2023-01-25 22:35:02,049] {processor.py:641} INFO - Processing file /home/airflow/.local/lib/python3.7/site-packages/airflow/example_dags/example_task_group_decorator.py for tasks to queue
[2023-01-25 22:35:02,051] {logging_mixin.py:115} INFO - [2023-01-25 22:35:02,051] {dagbag.py:508} INFO - Filling up the DagBag from /home/airflow/.local/lib/python3.7/site-packages/airflow/example_dags/example_task_group_decorator.py
[2023-01-25 22:35:02,207] {processor.py:651} INFO - DAG(s) dict_keys(['example_task_group_decorator']) retrieved from /home/airflow/.local/lib/python3.7/site-packages/airflow/example_dags/example_task_group_decorator.py
[2023-01-25 22:35:02,525] {logging_mixin.py:115} INFO - [2023-01-25 22:35:02,525] {dag.py:2420} INFO - Sync 1 DAGs
[2023-01-25 22:35:02,611] {logging_mixin.py:115} INFO - [2023-01-25 22:35:02,610] {dag.py:2972} INFO - Setting next_dagrun for example_task_group_decorator to 2023-01-24T22:35:02.609457+00:00, run_after=2023-01-25T22:35:02.609457+00:00
[2023-01-25 22:35:02,666] {processor.py:161} INFO - Processing /home/airflow/.local/lib/python3.7/site-packages/airflow/example_dags/example_task_group_decorator.py took 0.629 seconds
[2023-01-25 22:35:33,221] {processor.py:153} INFO - Started process (PID=2374) to work on /home/airflow/.local/lib/python3.7/site-packages/airflow/example_dags/example_task_group_decorator.py
[2023-01-25 22:35:33,223] {processor.py:641} INFO - Processing file /home/airflow/.local/lib/python3.7/site-packages/airflow/example_dags/example_task_group_decorator.py for tasks to queue
[2023-01-25 22:35:33,226] {logging_mixin.py:115} INFO - [2023-01-25 22:35:33,225] {dagbag.py:508} INFO - Filling up the DagBag from /home/airflow/.local/lib/python3.7/site-packages/airflow/example_dags/example_task_group_decorator.py
[2023-01-25 22:35:33,373] {processor.py:651} INFO - DAG(s) dict_keys(['example_task_group_decorator']) retrieved from /home/airflow/.local/lib/python3.7/site-packages/airflow/example_dags/example_task_group_decorator.py
[2023-01-25 22:35:33,752] {logging_mixin.py:115} INFO - [2023-01-25 22:35:33,751] {dag.py:2420} INFO - Sync 1 DAGs
[2023-01-25 22:35:33,873] {logging_mixin.py:115} INFO - [2023-01-25 22:35:33,872] {dag.py:2972} INFO - Setting next_dagrun for example_task_group_decorator to 2023-01-24T22:35:33.869764+00:00, run_after=2023-01-25T22:35:33.869764+00:00
[2023-01-25 22:35:33,929] {processor.py:161} INFO - Processing /home/airflow/.local/lib/python3.7/site-packages/airflow/example_dags/example_task_group_decorator.py took 0.718 seconds
[2023-01-25 22:36:04,223] {processor.py:153} INFO - Started process (PID=2485) to work on /home/airflow/.local/lib/python3.7/site-packages/airflow/example_dags/example_task_group_decorator.py
[2023-01-25 22:36:04,227] {processor.py:641} INFO - Processing file /home/airflow/.local/lib/python3.7/site-packages/airflow/example_dags/example_task_group_decorator.py for tasks to queue
[2023-01-25 22:36:04,230] {logging_mixin.py:115} INFO - [2023-01-25 22:36:04,229] {dagbag.py:508} INFO - Filling up the DagBag from /home/airflow/.local/lib/python3.7/site-packages/airflow/example_dags/example_task_group_decorator.py
[2023-01-25 22:36:04,381] {processor.py:651} INFO - DAG(s) dict_keys(['example_task_group_decorator']) retrieved from /home/airflow/.local/lib/python3.7/site-packages/airflow/example_dags/example_task_group_decorator.py
[2023-01-25 22:36:04,736] {logging_mixin.py:115} INFO - [2023-01-25 22:36:04,735] {dag.py:2420} INFO - Sync 1 DAGs
[2023-01-25 22:36:04,844] {logging_mixin.py:115} INFO - [2023-01-25 22:36:04,843] {dag.py:2972} INFO - Setting next_dagrun for example_task_group_decorator to 2023-01-24T22:36:04.842083+00:00, run_after=2023-01-25T22:36:04.842083+00:00
[2023-01-25 22:36:04,896] {processor.py:161} INFO - Processing /home/airflow/.local/lib/python3.7/site-packages/airflow/example_dags/example_task_group_decorator.py took 0.686 seconds
[2023-01-25 22:36:35,131] {processor.py:153} INFO - Started process (PID=2599) to work on /home/airflow/.local/lib/python3.7/site-packages/airflow/example_dags/example_task_group_decorator.py
[2023-01-25 22:36:35,134] {processor.py:641} INFO - Processing file /home/airflow/.local/lib/python3.7/site-packages/airflow/example_dags/example_task_group_decorator.py for tasks to queue
[2023-01-25 22:36:35,136] {logging_mixin.py:115} INFO - [2023-01-25 22:36:35,136] {dagbag.py:508} INFO - Filling up the DagBag from /home/airflow/.local/lib/python3.7/site-packages/airflow/example_dags/example_task_group_decorator.py
[2023-01-25 22:36:35,278] {processor.py:651} INFO - DAG(s) dict_keys(['example_task_group_decorator']) retrieved from /home/airflow/.local/lib/python3.7/site-packages/airflow/example_dags/example_task_group_decorator.py
[2023-01-25 22:36:35,607] {logging_mixin.py:115} INFO - [2023-01-25 22:36:35,606] {dag.py:2420} INFO - Sync 1 DAGs
[2023-01-25 22:36:35,709] {logging_mixin.py:115} INFO - [2023-01-25 22:36:35,708] {dag.py:2972} INFO - Setting next_dagrun for example_task_group_decorator to 2023-01-24T22:36:35.706685+00:00, run_after=2023-01-25T22:36:35.706685+00:00
[2023-01-25 22:36:35,766] {processor.py:161} INFO - Processing /home/airflow/.local/lib/python3.7/site-packages/airflow/example_dags/example_task_group_decorator.py took 0.644 seconds
[2023-01-25 22:37:05,980] {processor.py:153} INFO - Started process (PID=2712) to work on /home/airflow/.local/lib/python3.7/site-packages/airflow/example_dags/example_task_group_decorator.py
[2023-01-25 22:37:05,983] {processor.py:641} INFO - Processing file /home/airflow/.local/lib/python3.7/site-packages/airflow/example_dags/example_task_group_decorator.py for tasks to queue
[2023-01-25 22:37:05,986] {logging_mixin.py:115} INFO - [2023-01-25 22:37:05,986] {dagbag.py:508} INFO - Filling up the DagBag from /home/airflow/.local/lib/python3.7/site-packages/airflow/example_dags/example_task_group_decorator.py
[2023-01-25 22:37:06,140] {processor.py:651} INFO - DAG(s) dict_keys(['example_task_group_decorator']) retrieved from /home/airflow/.local/lib/python3.7/site-packages/airflow/example_dags/example_task_group_decorator.py
[2023-01-25 22:37:06,503] {logging_mixin.py:115} INFO - [2023-01-25 22:37:06,503] {dag.py:2420} INFO - Sync 1 DAGs
[2023-01-25 22:37:06,629] {logging_mixin.py:115} INFO - [2023-01-25 22:37:06,628] {dag.py:2972} INFO - Setting next_dagrun for example_task_group_decorator to 2023-01-24T22:37:06.626264+00:00, run_after=2023-01-25T22:37:06.626264+00:00
[2023-01-25 22:37:06,692] {processor.py:161} INFO - Processing /home/airflow/.local/lib/python3.7/site-packages/airflow/example_dags/example_task_group_decorator.py took 0.724 seconds
[2023-01-25 22:37:36,890] {processor.py:153} INFO - Started process (PID=2826) to work on /home/airflow/.local/lib/python3.7/site-packages/airflow/example_dags/example_task_group_decorator.py
[2023-01-25 22:37:36,892] {processor.py:641} INFO - Processing file /home/airflow/.local/lib/python3.7/site-packages/airflow/example_dags/example_task_group_decorator.py for tasks to queue
[2023-01-25 22:37:36,895] {logging_mixin.py:115} INFO - [2023-01-25 22:37:36,895] {dagbag.py:508} INFO - Filling up the DagBag from /home/airflow/.local/lib/python3.7/site-packages/airflow/example_dags/example_task_group_decorator.py
[2023-01-25 22:37:37,062] {processor.py:651} INFO - DAG(s) dict_keys(['example_task_group_decorator']) retrieved from /home/airflow/.local/lib/python3.7/site-packages/airflow/example_dags/example_task_group_decorator.py
[2023-01-25 22:37:37,203] {logging_mixin.py:115} INFO - [2023-01-25 22:37:37,201] {dag.py:2420} INFO - Sync 1 DAGs
[2023-01-25 22:37:37,332] {logging_mixin.py:115} INFO - [2023-01-25 22:37:37,332] {dag.py:2972} INFO - Setting next_dagrun for example_task_group_decorator to 2023-01-24T22:37:37.330633+00:00, run_after=2023-01-25T22:37:37.330633+00:00
[2023-01-25 22:37:37,376] {processor.py:161} INFO - Processing /home/airflow/.local/lib/python3.7/site-packages/airflow/example_dags/example_task_group_decorator.py took 0.497 seconds
[2023-01-25 22:38:09,543] {processor.py:153} INFO - Started process (PID=2940) to work on /home/airflow/.local/lib/python3.7/site-packages/airflow/example_dags/example_task_group_decorator.py
[2023-01-25 22:38:09,546] {processor.py:641} INFO - Processing file /home/airflow/.local/lib/python3.7/site-packages/airflow/example_dags/example_task_group_decorator.py for tasks to queue
[2023-01-25 22:38:09,550] {logging_mixin.py:115} INFO - [2023-01-25 22:38:09,549] {dagbag.py:508} INFO - Filling up the DagBag from /home/airflow/.local/lib/python3.7/site-packages/airflow/example_dags/example_task_group_decorator.py
[2023-01-25 22:38:09,721] {processor.py:651} INFO - DAG(s) dict_keys(['example_task_group_decorator']) retrieved from /home/airflow/.local/lib/python3.7/site-packages/airflow/example_dags/example_task_group_decorator.py
[2023-01-25 22:38:10,118] {logging_mixin.py:115} INFO - [2023-01-25 22:38:10,117] {dag.py:2420} INFO - Sync 1 DAGs
[2023-01-25 22:38:10,231] {logging_mixin.py:115} INFO - [2023-01-25 22:38:10,230] {dag.py:2972} INFO - Setting next_dagrun for example_task_group_decorator to 2023-01-24T22:38:10.228666+00:00, run_after=2023-01-25T22:38:10.228666+00:00
[2023-01-25 22:38:10,289] {processor.py:161} INFO - Processing /home/airflow/.local/lib/python3.7/site-packages/airflow/example_dags/example_task_group_decorator.py took 0.756 seconds
[2023-01-25 22:38:40,690] {processor.py:153} INFO - Started process (PID=3054) to work on /home/airflow/.local/lib/python3.7/site-packages/airflow/example_dags/example_task_group_decorator.py
[2023-01-25 22:38:40,693] {processor.py:641} INFO - Processing file /home/airflow/.local/lib/python3.7/site-packages/airflow/example_dags/example_task_group_decorator.py for tasks to queue
[2023-01-25 22:38:40,695] {logging_mixin.py:115} INFO - [2023-01-25 22:38:40,695] {dagbag.py:508} INFO - Filling up the DagBag from /home/airflow/.local/lib/python3.7/site-packages/airflow/example_dags/example_task_group_decorator.py
[2023-01-25 22:38:40,834] {processor.py:651} INFO - DAG(s) dict_keys(['example_task_group_decorator']) retrieved from /home/airflow/.local/lib/python3.7/site-packages/airflow/example_dags/example_task_group_decorator.py
[2023-01-25 22:38:41,239] {logging_mixin.py:115} INFO - [2023-01-25 22:38:41,238] {dag.py:2420} INFO - Sync 1 DAGs
[2023-01-25 22:38:41,380] {logging_mixin.py:115} INFO - [2023-01-25 22:38:41,380] {dag.py:2972} INFO - Setting next_dagrun for example_task_group_decorator to 2023-01-24T22:38:41.377598+00:00, run_after=2023-01-25T22:38:41.377598+00:00
[2023-01-25 22:38:41,442] {processor.py:161} INFO - Processing /home/airflow/.local/lib/python3.7/site-packages/airflow/example_dags/example_task_group_decorator.py took 0.761 seconds
[2023-01-25 22:39:14,294] {processor.py:153} INFO - Started process (PID=3171) to work on /home/airflow/.local/lib/python3.7/site-packages/airflow/example_dags/example_task_group_decorator.py
[2023-01-25 22:39:14,297] {processor.py:641} INFO - Processing file /home/airflow/.local/lib/python3.7/site-packages/airflow/example_dags/example_task_group_decorator.py for tasks to queue
[2023-01-25 22:39:14,299] {logging_mixin.py:115} INFO - [2023-01-25 22:39:14,299] {dagbag.py:508} INFO - Filling up the DagBag from /home/airflow/.local/lib/python3.7/site-packages/airflow/example_dags/example_task_group_decorator.py
[2023-01-25 22:39:14,437] {processor.py:651} INFO - DAG(s) dict_keys(['example_task_group_decorator']) retrieved from /home/airflow/.local/lib/python3.7/site-packages/airflow/example_dags/example_task_group_decorator.py
[2023-01-25 22:39:14,823] {logging_mixin.py:115} INFO - [2023-01-25 22:39:14,822] {dag.py:2420} INFO - Sync 1 DAGs
[2023-01-25 22:39:14,944] {logging_mixin.py:115} INFO - [2023-01-25 22:39:14,943] {dag.py:2972} INFO - Setting next_dagrun for example_task_group_decorator to 2023-01-24T22:39:14.942005+00:00, run_after=2023-01-25T22:39:14.942005+00:00
[2023-01-25 22:39:15,002] {processor.py:161} INFO - Processing /home/airflow/.local/lib/python3.7/site-packages/airflow/example_dags/example_task_group_decorator.py took 0.716 seconds
[2023-01-25 22:39:46,872] {processor.py:153} INFO - Started process (PID=3284) to work on /home/airflow/.local/lib/python3.7/site-packages/airflow/example_dags/example_task_group_decorator.py
[2023-01-25 22:39:46,874] {processor.py:641} INFO - Processing file /home/airflow/.local/lib/python3.7/site-packages/airflow/example_dags/example_task_group_decorator.py for tasks to queue
[2023-01-25 22:39:46,877] {logging_mixin.py:115} INFO - [2023-01-25 22:39:46,876] {dagbag.py:508} INFO - Filling up the DagBag from /home/airflow/.local/lib/python3.7/site-packages/airflow/example_dags/example_task_group_decorator.py
[2023-01-25 22:39:47,020] {processor.py:651} INFO - DAG(s) dict_keys(['example_task_group_decorator']) retrieved from /home/airflow/.local/lib/python3.7/site-packages/airflow/example_dags/example_task_group_decorator.py
[2023-01-25 22:39:47,366] {logging_mixin.py:115} INFO - [2023-01-25 22:39:47,365] {dag.py:2420} INFO - Sync 1 DAGs
[2023-01-25 22:39:47,467] {logging_mixin.py:115} INFO - [2023-01-25 22:39:47,467] {dag.py:2972} INFO - Setting next_dagrun for example_task_group_decorator to 2023-01-24T22:39:47.465441+00:00, run_after=2023-01-25T22:39:47.465441+00:00
[2023-01-25 22:39:47,530] {processor.py:161} INFO - Processing /home/airflow/.local/lib/python3.7/site-packages/airflow/example_dags/example_task_group_decorator.py took 0.667 seconds
[2023-01-25 22:40:19,464] {processor.py:153} INFO - Started process (PID=3398) to work on /home/airflow/.local/lib/python3.7/site-packages/airflow/example_dags/example_task_group_decorator.py
[2023-01-25 22:40:19,466] {processor.py:641} INFO - Processing file /home/airflow/.local/lib/python3.7/site-packages/airflow/example_dags/example_task_group_decorator.py for tasks to queue
[2023-01-25 22:40:19,468] {logging_mixin.py:115} INFO - [2023-01-25 22:40:19,468] {dagbag.py:508} INFO - Filling up the DagBag from /home/airflow/.local/lib/python3.7/site-packages/airflow/example_dags/example_task_group_decorator.py
[2023-01-25 22:40:19,600] {processor.py:651} INFO - DAG(s) dict_keys(['example_task_group_decorator']) retrieved from /home/airflow/.local/lib/python3.7/site-packages/airflow/example_dags/example_task_group_decorator.py
[2023-01-25 22:40:19,970] {logging_mixin.py:115} INFO - [2023-01-25 22:40:19,970] {dag.py:2420} INFO - Sync 1 DAGs
[2023-01-25 22:40:20,073] {logging_mixin.py:115} INFO - [2023-01-25 22:40:20,073] {dag.py:2972} INFO - Setting next_dagrun for example_task_group_decorator to 2023-01-24T22:40:20.071471+00:00, run_after=2023-01-25T22:40:20.071471+00:00
[2023-01-25 22:40:20,123] {processor.py:161} INFO - Processing /home/airflow/.local/lib/python3.7/site-packages/airflow/example_dags/example_task_group_decorator.py took 0.668 seconds
[2023-01-25 22:40:52,562] {processor.py:153} INFO - Started process (PID=3512) to work on /home/airflow/.local/lib/python3.7/site-packages/airflow/example_dags/example_task_group_decorator.py
[2023-01-25 22:40:52,564] {processor.py:641} INFO - Processing file /home/airflow/.local/lib/python3.7/site-packages/airflow/example_dags/example_task_group_decorator.py for tasks to queue
[2023-01-25 22:40:52,565] {logging_mixin.py:115} INFO - [2023-01-25 22:40:52,565] {dagbag.py:508} INFO - Filling up the DagBag from /home/airflow/.local/lib/python3.7/site-packages/airflow/example_dags/example_task_group_decorator.py
[2023-01-25 22:40:52,690] {processor.py:651} INFO - DAG(s) dict_keys(['example_task_group_decorator']) retrieved from /home/airflow/.local/lib/python3.7/site-packages/airflow/example_dags/example_task_group_decorator.py
[2023-01-25 22:40:52,992] {logging_mixin.py:115} INFO - [2023-01-25 22:40:52,992] {dag.py:2420} INFO - Sync 1 DAGs
[2023-01-25 22:40:53,082] {logging_mixin.py:115} INFO - [2023-01-25 22:40:53,081] {dag.py:2972} INFO - Setting next_dagrun for example_task_group_decorator to 2023-01-24T22:40:53.080241+00:00, run_after=2023-01-25T22:40:53.080241+00:00
[2023-01-25 22:40:53,127] {processor.py:161} INFO - Processing /home/airflow/.local/lib/python3.7/site-packages/airflow/example_dags/example_task_group_decorator.py took 0.573 seconds
[2023-01-25 22:41:25,188] {processor.py:153} INFO - Started process (PID=3627) to work on /home/airflow/.local/lib/python3.7/site-packages/airflow/example_dags/example_task_group_decorator.py
[2023-01-25 22:41:25,190] {processor.py:641} INFO - Processing file /home/airflow/.local/lib/python3.7/site-packages/airflow/example_dags/example_task_group_decorator.py for tasks to queue
[2023-01-25 22:41:25,192] {logging_mixin.py:115} INFO - [2023-01-25 22:41:25,192] {dagbag.py:508} INFO - Filling up the DagBag from /home/airflow/.local/lib/python3.7/site-packages/airflow/example_dags/example_task_group_decorator.py
[2023-01-25 22:41:25,320] {processor.py:651} INFO - DAG(s) dict_keys(['example_task_group_decorator']) retrieved from /home/airflow/.local/lib/python3.7/site-packages/airflow/example_dags/example_task_group_decorator.py
[2023-01-25 22:41:25,628] {logging_mixin.py:115} INFO - [2023-01-25 22:41:25,628] {dag.py:2420} INFO - Sync 1 DAGs
[2023-01-25 22:41:25,724] {logging_mixin.py:115} INFO - [2023-01-25 22:41:25,723] {dag.py:2972} INFO - Setting next_dagrun for example_task_group_decorator to 2023-01-24T22:41:25.721930+00:00, run_after=2023-01-25T22:41:25.721930+00:00
[2023-01-25 22:41:25,771] {processor.py:161} INFO - Processing /home/airflow/.local/lib/python3.7/site-packages/airflow/example_dags/example_task_group_decorator.py took 0.594 seconds
[2023-01-25 22:41:58,038] {processor.py:153} INFO - Started process (PID=3740) to work on /home/airflow/.local/lib/python3.7/site-packages/airflow/example_dags/example_task_group_decorator.py
[2023-01-25 22:41:58,040] {processor.py:641} INFO - Processing file /home/airflow/.local/lib/python3.7/site-packages/airflow/example_dags/example_task_group_decorator.py for tasks to queue
[2023-01-25 22:41:58,043] {logging_mixin.py:115} INFO - [2023-01-25 22:41:58,042] {dagbag.py:508} INFO - Filling up the DagBag from /home/airflow/.local/lib/python3.7/site-packages/airflow/example_dags/example_task_group_decorator.py
[2023-01-25 22:41:58,170] {processor.py:651} INFO - DAG(s) dict_keys(['example_task_group_decorator']) retrieved from /home/airflow/.local/lib/python3.7/site-packages/airflow/example_dags/example_task_group_decorator.py
[2023-01-25 22:41:58,474] {logging_mixin.py:115} INFO - [2023-01-25 22:41:58,473] {dag.py:2420} INFO - Sync 1 DAGs
[2023-01-25 22:41:58,573] {logging_mixin.py:115} INFO - [2023-01-25 22:41:58,572] {dag.py:2972} INFO - Setting next_dagrun for example_task_group_decorator to 2023-01-24T22:41:58.571169+00:00, run_after=2023-01-25T22:41:58.571169+00:00
[2023-01-25 22:41:58,621] {processor.py:161} INFO - Processing /home/airflow/.local/lib/python3.7/site-packages/airflow/example_dags/example_task_group_decorator.py took 0.593 seconds
[2023-01-25 22:42:30,623] {processor.py:153} INFO - Started process (PID=3862) to work on /home/airflow/.local/lib/python3.7/site-packages/airflow/example_dags/example_task_group_decorator.py
[2023-01-25 22:42:30,625] {processor.py:641} INFO - Processing file /home/airflow/.local/lib/python3.7/site-packages/airflow/example_dags/example_task_group_decorator.py for tasks to queue
[2023-01-25 22:42:30,628] {logging_mixin.py:115} INFO - [2023-01-25 22:42:30,627] {dagbag.py:508} INFO - Filling up the DagBag from /home/airflow/.local/lib/python3.7/site-packages/airflow/example_dags/example_task_group_decorator.py
[2023-01-25 22:42:30,763] {processor.py:651} INFO - DAG(s) dict_keys(['example_task_group_decorator']) retrieved from /home/airflow/.local/lib/python3.7/site-packages/airflow/example_dags/example_task_group_decorator.py
[2023-01-25 22:42:31,141] {logging_mixin.py:115} INFO - [2023-01-25 22:42:31,140] {dag.py:2420} INFO - Sync 1 DAGs
[2023-01-25 22:42:31,252] {logging_mixin.py:115} INFO - [2023-01-25 22:42:31,251] {dag.py:2972} INFO - Setting next_dagrun for example_task_group_decorator to 2023-01-24T22:42:31.250030+00:00, run_after=2023-01-25T22:42:31.250030+00:00
[2023-01-25 22:42:31,304] {processor.py:161} INFO - Processing /home/airflow/.local/lib/python3.7/site-packages/airflow/example_dags/example_task_group_decorator.py took 0.690 seconds
[2023-01-25 22:43:04,671] {processor.py:153} INFO - Started process (PID=3988) to work on /home/airflow/.local/lib/python3.7/site-packages/airflow/example_dags/example_task_group_decorator.py
[2023-01-25 22:43:04,673] {processor.py:641} INFO - Processing file /home/airflow/.local/lib/python3.7/site-packages/airflow/example_dags/example_task_group_decorator.py for tasks to queue
[2023-01-25 22:43:04,677] {logging_mixin.py:115} INFO - [2023-01-25 22:43:04,676] {dagbag.py:508} INFO - Filling up the DagBag from /home/airflow/.local/lib/python3.7/site-packages/airflow/example_dags/example_task_group_decorator.py
[2023-01-25 22:43:04,831] {processor.py:651} INFO - DAG(s) dict_keys(['example_task_group_decorator']) retrieved from /home/airflow/.local/lib/python3.7/site-packages/airflow/example_dags/example_task_group_decorator.py
[2023-01-25 22:43:04,952] {logging_mixin.py:115} INFO - [2023-01-25 22:43:04,951] {dag.py:2420} INFO - Sync 1 DAGs
[2023-01-25 22:43:05,074] {logging_mixin.py:115} INFO - [2023-01-25 22:43:05,073] {dag.py:2972} INFO - Setting next_dagrun for example_task_group_decorator to 2023-01-24T22:43:05.070087+00:00, run_after=2023-01-25T22:43:05.070087+00:00
[2023-01-25 22:43:05,138] {processor.py:161} INFO - Processing /home/airflow/.local/lib/python3.7/site-packages/airflow/example_dags/example_task_group_decorator.py took 0.476 seconds
[2023-01-25 22:43:37,551] {processor.py:153} INFO - Started process (PID=4102) to work on /home/airflow/.local/lib/python3.7/site-packages/airflow/example_dags/example_task_group_decorator.py
[2023-01-25 22:43:37,553] {processor.py:641} INFO - Processing file /home/airflow/.local/lib/python3.7/site-packages/airflow/example_dags/example_task_group_decorator.py for tasks to queue
[2023-01-25 22:43:37,556] {logging_mixin.py:115} INFO - [2023-01-25 22:43:37,555] {dagbag.py:508} INFO - Filling up the DagBag from /home/airflow/.local/lib/python3.7/site-packages/airflow/example_dags/example_task_group_decorator.py
[2023-01-25 22:43:37,687] {processor.py:651} INFO - DAG(s) dict_keys(['example_task_group_decorator']) retrieved from /home/airflow/.local/lib/python3.7/site-packages/airflow/example_dags/example_task_group_decorator.py
[2023-01-25 22:43:38,000] {logging_mixin.py:115} INFO - [2023-01-25 22:43:38,000] {dag.py:2420} INFO - Sync 1 DAGs
[2023-01-25 22:43:38,098] {logging_mixin.py:115} INFO - [2023-01-25 22:43:38,098] {dag.py:2972} INFO - Setting next_dagrun for example_task_group_decorator to 2023-01-24T22:43:38.096391+00:00, run_after=2023-01-25T22:43:38.096391+00:00
[2023-01-25 22:43:38,147] {processor.py:161} INFO - Processing /home/airflow/.local/lib/python3.7/site-packages/airflow/example_dags/example_task_group_decorator.py took 0.604 seconds
[2023-01-25 22:44:09,840] {processor.py:153} INFO - Started process (PID=4216) to work on /home/airflow/.local/lib/python3.7/site-packages/airflow/example_dags/example_task_group_decorator.py
[2023-01-25 22:44:09,842] {processor.py:641} INFO - Processing file /home/airflow/.local/lib/python3.7/site-packages/airflow/example_dags/example_task_group_decorator.py for tasks to queue
[2023-01-25 22:44:09,844] {logging_mixin.py:115} INFO - [2023-01-25 22:44:09,844] {dagbag.py:508} INFO - Filling up the DagBag from /home/airflow/.local/lib/python3.7/site-packages/airflow/example_dags/example_task_group_decorator.py
[2023-01-25 22:44:09,976] {processor.py:651} INFO - DAG(s) dict_keys(['example_task_group_decorator']) retrieved from /home/airflow/.local/lib/python3.7/site-packages/airflow/example_dags/example_task_group_decorator.py
[2023-01-25 22:44:10,076] {logging_mixin.py:115} INFO - [2023-01-25 22:44:10,076] {dag.py:2420} INFO - Sync 1 DAGs
[2023-01-25 22:44:10,171] {logging_mixin.py:115} INFO - [2023-01-25 22:44:10,171] {dag.py:2972} INFO - Setting next_dagrun for example_task_group_decorator to 2023-01-24T22:44:10.169660+00:00, run_after=2023-01-25T22:44:10.169660+00:00
[2023-01-25 22:44:10,213] {processor.py:161} INFO - Processing /home/airflow/.local/lib/python3.7/site-packages/airflow/example_dags/example_task_group_decorator.py took 0.382 seconds
[2023-01-25 22:44:42,842] {processor.py:153} INFO - Started process (PID=4336) to work on /home/airflow/.local/lib/python3.7/site-packages/airflow/example_dags/example_task_group_decorator.py
[2023-01-25 22:44:42,844] {processor.py:641} INFO - Processing file /home/airflow/.local/lib/python3.7/site-packages/airflow/example_dags/example_task_group_decorator.py for tasks to queue
[2023-01-25 22:44:42,846] {logging_mixin.py:115} INFO - [2023-01-25 22:44:42,846] {dagbag.py:508} INFO - Filling up the DagBag from /home/airflow/.local/lib/python3.7/site-packages/airflow/example_dags/example_task_group_decorator.py
[2023-01-25 22:44:42,982] {processor.py:651} INFO - DAG(s) dict_keys(['example_task_group_decorator']) retrieved from /home/airflow/.local/lib/python3.7/site-packages/airflow/example_dags/example_task_group_decorator.py
[2023-01-25 22:44:43,306] {logging_mixin.py:115} INFO - [2023-01-25 22:44:43,305] {dag.py:2420} INFO - Sync 1 DAGs
[2023-01-25 22:44:43,396] {logging_mixin.py:115} INFO - [2023-01-25 22:44:43,396] {dag.py:2972} INFO - Setting next_dagrun for example_task_group_decorator to 2023-01-24T22:44:43.394477+00:00, run_after=2023-01-25T22:44:43.394477+00:00
[2023-01-25 22:44:43,452] {processor.py:161} INFO - Processing /home/airflow/.local/lib/python3.7/site-packages/airflow/example_dags/example_task_group_decorator.py took 0.618 seconds
[2023-01-25 22:45:14,410] {processor.py:153} INFO - Started process (PID=4450) to work on /home/airflow/.local/lib/python3.7/site-packages/airflow/example_dags/example_task_group_decorator.py
[2023-01-25 22:45:14,411] {processor.py:641} INFO - Processing file /home/airflow/.local/lib/python3.7/site-packages/airflow/example_dags/example_task_group_decorator.py for tasks to queue
[2023-01-25 22:45:14,413] {logging_mixin.py:115} INFO - [2023-01-25 22:45:14,413] {dagbag.py:508} INFO - Filling up the DagBag from /home/airflow/.local/lib/python3.7/site-packages/airflow/example_dags/example_task_group_decorator.py
[2023-01-25 22:45:14,542] {processor.py:651} INFO - DAG(s) dict_keys(['example_task_group_decorator']) retrieved from /home/airflow/.local/lib/python3.7/site-packages/airflow/example_dags/example_task_group_decorator.py
[2023-01-25 22:45:14,836] {logging_mixin.py:115} INFO - [2023-01-25 22:45:14,836] {dag.py:2420} INFO - Sync 1 DAGs
[2023-01-25 22:45:14,924] {logging_mixin.py:115} INFO - [2023-01-25 22:45:14,923] {dag.py:2972} INFO - Setting next_dagrun for example_task_group_decorator to 2023-01-24T22:45:14.922328+00:00, run_after=2023-01-25T22:45:14.922328+00:00
[2023-01-25 22:45:14,968] {processor.py:161} INFO - Processing /home/airflow/.local/lib/python3.7/site-packages/airflow/example_dags/example_task_group_decorator.py took 0.566 seconds
[2023-01-25 22:45:47,130] {processor.py:153} INFO - Started process (PID=4564) to work on /home/airflow/.local/lib/python3.7/site-packages/airflow/example_dags/example_task_group_decorator.py
[2023-01-25 22:45:47,132] {processor.py:641} INFO - Processing file /home/airflow/.local/lib/python3.7/site-packages/airflow/example_dags/example_task_group_decorator.py for tasks to queue
[2023-01-25 22:45:47,134] {logging_mixin.py:115} INFO - [2023-01-25 22:45:47,134] {dagbag.py:508} INFO - Filling up the DagBag from /home/airflow/.local/lib/python3.7/site-packages/airflow/example_dags/example_task_group_decorator.py
[2023-01-25 22:45:47,272] {processor.py:651} INFO - DAG(s) dict_keys(['example_task_group_decorator']) retrieved from /home/airflow/.local/lib/python3.7/site-packages/airflow/example_dags/example_task_group_decorator.py
[2023-01-25 22:45:47,569] {logging_mixin.py:115} INFO - [2023-01-25 22:45:47,569] {dag.py:2420} INFO - Sync 1 DAGs
[2023-01-25 22:45:47,656] {logging_mixin.py:115} INFO - [2023-01-25 22:45:47,656] {dag.py:2972} INFO - Setting next_dagrun for example_task_group_decorator to 2023-01-24T22:45:47.654473+00:00, run_after=2023-01-25T22:45:47.654473+00:00
[2023-01-25 22:45:47,700] {processor.py:161} INFO - Processing /home/airflow/.local/lib/python3.7/site-packages/airflow/example_dags/example_task_group_decorator.py took 0.579 seconds
[2023-01-25 22:46:19,688] {processor.py:153} INFO - Started process (PID=4680) to work on /home/airflow/.local/lib/python3.7/site-packages/airflow/example_dags/example_task_group_decorator.py
[2023-01-25 22:46:19,690] {processor.py:641} INFO - Processing file /home/airflow/.local/lib/python3.7/site-packages/airflow/example_dags/example_task_group_decorator.py for tasks to queue
[2023-01-25 22:46:19,691] {logging_mixin.py:115} INFO - [2023-01-25 22:46:19,691] {dagbag.py:508} INFO - Filling up the DagBag from /home/airflow/.local/lib/python3.7/site-packages/airflow/example_dags/example_task_group_decorator.py
[2023-01-25 22:46:19,810] {processor.py:651} INFO - DAG(s) dict_keys(['example_task_group_decorator']) retrieved from /home/airflow/.local/lib/python3.7/site-packages/airflow/example_dags/example_task_group_decorator.py
[2023-01-25 22:46:20,119] {logging_mixin.py:115} INFO - [2023-01-25 22:46:20,118] {dag.py:2420} INFO - Sync 1 DAGs
[2023-01-25 22:46:20,207] {logging_mixin.py:115} INFO - [2023-01-25 22:46:20,206] {dag.py:2972} INFO - Setting next_dagrun for example_task_group_decorator to 2023-01-24T22:46:20.205199+00:00, run_after=2023-01-25T22:46:20.205199+00:00
[2023-01-25 22:46:20,256] {processor.py:161} INFO - Processing /home/airflow/.local/lib/python3.7/site-packages/airflow/example_dags/example_task_group_decorator.py took 0.576 seconds
[2023-01-25 22:46:52,396] {processor.py:153} INFO - Started process (PID=4795) to work on /home/airflow/.local/lib/python3.7/site-packages/airflow/example_dags/example_task_group_decorator.py
[2023-01-25 22:46:52,397] {processor.py:641} INFO - Processing file /home/airflow/.local/lib/python3.7/site-packages/airflow/example_dags/example_task_group_decorator.py for tasks to queue
[2023-01-25 22:46:52,400] {logging_mixin.py:115} INFO - [2023-01-25 22:46:52,399] {dagbag.py:508} INFO - Filling up the DagBag from /home/airflow/.local/lib/python3.7/site-packages/airflow/example_dags/example_task_group_decorator.py
[2023-01-25 22:46:52,537] {processor.py:651} INFO - DAG(s) dict_keys(['example_task_group_decorator']) retrieved from /home/airflow/.local/lib/python3.7/site-packages/airflow/example_dags/example_task_group_decorator.py
[2023-01-25 22:46:52,633] {logging_mixin.py:115} INFO - [2023-01-25 22:46:52,632] {dag.py:2420} INFO - Sync 1 DAGs
[2023-01-25 22:46:52,721] {logging_mixin.py:115} INFO - [2023-01-25 22:46:52,720] {dag.py:2972} INFO - Setting next_dagrun for example_task_group_decorator to 2023-01-24T22:46:52.719394+00:00, run_after=2023-01-25T22:46:52.719394+00:00
[2023-01-25 22:46:52,763] {processor.py:161} INFO - Processing /home/airflow/.local/lib/python3.7/site-packages/airflow/example_dags/example_task_group_decorator.py took 0.376 seconds
[2023-01-25 22:47:25,363] {processor.py:153} INFO - Started process (PID=4919) to work on /home/airflow/.local/lib/python3.7/site-packages/airflow/example_dags/example_task_group_decorator.py
[2023-01-25 22:47:25,365] {processor.py:641} INFO - Processing file /home/airflow/.local/lib/python3.7/site-packages/airflow/example_dags/example_task_group_decorator.py for tasks to queue
[2023-01-25 22:47:25,368] {logging_mixin.py:115} INFO - [2023-01-25 22:47:25,368] {dagbag.py:508} INFO - Filling up the DagBag from /home/airflow/.local/lib/python3.7/site-packages/airflow/example_dags/example_task_group_decorator.py
[2023-01-25 22:47:25,511] {processor.py:651} INFO - DAG(s) dict_keys(['example_task_group_decorator']) retrieved from /home/airflow/.local/lib/python3.7/site-packages/airflow/example_dags/example_task_group_decorator.py
[2023-01-25 22:47:25,859] {logging_mixin.py:115} INFO - [2023-01-25 22:47:25,858] {dag.py:2420} INFO - Sync 1 DAGs
[2023-01-25 22:47:25,953] {logging_mixin.py:115} INFO - [2023-01-25 22:47:25,953] {dag.py:2972} INFO - Setting next_dagrun for example_task_group_decorator to 2023-01-24T22:47:25.951808+00:00, run_after=2023-01-25T22:47:25.951808+00:00
[2023-01-25 22:47:26,005] {processor.py:161} INFO - Processing /home/airflow/.local/lib/python3.7/site-packages/airflow/example_dags/example_task_group_decorator.py took 0.652 seconds
[2023-01-25 22:47:57,803] {processor.py:153} INFO - Started process (PID=5038) to work on /home/airflow/.local/lib/python3.7/site-packages/airflow/example_dags/example_task_group_decorator.py
[2023-01-25 22:47:57,805] {processor.py:641} INFO - Processing file /home/airflow/.local/lib/python3.7/site-packages/airflow/example_dags/example_task_group_decorator.py for tasks to queue
[2023-01-25 22:47:57,807] {logging_mixin.py:115} INFO - [2023-01-25 22:47:57,807] {dagbag.py:508} INFO - Filling up the DagBag from /home/airflow/.local/lib/python3.7/site-packages/airflow/example_dags/example_task_group_decorator.py
[2023-01-25 22:47:57,952] {processor.py:651} INFO - DAG(s) dict_keys(['example_task_group_decorator']) retrieved from /home/airflow/.local/lib/python3.7/site-packages/airflow/example_dags/example_task_group_decorator.py
[2023-01-25 22:47:58,287] {logging_mixin.py:115} INFO - [2023-01-25 22:47:58,287] {dag.py:2420} INFO - Sync 1 DAGs
[2023-01-25 22:47:58,378] {logging_mixin.py:115} INFO - [2023-01-25 22:47:58,377] {dag.py:2972} INFO - Setting next_dagrun for example_task_group_decorator to 2023-01-24T22:47:58.376013+00:00, run_after=2023-01-25T22:47:58.376013+00:00
[2023-01-25 22:47:58,426] {processor.py:161} INFO - Processing /home/airflow/.local/lib/python3.7/site-packages/airflow/example_dags/example_task_group_decorator.py took 0.632 seconds
[2023-01-25 22:48:28,857] {processor.py:153} INFO - Started process (PID=5149) to work on /home/airflow/.local/lib/python3.7/site-packages/airflow/example_dags/example_task_group_decorator.py
[2023-01-25 22:48:28,859] {processor.py:641} INFO - Processing file /home/airflow/.local/lib/python3.7/site-packages/airflow/example_dags/example_task_group_decorator.py for tasks to queue
[2023-01-25 22:48:28,862] {logging_mixin.py:115} INFO - [2023-01-25 22:48:28,861] {dagbag.py:508} INFO - Filling up the DagBag from /home/airflow/.local/lib/python3.7/site-packages/airflow/example_dags/example_task_group_decorator.py
[2023-01-25 22:48:28,994] {processor.py:651} INFO - DAG(s) dict_keys(['example_task_group_decorator']) retrieved from /home/airflow/.local/lib/python3.7/site-packages/airflow/example_dags/example_task_group_decorator.py
[2023-01-25 22:48:29,311] {logging_mixin.py:115} INFO - [2023-01-25 22:48:29,310] {dag.py:2420} INFO - Sync 1 DAGs
[2023-01-25 22:48:29,412] {logging_mixin.py:115} INFO - [2023-01-25 22:48:29,412] {dag.py:2972} INFO - Setting next_dagrun for example_task_group_decorator to 2023-01-24T22:48:29.410680+00:00, run_after=2023-01-25T22:48:29.410680+00:00
[2023-01-25 22:48:29,472] {processor.py:161} INFO - Processing /home/airflow/.local/lib/python3.7/site-packages/airflow/example_dags/example_task_group_decorator.py took 0.622 seconds
[2023-01-25 22:49:00,249] {processor.py:153} INFO - Started process (PID=5262) to work on /home/airflow/.local/lib/python3.7/site-packages/airflow/example_dags/example_task_group_decorator.py
[2023-01-25 22:49:00,251] {processor.py:641} INFO - Processing file /home/airflow/.local/lib/python3.7/site-packages/airflow/example_dags/example_task_group_decorator.py for tasks to queue
[2023-01-25 22:49:00,253] {logging_mixin.py:115} INFO - [2023-01-25 22:49:00,252] {dagbag.py:508} INFO - Filling up the DagBag from /home/airflow/.local/lib/python3.7/site-packages/airflow/example_dags/example_task_group_decorator.py
[2023-01-25 22:49:00,377] {processor.py:651} INFO - DAG(s) dict_keys(['example_task_group_decorator']) retrieved from /home/airflow/.local/lib/python3.7/site-packages/airflow/example_dags/example_task_group_decorator.py
[2023-01-25 22:49:00,680] {logging_mixin.py:115} INFO - [2023-01-25 22:49:00,680] {dag.py:2420} INFO - Sync 1 DAGs
[2023-01-25 22:49:00,772] {logging_mixin.py:115} INFO - [2023-01-25 22:49:00,771] {dag.py:2972} INFO - Setting next_dagrun for example_task_group_decorator to 2023-01-24T22:49:00.770178+00:00, run_after=2023-01-25T22:49:00.770178+00:00
[2023-01-25 22:49:00,822] {processor.py:161} INFO - Processing /home/airflow/.local/lib/python3.7/site-packages/airflow/example_dags/example_task_group_decorator.py took 0.581 seconds
[2023-01-25 22:49:31,289] {processor.py:153} INFO - Started process (PID=5374) to work on /home/airflow/.local/lib/python3.7/site-packages/airflow/example_dags/example_task_group_decorator.py
[2023-01-25 22:49:31,291] {processor.py:641} INFO - Processing file /home/airflow/.local/lib/python3.7/site-packages/airflow/example_dags/example_task_group_decorator.py for tasks to queue
[2023-01-25 22:49:31,293] {logging_mixin.py:115} INFO - [2023-01-25 22:49:31,293] {dagbag.py:508} INFO - Filling up the DagBag from /home/airflow/.local/lib/python3.7/site-packages/airflow/example_dags/example_task_group_decorator.py
[2023-01-25 22:49:31,451] {processor.py:651} INFO - DAG(s) dict_keys(['example_task_group_decorator']) retrieved from /home/airflow/.local/lib/python3.7/site-packages/airflow/example_dags/example_task_group_decorator.py
[2023-01-25 22:49:31,774] {logging_mixin.py:115} INFO - [2023-01-25 22:49:31,773] {dag.py:2420} INFO - Sync 1 DAGs
[2023-01-25 22:49:31,862] {logging_mixin.py:115} INFO - [2023-01-25 22:49:31,862] {dag.py:2972} INFO - Setting next_dagrun for example_task_group_decorator to 2023-01-24T22:49:31.860512+00:00, run_after=2023-01-25T22:49:31.860512+00:00
[2023-01-25 22:49:31,910] {processor.py:161} INFO - Processing /home/airflow/.local/lib/python3.7/site-packages/airflow/example_dags/example_task_group_decorator.py took 0.629 seconds
[2023-01-25 22:50:02,016] {processor.py:153} INFO - Started process (PID=5488) to work on /home/airflow/.local/lib/python3.7/site-packages/airflow/example_dags/example_task_group_decorator.py
[2023-01-25 22:50:02,018] {processor.py:641} INFO - Processing file /home/airflow/.local/lib/python3.7/site-packages/airflow/example_dags/example_task_group_decorator.py for tasks to queue
[2023-01-25 22:50:02,020] {logging_mixin.py:115} INFO - [2023-01-25 22:50:02,020] {dagbag.py:508} INFO - Filling up the DagBag from /home/airflow/.local/lib/python3.7/site-packages/airflow/example_dags/example_task_group_decorator.py
[2023-01-25 22:50:02,190] {processor.py:651} INFO - DAG(s) dict_keys(['example_task_group_decorator']) retrieved from /home/airflow/.local/lib/python3.7/site-packages/airflow/example_dags/example_task_group_decorator.py
[2023-01-25 22:50:02,579] {logging_mixin.py:115} INFO - [2023-01-25 22:50:02,579] {dag.py:2420} INFO - Sync 1 DAGs
[2023-01-25 22:50:02,677] {logging_mixin.py:115} INFO - [2023-01-25 22:50:02,676] {dag.py:2972} INFO - Setting next_dagrun for example_task_group_decorator to 2023-01-24T22:50:02.675158+00:00, run_after=2023-01-25T22:50:02.675158+00:00
[2023-01-25 22:50:02,728] {processor.py:161} INFO - Processing /home/airflow/.local/lib/python3.7/site-packages/airflow/example_dags/example_task_group_decorator.py took 0.721 seconds
[2023-01-25 22:50:32,923] {processor.py:153} INFO - Started process (PID=5604) to work on /home/airflow/.local/lib/python3.7/site-packages/airflow/example_dags/example_task_group_decorator.py
[2023-01-25 22:50:32,926] {processor.py:641} INFO - Processing file /home/airflow/.local/lib/python3.7/site-packages/airflow/example_dags/example_task_group_decorator.py for tasks to queue
[2023-01-25 22:50:32,928] {logging_mixin.py:115} INFO - [2023-01-25 22:50:32,928] {dagbag.py:508} INFO - Filling up the DagBag from /home/airflow/.local/lib/python3.7/site-packages/airflow/example_dags/example_task_group_decorator.py
[2023-01-25 22:50:33,059] {processor.py:651} INFO - DAG(s) dict_keys(['example_task_group_decorator']) retrieved from /home/airflow/.local/lib/python3.7/site-packages/airflow/example_dags/example_task_group_decorator.py
[2023-01-25 22:50:33,162] {logging_mixin.py:115} INFO - [2023-01-25 22:50:33,162] {dag.py:2420} INFO - Sync 1 DAGs
[2023-01-25 22:50:33,261] {logging_mixin.py:115} INFO - [2023-01-25 22:50:33,260] {dag.py:2972} INFO - Setting next_dagrun for example_task_group_decorator to 2023-01-24T22:50:33.258777+00:00, run_after=2023-01-25T22:50:33.258777+00:00
[2023-01-25 22:50:33,366] {processor.py:161} INFO - Processing /home/airflow/.local/lib/python3.7/site-packages/airflow/example_dags/example_task_group_decorator.py took 0.451 seconds
[2023-01-25 22:51:03,591] {processor.py:153} INFO - Started process (PID=5719) to work on /home/airflow/.local/lib/python3.7/site-packages/airflow/example_dags/example_task_group_decorator.py
[2023-01-25 22:51:03,594] {processor.py:641} INFO - Processing file /home/airflow/.local/lib/python3.7/site-packages/airflow/example_dags/example_task_group_decorator.py for tasks to queue
[2023-01-25 22:51:03,596] {logging_mixin.py:115} INFO - [2023-01-25 22:51:03,596] {dagbag.py:508} INFO - Filling up the DagBag from /home/airflow/.local/lib/python3.7/site-packages/airflow/example_dags/example_task_group_decorator.py
[2023-01-25 22:51:03,753] {processor.py:651} INFO - DAG(s) dict_keys(['example_task_group_decorator']) retrieved from /home/airflow/.local/lib/python3.7/site-packages/airflow/example_dags/example_task_group_decorator.py
[2023-01-25 22:51:04,063] {logging_mixin.py:115} INFO - [2023-01-25 22:51:04,063] {dag.py:2420} INFO - Sync 1 DAGs
[2023-01-25 22:51:04,149] {logging_mixin.py:115} INFO - [2023-01-25 22:51:04,149] {dag.py:2972} INFO - Setting next_dagrun for example_task_group_decorator to 2023-01-24T22:51:04.147759+00:00, run_after=2023-01-25T22:51:04.147759+00:00
[2023-01-25 22:51:04,196] {processor.py:161} INFO - Processing /home/airflow/.local/lib/python3.7/site-packages/airflow/example_dags/example_task_group_decorator.py took 0.614 seconds
[2023-01-25 22:51:34,377] {processor.py:153} INFO - Started process (PID=5833) to work on /home/airflow/.local/lib/python3.7/site-packages/airflow/example_dags/example_task_group_decorator.py
[2023-01-25 22:51:34,379] {processor.py:641} INFO - Processing file /home/airflow/.local/lib/python3.7/site-packages/airflow/example_dags/example_task_group_decorator.py for tasks to queue
[2023-01-25 22:51:34,381] {logging_mixin.py:115} INFO - [2023-01-25 22:51:34,380] {dagbag.py:508} INFO - Filling up the DagBag from /home/airflow/.local/lib/python3.7/site-packages/airflow/example_dags/example_task_group_decorator.py
[2023-01-25 22:51:34,508] {processor.py:651} INFO - DAG(s) dict_keys(['example_task_group_decorator']) retrieved from /home/airflow/.local/lib/python3.7/site-packages/airflow/example_dags/example_task_group_decorator.py
[2023-01-25 22:51:34,789] {logging_mixin.py:115} INFO - [2023-01-25 22:51:34,789] {dag.py:2420} INFO - Sync 1 DAGs
[2023-01-25 22:51:34,876] {logging_mixin.py:115} INFO - [2023-01-25 22:51:34,875] {dag.py:2972} INFO - Setting next_dagrun for example_task_group_decorator to 2023-01-24T22:51:34.874333+00:00, run_after=2023-01-25T22:51:34.874333+00:00
[2023-01-25 22:51:34,925] {processor.py:161} INFO - Processing /home/airflow/.local/lib/python3.7/site-packages/airflow/example_dags/example_task_group_decorator.py took 0.557 seconds
[2023-01-25 22:52:05,102] {processor.py:153} INFO - Started process (PID=5947) to work on /home/airflow/.local/lib/python3.7/site-packages/airflow/example_dags/example_task_group_decorator.py
[2023-01-25 22:52:05,103] {processor.py:641} INFO - Processing file /home/airflow/.local/lib/python3.7/site-packages/airflow/example_dags/example_task_group_decorator.py for tasks to queue
[2023-01-25 22:52:05,106] {logging_mixin.py:115} INFO - [2023-01-25 22:52:05,105] {dagbag.py:508} INFO - Filling up the DagBag from /home/airflow/.local/lib/python3.7/site-packages/airflow/example_dags/example_task_group_decorator.py
[2023-01-25 22:52:05,245] {processor.py:651} INFO - DAG(s) dict_keys(['example_task_group_decorator']) retrieved from /home/airflow/.local/lib/python3.7/site-packages/airflow/example_dags/example_task_group_decorator.py
[2023-01-25 22:52:05,555] {logging_mixin.py:115} INFO - [2023-01-25 22:52:05,555] {dag.py:2420} INFO - Sync 1 DAGs
[2023-01-25 22:52:05,636] {logging_mixin.py:115} INFO - [2023-01-25 22:52:05,636] {dag.py:2972} INFO - Setting next_dagrun for example_task_group_decorator to 2023-01-24T22:52:05.634421+00:00, run_after=2023-01-25T22:52:05.634421+00:00
[2023-01-25 22:52:05,679] {processor.py:161} INFO - Processing /home/airflow/.local/lib/python3.7/site-packages/airflow/example_dags/example_task_group_decorator.py took 0.587 seconds
[2023-01-25 22:52:35,831] {processor.py:153} INFO - Started process (PID=6061) to work on /home/airflow/.local/lib/python3.7/site-packages/airflow/example_dags/example_task_group_decorator.py
[2023-01-25 22:52:35,832] {processor.py:641} INFO - Processing file /home/airflow/.local/lib/python3.7/site-packages/airflow/example_dags/example_task_group_decorator.py for tasks to queue
[2023-01-25 22:52:35,834] {logging_mixin.py:115} INFO - [2023-01-25 22:52:35,834] {dagbag.py:508} INFO - Filling up the DagBag from /home/airflow/.local/lib/python3.7/site-packages/airflow/example_dags/example_task_group_decorator.py
[2023-01-25 22:52:35,964] {processor.py:651} INFO - DAG(s) dict_keys(['example_task_group_decorator']) retrieved from /home/airflow/.local/lib/python3.7/site-packages/airflow/example_dags/example_task_group_decorator.py
[2023-01-25 22:52:36,277] {logging_mixin.py:115} INFO - [2023-01-25 22:52:36,277] {dag.py:2420} INFO - Sync 1 DAGs
[2023-01-25 22:52:36,369] {logging_mixin.py:115} INFO - [2023-01-25 22:52:36,368] {dag.py:2972} INFO - Setting next_dagrun for example_task_group_decorator to 2023-01-24T22:52:36.367058+00:00, run_after=2023-01-25T22:52:36.367058+00:00
[2023-01-25 22:52:36,417] {processor.py:161} INFO - Processing /home/airflow/.local/lib/python3.7/site-packages/airflow/example_dags/example_task_group_decorator.py took 0.595 seconds
[2023-01-25 22:53:07,145] {processor.py:153} INFO - Started process (PID=6176) to work on /home/airflow/.local/lib/python3.7/site-packages/airflow/example_dags/example_task_group_decorator.py
[2023-01-25 22:53:07,148] {processor.py:641} INFO - Processing file /home/airflow/.local/lib/python3.7/site-packages/airflow/example_dags/example_task_group_decorator.py for tasks to queue
[2023-01-25 22:53:07,150] {logging_mixin.py:115} INFO - [2023-01-25 22:53:07,150] {dagbag.py:508} INFO - Filling up the DagBag from /home/airflow/.local/lib/python3.7/site-packages/airflow/example_dags/example_task_group_decorator.py
[2023-01-25 22:53:07,304] {processor.py:651} INFO - DAG(s) dict_keys(['example_task_group_decorator']) retrieved from /home/airflow/.local/lib/python3.7/site-packages/airflow/example_dags/example_task_group_decorator.py
[2023-01-25 22:53:07,632] {logging_mixin.py:115} INFO - [2023-01-25 22:53:07,631] {dag.py:2420} INFO - Sync 1 DAGs
[2023-01-25 22:53:07,733] {logging_mixin.py:115} INFO - [2023-01-25 22:53:07,733] {dag.py:2972} INFO - Setting next_dagrun for example_task_group_decorator to 2023-01-24T22:53:07.730910+00:00, run_after=2023-01-25T22:53:07.730910+00:00
[2023-01-25 22:53:07,783] {processor.py:161} INFO - Processing /home/airflow/.local/lib/python3.7/site-packages/airflow/example_dags/example_task_group_decorator.py took 0.645 seconds
[2023-01-25 22:53:38,094] {processor.py:153} INFO - Started process (PID=6290) to work on /home/airflow/.local/lib/python3.7/site-packages/airflow/example_dags/example_task_group_decorator.py
[2023-01-25 22:53:38,096] {processor.py:641} INFO - Processing file /home/airflow/.local/lib/python3.7/site-packages/airflow/example_dags/example_task_group_decorator.py for tasks to queue
[2023-01-25 22:53:38,098] {logging_mixin.py:115} INFO - [2023-01-25 22:53:38,098] {dagbag.py:508} INFO - Filling up the DagBag from /home/airflow/.local/lib/python3.7/site-packages/airflow/example_dags/example_task_group_decorator.py
[2023-01-25 22:53:38,236] {processor.py:651} INFO - DAG(s) dict_keys(['example_task_group_decorator']) retrieved from /home/airflow/.local/lib/python3.7/site-packages/airflow/example_dags/example_task_group_decorator.py
[2023-01-25 22:53:38,556] {logging_mixin.py:115} INFO - [2023-01-25 22:53:38,555] {dag.py:2420} INFO - Sync 1 DAGs
[2023-01-25 22:53:38,646] {logging_mixin.py:115} INFO - [2023-01-25 22:53:38,645] {dag.py:2972} INFO - Setting next_dagrun for example_task_group_decorator to 2023-01-24T22:53:38.644083+00:00, run_after=2023-01-25T22:53:38.644083+00:00
[2023-01-25 22:53:38,693] {processor.py:161} INFO - Processing /home/airflow/.local/lib/python3.7/site-packages/airflow/example_dags/example_task_group_decorator.py took 0.607 seconds
[2023-01-25 22:54:08,874] {processor.py:153} INFO - Started process (PID=6404) to work on /home/airflow/.local/lib/python3.7/site-packages/airflow/example_dags/example_task_group_decorator.py
[2023-01-25 22:54:08,876] {processor.py:641} INFO - Processing file /home/airflow/.local/lib/python3.7/site-packages/airflow/example_dags/example_task_group_decorator.py for tasks to queue
[2023-01-25 22:54:08,878] {logging_mixin.py:115} INFO - [2023-01-25 22:54:08,878] {dagbag.py:508} INFO - Filling up the DagBag from /home/airflow/.local/lib/python3.7/site-packages/airflow/example_dags/example_task_group_decorator.py
[2023-01-25 22:54:09,013] {processor.py:651} INFO - DAG(s) dict_keys(['example_task_group_decorator']) retrieved from /home/airflow/.local/lib/python3.7/site-packages/airflow/example_dags/example_task_group_decorator.py
[2023-01-25 22:54:09,357] {logging_mixin.py:115} INFO - [2023-01-25 22:54:09,356] {dag.py:2420} INFO - Sync 1 DAGs
[2023-01-25 22:54:09,455] {logging_mixin.py:115} INFO - [2023-01-25 22:54:09,454] {dag.py:2972} INFO - Setting next_dagrun for example_task_group_decorator to 2023-01-24T22:54:09.452535+00:00, run_after=2023-01-25T22:54:09.452535+00:00
[2023-01-25 22:54:09,508] {processor.py:161} INFO - Processing /home/airflow/.local/lib/python3.7/site-packages/airflow/example_dags/example_task_group_decorator.py took 0.643 seconds
[2023-01-25 22:54:39,959] {processor.py:153} INFO - Started process (PID=6520) to work on /home/airflow/.local/lib/python3.7/site-packages/airflow/example_dags/example_task_group_decorator.py
[2023-01-25 22:54:39,961] {processor.py:641} INFO - Processing file /home/airflow/.local/lib/python3.7/site-packages/airflow/example_dags/example_task_group_decorator.py for tasks to queue
[2023-01-25 22:54:39,963] {logging_mixin.py:115} INFO - [2023-01-25 22:54:39,962] {dagbag.py:508} INFO - Filling up the DagBag from /home/airflow/.local/lib/python3.7/site-packages/airflow/example_dags/example_task_group_decorator.py
[2023-01-25 22:54:40,092] {processor.py:651} INFO - DAG(s) dict_keys(['example_task_group_decorator']) retrieved from /home/airflow/.local/lib/python3.7/site-packages/airflow/example_dags/example_task_group_decorator.py
[2023-01-25 22:54:40,411] {logging_mixin.py:115} INFO - [2023-01-25 22:54:40,411] {dag.py:2420} INFO - Sync 1 DAGs
[2023-01-25 22:54:40,507] {logging_mixin.py:115} INFO - [2023-01-25 22:54:40,507] {dag.py:2972} INFO - Setting next_dagrun for example_task_group_decorator to 2023-01-24T22:54:40.505382+00:00, run_after=2023-01-25T22:54:40.505382+00:00
[2023-01-25 22:54:40,558] {processor.py:161} INFO - Processing /home/airflow/.local/lib/python3.7/site-packages/airflow/example_dags/example_task_group_decorator.py took 0.606 seconds
[2023-01-25 22:55:11,392] {processor.py:153} INFO - Started process (PID=6634) to work on /home/airflow/.local/lib/python3.7/site-packages/airflow/example_dags/example_task_group_decorator.py
[2023-01-25 22:55:11,394] {processor.py:641} INFO - Processing file /home/airflow/.local/lib/python3.7/site-packages/airflow/example_dags/example_task_group_decorator.py for tasks to queue
[2023-01-25 22:55:11,396] {logging_mixin.py:115} INFO - [2023-01-25 22:55:11,395] {dagbag.py:508} INFO - Filling up the DagBag from /home/airflow/.local/lib/python3.7/site-packages/airflow/example_dags/example_task_group_decorator.py
[2023-01-25 22:55:11,515] {processor.py:651} INFO - DAG(s) dict_keys(['example_task_group_decorator']) retrieved from /home/airflow/.local/lib/python3.7/site-packages/airflow/example_dags/example_task_group_decorator.py
[2023-01-25 22:55:11,831] {logging_mixin.py:115} INFO - [2023-01-25 22:55:11,831] {dag.py:2420} INFO - Sync 1 DAGs
[2023-01-25 22:55:11,922] {logging_mixin.py:115} INFO - [2023-01-25 22:55:11,921] {dag.py:2972} INFO - Setting next_dagrun for example_task_group_decorator to 2023-01-24T22:55:11.920059+00:00, run_after=2023-01-25T22:55:11.920059+00:00
[2023-01-25 22:55:11,970] {processor.py:161} INFO - Processing /home/airflow/.local/lib/python3.7/site-packages/airflow/example_dags/example_task_group_decorator.py took 0.586 seconds
[2023-01-25 23:00:19,631] {processor.py:153} INFO - Started process (PID=6764) to work on /home/airflow/.local/lib/python3.7/site-packages/airflow/example_dags/example_task_group_decorator.py
[2023-01-25 23:00:19,642] {processor.py:641} INFO - Processing file /home/airflow/.local/lib/python3.7/site-packages/airflow/example_dags/example_task_group_decorator.py for tasks to queue
[2023-01-25 23:00:19,646] {logging_mixin.py:115} INFO - [2023-01-25 23:00:19,646] {dagbag.py:508} INFO - Filling up the DagBag from /home/airflow/.local/lib/python3.7/site-packages/airflow/example_dags/example_task_group_decorator.py
[2023-01-25 23:00:19,812] {processor.py:651} INFO - DAG(s) dict_keys(['example_task_group_decorator']) retrieved from /home/airflow/.local/lib/python3.7/site-packages/airflow/example_dags/example_task_group_decorator.py
[2023-01-25 23:00:20,599] {logging_mixin.py:115} INFO - [2023-01-25 23:00:20,598] {dag.py:2420} INFO - Sync 1 DAGs
[2023-01-25 23:00:20,729] {logging_mixin.py:115} INFO - [2023-01-25 23:00:20,729] {dag.py:2972} INFO - Setting next_dagrun for example_task_group_decorator to 2023-01-24T23:00:20.727174+00:00, run_after=2023-01-25T23:00:20.727174+00:00
[2023-01-25 23:00:20,790] {processor.py:161} INFO - Processing /home/airflow/.local/lib/python3.7/site-packages/airflow/example_dags/example_task_group_decorator.py took 1.167 seconds
[2023-01-25 23:05:28,205] {processor.py:153} INFO - Started process (PID=6877) to work on /home/airflow/.local/lib/python3.7/site-packages/airflow/example_dags/example_task_group_decorator.py
[2023-01-25 23:05:28,209] {processor.py:641} INFO - Processing file /home/airflow/.local/lib/python3.7/site-packages/airflow/example_dags/example_task_group_decorator.py for tasks to queue
[2023-01-25 23:05:28,213] {logging_mixin.py:115} INFO - [2023-01-25 23:05:28,212] {dagbag.py:508} INFO - Filling up the DagBag from /home/airflow/.local/lib/python3.7/site-packages/airflow/example_dags/example_task_group_decorator.py
[2023-01-25 23:05:28,347] {processor.py:651} INFO - DAG(s) dict_keys(['example_task_group_decorator']) retrieved from /home/airflow/.local/lib/python3.7/site-packages/airflow/example_dags/example_task_group_decorator.py
[2023-01-25 23:05:28,686] {logging_mixin.py:115} INFO - [2023-01-25 23:05:28,685] {dag.py:2420} INFO - Sync 1 DAGs
[2023-01-25 23:05:28,834] {logging_mixin.py:115} INFO - [2023-01-25 23:05:28,834] {dag.py:2972} INFO - Setting next_dagrun for example_task_group_decorator to 2023-01-24T23:05:28.832283+00:00, run_after=2023-01-25T23:05:28.832283+00:00
[2023-01-25 23:05:28,920] {processor.py:161} INFO - Processing /home/airflow/.local/lib/python3.7/site-packages/airflow/example_dags/example_task_group_decorator.py took 0.730 seconds
[2023-01-25 23:05:59,826] {processor.py:153} INFO - Started process (PID=6992) to work on /home/airflow/.local/lib/python3.7/site-packages/airflow/example_dags/example_task_group_decorator.py
[2023-01-25 23:05:59,832] {processor.py:641} INFO - Processing file /home/airflow/.local/lib/python3.7/site-packages/airflow/example_dags/example_task_group_decorator.py for tasks to queue
[2023-01-25 23:05:59,837] {logging_mixin.py:115} INFO - [2023-01-25 23:05:59,836] {dagbag.py:508} INFO - Filling up the DagBag from /home/airflow/.local/lib/python3.7/site-packages/airflow/example_dags/example_task_group_decorator.py
[2023-01-25 23:06:00,012] {processor.py:651} INFO - DAG(s) dict_keys(['example_task_group_decorator']) retrieved from /home/airflow/.local/lib/python3.7/site-packages/airflow/example_dags/example_task_group_decorator.py
[2023-01-25 23:06:00,380] {logging_mixin.py:115} INFO - [2023-01-25 23:06:00,379] {dag.py:2420} INFO - Sync 1 DAGs
[2023-01-25 23:06:00,470] {logging_mixin.py:115} INFO - [2023-01-25 23:06:00,470] {dag.py:2972} INFO - Setting next_dagrun for example_task_group_decorator to 2023-01-24T23:06:00.468577+00:00, run_after=2023-01-25T23:06:00.468577+00:00
[2023-01-25 23:06:00,546] {processor.py:161} INFO - Processing /home/airflow/.local/lib/python3.7/site-packages/airflow/example_dags/example_task_group_decorator.py took 0.740 seconds
[2023-01-25 23:15:37,434] {processor.py:153} INFO - Started process (PID=7090) to work on /home/airflow/.local/lib/python3.7/site-packages/airflow/example_dags/example_task_group_decorator.py
[2023-01-25 23:15:37,436] {processor.py:641} INFO - Processing file /home/airflow/.local/lib/python3.7/site-packages/airflow/example_dags/example_task_group_decorator.py for tasks to queue
[2023-01-25 23:15:37,439] {logging_mixin.py:115} INFO - [2023-01-25 23:15:37,438] {dagbag.py:508} INFO - Filling up the DagBag from /home/airflow/.local/lib/python3.7/site-packages/airflow/example_dags/example_task_group_decorator.py
[2023-01-25 23:15:37,562] {processor.py:651} INFO - DAG(s) dict_keys(['example_task_group_decorator']) retrieved from /home/airflow/.local/lib/python3.7/site-packages/airflow/example_dags/example_task_group_decorator.py
[2023-01-25 23:15:38,056] {logging_mixin.py:115} INFO - [2023-01-25 23:15:38,055] {dag.py:2420} INFO - Sync 1 DAGs
[2023-01-25 23:15:38,196] {logging_mixin.py:115} INFO - [2023-01-25 23:15:38,195] {dag.py:2972} INFO - Setting next_dagrun for example_task_group_decorator to 2023-01-24T23:15:38.193905+00:00, run_after=2023-01-25T23:15:38.193905+00:00
[2023-01-25 23:15:38,276] {processor.py:161} INFO - Processing /home/airflow/.local/lib/python3.7/site-packages/airflow/example_dags/example_task_group_decorator.py took 0.850 seconds
[2023-01-25 23:16:10,953] {processor.py:153} INFO - Started process (PID=7203) to work on /home/airflow/.local/lib/python3.7/site-packages/airflow/example_dags/example_task_group_decorator.py
[2023-01-25 23:16:10,962] {processor.py:641} INFO - Processing file /home/airflow/.local/lib/python3.7/site-packages/airflow/example_dags/example_task_group_decorator.py for tasks to queue
[2023-01-25 23:16:10,965] {logging_mixin.py:115} INFO - [2023-01-25 23:16:10,965] {dagbag.py:508} INFO - Filling up the DagBag from /home/airflow/.local/lib/python3.7/site-packages/airflow/example_dags/example_task_group_decorator.py
[2023-01-25 23:16:11,104] {processor.py:651} INFO - DAG(s) dict_keys(['example_task_group_decorator']) retrieved from /home/airflow/.local/lib/python3.7/site-packages/airflow/example_dags/example_task_group_decorator.py
[2023-01-25 23:16:11,202] {logging_mixin.py:115} INFO - [2023-01-25 23:16:11,202] {dag.py:2420} INFO - Sync 1 DAGs
[2023-01-25 23:16:11,299] {logging_mixin.py:115} INFO - [2023-01-25 23:16:11,299] {dag.py:2972} INFO - Setting next_dagrun for example_task_group_decorator to 2023-01-24T23:16:11.297525+00:00, run_after=2023-01-25T23:16:11.297525+00:00
[2023-01-25 23:16:11,343] {processor.py:161} INFO - Processing /home/airflow/.local/lib/python3.7/site-packages/airflow/example_dags/example_task_group_decorator.py took 0.405 seconds
[2023-01-25 23:30:31,689] {processor.py:153} INFO - Started process (PID=7317) to work on /home/airflow/.local/lib/python3.7/site-packages/airflow/example_dags/example_task_group_decorator.py
[2023-01-25 23:30:31,693] {processor.py:641} INFO - Processing file /home/airflow/.local/lib/python3.7/site-packages/airflow/example_dags/example_task_group_decorator.py for tasks to queue
[2023-01-25 23:30:31,698] {logging_mixin.py:115} INFO - [2023-01-25 23:30:31,697] {dagbag.py:508} INFO - Filling up the DagBag from /home/airflow/.local/lib/python3.7/site-packages/airflow/example_dags/example_task_group_decorator.py
[2023-01-25 23:30:31,966] {processor.py:651} INFO - DAG(s) dict_keys(['example_task_group_decorator']) retrieved from /home/airflow/.local/lib/python3.7/site-packages/airflow/example_dags/example_task_group_decorator.py
[2023-01-25 23:30:32,687] {logging_mixin.py:115} INFO - [2023-01-25 23:30:32,686] {dag.py:2420} INFO - Sync 1 DAGs
[2023-01-25 23:30:32,861] {logging_mixin.py:115} INFO - [2023-01-25 23:30:32,860] {dag.py:2972} INFO - Setting next_dagrun for example_task_group_decorator to 2023-01-24T23:30:32.858353+00:00, run_after=2023-01-25T23:30:32.858353+00:00
[2023-01-25 23:30:32,975] {processor.py:161} INFO - Processing /home/airflow/.local/lib/python3.7/site-packages/airflow/example_dags/example_task_group_decorator.py took 1.317 seconds
[2023-01-25 23:31:03,708] {processor.py:153} INFO - Started process (PID=7427) to work on /home/airflow/.local/lib/python3.7/site-packages/airflow/example_dags/example_task_group_decorator.py
[2023-01-25 23:31:03,710] {processor.py:641} INFO - Processing file /home/airflow/.local/lib/python3.7/site-packages/airflow/example_dags/example_task_group_decorator.py for tasks to queue
[2023-01-25 23:31:03,715] {logging_mixin.py:115} INFO - [2023-01-25 23:31:03,715] {dagbag.py:508} INFO - Filling up the DagBag from /home/airflow/.local/lib/python3.7/site-packages/airflow/example_dags/example_task_group_decorator.py
[2023-01-25 23:31:03,907] {processor.py:651} INFO - DAG(s) dict_keys(['example_task_group_decorator']) retrieved from /home/airflow/.local/lib/python3.7/site-packages/airflow/example_dags/example_task_group_decorator.py
[2023-01-25 23:31:04,374] {logging_mixin.py:115} INFO - [2023-01-25 23:31:04,373] {dag.py:2420} INFO - Sync 1 DAGs
[2023-01-25 23:31:04,621] {logging_mixin.py:115} INFO - [2023-01-25 23:31:04,620] {dag.py:2972} INFO - Setting next_dagrun for example_task_group_decorator to 2023-01-24T23:31:04.617896+00:00, run_after=2023-01-25T23:31:04.617896+00:00
[2023-01-25 23:31:04,692] {processor.py:161} INFO - Processing /home/airflow/.local/lib/python3.7/site-packages/airflow/example_dags/example_task_group_decorator.py took 0.995 seconds
[2023-01-25 23:35:54,048] {processor.py:153} INFO - Started process (PID=7529) to work on /home/airflow/.local/lib/python3.7/site-packages/airflow/example_dags/example_task_group_decorator.py
[2023-01-25 23:35:54,050] {processor.py:641} INFO - Processing file /home/airflow/.local/lib/python3.7/site-packages/airflow/example_dags/example_task_group_decorator.py for tasks to queue
[2023-01-25 23:35:54,053] {logging_mixin.py:115} INFO - [2023-01-25 23:35:54,052] {dagbag.py:508} INFO - Filling up the DagBag from /home/airflow/.local/lib/python3.7/site-packages/airflow/example_dags/example_task_group_decorator.py
[2023-01-25 23:35:54,242] {processor.py:651} INFO - DAG(s) dict_keys(['example_task_group_decorator']) retrieved from /home/airflow/.local/lib/python3.7/site-packages/airflow/example_dags/example_task_group_decorator.py
[2023-01-25 23:35:54,623] {logging_mixin.py:115} INFO - [2023-01-25 23:35:54,623] {dag.py:2420} INFO - Sync 1 DAGs
[2023-01-25 23:35:54,728] {logging_mixin.py:115} INFO - [2023-01-25 23:35:54,728] {dag.py:2972} INFO - Setting next_dagrun for example_task_group_decorator to 2023-01-24T23:35:54.726525+00:00, run_after=2023-01-25T23:35:54.726525+00:00
[2023-01-25 23:35:54,845] {processor.py:161} INFO - Processing /home/airflow/.local/lib/python3.7/site-packages/airflow/example_dags/example_task_group_decorator.py took 0.807 seconds
[2023-01-25 23:46:05,349] {processor.py:153} INFO - Started process (PID=7643) to work on /home/airflow/.local/lib/python3.7/site-packages/airflow/example_dags/example_task_group_decorator.py
[2023-01-25 23:46:05,353] {processor.py:641} INFO - Processing file /home/airflow/.local/lib/python3.7/site-packages/airflow/example_dags/example_task_group_decorator.py for tasks to queue
[2023-01-25 23:46:05,355] {logging_mixin.py:115} INFO - [2023-01-25 23:46:05,355] {dagbag.py:508} INFO - Filling up the DagBag from /home/airflow/.local/lib/python3.7/site-packages/airflow/example_dags/example_task_group_decorator.py
[2023-01-25 23:46:05,560] {processor.py:651} INFO - DAG(s) dict_keys(['example_task_group_decorator']) retrieved from /home/airflow/.local/lib/python3.7/site-packages/airflow/example_dags/example_task_group_decorator.py
[2023-01-25 23:46:05,998] {logging_mixin.py:115} INFO - [2023-01-25 23:46:05,998] {dag.py:2420} INFO - Sync 1 DAGs
[2023-01-25 23:46:06,146] {logging_mixin.py:115} INFO - [2023-01-25 23:46:06,145] {dag.py:2972} INFO - Setting next_dagrun for example_task_group_decorator to 2023-01-24T23:46:06.143986+00:00, run_after=2023-01-25T23:46:06.143986+00:00
[2023-01-25 23:46:06,318] {processor.py:161} INFO - Processing /home/airflow/.local/lib/python3.7/site-packages/airflow/example_dags/example_task_group_decorator.py took 0.987 seconds
[2023-01-25 23:46:36,601] {processor.py:153} INFO - Started process (PID=7757) to work on /home/airflow/.local/lib/python3.7/site-packages/airflow/example_dags/example_task_group_decorator.py
[2023-01-25 23:46:36,603] {processor.py:641} INFO - Processing file /home/airflow/.local/lib/python3.7/site-packages/airflow/example_dags/example_task_group_decorator.py for tasks to queue
[2023-01-25 23:46:36,605] {logging_mixin.py:115} INFO - [2023-01-25 23:46:36,605] {dagbag.py:508} INFO - Filling up the DagBag from /home/airflow/.local/lib/python3.7/site-packages/airflow/example_dags/example_task_group_decorator.py
[2023-01-25 23:46:36,746] {processor.py:651} INFO - DAG(s) dict_keys(['example_task_group_decorator']) retrieved from /home/airflow/.local/lib/python3.7/site-packages/airflow/example_dags/example_task_group_decorator.py
[2023-01-25 23:46:37,053] {logging_mixin.py:115} INFO - [2023-01-25 23:46:37,053] {dag.py:2420} INFO - Sync 1 DAGs
[2023-01-25 23:46:37,144] {logging_mixin.py:115} INFO - [2023-01-25 23:46:37,144] {dag.py:2972} INFO - Setting next_dagrun for example_task_group_decorator to 2023-01-24T23:46:37.142446+00:00, run_after=2023-01-25T23:46:37.142446+00:00
[2023-01-25 23:46:37,192] {processor.py:161} INFO - Processing /home/airflow/.local/lib/python3.7/site-packages/airflow/example_dags/example_task_group_decorator.py took 0.599 seconds
[2023-01-25 23:59:32,850] {processor.py:153} INFO - Started process (PID=7855) to work on /home/airflow/.local/lib/python3.7/site-packages/airflow/example_dags/example_task_group_decorator.py
[2023-01-25 23:59:32,852] {processor.py:641} INFO - Processing file /home/airflow/.local/lib/python3.7/site-packages/airflow/example_dags/example_task_group_decorator.py for tasks to queue
[2023-01-25 23:59:32,854] {logging_mixin.py:115} INFO - [2023-01-25 23:59:32,854] {dagbag.py:508} INFO - Filling up the DagBag from /home/airflow/.local/lib/python3.7/site-packages/airflow/example_dags/example_task_group_decorator.py
[2023-01-25 23:59:32,979] {processor.py:651} INFO - DAG(s) dict_keys(['example_task_group_decorator']) retrieved from /home/airflow/.local/lib/python3.7/site-packages/airflow/example_dags/example_task_group_decorator.py
[2023-01-25 23:59:33,276] {logging_mixin.py:115} INFO - [2023-01-25 23:59:33,276] {dag.py:2420} INFO - Sync 1 DAGs
[2023-01-25 23:59:33,370] {logging_mixin.py:115} INFO - [2023-01-25 23:59:33,369] {dag.py:2972} INFO - Setting next_dagrun for example_task_group_decorator to 2023-01-24T23:59:33.367858+00:00, run_after=2023-01-25T23:59:33.367858+00:00
[2023-01-25 23:59:33,417] {processor.py:161} INFO - Processing /home/airflow/.local/lib/python3.7/site-packages/airflow/example_dags/example_task_group_decorator.py took 0.574 seconds
