[2023-01-25 22:25:24,980] {processor.py:153} INFO - Started process (PID=208) to work on /home/airflow/.local/lib/python3.7/site-packages/airflow/example_dags/example_nested_branch_dag.py
[2023-01-25 22:25:24,983] {processor.py:641} INFO - Processing file /home/airflow/.local/lib/python3.7/site-packages/airflow/example_dags/example_nested_branch_dag.py for tasks to queue
[2023-01-25 22:25:24,988] {logging_mixin.py:115} INFO - [2023-01-25 22:25:24,988] {dagbag.py:508} INFO - Filling up the DagBag from /home/airflow/.local/lib/python3.7/site-packages/airflow/example_dags/example_nested_branch_dag.py
[2023-01-25 22:25:25,107] {processor.py:651} INFO - DAG(s) dict_keys(['example_nested_branch_dag']) retrieved from /home/airflow/.local/lib/python3.7/site-packages/airflow/example_dags/example_nested_branch_dag.py
[2023-01-25 22:25:25,451] {logging_mixin.py:115} INFO - [2023-01-25 22:25:25,451] {dag.py:2420} INFO - Sync 1 DAGs
[2023-01-25 22:25:25,654] {logging_mixin.py:115} INFO - [2023-01-25 22:25:25,639] {dag.py:2972} INFO - Setting next_dagrun for example_nested_branch_dag to 2023-01-24T00:00:00+00:00, run_after=2023-01-25T00:00:00+00:00
[2023-01-25 22:25:25,781] {processor.py:161} INFO - Processing /home/airflow/.local/lib/python3.7/site-packages/airflow/example_dags/example_nested_branch_dag.py took 0.835 seconds
[2023-01-25 22:25:55,987] {processor.py:153} INFO - Started process (PID=322) to work on /home/airflow/.local/lib/python3.7/site-packages/airflow/example_dags/example_nested_branch_dag.py
[2023-01-25 22:25:55,989] {processor.py:641} INFO - Processing file /home/airflow/.local/lib/python3.7/site-packages/airflow/example_dags/example_nested_branch_dag.py for tasks to queue
[2023-01-25 22:25:55,991] {logging_mixin.py:115} INFO - [2023-01-25 22:25:55,990] {dagbag.py:508} INFO - Filling up the DagBag from /home/airflow/.local/lib/python3.7/site-packages/airflow/example_dags/example_nested_branch_dag.py
[2023-01-25 22:25:56,041] {processor.py:651} INFO - DAG(s) dict_keys(['example_nested_branch_dag']) retrieved from /home/airflow/.local/lib/python3.7/site-packages/airflow/example_dags/example_nested_branch_dag.py
[2023-01-25 22:25:56,290] {logging_mixin.py:115} INFO - [2023-01-25 22:25:56,290] {dag.py:2420} INFO - Sync 1 DAGs
[2023-01-25 22:25:56,389] {logging_mixin.py:115} INFO - [2023-01-25 22:25:56,389] {dag.py:2972} INFO - Setting next_dagrun for example_nested_branch_dag to 2023-01-24T00:00:00+00:00, run_after=2023-01-25T00:00:00+00:00
[2023-01-25 22:25:56,423] {processor.py:161} INFO - Processing /home/airflow/.local/lib/python3.7/site-packages/airflow/example_dags/example_nested_branch_dag.py took 0.444 seconds
[2023-01-25 22:26:26,599] {processor.py:153} INFO - Started process (PID=436) to work on /home/airflow/.local/lib/python3.7/site-packages/airflow/example_dags/example_nested_branch_dag.py
[2023-01-25 22:26:26,600] {processor.py:641} INFO - Processing file /home/airflow/.local/lib/python3.7/site-packages/airflow/example_dags/example_nested_branch_dag.py for tasks to queue
[2023-01-25 22:26:26,603] {logging_mixin.py:115} INFO - [2023-01-25 22:26:26,602] {dagbag.py:508} INFO - Filling up the DagBag from /home/airflow/.local/lib/python3.7/site-packages/airflow/example_dags/example_nested_branch_dag.py
[2023-01-25 22:26:26,653] {processor.py:651} INFO - DAG(s) dict_keys(['example_nested_branch_dag']) retrieved from /home/airflow/.local/lib/python3.7/site-packages/airflow/example_dags/example_nested_branch_dag.py
[2023-01-25 22:26:26,901] {logging_mixin.py:115} INFO - [2023-01-25 22:26:26,901] {dag.py:2420} INFO - Sync 1 DAGs
[2023-01-25 22:26:27,010] {logging_mixin.py:115} INFO - [2023-01-25 22:26:27,010] {dag.py:2972} INFO - Setting next_dagrun for example_nested_branch_dag to 2023-01-24T00:00:00+00:00, run_after=2023-01-25T00:00:00+00:00
[2023-01-25 22:26:27,045] {processor.py:161} INFO - Processing /home/airflow/.local/lib/python3.7/site-packages/airflow/example_dags/example_nested_branch_dag.py took 0.454 seconds
[2023-01-25 22:26:59,147] {processor.py:153} INFO - Started process (PID=550) to work on /home/airflow/.local/lib/python3.7/site-packages/airflow/example_dags/example_nested_branch_dag.py
[2023-01-25 22:26:59,149] {processor.py:641} INFO - Processing file /home/airflow/.local/lib/python3.7/site-packages/airflow/example_dags/example_nested_branch_dag.py for tasks to queue
[2023-01-25 22:26:59,151] {logging_mixin.py:115} INFO - [2023-01-25 22:26:59,151] {dagbag.py:508} INFO - Filling up the DagBag from /home/airflow/.local/lib/python3.7/site-packages/airflow/example_dags/example_nested_branch_dag.py
[2023-01-25 22:26:59,204] {processor.py:651} INFO - DAG(s) dict_keys(['example_nested_branch_dag']) retrieved from /home/airflow/.local/lib/python3.7/site-packages/airflow/example_dags/example_nested_branch_dag.py
[2023-01-25 22:26:59,465] {logging_mixin.py:115} INFO - [2023-01-25 22:26:59,464] {dag.py:2420} INFO - Sync 1 DAGs
[2023-01-25 22:26:59,575] {logging_mixin.py:115} INFO - [2023-01-25 22:26:59,574] {dag.py:2972} INFO - Setting next_dagrun for example_nested_branch_dag to 2023-01-24T00:00:00+00:00, run_after=2023-01-25T00:00:00+00:00
[2023-01-25 22:26:59,615] {processor.py:161} INFO - Processing /home/airflow/.local/lib/python3.7/site-packages/airflow/example_dags/example_nested_branch_dag.py took 0.476 seconds
[2023-01-25 22:27:31,695] {processor.py:153} INFO - Started process (PID=664) to work on /home/airflow/.local/lib/python3.7/site-packages/airflow/example_dags/example_nested_branch_dag.py
[2023-01-25 22:27:31,698] {processor.py:641} INFO - Processing file /home/airflow/.local/lib/python3.7/site-packages/airflow/example_dags/example_nested_branch_dag.py for tasks to queue
[2023-01-25 22:27:31,700] {logging_mixin.py:115} INFO - [2023-01-25 22:27:31,700] {dagbag.py:508} INFO - Filling up the DagBag from /home/airflow/.local/lib/python3.7/site-packages/airflow/example_dags/example_nested_branch_dag.py
[2023-01-25 22:27:31,756] {processor.py:651} INFO - DAG(s) dict_keys(['example_nested_branch_dag']) retrieved from /home/airflow/.local/lib/python3.7/site-packages/airflow/example_dags/example_nested_branch_dag.py
[2023-01-25 22:27:31,998] {logging_mixin.py:115} INFO - [2023-01-25 22:27:31,998] {dag.py:2420} INFO - Sync 1 DAGs
[2023-01-25 22:27:32,100] {logging_mixin.py:115} INFO - [2023-01-25 22:27:32,099] {dag.py:2972} INFO - Setting next_dagrun for example_nested_branch_dag to 2023-01-24T00:00:00+00:00, run_after=2023-01-25T00:00:00+00:00
[2023-01-25 22:27:32,140] {processor.py:161} INFO - Processing /home/airflow/.local/lib/python3.7/site-packages/airflow/example_dags/example_nested_branch_dag.py took 0.454 seconds
[2023-01-25 22:28:04,929] {processor.py:153} INFO - Started process (PID=795) to work on /home/airflow/.local/lib/python3.7/site-packages/airflow/example_dags/example_nested_branch_dag.py
[2023-01-25 22:28:04,931] {processor.py:641} INFO - Processing file /home/airflow/.local/lib/python3.7/site-packages/airflow/example_dags/example_nested_branch_dag.py for tasks to queue
[2023-01-25 22:28:04,933] {logging_mixin.py:115} INFO - [2023-01-25 22:28:04,933] {dagbag.py:508} INFO - Filling up the DagBag from /home/airflow/.local/lib/python3.7/site-packages/airflow/example_dags/example_nested_branch_dag.py
[2023-01-25 22:28:04,983] {processor.py:651} INFO - DAG(s) dict_keys(['example_nested_branch_dag']) retrieved from /home/airflow/.local/lib/python3.7/site-packages/airflow/example_dags/example_nested_branch_dag.py
[2023-01-25 22:28:05,233] {logging_mixin.py:115} INFO - [2023-01-25 22:28:05,233] {dag.py:2420} INFO - Sync 1 DAGs
[2023-01-25 22:28:05,347] {logging_mixin.py:115} INFO - [2023-01-25 22:28:05,346] {dag.py:2972} INFO - Setting next_dagrun for example_nested_branch_dag to 2023-01-24T00:00:00+00:00, run_after=2023-01-25T00:00:00+00:00
[2023-01-25 22:28:05,384] {processor.py:161} INFO - Processing /home/airflow/.local/lib/python3.7/site-packages/airflow/example_dags/example_nested_branch_dag.py took 0.463 seconds
[2023-01-25 22:28:39,682] {processor.py:153} INFO - Started process (PID=909) to work on /home/airflow/.local/lib/python3.7/site-packages/airflow/example_dags/example_nested_branch_dag.py
[2023-01-25 22:28:39,684] {processor.py:641} INFO - Processing file /home/airflow/.local/lib/python3.7/site-packages/airflow/example_dags/example_nested_branch_dag.py for tasks to queue
[2023-01-25 22:28:39,687] {logging_mixin.py:115} INFO - [2023-01-25 22:28:39,686] {dagbag.py:508} INFO - Filling up the DagBag from /home/airflow/.local/lib/python3.7/site-packages/airflow/example_dags/example_nested_branch_dag.py
[2023-01-25 22:28:39,741] {processor.py:651} INFO - DAG(s) dict_keys(['example_nested_branch_dag']) retrieved from /home/airflow/.local/lib/python3.7/site-packages/airflow/example_dags/example_nested_branch_dag.py
[2023-01-25 22:28:39,987] {logging_mixin.py:115} INFO - [2023-01-25 22:28:39,987] {dag.py:2420} INFO - Sync 1 DAGs
[2023-01-25 22:28:40,088] {logging_mixin.py:115} INFO - [2023-01-25 22:28:40,087] {dag.py:2972} INFO - Setting next_dagrun for example_nested_branch_dag to 2023-01-24T00:00:00+00:00, run_after=2023-01-25T00:00:00+00:00
[2023-01-25 22:28:40,125] {processor.py:161} INFO - Processing /home/airflow/.local/lib/python3.7/site-packages/airflow/example_dags/example_nested_branch_dag.py took 0.454 seconds
[2023-01-25 22:29:12,814] {processor.py:153} INFO - Started process (PID=1023) to work on /home/airflow/.local/lib/python3.7/site-packages/airflow/example_dags/example_nested_branch_dag.py
[2023-01-25 22:29:12,816] {processor.py:641} INFO - Processing file /home/airflow/.local/lib/python3.7/site-packages/airflow/example_dags/example_nested_branch_dag.py for tasks to queue
[2023-01-25 22:29:12,818] {logging_mixin.py:115} INFO - [2023-01-25 22:29:12,817] {dagbag.py:508} INFO - Filling up the DagBag from /home/airflow/.local/lib/python3.7/site-packages/airflow/example_dags/example_nested_branch_dag.py
[2023-01-25 22:29:12,868] {processor.py:651} INFO - DAG(s) dict_keys(['example_nested_branch_dag']) retrieved from /home/airflow/.local/lib/python3.7/site-packages/airflow/example_dags/example_nested_branch_dag.py
[2023-01-25 22:29:13,127] {logging_mixin.py:115} INFO - [2023-01-25 22:29:13,127] {dag.py:2420} INFO - Sync 1 DAGs
[2023-01-25 22:29:13,235] {logging_mixin.py:115} INFO - [2023-01-25 22:29:13,234] {dag.py:2972} INFO - Setting next_dagrun for example_nested_branch_dag to 2023-01-24T00:00:00+00:00, run_after=2023-01-25T00:00:00+00:00
[2023-01-25 22:29:13,274] {processor.py:161} INFO - Processing /home/airflow/.local/lib/python3.7/site-packages/airflow/example_dags/example_nested_branch_dag.py took 0.469 seconds
[2023-01-25 22:29:45,377] {processor.py:153} INFO - Started process (PID=1137) to work on /home/airflow/.local/lib/python3.7/site-packages/airflow/example_dags/example_nested_branch_dag.py
[2023-01-25 22:29:45,379] {processor.py:641} INFO - Processing file /home/airflow/.local/lib/python3.7/site-packages/airflow/example_dags/example_nested_branch_dag.py for tasks to queue
[2023-01-25 22:29:45,384] {logging_mixin.py:115} INFO - [2023-01-25 22:29:45,384] {dagbag.py:508} INFO - Filling up the DagBag from /home/airflow/.local/lib/python3.7/site-packages/airflow/example_dags/example_nested_branch_dag.py
[2023-01-25 22:29:45,441] {processor.py:651} INFO - DAG(s) dict_keys(['example_nested_branch_dag']) retrieved from /home/airflow/.local/lib/python3.7/site-packages/airflow/example_dags/example_nested_branch_dag.py
[2023-01-25 22:29:45,697] {logging_mixin.py:115} INFO - [2023-01-25 22:29:45,697] {dag.py:2420} INFO - Sync 1 DAGs
[2023-01-25 22:29:45,816] {logging_mixin.py:115} INFO - [2023-01-25 22:29:45,816] {dag.py:2972} INFO - Setting next_dagrun for example_nested_branch_dag to 2023-01-24T00:00:00+00:00, run_after=2023-01-25T00:00:00+00:00
[2023-01-25 22:29:45,853] {processor.py:161} INFO - Processing /home/airflow/.local/lib/python3.7/site-packages/airflow/example_dags/example_nested_branch_dag.py took 0.484 seconds
[2023-01-25 22:30:19,021] {processor.py:153} INFO - Started process (PID=1252) to work on /home/airflow/.local/lib/python3.7/site-packages/airflow/example_dags/example_nested_branch_dag.py
[2023-01-25 22:30:19,023] {processor.py:641} INFO - Processing file /home/airflow/.local/lib/python3.7/site-packages/airflow/example_dags/example_nested_branch_dag.py for tasks to queue
[2023-01-25 22:30:19,025] {logging_mixin.py:115} INFO - [2023-01-25 22:30:19,025] {dagbag.py:508} INFO - Filling up the DagBag from /home/airflow/.local/lib/python3.7/site-packages/airflow/example_dags/example_nested_branch_dag.py
[2023-01-25 22:30:19,268] {processor.py:651} INFO - DAG(s) dict_keys(['example_nested_branch_dag']) retrieved from /home/airflow/.local/lib/python3.7/site-packages/airflow/example_dags/example_nested_branch_dag.py
[2023-01-25 22:30:19,346] {logging_mixin.py:115} INFO - [2023-01-25 22:30:19,346] {dag.py:2420} INFO - Sync 1 DAGs
[2023-01-25 22:30:19,447] {logging_mixin.py:115} INFO - [2023-01-25 22:30:19,446] {dag.py:2972} INFO - Setting next_dagrun for example_nested_branch_dag to 2023-01-24T00:00:00+00:00, run_after=2023-01-25T00:00:00+00:00
[2023-01-25 22:30:19,486] {processor.py:161} INFO - Processing /home/airflow/.local/lib/python3.7/site-packages/airflow/example_dags/example_nested_branch_dag.py took 0.473 seconds
[2023-01-25 22:30:51,605] {processor.py:153} INFO - Started process (PID=1367) to work on /home/airflow/.local/lib/python3.7/site-packages/airflow/example_dags/example_nested_branch_dag.py
[2023-01-25 22:30:51,607] {processor.py:641} INFO - Processing file /home/airflow/.local/lib/python3.7/site-packages/airflow/example_dags/example_nested_branch_dag.py for tasks to queue
[2023-01-25 22:30:51,609] {logging_mixin.py:115} INFO - [2023-01-25 22:30:51,609] {dagbag.py:508} INFO - Filling up the DagBag from /home/airflow/.local/lib/python3.7/site-packages/airflow/example_dags/example_nested_branch_dag.py
[2023-01-25 22:30:51,827] {processor.py:651} INFO - DAG(s) dict_keys(['example_nested_branch_dag']) retrieved from /home/airflow/.local/lib/python3.7/site-packages/airflow/example_dags/example_nested_branch_dag.py
[2023-01-25 22:30:51,900] {logging_mixin.py:115} INFO - [2023-01-25 22:30:51,900] {dag.py:2420} INFO - Sync 1 DAGs
[2023-01-25 22:30:51,997] {logging_mixin.py:115} INFO - [2023-01-25 22:30:51,996] {dag.py:2972} INFO - Setting next_dagrun for example_nested_branch_dag to 2023-01-24T00:00:00+00:00, run_after=2023-01-25T00:00:00+00:00
[2023-01-25 22:30:52,030] {processor.py:161} INFO - Processing /home/airflow/.local/lib/python3.7/site-packages/airflow/example_dags/example_nested_branch_dag.py took 0.432 seconds
[2023-01-25 22:31:22,536] {processor.py:153} INFO - Started process (PID=1480) to work on /home/airflow/.local/lib/python3.7/site-packages/airflow/example_dags/example_nested_branch_dag.py
[2023-01-25 22:31:22,538] {processor.py:641} INFO - Processing file /home/airflow/.local/lib/python3.7/site-packages/airflow/example_dags/example_nested_branch_dag.py for tasks to queue
[2023-01-25 22:31:22,540] {logging_mixin.py:115} INFO - [2023-01-25 22:31:22,539] {dagbag.py:508} INFO - Filling up the DagBag from /home/airflow/.local/lib/python3.7/site-packages/airflow/example_dags/example_nested_branch_dag.py
[2023-01-25 22:31:22,743] {processor.py:651} INFO - DAG(s) dict_keys(['example_nested_branch_dag']) retrieved from /home/airflow/.local/lib/python3.7/site-packages/airflow/example_dags/example_nested_branch_dag.py
[2023-01-25 22:31:22,817] {logging_mixin.py:115} INFO - [2023-01-25 22:31:22,816] {dag.py:2420} INFO - Sync 1 DAGs
[2023-01-25 22:31:22,913] {logging_mixin.py:115} INFO - [2023-01-25 22:31:22,913] {dag.py:2972} INFO - Setting next_dagrun for example_nested_branch_dag to 2023-01-24T00:00:00+00:00, run_after=2023-01-25T00:00:00+00:00
[2023-01-25 22:31:22,947] {processor.py:161} INFO - Processing /home/airflow/.local/lib/python3.7/site-packages/airflow/example_dags/example_nested_branch_dag.py took 0.419 seconds
[2023-01-25 22:31:53,967] {processor.py:153} INFO - Started process (PID=1590) to work on /home/airflow/.local/lib/python3.7/site-packages/airflow/example_dags/example_nested_branch_dag.py
[2023-01-25 22:31:53,969] {processor.py:641} INFO - Processing file /home/airflow/.local/lib/python3.7/site-packages/airflow/example_dags/example_nested_branch_dag.py for tasks to queue
[2023-01-25 22:31:53,971] {logging_mixin.py:115} INFO - [2023-01-25 22:31:53,971] {dagbag.py:508} INFO - Filling up the DagBag from /home/airflow/.local/lib/python3.7/site-packages/airflow/example_dags/example_nested_branch_dag.py
[2023-01-25 22:31:54,178] {processor.py:651} INFO - DAG(s) dict_keys(['example_nested_branch_dag']) retrieved from /home/airflow/.local/lib/python3.7/site-packages/airflow/example_dags/example_nested_branch_dag.py
[2023-01-25 22:31:54,247] {logging_mixin.py:115} INFO - [2023-01-25 22:31:54,246] {dag.py:2420} INFO - Sync 1 DAGs
[2023-01-25 22:31:54,345] {logging_mixin.py:115} INFO - [2023-01-25 22:31:54,345] {dag.py:2972} INFO - Setting next_dagrun for example_nested_branch_dag to 2023-01-24T00:00:00+00:00, run_after=2023-01-25T00:00:00+00:00
[2023-01-25 22:31:54,384] {processor.py:161} INFO - Processing /home/airflow/.local/lib/python3.7/site-packages/airflow/example_dags/example_nested_branch_dag.py took 0.425 seconds
[2023-01-25 22:32:26,328] {processor.py:153} INFO - Started process (PID=1704) to work on /home/airflow/.local/lib/python3.7/site-packages/airflow/example_dags/example_nested_branch_dag.py
[2023-01-25 22:32:26,330] {processor.py:641} INFO - Processing file /home/airflow/.local/lib/python3.7/site-packages/airflow/example_dags/example_nested_branch_dag.py for tasks to queue
[2023-01-25 22:32:26,333] {logging_mixin.py:115} INFO - [2023-01-25 22:32:26,332] {dagbag.py:508} INFO - Filling up the DagBag from /home/airflow/.local/lib/python3.7/site-packages/airflow/example_dags/example_nested_branch_dag.py
[2023-01-25 22:32:26,544] {processor.py:651} INFO - DAG(s) dict_keys(['example_nested_branch_dag']) retrieved from /home/airflow/.local/lib/python3.7/site-packages/airflow/example_dags/example_nested_branch_dag.py
[2023-01-25 22:32:26,630] {logging_mixin.py:115} INFO - [2023-01-25 22:32:26,630] {dag.py:2420} INFO - Sync 1 DAGs
[2023-01-25 22:32:26,737] {logging_mixin.py:115} INFO - [2023-01-25 22:32:26,736] {dag.py:2972} INFO - Setting next_dagrun for example_nested_branch_dag to 2023-01-24T00:00:00+00:00, run_after=2023-01-25T00:00:00+00:00
[2023-01-25 22:32:26,788] {processor.py:161} INFO - Processing /home/airflow/.local/lib/python3.7/site-packages/airflow/example_dags/example_nested_branch_dag.py took 0.468 seconds
[2023-01-25 22:32:56,917] {processor.py:153} INFO - Started process (PID=1817) to work on /home/airflow/.local/lib/python3.7/site-packages/airflow/example_dags/example_nested_branch_dag.py
[2023-01-25 22:32:56,919] {processor.py:641} INFO - Processing file /home/airflow/.local/lib/python3.7/site-packages/airflow/example_dags/example_nested_branch_dag.py for tasks to queue
[2023-01-25 22:32:56,921] {logging_mixin.py:115} INFO - [2023-01-25 22:32:56,921] {dagbag.py:508} INFO - Filling up the DagBag from /home/airflow/.local/lib/python3.7/site-packages/airflow/example_dags/example_nested_branch_dag.py
[2023-01-25 22:32:57,146] {processor.py:651} INFO - DAG(s) dict_keys(['example_nested_branch_dag']) retrieved from /home/airflow/.local/lib/python3.7/site-packages/airflow/example_dags/example_nested_branch_dag.py
[2023-01-25 22:32:57,274] {logging_mixin.py:115} INFO - [2023-01-25 22:32:57,274] {dag.py:2420} INFO - Sync 1 DAGs
[2023-01-25 22:32:57,407] {logging_mixin.py:115} INFO - [2023-01-25 22:32:57,406] {dag.py:2972} INFO - Setting next_dagrun for example_nested_branch_dag to 2023-01-24T00:00:00+00:00, run_after=2023-01-25T00:00:00+00:00
[2023-01-25 22:32:57,460] {processor.py:161} INFO - Processing /home/airflow/.local/lib/python3.7/site-packages/airflow/example_dags/example_nested_branch_dag.py took 0.552 seconds
[2023-01-25 22:33:28,600] {processor.py:153} INFO - Started process (PID=1929) to work on /home/airflow/.local/lib/python3.7/site-packages/airflow/example_dags/example_nested_branch_dag.py
[2023-01-25 22:33:28,602] {processor.py:641} INFO - Processing file /home/airflow/.local/lib/python3.7/site-packages/airflow/example_dags/example_nested_branch_dag.py for tasks to queue
[2023-01-25 22:33:28,604] {logging_mixin.py:115} INFO - [2023-01-25 22:33:28,604] {dagbag.py:508} INFO - Filling up the DagBag from /home/airflow/.local/lib/python3.7/site-packages/airflow/example_dags/example_nested_branch_dag.py
[2023-01-25 22:33:28,850] {processor.py:651} INFO - DAG(s) dict_keys(['example_nested_branch_dag']) retrieved from /home/airflow/.local/lib/python3.7/site-packages/airflow/example_dags/example_nested_branch_dag.py
[2023-01-25 22:33:28,927] {logging_mixin.py:115} INFO - [2023-01-25 22:33:28,926] {dag.py:2420} INFO - Sync 1 DAGs
[2023-01-25 22:33:29,038] {logging_mixin.py:115} INFO - [2023-01-25 22:33:29,037] {dag.py:2972} INFO - Setting next_dagrun for example_nested_branch_dag to 2023-01-24T00:00:00+00:00, run_after=2023-01-25T00:00:00+00:00
[2023-01-25 22:33:29,078] {processor.py:161} INFO - Processing /home/airflow/.local/lib/python3.7/site-packages/airflow/example_dags/example_nested_branch_dag.py took 0.487 seconds
[2023-01-25 22:34:00,036] {processor.py:153} INFO - Started process (PID=2043) to work on /home/airflow/.local/lib/python3.7/site-packages/airflow/example_dags/example_nested_branch_dag.py
[2023-01-25 22:34:00,039] {processor.py:641} INFO - Processing file /home/airflow/.local/lib/python3.7/site-packages/airflow/example_dags/example_nested_branch_dag.py for tasks to queue
[2023-01-25 22:34:00,042] {logging_mixin.py:115} INFO - [2023-01-25 22:34:00,041] {dagbag.py:508} INFO - Filling up the DagBag from /home/airflow/.local/lib/python3.7/site-packages/airflow/example_dags/example_nested_branch_dag.py
[2023-01-25 22:34:00,265] {processor.py:651} INFO - DAG(s) dict_keys(['example_nested_branch_dag']) retrieved from /home/airflow/.local/lib/python3.7/site-packages/airflow/example_dags/example_nested_branch_dag.py
[2023-01-25 22:34:00,342] {logging_mixin.py:115} INFO - [2023-01-25 22:34:00,342] {dag.py:2420} INFO - Sync 1 DAGs
[2023-01-25 22:34:00,449] {logging_mixin.py:115} INFO - [2023-01-25 22:34:00,449] {dag.py:2972} INFO - Setting next_dagrun for example_nested_branch_dag to 2023-01-24T00:00:00+00:00, run_after=2023-01-25T00:00:00+00:00
[2023-01-25 22:34:00,491] {processor.py:161} INFO - Processing /home/airflow/.local/lib/python3.7/site-packages/airflow/example_dags/example_nested_branch_dag.py took 0.464 seconds
[2023-01-25 22:34:31,670] {processor.py:153} INFO - Started process (PID=2159) to work on /home/airflow/.local/lib/python3.7/site-packages/airflow/example_dags/example_nested_branch_dag.py
[2023-01-25 22:34:31,672] {processor.py:641} INFO - Processing file /home/airflow/.local/lib/python3.7/site-packages/airflow/example_dags/example_nested_branch_dag.py for tasks to queue
[2023-01-25 22:34:31,674] {logging_mixin.py:115} INFO - [2023-01-25 22:34:31,674] {dagbag.py:508} INFO - Filling up the DagBag from /home/airflow/.local/lib/python3.7/site-packages/airflow/example_dags/example_nested_branch_dag.py
[2023-01-25 22:34:31,892] {processor.py:651} INFO - DAG(s) dict_keys(['example_nested_branch_dag']) retrieved from /home/airflow/.local/lib/python3.7/site-packages/airflow/example_dags/example_nested_branch_dag.py
[2023-01-25 22:34:31,963] {logging_mixin.py:115} INFO - [2023-01-25 22:34:31,962] {dag.py:2420} INFO - Sync 1 DAGs
[2023-01-25 22:34:32,066] {logging_mixin.py:115} INFO - [2023-01-25 22:34:32,065] {dag.py:2972} INFO - Setting next_dagrun for example_nested_branch_dag to 2023-01-24T00:00:00+00:00, run_after=2023-01-25T00:00:00+00:00
[2023-01-25 22:34:32,105] {processor.py:161} INFO - Processing /home/airflow/.local/lib/python3.7/site-packages/airflow/example_dags/example_nested_branch_dag.py took 0.445 seconds
[2023-01-25 22:35:03,552] {processor.py:153} INFO - Started process (PID=2272) to work on /home/airflow/.local/lib/python3.7/site-packages/airflow/example_dags/example_nested_branch_dag.py
[2023-01-25 22:35:03,553] {processor.py:641} INFO - Processing file /home/airflow/.local/lib/python3.7/site-packages/airflow/example_dags/example_nested_branch_dag.py for tasks to queue
[2023-01-25 22:35:03,555] {logging_mixin.py:115} INFO - [2023-01-25 22:35:03,555] {dagbag.py:508} INFO - Filling up the DagBag from /home/airflow/.local/lib/python3.7/site-packages/airflow/example_dags/example_nested_branch_dag.py
[2023-01-25 22:35:03,597] {processor.py:651} INFO - DAG(s) dict_keys(['example_nested_branch_dag']) retrieved from /home/airflow/.local/lib/python3.7/site-packages/airflow/example_dags/example_nested_branch_dag.py
[2023-01-25 22:35:03,684] {logging_mixin.py:115} INFO - [2023-01-25 22:35:03,683] {dag.py:2420} INFO - Sync 1 DAGs
[2023-01-25 22:35:03,809] {logging_mixin.py:115} INFO - [2023-01-25 22:35:03,809] {dag.py:2972} INFO - Setting next_dagrun for example_nested_branch_dag to 2023-01-24T00:00:00+00:00, run_after=2023-01-25T00:00:00+00:00
[2023-01-25 22:35:03,848] {processor.py:161} INFO - Processing /home/airflow/.local/lib/python3.7/site-packages/airflow/example_dags/example_nested_branch_dag.py took 0.303 seconds
[2023-01-25 22:35:35,105] {processor.py:153} INFO - Started process (PID=2384) to work on /home/airflow/.local/lib/python3.7/site-packages/airflow/example_dags/example_nested_branch_dag.py
[2023-01-25 22:35:35,107] {processor.py:641} INFO - Processing file /home/airflow/.local/lib/python3.7/site-packages/airflow/example_dags/example_nested_branch_dag.py for tasks to queue
[2023-01-25 22:35:35,109] {logging_mixin.py:115} INFO - [2023-01-25 22:35:35,108] {dagbag.py:508} INFO - Filling up the DagBag from /home/airflow/.local/lib/python3.7/site-packages/airflow/example_dags/example_nested_branch_dag.py
[2023-01-25 22:35:35,149] {processor.py:651} INFO - DAG(s) dict_keys(['example_nested_branch_dag']) retrieved from /home/airflow/.local/lib/python3.7/site-packages/airflow/example_dags/example_nested_branch_dag.py
[2023-01-25 22:35:35,233] {logging_mixin.py:115} INFO - [2023-01-25 22:35:35,233] {dag.py:2420} INFO - Sync 1 DAGs
[2023-01-25 22:35:35,336] {logging_mixin.py:115} INFO - [2023-01-25 22:35:35,335] {dag.py:2972} INFO - Setting next_dagrun for example_nested_branch_dag to 2023-01-24T00:00:00+00:00, run_after=2023-01-25T00:00:00+00:00
[2023-01-25 22:35:35,371] {processor.py:161} INFO - Processing /home/airflow/.local/lib/python3.7/site-packages/airflow/example_dags/example_nested_branch_dag.py took 0.274 seconds
[2023-01-25 22:36:06,634] {processor.py:153} INFO - Started process (PID=2498) to work on /home/airflow/.local/lib/python3.7/site-packages/airflow/example_dags/example_nested_branch_dag.py
[2023-01-25 22:36:06,637] {processor.py:641} INFO - Processing file /home/airflow/.local/lib/python3.7/site-packages/airflow/example_dags/example_nested_branch_dag.py for tasks to queue
[2023-01-25 22:36:06,640] {logging_mixin.py:115} INFO - [2023-01-25 22:36:06,639] {dagbag.py:508} INFO - Filling up the DagBag from /home/airflow/.local/lib/python3.7/site-packages/airflow/example_dags/example_nested_branch_dag.py
[2023-01-25 22:36:06,695] {processor.py:651} INFO - DAG(s) dict_keys(['example_nested_branch_dag']) retrieved from /home/airflow/.local/lib/python3.7/site-packages/airflow/example_dags/example_nested_branch_dag.py
[2023-01-25 22:36:06,786] {logging_mixin.py:115} INFO - [2023-01-25 22:36:06,786] {dag.py:2420} INFO - Sync 1 DAGs
[2023-01-25 22:36:06,901] {logging_mixin.py:115} INFO - [2023-01-25 22:36:06,900] {dag.py:2972} INFO - Setting next_dagrun for example_nested_branch_dag to 2023-01-24T00:00:00+00:00, run_after=2023-01-25T00:00:00+00:00
[2023-01-25 22:36:06,942] {processor.py:161} INFO - Processing /home/airflow/.local/lib/python3.7/site-packages/airflow/example_dags/example_nested_branch_dag.py took 0.318 seconds
[2023-01-25 22:36:37,039] {processor.py:153} INFO - Started process (PID=2609) to work on /home/airflow/.local/lib/python3.7/site-packages/airflow/example_dags/example_nested_branch_dag.py
[2023-01-25 22:36:37,041] {processor.py:641} INFO - Processing file /home/airflow/.local/lib/python3.7/site-packages/airflow/example_dags/example_nested_branch_dag.py for tasks to queue
[2023-01-25 22:36:37,043] {logging_mixin.py:115} INFO - [2023-01-25 22:36:37,043] {dagbag.py:508} INFO - Filling up the DagBag from /home/airflow/.local/lib/python3.7/site-packages/airflow/example_dags/example_nested_branch_dag.py
[2023-01-25 22:36:37,088] {processor.py:651} INFO - DAG(s) dict_keys(['example_nested_branch_dag']) retrieved from /home/airflow/.local/lib/python3.7/site-packages/airflow/example_dags/example_nested_branch_dag.py
[2023-01-25 22:36:37,177] {logging_mixin.py:115} INFO - [2023-01-25 22:36:37,176] {dag.py:2420} INFO - Sync 1 DAGs
[2023-01-25 22:36:37,288] {logging_mixin.py:115} INFO - [2023-01-25 22:36:37,287] {dag.py:2972} INFO - Setting next_dagrun for example_nested_branch_dag to 2023-01-24T00:00:00+00:00, run_after=2023-01-25T00:00:00+00:00
[2023-01-25 22:36:37,329] {processor.py:161} INFO - Processing /home/airflow/.local/lib/python3.7/site-packages/airflow/example_dags/example_nested_branch_dag.py took 0.297 seconds
[2023-01-25 22:37:07,680] {processor.py:153} INFO - Started process (PID=2722) to work on /home/airflow/.local/lib/python3.7/site-packages/airflow/example_dags/example_nested_branch_dag.py
[2023-01-25 22:37:07,682] {processor.py:641} INFO - Processing file /home/airflow/.local/lib/python3.7/site-packages/airflow/example_dags/example_nested_branch_dag.py for tasks to queue
[2023-01-25 22:37:07,684] {logging_mixin.py:115} INFO - [2023-01-25 22:37:07,684] {dagbag.py:508} INFO - Filling up the DagBag from /home/airflow/.local/lib/python3.7/site-packages/airflow/example_dags/example_nested_branch_dag.py
[2023-01-25 22:37:07,726] {processor.py:651} INFO - DAG(s) dict_keys(['example_nested_branch_dag']) retrieved from /home/airflow/.local/lib/python3.7/site-packages/airflow/example_dags/example_nested_branch_dag.py
[2023-01-25 22:37:07,808] {logging_mixin.py:115} INFO - [2023-01-25 22:37:07,807] {dag.py:2420} INFO - Sync 1 DAGs
[2023-01-25 22:37:07,908] {logging_mixin.py:115} INFO - [2023-01-25 22:37:07,908] {dag.py:2972} INFO - Setting next_dagrun for example_nested_branch_dag to 2023-01-24T00:00:00+00:00, run_after=2023-01-25T00:00:00+00:00
[2023-01-25 22:37:07,945] {processor.py:161} INFO - Processing /home/airflow/.local/lib/python3.7/site-packages/airflow/example_dags/example_nested_branch_dag.py took 0.272 seconds
[2023-01-25 22:37:38,365] {processor.py:153} INFO - Started process (PID=2836) to work on /home/airflow/.local/lib/python3.7/site-packages/airflow/example_dags/example_nested_branch_dag.py
[2023-01-25 22:37:38,367] {processor.py:641} INFO - Processing file /home/airflow/.local/lib/python3.7/site-packages/airflow/example_dags/example_nested_branch_dag.py for tasks to queue
[2023-01-25 22:37:38,369] {logging_mixin.py:115} INFO - [2023-01-25 22:37:38,369] {dagbag.py:508} INFO - Filling up the DagBag from /home/airflow/.local/lib/python3.7/site-packages/airflow/example_dags/example_nested_branch_dag.py
[2023-01-25 22:37:38,421] {processor.py:651} INFO - DAG(s) dict_keys(['example_nested_branch_dag']) retrieved from /home/airflow/.local/lib/python3.7/site-packages/airflow/example_dags/example_nested_branch_dag.py
[2023-01-25 22:37:38,539] {logging_mixin.py:115} INFO - [2023-01-25 22:37:38,539] {dag.py:2420} INFO - Sync 1 DAGs
[2023-01-25 22:37:38,650] {logging_mixin.py:115} INFO - [2023-01-25 22:37:38,649] {dag.py:2972} INFO - Setting next_dagrun for example_nested_branch_dag to 2023-01-24T00:00:00+00:00, run_after=2023-01-25T00:00:00+00:00
[2023-01-25 22:37:38,687] {processor.py:161} INFO - Processing /home/airflow/.local/lib/python3.7/site-packages/airflow/example_dags/example_nested_branch_dag.py took 0.330 seconds
[2023-01-25 22:38:11,106] {processor.py:153} INFO - Started process (PID=2950) to work on /home/airflow/.local/lib/python3.7/site-packages/airflow/example_dags/example_nested_branch_dag.py
[2023-01-25 22:38:11,108] {processor.py:641} INFO - Processing file /home/airflow/.local/lib/python3.7/site-packages/airflow/example_dags/example_nested_branch_dag.py for tasks to queue
[2023-01-25 22:38:11,113] {logging_mixin.py:115} INFO - [2023-01-25 22:38:11,112] {dagbag.py:508} INFO - Filling up the DagBag from /home/airflow/.local/lib/python3.7/site-packages/airflow/example_dags/example_nested_branch_dag.py
[2023-01-25 22:38:11,159] {processor.py:651} INFO - DAG(s) dict_keys(['example_nested_branch_dag']) retrieved from /home/airflow/.local/lib/python3.7/site-packages/airflow/example_dags/example_nested_branch_dag.py
[2023-01-25 22:38:11,256] {logging_mixin.py:115} INFO - [2023-01-25 22:38:11,255] {dag.py:2420} INFO - Sync 1 DAGs
[2023-01-25 22:38:11,365] {logging_mixin.py:115} INFO - [2023-01-25 22:38:11,364] {dag.py:2972} INFO - Setting next_dagrun for example_nested_branch_dag to 2023-01-24T00:00:00+00:00, run_after=2023-01-25T00:00:00+00:00
[2023-01-25 22:38:11,405] {processor.py:161} INFO - Processing /home/airflow/.local/lib/python3.7/site-packages/airflow/example_dags/example_nested_branch_dag.py took 0.308 seconds
[2023-01-25 22:38:41,900] {processor.py:153} INFO - Started process (PID=3064) to work on /home/airflow/.local/lib/python3.7/site-packages/airflow/example_dags/example_nested_branch_dag.py
[2023-01-25 22:38:41,902] {processor.py:641} INFO - Processing file /home/airflow/.local/lib/python3.7/site-packages/airflow/example_dags/example_nested_branch_dag.py for tasks to queue
[2023-01-25 22:38:41,904] {logging_mixin.py:115} INFO - [2023-01-25 22:38:41,903] {dagbag.py:508} INFO - Filling up the DagBag from /home/airflow/.local/lib/python3.7/site-packages/airflow/example_dags/example_nested_branch_dag.py
[2023-01-25 22:38:41,949] {processor.py:651} INFO - DAG(s) dict_keys(['example_nested_branch_dag']) retrieved from /home/airflow/.local/lib/python3.7/site-packages/airflow/example_dags/example_nested_branch_dag.py
[2023-01-25 22:38:42,072] {logging_mixin.py:115} INFO - [2023-01-25 22:38:42,072] {dag.py:2420} INFO - Sync 1 DAGs
[2023-01-25 22:38:42,275] {logging_mixin.py:115} INFO - [2023-01-25 22:38:42,274] {dag.py:2972} INFO - Setting next_dagrun for example_nested_branch_dag to 2023-01-24T00:00:00+00:00, run_after=2023-01-25T00:00:00+00:00
[2023-01-25 22:38:42,390] {processor.py:161} INFO - Processing /home/airflow/.local/lib/python3.7/site-packages/airflow/example_dags/example_nested_branch_dag.py took 0.497 seconds
[2023-01-25 22:39:15,387] {processor.py:153} INFO - Started process (PID=3181) to work on /home/airflow/.local/lib/python3.7/site-packages/airflow/example_dags/example_nested_branch_dag.py
[2023-01-25 22:39:15,389] {processor.py:641} INFO - Processing file /home/airflow/.local/lib/python3.7/site-packages/airflow/example_dags/example_nested_branch_dag.py for tasks to queue
[2023-01-25 22:39:15,391] {logging_mixin.py:115} INFO - [2023-01-25 22:39:15,391] {dagbag.py:508} INFO - Filling up the DagBag from /home/airflow/.local/lib/python3.7/site-packages/airflow/example_dags/example_nested_branch_dag.py
[2023-01-25 22:39:15,437] {processor.py:651} INFO - DAG(s) dict_keys(['example_nested_branch_dag']) retrieved from /home/airflow/.local/lib/python3.7/site-packages/airflow/example_dags/example_nested_branch_dag.py
[2023-01-25 22:39:15,518] {logging_mixin.py:115} INFO - [2023-01-25 22:39:15,518] {dag.py:2420} INFO - Sync 1 DAGs
[2023-01-25 22:39:15,622] {logging_mixin.py:115} INFO - [2023-01-25 22:39:15,622] {dag.py:2972} INFO - Setting next_dagrun for example_nested_branch_dag to 2023-01-24T00:00:00+00:00, run_after=2023-01-25T00:00:00+00:00
[2023-01-25 22:39:15,663] {processor.py:161} INFO - Processing /home/airflow/.local/lib/python3.7/site-packages/airflow/example_dags/example_nested_branch_dag.py took 0.284 seconds
[2023-01-25 22:39:47,870] {processor.py:153} INFO - Started process (PID=3294) to work on /home/airflow/.local/lib/python3.7/site-packages/airflow/example_dags/example_nested_branch_dag.py
[2023-01-25 22:39:47,872] {processor.py:641} INFO - Processing file /home/airflow/.local/lib/python3.7/site-packages/airflow/example_dags/example_nested_branch_dag.py for tasks to queue
[2023-01-25 22:39:47,874] {logging_mixin.py:115} INFO - [2023-01-25 22:39:47,873] {dagbag.py:508} INFO - Filling up the DagBag from /home/airflow/.local/lib/python3.7/site-packages/airflow/example_dags/example_nested_branch_dag.py
[2023-01-25 22:39:47,915] {processor.py:651} INFO - DAG(s) dict_keys(['example_nested_branch_dag']) retrieved from /home/airflow/.local/lib/python3.7/site-packages/airflow/example_dags/example_nested_branch_dag.py
[2023-01-25 22:39:48,000] {logging_mixin.py:115} INFO - [2023-01-25 22:39:48,000] {dag.py:2420} INFO - Sync 1 DAGs
[2023-01-25 22:39:48,153] {logging_mixin.py:115} INFO - [2023-01-25 22:39:48,148] {dag.py:2972} INFO - Setting next_dagrun for example_nested_branch_dag to 2023-01-24T00:00:00+00:00, run_after=2023-01-25T00:00:00+00:00
[2023-01-25 22:39:48,215] {processor.py:161} INFO - Processing /home/airflow/.local/lib/python3.7/site-packages/airflow/example_dags/example_nested_branch_dag.py took 0.354 seconds
[2023-01-25 22:40:20,556] {processor.py:153} INFO - Started process (PID=3408) to work on /home/airflow/.local/lib/python3.7/site-packages/airflow/example_dags/example_nested_branch_dag.py
[2023-01-25 22:40:20,558] {processor.py:641} INFO - Processing file /home/airflow/.local/lib/python3.7/site-packages/airflow/example_dags/example_nested_branch_dag.py for tasks to queue
[2023-01-25 22:40:20,560] {logging_mixin.py:115} INFO - [2023-01-25 22:40:20,560] {dagbag.py:508} INFO - Filling up the DagBag from /home/airflow/.local/lib/python3.7/site-packages/airflow/example_dags/example_nested_branch_dag.py
[2023-01-25 22:40:20,604] {processor.py:651} INFO - DAG(s) dict_keys(['example_nested_branch_dag']) retrieved from /home/airflow/.local/lib/python3.7/site-packages/airflow/example_dags/example_nested_branch_dag.py
[2023-01-25 22:40:20,683] {logging_mixin.py:115} INFO - [2023-01-25 22:40:20,683] {dag.py:2420} INFO - Sync 1 DAGs
[2023-01-25 22:40:20,789] {logging_mixin.py:115} INFO - [2023-01-25 22:40:20,788] {dag.py:2972} INFO - Setting next_dagrun for example_nested_branch_dag to 2023-01-24T00:00:00+00:00, run_after=2023-01-25T00:00:00+00:00
[2023-01-25 22:40:20,826] {processor.py:161} INFO - Processing /home/airflow/.local/lib/python3.7/site-packages/airflow/example_dags/example_nested_branch_dag.py took 0.278 seconds
[2023-01-25 22:40:53,494] {processor.py:153} INFO - Started process (PID=3522) to work on /home/airflow/.local/lib/python3.7/site-packages/airflow/example_dags/example_nested_branch_dag.py
[2023-01-25 22:40:53,496] {processor.py:641} INFO - Processing file /home/airflow/.local/lib/python3.7/site-packages/airflow/example_dags/example_nested_branch_dag.py for tasks to queue
[2023-01-25 22:40:53,498] {logging_mixin.py:115} INFO - [2023-01-25 22:40:53,498] {dagbag.py:508} INFO - Filling up the DagBag from /home/airflow/.local/lib/python3.7/site-packages/airflow/example_dags/example_nested_branch_dag.py
[2023-01-25 22:40:53,541] {processor.py:651} INFO - DAG(s) dict_keys(['example_nested_branch_dag']) retrieved from /home/airflow/.local/lib/python3.7/site-packages/airflow/example_dags/example_nested_branch_dag.py
[2023-01-25 22:40:53,619] {logging_mixin.py:115} INFO - [2023-01-25 22:40:53,618] {dag.py:2420} INFO - Sync 1 DAGs
[2023-01-25 22:40:53,735] {logging_mixin.py:115} INFO - [2023-01-25 22:40:53,734] {dag.py:2972} INFO - Setting next_dagrun for example_nested_branch_dag to 2023-01-24T00:00:00+00:00, run_after=2023-01-25T00:00:00+00:00
[2023-01-25 22:40:53,782] {processor.py:161} INFO - Processing /home/airflow/.local/lib/python3.7/site-packages/airflow/example_dags/example_nested_branch_dag.py took 0.296 seconds
[2023-01-25 22:41:26,419] {processor.py:153} INFO - Started process (PID=3637) to work on /home/airflow/.local/lib/python3.7/site-packages/airflow/example_dags/example_nested_branch_dag.py
[2023-01-25 22:41:26,421] {processor.py:641} INFO - Processing file /home/airflow/.local/lib/python3.7/site-packages/airflow/example_dags/example_nested_branch_dag.py for tasks to queue
[2023-01-25 22:41:26,423] {logging_mixin.py:115} INFO - [2023-01-25 22:41:26,423] {dagbag.py:508} INFO - Filling up the DagBag from /home/airflow/.local/lib/python3.7/site-packages/airflow/example_dags/example_nested_branch_dag.py
[2023-01-25 22:41:26,467] {processor.py:651} INFO - DAG(s) dict_keys(['example_nested_branch_dag']) retrieved from /home/airflow/.local/lib/python3.7/site-packages/airflow/example_dags/example_nested_branch_dag.py
[2023-01-25 22:41:26,548] {logging_mixin.py:115} INFO - [2023-01-25 22:41:26,548] {dag.py:2420} INFO - Sync 1 DAGs
[2023-01-25 22:41:26,651] {logging_mixin.py:115} INFO - [2023-01-25 22:41:26,650] {dag.py:2972} INFO - Setting next_dagrun for example_nested_branch_dag to 2023-01-24T00:00:00+00:00, run_after=2023-01-25T00:00:00+00:00
[2023-01-25 22:41:26,687] {processor.py:161} INFO - Processing /home/airflow/.local/lib/python3.7/site-packages/airflow/example_dags/example_nested_branch_dag.py took 0.277 seconds
[2023-01-25 22:41:59,145] {processor.py:153} INFO - Started process (PID=3750) to work on /home/airflow/.local/lib/python3.7/site-packages/airflow/example_dags/example_nested_branch_dag.py
[2023-01-25 22:41:59,147] {processor.py:641} INFO - Processing file /home/airflow/.local/lib/python3.7/site-packages/airflow/example_dags/example_nested_branch_dag.py for tasks to queue
[2023-01-25 22:41:59,150] {logging_mixin.py:115} INFO - [2023-01-25 22:41:59,149] {dagbag.py:508} INFO - Filling up the DagBag from /home/airflow/.local/lib/python3.7/site-packages/airflow/example_dags/example_nested_branch_dag.py
[2023-01-25 22:41:59,196] {processor.py:651} INFO - DAG(s) dict_keys(['example_nested_branch_dag']) retrieved from /home/airflow/.local/lib/python3.7/site-packages/airflow/example_dags/example_nested_branch_dag.py
[2023-01-25 22:41:59,288] {logging_mixin.py:115} INFO - [2023-01-25 22:41:59,287] {dag.py:2420} INFO - Sync 1 DAGs
[2023-01-25 22:41:59,443] {logging_mixin.py:115} INFO - [2023-01-25 22:41:59,442] {dag.py:2972} INFO - Setting next_dagrun for example_nested_branch_dag to 2023-01-24T00:00:00+00:00, run_after=2023-01-25T00:00:00+00:00
[2023-01-25 22:41:59,481] {processor.py:161} INFO - Processing /home/airflow/.local/lib/python3.7/site-packages/airflow/example_dags/example_nested_branch_dag.py took 0.343 seconds
[2023-01-25 22:42:32,543] {processor.py:153} INFO - Started process (PID=3884) to work on /home/airflow/.local/lib/python3.7/site-packages/airflow/example_dags/example_nested_branch_dag.py
[2023-01-25 22:42:32,545] {processor.py:641} INFO - Processing file /home/airflow/.local/lib/python3.7/site-packages/airflow/example_dags/example_nested_branch_dag.py for tasks to queue
[2023-01-25 22:42:32,548] {logging_mixin.py:115} INFO - [2023-01-25 22:42:32,547] {dagbag.py:508} INFO - Filling up the DagBag from /home/airflow/.local/lib/python3.7/site-packages/airflow/example_dags/example_nested_branch_dag.py
[2023-01-25 22:42:32,602] {processor.py:651} INFO - DAG(s) dict_keys(['example_nested_branch_dag']) retrieved from /home/airflow/.local/lib/python3.7/site-packages/airflow/example_dags/example_nested_branch_dag.py
[2023-01-25 22:42:32,691] {logging_mixin.py:115} INFO - [2023-01-25 22:42:32,690] {dag.py:2420} INFO - Sync 1 DAGs
[2023-01-25 22:42:32,818] {logging_mixin.py:115} INFO - [2023-01-25 22:42:32,817] {dag.py:2972} INFO - Setting next_dagrun for example_nested_branch_dag to 2023-01-24T00:00:00+00:00, run_after=2023-01-25T00:00:00+00:00
[2023-01-25 22:42:32,856] {processor.py:161} INFO - Processing /home/airflow/.local/lib/python3.7/site-packages/airflow/example_dags/example_nested_branch_dag.py took 0.323 seconds
[2023-01-25 22:43:05,503] {processor.py:153} INFO - Started process (PID=3998) to work on /home/airflow/.local/lib/python3.7/site-packages/airflow/example_dags/example_nested_branch_dag.py
[2023-01-25 22:43:05,505] {processor.py:641} INFO - Processing file /home/airflow/.local/lib/python3.7/site-packages/airflow/example_dags/example_nested_branch_dag.py for tasks to queue
[2023-01-25 22:43:05,507] {logging_mixin.py:115} INFO - [2023-01-25 22:43:05,506] {dagbag.py:508} INFO - Filling up the DagBag from /home/airflow/.local/lib/python3.7/site-packages/airflow/example_dags/example_nested_branch_dag.py
[2023-01-25 22:43:05,552] {processor.py:651} INFO - DAG(s) dict_keys(['example_nested_branch_dag']) retrieved from /home/airflow/.local/lib/python3.7/site-packages/airflow/example_dags/example_nested_branch_dag.py
[2023-01-25 22:43:05,631] {logging_mixin.py:115} INFO - [2023-01-25 22:43:05,630] {dag.py:2420} INFO - Sync 1 DAGs
[2023-01-25 22:43:05,737] {logging_mixin.py:115} INFO - [2023-01-25 22:43:05,737] {dag.py:2972} INFO - Setting next_dagrun for example_nested_branch_dag to 2023-01-24T00:00:00+00:00, run_after=2023-01-25T00:00:00+00:00
[2023-01-25 22:43:05,782] {processor.py:161} INFO - Processing /home/airflow/.local/lib/python3.7/site-packages/airflow/example_dags/example_nested_branch_dag.py took 0.288 seconds
[2023-01-25 22:43:39,124] {processor.py:153} INFO - Started process (PID=4118) to work on /home/airflow/.local/lib/python3.7/site-packages/airflow/example_dags/example_nested_branch_dag.py
[2023-01-25 22:43:39,137] {processor.py:641} INFO - Processing file /home/airflow/.local/lib/python3.7/site-packages/airflow/example_dags/example_nested_branch_dag.py for tasks to queue
[2023-01-25 22:43:39,139] {logging_mixin.py:115} INFO - [2023-01-25 22:43:39,138] {dagbag.py:508} INFO - Filling up the DagBag from /home/airflow/.local/lib/python3.7/site-packages/airflow/example_dags/example_nested_branch_dag.py
[2023-01-25 22:43:39,184] {processor.py:651} INFO - DAG(s) dict_keys(['example_nested_branch_dag']) retrieved from /home/airflow/.local/lib/python3.7/site-packages/airflow/example_dags/example_nested_branch_dag.py
[2023-01-25 22:43:39,267] {logging_mixin.py:115} INFO - [2023-01-25 22:43:39,267] {dag.py:2420} INFO - Sync 1 DAGs
[2023-01-25 22:43:39,370] {logging_mixin.py:115} INFO - [2023-01-25 22:43:39,370] {dag.py:2972} INFO - Setting next_dagrun for example_nested_branch_dag to 2023-01-24T00:00:00+00:00, run_after=2023-01-25T00:00:00+00:00
[2023-01-25 22:43:39,407] {processor.py:161} INFO - Processing /home/airflow/.local/lib/python3.7/site-packages/airflow/example_dags/example_nested_branch_dag.py took 0.291 seconds
[2023-01-25 22:44:11,296] {processor.py:153} INFO - Started process (PID=4232) to work on /home/airflow/.local/lib/python3.7/site-packages/airflow/example_dags/example_nested_branch_dag.py
[2023-01-25 22:44:11,298] {processor.py:641} INFO - Processing file /home/airflow/.local/lib/python3.7/site-packages/airflow/example_dags/example_nested_branch_dag.py for tasks to queue
[2023-01-25 22:44:11,300] {logging_mixin.py:115} INFO - [2023-01-25 22:44:11,299] {dagbag.py:508} INFO - Filling up the DagBag from /home/airflow/.local/lib/python3.7/site-packages/airflow/example_dags/example_nested_branch_dag.py
[2023-01-25 22:44:11,341] {processor.py:651} INFO - DAG(s) dict_keys(['example_nested_branch_dag']) retrieved from /home/airflow/.local/lib/python3.7/site-packages/airflow/example_dags/example_nested_branch_dag.py
[2023-01-25 22:44:11,424] {logging_mixin.py:115} INFO - [2023-01-25 22:44:11,424] {dag.py:2420} INFO - Sync 1 DAGs
[2023-01-25 22:44:11,527] {logging_mixin.py:115} INFO - [2023-01-25 22:44:11,526] {dag.py:2972} INFO - Setting next_dagrun for example_nested_branch_dag to 2023-01-24T00:00:00+00:00, run_after=2023-01-25T00:00:00+00:00
[2023-01-25 22:44:11,562] {processor.py:161} INFO - Processing /home/airflow/.local/lib/python3.7/site-packages/airflow/example_dags/example_nested_branch_dag.py took 0.275 seconds
[2023-01-25 22:44:43,868] {processor.py:153} INFO - Started process (PID=4346) to work on /home/airflow/.local/lib/python3.7/site-packages/airflow/example_dags/example_nested_branch_dag.py
[2023-01-25 22:44:43,870] {processor.py:641} INFO - Processing file /home/airflow/.local/lib/python3.7/site-packages/airflow/example_dags/example_nested_branch_dag.py for tasks to queue
[2023-01-25 22:44:43,872] {logging_mixin.py:115} INFO - [2023-01-25 22:44:43,872] {dagbag.py:508} INFO - Filling up the DagBag from /home/airflow/.local/lib/python3.7/site-packages/airflow/example_dags/example_nested_branch_dag.py
[2023-01-25 22:44:43,920] {processor.py:651} INFO - DAG(s) dict_keys(['example_nested_branch_dag']) retrieved from /home/airflow/.local/lib/python3.7/site-packages/airflow/example_dags/example_nested_branch_dag.py
[2023-01-25 22:44:44,007] {logging_mixin.py:115} INFO - [2023-01-25 22:44:44,006] {dag.py:2420} INFO - Sync 1 DAGs
[2023-01-25 22:44:44,128] {logging_mixin.py:115} INFO - [2023-01-25 22:44:44,127] {dag.py:2972} INFO - Setting next_dagrun for example_nested_branch_dag to 2023-01-24T00:00:00+00:00, run_after=2023-01-25T00:00:00+00:00
[2023-01-25 22:44:44,171] {processor.py:161} INFO - Processing /home/airflow/.local/lib/python3.7/site-packages/airflow/example_dags/example_nested_branch_dag.py took 0.310 seconds
[2023-01-25 22:45:15,455] {processor.py:153} INFO - Started process (PID=4460) to work on /home/airflow/.local/lib/python3.7/site-packages/airflow/example_dags/example_nested_branch_dag.py
[2023-01-25 22:45:15,457] {processor.py:641} INFO - Processing file /home/airflow/.local/lib/python3.7/site-packages/airflow/example_dags/example_nested_branch_dag.py for tasks to queue
[2023-01-25 22:45:15,459] {logging_mixin.py:115} INFO - [2023-01-25 22:45:15,458] {dagbag.py:508} INFO - Filling up the DagBag from /home/airflow/.local/lib/python3.7/site-packages/airflow/example_dags/example_nested_branch_dag.py
[2023-01-25 22:45:15,500] {processor.py:651} INFO - DAG(s) dict_keys(['example_nested_branch_dag']) retrieved from /home/airflow/.local/lib/python3.7/site-packages/airflow/example_dags/example_nested_branch_dag.py
[2023-01-25 22:45:15,586] {logging_mixin.py:115} INFO - [2023-01-25 22:45:15,585] {dag.py:2420} INFO - Sync 1 DAGs
[2023-01-25 22:45:15,699] {logging_mixin.py:115} INFO - [2023-01-25 22:45:15,698] {dag.py:2972} INFO - Setting next_dagrun for example_nested_branch_dag to 2023-01-24T00:00:00+00:00, run_after=2023-01-25T00:00:00+00:00
[2023-01-25 22:45:15,737] {processor.py:161} INFO - Processing /home/airflow/.local/lib/python3.7/site-packages/airflow/example_dags/example_nested_branch_dag.py took 0.289 seconds
[2023-01-25 22:45:48,301] {processor.py:153} INFO - Started process (PID=4576) to work on /home/airflow/.local/lib/python3.7/site-packages/airflow/example_dags/example_nested_branch_dag.py
[2023-01-25 22:45:48,303] {processor.py:641} INFO - Processing file /home/airflow/.local/lib/python3.7/site-packages/airflow/example_dags/example_nested_branch_dag.py for tasks to queue
[2023-01-25 22:45:48,306] {logging_mixin.py:115} INFO - [2023-01-25 22:45:48,305] {dagbag.py:508} INFO - Filling up the DagBag from /home/airflow/.local/lib/python3.7/site-packages/airflow/example_dags/example_nested_branch_dag.py
[2023-01-25 22:45:48,357] {processor.py:651} INFO - DAG(s) dict_keys(['example_nested_branch_dag']) retrieved from /home/airflow/.local/lib/python3.7/site-packages/airflow/example_dags/example_nested_branch_dag.py
[2023-01-25 22:45:48,448] {logging_mixin.py:115} INFO - [2023-01-25 22:45:48,447] {dag.py:2420} INFO - Sync 1 DAGs
[2023-01-25 22:45:48,564] {logging_mixin.py:115} INFO - [2023-01-25 22:45:48,563] {dag.py:2972} INFO - Setting next_dagrun for example_nested_branch_dag to 2023-01-24T00:00:00+00:00, run_after=2023-01-25T00:00:00+00:00
[2023-01-25 22:45:48,606] {processor.py:161} INFO - Processing /home/airflow/.local/lib/python3.7/site-packages/airflow/example_dags/example_nested_branch_dag.py took 0.315 seconds
[2023-01-25 22:46:20,797] {processor.py:153} INFO - Started process (PID=4690) to work on /home/airflow/.local/lib/python3.7/site-packages/airflow/example_dags/example_nested_branch_dag.py
[2023-01-25 22:46:20,799] {processor.py:641} INFO - Processing file /home/airflow/.local/lib/python3.7/site-packages/airflow/example_dags/example_nested_branch_dag.py for tasks to queue
[2023-01-25 22:46:20,801] {logging_mixin.py:115} INFO - [2023-01-25 22:46:20,801] {dagbag.py:508} INFO - Filling up the DagBag from /home/airflow/.local/lib/python3.7/site-packages/airflow/example_dags/example_nested_branch_dag.py
[2023-01-25 22:46:20,844] {processor.py:651} INFO - DAG(s) dict_keys(['example_nested_branch_dag']) retrieved from /home/airflow/.local/lib/python3.7/site-packages/airflow/example_dags/example_nested_branch_dag.py
[2023-01-25 22:46:20,924] {logging_mixin.py:115} INFO - [2023-01-25 22:46:20,924] {dag.py:2420} INFO - Sync 1 DAGs
[2023-01-25 22:46:21,026] {logging_mixin.py:115} INFO - [2023-01-25 22:46:21,026] {dag.py:2972} INFO - Setting next_dagrun for example_nested_branch_dag to 2023-01-24T00:00:00+00:00, run_after=2023-01-25T00:00:00+00:00
[2023-01-25 22:46:21,066] {processor.py:161} INFO - Processing /home/airflow/.local/lib/python3.7/site-packages/airflow/example_dags/example_nested_branch_dag.py took 0.276 seconds
[2023-01-25 22:46:53,123] {processor.py:153} INFO - Started process (PID=4805) to work on /home/airflow/.local/lib/python3.7/site-packages/airflow/example_dags/example_nested_branch_dag.py
[2023-01-25 22:46:53,125] {processor.py:641} INFO - Processing file /home/airflow/.local/lib/python3.7/site-packages/airflow/example_dags/example_nested_branch_dag.py for tasks to queue
[2023-01-25 22:46:53,127] {logging_mixin.py:115} INFO - [2023-01-25 22:46:53,127] {dagbag.py:508} INFO - Filling up the DagBag from /home/airflow/.local/lib/python3.7/site-packages/airflow/example_dags/example_nested_branch_dag.py
[2023-01-25 22:46:53,170] {processor.py:651} INFO - DAG(s) dict_keys(['example_nested_branch_dag']) retrieved from /home/airflow/.local/lib/python3.7/site-packages/airflow/example_dags/example_nested_branch_dag.py
[2023-01-25 22:46:53,256] {logging_mixin.py:115} INFO - [2023-01-25 22:46:53,256] {dag.py:2420} INFO - Sync 1 DAGs
[2023-01-25 22:46:53,354] {logging_mixin.py:115} INFO - [2023-01-25 22:46:53,353] {dag.py:2972} INFO - Setting next_dagrun for example_nested_branch_dag to 2023-01-24T00:00:00+00:00, run_after=2023-01-25T00:00:00+00:00
[2023-01-25 22:46:53,388] {processor.py:161} INFO - Processing /home/airflow/.local/lib/python3.7/site-packages/airflow/example_dags/example_nested_branch_dag.py took 0.272 seconds
[2023-01-25 22:47:26,467] {processor.py:153} INFO - Started process (PID=4935) to work on /home/airflow/.local/lib/python3.7/site-packages/airflow/example_dags/example_nested_branch_dag.py
[2023-01-25 22:47:26,469] {processor.py:641} INFO - Processing file /home/airflow/.local/lib/python3.7/site-packages/airflow/example_dags/example_nested_branch_dag.py for tasks to queue
[2023-01-25 22:47:26,471] {logging_mixin.py:115} INFO - [2023-01-25 22:47:26,471] {dagbag.py:508} INFO - Filling up the DagBag from /home/airflow/.local/lib/python3.7/site-packages/airflow/example_dags/example_nested_branch_dag.py
[2023-01-25 22:47:26,516] {processor.py:651} INFO - DAG(s) dict_keys(['example_nested_branch_dag']) retrieved from /home/airflow/.local/lib/python3.7/site-packages/airflow/example_dags/example_nested_branch_dag.py
[2023-01-25 22:47:26,597] {logging_mixin.py:115} INFO - [2023-01-25 22:47:26,596] {dag.py:2420} INFO - Sync 1 DAGs
[2023-01-25 22:47:26,717] {logging_mixin.py:115} INFO - [2023-01-25 22:47:26,716] {dag.py:2972} INFO - Setting next_dagrun for example_nested_branch_dag to 2023-01-24T00:00:00+00:00, run_after=2023-01-25T00:00:00+00:00
[2023-01-25 22:47:26,753] {processor.py:161} INFO - Processing /home/airflow/.local/lib/python3.7/site-packages/airflow/example_dags/example_nested_branch_dag.py took 0.295 seconds
[2023-01-25 22:47:59,518] {processor.py:153} INFO - Started process (PID=5048) to work on /home/airflow/.local/lib/python3.7/site-packages/airflow/example_dags/example_nested_branch_dag.py
[2023-01-25 22:47:59,522] {processor.py:641} INFO - Processing file /home/airflow/.local/lib/python3.7/site-packages/airflow/example_dags/example_nested_branch_dag.py for tasks to queue
[2023-01-25 22:47:59,528] {logging_mixin.py:115} INFO - [2023-01-25 22:47:59,528] {dagbag.py:508} INFO - Filling up the DagBag from /home/airflow/.local/lib/python3.7/site-packages/airflow/example_dags/example_nested_branch_dag.py
[2023-01-25 22:47:59,595] {processor.py:651} INFO - DAG(s) dict_keys(['example_nested_branch_dag']) retrieved from /home/airflow/.local/lib/python3.7/site-packages/airflow/example_dags/example_nested_branch_dag.py
[2023-01-25 22:47:59,698] {logging_mixin.py:115} INFO - [2023-01-25 22:47:59,697] {dag.py:2420} INFO - Sync 1 DAGs
[2023-01-25 22:47:59,815] {logging_mixin.py:115} INFO - [2023-01-25 22:47:59,814] {dag.py:2972} INFO - Setting next_dagrun for example_nested_branch_dag to 2023-01-24T00:00:00+00:00, run_after=2023-01-25T00:00:00+00:00
[2023-01-25 22:47:59,857] {processor.py:161} INFO - Processing /home/airflow/.local/lib/python3.7/site-packages/airflow/example_dags/example_nested_branch_dag.py took 0.359 seconds
[2023-01-25 22:48:31,074] {processor.py:153} INFO - Started process (PID=5162) to work on /home/airflow/.local/lib/python3.7/site-packages/airflow/example_dags/example_nested_branch_dag.py
[2023-01-25 22:48:31,076] {processor.py:641} INFO - Processing file /home/airflow/.local/lib/python3.7/site-packages/airflow/example_dags/example_nested_branch_dag.py for tasks to queue
[2023-01-25 22:48:31,078] {logging_mixin.py:115} INFO - [2023-01-25 22:48:31,078] {dagbag.py:508} INFO - Filling up the DagBag from /home/airflow/.local/lib/python3.7/site-packages/airflow/example_dags/example_nested_branch_dag.py
[2023-01-25 22:48:31,129] {processor.py:651} INFO - DAG(s) dict_keys(['example_nested_branch_dag']) retrieved from /home/airflow/.local/lib/python3.7/site-packages/airflow/example_dags/example_nested_branch_dag.py
[2023-01-25 22:48:31,216] {logging_mixin.py:115} INFO - [2023-01-25 22:48:31,216] {dag.py:2420} INFO - Sync 1 DAGs
[2023-01-25 22:48:31,329] {logging_mixin.py:115} INFO - [2023-01-25 22:48:31,328] {dag.py:2972} INFO - Setting next_dagrun for example_nested_branch_dag to 2023-01-24T00:00:00+00:00, run_after=2023-01-25T00:00:00+00:00
[2023-01-25 22:48:31,366] {processor.py:161} INFO - Processing /home/airflow/.local/lib/python3.7/site-packages/airflow/example_dags/example_nested_branch_dag.py took 0.300 seconds
[2023-01-25 22:49:02,215] {processor.py:153} INFO - Started process (PID=5273) to work on /home/airflow/.local/lib/python3.7/site-packages/airflow/example_dags/example_nested_branch_dag.py
[2023-01-25 22:49:02,217] {processor.py:641} INFO - Processing file /home/airflow/.local/lib/python3.7/site-packages/airflow/example_dags/example_nested_branch_dag.py for tasks to queue
[2023-01-25 22:49:02,219] {logging_mixin.py:115} INFO - [2023-01-25 22:49:02,219] {dagbag.py:508} INFO - Filling up the DagBag from /home/airflow/.local/lib/python3.7/site-packages/airflow/example_dags/example_nested_branch_dag.py
[2023-01-25 22:49:02,259] {processor.py:651} INFO - DAG(s) dict_keys(['example_nested_branch_dag']) retrieved from /home/airflow/.local/lib/python3.7/site-packages/airflow/example_dags/example_nested_branch_dag.py
[2023-01-25 22:49:02,335] {logging_mixin.py:115} INFO - [2023-01-25 22:49:02,335] {dag.py:2420} INFO - Sync 1 DAGs
[2023-01-25 22:49:02,437] {logging_mixin.py:115} INFO - [2023-01-25 22:49:02,436] {dag.py:2972} INFO - Setting next_dagrun for example_nested_branch_dag to 2023-01-24T00:00:00+00:00, run_after=2023-01-25T00:00:00+00:00
[2023-01-25 22:49:02,484] {processor.py:161} INFO - Processing /home/airflow/.local/lib/python3.7/site-packages/airflow/example_dags/example_nested_branch_dag.py took 0.276 seconds
[2023-01-25 22:49:32,552] {processor.py:153} INFO - Started process (PID=5384) to work on /home/airflow/.local/lib/python3.7/site-packages/airflow/example_dags/example_nested_branch_dag.py
[2023-01-25 22:49:32,558] {processor.py:641} INFO - Processing file /home/airflow/.local/lib/python3.7/site-packages/airflow/example_dags/example_nested_branch_dag.py for tasks to queue
[2023-01-25 22:49:32,561] {logging_mixin.py:115} INFO - [2023-01-25 22:49:32,560] {dagbag.py:508} INFO - Filling up the DagBag from /home/airflow/.local/lib/python3.7/site-packages/airflow/example_dags/example_nested_branch_dag.py
[2023-01-25 22:49:32,613] {processor.py:651} INFO - DAG(s) dict_keys(['example_nested_branch_dag']) retrieved from /home/airflow/.local/lib/python3.7/site-packages/airflow/example_dags/example_nested_branch_dag.py
[2023-01-25 22:49:32,699] {logging_mixin.py:115} INFO - [2023-01-25 22:49:32,699] {dag.py:2420} INFO - Sync 1 DAGs
[2023-01-25 22:49:32,797] {logging_mixin.py:115} INFO - [2023-01-25 22:49:32,796] {dag.py:2972} INFO - Setting next_dagrun for example_nested_branch_dag to 2023-01-24T00:00:00+00:00, run_after=2023-01-25T00:00:00+00:00
[2023-01-25 22:49:32,832] {processor.py:161} INFO - Processing /home/airflow/.local/lib/python3.7/site-packages/airflow/example_dags/example_nested_branch_dag.py took 0.290 seconds
[2023-01-25 22:50:03,114] {processor.py:153} INFO - Started process (PID=5498) to work on /home/airflow/.local/lib/python3.7/site-packages/airflow/example_dags/example_nested_branch_dag.py
[2023-01-25 22:50:03,117] {processor.py:641} INFO - Processing file /home/airflow/.local/lib/python3.7/site-packages/airflow/example_dags/example_nested_branch_dag.py for tasks to queue
[2023-01-25 22:50:03,120] {logging_mixin.py:115} INFO - [2023-01-25 22:50:03,120] {dagbag.py:508} INFO - Filling up the DagBag from /home/airflow/.local/lib/python3.7/site-packages/airflow/example_dags/example_nested_branch_dag.py
[2023-01-25 22:50:03,167] {processor.py:651} INFO - DAG(s) dict_keys(['example_nested_branch_dag']) retrieved from /home/airflow/.local/lib/python3.7/site-packages/airflow/example_dags/example_nested_branch_dag.py
[2023-01-25 22:50:03,250] {logging_mixin.py:115} INFO - [2023-01-25 22:50:03,250] {dag.py:2420} INFO - Sync 1 DAGs
[2023-01-25 22:50:03,383] {logging_mixin.py:115} INFO - [2023-01-25 22:50:03,382] {dag.py:2972} INFO - Setting next_dagrun for example_nested_branch_dag to 2023-01-24T00:00:00+00:00, run_after=2023-01-25T00:00:00+00:00
[2023-01-25 22:50:03,423] {processor.py:161} INFO - Processing /home/airflow/.local/lib/python3.7/site-packages/airflow/example_dags/example_nested_branch_dag.py took 0.318 seconds
[2023-01-25 22:50:33,975] {processor.py:153} INFO - Started process (PID=5612) to work on /home/airflow/.local/lib/python3.7/site-packages/airflow/example_dags/example_nested_branch_dag.py
[2023-01-25 22:50:33,977] {processor.py:641} INFO - Processing file /home/airflow/.local/lib/python3.7/site-packages/airflow/example_dags/example_nested_branch_dag.py for tasks to queue
[2023-01-25 22:50:33,979] {logging_mixin.py:115} INFO - [2023-01-25 22:50:33,978] {dagbag.py:508} INFO - Filling up the DagBag from /home/airflow/.local/lib/python3.7/site-packages/airflow/example_dags/example_nested_branch_dag.py
[2023-01-25 22:50:34,023] {processor.py:651} INFO - DAG(s) dict_keys(['example_nested_branch_dag']) retrieved from /home/airflow/.local/lib/python3.7/site-packages/airflow/example_dags/example_nested_branch_dag.py
[2023-01-25 22:50:34,110] {logging_mixin.py:115} INFO - [2023-01-25 22:50:34,109] {dag.py:2420} INFO - Sync 1 DAGs
[2023-01-25 22:50:34,218] {logging_mixin.py:115} INFO - [2023-01-25 22:50:34,217] {dag.py:2972} INFO - Setting next_dagrun for example_nested_branch_dag to 2023-01-24T00:00:00+00:00, run_after=2023-01-25T00:00:00+00:00
[2023-01-25 22:50:34,255] {processor.py:161} INFO - Processing /home/airflow/.local/lib/python3.7/site-packages/airflow/example_dags/example_nested_branch_dag.py took 0.289 seconds
[2023-01-25 22:51:04,867] {processor.py:153} INFO - Started process (PID=5729) to work on /home/airflow/.local/lib/python3.7/site-packages/airflow/example_dags/example_nested_branch_dag.py
[2023-01-25 22:51:04,869] {processor.py:641} INFO - Processing file /home/airflow/.local/lib/python3.7/site-packages/airflow/example_dags/example_nested_branch_dag.py for tasks to queue
[2023-01-25 22:51:04,871] {logging_mixin.py:115} INFO - [2023-01-25 22:51:04,871] {dagbag.py:508} INFO - Filling up the DagBag from /home/airflow/.local/lib/python3.7/site-packages/airflow/example_dags/example_nested_branch_dag.py
[2023-01-25 22:51:04,915] {processor.py:651} INFO - DAG(s) dict_keys(['example_nested_branch_dag']) retrieved from /home/airflow/.local/lib/python3.7/site-packages/airflow/example_dags/example_nested_branch_dag.py
[2023-01-25 22:51:04,992] {logging_mixin.py:115} INFO - [2023-01-25 22:51:04,992] {dag.py:2420} INFO - Sync 1 DAGs
[2023-01-25 22:51:05,102] {logging_mixin.py:115} INFO - [2023-01-25 22:51:05,102] {dag.py:2972} INFO - Setting next_dagrun for example_nested_branch_dag to 2023-01-24T00:00:00+00:00, run_after=2023-01-25T00:00:00+00:00
[2023-01-25 22:51:05,140] {processor.py:161} INFO - Processing /home/airflow/.local/lib/python3.7/site-packages/airflow/example_dags/example_nested_branch_dag.py took 0.280 seconds
[2023-01-25 22:51:35,572] {processor.py:153} INFO - Started process (PID=5843) to work on /home/airflow/.local/lib/python3.7/site-packages/airflow/example_dags/example_nested_branch_dag.py
[2023-01-25 22:51:35,574] {processor.py:641} INFO - Processing file /home/airflow/.local/lib/python3.7/site-packages/airflow/example_dags/example_nested_branch_dag.py for tasks to queue
[2023-01-25 22:51:35,576] {logging_mixin.py:115} INFO - [2023-01-25 22:51:35,576] {dagbag.py:508} INFO - Filling up the DagBag from /home/airflow/.local/lib/python3.7/site-packages/airflow/example_dags/example_nested_branch_dag.py
[2023-01-25 22:51:35,616] {processor.py:651} INFO - DAG(s) dict_keys(['example_nested_branch_dag']) retrieved from /home/airflow/.local/lib/python3.7/site-packages/airflow/example_dags/example_nested_branch_dag.py
[2023-01-25 22:51:35,688] {logging_mixin.py:115} INFO - [2023-01-25 22:51:35,688] {dag.py:2420} INFO - Sync 1 DAGs
[2023-01-25 22:51:35,789] {logging_mixin.py:115} INFO - [2023-01-25 22:51:35,788] {dag.py:2972} INFO - Setting next_dagrun for example_nested_branch_dag to 2023-01-24T00:00:00+00:00, run_after=2023-01-25T00:00:00+00:00
[2023-01-25 22:51:35,824] {processor.py:161} INFO - Processing /home/airflow/.local/lib/python3.7/site-packages/airflow/example_dags/example_nested_branch_dag.py took 0.259 seconds
[2023-01-25 22:52:06,274] {processor.py:153} INFO - Started process (PID=5957) to work on /home/airflow/.local/lib/python3.7/site-packages/airflow/example_dags/example_nested_branch_dag.py
[2023-01-25 22:52:06,276] {processor.py:641} INFO - Processing file /home/airflow/.local/lib/python3.7/site-packages/airflow/example_dags/example_nested_branch_dag.py for tasks to queue
[2023-01-25 22:52:06,278] {logging_mixin.py:115} INFO - [2023-01-25 22:52:06,278] {dagbag.py:508} INFO - Filling up the DagBag from /home/airflow/.local/lib/python3.7/site-packages/airflow/example_dags/example_nested_branch_dag.py
[2023-01-25 22:52:06,318] {processor.py:651} INFO - DAG(s) dict_keys(['example_nested_branch_dag']) retrieved from /home/airflow/.local/lib/python3.7/site-packages/airflow/example_dags/example_nested_branch_dag.py
[2023-01-25 22:52:06,391] {logging_mixin.py:115} INFO - [2023-01-25 22:52:06,390] {dag.py:2420} INFO - Sync 1 DAGs
[2023-01-25 22:52:06,488] {logging_mixin.py:115} INFO - [2023-01-25 22:52:06,487] {dag.py:2972} INFO - Setting next_dagrun for example_nested_branch_dag to 2023-01-24T00:00:00+00:00, run_after=2023-01-25T00:00:00+00:00
[2023-01-25 22:52:06,524] {processor.py:161} INFO - Processing /home/airflow/.local/lib/python3.7/site-packages/airflow/example_dags/example_nested_branch_dag.py took 0.257 seconds
[2023-01-25 22:52:36,940] {processor.py:153} INFO - Started process (PID=6071) to work on /home/airflow/.local/lib/python3.7/site-packages/airflow/example_dags/example_nested_branch_dag.py
[2023-01-25 22:52:36,941] {processor.py:641} INFO - Processing file /home/airflow/.local/lib/python3.7/site-packages/airflow/example_dags/example_nested_branch_dag.py for tasks to queue
[2023-01-25 22:52:36,944] {logging_mixin.py:115} INFO - [2023-01-25 22:52:36,943] {dagbag.py:508} INFO - Filling up the DagBag from /home/airflow/.local/lib/python3.7/site-packages/airflow/example_dags/example_nested_branch_dag.py
[2023-01-25 22:52:36,985] {processor.py:651} INFO - DAG(s) dict_keys(['example_nested_branch_dag']) retrieved from /home/airflow/.local/lib/python3.7/site-packages/airflow/example_dags/example_nested_branch_dag.py
[2023-01-25 22:52:37,067] {logging_mixin.py:115} INFO - [2023-01-25 22:52:37,066] {dag.py:2420} INFO - Sync 1 DAGs
[2023-01-25 22:52:37,173] {logging_mixin.py:115} INFO - [2023-01-25 22:52:37,172] {dag.py:2972} INFO - Setting next_dagrun for example_nested_branch_dag to 2023-01-24T00:00:00+00:00, run_after=2023-01-25T00:00:00+00:00
[2023-01-25 22:52:37,211] {processor.py:161} INFO - Processing /home/airflow/.local/lib/python3.7/site-packages/airflow/example_dags/example_nested_branch_dag.py took 0.279 seconds
[2023-01-25 22:53:08,167] {processor.py:153} INFO - Started process (PID=6184) to work on /home/airflow/.local/lib/python3.7/site-packages/airflow/example_dags/example_nested_branch_dag.py
[2023-01-25 22:53:08,169] {processor.py:641} INFO - Processing file /home/airflow/.local/lib/python3.7/site-packages/airflow/example_dags/example_nested_branch_dag.py for tasks to queue
[2023-01-25 22:53:08,171] {logging_mixin.py:115} INFO - [2023-01-25 22:53:08,171] {dagbag.py:508} INFO - Filling up the DagBag from /home/airflow/.local/lib/python3.7/site-packages/airflow/example_dags/example_nested_branch_dag.py
[2023-01-25 22:53:08,213] {processor.py:651} INFO - DAG(s) dict_keys(['example_nested_branch_dag']) retrieved from /home/airflow/.local/lib/python3.7/site-packages/airflow/example_dags/example_nested_branch_dag.py
[2023-01-25 22:53:08,294] {logging_mixin.py:115} INFO - [2023-01-25 22:53:08,293] {dag.py:2420} INFO - Sync 1 DAGs
[2023-01-25 22:53:08,407] {logging_mixin.py:115} INFO - [2023-01-25 22:53:08,406] {dag.py:2972} INFO - Setting next_dagrun for example_nested_branch_dag to 2023-01-24T00:00:00+00:00, run_after=2023-01-25T00:00:00+00:00
[2023-01-25 22:53:08,442] {processor.py:161} INFO - Processing /home/airflow/.local/lib/python3.7/site-packages/airflow/example_dags/example_nested_branch_dag.py took 0.283 seconds
[2023-01-25 22:53:38,942] {processor.py:153} INFO - Started process (PID=6298) to work on /home/airflow/.local/lib/python3.7/site-packages/airflow/example_dags/example_nested_branch_dag.py
[2023-01-25 22:53:38,944] {processor.py:641} INFO - Processing file /home/airflow/.local/lib/python3.7/site-packages/airflow/example_dags/example_nested_branch_dag.py for tasks to queue
[2023-01-25 22:53:38,946] {logging_mixin.py:115} INFO - [2023-01-25 22:53:38,946] {dagbag.py:508} INFO - Filling up the DagBag from /home/airflow/.local/lib/python3.7/site-packages/airflow/example_dags/example_nested_branch_dag.py
[2023-01-25 22:53:38,987] {processor.py:651} INFO - DAG(s) dict_keys(['example_nested_branch_dag']) retrieved from /home/airflow/.local/lib/python3.7/site-packages/airflow/example_dags/example_nested_branch_dag.py
[2023-01-25 22:53:39,066] {logging_mixin.py:115} INFO - [2023-01-25 22:53:39,066] {dag.py:2420} INFO - Sync 1 DAGs
[2023-01-25 22:53:39,167] {logging_mixin.py:115} INFO - [2023-01-25 22:53:39,166] {dag.py:2972} INFO - Setting next_dagrun for example_nested_branch_dag to 2023-01-24T00:00:00+00:00, run_after=2023-01-25T00:00:00+00:00
[2023-01-25 22:53:39,202] {processor.py:161} INFO - Processing /home/airflow/.local/lib/python3.7/site-packages/airflow/example_dags/example_nested_branch_dag.py took 0.267 seconds
[2023-01-25 22:54:10,094] {processor.py:153} INFO - Started process (PID=6414) to work on /home/airflow/.local/lib/python3.7/site-packages/airflow/example_dags/example_nested_branch_dag.py
[2023-01-25 22:54:10,096] {processor.py:641} INFO - Processing file /home/airflow/.local/lib/python3.7/site-packages/airflow/example_dags/example_nested_branch_dag.py for tasks to queue
[2023-01-25 22:54:10,098] {logging_mixin.py:115} INFO - [2023-01-25 22:54:10,098] {dagbag.py:508} INFO - Filling up the DagBag from /home/airflow/.local/lib/python3.7/site-packages/airflow/example_dags/example_nested_branch_dag.py
[2023-01-25 22:54:10,143] {processor.py:651} INFO - DAG(s) dict_keys(['example_nested_branch_dag']) retrieved from /home/airflow/.local/lib/python3.7/site-packages/airflow/example_dags/example_nested_branch_dag.py
[2023-01-25 22:54:10,227] {logging_mixin.py:115} INFO - [2023-01-25 22:54:10,226] {dag.py:2420} INFO - Sync 1 DAGs
[2023-01-25 22:54:10,333] {logging_mixin.py:115} INFO - [2023-01-25 22:54:10,332] {dag.py:2972} INFO - Setting next_dagrun for example_nested_branch_dag to 2023-01-24T00:00:00+00:00, run_after=2023-01-25T00:00:00+00:00
[2023-01-25 22:54:10,371] {processor.py:161} INFO - Processing /home/airflow/.local/lib/python3.7/site-packages/airflow/example_dags/example_nested_branch_dag.py took 0.285 seconds
[2023-01-25 22:54:40,911] {processor.py:153} INFO - Started process (PID=6528) to work on /home/airflow/.local/lib/python3.7/site-packages/airflow/example_dags/example_nested_branch_dag.py
[2023-01-25 22:54:40,913] {processor.py:641} INFO - Processing file /home/airflow/.local/lib/python3.7/site-packages/airflow/example_dags/example_nested_branch_dag.py for tasks to queue
[2023-01-25 22:54:40,916] {logging_mixin.py:115} INFO - [2023-01-25 22:54:40,915] {dagbag.py:508} INFO - Filling up the DagBag from /home/airflow/.local/lib/python3.7/site-packages/airflow/example_dags/example_nested_branch_dag.py
[2023-01-25 22:54:40,962] {processor.py:651} INFO - DAG(s) dict_keys(['example_nested_branch_dag']) retrieved from /home/airflow/.local/lib/python3.7/site-packages/airflow/example_dags/example_nested_branch_dag.py
[2023-01-25 22:54:41,045] {logging_mixin.py:115} INFO - [2023-01-25 22:54:41,045] {dag.py:2420} INFO - Sync 1 DAGs
[2023-01-25 22:54:41,149] {logging_mixin.py:115} INFO - [2023-01-25 22:54:41,149] {dag.py:2972} INFO - Setting next_dagrun for example_nested_branch_dag to 2023-01-24T00:00:00+00:00, run_after=2023-01-25T00:00:00+00:00
[2023-01-25 22:54:41,191] {processor.py:161} INFO - Processing /home/airflow/.local/lib/python3.7/site-packages/airflow/example_dags/example_nested_branch_dag.py took 0.289 seconds
[2023-01-25 22:55:12,301] {processor.py:153} INFO - Started process (PID=6642) to work on /home/airflow/.local/lib/python3.7/site-packages/airflow/example_dags/example_nested_branch_dag.py
[2023-01-25 22:55:12,304] {processor.py:641} INFO - Processing file /home/airflow/.local/lib/python3.7/site-packages/airflow/example_dags/example_nested_branch_dag.py for tasks to queue
[2023-01-25 22:55:12,306] {logging_mixin.py:115} INFO - [2023-01-25 22:55:12,305] {dagbag.py:508} INFO - Filling up the DagBag from /home/airflow/.local/lib/python3.7/site-packages/airflow/example_dags/example_nested_branch_dag.py
[2023-01-25 22:55:12,348] {processor.py:651} INFO - DAG(s) dict_keys(['example_nested_branch_dag']) retrieved from /home/airflow/.local/lib/python3.7/site-packages/airflow/example_dags/example_nested_branch_dag.py
[2023-01-25 22:55:12,428] {logging_mixin.py:115} INFO - [2023-01-25 22:55:12,428] {dag.py:2420} INFO - Sync 1 DAGs
[2023-01-25 22:55:12,535] {logging_mixin.py:115} INFO - [2023-01-25 22:55:12,535] {dag.py:2972} INFO - Setting next_dagrun for example_nested_branch_dag to 2023-01-24T00:00:00+00:00, run_after=2023-01-25T00:00:00+00:00
[2023-01-25 22:55:12,573] {processor.py:161} INFO - Processing /home/airflow/.local/lib/python3.7/site-packages/airflow/example_dags/example_nested_branch_dag.py took 0.279 seconds
[2023-01-25 23:00:22,200] {processor.py:153} INFO - Started process (PID=6774) to work on /home/airflow/.local/lib/python3.7/site-packages/airflow/example_dags/example_nested_branch_dag.py
[2023-01-25 23:00:22,207] {processor.py:641} INFO - Processing file /home/airflow/.local/lib/python3.7/site-packages/airflow/example_dags/example_nested_branch_dag.py for tasks to queue
[2023-01-25 23:00:22,209] {logging_mixin.py:115} INFO - [2023-01-25 23:00:22,209] {dagbag.py:508} INFO - Filling up the DagBag from /home/airflow/.local/lib/python3.7/site-packages/airflow/example_dags/example_nested_branch_dag.py
[2023-01-25 23:00:22,302] {processor.py:651} INFO - DAG(s) dict_keys(['example_nested_branch_dag']) retrieved from /home/airflow/.local/lib/python3.7/site-packages/airflow/example_dags/example_nested_branch_dag.py
[2023-01-25 23:00:22,460] {logging_mixin.py:115} INFO - [2023-01-25 23:00:22,460] {dag.py:2420} INFO - Sync 1 DAGs
[2023-01-25 23:00:22,644] {logging_mixin.py:115} INFO - [2023-01-25 23:00:22,643] {dag.py:2972} INFO - Setting next_dagrun for example_nested_branch_dag to 2023-01-24T00:00:00+00:00, run_after=2023-01-25T00:00:00+00:00
[2023-01-25 23:00:22,710] {processor.py:161} INFO - Processing /home/airflow/.local/lib/python3.7/site-packages/airflow/example_dags/example_nested_branch_dag.py took 0.519 seconds
[2023-01-25 23:05:30,019] {processor.py:153} INFO - Started process (PID=6887) to work on /home/airflow/.local/lib/python3.7/site-packages/airflow/example_dags/example_nested_branch_dag.py
[2023-01-25 23:05:30,022] {processor.py:641} INFO - Processing file /home/airflow/.local/lib/python3.7/site-packages/airflow/example_dags/example_nested_branch_dag.py for tasks to queue
[2023-01-25 23:05:30,025] {logging_mixin.py:115} INFO - [2023-01-25 23:05:30,024] {dagbag.py:508} INFO - Filling up the DagBag from /home/airflow/.local/lib/python3.7/site-packages/airflow/example_dags/example_nested_branch_dag.py
[2023-01-25 23:05:30,070] {processor.py:651} INFO - DAG(s) dict_keys(['example_nested_branch_dag']) retrieved from /home/airflow/.local/lib/python3.7/site-packages/airflow/example_dags/example_nested_branch_dag.py
[2023-01-25 23:05:30,154] {logging_mixin.py:115} INFO - [2023-01-25 23:05:30,154] {dag.py:2420} INFO - Sync 1 DAGs
[2023-01-25 23:05:30,301] {logging_mixin.py:115} INFO - [2023-01-25 23:05:30,301] {dag.py:2972} INFO - Setting next_dagrun for example_nested_branch_dag to 2023-01-24T00:00:00+00:00, run_after=2023-01-25T00:00:00+00:00
[2023-01-25 23:05:30,338] {processor.py:161} INFO - Processing /home/airflow/.local/lib/python3.7/site-packages/airflow/example_dags/example_nested_branch_dag.py took 0.328 seconds
[2023-01-25 23:06:01,082] {processor.py:153} INFO - Started process (PID=7002) to work on /home/airflow/.local/lib/python3.7/site-packages/airflow/example_dags/example_nested_branch_dag.py
[2023-01-25 23:06:01,085] {processor.py:641} INFO - Processing file /home/airflow/.local/lib/python3.7/site-packages/airflow/example_dags/example_nested_branch_dag.py for tasks to queue
[2023-01-25 23:06:01,089] {logging_mixin.py:115} INFO - [2023-01-25 23:06:01,089] {dagbag.py:508} INFO - Filling up the DagBag from /home/airflow/.local/lib/python3.7/site-packages/airflow/example_dags/example_nested_branch_dag.py
[2023-01-25 23:06:01,187] {processor.py:651} INFO - DAG(s) dict_keys(['example_nested_branch_dag']) retrieved from /home/airflow/.local/lib/python3.7/site-packages/airflow/example_dags/example_nested_branch_dag.py
[2023-01-25 23:06:01,294] {logging_mixin.py:115} INFO - [2023-01-25 23:06:01,293] {dag.py:2420} INFO - Sync 1 DAGs
[2023-01-25 23:06:01,408] {logging_mixin.py:115} INFO - [2023-01-25 23:06:01,408] {dag.py:2972} INFO - Setting next_dagrun for example_nested_branch_dag to 2023-01-24T00:00:00+00:00, run_after=2023-01-25T00:00:00+00:00
[2023-01-25 23:06:01,458] {processor.py:161} INFO - Processing /home/airflow/.local/lib/python3.7/site-packages/airflow/example_dags/example_nested_branch_dag.py took 0.387 seconds
[2023-01-25 23:15:39,076] {processor.py:153} INFO - Started process (PID=7100) to work on /home/airflow/.local/lib/python3.7/site-packages/airflow/example_dags/example_nested_branch_dag.py
[2023-01-25 23:15:39,080] {processor.py:641} INFO - Processing file /home/airflow/.local/lib/python3.7/site-packages/airflow/example_dags/example_nested_branch_dag.py for tasks to queue
[2023-01-25 23:15:39,085] {logging_mixin.py:115} INFO - [2023-01-25 23:15:39,084] {dagbag.py:508} INFO - Filling up the DagBag from /home/airflow/.local/lib/python3.7/site-packages/airflow/example_dags/example_nested_branch_dag.py
[2023-01-25 23:15:39,168] {processor.py:651} INFO - DAG(s) dict_keys(['example_nested_branch_dag']) retrieved from /home/airflow/.local/lib/python3.7/site-packages/airflow/example_dags/example_nested_branch_dag.py
[2023-01-25 23:15:39,305] {logging_mixin.py:115} INFO - [2023-01-25 23:15:39,304] {dag.py:2420} INFO - Sync 1 DAGs
[2023-01-25 23:15:39,432] {logging_mixin.py:115} INFO - [2023-01-25 23:15:39,432] {dag.py:2972} INFO - Setting next_dagrun for example_nested_branch_dag to 2023-01-24T00:00:00+00:00, run_after=2023-01-25T00:00:00+00:00
[2023-01-25 23:15:39,517] {processor.py:161} INFO - Processing /home/airflow/.local/lib/python3.7/site-packages/airflow/example_dags/example_nested_branch_dag.py took 0.452 seconds
[2023-01-25 23:16:11,890] {processor.py:153} INFO - Started process (PID=7213) to work on /home/airflow/.local/lib/python3.7/site-packages/airflow/example_dags/example_nested_branch_dag.py
[2023-01-25 23:16:11,891] {processor.py:641} INFO - Processing file /home/airflow/.local/lib/python3.7/site-packages/airflow/example_dags/example_nested_branch_dag.py for tasks to queue
[2023-01-25 23:16:11,894] {logging_mixin.py:115} INFO - [2023-01-25 23:16:11,893] {dagbag.py:508} INFO - Filling up the DagBag from /home/airflow/.local/lib/python3.7/site-packages/airflow/example_dags/example_nested_branch_dag.py
[2023-01-25 23:16:11,936] {processor.py:651} INFO - DAG(s) dict_keys(['example_nested_branch_dag']) retrieved from /home/airflow/.local/lib/python3.7/site-packages/airflow/example_dags/example_nested_branch_dag.py
[2023-01-25 23:16:12,017] {logging_mixin.py:115} INFO - [2023-01-25 23:16:12,017] {dag.py:2420} INFO - Sync 1 DAGs
[2023-01-25 23:16:12,127] {logging_mixin.py:115} INFO - [2023-01-25 23:16:12,126] {dag.py:2972} INFO - Setting next_dagrun for example_nested_branch_dag to 2023-01-24T00:00:00+00:00, run_after=2023-01-25T00:00:00+00:00
[2023-01-25 23:16:12,173] {processor.py:161} INFO - Processing /home/airflow/.local/lib/python3.7/site-packages/airflow/example_dags/example_nested_branch_dag.py took 0.292 seconds
[2023-01-25 23:30:33,917] {processor.py:153} INFO - Started process (PID=7327) to work on /home/airflow/.local/lib/python3.7/site-packages/airflow/example_dags/example_nested_branch_dag.py
[2023-01-25 23:30:33,921] {processor.py:641} INFO - Processing file /home/airflow/.local/lib/python3.7/site-packages/airflow/example_dags/example_nested_branch_dag.py for tasks to queue
[2023-01-25 23:30:33,925] {logging_mixin.py:115} INFO - [2023-01-25 23:30:33,924] {dagbag.py:508} INFO - Filling up the DagBag from /home/airflow/.local/lib/python3.7/site-packages/airflow/example_dags/example_nested_branch_dag.py
[2023-01-25 23:30:33,997] {processor.py:651} INFO - DAG(s) dict_keys(['example_nested_branch_dag']) retrieved from /home/airflow/.local/lib/python3.7/site-packages/airflow/example_dags/example_nested_branch_dag.py
[2023-01-25 23:30:34,093] {logging_mixin.py:115} INFO - [2023-01-25 23:30:34,092] {dag.py:2420} INFO - Sync 1 DAGs
[2023-01-25 23:30:34,480] {logging_mixin.py:115} INFO - [2023-01-25 23:30:34,461] {dag.py:2972} INFO - Setting next_dagrun for example_nested_branch_dag to 2023-01-24T00:00:00+00:00, run_after=2023-01-25T00:00:00+00:00
[2023-01-25 23:30:34,607] {processor.py:161} INFO - Processing /home/airflow/.local/lib/python3.7/site-packages/airflow/example_dags/example_nested_branch_dag.py took 0.710 seconds
[2023-01-25 23:31:05,270] {processor.py:153} INFO - Started process (PID=7441) to work on /home/airflow/.local/lib/python3.7/site-packages/airflow/example_dags/example_nested_branch_dag.py
[2023-01-25 23:31:05,275] {processor.py:641} INFO - Processing file /home/airflow/.local/lib/python3.7/site-packages/airflow/example_dags/example_nested_branch_dag.py for tasks to queue
[2023-01-25 23:31:05,287] {logging_mixin.py:115} INFO - [2023-01-25 23:31:05,286] {dagbag.py:508} INFO - Filling up the DagBag from /home/airflow/.local/lib/python3.7/site-packages/airflow/example_dags/example_nested_branch_dag.py
[2023-01-25 23:31:05,372] {processor.py:651} INFO - DAG(s) dict_keys(['example_nested_branch_dag']) retrieved from /home/airflow/.local/lib/python3.7/site-packages/airflow/example_dags/example_nested_branch_dag.py
[2023-01-25 23:31:05,569] {logging_mixin.py:115} INFO - [2023-01-25 23:31:05,568] {dag.py:2420} INFO - Sync 1 DAGs
[2023-01-25 23:31:05,726] {logging_mixin.py:115} INFO - [2023-01-25 23:31:05,725] {dag.py:2972} INFO - Setting next_dagrun for example_nested_branch_dag to 2023-01-24T00:00:00+00:00, run_after=2023-01-25T00:00:00+00:00
[2023-01-25 23:31:05,765] {processor.py:161} INFO - Processing /home/airflow/.local/lib/python3.7/site-packages/airflow/example_dags/example_nested_branch_dag.py took 0.506 seconds
[2023-01-25 23:35:55,513] {processor.py:153} INFO - Started process (PID=7539) to work on /home/airflow/.local/lib/python3.7/site-packages/airflow/example_dags/example_nested_branch_dag.py
[2023-01-25 23:35:55,525] {processor.py:641} INFO - Processing file /home/airflow/.local/lib/python3.7/site-packages/airflow/example_dags/example_nested_branch_dag.py for tasks to queue
[2023-01-25 23:35:55,527] {logging_mixin.py:115} INFO - [2023-01-25 23:35:55,527] {dagbag.py:508} INFO - Filling up the DagBag from /home/airflow/.local/lib/python3.7/site-packages/airflow/example_dags/example_nested_branch_dag.py
[2023-01-25 23:35:55,596] {processor.py:651} INFO - DAG(s) dict_keys(['example_nested_branch_dag']) retrieved from /home/airflow/.local/lib/python3.7/site-packages/airflow/example_dags/example_nested_branch_dag.py
[2023-01-25 23:35:55,675] {logging_mixin.py:115} INFO - [2023-01-25 23:35:55,674] {dag.py:2420} INFO - Sync 1 DAGs
[2023-01-25 23:35:55,785] {logging_mixin.py:115} INFO - [2023-01-25 23:35:55,784] {dag.py:2972} INFO - Setting next_dagrun for example_nested_branch_dag to 2023-01-24T00:00:00+00:00, run_after=2023-01-25T00:00:00+00:00
[2023-01-25 23:35:55,825] {processor.py:161} INFO - Processing /home/airflow/.local/lib/python3.7/site-packages/airflow/example_dags/example_nested_branch_dag.py took 0.323 seconds
[2023-01-25 23:46:07,481] {processor.py:153} INFO - Started process (PID=7653) to work on /home/airflow/.local/lib/python3.7/site-packages/airflow/example_dags/example_nested_branch_dag.py
[2023-01-25 23:46:07,488] {processor.py:641} INFO - Processing file /home/airflow/.local/lib/python3.7/site-packages/airflow/example_dags/example_nested_branch_dag.py for tasks to queue
[2023-01-25 23:46:07,492] {logging_mixin.py:115} INFO - [2023-01-25 23:46:07,492] {dagbag.py:508} INFO - Filling up the DagBag from /home/airflow/.local/lib/python3.7/site-packages/airflow/example_dags/example_nested_branch_dag.py
[2023-01-25 23:46:07,555] {processor.py:651} INFO - DAG(s) dict_keys(['example_nested_branch_dag']) retrieved from /home/airflow/.local/lib/python3.7/site-packages/airflow/example_dags/example_nested_branch_dag.py
[2023-01-25 23:46:07,696] {logging_mixin.py:115} INFO - [2023-01-25 23:46:07,696] {dag.py:2420} INFO - Sync 1 DAGs
[2023-01-25 23:46:07,811] {logging_mixin.py:115} INFO - [2023-01-25 23:46:07,810] {dag.py:2972} INFO - Setting next_dagrun for example_nested_branch_dag to 2023-01-24T00:00:00+00:00, run_after=2023-01-25T00:00:00+00:00
[2023-01-25 23:46:07,850] {processor.py:161} INFO - Processing /home/airflow/.local/lib/python3.7/site-packages/airflow/example_dags/example_nested_branch_dag.py took 0.380 seconds
[2023-01-25 23:46:38,072] {processor.py:153} INFO - Started process (PID=7767) to work on /home/airflow/.local/lib/python3.7/site-packages/airflow/example_dags/example_nested_branch_dag.py
[2023-01-25 23:46:38,074] {processor.py:641} INFO - Processing file /home/airflow/.local/lib/python3.7/site-packages/airflow/example_dags/example_nested_branch_dag.py for tasks to queue
[2023-01-25 23:46:38,076] {logging_mixin.py:115} INFO - [2023-01-25 23:46:38,076] {dagbag.py:508} INFO - Filling up the DagBag from /home/airflow/.local/lib/python3.7/site-packages/airflow/example_dags/example_nested_branch_dag.py
[2023-01-25 23:46:38,121] {processor.py:651} INFO - DAG(s) dict_keys(['example_nested_branch_dag']) retrieved from /home/airflow/.local/lib/python3.7/site-packages/airflow/example_dags/example_nested_branch_dag.py
[2023-01-25 23:46:38,200] {logging_mixin.py:115} INFO - [2023-01-25 23:46:38,199] {dag.py:2420} INFO - Sync 1 DAGs
[2023-01-25 23:46:38,299] {logging_mixin.py:115} INFO - [2023-01-25 23:46:38,298] {dag.py:2972} INFO - Setting next_dagrun for example_nested_branch_dag to 2023-01-24T00:00:00+00:00, run_after=2023-01-25T00:00:00+00:00
[2023-01-25 23:46:38,335] {processor.py:161} INFO - Processing /home/airflow/.local/lib/python3.7/site-packages/airflow/example_dags/example_nested_branch_dag.py took 0.270 seconds
[2023-01-25 23:59:33,788] {processor.py:153} INFO - Started process (PID=7865) to work on /home/airflow/.local/lib/python3.7/site-packages/airflow/example_dags/example_nested_branch_dag.py
[2023-01-25 23:59:33,790] {processor.py:641} INFO - Processing file /home/airflow/.local/lib/python3.7/site-packages/airflow/example_dags/example_nested_branch_dag.py for tasks to queue
[2023-01-25 23:59:33,792] {logging_mixin.py:115} INFO - [2023-01-25 23:59:33,792] {dagbag.py:508} INFO - Filling up the DagBag from /home/airflow/.local/lib/python3.7/site-packages/airflow/example_dags/example_nested_branch_dag.py
[2023-01-25 23:59:33,836] {processor.py:651} INFO - DAG(s) dict_keys(['example_nested_branch_dag']) retrieved from /home/airflow/.local/lib/python3.7/site-packages/airflow/example_dags/example_nested_branch_dag.py
[2023-01-25 23:59:33,930] {logging_mixin.py:115} INFO - [2023-01-25 23:59:33,929] {dag.py:2420} INFO - Sync 1 DAGs
[2023-01-25 23:59:34,066] {logging_mixin.py:115} INFO - [2023-01-25 23:59:34,064] {dag.py:2972} INFO - Setting next_dagrun for example_nested_branch_dag to 2023-01-24T00:00:00+00:00, run_after=2023-01-25T00:00:00+00:00
[2023-01-25 23:59:34,106] {processor.py:161} INFO - Processing /home/airflow/.local/lib/python3.7/site-packages/airflow/example_dags/example_nested_branch_dag.py took 0.326 seconds
