[2023-01-25 22:25:26,941] {processor.py:153} INFO - Started process (PID=226) to work on /home/airflow/.local/lib/python3.7/site-packages/airflow/example_dags/example_dag_decorator.py
[2023-01-25 22:25:26,944] {processor.py:641} INFO - Processing file /home/airflow/.local/lib/python3.7/site-packages/airflow/example_dags/example_dag_decorator.py for tasks to queue
[2023-01-25 22:25:26,952] {logging_mixin.py:115} INFO - [2023-01-25 22:25:26,951] {dagbag.py:508} INFO - Filling up the DagBag from /home/airflow/.local/lib/python3.7/site-packages/airflow/example_dags/example_dag_decorator.py
[2023-01-25 22:25:27,708] {processor.py:651} INFO - DAG(s) dict_keys(['example_dag_decorator']) retrieved from /home/airflow/.local/lib/python3.7/site-packages/airflow/example_dags/example_dag_decorator.py
[2023-01-25 22:25:28,344] {logging_mixin.py:115} INFO - [2023-01-25 22:25:28,344] {dag.py:2420} INFO - Sync 1 DAGs
[2023-01-25 22:25:28,560] {logging_mixin.py:115} INFO - [2023-01-25 22:25:28,560] {dag.py:2972} INFO - Setting next_dagrun for example_dag_decorator to None, run_after=None
[2023-01-25 22:25:28,672] {processor.py:161} INFO - Processing /home/airflow/.local/lib/python3.7/site-packages/airflow/example_dags/example_dag_decorator.py took 1.761 seconds
[2023-01-25 22:25:59,331] {processor.py:153} INFO - Started process (PID=340) to work on /home/airflow/.local/lib/python3.7/site-packages/airflow/example_dags/example_dag_decorator.py
[2023-01-25 22:25:59,333] {processor.py:641} INFO - Processing file /home/airflow/.local/lib/python3.7/site-packages/airflow/example_dags/example_dag_decorator.py for tasks to queue
[2023-01-25 22:25:59,337] {logging_mixin.py:115} INFO - [2023-01-25 22:25:59,336] {dagbag.py:508} INFO - Filling up the DagBag from /home/airflow/.local/lib/python3.7/site-packages/airflow/example_dags/example_dag_decorator.py
[2023-01-25 22:25:59,655] {processor.py:651} INFO - DAG(s) dict_keys(['example_dag_decorator']) retrieved from /home/airflow/.local/lib/python3.7/site-packages/airflow/example_dags/example_dag_decorator.py
[2023-01-25 22:25:59,948] {logging_mixin.py:115} INFO - [2023-01-25 22:25:59,948] {dag.py:2420} INFO - Sync 1 DAGs
[2023-01-25 22:26:00,053] {logging_mixin.py:115} INFO - [2023-01-25 22:26:00,053] {dag.py:2972} INFO - Setting next_dagrun for example_dag_decorator to None, run_after=None
[2023-01-25 22:26:00,097] {processor.py:161} INFO - Processing /home/airflow/.local/lib/python3.7/site-packages/airflow/example_dags/example_dag_decorator.py took 0.775 seconds
[2023-01-25 22:26:30,174] {processor.py:153} INFO - Started process (PID=454) to work on /home/airflow/.local/lib/python3.7/site-packages/airflow/example_dags/example_dag_decorator.py
[2023-01-25 22:26:30,176] {processor.py:641} INFO - Processing file /home/airflow/.local/lib/python3.7/site-packages/airflow/example_dags/example_dag_decorator.py for tasks to queue
[2023-01-25 22:26:30,178] {logging_mixin.py:115} INFO - [2023-01-25 22:26:30,178] {dagbag.py:508} INFO - Filling up the DagBag from /home/airflow/.local/lib/python3.7/site-packages/airflow/example_dags/example_dag_decorator.py
[2023-01-25 22:26:30,540] {processor.py:651} INFO - DAG(s) dict_keys(['example_dag_decorator']) retrieved from /home/airflow/.local/lib/python3.7/site-packages/airflow/example_dags/example_dag_decorator.py
[2023-01-25 22:26:30,855] {logging_mixin.py:115} INFO - [2023-01-25 22:26:30,854] {dag.py:2420} INFO - Sync 1 DAGs
[2023-01-25 22:26:30,959] {logging_mixin.py:115} INFO - [2023-01-25 22:26:30,959] {dag.py:2972} INFO - Setting next_dagrun for example_dag_decorator to None, run_after=None
[2023-01-25 22:26:31,018] {processor.py:161} INFO - Processing /home/airflow/.local/lib/python3.7/site-packages/airflow/example_dags/example_dag_decorator.py took 0.853 seconds
[2023-01-25 22:27:01,197] {processor.py:153} INFO - Started process (PID=558) to work on /home/airflow/.local/lib/python3.7/site-packages/airflow/example_dags/example_dag_decorator.py
[2023-01-25 22:27:01,199] {processor.py:641} INFO - Processing file /home/airflow/.local/lib/python3.7/site-packages/airflow/example_dags/example_dag_decorator.py for tasks to queue
[2023-01-25 22:27:01,203] {logging_mixin.py:115} INFO - [2023-01-25 22:27:01,203] {dagbag.py:508} INFO - Filling up the DagBag from /home/airflow/.local/lib/python3.7/site-packages/airflow/example_dags/example_dag_decorator.py
[2023-01-25 22:27:01,512] {processor.py:651} INFO - DAG(s) dict_keys(['example_dag_decorator']) retrieved from /home/airflow/.local/lib/python3.7/site-packages/airflow/example_dags/example_dag_decorator.py
[2023-01-25 22:27:01,833] {logging_mixin.py:115} INFO - [2023-01-25 22:27:01,833] {dag.py:2420} INFO - Sync 1 DAGs
[2023-01-25 22:27:01,933] {logging_mixin.py:115} INFO - [2023-01-25 22:27:01,932] {dag.py:2972} INFO - Setting next_dagrun for example_dag_decorator to None, run_after=None
[2023-01-25 22:27:01,984] {processor.py:161} INFO - Processing /home/airflow/.local/lib/python3.7/site-packages/airflow/example_dags/example_dag_decorator.py took 0.797 seconds
[2023-01-25 22:27:32,669] {processor.py:153} INFO - Started process (PID=672) to work on /home/airflow/.local/lib/python3.7/site-packages/airflow/example_dags/example_dag_decorator.py
[2023-01-25 22:27:32,671] {processor.py:641} INFO - Processing file /home/airflow/.local/lib/python3.7/site-packages/airflow/example_dags/example_dag_decorator.py for tasks to queue
[2023-01-25 22:27:32,673] {logging_mixin.py:115} INFO - [2023-01-25 22:27:32,673] {dagbag.py:508} INFO - Filling up the DagBag from /home/airflow/.local/lib/python3.7/site-packages/airflow/example_dags/example_dag_decorator.py
[2023-01-25 22:27:32,936] {processor.py:651} INFO - DAG(s) dict_keys(['example_dag_decorator']) retrieved from /home/airflow/.local/lib/python3.7/site-packages/airflow/example_dags/example_dag_decorator.py
[2023-01-25 22:27:33,252] {logging_mixin.py:115} INFO - [2023-01-25 22:27:33,252] {dag.py:2420} INFO - Sync 1 DAGs
[2023-01-25 22:27:33,354] {logging_mixin.py:115} INFO - [2023-01-25 22:27:33,354] {dag.py:2972} INFO - Setting next_dagrun for example_dag_decorator to None, run_after=None
[2023-01-25 22:27:33,401] {processor.py:161} INFO - Processing /home/airflow/.local/lib/python3.7/site-packages/airflow/example_dags/example_dag_decorator.py took 0.739 seconds
[2023-01-25 22:28:05,916] {processor.py:153} INFO - Started process (PID=803) to work on /home/airflow/.local/lib/python3.7/site-packages/airflow/example_dags/example_dag_decorator.py
[2023-01-25 22:28:05,918] {processor.py:641} INFO - Processing file /home/airflow/.local/lib/python3.7/site-packages/airflow/example_dags/example_dag_decorator.py for tasks to queue
[2023-01-25 22:28:05,920] {logging_mixin.py:115} INFO - [2023-01-25 22:28:05,920] {dagbag.py:508} INFO - Filling up the DagBag from /home/airflow/.local/lib/python3.7/site-packages/airflow/example_dags/example_dag_decorator.py
[2023-01-25 22:28:06,191] {processor.py:651} INFO - DAG(s) dict_keys(['example_dag_decorator']) retrieved from /home/airflow/.local/lib/python3.7/site-packages/airflow/example_dags/example_dag_decorator.py
[2023-01-25 22:28:06,526] {logging_mixin.py:115} INFO - [2023-01-25 22:28:06,525] {dag.py:2420} INFO - Sync 1 DAGs
[2023-01-25 22:28:06,624] {logging_mixin.py:115} INFO - [2023-01-25 22:28:06,624] {dag.py:2972} INFO - Setting next_dagrun for example_dag_decorator to None, run_after=None
[2023-01-25 22:28:06,684] {processor.py:161} INFO - Processing /home/airflow/.local/lib/python3.7/site-packages/airflow/example_dags/example_dag_decorator.py took 0.775 seconds
[2023-01-25 22:28:40,664] {processor.py:153} INFO - Started process (PID=917) to work on /home/airflow/.local/lib/python3.7/site-packages/airflow/example_dags/example_dag_decorator.py
[2023-01-25 22:28:40,666] {processor.py:641} INFO - Processing file /home/airflow/.local/lib/python3.7/site-packages/airflow/example_dags/example_dag_decorator.py for tasks to queue
[2023-01-25 22:28:40,668] {logging_mixin.py:115} INFO - [2023-01-25 22:28:40,668] {dagbag.py:508} INFO - Filling up the DagBag from /home/airflow/.local/lib/python3.7/site-packages/airflow/example_dags/example_dag_decorator.py
[2023-01-25 22:28:40,925] {processor.py:651} INFO - DAG(s) dict_keys(['example_dag_decorator']) retrieved from /home/airflow/.local/lib/python3.7/site-packages/airflow/example_dags/example_dag_decorator.py
[2023-01-25 22:28:41,206] {logging_mixin.py:115} INFO - [2023-01-25 22:28:41,205] {dag.py:2420} INFO - Sync 1 DAGs
[2023-01-25 22:28:41,298] {logging_mixin.py:115} INFO - [2023-01-25 22:28:41,298] {dag.py:2972} INFO - Setting next_dagrun for example_dag_decorator to None, run_after=None
[2023-01-25 22:28:41,338] {processor.py:161} INFO - Processing /home/airflow/.local/lib/python3.7/site-packages/airflow/example_dags/example_dag_decorator.py took 0.681 seconds
[2023-01-25 22:29:13,857] {processor.py:153} INFO - Started process (PID=1031) to work on /home/airflow/.local/lib/python3.7/site-packages/airflow/example_dags/example_dag_decorator.py
[2023-01-25 22:29:13,859] {processor.py:641} INFO - Processing file /home/airflow/.local/lib/python3.7/site-packages/airflow/example_dags/example_dag_decorator.py for tasks to queue
[2023-01-25 22:29:13,861] {logging_mixin.py:115} INFO - [2023-01-25 22:29:13,861] {dagbag.py:508} INFO - Filling up the DagBag from /home/airflow/.local/lib/python3.7/site-packages/airflow/example_dags/example_dag_decorator.py
[2023-01-25 22:29:14,165] {processor.py:651} INFO - DAG(s) dict_keys(['example_dag_decorator']) retrieved from /home/airflow/.local/lib/python3.7/site-packages/airflow/example_dags/example_dag_decorator.py
[2023-01-25 22:29:14,470] {logging_mixin.py:115} INFO - [2023-01-25 22:29:14,469] {dag.py:2420} INFO - Sync 1 DAGs
[2023-01-25 22:29:14,568] {logging_mixin.py:115} INFO - [2023-01-25 22:29:14,568] {dag.py:2972} INFO - Setting next_dagrun for example_dag_decorator to None, run_after=None
[2023-01-25 22:29:14,621] {processor.py:161} INFO - Processing /home/airflow/.local/lib/python3.7/site-packages/airflow/example_dags/example_dag_decorator.py took 0.773 seconds
[2023-01-25 22:29:46,512] {processor.py:153} INFO - Started process (PID=1147) to work on /home/airflow/.local/lib/python3.7/site-packages/airflow/example_dags/example_dag_decorator.py
[2023-01-25 22:29:46,514] {processor.py:641} INFO - Processing file /home/airflow/.local/lib/python3.7/site-packages/airflow/example_dags/example_dag_decorator.py for tasks to queue
[2023-01-25 22:29:46,516] {logging_mixin.py:115} INFO - [2023-01-25 22:29:46,516] {dagbag.py:508} INFO - Filling up the DagBag from /home/airflow/.local/lib/python3.7/site-packages/airflow/example_dags/example_dag_decorator.py
[2023-01-25 22:29:46,782] {processor.py:651} INFO - DAG(s) dict_keys(['example_dag_decorator']) retrieved from /home/airflow/.local/lib/python3.7/site-packages/airflow/example_dags/example_dag_decorator.py
[2023-01-25 22:29:47,084] {logging_mixin.py:115} INFO - [2023-01-25 22:29:47,084] {dag.py:2420} INFO - Sync 1 DAGs
[2023-01-25 22:29:47,178] {logging_mixin.py:115} INFO - [2023-01-25 22:29:47,177] {dag.py:2972} INFO - Setting next_dagrun for example_dag_decorator to None, run_after=None
[2023-01-25 22:29:47,230] {processor.py:161} INFO - Processing /home/airflow/.local/lib/python3.7/site-packages/airflow/example_dags/example_dag_decorator.py took 0.726 seconds
[2023-01-25 22:30:20,043] {processor.py:153} INFO - Started process (PID=1260) to work on /home/airflow/.local/lib/python3.7/site-packages/airflow/example_dags/example_dag_decorator.py
[2023-01-25 22:30:20,045] {processor.py:641} INFO - Processing file /home/airflow/.local/lib/python3.7/site-packages/airflow/example_dags/example_dag_decorator.py for tasks to queue
[2023-01-25 22:30:20,047] {logging_mixin.py:115} INFO - [2023-01-25 22:30:20,047] {dagbag.py:508} INFO - Filling up the DagBag from /home/airflow/.local/lib/python3.7/site-packages/airflow/example_dags/example_dag_decorator.py
[2023-01-25 22:30:20,315] {processor.py:651} INFO - DAG(s) dict_keys(['example_dag_decorator']) retrieved from /home/airflow/.local/lib/python3.7/site-packages/airflow/example_dags/example_dag_decorator.py
[2023-01-25 22:30:20,606] {logging_mixin.py:115} INFO - [2023-01-25 22:30:20,605] {dag.py:2420} INFO - Sync 1 DAGs
[2023-01-25 22:30:20,702] {logging_mixin.py:115} INFO - [2023-01-25 22:30:20,702] {dag.py:2972} INFO - Setting next_dagrun for example_dag_decorator to None, run_after=None
[2023-01-25 22:30:20,753] {processor.py:161} INFO - Processing /home/airflow/.local/lib/python3.7/site-packages/airflow/example_dags/example_dag_decorator.py took 0.720 seconds
[2023-01-25 22:30:52,541] {processor.py:153} INFO - Started process (PID=1375) to work on /home/airflow/.local/lib/python3.7/site-packages/airflow/example_dags/example_dag_decorator.py
[2023-01-25 22:30:52,543] {processor.py:641} INFO - Processing file /home/airflow/.local/lib/python3.7/site-packages/airflow/example_dags/example_dag_decorator.py for tasks to queue
[2023-01-25 22:30:52,545] {logging_mixin.py:115} INFO - [2023-01-25 22:30:52,544] {dagbag.py:508} INFO - Filling up the DagBag from /home/airflow/.local/lib/python3.7/site-packages/airflow/example_dags/example_dag_decorator.py
[2023-01-25 22:30:52,796] {processor.py:651} INFO - DAG(s) dict_keys(['example_dag_decorator']) retrieved from /home/airflow/.local/lib/python3.7/site-packages/airflow/example_dags/example_dag_decorator.py
[2023-01-25 22:30:53,069] {logging_mixin.py:115} INFO - [2023-01-25 22:30:53,068] {dag.py:2420} INFO - Sync 1 DAGs
[2023-01-25 22:30:53,187] {logging_mixin.py:115} INFO - [2023-01-25 22:30:53,187] {dag.py:2972} INFO - Setting next_dagrun for example_dag_decorator to None, run_after=None
[2023-01-25 22:30:53,249] {processor.py:161} INFO - Processing /home/airflow/.local/lib/python3.7/site-packages/airflow/example_dags/example_dag_decorator.py took 0.715 seconds
[2023-01-25 22:31:24,129] {processor.py:153} INFO - Started process (PID=1488) to work on /home/airflow/.local/lib/python3.7/site-packages/airflow/example_dags/example_dag_decorator.py
[2023-01-25 22:31:24,131] {processor.py:641} INFO - Processing file /home/airflow/.local/lib/python3.7/site-packages/airflow/example_dags/example_dag_decorator.py for tasks to queue
[2023-01-25 22:31:24,133] {logging_mixin.py:115} INFO - [2023-01-25 22:31:24,132] {dagbag.py:508} INFO - Filling up the DagBag from /home/airflow/.local/lib/python3.7/site-packages/airflow/example_dags/example_dag_decorator.py
[2023-01-25 22:31:24,392] {processor.py:651} INFO - DAG(s) dict_keys(['example_dag_decorator']) retrieved from /home/airflow/.local/lib/python3.7/site-packages/airflow/example_dags/example_dag_decorator.py
[2023-01-25 22:31:24,695] {logging_mixin.py:115} INFO - [2023-01-25 22:31:24,695] {dag.py:2420} INFO - Sync 1 DAGs
[2023-01-25 22:31:24,779] {logging_mixin.py:115} INFO - [2023-01-25 22:31:24,779] {dag.py:2972} INFO - Setting next_dagrun for example_dag_decorator to None, run_after=None
[2023-01-25 22:31:24,825] {processor.py:161} INFO - Processing /home/airflow/.local/lib/python3.7/site-packages/airflow/example_dags/example_dag_decorator.py took 0.704 seconds
[2023-01-25 22:31:55,749] {processor.py:153} INFO - Started process (PID=1601) to work on /home/airflow/.local/lib/python3.7/site-packages/airflow/example_dags/example_dag_decorator.py
[2023-01-25 22:31:55,751] {processor.py:641} INFO - Processing file /home/airflow/.local/lib/python3.7/site-packages/airflow/example_dags/example_dag_decorator.py for tasks to queue
[2023-01-25 22:31:55,753] {logging_mixin.py:115} INFO - [2023-01-25 22:31:55,753] {dagbag.py:508} INFO - Filling up the DagBag from /home/airflow/.local/lib/python3.7/site-packages/airflow/example_dags/example_dag_decorator.py
[2023-01-25 22:31:55,998] {processor.py:651} INFO - DAG(s) dict_keys(['example_dag_decorator']) retrieved from /home/airflow/.local/lib/python3.7/site-packages/airflow/example_dags/example_dag_decorator.py
[2023-01-25 22:31:56,277] {logging_mixin.py:115} INFO - [2023-01-25 22:31:56,277] {dag.py:2420} INFO - Sync 1 DAGs
[2023-01-25 22:31:56,363] {logging_mixin.py:115} INFO - [2023-01-25 22:31:56,363] {dag.py:2972} INFO - Setting next_dagrun for example_dag_decorator to None, run_after=None
[2023-01-25 22:31:56,403] {processor.py:161} INFO - Processing /home/airflow/.local/lib/python3.7/site-packages/airflow/example_dags/example_dag_decorator.py took 0.661 seconds
[2023-01-25 22:32:27,698] {processor.py:153} INFO - Started process (PID=1714) to work on /home/airflow/.local/lib/python3.7/site-packages/airflow/example_dags/example_dag_decorator.py
[2023-01-25 22:32:27,700] {processor.py:641} INFO - Processing file /home/airflow/.local/lib/python3.7/site-packages/airflow/example_dags/example_dag_decorator.py for tasks to queue
[2023-01-25 22:32:27,702] {logging_mixin.py:115} INFO - [2023-01-25 22:32:27,702] {dagbag.py:508} INFO - Filling up the DagBag from /home/airflow/.local/lib/python3.7/site-packages/airflow/example_dags/example_dag_decorator.py
[2023-01-25 22:32:27,949] {processor.py:651} INFO - DAG(s) dict_keys(['example_dag_decorator']) retrieved from /home/airflow/.local/lib/python3.7/site-packages/airflow/example_dags/example_dag_decorator.py
[2023-01-25 22:32:28,228] {logging_mixin.py:115} INFO - [2023-01-25 22:32:28,227] {dag.py:2420} INFO - Sync 1 DAGs
[2023-01-25 22:32:28,352] {logging_mixin.py:115} INFO - [2023-01-25 22:32:28,352] {dag.py:2972} INFO - Setting next_dagrun for example_dag_decorator to None, run_after=None
[2023-01-25 22:32:28,402] {processor.py:161} INFO - Processing /home/airflow/.local/lib/python3.7/site-packages/airflow/example_dags/example_dag_decorator.py took 0.713 seconds
[2023-01-25 22:32:59,375] {processor.py:153} INFO - Started process (PID=1826) to work on /home/airflow/.local/lib/python3.7/site-packages/airflow/example_dags/example_dag_decorator.py
[2023-01-25 22:32:59,377] {processor.py:641} INFO - Processing file /home/airflow/.local/lib/python3.7/site-packages/airflow/example_dags/example_dag_decorator.py for tasks to queue
[2023-01-25 22:32:59,379] {logging_mixin.py:115} INFO - [2023-01-25 22:32:59,379] {dagbag.py:508} INFO - Filling up the DagBag from /home/airflow/.local/lib/python3.7/site-packages/airflow/example_dags/example_dag_decorator.py
[2023-01-25 22:32:59,644] {processor.py:651} INFO - DAG(s) dict_keys(['example_dag_decorator']) retrieved from /home/airflow/.local/lib/python3.7/site-packages/airflow/example_dags/example_dag_decorator.py
[2023-01-25 22:32:59,966] {logging_mixin.py:115} INFO - [2023-01-25 22:32:59,966] {dag.py:2420} INFO - Sync 1 DAGs
[2023-01-25 22:33:00,076] {logging_mixin.py:115} INFO - [2023-01-25 22:33:00,076] {dag.py:2972} INFO - Setting next_dagrun for example_dag_decorator to None, run_after=None
[2023-01-25 22:33:00,132] {processor.py:161} INFO - Processing /home/airflow/.local/lib/python3.7/site-packages/airflow/example_dags/example_dag_decorator.py took 0.766 seconds
[2023-01-25 22:33:30,254] {processor.py:153} INFO - Started process (PID=1937) to work on /home/airflow/.local/lib/python3.7/site-packages/airflow/example_dags/example_dag_decorator.py
[2023-01-25 22:33:30,256] {processor.py:641} INFO - Processing file /home/airflow/.local/lib/python3.7/site-packages/airflow/example_dags/example_dag_decorator.py for tasks to queue
[2023-01-25 22:33:30,258] {logging_mixin.py:115} INFO - [2023-01-25 22:33:30,258] {dagbag.py:508} INFO - Filling up the DagBag from /home/airflow/.local/lib/python3.7/site-packages/airflow/example_dags/example_dag_decorator.py
[2023-01-25 22:33:30,559] {processor.py:651} INFO - DAG(s) dict_keys(['example_dag_decorator']) retrieved from /home/airflow/.local/lib/python3.7/site-packages/airflow/example_dags/example_dag_decorator.py
[2023-01-25 22:33:30,885] {logging_mixin.py:115} INFO - [2023-01-25 22:33:30,884] {dag.py:2420} INFO - Sync 1 DAGs
[2023-01-25 22:33:30,983] {logging_mixin.py:115} INFO - [2023-01-25 22:33:30,983] {dag.py:2972} INFO - Setting next_dagrun for example_dag_decorator to None, run_after=None
[2023-01-25 22:33:31,032] {processor.py:161} INFO - Processing /home/airflow/.local/lib/python3.7/site-packages/airflow/example_dags/example_dag_decorator.py took 0.787 seconds
[2023-01-25 22:34:01,222] {processor.py:153} INFO - Started process (PID=2051) to work on /home/airflow/.local/lib/python3.7/site-packages/airflow/example_dags/example_dag_decorator.py
[2023-01-25 22:34:01,224] {processor.py:641} INFO - Processing file /home/airflow/.local/lib/python3.7/site-packages/airflow/example_dags/example_dag_decorator.py for tasks to queue
[2023-01-25 22:34:01,226] {logging_mixin.py:115} INFO - [2023-01-25 22:34:01,225] {dagbag.py:508} INFO - Filling up the DagBag from /home/airflow/.local/lib/python3.7/site-packages/airflow/example_dags/example_dag_decorator.py
[2023-01-25 22:34:01,469] {processor.py:651} INFO - DAG(s) dict_keys(['example_dag_decorator']) retrieved from /home/airflow/.local/lib/python3.7/site-packages/airflow/example_dags/example_dag_decorator.py
[2023-01-25 22:34:01,716] {logging_mixin.py:115} INFO - [2023-01-25 22:34:01,716] {dag.py:2420} INFO - Sync 1 DAGs
[2023-01-25 22:34:01,794] {logging_mixin.py:115} INFO - [2023-01-25 22:34:01,794] {dag.py:2972} INFO - Setting next_dagrun for example_dag_decorator to None, run_after=None
[2023-01-25 22:34:01,832] {processor.py:161} INFO - Processing /home/airflow/.local/lib/python3.7/site-packages/airflow/example_dags/example_dag_decorator.py took 0.618 seconds
[2023-01-25 22:34:32,637] {processor.py:153} INFO - Started process (PID=2167) to work on /home/airflow/.local/lib/python3.7/site-packages/airflow/example_dags/example_dag_decorator.py
[2023-01-25 22:34:32,639] {processor.py:641} INFO - Processing file /home/airflow/.local/lib/python3.7/site-packages/airflow/example_dags/example_dag_decorator.py for tasks to queue
[2023-01-25 22:34:32,642] {logging_mixin.py:115} INFO - [2023-01-25 22:34:32,641] {dagbag.py:508} INFO - Filling up the DagBag from /home/airflow/.local/lib/python3.7/site-packages/airflow/example_dags/example_dag_decorator.py
[2023-01-25 22:34:32,918] {processor.py:651} INFO - DAG(s) dict_keys(['example_dag_decorator']) retrieved from /home/airflow/.local/lib/python3.7/site-packages/airflow/example_dags/example_dag_decorator.py
[2023-01-25 22:34:33,243] {logging_mixin.py:115} INFO - [2023-01-25 22:34:33,243] {dag.py:2420} INFO - Sync 1 DAGs
[2023-01-25 22:34:33,341] {logging_mixin.py:115} INFO - [2023-01-25 22:34:33,341] {dag.py:2972} INFO - Setting next_dagrun for example_dag_decorator to None, run_after=None
[2023-01-25 22:34:33,386] {processor.py:161} INFO - Processing /home/airflow/.local/lib/python3.7/site-packages/airflow/example_dags/example_dag_decorator.py took 0.757 seconds
[2023-01-25 22:35:04,478] {processor.py:153} INFO - Started process (PID=2280) to work on /home/airflow/.local/lib/python3.7/site-packages/airflow/example_dags/example_dag_decorator.py
[2023-01-25 22:35:04,480] {processor.py:641} INFO - Processing file /home/airflow/.local/lib/python3.7/site-packages/airflow/example_dags/example_dag_decorator.py for tasks to queue
[2023-01-25 22:35:04,482] {logging_mixin.py:115} INFO - [2023-01-25 22:35:04,481] {dagbag.py:508} INFO - Filling up the DagBag from /home/airflow/.local/lib/python3.7/site-packages/airflow/example_dags/example_dag_decorator.py
[2023-01-25 22:35:04,579] {processor.py:651} INFO - DAG(s) dict_keys(['example_dag_decorator']) retrieved from /home/airflow/.local/lib/python3.7/site-packages/airflow/example_dags/example_dag_decorator.py
[2023-01-25 22:35:04,861] {logging_mixin.py:115} INFO - [2023-01-25 22:35:04,860] {dag.py:2420} INFO - Sync 1 DAGs
[2023-01-25 22:35:04,952] {logging_mixin.py:115} INFO - [2023-01-25 22:35:04,952] {dag.py:2972} INFO - Setting next_dagrun for example_dag_decorator to None, run_after=None
[2023-01-25 22:35:04,995] {processor.py:161} INFO - Processing /home/airflow/.local/lib/python3.7/site-packages/airflow/example_dags/example_dag_decorator.py took 0.524 seconds
[2023-01-25 22:35:35,693] {processor.py:153} INFO - Started process (PID=2392) to work on /home/airflow/.local/lib/python3.7/site-packages/airflow/example_dags/example_dag_decorator.py
[2023-01-25 22:35:35,695] {processor.py:641} INFO - Processing file /home/airflow/.local/lib/python3.7/site-packages/airflow/example_dags/example_dag_decorator.py for tasks to queue
[2023-01-25 22:35:35,697] {logging_mixin.py:115} INFO - [2023-01-25 22:35:35,697] {dagbag.py:508} INFO - Filling up the DagBag from /home/airflow/.local/lib/python3.7/site-packages/airflow/example_dags/example_dag_decorator.py
[2023-01-25 22:35:35,788] {processor.py:651} INFO - DAG(s) dict_keys(['example_dag_decorator']) retrieved from /home/airflow/.local/lib/python3.7/site-packages/airflow/example_dags/example_dag_decorator.py
[2023-01-25 22:35:36,085] {logging_mixin.py:115} INFO - [2023-01-25 22:35:36,084] {dag.py:2420} INFO - Sync 1 DAGs
[2023-01-25 22:35:36,176] {logging_mixin.py:115} INFO - [2023-01-25 22:35:36,175] {dag.py:2972} INFO - Setting next_dagrun for example_dag_decorator to None, run_after=None
[2023-01-25 22:35:36,219] {processor.py:161} INFO - Processing /home/airflow/.local/lib/python3.7/site-packages/airflow/example_dags/example_dag_decorator.py took 0.533 seconds
[2023-01-25 22:36:07,485] {processor.py:153} INFO - Started process (PID=2506) to work on /home/airflow/.local/lib/python3.7/site-packages/airflow/example_dags/example_dag_decorator.py
[2023-01-25 22:36:07,488] {processor.py:641} INFO - Processing file /home/airflow/.local/lib/python3.7/site-packages/airflow/example_dags/example_dag_decorator.py for tasks to queue
[2023-01-25 22:36:07,490] {logging_mixin.py:115} INFO - [2023-01-25 22:36:07,490] {dagbag.py:508} INFO - Filling up the DagBag from /home/airflow/.local/lib/python3.7/site-packages/airflow/example_dags/example_dag_decorator.py
[2023-01-25 22:36:07,581] {processor.py:651} INFO - DAG(s) dict_keys(['example_dag_decorator']) retrieved from /home/airflow/.local/lib/python3.7/site-packages/airflow/example_dags/example_dag_decorator.py
[2023-01-25 22:36:07,879] {logging_mixin.py:115} INFO - [2023-01-25 22:36:07,879] {dag.py:2420} INFO - Sync 1 DAGs
[2023-01-25 22:36:07,966] {logging_mixin.py:115} INFO - [2023-01-25 22:36:07,965] {dag.py:2972} INFO - Setting next_dagrun for example_dag_decorator to None, run_after=None
[2023-01-25 22:36:08,009] {processor.py:161} INFO - Processing /home/airflow/.local/lib/python3.7/site-packages/airflow/example_dags/example_dag_decorator.py took 0.532 seconds
[2023-01-25 22:36:38,389] {processor.py:153} INFO - Started process (PID=2620) to work on /home/airflow/.local/lib/python3.7/site-packages/airflow/example_dags/example_dag_decorator.py
[2023-01-25 22:36:38,391] {processor.py:641} INFO - Processing file /home/airflow/.local/lib/python3.7/site-packages/airflow/example_dags/example_dag_decorator.py for tasks to queue
[2023-01-25 22:36:38,392] {logging_mixin.py:115} INFO - [2023-01-25 22:36:38,392] {dagbag.py:508} INFO - Filling up the DagBag from /home/airflow/.local/lib/python3.7/site-packages/airflow/example_dags/example_dag_decorator.py
[2023-01-25 22:36:38,478] {processor.py:651} INFO - DAG(s) dict_keys(['example_dag_decorator']) retrieved from /home/airflow/.local/lib/python3.7/site-packages/airflow/example_dags/example_dag_decorator.py
[2023-01-25 22:36:38,762] {logging_mixin.py:115} INFO - [2023-01-25 22:36:38,762] {dag.py:2420} INFO - Sync 1 DAGs
[2023-01-25 22:36:38,853] {logging_mixin.py:115} INFO - [2023-01-25 22:36:38,853] {dag.py:2972} INFO - Setting next_dagrun for example_dag_decorator to None, run_after=None
[2023-01-25 22:36:38,898] {processor.py:161} INFO - Processing /home/airflow/.local/lib/python3.7/site-packages/airflow/example_dags/example_dag_decorator.py took 0.516 seconds
[2023-01-25 22:37:09,002] {processor.py:153} INFO - Started process (PID=2730) to work on /home/airflow/.local/lib/python3.7/site-packages/airflow/example_dags/example_dag_decorator.py
[2023-01-25 22:37:09,004] {processor.py:641} INFO - Processing file /home/airflow/.local/lib/python3.7/site-packages/airflow/example_dags/example_dag_decorator.py for tasks to queue
[2023-01-25 22:37:09,006] {logging_mixin.py:115} INFO - [2023-01-25 22:37:09,006] {dagbag.py:508} INFO - Filling up the DagBag from /home/airflow/.local/lib/python3.7/site-packages/airflow/example_dags/example_dag_decorator.py
[2023-01-25 22:37:09,087] {processor.py:651} INFO - DAG(s) dict_keys(['example_dag_decorator']) retrieved from /home/airflow/.local/lib/python3.7/site-packages/airflow/example_dags/example_dag_decorator.py
[2023-01-25 22:37:09,361] {logging_mixin.py:115} INFO - [2023-01-25 22:37:09,361] {dag.py:2420} INFO - Sync 1 DAGs
[2023-01-25 22:37:09,445] {logging_mixin.py:115} INFO - [2023-01-25 22:37:09,445] {dag.py:2972} INFO - Setting next_dagrun for example_dag_decorator to None, run_after=None
[2023-01-25 22:37:09,488] {processor.py:161} INFO - Processing /home/airflow/.local/lib/python3.7/site-packages/airflow/example_dags/example_dag_decorator.py took 0.496 seconds
[2023-01-25 22:37:40,064] {processor.py:153} INFO - Started process (PID=2844) to work on /home/airflow/.local/lib/python3.7/site-packages/airflow/example_dags/example_dag_decorator.py
[2023-01-25 22:37:40,068] {processor.py:641} INFO - Processing file /home/airflow/.local/lib/python3.7/site-packages/airflow/example_dags/example_dag_decorator.py for tasks to queue
[2023-01-25 22:37:40,070] {logging_mixin.py:115} INFO - [2023-01-25 22:37:40,070] {dagbag.py:508} INFO - Filling up the DagBag from /home/airflow/.local/lib/python3.7/site-packages/airflow/example_dags/example_dag_decorator.py
[2023-01-25 22:37:40,171] {processor.py:651} INFO - DAG(s) dict_keys(['example_dag_decorator']) retrieved from /home/airflow/.local/lib/python3.7/site-packages/airflow/example_dags/example_dag_decorator.py
[2023-01-25 22:37:40,471] {logging_mixin.py:115} INFO - [2023-01-25 22:37:40,471] {dag.py:2420} INFO - Sync 1 DAGs
[2023-01-25 22:37:40,568] {logging_mixin.py:115} INFO - [2023-01-25 22:37:40,567] {dag.py:2972} INFO - Setting next_dagrun for example_dag_decorator to None, run_after=None
[2023-01-25 22:37:40,631] {processor.py:161} INFO - Processing /home/airflow/.local/lib/python3.7/site-packages/airflow/example_dags/example_dag_decorator.py took 0.578 seconds
[2023-01-25 22:38:11,762] {processor.py:153} INFO - Started process (PID=2958) to work on /home/airflow/.local/lib/python3.7/site-packages/airflow/example_dags/example_dag_decorator.py
[2023-01-25 22:38:11,763] {processor.py:641} INFO - Processing file /home/airflow/.local/lib/python3.7/site-packages/airflow/example_dags/example_dag_decorator.py for tasks to queue
[2023-01-25 22:38:11,766] {logging_mixin.py:115} INFO - [2023-01-25 22:38:11,765] {dagbag.py:508} INFO - Filling up the DagBag from /home/airflow/.local/lib/python3.7/site-packages/airflow/example_dags/example_dag_decorator.py
[2023-01-25 22:38:11,861] {processor.py:651} INFO - DAG(s) dict_keys(['example_dag_decorator']) retrieved from /home/airflow/.local/lib/python3.7/site-packages/airflow/example_dags/example_dag_decorator.py
[2023-01-25 22:38:12,174] {logging_mixin.py:115} INFO - [2023-01-25 22:38:12,174] {dag.py:2420} INFO - Sync 1 DAGs
[2023-01-25 22:38:12,280] {logging_mixin.py:115} INFO - [2023-01-25 22:38:12,280] {dag.py:2972} INFO - Setting next_dagrun for example_dag_decorator to None, run_after=None
[2023-01-25 22:38:12,331] {processor.py:161} INFO - Processing /home/airflow/.local/lib/python3.7/site-packages/airflow/example_dags/example_dag_decorator.py took 0.577 seconds
[2023-01-25 22:38:42,804] {processor.py:153} INFO - Started process (PID=3072) to work on /home/airflow/.local/lib/python3.7/site-packages/airflow/example_dags/example_dag_decorator.py
[2023-01-25 22:38:42,806] {processor.py:641} INFO - Processing file /home/airflow/.local/lib/python3.7/site-packages/airflow/example_dags/example_dag_decorator.py for tasks to queue
[2023-01-25 22:38:42,808] {logging_mixin.py:115} INFO - [2023-01-25 22:38:42,808] {dagbag.py:508} INFO - Filling up the DagBag from /home/airflow/.local/lib/python3.7/site-packages/airflow/example_dags/example_dag_decorator.py
[2023-01-25 22:38:42,907] {processor.py:651} INFO - DAG(s) dict_keys(['example_dag_decorator']) retrieved from /home/airflow/.local/lib/python3.7/site-packages/airflow/example_dags/example_dag_decorator.py
[2023-01-25 22:38:42,993] {logging_mixin.py:115} INFO - [2023-01-25 22:38:42,993] {dag.py:2420} INFO - Sync 1 DAGs
[2023-01-25 22:38:43,083] {logging_mixin.py:115} INFO - [2023-01-25 22:38:43,082] {dag.py:2972} INFO - Setting next_dagrun for example_dag_decorator to None, run_after=None
[2023-01-25 22:38:43,123] {processor.py:161} INFO - Processing /home/airflow/.local/lib/python3.7/site-packages/airflow/example_dags/example_dag_decorator.py took 0.327 seconds
[2023-01-25 22:39:16,017] {processor.py:153} INFO - Started process (PID=3189) to work on /home/airflow/.local/lib/python3.7/site-packages/airflow/example_dags/example_dag_decorator.py
[2023-01-25 22:39:16,019] {processor.py:641} INFO - Processing file /home/airflow/.local/lib/python3.7/site-packages/airflow/example_dags/example_dag_decorator.py for tasks to queue
[2023-01-25 22:39:16,021] {logging_mixin.py:115} INFO - [2023-01-25 22:39:16,021] {dagbag.py:508} INFO - Filling up the DagBag from /home/airflow/.local/lib/python3.7/site-packages/airflow/example_dags/example_dag_decorator.py
[2023-01-25 22:39:16,113] {processor.py:651} INFO - DAG(s) dict_keys(['example_dag_decorator']) retrieved from /home/airflow/.local/lib/python3.7/site-packages/airflow/example_dags/example_dag_decorator.py
[2023-01-25 22:39:16,402] {logging_mixin.py:115} INFO - [2023-01-25 22:39:16,402] {dag.py:2420} INFO - Sync 1 DAGs
[2023-01-25 22:39:16,494] {logging_mixin.py:115} INFO - [2023-01-25 22:39:16,493] {dag.py:2972} INFO - Setting next_dagrun for example_dag_decorator to None, run_after=None
[2023-01-25 22:39:16,540] {processor.py:161} INFO - Processing /home/airflow/.local/lib/python3.7/site-packages/airflow/example_dags/example_dag_decorator.py took 0.531 seconds
[2023-01-25 22:39:48,632] {processor.py:153} INFO - Started process (PID=3302) to work on /home/airflow/.local/lib/python3.7/site-packages/airflow/example_dags/example_dag_decorator.py
[2023-01-25 22:39:48,634] {processor.py:641} INFO - Processing file /home/airflow/.local/lib/python3.7/site-packages/airflow/example_dags/example_dag_decorator.py for tasks to queue
[2023-01-25 22:39:48,636] {logging_mixin.py:115} INFO - [2023-01-25 22:39:48,636] {dagbag.py:508} INFO - Filling up the DagBag from /home/airflow/.local/lib/python3.7/site-packages/airflow/example_dags/example_dag_decorator.py
[2023-01-25 22:39:48,725] {processor.py:651} INFO - DAG(s) dict_keys(['example_dag_decorator']) retrieved from /home/airflow/.local/lib/python3.7/site-packages/airflow/example_dags/example_dag_decorator.py
[2023-01-25 22:39:48,805] {logging_mixin.py:115} INFO - [2023-01-25 22:39:48,805] {dag.py:2420} INFO - Sync 1 DAGs
[2023-01-25 22:39:48,907] {logging_mixin.py:115} INFO - [2023-01-25 22:39:48,907] {dag.py:2972} INFO - Setting next_dagrun for example_dag_decorator to None, run_after=None
[2023-01-25 22:39:48,944] {processor.py:161} INFO - Processing /home/airflow/.local/lib/python3.7/site-packages/airflow/example_dags/example_dag_decorator.py took 0.323 seconds
[2023-01-25 22:40:21,152] {processor.py:153} INFO - Started process (PID=3416) to work on /home/airflow/.local/lib/python3.7/site-packages/airflow/example_dags/example_dag_decorator.py
[2023-01-25 22:40:21,154] {processor.py:641} INFO - Processing file /home/airflow/.local/lib/python3.7/site-packages/airflow/example_dags/example_dag_decorator.py for tasks to queue
[2023-01-25 22:40:21,156] {logging_mixin.py:115} INFO - [2023-01-25 22:40:21,156] {dagbag.py:508} INFO - Filling up the DagBag from /home/airflow/.local/lib/python3.7/site-packages/airflow/example_dags/example_dag_decorator.py
[2023-01-25 22:40:21,247] {processor.py:651} INFO - DAG(s) dict_keys(['example_dag_decorator']) retrieved from /home/airflow/.local/lib/python3.7/site-packages/airflow/example_dags/example_dag_decorator.py
[2023-01-25 22:40:21,533] {logging_mixin.py:115} INFO - [2023-01-25 22:40:21,532] {dag.py:2420} INFO - Sync 1 DAGs
[2023-01-25 22:40:21,619] {logging_mixin.py:115} INFO - [2023-01-25 22:40:21,619] {dag.py:2972} INFO - Setting next_dagrun for example_dag_decorator to None, run_after=None
[2023-01-25 22:40:21,662] {processor.py:161} INFO - Processing /home/airflow/.local/lib/python3.7/site-packages/airflow/example_dags/example_dag_decorator.py took 0.518 seconds
[2023-01-25 22:40:54,586] {processor.py:153} INFO - Started process (PID=3534) to work on /home/airflow/.local/lib/python3.7/site-packages/airflow/example_dags/example_dag_decorator.py
[2023-01-25 22:40:54,588] {processor.py:641} INFO - Processing file /home/airflow/.local/lib/python3.7/site-packages/airflow/example_dags/example_dag_decorator.py for tasks to queue
[2023-01-25 22:40:54,591] {logging_mixin.py:115} INFO - [2023-01-25 22:40:54,590] {dagbag.py:508} INFO - Filling up the DagBag from /home/airflow/.local/lib/python3.7/site-packages/airflow/example_dags/example_dag_decorator.py
[2023-01-25 22:40:54,678] {processor.py:651} INFO - DAG(s) dict_keys(['example_dag_decorator']) retrieved from /home/airflow/.local/lib/python3.7/site-packages/airflow/example_dags/example_dag_decorator.py
[2023-01-25 22:40:54,757] {logging_mixin.py:115} INFO - [2023-01-25 22:40:54,757] {dag.py:2420} INFO - Sync 1 DAGs
[2023-01-25 22:40:54,854] {logging_mixin.py:115} INFO - [2023-01-25 22:40:54,853] {dag.py:2972} INFO - Setting next_dagrun for example_dag_decorator to None, run_after=None
[2023-01-25 22:40:54,892] {processor.py:161} INFO - Processing /home/airflow/.local/lib/python3.7/site-packages/airflow/example_dags/example_dag_decorator.py took 0.313 seconds
[2023-01-25 22:41:27,514] {processor.py:153} INFO - Started process (PID=3649) to work on /home/airflow/.local/lib/python3.7/site-packages/airflow/example_dags/example_dag_decorator.py
[2023-01-25 22:41:27,516] {processor.py:641} INFO - Processing file /home/airflow/.local/lib/python3.7/site-packages/airflow/example_dags/example_dag_decorator.py for tasks to queue
[2023-01-25 22:41:27,518] {logging_mixin.py:115} INFO - [2023-01-25 22:41:27,518] {dagbag.py:508} INFO - Filling up the DagBag from /home/airflow/.local/lib/python3.7/site-packages/airflow/example_dags/example_dag_decorator.py
[2023-01-25 22:41:27,608] {processor.py:651} INFO - DAG(s) dict_keys(['example_dag_decorator']) retrieved from /home/airflow/.local/lib/python3.7/site-packages/airflow/example_dags/example_dag_decorator.py
[2023-01-25 22:41:27,909] {logging_mixin.py:115} INFO - [2023-01-25 22:41:27,909] {dag.py:2420} INFO - Sync 1 DAGs
[2023-01-25 22:41:28,002] {logging_mixin.py:115} INFO - [2023-01-25 22:41:28,001] {dag.py:2972} INFO - Setting next_dagrun for example_dag_decorator to None, run_after=None
[2023-01-25 22:41:28,049] {processor.py:161} INFO - Processing /home/airflow/.local/lib/python3.7/site-packages/airflow/example_dags/example_dag_decorator.py took 0.543 seconds
[2023-01-25 22:42:00,542] {processor.py:153} INFO - Started process (PID=3779) to work on /home/airflow/.local/lib/python3.7/site-packages/airflow/example_dags/example_dag_decorator.py
[2023-01-25 22:42:00,549] {processor.py:641} INFO - Processing file /home/airflow/.local/lib/python3.7/site-packages/airflow/example_dags/example_dag_decorator.py for tasks to queue
[2023-01-25 22:42:00,562] {logging_mixin.py:115} INFO - [2023-01-25 22:42:00,551] {dagbag.py:508} INFO - Filling up the DagBag from /home/airflow/.local/lib/python3.7/site-packages/airflow/example_dags/example_dag_decorator.py
[2023-01-25 22:42:00,661] {processor.py:651} INFO - DAG(s) dict_keys(['example_dag_decorator']) retrieved from /home/airflow/.local/lib/python3.7/site-packages/airflow/example_dags/example_dag_decorator.py
[2023-01-25 22:42:00,763] {logging_mixin.py:115} INFO - [2023-01-25 22:42:00,763] {dag.py:2420} INFO - Sync 1 DAGs
[2023-01-25 22:42:00,912] {logging_mixin.py:115} INFO - [2023-01-25 22:42:00,911] {dag.py:2972} INFO - Setting next_dagrun for example_dag_decorator to None, run_after=None
[2023-01-25 22:42:00,960] {processor.py:161} INFO - Processing /home/airflow/.local/lib/python3.7/site-packages/airflow/example_dags/example_dag_decorator.py took 0.428 seconds
[2023-01-25 22:42:33,239] {processor.py:153} INFO - Started process (PID=3892) to work on /home/airflow/.local/lib/python3.7/site-packages/airflow/example_dags/example_dag_decorator.py
[2023-01-25 22:42:33,241] {processor.py:641} INFO - Processing file /home/airflow/.local/lib/python3.7/site-packages/airflow/example_dags/example_dag_decorator.py for tasks to queue
[2023-01-25 22:42:33,243] {logging_mixin.py:115} INFO - [2023-01-25 22:42:33,242] {dagbag.py:508} INFO - Filling up the DagBag from /home/airflow/.local/lib/python3.7/site-packages/airflow/example_dags/example_dag_decorator.py
[2023-01-25 22:42:33,335] {processor.py:651} INFO - DAG(s) dict_keys(['example_dag_decorator']) retrieved from /home/airflow/.local/lib/python3.7/site-packages/airflow/example_dags/example_dag_decorator.py
[2023-01-25 22:42:33,666] {logging_mixin.py:115} INFO - [2023-01-25 22:42:33,666] {dag.py:2420} INFO - Sync 1 DAGs
[2023-01-25 22:42:33,760] {logging_mixin.py:115} INFO - [2023-01-25 22:42:33,760] {dag.py:2972} INFO - Setting next_dagrun for example_dag_decorator to None, run_after=None
[2023-01-25 22:42:33,806] {processor.py:161} INFO - Processing /home/airflow/.local/lib/python3.7/site-packages/airflow/example_dags/example_dag_decorator.py took 0.576 seconds
[2023-01-25 22:43:06,426] {processor.py:153} INFO - Started process (PID=4010) to work on /home/airflow/.local/lib/python3.7/site-packages/airflow/example_dags/example_dag_decorator.py
[2023-01-25 22:43:06,428] {processor.py:641} INFO - Processing file /home/airflow/.local/lib/python3.7/site-packages/airflow/example_dags/example_dag_decorator.py for tasks to queue
[2023-01-25 22:43:06,430] {logging_mixin.py:115} INFO - [2023-01-25 22:43:06,430] {dagbag.py:508} INFO - Filling up the DagBag from /home/airflow/.local/lib/python3.7/site-packages/airflow/example_dags/example_dag_decorator.py
[2023-01-25 22:43:06,523] {processor.py:651} INFO - DAG(s) dict_keys(['example_dag_decorator']) retrieved from /home/airflow/.local/lib/python3.7/site-packages/airflow/example_dags/example_dag_decorator.py
[2023-01-25 22:43:06,608] {logging_mixin.py:115} INFO - [2023-01-25 22:43:06,607] {dag.py:2420} INFO - Sync 1 DAGs
[2023-01-25 22:43:06,702] {logging_mixin.py:115} INFO - [2023-01-25 22:43:06,701] {dag.py:2972} INFO - Setting next_dagrun for example_dag_decorator to None, run_after=None
[2023-01-25 22:43:06,741] {processor.py:161} INFO - Processing /home/airflow/.local/lib/python3.7/site-packages/airflow/example_dags/example_dag_decorator.py took 0.324 seconds
[2023-01-25 22:43:39,732] {processor.py:153} INFO - Started process (PID=4126) to work on /home/airflow/.local/lib/python3.7/site-packages/airflow/example_dags/example_dag_decorator.py
[2023-01-25 22:43:39,734] {processor.py:641} INFO - Processing file /home/airflow/.local/lib/python3.7/site-packages/airflow/example_dags/example_dag_decorator.py for tasks to queue
[2023-01-25 22:43:39,736] {logging_mixin.py:115} INFO - [2023-01-25 22:43:39,736] {dagbag.py:508} INFO - Filling up the DagBag from /home/airflow/.local/lib/python3.7/site-packages/airflow/example_dags/example_dag_decorator.py
[2023-01-25 22:43:39,825] {processor.py:651} INFO - DAG(s) dict_keys(['example_dag_decorator']) retrieved from /home/airflow/.local/lib/python3.7/site-packages/airflow/example_dags/example_dag_decorator.py
[2023-01-25 22:43:39,904] {logging_mixin.py:115} INFO - [2023-01-25 22:43:39,904] {dag.py:2420} INFO - Sync 1 DAGs
[2023-01-25 22:43:40,002] {logging_mixin.py:115} INFO - [2023-01-25 22:43:40,002] {dag.py:2972} INFO - Setting next_dagrun for example_dag_decorator to None, run_after=None
[2023-01-25 22:43:40,041] {processor.py:161} INFO - Processing /home/airflow/.local/lib/python3.7/site-packages/airflow/example_dags/example_dag_decorator.py took 0.316 seconds
[2023-01-25 22:44:11,918] {processor.py:153} INFO - Started process (PID=4240) to work on /home/airflow/.local/lib/python3.7/site-packages/airflow/example_dags/example_dag_decorator.py
[2023-01-25 22:44:11,920] {processor.py:641} INFO - Processing file /home/airflow/.local/lib/python3.7/site-packages/airflow/example_dags/example_dag_decorator.py for tasks to queue
[2023-01-25 22:44:11,922] {logging_mixin.py:115} INFO - [2023-01-25 22:44:11,922] {dagbag.py:508} INFO - Filling up the DagBag from /home/airflow/.local/lib/python3.7/site-packages/airflow/example_dags/example_dag_decorator.py
[2023-01-25 22:44:12,012] {processor.py:651} INFO - DAG(s) dict_keys(['example_dag_decorator']) retrieved from /home/airflow/.local/lib/python3.7/site-packages/airflow/example_dags/example_dag_decorator.py
[2023-01-25 22:44:12,317] {logging_mixin.py:115} INFO - [2023-01-25 22:44:12,317] {dag.py:2420} INFO - Sync 1 DAGs
[2023-01-25 22:44:12,406] {logging_mixin.py:115} INFO - [2023-01-25 22:44:12,405] {dag.py:2972} INFO - Setting next_dagrun for example_dag_decorator to None, run_after=None
[2023-01-25 22:44:12,449] {processor.py:161} INFO - Processing /home/airflow/.local/lib/python3.7/site-packages/airflow/example_dags/example_dag_decorator.py took 0.539 seconds
[2023-01-25 22:44:44,515] {processor.py:153} INFO - Started process (PID=4354) to work on /home/airflow/.local/lib/python3.7/site-packages/airflow/example_dags/example_dag_decorator.py
[2023-01-25 22:44:44,518] {processor.py:641} INFO - Processing file /home/airflow/.local/lib/python3.7/site-packages/airflow/example_dags/example_dag_decorator.py for tasks to queue
[2023-01-25 22:44:44,521] {logging_mixin.py:115} INFO - [2023-01-25 22:44:44,520] {dagbag.py:508} INFO - Filling up the DagBag from /home/airflow/.local/lib/python3.7/site-packages/airflow/example_dags/example_dag_decorator.py
[2023-01-25 22:44:44,613] {processor.py:651} INFO - DAG(s) dict_keys(['example_dag_decorator']) retrieved from /home/airflow/.local/lib/python3.7/site-packages/airflow/example_dags/example_dag_decorator.py
[2023-01-25 22:44:44,698] {logging_mixin.py:115} INFO - [2023-01-25 22:44:44,698] {dag.py:2420} INFO - Sync 1 DAGs
[2023-01-25 22:44:44,787] {logging_mixin.py:115} INFO - [2023-01-25 22:44:44,787] {dag.py:2972} INFO - Setting next_dagrun for example_dag_decorator to None, run_after=None
[2023-01-25 22:44:44,826] {processor.py:161} INFO - Processing /home/airflow/.local/lib/python3.7/site-packages/airflow/example_dags/example_dag_decorator.py took 0.319 seconds
[2023-01-25 22:45:16,065] {processor.py:153} INFO - Started process (PID=4468) to work on /home/airflow/.local/lib/python3.7/site-packages/airflow/example_dags/example_dag_decorator.py
[2023-01-25 22:45:16,066] {processor.py:641} INFO - Processing file /home/airflow/.local/lib/python3.7/site-packages/airflow/example_dags/example_dag_decorator.py for tasks to queue
[2023-01-25 22:45:16,069] {logging_mixin.py:115} INFO - [2023-01-25 22:45:16,068] {dagbag.py:508} INFO - Filling up the DagBag from /home/airflow/.local/lib/python3.7/site-packages/airflow/example_dags/example_dag_decorator.py
[2023-01-25 22:45:16,169] {processor.py:651} INFO - DAG(s) dict_keys(['example_dag_decorator']) retrieved from /home/airflow/.local/lib/python3.7/site-packages/airflow/example_dags/example_dag_decorator.py
[2023-01-25 22:45:16,499] {logging_mixin.py:115} INFO - [2023-01-25 22:45:16,498] {dag.py:2420} INFO - Sync 1 DAGs
[2023-01-25 22:45:16,588] {logging_mixin.py:115} INFO - [2023-01-25 22:45:16,588] {dag.py:2972} INFO - Setting next_dagrun for example_dag_decorator to None, run_after=None
[2023-01-25 22:45:16,633] {processor.py:161} INFO - Processing /home/airflow/.local/lib/python3.7/site-packages/airflow/example_dags/example_dag_decorator.py took 0.577 seconds
[2023-01-25 22:45:48,945] {processor.py:153} INFO - Started process (PID=4584) to work on /home/airflow/.local/lib/python3.7/site-packages/airflow/example_dags/example_dag_decorator.py
[2023-01-25 22:45:48,946] {processor.py:641} INFO - Processing file /home/airflow/.local/lib/python3.7/site-packages/airflow/example_dags/example_dag_decorator.py for tasks to queue
[2023-01-25 22:45:48,948] {logging_mixin.py:115} INFO - [2023-01-25 22:45:48,948] {dagbag.py:508} INFO - Filling up the DagBag from /home/airflow/.local/lib/python3.7/site-packages/airflow/example_dags/example_dag_decorator.py
[2023-01-25 22:45:49,037] {processor.py:651} INFO - DAG(s) dict_keys(['example_dag_decorator']) retrieved from /home/airflow/.local/lib/python3.7/site-packages/airflow/example_dags/example_dag_decorator.py
[2023-01-25 22:45:49,352] {logging_mixin.py:115} INFO - [2023-01-25 22:45:49,352] {dag.py:2420} INFO - Sync 1 DAGs
[2023-01-25 22:45:49,442] {logging_mixin.py:115} INFO - [2023-01-25 22:45:49,442] {dag.py:2972} INFO - Setting next_dagrun for example_dag_decorator to None, run_after=None
[2023-01-25 22:45:49,491] {processor.py:161} INFO - Processing /home/airflow/.local/lib/python3.7/site-packages/airflow/example_dags/example_dag_decorator.py took 0.554 seconds
[2023-01-25 22:46:21,480] {processor.py:153} INFO - Started process (PID=4698) to work on /home/airflow/.local/lib/python3.7/site-packages/airflow/example_dags/example_dag_decorator.py
[2023-01-25 22:46:21,482] {processor.py:641} INFO - Processing file /home/airflow/.local/lib/python3.7/site-packages/airflow/example_dags/example_dag_decorator.py for tasks to queue
[2023-01-25 22:46:21,484] {logging_mixin.py:115} INFO - [2023-01-25 22:46:21,484] {dagbag.py:508} INFO - Filling up the DagBag from /home/airflow/.local/lib/python3.7/site-packages/airflow/example_dags/example_dag_decorator.py
[2023-01-25 22:46:21,579] {processor.py:651} INFO - DAG(s) dict_keys(['example_dag_decorator']) retrieved from /home/airflow/.local/lib/python3.7/site-packages/airflow/example_dags/example_dag_decorator.py
[2023-01-25 22:46:21,881] {logging_mixin.py:115} INFO - [2023-01-25 22:46:21,881] {dag.py:2420} INFO - Sync 1 DAGs
[2023-01-25 22:46:21,974] {logging_mixin.py:115} INFO - [2023-01-25 22:46:21,973] {dag.py:2972} INFO - Setting next_dagrun for example_dag_decorator to None, run_after=None
[2023-01-25 22:46:22,019] {processor.py:161} INFO - Processing /home/airflow/.local/lib/python3.7/site-packages/airflow/example_dags/example_dag_decorator.py took 0.547 seconds
[2023-01-25 22:46:54,077] {processor.py:153} INFO - Started process (PID=4823) to work on /home/airflow/.local/lib/python3.7/site-packages/airflow/example_dags/example_dag_decorator.py
[2023-01-25 22:46:54,079] {processor.py:641} INFO - Processing file /home/airflow/.local/lib/python3.7/site-packages/airflow/example_dags/example_dag_decorator.py for tasks to queue
[2023-01-25 22:46:54,082] {logging_mixin.py:115} INFO - [2023-01-25 22:46:54,081] {dagbag.py:508} INFO - Filling up the DagBag from /home/airflow/.local/lib/python3.7/site-packages/airflow/example_dags/example_dag_decorator.py
[2023-01-25 22:46:54,167] {processor.py:651} INFO - DAG(s) dict_keys(['example_dag_decorator']) retrieved from /home/airflow/.local/lib/python3.7/site-packages/airflow/example_dags/example_dag_decorator.py
[2023-01-25 22:46:54,488] {logging_mixin.py:115} INFO - [2023-01-25 22:46:54,488] {dag.py:2420} INFO - Sync 1 DAGs
[2023-01-25 22:46:54,590] {logging_mixin.py:115} INFO - [2023-01-25 22:46:54,590] {dag.py:2972} INFO - Setting next_dagrun for example_dag_decorator to None, run_after=None
[2023-01-25 22:46:54,647] {processor.py:161} INFO - Processing /home/airflow/.local/lib/python3.7/site-packages/airflow/example_dags/example_dag_decorator.py took 0.577 seconds
[2023-01-25 22:47:27,108] {processor.py:153} INFO - Started process (PID=4943) to work on /home/airflow/.local/lib/python3.7/site-packages/airflow/example_dags/example_dag_decorator.py
[2023-01-25 22:47:27,110] {processor.py:641} INFO - Processing file /home/airflow/.local/lib/python3.7/site-packages/airflow/example_dags/example_dag_decorator.py for tasks to queue
[2023-01-25 22:47:27,113] {logging_mixin.py:115} INFO - [2023-01-25 22:47:27,113] {dagbag.py:508} INFO - Filling up the DagBag from /home/airflow/.local/lib/python3.7/site-packages/airflow/example_dags/example_dag_decorator.py
[2023-01-25 22:47:27,222] {processor.py:651} INFO - DAG(s) dict_keys(['example_dag_decorator']) retrieved from /home/airflow/.local/lib/python3.7/site-packages/airflow/example_dags/example_dag_decorator.py
[2023-01-25 22:47:27,542] {logging_mixin.py:115} INFO - [2023-01-25 22:47:27,541] {dag.py:2420} INFO - Sync 1 DAGs
[2023-01-25 22:47:27,632] {logging_mixin.py:115} INFO - [2023-01-25 22:47:27,632] {dag.py:2972} INFO - Setting next_dagrun for example_dag_decorator to None, run_after=None
[2023-01-25 22:47:27,676] {processor.py:161} INFO - Processing /home/airflow/.local/lib/python3.7/site-packages/airflow/example_dags/example_dag_decorator.py took 0.576 seconds
[2023-01-25 22:48:00,210] {processor.py:153} INFO - Started process (PID=5056) to work on /home/airflow/.local/lib/python3.7/site-packages/airflow/example_dags/example_dag_decorator.py
[2023-01-25 22:48:00,213] {processor.py:641} INFO - Processing file /home/airflow/.local/lib/python3.7/site-packages/airflow/example_dags/example_dag_decorator.py for tasks to queue
[2023-01-25 22:48:00,215] {logging_mixin.py:115} INFO - [2023-01-25 22:48:00,215] {dagbag.py:508} INFO - Filling up the DagBag from /home/airflow/.local/lib/python3.7/site-packages/airflow/example_dags/example_dag_decorator.py
[2023-01-25 22:48:00,306] {processor.py:651} INFO - DAG(s) dict_keys(['example_dag_decorator']) retrieved from /home/airflow/.local/lib/python3.7/site-packages/airflow/example_dags/example_dag_decorator.py
[2023-01-25 22:48:00,617] {logging_mixin.py:115} INFO - [2023-01-25 22:48:00,616] {dag.py:2420} INFO - Sync 1 DAGs
[2023-01-25 22:48:00,720] {logging_mixin.py:115} INFO - [2023-01-25 22:48:00,720] {dag.py:2972} INFO - Setting next_dagrun for example_dag_decorator to None, run_after=None
[2023-01-25 22:48:00,776] {processor.py:161} INFO - Processing /home/airflow/.local/lib/python3.7/site-packages/airflow/example_dags/example_dag_decorator.py took 0.574 seconds
[2023-01-25 22:48:32,804] {processor.py:153} INFO - Started process (PID=5176) to work on /home/airflow/.local/lib/python3.7/site-packages/airflow/example_dags/example_dag_decorator.py
[2023-01-25 22:48:32,806] {processor.py:641} INFO - Processing file /home/airflow/.local/lib/python3.7/site-packages/airflow/example_dags/example_dag_decorator.py for tasks to queue
[2023-01-25 22:48:32,808] {logging_mixin.py:115} INFO - [2023-01-25 22:48:32,808] {dagbag.py:508} INFO - Filling up the DagBag from /home/airflow/.local/lib/python3.7/site-packages/airflow/example_dags/example_dag_decorator.py
[2023-01-25 22:48:32,892] {processor.py:651} INFO - DAG(s) dict_keys(['example_dag_decorator']) retrieved from /home/airflow/.local/lib/python3.7/site-packages/airflow/example_dags/example_dag_decorator.py
[2023-01-25 22:48:33,163] {logging_mixin.py:115} INFO - [2023-01-25 22:48:33,162] {dag.py:2420} INFO - Sync 1 DAGs
[2023-01-25 22:48:33,246] {logging_mixin.py:115} INFO - [2023-01-25 22:48:33,245] {dag.py:2972} INFO - Setting next_dagrun for example_dag_decorator to None, run_after=None
[2023-01-25 22:48:33,288] {processor.py:161} INFO - Processing /home/airflow/.local/lib/python3.7/site-packages/airflow/example_dags/example_dag_decorator.py took 0.492 seconds
[2023-01-25 22:49:04,643] {processor.py:153} INFO - Started process (PID=5292) to work on /home/airflow/.local/lib/python3.7/site-packages/airflow/example_dags/example_dag_decorator.py
[2023-01-25 22:49:04,645] {processor.py:641} INFO - Processing file /home/airflow/.local/lib/python3.7/site-packages/airflow/example_dags/example_dag_decorator.py for tasks to queue
[2023-01-25 22:49:04,647] {logging_mixin.py:115} INFO - [2023-01-25 22:49:04,647] {dagbag.py:508} INFO - Filling up the DagBag from /home/airflow/.local/lib/python3.7/site-packages/airflow/example_dags/example_dag_decorator.py
[2023-01-25 22:49:04,729] {processor.py:651} INFO - DAG(s) dict_keys(['example_dag_decorator']) retrieved from /home/airflow/.local/lib/python3.7/site-packages/airflow/example_dags/example_dag_decorator.py
[2023-01-25 22:49:05,001] {logging_mixin.py:115} INFO - [2023-01-25 22:49:05,000] {dag.py:2420} INFO - Sync 1 DAGs
[2023-01-25 22:49:05,085] {logging_mixin.py:115} INFO - [2023-01-25 22:49:05,085] {dag.py:2972} INFO - Setting next_dagrun for example_dag_decorator to None, run_after=None
[2023-01-25 22:49:05,126] {processor.py:161} INFO - Processing /home/airflow/.local/lib/python3.7/site-packages/airflow/example_dags/example_dag_decorator.py took 0.491 seconds
[2023-01-25 22:49:35,199] {processor.py:153} INFO - Started process (PID=5403) to work on /home/airflow/.local/lib/python3.7/site-packages/airflow/example_dags/example_dag_decorator.py
[2023-01-25 22:49:35,200] {processor.py:641} INFO - Processing file /home/airflow/.local/lib/python3.7/site-packages/airflow/example_dags/example_dag_decorator.py for tasks to queue
[2023-01-25 22:49:35,202] {logging_mixin.py:115} INFO - [2023-01-25 22:49:35,202] {dagbag.py:508} INFO - Filling up the DagBag from /home/airflow/.local/lib/python3.7/site-packages/airflow/example_dags/example_dag_decorator.py
[2023-01-25 22:49:35,283] {processor.py:651} INFO - DAG(s) dict_keys(['example_dag_decorator']) retrieved from /home/airflow/.local/lib/python3.7/site-packages/airflow/example_dags/example_dag_decorator.py
[2023-01-25 22:49:35,535] {logging_mixin.py:115} INFO - [2023-01-25 22:49:35,534] {dag.py:2420} INFO - Sync 1 DAGs
[2023-01-25 22:49:35,611] {logging_mixin.py:115} INFO - [2023-01-25 22:49:35,610] {dag.py:2972} INFO - Setting next_dagrun for example_dag_decorator to None, run_after=None
[2023-01-25 22:49:35,648] {processor.py:161} INFO - Processing /home/airflow/.local/lib/python3.7/site-packages/airflow/example_dags/example_dag_decorator.py took 0.459 seconds
[2023-01-25 22:50:06,347] {processor.py:153} INFO - Started process (PID=5517) to work on /home/airflow/.local/lib/python3.7/site-packages/airflow/example_dags/example_dag_decorator.py
[2023-01-25 22:50:06,349] {processor.py:641} INFO - Processing file /home/airflow/.local/lib/python3.7/site-packages/airflow/example_dags/example_dag_decorator.py for tasks to queue
[2023-01-25 22:50:06,351] {logging_mixin.py:115} INFO - [2023-01-25 22:50:06,351] {dagbag.py:508} INFO - Filling up the DagBag from /home/airflow/.local/lib/python3.7/site-packages/airflow/example_dags/example_dag_decorator.py
[2023-01-25 22:50:06,436] {processor.py:651} INFO - DAG(s) dict_keys(['example_dag_decorator']) retrieved from /home/airflow/.local/lib/python3.7/site-packages/airflow/example_dags/example_dag_decorator.py
[2023-01-25 22:50:06,715] {logging_mixin.py:115} INFO - [2023-01-25 22:50:06,714] {dag.py:2420} INFO - Sync 1 DAGs
[2023-01-25 22:50:06,799] {logging_mixin.py:115} INFO - [2023-01-25 22:50:06,798] {dag.py:2972} INFO - Setting next_dagrun for example_dag_decorator to None, run_after=None
[2023-01-25 22:50:06,840] {processor.py:161} INFO - Processing /home/airflow/.local/lib/python3.7/site-packages/airflow/example_dags/example_dag_decorator.py took 0.502 seconds
[2023-01-25 22:50:37,221] {processor.py:153} INFO - Started process (PID=5628) to work on /home/airflow/.local/lib/python3.7/site-packages/airflow/example_dags/example_dag_decorator.py
[2023-01-25 22:50:37,224] {processor.py:641} INFO - Processing file /home/airflow/.local/lib/python3.7/site-packages/airflow/example_dags/example_dag_decorator.py for tasks to queue
[2023-01-25 22:50:37,226] {logging_mixin.py:115} INFO - [2023-01-25 22:50:37,226] {dagbag.py:508} INFO - Filling up the DagBag from /home/airflow/.local/lib/python3.7/site-packages/airflow/example_dags/example_dag_decorator.py
[2023-01-25 22:50:37,309] {processor.py:651} INFO - DAG(s) dict_keys(['example_dag_decorator']) retrieved from /home/airflow/.local/lib/python3.7/site-packages/airflow/example_dags/example_dag_decorator.py
[2023-01-25 22:50:37,576] {logging_mixin.py:115} INFO - [2023-01-25 22:50:37,575] {dag.py:2420} INFO - Sync 1 DAGs
[2023-01-25 22:50:37,661] {logging_mixin.py:115} INFO - [2023-01-25 22:50:37,660] {dag.py:2972} INFO - Setting next_dagrun for example_dag_decorator to None, run_after=None
[2023-01-25 22:50:37,704] {processor.py:161} INFO - Processing /home/airflow/.local/lib/python3.7/site-packages/airflow/example_dags/example_dag_decorator.py took 0.491 seconds
[2023-01-25 22:51:08,140] {processor.py:153} INFO - Started process (PID=5745) to work on /home/airflow/.local/lib/python3.7/site-packages/airflow/example_dags/example_dag_decorator.py
[2023-01-25 22:51:08,142] {processor.py:641} INFO - Processing file /home/airflow/.local/lib/python3.7/site-packages/airflow/example_dags/example_dag_decorator.py for tasks to queue
[2023-01-25 22:51:08,144] {logging_mixin.py:115} INFO - [2023-01-25 22:51:08,144] {dagbag.py:508} INFO - Filling up the DagBag from /home/airflow/.local/lib/python3.7/site-packages/airflow/example_dags/example_dag_decorator.py
[2023-01-25 22:51:08,244] {processor.py:651} INFO - DAG(s) dict_keys(['example_dag_decorator']) retrieved from /home/airflow/.local/lib/python3.7/site-packages/airflow/example_dags/example_dag_decorator.py
[2023-01-25 22:51:08,550] {logging_mixin.py:115} INFO - [2023-01-25 22:51:08,550] {dag.py:2420} INFO - Sync 1 DAGs
[2023-01-25 22:51:08,653] {logging_mixin.py:115} INFO - [2023-01-25 22:51:08,653] {dag.py:2972} INFO - Setting next_dagrun for example_dag_decorator to None, run_after=None
[2023-01-25 22:51:08,722] {processor.py:161} INFO - Processing /home/airflow/.local/lib/python3.7/site-packages/airflow/example_dags/example_dag_decorator.py took 0.592 seconds
[2023-01-25 22:51:38,813] {processor.py:153} INFO - Started process (PID=5858) to work on /home/airflow/.local/lib/python3.7/site-packages/airflow/example_dags/example_dag_decorator.py
[2023-01-25 22:51:38,815] {processor.py:641} INFO - Processing file /home/airflow/.local/lib/python3.7/site-packages/airflow/example_dags/example_dag_decorator.py for tasks to queue
[2023-01-25 22:51:38,817] {logging_mixin.py:115} INFO - [2023-01-25 22:51:38,817] {dagbag.py:508} INFO - Filling up the DagBag from /home/airflow/.local/lib/python3.7/site-packages/airflow/example_dags/example_dag_decorator.py
[2023-01-25 22:51:38,906] {processor.py:651} INFO - DAG(s) dict_keys(['example_dag_decorator']) retrieved from /home/airflow/.local/lib/python3.7/site-packages/airflow/example_dags/example_dag_decorator.py
[2023-01-25 22:51:39,215] {logging_mixin.py:115} INFO - [2023-01-25 22:51:39,215] {dag.py:2420} INFO - Sync 1 DAGs
[2023-01-25 22:51:39,303] {logging_mixin.py:115} INFO - [2023-01-25 22:51:39,303] {dag.py:2972} INFO - Setting next_dagrun for example_dag_decorator to None, run_after=None
[2023-01-25 22:51:39,346] {processor.py:161} INFO - Processing /home/airflow/.local/lib/python3.7/site-packages/airflow/example_dags/example_dag_decorator.py took 0.541 seconds
[2023-01-25 22:52:09,576] {processor.py:153} INFO - Started process (PID=5973) to work on /home/airflow/.local/lib/python3.7/site-packages/airflow/example_dags/example_dag_decorator.py
[2023-01-25 22:52:09,578] {processor.py:641} INFO - Processing file /home/airflow/.local/lib/python3.7/site-packages/airflow/example_dags/example_dag_decorator.py for tasks to queue
[2023-01-25 22:52:09,581] {logging_mixin.py:115} INFO - [2023-01-25 22:52:09,581] {dagbag.py:508} INFO - Filling up the DagBag from /home/airflow/.local/lib/python3.7/site-packages/airflow/example_dags/example_dag_decorator.py
[2023-01-25 22:52:09,686] {processor.py:651} INFO - DAG(s) dict_keys(['example_dag_decorator']) retrieved from /home/airflow/.local/lib/python3.7/site-packages/airflow/example_dags/example_dag_decorator.py
[2023-01-25 22:52:10,005] {logging_mixin.py:115} INFO - [2023-01-25 22:52:10,004] {dag.py:2420} INFO - Sync 1 DAGs
[2023-01-25 22:52:10,100] {logging_mixin.py:115} INFO - [2023-01-25 22:52:10,100] {dag.py:2972} INFO - Setting next_dagrun for example_dag_decorator to None, run_after=None
[2023-01-25 22:52:10,150] {processor.py:161} INFO - Processing /home/airflow/.local/lib/python3.7/site-packages/airflow/example_dags/example_dag_decorator.py took 0.583 seconds
[2023-01-25 22:52:40,269] {processor.py:153} INFO - Started process (PID=6087) to work on /home/airflow/.local/lib/python3.7/site-packages/airflow/example_dags/example_dag_decorator.py
[2023-01-25 22:52:40,271] {processor.py:641} INFO - Processing file /home/airflow/.local/lib/python3.7/site-packages/airflow/example_dags/example_dag_decorator.py for tasks to queue
[2023-01-25 22:52:40,274] {logging_mixin.py:115} INFO - [2023-01-25 22:52:40,273] {dagbag.py:508} INFO - Filling up the DagBag from /home/airflow/.local/lib/python3.7/site-packages/airflow/example_dags/example_dag_decorator.py
[2023-01-25 22:52:40,382] {processor.py:651} INFO - DAG(s) dict_keys(['example_dag_decorator']) retrieved from /home/airflow/.local/lib/python3.7/site-packages/airflow/example_dags/example_dag_decorator.py
[2023-01-25 22:52:40,695] {logging_mixin.py:115} INFO - [2023-01-25 22:52:40,694] {dag.py:2420} INFO - Sync 1 DAGs
[2023-01-25 22:52:40,793] {logging_mixin.py:115} INFO - [2023-01-25 22:52:40,792] {dag.py:2972} INFO - Setting next_dagrun for example_dag_decorator to None, run_after=None
[2023-01-25 22:52:40,843] {processor.py:161} INFO - Processing /home/airflow/.local/lib/python3.7/site-packages/airflow/example_dags/example_dag_decorator.py took 0.581 seconds
[2023-01-25 22:53:10,934] {processor.py:153} INFO - Started process (PID=6200) to work on /home/airflow/.local/lib/python3.7/site-packages/airflow/example_dags/example_dag_decorator.py
[2023-01-25 22:53:10,936] {processor.py:641} INFO - Processing file /home/airflow/.local/lib/python3.7/site-packages/airflow/example_dags/example_dag_decorator.py for tasks to queue
[2023-01-25 22:53:10,938] {logging_mixin.py:115} INFO - [2023-01-25 22:53:10,938] {dagbag.py:508} INFO - Filling up the DagBag from /home/airflow/.local/lib/python3.7/site-packages/airflow/example_dags/example_dag_decorator.py
[2023-01-25 22:53:11,026] {processor.py:651} INFO - DAG(s) dict_keys(['example_dag_decorator']) retrieved from /home/airflow/.local/lib/python3.7/site-packages/airflow/example_dags/example_dag_decorator.py
[2023-01-25 22:53:11,106] {logging_mixin.py:115} INFO - [2023-01-25 22:53:11,106] {dag.py:2420} INFO - Sync 1 DAGs
[2023-01-25 22:53:11,199] {logging_mixin.py:115} INFO - [2023-01-25 22:53:11,199] {dag.py:2972} INFO - Setting next_dagrun for example_dag_decorator to None, run_after=None
[2023-01-25 22:53:11,236] {processor.py:161} INFO - Processing /home/airflow/.local/lib/python3.7/site-packages/airflow/example_dags/example_dag_decorator.py took 0.313 seconds
[2023-01-25 22:53:41,421] {processor.py:153} INFO - Started process (PID=6314) to work on /home/airflow/.local/lib/python3.7/site-packages/airflow/example_dags/example_dag_decorator.py
[2023-01-25 22:53:41,423] {processor.py:641} INFO - Processing file /home/airflow/.local/lib/python3.7/site-packages/airflow/example_dags/example_dag_decorator.py for tasks to queue
[2023-01-25 22:53:41,426] {logging_mixin.py:115} INFO - [2023-01-25 22:53:41,425] {dagbag.py:508} INFO - Filling up the DagBag from /home/airflow/.local/lib/python3.7/site-packages/airflow/example_dags/example_dag_decorator.py
[2023-01-25 22:53:41,549] {processor.py:651} INFO - DAG(s) dict_keys(['example_dag_decorator']) retrieved from /home/airflow/.local/lib/python3.7/site-packages/airflow/example_dags/example_dag_decorator.py
[2023-01-25 22:53:41,644] {logging_mixin.py:115} INFO - [2023-01-25 22:53:41,644] {dag.py:2420} INFO - Sync 1 DAGs
[2023-01-25 22:53:41,752] {logging_mixin.py:115} INFO - [2023-01-25 22:53:41,751] {dag.py:2972} INFO - Setting next_dagrun for example_dag_decorator to None, run_after=None
[2023-01-25 22:53:41,796] {processor.py:161} INFO - Processing /home/airflow/.local/lib/python3.7/site-packages/airflow/example_dags/example_dag_decorator.py took 0.386 seconds
[2023-01-25 22:54:12,252] {processor.py:153} INFO - Started process (PID=6428) to work on /home/airflow/.local/lib/python3.7/site-packages/airflow/example_dags/example_dag_decorator.py
[2023-01-25 22:54:12,254] {processor.py:641} INFO - Processing file /home/airflow/.local/lib/python3.7/site-packages/airflow/example_dags/example_dag_decorator.py for tasks to queue
[2023-01-25 22:54:12,256] {logging_mixin.py:115} INFO - [2023-01-25 22:54:12,256] {dagbag.py:508} INFO - Filling up the DagBag from /home/airflow/.local/lib/python3.7/site-packages/airflow/example_dags/example_dag_decorator.py
[2023-01-25 22:54:12,356] {processor.py:651} INFO - DAG(s) dict_keys(['example_dag_decorator']) retrieved from /home/airflow/.local/lib/python3.7/site-packages/airflow/example_dags/example_dag_decorator.py
[2023-01-25 22:54:12,648] {logging_mixin.py:115} INFO - [2023-01-25 22:54:12,648] {dag.py:2420} INFO - Sync 1 DAGs
[2023-01-25 22:54:12,734] {logging_mixin.py:115} INFO - [2023-01-25 22:54:12,733] {dag.py:2972} INFO - Setting next_dagrun for example_dag_decorator to None, run_after=None
[2023-01-25 22:54:12,775] {processor.py:161} INFO - Processing /home/airflow/.local/lib/python3.7/site-packages/airflow/example_dags/example_dag_decorator.py took 0.531 seconds
[2023-01-25 22:54:42,887] {processor.py:153} INFO - Started process (PID=6542) to work on /home/airflow/.local/lib/python3.7/site-packages/airflow/example_dags/example_dag_decorator.py
[2023-01-25 22:54:42,889] {processor.py:641} INFO - Processing file /home/airflow/.local/lib/python3.7/site-packages/airflow/example_dags/example_dag_decorator.py for tasks to queue
[2023-01-25 22:54:42,892] {logging_mixin.py:115} INFO - [2023-01-25 22:54:42,891] {dagbag.py:508} INFO - Filling up the DagBag from /home/airflow/.local/lib/python3.7/site-packages/airflow/example_dags/example_dag_decorator.py
[2023-01-25 22:54:43,000] {processor.py:651} INFO - DAG(s) dict_keys(['example_dag_decorator']) retrieved from /home/airflow/.local/lib/python3.7/site-packages/airflow/example_dags/example_dag_decorator.py
[2023-01-25 22:54:43,094] {logging_mixin.py:115} INFO - [2023-01-25 22:54:43,094] {dag.py:2420} INFO - Sync 1 DAGs
[2023-01-25 22:54:43,199] {logging_mixin.py:115} INFO - [2023-01-25 22:54:43,199] {dag.py:2972} INFO - Setting next_dagrun for example_dag_decorator to None, run_after=None
[2023-01-25 22:54:43,241] {processor.py:161} INFO - Processing /home/airflow/.local/lib/python3.7/site-packages/airflow/example_dags/example_dag_decorator.py took 0.363 seconds
[2023-01-25 22:55:13,538] {processor.py:153} INFO - Started process (PID=6656) to work on /home/airflow/.local/lib/python3.7/site-packages/airflow/example_dags/example_dag_decorator.py
[2023-01-25 22:55:13,540] {processor.py:641} INFO - Processing file /home/airflow/.local/lib/python3.7/site-packages/airflow/example_dags/example_dag_decorator.py for tasks to queue
[2023-01-25 22:55:13,542] {logging_mixin.py:115} INFO - [2023-01-25 22:55:13,541] {dagbag.py:508} INFO - Filling up the DagBag from /home/airflow/.local/lib/python3.7/site-packages/airflow/example_dags/example_dag_decorator.py
[2023-01-25 22:55:13,630] {processor.py:651} INFO - DAG(s) dict_keys(['example_dag_decorator']) retrieved from /home/airflow/.local/lib/python3.7/site-packages/airflow/example_dags/example_dag_decorator.py
[2023-01-25 22:55:13,917] {logging_mixin.py:115} INFO - [2023-01-25 22:55:13,917] {dag.py:2420} INFO - Sync 1 DAGs
[2023-01-25 22:55:14,008] {logging_mixin.py:115} INFO - [2023-01-25 22:55:14,007] {dag.py:2972} INFO - Setting next_dagrun for example_dag_decorator to None, run_after=None
[2023-01-25 22:55:14,060] {processor.py:161} INFO - Processing /home/airflow/.local/lib/python3.7/site-packages/airflow/example_dags/example_dag_decorator.py took 0.530 seconds
[2023-01-25 23:00:23,071] {processor.py:153} INFO - Started process (PID=6782) to work on /home/airflow/.local/lib/python3.7/site-packages/airflow/example_dags/example_dag_decorator.py
[2023-01-25 23:00:23,073] {processor.py:641} INFO - Processing file /home/airflow/.local/lib/python3.7/site-packages/airflow/example_dags/example_dag_decorator.py for tasks to queue
[2023-01-25 23:00:23,077] {logging_mixin.py:115} INFO - [2023-01-25 23:00:23,076] {dagbag.py:508} INFO - Filling up the DagBag from /home/airflow/.local/lib/python3.7/site-packages/airflow/example_dags/example_dag_decorator.py
[2023-01-25 23:00:23,321] {processor.py:651} INFO - DAG(s) dict_keys(['example_dag_decorator']) retrieved from /home/airflow/.local/lib/python3.7/site-packages/airflow/example_dags/example_dag_decorator.py
[2023-01-25 23:00:23,621] {logging_mixin.py:115} INFO - [2023-01-25 23:00:23,620] {dag.py:2420} INFO - Sync 1 DAGs
[2023-01-25 23:00:23,722] {logging_mixin.py:115} INFO - [2023-01-25 23:00:23,722] {dag.py:2972} INFO - Setting next_dagrun for example_dag_decorator to None, run_after=None
[2023-01-25 23:00:23,784] {processor.py:161} INFO - Processing /home/airflow/.local/lib/python3.7/site-packages/airflow/example_dags/example_dag_decorator.py took 0.737 seconds
[2023-01-25 23:05:31,048] {processor.py:153} INFO - Started process (PID=6895) to work on /home/airflow/.local/lib/python3.7/site-packages/airflow/example_dags/example_dag_decorator.py
[2023-01-25 23:05:31,050] {processor.py:641} INFO - Processing file /home/airflow/.local/lib/python3.7/site-packages/airflow/example_dags/example_dag_decorator.py for tasks to queue
[2023-01-25 23:05:31,053] {logging_mixin.py:115} INFO - [2023-01-25 23:05:31,053] {dagbag.py:508} INFO - Filling up the DagBag from /home/airflow/.local/lib/python3.7/site-packages/airflow/example_dags/example_dag_decorator.py
[2023-01-25 23:05:31,235] {processor.py:651} INFO - DAG(s) dict_keys(['example_dag_decorator']) retrieved from /home/airflow/.local/lib/python3.7/site-packages/airflow/example_dags/example_dag_decorator.py
[2023-01-25 23:05:31,721] {logging_mixin.py:115} INFO - [2023-01-25 23:05:31,720] {dag.py:2420} INFO - Sync 1 DAGs
[2023-01-25 23:05:31,905] {logging_mixin.py:115} INFO - [2023-01-25 23:05:31,904] {dag.py:2972} INFO - Setting next_dagrun for example_dag_decorator to None, run_after=None
[2023-01-25 23:05:31,947] {processor.py:161} INFO - Processing /home/airflow/.local/lib/python3.7/site-packages/airflow/example_dags/example_dag_decorator.py took 0.917 seconds
[2023-01-25 23:06:02,166] {processor.py:153} INFO - Started process (PID=7010) to work on /home/airflow/.local/lib/python3.7/site-packages/airflow/example_dags/example_dag_decorator.py
[2023-01-25 23:06:02,168] {processor.py:641} INFO - Processing file /home/airflow/.local/lib/python3.7/site-packages/airflow/example_dags/example_dag_decorator.py for tasks to queue
[2023-01-25 23:06:02,170] {logging_mixin.py:115} INFO - [2023-01-25 23:06:02,169] {dagbag.py:508} INFO - Filling up the DagBag from /home/airflow/.local/lib/python3.7/site-packages/airflow/example_dags/example_dag_decorator.py
[2023-01-25 23:06:02,261] {processor.py:651} INFO - DAG(s) dict_keys(['example_dag_decorator']) retrieved from /home/airflow/.local/lib/python3.7/site-packages/airflow/example_dags/example_dag_decorator.py
[2023-01-25 23:06:02,569] {logging_mixin.py:115} INFO - [2023-01-25 23:06:02,569] {dag.py:2420} INFO - Sync 1 DAGs
[2023-01-25 23:06:02,662] {logging_mixin.py:115} INFO - [2023-01-25 23:06:02,662] {dag.py:2972} INFO - Setting next_dagrun for example_dag_decorator to None, run_after=None
[2023-01-25 23:06:02,703] {processor.py:161} INFO - Processing /home/airflow/.local/lib/python3.7/site-packages/airflow/example_dags/example_dag_decorator.py took 0.546 seconds
[2023-01-25 23:15:40,246] {processor.py:153} INFO - Started process (PID=7108) to work on /home/airflow/.local/lib/python3.7/site-packages/airflow/example_dags/example_dag_decorator.py
[2023-01-25 23:15:40,248] {processor.py:641} INFO - Processing file /home/airflow/.local/lib/python3.7/site-packages/airflow/example_dags/example_dag_decorator.py for tasks to queue
[2023-01-25 23:15:40,253] {logging_mixin.py:115} INFO - [2023-01-25 23:15:40,252] {dagbag.py:508} INFO - Filling up the DagBag from /home/airflow/.local/lib/python3.7/site-packages/airflow/example_dags/example_dag_decorator.py
[2023-01-25 23:15:40,405] {processor.py:651} INFO - DAG(s) dict_keys(['example_dag_decorator']) retrieved from /home/airflow/.local/lib/python3.7/site-packages/airflow/example_dags/example_dag_decorator.py
[2023-01-25 23:15:41,062] {logging_mixin.py:115} INFO - [2023-01-25 23:15:41,061] {dag.py:2420} INFO - Sync 1 DAGs
[2023-01-25 23:15:41,225] {logging_mixin.py:115} INFO - [2023-01-25 23:15:41,225] {dag.py:2972} INFO - Setting next_dagrun for example_dag_decorator to None, run_after=None
[2023-01-25 23:15:41,298] {processor.py:161} INFO - Processing /home/airflow/.local/lib/python3.7/site-packages/airflow/example_dags/example_dag_decorator.py took 1.066 seconds
[2023-01-25 23:16:12,530] {processor.py:153} INFO - Started process (PID=7221) to work on /home/airflow/.local/lib/python3.7/site-packages/airflow/example_dags/example_dag_decorator.py
[2023-01-25 23:16:12,532] {processor.py:641} INFO - Processing file /home/airflow/.local/lib/python3.7/site-packages/airflow/example_dags/example_dag_decorator.py for tasks to queue
[2023-01-25 23:16:12,534] {logging_mixin.py:115} INFO - [2023-01-25 23:16:12,534] {dagbag.py:508} INFO - Filling up the DagBag from /home/airflow/.local/lib/python3.7/site-packages/airflow/example_dags/example_dag_decorator.py
[2023-01-25 23:16:12,624] {processor.py:651} INFO - DAG(s) dict_keys(['example_dag_decorator']) retrieved from /home/airflow/.local/lib/python3.7/site-packages/airflow/example_dags/example_dag_decorator.py
[2023-01-25 23:16:12,928] {logging_mixin.py:115} INFO - [2023-01-25 23:16:12,928] {dag.py:2420} INFO - Sync 1 DAGs
[2023-01-25 23:16:13,023] {logging_mixin.py:115} INFO - [2023-01-25 23:16:13,022] {dag.py:2972} INFO - Setting next_dagrun for example_dag_decorator to None, run_after=None
[2023-01-25 23:16:13,073] {processor.py:161} INFO - Processing /home/airflow/.local/lib/python3.7/site-packages/airflow/example_dags/example_dag_decorator.py took 0.550 seconds
[2023-01-25 23:30:35,488] {processor.py:153} INFO - Started process (PID=7335) to work on /home/airflow/.local/lib/python3.7/site-packages/airflow/example_dags/example_dag_decorator.py
[2023-01-25 23:30:35,492] {processor.py:641} INFO - Processing file /home/airflow/.local/lib/python3.7/site-packages/airflow/example_dags/example_dag_decorator.py for tasks to queue
[2023-01-25 23:30:35,497] {logging_mixin.py:115} INFO - [2023-01-25 23:30:35,496] {dagbag.py:508} INFO - Filling up the DagBag from /home/airflow/.local/lib/python3.7/site-packages/airflow/example_dags/example_dag_decorator.py
[2023-01-25 23:30:35,693] {processor.py:651} INFO - DAG(s) dict_keys(['example_dag_decorator']) retrieved from /home/airflow/.local/lib/python3.7/site-packages/airflow/example_dags/example_dag_decorator.py
[2023-01-25 23:30:36,306] {logging_mixin.py:115} INFO - [2023-01-25 23:30:36,306] {dag.py:2420} INFO - Sync 1 DAGs
[2023-01-25 23:30:36,494] {logging_mixin.py:115} INFO - [2023-01-25 23:30:36,494] {dag.py:2972} INFO - Setting next_dagrun for example_dag_decorator to None, run_after=None
[2023-01-25 23:30:36,576] {processor.py:161} INFO - Processing /home/airflow/.local/lib/python3.7/site-packages/airflow/example_dags/example_dag_decorator.py took 1.109 seconds
[2023-01-25 23:31:07,048] {processor.py:153} INFO - Started process (PID=7449) to work on /home/airflow/.local/lib/python3.7/site-packages/airflow/example_dags/example_dag_decorator.py
[2023-01-25 23:31:07,053] {processor.py:641} INFO - Processing file /home/airflow/.local/lib/python3.7/site-packages/airflow/example_dags/example_dag_decorator.py for tasks to queue
[2023-01-25 23:31:07,056] {logging_mixin.py:115} INFO - [2023-01-25 23:31:07,055] {dagbag.py:508} INFO - Filling up the DagBag from /home/airflow/.local/lib/python3.7/site-packages/airflow/example_dags/example_dag_decorator.py
[2023-01-25 23:31:07,166] {processor.py:651} INFO - DAG(s) dict_keys(['example_dag_decorator']) retrieved from /home/airflow/.local/lib/python3.7/site-packages/airflow/example_dags/example_dag_decorator.py
[2023-01-25 23:31:07,528] {logging_mixin.py:115} INFO - [2023-01-25 23:31:07,528] {dag.py:2420} INFO - Sync 1 DAGs
[2023-01-25 23:31:07,639] {logging_mixin.py:115} INFO - [2023-01-25 23:31:07,638] {dag.py:2972} INFO - Setting next_dagrun for example_dag_decorator to None, run_after=None
[2023-01-25 23:31:07,696] {processor.py:161} INFO - Processing /home/airflow/.local/lib/python3.7/site-packages/airflow/example_dags/example_dag_decorator.py took 0.659 seconds
[2023-01-25 23:35:56,581] {processor.py:153} INFO - Started process (PID=7547) to work on /home/airflow/.local/lib/python3.7/site-packages/airflow/example_dags/example_dag_decorator.py
[2023-01-25 23:35:56,582] {processor.py:641} INFO - Processing file /home/airflow/.local/lib/python3.7/site-packages/airflow/example_dags/example_dag_decorator.py for tasks to queue
[2023-01-25 23:35:56,584] {logging_mixin.py:115} INFO - [2023-01-25 23:35:56,584] {dagbag.py:508} INFO - Filling up the DagBag from /home/airflow/.local/lib/python3.7/site-packages/airflow/example_dags/example_dag_decorator.py
[2023-01-25 23:35:56,721] {processor.py:651} INFO - DAG(s) dict_keys(['example_dag_decorator']) retrieved from /home/airflow/.local/lib/python3.7/site-packages/airflow/example_dags/example_dag_decorator.py
[2023-01-25 23:35:57,092] {logging_mixin.py:115} INFO - [2023-01-25 23:35:57,092] {dag.py:2420} INFO - Sync 1 DAGs
[2023-01-25 23:35:57,181] {logging_mixin.py:115} INFO - [2023-01-25 23:35:57,181] {dag.py:2972} INFO - Setting next_dagrun for example_dag_decorator to None, run_after=None
[2023-01-25 23:35:57,229] {processor.py:161} INFO - Processing /home/airflow/.local/lib/python3.7/site-packages/airflow/example_dags/example_dag_decorator.py took 0.657 seconds
[2023-01-25 23:46:08,787] {processor.py:153} INFO - Started process (PID=7661) to work on /home/airflow/.local/lib/python3.7/site-packages/airflow/example_dags/example_dag_decorator.py
[2023-01-25 23:46:08,804] {processor.py:641} INFO - Processing file /home/airflow/.local/lib/python3.7/site-packages/airflow/example_dags/example_dag_decorator.py for tasks to queue
[2023-01-25 23:46:08,815] {logging_mixin.py:115} INFO - [2023-01-25 23:46:08,814] {dagbag.py:508} INFO - Filling up the DagBag from /home/airflow/.local/lib/python3.7/site-packages/airflow/example_dags/example_dag_decorator.py
[2023-01-25 23:46:09,262] {processor.py:651} INFO - DAG(s) dict_keys(['example_dag_decorator']) retrieved from /home/airflow/.local/lib/python3.7/site-packages/airflow/example_dags/example_dag_decorator.py
[2023-01-25 23:46:09,901] {logging_mixin.py:115} INFO - [2023-01-25 23:46:09,900] {dag.py:2420} INFO - Sync 1 DAGs
[2023-01-25 23:46:10,050] {logging_mixin.py:115} INFO - [2023-01-25 23:46:10,050] {dag.py:2972} INFO - Setting next_dagrun for example_dag_decorator to None, run_after=None
[2023-01-25 23:46:10,137] {processor.py:161} INFO - Processing /home/airflow/.local/lib/python3.7/site-packages/airflow/example_dags/example_dag_decorator.py took 1.382 seconds
[2023-01-25 23:46:40,749] {processor.py:153} INFO - Started process (PID=7775) to work on /home/airflow/.local/lib/python3.7/site-packages/airflow/example_dags/example_dag_decorator.py
[2023-01-25 23:46:40,751] {processor.py:641} INFO - Processing file /home/airflow/.local/lib/python3.7/site-packages/airflow/example_dags/example_dag_decorator.py for tasks to queue
[2023-01-25 23:46:40,753] {logging_mixin.py:115} INFO - [2023-01-25 23:46:40,753] {dagbag.py:508} INFO - Filling up the DagBag from /home/airflow/.local/lib/python3.7/site-packages/airflow/example_dags/example_dag_decorator.py
[2023-01-25 23:46:40,852] {processor.py:651} INFO - DAG(s) dict_keys(['example_dag_decorator']) retrieved from /home/airflow/.local/lib/python3.7/site-packages/airflow/example_dags/example_dag_decorator.py
[2023-01-25 23:46:41,137] {logging_mixin.py:115} INFO - [2023-01-25 23:46:41,137] {dag.py:2420} INFO - Sync 1 DAGs
[2023-01-25 23:46:41,228] {logging_mixin.py:115} INFO - [2023-01-25 23:46:41,227] {dag.py:2972} INFO - Setting next_dagrun for example_dag_decorator to None, run_after=None
[2023-01-25 23:46:41,270] {processor.py:161} INFO - Processing /home/airflow/.local/lib/python3.7/site-packages/airflow/example_dags/example_dag_decorator.py took 0.530 seconds
[2023-01-25 23:59:34,437] {processor.py:153} INFO - Started process (PID=7873) to work on /home/airflow/.local/lib/python3.7/site-packages/airflow/example_dags/example_dag_decorator.py
[2023-01-25 23:59:34,439] {processor.py:641} INFO - Processing file /home/airflow/.local/lib/python3.7/site-packages/airflow/example_dags/example_dag_decorator.py for tasks to queue
[2023-01-25 23:59:34,441] {logging_mixin.py:115} INFO - [2023-01-25 23:59:34,441] {dagbag.py:508} INFO - Filling up the DagBag from /home/airflow/.local/lib/python3.7/site-packages/airflow/example_dags/example_dag_decorator.py
[2023-01-25 23:59:34,531] {processor.py:651} INFO - DAG(s) dict_keys(['example_dag_decorator']) retrieved from /home/airflow/.local/lib/python3.7/site-packages/airflow/example_dags/example_dag_decorator.py
[2023-01-25 23:59:34,817] {logging_mixin.py:115} INFO - [2023-01-25 23:59:34,816] {dag.py:2420} INFO - Sync 1 DAGs
[2023-01-25 23:59:34,909] {logging_mixin.py:115} INFO - [2023-01-25 23:59:34,909] {dag.py:2972} INFO - Setting next_dagrun for example_dag_decorator to None, run_after=None
[2023-01-25 23:59:34,956] {processor.py:161} INFO - Processing /home/airflow/.local/lib/python3.7/site-packages/airflow/example_dags/example_dag_decorator.py took 0.527 seconds
