[2023-01-25 22:25:23,334] {processor.py:153} INFO - Started process (PID=202) to work on /home/airflow/.local/lib/python3.7/site-packages/airflow/example_dags/example_xcom.py
[2023-01-25 22:25:23,341] {processor.py:641} INFO - Processing file /home/airflow/.local/lib/python3.7/site-packages/airflow/example_dags/example_xcom.py for tasks to queue
[2023-01-25 22:25:23,344] {logging_mixin.py:115} INFO - [2023-01-25 22:25:23,343] {dagbag.py:508} INFO - Filling up the DagBag from /home/airflow/.local/lib/python3.7/site-packages/airflow/example_dags/example_xcom.py
[2023-01-25 22:25:23,734] {processor.py:651} INFO - DAG(s) dict_keys(['example_xcom']) retrieved from /home/airflow/.local/lib/python3.7/site-packages/airflow/example_dags/example_xcom.py
[2023-01-25 22:25:24,078] {logging_mixin.py:115} INFO - [2023-01-25 22:25:24,077] {dag.py:2420} INFO - Sync 1 DAGs
[2023-01-25 22:25:24,387] {logging_mixin.py:115} INFO - [2023-01-25 22:25:24,386] {dag.py:2972} INFO - Setting next_dagrun for example_xcom to 2021-01-01T00:00:00+00:00, run_after=2021-01-01T00:00:00+00:00
[2023-01-25 22:25:24,441] {processor.py:161} INFO - Processing /home/airflow/.local/lib/python3.7/site-packages/airflow/example_dags/example_xcom.py took 1.132 seconds
[2023-01-25 22:25:54,748] {processor.py:153} INFO - Started process (PID=316) to work on /home/airflow/.local/lib/python3.7/site-packages/airflow/example_dags/example_xcom.py
[2023-01-25 22:25:54,751] {processor.py:641} INFO - Processing file /home/airflow/.local/lib/python3.7/site-packages/airflow/example_dags/example_xcom.py for tasks to queue
[2023-01-25 22:25:54,754] {logging_mixin.py:115} INFO - [2023-01-25 22:25:54,753] {dagbag.py:508} INFO - Filling up the DagBag from /home/airflow/.local/lib/python3.7/site-packages/airflow/example_dags/example_xcom.py
[2023-01-25 22:25:55,069] {processor.py:651} INFO - DAG(s) dict_keys(['example_xcom']) retrieved from /home/airflow/.local/lib/python3.7/site-packages/airflow/example_dags/example_xcom.py
[2023-01-25 22:25:55,346] {logging_mixin.py:115} INFO - [2023-01-25 22:25:55,345] {dag.py:2420} INFO - Sync 1 DAGs
[2023-01-25 22:25:55,443] {logging_mixin.py:115} INFO - [2023-01-25 22:25:55,443] {dag.py:2972} INFO - Setting next_dagrun for example_xcom to 2021-01-01T00:00:00+00:00, run_after=2021-01-01T00:00:00+00:00
[2023-01-25 22:25:55,493] {processor.py:161} INFO - Processing /home/airflow/.local/lib/python3.7/site-packages/airflow/example_dags/example_xcom.py took 0.755 seconds
[2023-01-25 22:26:25,687] {processor.py:153} INFO - Started process (PID=430) to work on /home/airflow/.local/lib/python3.7/site-packages/airflow/example_dags/example_xcom.py
[2023-01-25 22:26:25,689] {processor.py:641} INFO - Processing file /home/airflow/.local/lib/python3.7/site-packages/airflow/example_dags/example_xcom.py for tasks to queue
[2023-01-25 22:26:25,691] {logging_mixin.py:115} INFO - [2023-01-25 22:26:25,691] {dagbag.py:508} INFO - Filling up the DagBag from /home/airflow/.local/lib/python3.7/site-packages/airflow/example_dags/example_xcom.py
[2023-01-25 22:26:25,964] {processor.py:651} INFO - DAG(s) dict_keys(['example_xcom']) retrieved from /home/airflow/.local/lib/python3.7/site-packages/airflow/example_dags/example_xcom.py
[2023-01-25 22:26:26,278] {logging_mixin.py:115} INFO - [2023-01-25 22:26:26,277] {dag.py:2420} INFO - Sync 1 DAGs
[2023-01-25 22:26:26,371] {logging_mixin.py:115} INFO - [2023-01-25 22:26:26,371] {dag.py:2972} INFO - Setting next_dagrun for example_xcom to 2021-01-01T00:00:00+00:00, run_after=2021-01-01T00:00:00+00:00
[2023-01-25 22:26:26,416] {processor.py:161} INFO - Processing /home/airflow/.local/lib/python3.7/site-packages/airflow/example_dags/example_xcom.py took 0.737 seconds
[2023-01-25 22:26:58,364] {processor.py:153} INFO - Started process (PID=544) to work on /home/airflow/.local/lib/python3.7/site-packages/airflow/example_dags/example_xcom.py
[2023-01-25 22:26:58,366] {processor.py:641} INFO - Processing file /home/airflow/.local/lib/python3.7/site-packages/airflow/example_dags/example_xcom.py for tasks to queue
[2023-01-25 22:26:58,369] {logging_mixin.py:115} INFO - [2023-01-25 22:26:58,368] {dagbag.py:508} INFO - Filling up the DagBag from /home/airflow/.local/lib/python3.7/site-packages/airflow/example_dags/example_xcom.py
[2023-01-25 22:26:58,673] {processor.py:651} INFO - DAG(s) dict_keys(['example_xcom']) retrieved from /home/airflow/.local/lib/python3.7/site-packages/airflow/example_dags/example_xcom.py
[2023-01-25 22:26:58,952] {logging_mixin.py:115} INFO - [2023-01-25 22:26:58,951] {dag.py:2420} INFO - Sync 1 DAGs
[2023-01-25 22:26:59,049] {logging_mixin.py:115} INFO - [2023-01-25 22:26:59,048] {dag.py:2972} INFO - Setting next_dagrun for example_xcom to 2021-01-01T00:00:00+00:00, run_after=2021-01-01T00:00:00+00:00
[2023-01-25 22:26:59,095] {processor.py:161} INFO - Processing /home/airflow/.local/lib/python3.7/site-packages/airflow/example_dags/example_xcom.py took 0.740 seconds
[2023-01-25 22:27:30,915] {processor.py:153} INFO - Started process (PID=658) to work on /home/airflow/.local/lib/python3.7/site-packages/airflow/example_dags/example_xcom.py
[2023-01-25 22:27:30,917] {processor.py:641} INFO - Processing file /home/airflow/.local/lib/python3.7/site-packages/airflow/example_dags/example_xcom.py for tasks to queue
[2023-01-25 22:27:30,919] {logging_mixin.py:115} INFO - [2023-01-25 22:27:30,918] {dagbag.py:508} INFO - Filling up the DagBag from /home/airflow/.local/lib/python3.7/site-packages/airflow/example_dags/example_xcom.py
[2023-01-25 22:27:31,162] {processor.py:651} INFO - DAG(s) dict_keys(['example_xcom']) retrieved from /home/airflow/.local/lib/python3.7/site-packages/airflow/example_dags/example_xcom.py
[2023-01-25 22:27:31,475] {logging_mixin.py:115} INFO - [2023-01-25 22:27:31,474] {dag.py:2420} INFO - Sync 1 DAGs
[2023-01-25 22:27:31,583] {logging_mixin.py:115} INFO - [2023-01-25 22:27:31,582] {dag.py:2972} INFO - Setting next_dagrun for example_xcom to 2021-01-01T00:00:00+00:00, run_after=2021-01-01T00:00:00+00:00
[2023-01-25 22:27:31,637] {processor.py:161} INFO - Processing /home/airflow/.local/lib/python3.7/site-packages/airflow/example_dags/example_xcom.py took 0.729 seconds
[2023-01-25 22:28:04,148] {processor.py:153} INFO - Started process (PID=789) to work on /home/airflow/.local/lib/python3.7/site-packages/airflow/example_dags/example_xcom.py
[2023-01-25 22:28:04,150] {processor.py:641} INFO - Processing file /home/airflow/.local/lib/python3.7/site-packages/airflow/example_dags/example_xcom.py for tasks to queue
[2023-01-25 22:28:04,152] {logging_mixin.py:115} INFO - [2023-01-25 22:28:04,152] {dagbag.py:508} INFO - Filling up the DagBag from /home/airflow/.local/lib/python3.7/site-packages/airflow/example_dags/example_xcom.py
[2023-01-25 22:28:04,415] {processor.py:651} INFO - DAG(s) dict_keys(['example_xcom']) retrieved from /home/airflow/.local/lib/python3.7/site-packages/airflow/example_dags/example_xcom.py
[2023-01-25 22:28:04,710] {logging_mixin.py:115} INFO - [2023-01-25 22:28:04,709] {dag.py:2420} INFO - Sync 1 DAGs
[2023-01-25 22:28:04,814] {logging_mixin.py:115} INFO - [2023-01-25 22:28:04,813] {dag.py:2972} INFO - Setting next_dagrun for example_xcom to 2021-01-01T00:00:00+00:00, run_after=2021-01-01T00:00:00+00:00
[2023-01-25 22:28:04,875] {processor.py:161} INFO - Processing /home/airflow/.local/lib/python3.7/site-packages/airflow/example_dags/example_xcom.py took 0.736 seconds
[2023-01-25 22:28:38,788] {processor.py:153} INFO - Started process (PID=903) to work on /home/airflow/.local/lib/python3.7/site-packages/airflow/example_dags/example_xcom.py
[2023-01-25 22:28:38,791] {processor.py:641} INFO - Processing file /home/airflow/.local/lib/python3.7/site-packages/airflow/example_dags/example_xcom.py for tasks to queue
[2023-01-25 22:28:38,794] {logging_mixin.py:115} INFO - [2023-01-25 22:28:38,793] {dagbag.py:508} INFO - Filling up the DagBag from /home/airflow/.local/lib/python3.7/site-packages/airflow/example_dags/example_xcom.py
[2023-01-25 22:28:39,044] {processor.py:651} INFO - DAG(s) dict_keys(['example_xcom']) retrieved from /home/airflow/.local/lib/python3.7/site-packages/airflow/example_dags/example_xcom.py
[2023-01-25 22:28:39,345] {logging_mixin.py:115} INFO - [2023-01-25 22:28:39,344] {dag.py:2420} INFO - Sync 1 DAGs
[2023-01-25 22:28:39,453] {logging_mixin.py:115} INFO - [2023-01-25 22:28:39,452] {dag.py:2972} INFO - Setting next_dagrun for example_xcom to 2021-01-01T00:00:00+00:00, run_after=2021-01-01T00:00:00+00:00
[2023-01-25 22:28:39,504] {processor.py:161} INFO - Processing /home/airflow/.local/lib/python3.7/site-packages/airflow/example_dags/example_xcom.py took 0.725 seconds
[2023-01-25 22:29:11,522] {processor.py:153} INFO - Started process (PID=1017) to work on /home/airflow/.local/lib/python3.7/site-packages/airflow/example_dags/example_xcom.py
[2023-01-25 22:29:11,525] {processor.py:641} INFO - Processing file /home/airflow/.local/lib/python3.7/site-packages/airflow/example_dags/example_xcom.py for tasks to queue
[2023-01-25 22:29:11,527] {logging_mixin.py:115} INFO - [2023-01-25 22:29:11,527] {dagbag.py:508} INFO - Filling up the DagBag from /home/airflow/.local/lib/python3.7/site-packages/airflow/example_dags/example_xcom.py
[2023-01-25 22:29:11,787] {processor.py:651} INFO - DAG(s) dict_keys(['example_xcom']) retrieved from /home/airflow/.local/lib/python3.7/site-packages/airflow/example_dags/example_xcom.py
[2023-01-25 22:29:12,083] {logging_mixin.py:115} INFO - [2023-01-25 22:29:12,082] {dag.py:2420} INFO - Sync 1 DAGs
[2023-01-25 22:29:12,189] {logging_mixin.py:115} INFO - [2023-01-25 22:29:12,188] {dag.py:2972} INFO - Setting next_dagrun for example_xcom to 2021-01-01T00:00:00+00:00, run_after=2021-01-01T00:00:00+00:00
[2023-01-25 22:29:12,240] {processor.py:161} INFO - Processing /home/airflow/.local/lib/python3.7/site-packages/airflow/example_dags/example_xcom.py took 0.728 seconds
[2023-01-25 22:29:44,280] {processor.py:153} INFO - Started process (PID=1131) to work on /home/airflow/.local/lib/python3.7/site-packages/airflow/example_dags/example_xcom.py
[2023-01-25 22:29:44,282] {processor.py:641} INFO - Processing file /home/airflow/.local/lib/python3.7/site-packages/airflow/example_dags/example_xcom.py for tasks to queue
[2023-01-25 22:29:44,284] {logging_mixin.py:115} INFO - [2023-01-25 22:29:44,284] {dagbag.py:508} INFO - Filling up the DagBag from /home/airflow/.local/lib/python3.7/site-packages/airflow/example_dags/example_xcom.py
[2023-01-25 22:29:44,612] {processor.py:651} INFO - DAG(s) dict_keys(['example_xcom']) retrieved from /home/airflow/.local/lib/python3.7/site-packages/airflow/example_dags/example_xcom.py
[2023-01-25 22:29:44,936] {logging_mixin.py:115} INFO - [2023-01-25 22:29:44,935] {dag.py:2420} INFO - Sync 1 DAGs
[2023-01-25 22:29:45,063] {logging_mixin.py:115} INFO - [2023-01-25 22:29:45,062] {dag.py:2972} INFO - Setting next_dagrun for example_xcom to 2021-01-01T00:00:00+00:00, run_after=2021-01-01T00:00:00+00:00
[2023-01-25 22:29:45,115] {processor.py:161} INFO - Processing /home/airflow/.local/lib/python3.7/site-packages/airflow/example_dags/example_xcom.py took 0.846 seconds
[2023-01-25 22:30:17,756] {processor.py:153} INFO - Started process (PID=1246) to work on /home/airflow/.local/lib/python3.7/site-packages/airflow/example_dags/example_xcom.py
[2023-01-25 22:30:17,761] {processor.py:641} INFO - Processing file /home/airflow/.local/lib/python3.7/site-packages/airflow/example_dags/example_xcom.py for tasks to queue
[2023-01-25 22:30:17,763] {logging_mixin.py:115} INFO - [2023-01-25 22:30:17,763] {dagbag.py:508} INFO - Filling up the DagBag from /home/airflow/.local/lib/python3.7/site-packages/airflow/example_dags/example_xcom.py
[2023-01-25 22:30:18,049] {processor.py:651} INFO - DAG(s) dict_keys(['example_xcom']) retrieved from /home/airflow/.local/lib/python3.7/site-packages/airflow/example_dags/example_xcom.py
[2023-01-25 22:30:18,351] {logging_mixin.py:115} INFO - [2023-01-25 22:30:18,351] {dag.py:2420} INFO - Sync 1 DAGs
[2023-01-25 22:30:18,456] {logging_mixin.py:115} INFO - [2023-01-25 22:30:18,455] {dag.py:2972} INFO - Setting next_dagrun for example_xcom to 2021-01-01T00:00:00+00:00, run_after=2021-01-01T00:00:00+00:00
[2023-01-25 22:30:18,504] {processor.py:161} INFO - Processing /home/airflow/.local/lib/python3.7/site-packages/airflow/example_dags/example_xcom.py took 0.759 seconds
[2023-01-25 22:30:49,916] {processor.py:153} INFO - Started process (PID=1361) to work on /home/airflow/.local/lib/python3.7/site-packages/airflow/example_dags/example_xcom.py
[2023-01-25 22:30:49,919] {processor.py:641} INFO - Processing file /home/airflow/.local/lib/python3.7/site-packages/airflow/example_dags/example_xcom.py for tasks to queue
[2023-01-25 22:30:49,922] {logging_mixin.py:115} INFO - [2023-01-25 22:30:49,922] {dagbag.py:508} INFO - Filling up the DagBag from /home/airflow/.local/lib/python3.7/site-packages/airflow/example_dags/example_xcom.py
[2023-01-25 22:30:50,169] {processor.py:651} INFO - DAG(s) dict_keys(['example_xcom']) retrieved from /home/airflow/.local/lib/python3.7/site-packages/airflow/example_dags/example_xcom.py
[2023-01-25 22:30:50,458] {logging_mixin.py:115} INFO - [2023-01-25 22:30:50,458] {dag.py:2420} INFO - Sync 1 DAGs
[2023-01-25 22:30:50,549] {logging_mixin.py:115} INFO - [2023-01-25 22:30:50,549] {dag.py:2972} INFO - Setting next_dagrun for example_xcom to 2021-01-01T00:00:00+00:00, run_after=2021-01-01T00:00:00+00:00
[2023-01-25 22:30:50,593] {processor.py:161} INFO - Processing /home/airflow/.local/lib/python3.7/site-packages/airflow/example_dags/example_xcom.py took 0.688 seconds
[2023-01-25 22:31:20,948] {processor.py:153} INFO - Started process (PID=1471) to work on /home/airflow/.local/lib/python3.7/site-packages/airflow/example_dags/example_xcom.py
[2023-01-25 22:31:20,950] {processor.py:641} INFO - Processing file /home/airflow/.local/lib/python3.7/site-packages/airflow/example_dags/example_xcom.py for tasks to queue
[2023-01-25 22:31:20,953] {logging_mixin.py:115} INFO - [2023-01-25 22:31:20,952] {dagbag.py:508} INFO - Filling up the DagBag from /home/airflow/.local/lib/python3.7/site-packages/airflow/example_dags/example_xcom.py
[2023-01-25 22:31:21,186] {processor.py:651} INFO - DAG(s) dict_keys(['example_xcom']) retrieved from /home/airflow/.local/lib/python3.7/site-packages/airflow/example_dags/example_xcom.py
[2023-01-25 22:31:21,435] {logging_mixin.py:115} INFO - [2023-01-25 22:31:21,435] {dag.py:2420} INFO - Sync 1 DAGs
[2023-01-25 22:31:21,517] {logging_mixin.py:115} INFO - [2023-01-25 22:31:21,516] {dag.py:2972} INFO - Setting next_dagrun for example_xcom to 2021-01-01T00:00:00+00:00, run_after=2021-01-01T00:00:00+00:00
[2023-01-25 22:31:21,560] {processor.py:161} INFO - Processing /home/airflow/.local/lib/python3.7/site-packages/airflow/example_dags/example_xcom.py took 0.619 seconds
[2023-01-25 22:31:53,138] {processor.py:153} INFO - Started process (PID=1584) to work on /home/airflow/.local/lib/python3.7/site-packages/airflow/example_dags/example_xcom.py
[2023-01-25 22:31:53,140] {processor.py:641} INFO - Processing file /home/airflow/.local/lib/python3.7/site-packages/airflow/example_dags/example_xcom.py for tasks to queue
[2023-01-25 22:31:53,143] {logging_mixin.py:115} INFO - [2023-01-25 22:31:53,143] {dagbag.py:508} INFO - Filling up the DagBag from /home/airflow/.local/lib/python3.7/site-packages/airflow/example_dags/example_xcom.py
[2023-01-25 22:31:53,378] {processor.py:651} INFO - DAG(s) dict_keys(['example_xcom']) retrieved from /home/airflow/.local/lib/python3.7/site-packages/airflow/example_dags/example_xcom.py
[2023-01-25 22:31:53,659] {logging_mixin.py:115} INFO - [2023-01-25 22:31:53,659] {dag.py:2420} INFO - Sync 1 DAGs
[2023-01-25 22:31:53,754] {logging_mixin.py:115} INFO - [2023-01-25 22:31:53,753] {dag.py:2972} INFO - Setting next_dagrun for example_xcom to 2021-01-01T00:00:00+00:00, run_after=2021-01-01T00:00:00+00:00
[2023-01-25 22:31:53,795] {processor.py:161} INFO - Processing /home/airflow/.local/lib/python3.7/site-packages/airflow/example_dags/example_xcom.py took 0.665 seconds
[2023-01-25 22:32:24,571] {processor.py:153} INFO - Started process (PID=1698) to work on /home/airflow/.local/lib/python3.7/site-packages/airflow/example_dags/example_xcom.py
[2023-01-25 22:32:24,573] {processor.py:641} INFO - Processing file /home/airflow/.local/lib/python3.7/site-packages/airflow/example_dags/example_xcom.py for tasks to queue
[2023-01-25 22:32:24,576] {logging_mixin.py:115} INFO - [2023-01-25 22:32:24,576] {dagbag.py:508} INFO - Filling up the DagBag from /home/airflow/.local/lib/python3.7/site-packages/airflow/example_dags/example_xcom.py
[2023-01-25 22:32:24,822] {processor.py:651} INFO - DAG(s) dict_keys(['example_xcom']) retrieved from /home/airflow/.local/lib/python3.7/site-packages/airflow/example_dags/example_xcom.py
[2023-01-25 22:32:25,127] {logging_mixin.py:115} INFO - [2023-01-25 22:32:25,126] {dag.py:2420} INFO - Sync 1 DAGs
[2023-01-25 22:32:25,225] {logging_mixin.py:115} INFO - [2023-01-25 22:32:25,224] {dag.py:2972} INFO - Setting next_dagrun for example_xcom to 2021-01-01T00:00:00+00:00, run_after=2021-01-01T00:00:00+00:00
[2023-01-25 22:32:25,284] {processor.py:161} INFO - Processing /home/airflow/.local/lib/python3.7/site-packages/airflow/example_dags/example_xcom.py took 0.721 seconds
[2023-01-25 22:32:55,550] {processor.py:153} INFO - Started process (PID=1809) to work on /home/airflow/.local/lib/python3.7/site-packages/airflow/example_dags/example_xcom.py
[2023-01-25 22:32:55,552] {processor.py:641} INFO - Processing file /home/airflow/.local/lib/python3.7/site-packages/airflow/example_dags/example_xcom.py for tasks to queue
[2023-01-25 22:32:55,554] {logging_mixin.py:115} INFO - [2023-01-25 22:32:55,554] {dagbag.py:508} INFO - Filling up the DagBag from /home/airflow/.local/lib/python3.7/site-packages/airflow/example_dags/example_xcom.py
[2023-01-25 22:32:55,839] {processor.py:651} INFO - DAG(s) dict_keys(['example_xcom']) retrieved from /home/airflow/.local/lib/python3.7/site-packages/airflow/example_dags/example_xcom.py
[2023-01-25 22:32:56,131] {logging_mixin.py:115} INFO - [2023-01-25 22:32:56,130] {dag.py:2420} INFO - Sync 1 DAGs
[2023-01-25 22:32:56,244] {logging_mixin.py:115} INFO - [2023-01-25 22:32:56,243] {dag.py:2972} INFO - Setting next_dagrun for example_xcom to 2021-01-01T00:00:00+00:00, run_after=2021-01-01T00:00:00+00:00
[2023-01-25 22:32:56,293] {processor.py:161} INFO - Processing /home/airflow/.local/lib/python3.7/site-packages/airflow/example_dags/example_xcom.py took 0.752 seconds
[2023-01-25 22:33:27,481] {processor.py:153} INFO - Started process (PID=1923) to work on /home/airflow/.local/lib/python3.7/site-packages/airflow/example_dags/example_xcom.py
[2023-01-25 22:33:27,487] {processor.py:641} INFO - Processing file /home/airflow/.local/lib/python3.7/site-packages/airflow/example_dags/example_xcom.py for tasks to queue
[2023-01-25 22:33:27,489] {logging_mixin.py:115} INFO - [2023-01-25 22:33:27,489] {dagbag.py:508} INFO - Filling up the DagBag from /home/airflow/.local/lib/python3.7/site-packages/airflow/example_dags/example_xcom.py
[2023-01-25 22:33:27,741] {processor.py:651} INFO - DAG(s) dict_keys(['example_xcom']) retrieved from /home/airflow/.local/lib/python3.7/site-packages/airflow/example_dags/example_xcom.py
[2023-01-25 22:33:28,020] {logging_mixin.py:115} INFO - [2023-01-25 22:33:28,020] {dag.py:2420} INFO - Sync 1 DAGs
[2023-01-25 22:33:28,123] {logging_mixin.py:115} INFO - [2023-01-25 22:33:28,122] {dag.py:2972} INFO - Setting next_dagrun for example_xcom to 2021-01-01T00:00:00+00:00, run_after=2021-01-01T00:00:00+00:00
[2023-01-25 22:33:28,170] {processor.py:161} INFO - Processing /home/airflow/.local/lib/python3.7/site-packages/airflow/example_dags/example_xcom.py took 0.698 seconds
[2023-01-25 22:33:58,915] {processor.py:153} INFO - Started process (PID=2037) to work on /home/airflow/.local/lib/python3.7/site-packages/airflow/example_dags/example_xcom.py
[2023-01-25 22:33:58,917] {processor.py:641} INFO - Processing file /home/airflow/.local/lib/python3.7/site-packages/airflow/example_dags/example_xcom.py for tasks to queue
[2023-01-25 22:33:58,919] {logging_mixin.py:115} INFO - [2023-01-25 22:33:58,919] {dagbag.py:508} INFO - Filling up the DagBag from /home/airflow/.local/lib/python3.7/site-packages/airflow/example_dags/example_xcom.py
[2023-01-25 22:33:59,192] {processor.py:651} INFO - DAG(s) dict_keys(['example_xcom']) retrieved from /home/airflow/.local/lib/python3.7/site-packages/airflow/example_dags/example_xcom.py
[2023-01-25 22:33:59,473] {logging_mixin.py:115} INFO - [2023-01-25 22:33:59,473] {dag.py:2420} INFO - Sync 1 DAGs
[2023-01-25 22:33:59,566] {logging_mixin.py:115} INFO - [2023-01-25 22:33:59,566] {dag.py:2972} INFO - Setting next_dagrun for example_xcom to 2021-01-01T00:00:00+00:00, run_after=2021-01-01T00:00:00+00:00
[2023-01-25 22:33:59,612] {processor.py:161} INFO - Processing /home/airflow/.local/lib/python3.7/site-packages/airflow/example_dags/example_xcom.py took 0.705 seconds
[2023-01-25 22:34:30,776] {processor.py:153} INFO - Started process (PID=2153) to work on /home/airflow/.local/lib/python3.7/site-packages/airflow/example_dags/example_xcom.py
[2023-01-25 22:34:30,777] {processor.py:641} INFO - Processing file /home/airflow/.local/lib/python3.7/site-packages/airflow/example_dags/example_xcom.py for tasks to queue
[2023-01-25 22:34:30,779] {logging_mixin.py:115} INFO - [2023-01-25 22:34:30,779] {dagbag.py:508} INFO - Filling up the DagBag from /home/airflow/.local/lib/python3.7/site-packages/airflow/example_dags/example_xcom.py
[2023-01-25 22:34:31,014] {processor.py:651} INFO - DAG(s) dict_keys(['example_xcom']) retrieved from /home/airflow/.local/lib/python3.7/site-packages/airflow/example_dags/example_xcom.py
[2023-01-25 22:34:31,310] {logging_mixin.py:115} INFO - [2023-01-25 22:34:31,310] {dag.py:2420} INFO - Sync 1 DAGs
[2023-01-25 22:34:31,408] {logging_mixin.py:115} INFO - [2023-01-25 22:34:31,407] {dag.py:2972} INFO - Setting next_dagrun for example_xcom to 2021-01-01T00:00:00+00:00, run_after=2021-01-01T00:00:00+00:00
[2023-01-25 22:34:31,458] {processor.py:161} INFO - Processing /home/airflow/.local/lib/python3.7/site-packages/airflow/example_dags/example_xcom.py took 0.691 seconds
[2023-01-25 22:35:02,704] {processor.py:153} INFO - Started process (PID=2266) to work on /home/airflow/.local/lib/python3.7/site-packages/airflow/example_dags/example_xcom.py
[2023-01-25 22:35:02,706] {processor.py:641} INFO - Processing file /home/airflow/.local/lib/python3.7/site-packages/airflow/example_dags/example_xcom.py for tasks to queue
[2023-01-25 22:35:02,708] {logging_mixin.py:115} INFO - [2023-01-25 22:35:02,708] {dagbag.py:508} INFO - Filling up the DagBag from /home/airflow/.local/lib/python3.7/site-packages/airflow/example_dags/example_xcom.py
[2023-01-25 22:35:02,787] {processor.py:651} INFO - DAG(s) dict_keys(['example_xcom']) retrieved from /home/airflow/.local/lib/python3.7/site-packages/airflow/example_dags/example_xcom.py
[2023-01-25 22:35:03,072] {logging_mixin.py:115} INFO - [2023-01-25 22:35:03,071] {dag.py:2420} INFO - Sync 1 DAGs
[2023-01-25 22:35:03,157] {logging_mixin.py:115} INFO - [2023-01-25 22:35:03,156] {dag.py:2972} INFO - Setting next_dagrun for example_xcom to 2021-01-01T00:00:00+00:00, run_after=2021-01-01T00:00:00+00:00
[2023-01-25 22:35:03,196] {processor.py:161} INFO - Processing /home/airflow/.local/lib/python3.7/site-packages/airflow/example_dags/example_xcom.py took 0.500 seconds
[2023-01-25 22:35:34,314] {processor.py:153} INFO - Started process (PID=2378) to work on /home/airflow/.local/lib/python3.7/site-packages/airflow/example_dags/example_xcom.py
[2023-01-25 22:35:34,315] {processor.py:641} INFO - Processing file /home/airflow/.local/lib/python3.7/site-packages/airflow/example_dags/example_xcom.py for tasks to queue
[2023-01-25 22:35:34,318] {logging_mixin.py:115} INFO - [2023-01-25 22:35:34,317] {dagbag.py:508} INFO - Filling up the DagBag from /home/airflow/.local/lib/python3.7/site-packages/airflow/example_dags/example_xcom.py
[2023-01-25 22:35:34,402] {processor.py:651} INFO - DAG(s) dict_keys(['example_xcom']) retrieved from /home/airflow/.local/lib/python3.7/site-packages/airflow/example_dags/example_xcom.py
[2023-01-25 22:35:34,760] {logging_mixin.py:115} INFO - [2023-01-25 22:35:34,759] {dag.py:2420} INFO - Sync 1 DAGs
[2023-01-25 22:35:34,865] {logging_mixin.py:115} INFO - [2023-01-25 22:35:34,865] {dag.py:2972} INFO - Setting next_dagrun for example_xcom to 2021-01-01T00:00:00+00:00, run_after=2021-01-01T00:00:00+00:00
[2023-01-25 22:35:34,910] {processor.py:161} INFO - Processing /home/airflow/.local/lib/python3.7/site-packages/airflow/example_dags/example_xcom.py took 0.606 seconds
[2023-01-25 22:36:05,299] {processor.py:153} INFO - Started process (PID=2491) to work on /home/airflow/.local/lib/python3.7/site-packages/airflow/example_dags/example_xcom.py
[2023-01-25 22:36:05,301] {processor.py:641} INFO - Processing file /home/airflow/.local/lib/python3.7/site-packages/airflow/example_dags/example_xcom.py for tasks to queue
[2023-01-25 22:36:05,303] {logging_mixin.py:115} INFO - [2023-01-25 22:36:05,303] {dagbag.py:508} INFO - Filling up the DagBag from /home/airflow/.local/lib/python3.7/site-packages/airflow/example_dags/example_xcom.py
[2023-01-25 22:36:05,381] {processor.py:651} INFO - DAG(s) dict_keys(['example_xcom']) retrieved from /home/airflow/.local/lib/python3.7/site-packages/airflow/example_dags/example_xcom.py
[2023-01-25 22:36:05,704] {logging_mixin.py:115} INFO - [2023-01-25 22:36:05,703] {dag.py:2420} INFO - Sync 1 DAGs
[2023-01-25 22:36:05,808] {logging_mixin.py:115} INFO - [2023-01-25 22:36:05,807] {dag.py:2972} INFO - Setting next_dagrun for example_xcom to 2021-01-01T00:00:00+00:00, run_after=2021-01-01T00:00:00+00:00
[2023-01-25 22:36:05,875] {processor.py:161} INFO - Processing /home/airflow/.local/lib/python3.7/site-packages/airflow/example_dags/example_xcom.py took 0.585 seconds
[2023-01-25 22:36:36,132] {processor.py:153} INFO - Started process (PID=2603) to work on /home/airflow/.local/lib/python3.7/site-packages/airflow/example_dags/example_xcom.py
[2023-01-25 22:36:36,134] {processor.py:641} INFO - Processing file /home/airflow/.local/lib/python3.7/site-packages/airflow/example_dags/example_xcom.py for tasks to queue
[2023-01-25 22:36:36,136] {logging_mixin.py:115} INFO - [2023-01-25 22:36:36,136] {dagbag.py:508} INFO - Filling up the DagBag from /home/airflow/.local/lib/python3.7/site-packages/airflow/example_dags/example_xcom.py
[2023-01-25 22:36:36,215] {processor.py:651} INFO - DAG(s) dict_keys(['example_xcom']) retrieved from /home/airflow/.local/lib/python3.7/site-packages/airflow/example_dags/example_xcom.py
[2023-01-25 22:36:36,516] {logging_mixin.py:115} INFO - [2023-01-25 22:36:36,515] {dag.py:2420} INFO - Sync 1 DAGs
[2023-01-25 22:36:36,617] {logging_mixin.py:115} INFO - [2023-01-25 22:36:36,617] {dag.py:2972} INFO - Setting next_dagrun for example_xcom to 2021-01-01T00:00:00+00:00, run_after=2021-01-01T00:00:00+00:00
[2023-01-25 22:36:36,668] {processor.py:161} INFO - Processing /home/airflow/.local/lib/python3.7/site-packages/airflow/example_dags/example_xcom.py took 0.544 seconds
[2023-01-25 22:37:06,752] {processor.py:153} INFO - Started process (PID=2716) to work on /home/airflow/.local/lib/python3.7/site-packages/airflow/example_dags/example_xcom.py
[2023-01-25 22:37:06,755] {processor.py:641} INFO - Processing file /home/airflow/.local/lib/python3.7/site-packages/airflow/example_dags/example_xcom.py for tasks to queue
[2023-01-25 22:37:06,757] {logging_mixin.py:115} INFO - [2023-01-25 22:37:06,757] {dagbag.py:508} INFO - Filling up the DagBag from /home/airflow/.local/lib/python3.7/site-packages/airflow/example_dags/example_xcom.py
[2023-01-25 22:37:06,835] {processor.py:651} INFO - DAG(s) dict_keys(['example_xcom']) retrieved from /home/airflow/.local/lib/python3.7/site-packages/airflow/example_dags/example_xcom.py
[2023-01-25 22:37:07,144] {logging_mixin.py:115} INFO - [2023-01-25 22:37:07,143] {dag.py:2420} INFO - Sync 1 DAGs
[2023-01-25 22:37:07,261] {logging_mixin.py:115} INFO - [2023-01-25 22:37:07,261] {dag.py:2972} INFO - Setting next_dagrun for example_xcom to 2021-01-01T00:00:00+00:00, run_after=2021-01-01T00:00:00+00:00
[2023-01-25 22:37:07,311] {processor.py:161} INFO - Processing /home/airflow/.local/lib/python3.7/site-packages/airflow/example_dags/example_xcom.py took 0.568 seconds
[2023-01-25 22:37:37,430] {processor.py:153} INFO - Started process (PID=2830) to work on /home/airflow/.local/lib/python3.7/site-packages/airflow/example_dags/example_xcom.py
[2023-01-25 22:37:37,433] {processor.py:641} INFO - Processing file /home/airflow/.local/lib/python3.7/site-packages/airflow/example_dags/example_xcom.py for tasks to queue
[2023-01-25 22:37:37,435] {logging_mixin.py:115} INFO - [2023-01-25 22:37:37,435] {dagbag.py:508} INFO - Filling up the DagBag from /home/airflow/.local/lib/python3.7/site-packages/airflow/example_dags/example_xcom.py
[2023-01-25 22:37:37,520] {processor.py:651} INFO - DAG(s) dict_keys(['example_xcom']) retrieved from /home/airflow/.local/lib/python3.7/site-packages/airflow/example_dags/example_xcom.py
[2023-01-25 22:37:37,843] {logging_mixin.py:115} INFO - [2023-01-25 22:37:37,843] {dag.py:2420} INFO - Sync 1 DAGs
[2023-01-25 22:37:37,942] {logging_mixin.py:115} INFO - [2023-01-25 22:37:37,941] {dag.py:2972} INFO - Setting next_dagrun for example_xcom to 2021-01-01T00:00:00+00:00, run_after=2021-01-01T00:00:00+00:00
[2023-01-25 22:37:37,993] {processor.py:161} INFO - Processing /home/airflow/.local/lib/python3.7/site-packages/airflow/example_dags/example_xcom.py took 0.573 seconds
[2023-01-25 22:38:10,346] {processor.py:153} INFO - Started process (PID=2944) to work on /home/airflow/.local/lib/python3.7/site-packages/airflow/example_dags/example_xcom.py
[2023-01-25 22:38:10,353] {processor.py:641} INFO - Processing file /home/airflow/.local/lib/python3.7/site-packages/airflow/example_dags/example_xcom.py for tasks to queue
[2023-01-25 22:38:10,356] {logging_mixin.py:115} INFO - [2023-01-25 22:38:10,356] {dagbag.py:508} INFO - Filling up the DagBag from /home/airflow/.local/lib/python3.7/site-packages/airflow/example_dags/example_xcom.py
[2023-01-25 22:38:10,465] {processor.py:651} INFO - DAG(s) dict_keys(['example_xcom']) retrieved from /home/airflow/.local/lib/python3.7/site-packages/airflow/example_dags/example_xcom.py
[2023-01-25 22:38:10,888] {logging_mixin.py:115} INFO - [2023-01-25 22:38:10,888] {dag.py:2420} INFO - Sync 1 DAGs
[2023-01-25 22:38:10,995] {logging_mixin.py:115} INFO - [2023-01-25 22:38:10,994] {dag.py:2972} INFO - Setting next_dagrun for example_xcom to 2021-01-01T00:00:00+00:00, run_after=2021-01-01T00:00:00+00:00
[2023-01-25 22:38:11,061] {processor.py:161} INFO - Processing /home/airflow/.local/lib/python3.7/site-packages/airflow/example_dags/example_xcom.py took 0.726 seconds
[2023-01-25 22:38:41,185] {processor.py:153} INFO - Started process (PID=3058) to work on /home/airflow/.local/lib/python3.7/site-packages/airflow/example_dags/example_xcom.py
[2023-01-25 22:38:41,188] {processor.py:641} INFO - Processing file /home/airflow/.local/lib/python3.7/site-packages/airflow/example_dags/example_xcom.py for tasks to queue
[2023-01-25 22:38:41,191] {logging_mixin.py:115} INFO - [2023-01-25 22:38:41,190] {dagbag.py:508} INFO - Filling up the DagBag from /home/airflow/.local/lib/python3.7/site-packages/airflow/example_dags/example_xcom.py
[2023-01-25 22:38:41,271] {processor.py:651} INFO - DAG(s) dict_keys(['example_xcom']) retrieved from /home/airflow/.local/lib/python3.7/site-packages/airflow/example_dags/example_xcom.py
[2023-01-25 22:38:41,679] {logging_mixin.py:115} INFO - [2023-01-25 22:38:41,679] {dag.py:2420} INFO - Sync 1 DAGs
[2023-01-25 22:38:41,787] {logging_mixin.py:115} INFO - [2023-01-25 22:38:41,787] {dag.py:2972} INFO - Setting next_dagrun for example_xcom to 2021-01-01T00:00:00+00:00, run_after=2021-01-01T00:00:00+00:00
[2023-01-25 22:38:41,837] {processor.py:161} INFO - Processing /home/airflow/.local/lib/python3.7/site-packages/airflow/example_dags/example_xcom.py took 0.660 seconds
[2023-01-25 22:39:14,968] {processor.py:153} INFO - Started process (PID=3175) to work on /home/airflow/.local/lib/python3.7/site-packages/airflow/example_dags/example_xcom.py
[2023-01-25 22:39:14,971] {processor.py:641} INFO - Processing file /home/airflow/.local/lib/python3.7/site-packages/airflow/example_dags/example_xcom.py for tasks to queue
[2023-01-25 22:39:14,973] {logging_mixin.py:115} INFO - [2023-01-25 22:39:14,973] {dagbag.py:508} INFO - Filling up the DagBag from /home/airflow/.local/lib/python3.7/site-packages/airflow/example_dags/example_xcom.py
[2023-01-25 22:39:15,052] {processor.py:651} INFO - DAG(s) dict_keys(['example_xcom']) retrieved from /home/airflow/.local/lib/python3.7/site-packages/airflow/example_dags/example_xcom.py
[2023-01-25 22:39:15,146] {logging_mixin.py:115} INFO - [2023-01-25 22:39:15,146] {dag.py:2420} INFO - Sync 1 DAGs
[2023-01-25 22:39:15,240] {logging_mixin.py:115} INFO - [2023-01-25 22:39:15,239] {dag.py:2972} INFO - Setting next_dagrun for example_xcom to 2021-01-01T00:00:00+00:00, run_after=2021-01-01T00:00:00+00:00
[2023-01-25 22:39:15,279] {processor.py:161} INFO - Processing /home/airflow/.local/lib/python3.7/site-packages/airflow/example_dags/example_xcom.py took 0.319 seconds
[2023-01-25 22:39:47,517] {processor.py:153} INFO - Started process (PID=3288) to work on /home/airflow/.local/lib/python3.7/site-packages/airflow/example_dags/example_xcom.py
[2023-01-25 22:39:47,519] {processor.py:641} INFO - Processing file /home/airflow/.local/lib/python3.7/site-packages/airflow/example_dags/example_xcom.py for tasks to queue
[2023-01-25 22:39:47,521] {logging_mixin.py:115} INFO - [2023-01-25 22:39:47,521] {dagbag.py:508} INFO - Filling up the DagBag from /home/airflow/.local/lib/python3.7/site-packages/airflow/example_dags/example_xcom.py
[2023-01-25 22:39:47,600] {processor.py:651} INFO - DAG(s) dict_keys(['example_xcom']) retrieved from /home/airflow/.local/lib/python3.7/site-packages/airflow/example_dags/example_xcom.py
[2023-01-25 22:39:47,683] {logging_mixin.py:115} INFO - [2023-01-25 22:39:47,683] {dag.py:2420} INFO - Sync 1 DAGs
[2023-01-25 22:39:47,775] {logging_mixin.py:115} INFO - [2023-01-25 22:39:47,775] {dag.py:2972} INFO - Setting next_dagrun for example_xcom to 2021-01-01T00:00:00+00:00, run_after=2021-01-01T00:00:00+00:00
[2023-01-25 22:39:47,808] {processor.py:161} INFO - Processing /home/airflow/.local/lib/python3.7/site-packages/airflow/example_dags/example_xcom.py took 0.300 seconds
[2023-01-25 22:40:20,003] {processor.py:153} INFO - Started process (PID=3402) to work on /home/airflow/.local/lib/python3.7/site-packages/airflow/example_dags/example_xcom.py
[2023-01-25 22:40:20,005] {processor.py:641} INFO - Processing file /home/airflow/.local/lib/python3.7/site-packages/airflow/example_dags/example_xcom.py for tasks to queue
[2023-01-25 22:40:20,008] {logging_mixin.py:115} INFO - [2023-01-25 22:40:20,007] {dagbag.py:508} INFO - Filling up the DagBag from /home/airflow/.local/lib/python3.7/site-packages/airflow/example_dags/example_xcom.py
[2023-01-25 22:40:20,088] {processor.py:651} INFO - DAG(s) dict_keys(['example_xcom']) retrieved from /home/airflow/.local/lib/python3.7/site-packages/airflow/example_dags/example_xcom.py
[2023-01-25 22:40:20,383] {logging_mixin.py:115} INFO - [2023-01-25 22:40:20,383] {dag.py:2420} INFO - Sync 1 DAGs
[2023-01-25 22:40:20,474] {logging_mixin.py:115} INFO - [2023-01-25 22:40:20,473] {dag.py:2972} INFO - Setting next_dagrun for example_xcom to 2021-01-01T00:00:00+00:00, run_after=2021-01-01T00:00:00+00:00
[2023-01-25 22:40:20,518] {processor.py:161} INFO - Processing /home/airflow/.local/lib/python3.7/site-packages/airflow/example_dags/example_xcom.py took 0.524 seconds
[2023-01-25 22:40:52,962] {processor.py:153} INFO - Started process (PID=3516) to work on /home/airflow/.local/lib/python3.7/site-packages/airflow/example_dags/example_xcom.py
[2023-01-25 22:40:52,964] {processor.py:641} INFO - Processing file /home/airflow/.local/lib/python3.7/site-packages/airflow/example_dags/example_xcom.py for tasks to queue
[2023-01-25 22:40:52,966] {logging_mixin.py:115} INFO - [2023-01-25 22:40:52,965] {dagbag.py:508} INFO - Filling up the DagBag from /home/airflow/.local/lib/python3.7/site-packages/airflow/example_dags/example_xcom.py
[2023-01-25 22:40:53,038] {processor.py:651} INFO - DAG(s) dict_keys(['example_xcom']) retrieved from /home/airflow/.local/lib/python3.7/site-packages/airflow/example_dags/example_xcom.py
[2023-01-25 22:40:53,321] {logging_mixin.py:115} INFO - [2023-01-25 22:40:53,320] {dag.py:2420} INFO - Sync 1 DAGs
[2023-01-25 22:40:53,411] {logging_mixin.py:115} INFO - [2023-01-25 22:40:53,411] {dag.py:2972} INFO - Setting next_dagrun for example_xcom to 2021-01-01T00:00:00+00:00, run_after=2021-01-01T00:00:00+00:00
[2023-01-25 22:40:53,456] {processor.py:161} INFO - Processing /home/airflow/.local/lib/python3.7/site-packages/airflow/example_dags/example_xcom.py took 0.502 seconds
[2023-01-25 22:41:25,543] {processor.py:153} INFO - Started process (PID=3631) to work on /home/airflow/.local/lib/python3.7/site-packages/airflow/example_dags/example_xcom.py
[2023-01-25 22:41:25,544] {processor.py:641} INFO - Processing file /home/airflow/.local/lib/python3.7/site-packages/airflow/example_dags/example_xcom.py for tasks to queue
[2023-01-25 22:41:25,546] {logging_mixin.py:115} INFO - [2023-01-25 22:41:25,546] {dagbag.py:508} INFO - Filling up the DagBag from /home/airflow/.local/lib/python3.7/site-packages/airflow/example_dags/example_xcom.py
[2023-01-25 22:41:25,621] {processor.py:651} INFO - DAG(s) dict_keys(['example_xcom']) retrieved from /home/airflow/.local/lib/python3.7/site-packages/airflow/example_dags/example_xcom.py
[2023-01-25 22:41:25,923] {logging_mixin.py:115} INFO - [2023-01-25 22:41:25,923] {dag.py:2420} INFO - Sync 1 DAGs
[2023-01-25 22:41:26,016] {logging_mixin.py:115} INFO - [2023-01-25 22:41:26,015] {dag.py:2972} INFO - Setting next_dagrun for example_xcom to 2021-01-01T00:00:00+00:00, run_after=2021-01-01T00:00:00+00:00
[2023-01-25 22:41:26,060] {processor.py:161} INFO - Processing /home/airflow/.local/lib/python3.7/site-packages/airflow/example_dags/example_xcom.py took 0.526 seconds
[2023-01-25 22:41:58,536] {processor.py:153} INFO - Started process (PID=3744) to work on /home/airflow/.local/lib/python3.7/site-packages/airflow/example_dags/example_xcom.py
[2023-01-25 22:41:58,539] {processor.py:641} INFO - Processing file /home/airflow/.local/lib/python3.7/site-packages/airflow/example_dags/example_xcom.py for tasks to queue
[2023-01-25 22:41:58,541] {logging_mixin.py:115} INFO - [2023-01-25 22:41:58,541] {dagbag.py:508} INFO - Filling up the DagBag from /home/airflow/.local/lib/python3.7/site-packages/airflow/example_dags/example_xcom.py
[2023-01-25 22:41:58,620] {processor.py:651} INFO - DAG(s) dict_keys(['example_xcom']) retrieved from /home/airflow/.local/lib/python3.7/site-packages/airflow/example_dags/example_xcom.py
[2023-01-25 22:41:58,945] {logging_mixin.py:115} INFO - [2023-01-25 22:41:58,944] {dag.py:2420} INFO - Sync 1 DAGs
[2023-01-25 22:41:59,056] {logging_mixin.py:115} INFO - [2023-01-25 22:41:59,055] {dag.py:2972} INFO - Setting next_dagrun for example_xcom to 2021-01-01T00:00:00+00:00, run_after=2021-01-01T00:00:00+00:00
[2023-01-25 22:41:59,105] {processor.py:161} INFO - Processing /home/airflow/.local/lib/python3.7/site-packages/airflow/example_dags/example_xcom.py took 0.577 seconds
[2023-01-25 22:42:31,137] {processor.py:153} INFO - Started process (PID=3872) to work on /home/airflow/.local/lib/python3.7/site-packages/airflow/example_dags/example_xcom.py
[2023-01-25 22:42:31,139] {processor.py:641} INFO - Processing file /home/airflow/.local/lib/python3.7/site-packages/airflow/example_dags/example_xcom.py for tasks to queue
[2023-01-25 22:42:31,149] {logging_mixin.py:115} INFO - [2023-01-25 22:42:31,149] {dagbag.py:508} INFO - Filling up the DagBag from /home/airflow/.local/lib/python3.7/site-packages/airflow/example_dags/example_xcom.py
[2023-01-25 22:42:31,231] {processor.py:651} INFO - DAG(s) dict_keys(['example_xcom']) retrieved from /home/airflow/.local/lib/python3.7/site-packages/airflow/example_dags/example_xcom.py
[2023-01-25 22:42:31,529] {logging_mixin.py:115} INFO - [2023-01-25 22:42:31,529] {dag.py:2420} INFO - Sync 1 DAGs
[2023-01-25 22:42:31,636] {logging_mixin.py:115} INFO - [2023-01-25 22:42:31,635] {dag.py:2972} INFO - Setting next_dagrun for example_xcom to 2021-01-01T00:00:00+00:00, run_after=2021-01-01T00:00:00+00:00
[2023-01-25 22:42:31,691] {processor.py:161} INFO - Processing /home/airflow/.local/lib/python3.7/site-packages/airflow/example_dags/example_xcom.py took 0.563 seconds
[2023-01-25 22:43:05,116] {processor.py:153} INFO - Started process (PID=3992) to work on /home/airflow/.local/lib/python3.7/site-packages/airflow/example_dags/example_xcom.py
[2023-01-25 22:43:05,118] {processor.py:641} INFO - Processing file /home/airflow/.local/lib/python3.7/site-packages/airflow/example_dags/example_xcom.py for tasks to queue
[2023-01-25 22:43:05,121] {logging_mixin.py:115} INFO - [2023-01-25 22:43:05,120] {dagbag.py:508} INFO - Filling up the DagBag from /home/airflow/.local/lib/python3.7/site-packages/airflow/example_dags/example_xcom.py
[2023-01-25 22:43:05,209] {processor.py:651} INFO - DAG(s) dict_keys(['example_xcom']) retrieved from /home/airflow/.local/lib/python3.7/site-packages/airflow/example_dags/example_xcom.py
[2023-01-25 22:43:05,301] {logging_mixin.py:115} INFO - [2023-01-25 22:43:05,300] {dag.py:2420} INFO - Sync 1 DAGs
[2023-01-25 22:43:05,398] {logging_mixin.py:115} INFO - [2023-01-25 22:43:05,397] {dag.py:2972} INFO - Setting next_dagrun for example_xcom to 2021-01-01T00:00:00+00:00, run_after=2021-01-01T00:00:00+00:00
[2023-01-25 22:43:05,436] {processor.py:161} INFO - Processing /home/airflow/.local/lib/python3.7/site-packages/airflow/example_dags/example_xcom.py took 0.329 seconds
[2023-01-25 22:43:37,924] {processor.py:153} INFO - Started process (PID=4106) to work on /home/airflow/.local/lib/python3.7/site-packages/airflow/example_dags/example_xcom.py
[2023-01-25 22:43:37,926] {processor.py:641} INFO - Processing file /home/airflow/.local/lib/python3.7/site-packages/airflow/example_dags/example_xcom.py for tasks to queue
[2023-01-25 22:43:37,928] {logging_mixin.py:115} INFO - [2023-01-25 22:43:37,928] {dagbag.py:508} INFO - Filling up the DagBag from /home/airflow/.local/lib/python3.7/site-packages/airflow/example_dags/example_xcom.py
[2023-01-25 22:43:37,999] {processor.py:651} INFO - DAG(s) dict_keys(['example_xcom']) retrieved from /home/airflow/.local/lib/python3.7/site-packages/airflow/example_dags/example_xcom.py
[2023-01-25 22:43:38,298] {logging_mixin.py:115} INFO - [2023-01-25 22:43:38,298] {dag.py:2420} INFO - Sync 1 DAGs
[2023-01-25 22:43:38,398] {logging_mixin.py:115} INFO - [2023-01-25 22:43:38,398] {dag.py:2972} INFO - Setting next_dagrun for example_xcom to 2021-01-01T00:00:00+00:00, run_after=2021-01-01T00:00:00+00:00
[2023-01-25 22:43:38,443] {processor.py:161} INFO - Processing /home/airflow/.local/lib/python3.7/site-packages/airflow/example_dags/example_xcom.py took 0.527 seconds
[2023-01-25 22:44:10,680] {processor.py:153} INFO - Started process (PID=4226) to work on /home/airflow/.local/lib/python3.7/site-packages/airflow/example_dags/example_xcom.py
[2023-01-25 22:44:10,682] {processor.py:641} INFO - Processing file /home/airflow/.local/lib/python3.7/site-packages/airflow/example_dags/example_xcom.py for tasks to queue
[2023-01-25 22:44:10,694] {logging_mixin.py:115} INFO - [2023-01-25 22:44:10,694] {dagbag.py:508} INFO - Filling up the DagBag from /home/airflow/.local/lib/python3.7/site-packages/airflow/example_dags/example_xcom.py
[2023-01-25 22:44:10,780] {processor.py:651} INFO - DAG(s) dict_keys(['example_xcom']) retrieved from /home/airflow/.local/lib/python3.7/site-packages/airflow/example_dags/example_xcom.py
[2023-01-25 22:44:10,870] {logging_mixin.py:115} INFO - [2023-01-25 22:44:10,869] {dag.py:2420} INFO - Sync 1 DAGs
[2023-01-25 22:44:11,035] {logging_mixin.py:115} INFO - [2023-01-25 22:44:11,034] {dag.py:2972} INFO - Setting next_dagrun for example_xcom to 2021-01-01T00:00:00+00:00, run_after=2021-01-01T00:00:00+00:00
[2023-01-25 22:44:11,080] {processor.py:161} INFO - Processing /home/airflow/.local/lib/python3.7/site-packages/airflow/example_dags/example_xcom.py took 0.408 seconds
[2023-01-25 22:44:43,292] {processor.py:153} INFO - Started process (PID=4340) to work on /home/airflow/.local/lib/python3.7/site-packages/airflow/example_dags/example_xcom.py
[2023-01-25 22:44:43,295] {processor.py:641} INFO - Processing file /home/airflow/.local/lib/python3.7/site-packages/airflow/example_dags/example_xcom.py for tasks to queue
[2023-01-25 22:44:43,297] {logging_mixin.py:115} INFO - [2023-01-25 22:44:43,297] {dagbag.py:508} INFO - Filling up the DagBag from /home/airflow/.local/lib/python3.7/site-packages/airflow/example_dags/example_xcom.py
[2023-01-25 22:44:43,371] {processor.py:651} INFO - DAG(s) dict_keys(['example_xcom']) retrieved from /home/airflow/.local/lib/python3.7/site-packages/airflow/example_dags/example_xcom.py
[2023-01-25 22:44:43,677] {logging_mixin.py:115} INFO - [2023-01-25 22:44:43,677] {dag.py:2420} INFO - Sync 1 DAGs
[2023-01-25 22:44:43,782] {logging_mixin.py:115} INFO - [2023-01-25 22:44:43,781] {dag.py:2972} INFO - Setting next_dagrun for example_xcom to 2021-01-01T00:00:00+00:00, run_after=2021-01-01T00:00:00+00:00
[2023-01-25 22:44:43,827] {processor.py:161} INFO - Processing /home/airflow/.local/lib/python3.7/site-packages/airflow/example_dags/example_xcom.py took 0.543 seconds
[2023-01-25 22:45:14,934] {processor.py:153} INFO - Started process (PID=4454) to work on /home/airflow/.local/lib/python3.7/site-packages/airflow/example_dags/example_xcom.py
[2023-01-25 22:45:14,936] {processor.py:641} INFO - Processing file /home/airflow/.local/lib/python3.7/site-packages/airflow/example_dags/example_xcom.py for tasks to queue
[2023-01-25 22:45:14,938] {logging_mixin.py:115} INFO - [2023-01-25 22:45:14,938] {dagbag.py:508} INFO - Filling up the DagBag from /home/airflow/.local/lib/python3.7/site-packages/airflow/example_dags/example_xcom.py
[2023-01-25 22:45:15,011] {processor.py:651} INFO - DAG(s) dict_keys(['example_xcom']) retrieved from /home/airflow/.local/lib/python3.7/site-packages/airflow/example_dags/example_xcom.py
[2023-01-25 22:45:15,284] {logging_mixin.py:115} INFO - [2023-01-25 22:45:15,284] {dag.py:2420} INFO - Sync 1 DAGs
[2023-01-25 22:45:15,368] {logging_mixin.py:115} INFO - [2023-01-25 22:45:15,367] {dag.py:2972} INFO - Setting next_dagrun for example_xcom to 2021-01-01T00:00:00+00:00, run_after=2021-01-01T00:00:00+00:00
[2023-01-25 22:45:15,414] {processor.py:161} INFO - Processing /home/airflow/.local/lib/python3.7/site-packages/airflow/example_dags/example_xcom.py took 0.487 seconds
[2023-01-25 22:45:47,740] {processor.py:153} INFO - Started process (PID=4570) to work on /home/airflow/.local/lib/python3.7/site-packages/airflow/example_dags/example_xcom.py
[2023-01-25 22:45:47,742] {processor.py:641} INFO - Processing file /home/airflow/.local/lib/python3.7/site-packages/airflow/example_dags/example_xcom.py for tasks to queue
[2023-01-25 22:45:47,744] {logging_mixin.py:115} INFO - [2023-01-25 22:45:47,744] {dagbag.py:508} INFO - Filling up the DagBag from /home/airflow/.local/lib/python3.7/site-packages/airflow/example_dags/example_xcom.py
[2023-01-25 22:45:47,814] {processor.py:651} INFO - DAG(s) dict_keys(['example_xcom']) retrieved from /home/airflow/.local/lib/python3.7/site-packages/airflow/example_dags/example_xcom.py
[2023-01-25 22:45:48,114] {logging_mixin.py:115} INFO - [2023-01-25 22:45:48,113] {dag.py:2420} INFO - Sync 1 DAGs
[2023-01-25 22:45:48,205] {logging_mixin.py:115} INFO - [2023-01-25 22:45:48,204] {dag.py:2972} INFO - Setting next_dagrun for example_xcom to 2021-01-01T00:00:00+00:00, run_after=2021-01-01T00:00:00+00:00
[2023-01-25 22:45:48,249] {processor.py:161} INFO - Processing /home/airflow/.local/lib/python3.7/site-packages/airflow/example_dags/example_xcom.py took 0.517 seconds
[2023-01-25 22:46:20,247] {processor.py:153} INFO - Started process (PID=4684) to work on /home/airflow/.local/lib/python3.7/site-packages/airflow/example_dags/example_xcom.py
[2023-01-25 22:46:20,249] {processor.py:641} INFO - Processing file /home/airflow/.local/lib/python3.7/site-packages/airflow/example_dags/example_xcom.py for tasks to queue
[2023-01-25 22:46:20,251] {logging_mixin.py:115} INFO - [2023-01-25 22:46:20,250] {dagbag.py:508} INFO - Filling up the DagBag from /home/airflow/.local/lib/python3.7/site-packages/airflow/example_dags/example_xcom.py
[2023-01-25 22:46:20,328] {processor.py:651} INFO - DAG(s) dict_keys(['example_xcom']) retrieved from /home/airflow/.local/lib/python3.7/site-packages/airflow/example_dags/example_xcom.py
[2023-01-25 22:46:20,620] {logging_mixin.py:115} INFO - [2023-01-25 22:46:20,620] {dag.py:2420} INFO - Sync 1 DAGs
[2023-01-25 22:46:20,709] {logging_mixin.py:115} INFO - [2023-01-25 22:46:20,708] {dag.py:2972} INFO - Setting next_dagrun for example_xcom to 2021-01-01T00:00:00+00:00, run_after=2021-01-01T00:00:00+00:00
[2023-01-25 22:46:20,754] {processor.py:161} INFO - Processing /home/airflow/.local/lib/python3.7/site-packages/airflow/example_dags/example_xcom.py took 0.514 seconds
[2023-01-25 22:46:52,806] {processor.py:153} INFO - Started process (PID=4799) to work on /home/airflow/.local/lib/python3.7/site-packages/airflow/example_dags/example_xcom.py
[2023-01-25 22:46:52,808] {processor.py:641} INFO - Processing file /home/airflow/.local/lib/python3.7/site-packages/airflow/example_dags/example_xcom.py for tasks to queue
[2023-01-25 22:46:52,810] {logging_mixin.py:115} INFO - [2023-01-25 22:46:52,809] {dagbag.py:508} INFO - Filling up the DagBag from /home/airflow/.local/lib/python3.7/site-packages/airflow/example_dags/example_xcom.py
[2023-01-25 22:46:52,882] {processor.py:651} INFO - DAG(s) dict_keys(['example_xcom']) retrieved from /home/airflow/.local/lib/python3.7/site-packages/airflow/example_dags/example_xcom.py
[2023-01-25 22:46:52,959] {logging_mixin.py:115} INFO - [2023-01-25 22:46:52,958] {dag.py:2420} INFO - Sync 1 DAGs
[2023-01-25 22:46:53,047] {logging_mixin.py:115} INFO - [2023-01-25 22:46:53,046] {dag.py:2972} INFO - Setting next_dagrun for example_xcom to 2021-01-01T00:00:00+00:00, run_after=2021-01-01T00:00:00+00:00
[2023-01-25 22:46:53,083] {processor.py:161} INFO - Processing /home/airflow/.local/lib/python3.7/site-packages/airflow/example_dags/example_xcom.py took 0.285 seconds
[2023-01-25 22:47:25,873] {processor.py:153} INFO - Started process (PID=4929) to work on /home/airflow/.local/lib/python3.7/site-packages/airflow/example_dags/example_xcom.py
[2023-01-25 22:47:25,875] {processor.py:641} INFO - Processing file /home/airflow/.local/lib/python3.7/site-packages/airflow/example_dags/example_xcom.py for tasks to queue
[2023-01-25 22:47:25,877] {logging_mixin.py:115} INFO - [2023-01-25 22:47:25,876] {dagbag.py:508} INFO - Filling up the DagBag from /home/airflow/.local/lib/python3.7/site-packages/airflow/example_dags/example_xcom.py
[2023-01-25 22:47:25,960] {processor.py:651} INFO - DAG(s) dict_keys(['example_xcom']) retrieved from /home/airflow/.local/lib/python3.7/site-packages/airflow/example_dags/example_xcom.py
[2023-01-25 22:47:26,274] {logging_mixin.py:115} INFO - [2023-01-25 22:47:26,273] {dag.py:2420} INFO - Sync 1 DAGs
[2023-01-25 22:47:26,376] {logging_mixin.py:115} INFO - [2023-01-25 22:47:26,375] {dag.py:2972} INFO - Setting next_dagrun for example_xcom to 2021-01-01T00:00:00+00:00, run_after=2021-01-01T00:00:00+00:00
[2023-01-25 22:47:26,425] {processor.py:161} INFO - Processing /home/airflow/.local/lib/python3.7/site-packages/airflow/example_dags/example_xcom.py took 0.560 seconds
[2023-01-25 22:47:58,802] {processor.py:153} INFO - Started process (PID=5042) to work on /home/airflow/.local/lib/python3.7/site-packages/airflow/example_dags/example_xcom.py
[2023-01-25 22:47:58,804] {processor.py:641} INFO - Processing file /home/airflow/.local/lib/python3.7/site-packages/airflow/example_dags/example_xcom.py for tasks to queue
[2023-01-25 22:47:58,806] {logging_mixin.py:115} INFO - [2023-01-25 22:47:58,806] {dagbag.py:508} INFO - Filling up the DagBag from /home/airflow/.local/lib/python3.7/site-packages/airflow/example_dags/example_xcom.py
[2023-01-25 22:47:58,885] {processor.py:651} INFO - DAG(s) dict_keys(['example_xcom']) retrieved from /home/airflow/.local/lib/python3.7/site-packages/airflow/example_dags/example_xcom.py
[2023-01-25 22:47:59,200] {logging_mixin.py:115} INFO - [2023-01-25 22:47:59,199] {dag.py:2420} INFO - Sync 1 DAGs
[2023-01-25 22:47:59,304] {logging_mixin.py:115} INFO - [2023-01-25 22:47:59,303] {dag.py:2972} INFO - Setting next_dagrun for example_xcom to 2021-01-01T00:00:00+00:00, run_after=2021-01-01T00:00:00+00:00
[2023-01-25 22:47:59,365] {processor.py:161} INFO - Processing /home/airflow/.local/lib/python3.7/site-packages/airflow/example_dags/example_xcom.py took 0.571 seconds
[2023-01-25 22:48:30,067] {processor.py:153} INFO - Started process (PID=5155) to work on /home/airflow/.local/lib/python3.7/site-packages/airflow/example_dags/example_xcom.py
[2023-01-25 22:48:30,069] {processor.py:641} INFO - Processing file /home/airflow/.local/lib/python3.7/site-packages/airflow/example_dags/example_xcom.py for tasks to queue
[2023-01-25 22:48:30,072] {logging_mixin.py:115} INFO - [2023-01-25 22:48:30,071] {dagbag.py:508} INFO - Filling up the DagBag from /home/airflow/.local/lib/python3.7/site-packages/airflow/example_dags/example_xcom.py
[2023-01-25 22:48:30,154] {processor.py:651} INFO - DAG(s) dict_keys(['example_xcom']) retrieved from /home/airflow/.local/lib/python3.7/site-packages/airflow/example_dags/example_xcom.py
[2023-01-25 22:48:30,263] {logging_mixin.py:115} INFO - [2023-01-25 22:48:30,262] {dag.py:2420} INFO - Sync 1 DAGs
[2023-01-25 22:48:30,367] {logging_mixin.py:115} INFO - [2023-01-25 22:48:30,366] {dag.py:2972} INFO - Setting next_dagrun for example_xcom to 2021-01-01T00:00:00+00:00, run_after=2021-01-01T00:00:00+00:00
[2023-01-25 22:48:30,407] {processor.py:161} INFO - Processing /home/airflow/.local/lib/python3.7/site-packages/airflow/example_dags/example_xcom.py took 0.349 seconds
[2023-01-25 22:49:01,244] {processor.py:153} INFO - Started process (PID=5267) to work on /home/airflow/.local/lib/python3.7/site-packages/airflow/example_dags/example_xcom.py
[2023-01-25 22:49:01,246] {processor.py:641} INFO - Processing file /home/airflow/.local/lib/python3.7/site-packages/airflow/example_dags/example_xcom.py for tasks to queue
[2023-01-25 22:49:01,249] {logging_mixin.py:115} INFO - [2023-01-25 22:49:01,248] {dagbag.py:508} INFO - Filling up the DagBag from /home/airflow/.local/lib/python3.7/site-packages/airflow/example_dags/example_xcom.py
[2023-01-25 22:49:01,344] {processor.py:651} INFO - DAG(s) dict_keys(['example_xcom']) retrieved from /home/airflow/.local/lib/python3.7/site-packages/airflow/example_dags/example_xcom.py
[2023-01-25 22:49:01,426] {logging_mixin.py:115} INFO - [2023-01-25 22:49:01,425] {dag.py:2420} INFO - Sync 1 DAGs
[2023-01-25 22:49:01,518] {logging_mixin.py:115} INFO - [2023-01-25 22:49:01,517] {dag.py:2972} INFO - Setting next_dagrun for example_xcom to 2021-01-01T00:00:00+00:00, run_after=2021-01-01T00:00:00+00:00
[2023-01-25 22:49:01,554] {processor.py:161} INFO - Processing /home/airflow/.local/lib/python3.7/site-packages/airflow/example_dags/example_xcom.py took 0.320 seconds
[2023-01-25 22:49:31,630] {processor.py:153} INFO - Started process (PID=5378) to work on /home/airflow/.local/lib/python3.7/site-packages/airflow/example_dags/example_xcom.py
[2023-01-25 22:49:31,632] {processor.py:641} INFO - Processing file /home/airflow/.local/lib/python3.7/site-packages/airflow/example_dags/example_xcom.py for tasks to queue
[2023-01-25 22:49:31,634] {logging_mixin.py:115} INFO - [2023-01-25 22:49:31,634] {dagbag.py:508} INFO - Filling up the DagBag from /home/airflow/.local/lib/python3.7/site-packages/airflow/example_dags/example_xcom.py
[2023-01-25 22:49:31,706] {processor.py:651} INFO - DAG(s) dict_keys(['example_xcom']) retrieved from /home/airflow/.local/lib/python3.7/site-packages/airflow/example_dags/example_xcom.py
[2023-01-25 22:49:31,986] {logging_mixin.py:115} INFO - [2023-01-25 22:49:31,986] {dag.py:2420} INFO - Sync 1 DAGs
[2023-01-25 22:49:32,072] {logging_mixin.py:115} INFO - [2023-01-25 22:49:32,071] {dag.py:2972} INFO - Setting next_dagrun for example_xcom to 2021-01-01T00:00:00+00:00, run_after=2021-01-01T00:00:00+00:00
[2023-01-25 22:49:32,115] {processor.py:161} INFO - Processing /home/airflow/.local/lib/python3.7/site-packages/airflow/example_dags/example_xcom.py took 0.493 seconds
[2023-01-25 22:50:02,413] {processor.py:153} INFO - Started process (PID=5492) to work on /home/airflow/.local/lib/python3.7/site-packages/airflow/example_dags/example_xcom.py
[2023-01-25 22:50:02,416] {processor.py:641} INFO - Processing file /home/airflow/.local/lib/python3.7/site-packages/airflow/example_dags/example_xcom.py for tasks to queue
[2023-01-25 22:50:02,418] {logging_mixin.py:115} INFO - [2023-01-25 22:50:02,417] {dagbag.py:508} INFO - Filling up the DagBag from /home/airflow/.local/lib/python3.7/site-packages/airflow/example_dags/example_xcom.py
[2023-01-25 22:50:02,495] {processor.py:651} INFO - DAG(s) dict_keys(['example_xcom']) retrieved from /home/airflow/.local/lib/python3.7/site-packages/airflow/example_dags/example_xcom.py
[2023-01-25 22:50:02,815] {logging_mixin.py:115} INFO - [2023-01-25 22:50:02,814] {dag.py:2420} INFO - Sync 1 DAGs
[2023-01-25 22:50:02,931] {logging_mixin.py:115} INFO - [2023-01-25 22:50:02,931] {dag.py:2972} INFO - Setting next_dagrun for example_xcom to 2021-01-01T00:00:00+00:00, run_after=2021-01-01T00:00:00+00:00
[2023-01-25 22:50:02,971] {processor.py:161} INFO - Processing /home/airflow/.local/lib/python3.7/site-packages/airflow/example_dags/example_xcom.py took 0.567 seconds
[2023-01-25 22:50:33,412] {processor.py:153} INFO - Started process (PID=5606) to work on /home/airflow/.local/lib/python3.7/site-packages/airflow/example_dags/example_xcom.py
[2023-01-25 22:50:33,414] {processor.py:641} INFO - Processing file /home/airflow/.local/lib/python3.7/site-packages/airflow/example_dags/example_xcom.py for tasks to queue
[2023-01-25 22:50:33,416] {logging_mixin.py:115} INFO - [2023-01-25 22:50:33,416] {dagbag.py:508} INFO - Filling up the DagBag from /home/airflow/.local/lib/python3.7/site-packages/airflow/example_dags/example_xcom.py
[2023-01-25 22:50:33,499] {processor.py:651} INFO - DAG(s) dict_keys(['example_xcom']) retrieved from /home/airflow/.local/lib/python3.7/site-packages/airflow/example_dags/example_xcom.py
[2023-01-25 22:50:33,800] {logging_mixin.py:115} INFO - [2023-01-25 22:50:33,800] {dag.py:2420} INFO - Sync 1 DAGs
[2023-01-25 22:50:33,888] {logging_mixin.py:115} INFO - [2023-01-25 22:50:33,888] {dag.py:2972} INFO - Setting next_dagrun for example_xcom to 2021-01-01T00:00:00+00:00, run_after=2021-01-01T00:00:00+00:00
[2023-01-25 22:50:33,931] {processor.py:161} INFO - Processing /home/airflow/.local/lib/python3.7/site-packages/airflow/example_dags/example_xcom.py took 0.527 seconds
[2023-01-25 22:51:04,240] {processor.py:153} INFO - Started process (PID=5721) to work on /home/airflow/.local/lib/python3.7/site-packages/airflow/example_dags/example_xcom.py
[2023-01-25 22:51:04,241] {processor.py:641} INFO - Processing file /home/airflow/.local/lib/python3.7/site-packages/airflow/example_dags/example_xcom.py for tasks to queue
[2023-01-25 22:51:04,244] {logging_mixin.py:115} INFO - [2023-01-25 22:51:04,243] {dagbag.py:508} INFO - Filling up the DagBag from /home/airflow/.local/lib/python3.7/site-packages/airflow/example_dags/example_xcom.py
[2023-01-25 22:51:04,317] {processor.py:651} INFO - DAG(s) dict_keys(['example_xcom']) retrieved from /home/airflow/.local/lib/python3.7/site-packages/airflow/example_dags/example_xcom.py
[2023-01-25 22:51:04,608] {logging_mixin.py:115} INFO - [2023-01-25 22:51:04,608] {dag.py:2420} INFO - Sync 1 DAGs
[2023-01-25 22:51:04,692] {logging_mixin.py:115} INFO - [2023-01-25 22:51:04,691] {dag.py:2972} INFO - Setting next_dagrun for example_xcom to 2021-01-01T00:00:00+00:00, run_after=2021-01-01T00:00:00+00:00
[2023-01-25 22:51:04,733] {processor.py:161} INFO - Processing /home/airflow/.local/lib/python3.7/site-packages/airflow/example_dags/example_xcom.py took 0.502 seconds
[2023-01-25 22:51:34,975] {processor.py:153} INFO - Started process (PID=5835) to work on /home/airflow/.local/lib/python3.7/site-packages/airflow/example_dags/example_xcom.py
[2023-01-25 22:51:34,977] {processor.py:641} INFO - Processing file /home/airflow/.local/lib/python3.7/site-packages/airflow/example_dags/example_xcom.py for tasks to queue
[2023-01-25 22:51:34,980] {logging_mixin.py:115} INFO - [2023-01-25 22:51:34,980] {dagbag.py:508} INFO - Filling up the DagBag from /home/airflow/.local/lib/python3.7/site-packages/airflow/example_dags/example_xcom.py
[2023-01-25 22:51:35,057] {processor.py:651} INFO - DAG(s) dict_keys(['example_xcom']) retrieved from /home/airflow/.local/lib/python3.7/site-packages/airflow/example_dags/example_xcom.py
[2023-01-25 22:51:35,144] {logging_mixin.py:115} INFO - [2023-01-25 22:51:35,144] {dag.py:2420} INFO - Sync 1 DAGs
[2023-01-25 22:51:35,236] {logging_mixin.py:115} INFO - [2023-01-25 22:51:35,235] {dag.py:2972} INFO - Setting next_dagrun for example_xcom to 2021-01-01T00:00:00+00:00, run_after=2021-01-01T00:00:00+00:00
[2023-01-25 22:51:35,274] {processor.py:161} INFO - Processing /home/airflow/.local/lib/python3.7/site-packages/airflow/example_dags/example_xcom.py took 0.309 seconds
[2023-01-25 22:52:05,729] {processor.py:153} INFO - Started process (PID=5951) to work on /home/airflow/.local/lib/python3.7/site-packages/airflow/example_dags/example_xcom.py
[2023-01-25 22:52:05,731] {processor.py:641} INFO - Processing file /home/airflow/.local/lib/python3.7/site-packages/airflow/example_dags/example_xcom.py for tasks to queue
[2023-01-25 22:52:05,733] {logging_mixin.py:115} INFO - [2023-01-25 22:52:05,733] {dagbag.py:508} INFO - Filling up the DagBag from /home/airflow/.local/lib/python3.7/site-packages/airflow/example_dags/example_xcom.py
[2023-01-25 22:52:05,803] {processor.py:651} INFO - DAG(s) dict_keys(['example_xcom']) retrieved from /home/airflow/.local/lib/python3.7/site-packages/airflow/example_dags/example_xcom.py
[2023-01-25 22:52:06,084] {logging_mixin.py:115} INFO - [2023-01-25 22:52:06,083] {dag.py:2420} INFO - Sync 1 DAGs
[2023-01-25 22:52:06,171] {logging_mixin.py:115} INFO - [2023-01-25 22:52:06,171] {dag.py:2972} INFO - Setting next_dagrun for example_xcom to 2021-01-01T00:00:00+00:00, run_after=2021-01-01T00:00:00+00:00
[2023-01-25 22:52:06,215] {processor.py:161} INFO - Processing /home/airflow/.local/lib/python3.7/site-packages/airflow/example_dags/example_xcom.py took 0.495 seconds
[2023-01-25 22:52:36,462] {processor.py:153} INFO - Started process (PID=6065) to work on /home/airflow/.local/lib/python3.7/site-packages/airflow/example_dags/example_xcom.py
[2023-01-25 22:52:36,464] {processor.py:641} INFO - Processing file /home/airflow/.local/lib/python3.7/site-packages/airflow/example_dags/example_xcom.py for tasks to queue
[2023-01-25 22:52:36,466] {logging_mixin.py:115} INFO - [2023-01-25 22:52:36,465] {dagbag.py:508} INFO - Filling up the DagBag from /home/airflow/.local/lib/python3.7/site-packages/airflow/example_dags/example_xcom.py
[2023-01-25 22:52:36,537] {processor.py:651} INFO - DAG(s) dict_keys(['example_xcom']) retrieved from /home/airflow/.local/lib/python3.7/site-packages/airflow/example_dags/example_xcom.py
[2023-01-25 22:52:36,610] {logging_mixin.py:115} INFO - [2023-01-25 22:52:36,609] {dag.py:2420} INFO - Sync 1 DAGs
[2023-01-25 22:52:36,699] {logging_mixin.py:115} INFO - [2023-01-25 22:52:36,698] {dag.py:2972} INFO - Setting next_dagrun for example_xcom to 2021-01-01T00:00:00+00:00, run_after=2021-01-01T00:00:00+00:00
[2023-01-25 22:52:36,735] {processor.py:161} INFO - Processing /home/airflow/.local/lib/python3.7/site-packages/airflow/example_dags/example_xcom.py took 0.281 seconds
[2023-01-25 22:53:07,483] {processor.py:153} INFO - Started process (PID=6178) to work on /home/airflow/.local/lib/python3.7/site-packages/airflow/example_dags/example_xcom.py
[2023-01-25 22:53:07,485] {processor.py:641} INFO - Processing file /home/airflow/.local/lib/python3.7/site-packages/airflow/example_dags/example_xcom.py for tasks to queue
[2023-01-25 22:53:07,487] {logging_mixin.py:115} INFO - [2023-01-25 22:53:07,487] {dagbag.py:508} INFO - Filling up the DagBag from /home/airflow/.local/lib/python3.7/site-packages/airflow/example_dags/example_xcom.py
[2023-01-25 22:53:07,557] {processor.py:651} INFO - DAG(s) dict_keys(['example_xcom']) retrieved from /home/airflow/.local/lib/python3.7/site-packages/airflow/example_dags/example_xcom.py
[2023-01-25 22:53:07,878] {logging_mixin.py:115} INFO - [2023-01-25 22:53:07,877] {dag.py:2420} INFO - Sync 1 DAGs
[2023-01-25 22:53:07,980] {logging_mixin.py:115} INFO - [2023-01-25 22:53:07,980] {dag.py:2972} INFO - Setting next_dagrun for example_xcom to 2021-01-01T00:00:00+00:00, run_after=2021-01-01T00:00:00+00:00
[2023-01-25 22:53:08,027] {processor.py:161} INFO - Processing /home/airflow/.local/lib/python3.7/site-packages/airflow/example_dags/example_xcom.py took 0.552 seconds
[2023-01-25 22:53:38,100] {processor.py:153} INFO - Started process (PID=6292) to work on /home/airflow/.local/lib/python3.7/site-packages/airflow/example_dags/example_xcom.py
[2023-01-25 22:53:38,102] {processor.py:641} INFO - Processing file /home/airflow/.local/lib/python3.7/site-packages/airflow/example_dags/example_xcom.py for tasks to queue
[2023-01-25 22:53:38,104] {logging_mixin.py:115} INFO - [2023-01-25 22:53:38,104] {dagbag.py:508} INFO - Filling up the DagBag from /home/airflow/.local/lib/python3.7/site-packages/airflow/example_dags/example_xcom.py
[2023-01-25 22:53:38,181] {processor.py:651} INFO - DAG(s) dict_keys(['example_xcom']) retrieved from /home/airflow/.local/lib/python3.7/site-packages/airflow/example_dags/example_xcom.py
[2023-01-25 22:53:38,487] {logging_mixin.py:115} INFO - [2023-01-25 22:53:38,486] {dag.py:2420} INFO - Sync 1 DAGs
[2023-01-25 22:53:38,572] {logging_mixin.py:115} INFO - [2023-01-25 22:53:38,571] {dag.py:2972} INFO - Setting next_dagrun for example_xcom to 2021-01-01T00:00:00+00:00, run_after=2021-01-01T00:00:00+00:00
[2023-01-25 22:53:38,613] {processor.py:161} INFO - Processing /home/airflow/.local/lib/python3.7/site-packages/airflow/example_dags/example_xcom.py took 0.521 seconds
[2023-01-25 22:54:09,183] {processor.py:153} INFO - Started process (PID=6406) to work on /home/airflow/.local/lib/python3.7/site-packages/airflow/example_dags/example_xcom.py
[2023-01-25 22:54:09,185] {processor.py:641} INFO - Processing file /home/airflow/.local/lib/python3.7/site-packages/airflow/example_dags/example_xcom.py for tasks to queue
[2023-01-25 22:54:09,187] {logging_mixin.py:115} INFO - [2023-01-25 22:54:09,186] {dagbag.py:508} INFO - Filling up the DagBag from /home/airflow/.local/lib/python3.7/site-packages/airflow/example_dags/example_xcom.py
[2023-01-25 22:54:09,260] {processor.py:651} INFO - DAG(s) dict_keys(['example_xcom']) retrieved from /home/airflow/.local/lib/python3.7/site-packages/airflow/example_dags/example_xcom.py
[2023-01-25 22:54:09,589] {logging_mixin.py:115} INFO - [2023-01-25 22:54:09,588] {dag.py:2420} INFO - Sync 1 DAGs
[2023-01-25 22:54:09,686] {logging_mixin.py:115} INFO - [2023-01-25 22:54:09,685] {dag.py:2972} INFO - Setting next_dagrun for example_xcom to 2021-01-01T00:00:00+00:00, run_after=2021-01-01T00:00:00+00:00
[2023-01-25 22:54:09,736] {processor.py:161} INFO - Processing /home/airflow/.local/lib/python3.7/site-packages/airflow/example_dags/example_xcom.py took 0.562 seconds
[2023-01-25 22:54:40,246] {processor.py:153} INFO - Started process (PID=6522) to work on /home/airflow/.local/lib/python3.7/site-packages/airflow/example_dags/example_xcom.py
[2023-01-25 22:54:40,249] {processor.py:641} INFO - Processing file /home/airflow/.local/lib/python3.7/site-packages/airflow/example_dags/example_xcom.py for tasks to queue
[2023-01-25 22:54:40,253] {logging_mixin.py:115} INFO - [2023-01-25 22:54:40,252] {dagbag.py:508} INFO - Filling up the DagBag from /home/airflow/.local/lib/python3.7/site-packages/airflow/example_dags/example_xcom.py
[2023-01-25 22:54:40,326] {processor.py:651} INFO - DAG(s) dict_keys(['example_xcom']) retrieved from /home/airflow/.local/lib/python3.7/site-packages/airflow/example_dags/example_xcom.py
[2023-01-25 22:54:40,407] {logging_mixin.py:115} INFO - [2023-01-25 22:54:40,407] {dag.py:2420} INFO - Sync 1 DAGs
[2023-01-25 22:54:40,506] {logging_mixin.py:115} INFO - [2023-01-25 22:54:40,505] {dag.py:2972} INFO - Setting next_dagrun for example_xcom to 2021-01-01T00:00:00+00:00, run_after=2021-01-01T00:00:00+00:00
[2023-01-25 22:54:40,544] {processor.py:161} INFO - Processing /home/airflow/.local/lib/python3.7/site-packages/airflow/example_dags/example_xcom.py took 0.308 seconds
[2023-01-25 22:55:11,610] {processor.py:153} INFO - Started process (PID=6636) to work on /home/airflow/.local/lib/python3.7/site-packages/airflow/example_dags/example_xcom.py
[2023-01-25 22:55:11,613] {processor.py:641} INFO - Processing file /home/airflow/.local/lib/python3.7/site-packages/airflow/example_dags/example_xcom.py for tasks to queue
[2023-01-25 22:55:11,616] {logging_mixin.py:115} INFO - [2023-01-25 22:55:11,616] {dagbag.py:508} INFO - Filling up the DagBag from /home/airflow/.local/lib/python3.7/site-packages/airflow/example_dags/example_xcom.py
[2023-01-25 22:55:11,690] {processor.py:651} INFO - DAG(s) dict_keys(['example_xcom']) retrieved from /home/airflow/.local/lib/python3.7/site-packages/airflow/example_dags/example_xcom.py
[2023-01-25 22:55:11,980] {logging_mixin.py:115} INFO - [2023-01-25 22:55:11,979] {dag.py:2420} INFO - Sync 1 DAGs
[2023-01-25 22:55:12,071] {logging_mixin.py:115} INFO - [2023-01-25 22:55:12,071] {dag.py:2972} INFO - Setting next_dagrun for example_xcom to 2021-01-01T00:00:00+00:00, run_after=2021-01-01T00:00:00+00:00
[2023-01-25 22:55:12,115] {processor.py:161} INFO - Processing /home/airflow/.local/lib/python3.7/site-packages/airflow/example_dags/example_xcom.py took 0.515 seconds
[2023-01-25 23:00:20,891] {processor.py:153} INFO - Started process (PID=6768) to work on /home/airflow/.local/lib/python3.7/site-packages/airflow/example_dags/example_xcom.py
[2023-01-25 23:00:20,898] {processor.py:641} INFO - Processing file /home/airflow/.local/lib/python3.7/site-packages/airflow/example_dags/example_xcom.py for tasks to queue
[2023-01-25 23:00:20,901] {logging_mixin.py:115} INFO - [2023-01-25 23:00:20,900] {dagbag.py:508} INFO - Filling up the DagBag from /home/airflow/.local/lib/python3.7/site-packages/airflow/example_dags/example_xcom.py
[2023-01-25 23:00:21,002] {processor.py:651} INFO - DAG(s) dict_keys(['example_xcom']) retrieved from /home/airflow/.local/lib/python3.7/site-packages/airflow/example_dags/example_xcom.py
[2023-01-25 23:00:21,337] {logging_mixin.py:115} INFO - [2023-01-25 23:00:21,337] {dag.py:2420} INFO - Sync 1 DAGs
[2023-01-25 23:00:21,502] {logging_mixin.py:115} INFO - [2023-01-25 23:00:21,501] {dag.py:2972} INFO - Setting next_dagrun for example_xcom to 2021-01-01T00:00:00+00:00, run_after=2021-01-01T00:00:00+00:00
[2023-01-25 23:00:21,574] {processor.py:161} INFO - Processing /home/airflow/.local/lib/python3.7/site-packages/airflow/example_dags/example_xcom.py took 0.696 seconds
[2023-01-25 23:05:29,103] {processor.py:153} INFO - Started process (PID=6881) to work on /home/airflow/.local/lib/python3.7/site-packages/airflow/example_dags/example_xcom.py
[2023-01-25 23:05:29,110] {processor.py:641} INFO - Processing file /home/airflow/.local/lib/python3.7/site-packages/airflow/example_dags/example_xcom.py for tasks to queue
[2023-01-25 23:05:29,115] {logging_mixin.py:115} INFO - [2023-01-25 23:05:29,115] {dagbag.py:508} INFO - Filling up the DagBag from /home/airflow/.local/lib/python3.7/site-packages/airflow/example_dags/example_xcom.py
[2023-01-25 23:05:29,345] {processor.py:651} INFO - DAG(s) dict_keys(['example_xcom']) retrieved from /home/airflow/.local/lib/python3.7/site-packages/airflow/example_dags/example_xcom.py
[2023-01-25 23:05:29,656] {logging_mixin.py:115} INFO - [2023-01-25 23:05:29,656] {dag.py:2420} INFO - Sync 1 DAGs
[2023-01-25 23:05:29,800] {logging_mixin.py:115} INFO - [2023-01-25 23:05:29,799] {dag.py:2972} INFO - Setting next_dagrun for example_xcom to 2021-01-01T00:00:00+00:00, run_after=2021-01-01T00:00:00+00:00
[2023-01-25 23:05:29,916] {processor.py:161} INFO - Processing /home/airflow/.local/lib/python3.7/site-packages/airflow/example_dags/example_xcom.py took 0.823 seconds
[2023-01-25 23:06:00,361] {processor.py:153} INFO - Started process (PID=6996) to work on /home/airflow/.local/lib/python3.7/site-packages/airflow/example_dags/example_xcom.py
[2023-01-25 23:06:00,363] {processor.py:641} INFO - Processing file /home/airflow/.local/lib/python3.7/site-packages/airflow/example_dags/example_xcom.py for tasks to queue
[2023-01-25 23:06:00,367] {logging_mixin.py:115} INFO - [2023-01-25 23:06:00,366] {dagbag.py:508} INFO - Filling up the DagBag from /home/airflow/.local/lib/python3.7/site-packages/airflow/example_dags/example_xcom.py
[2023-01-25 23:06:00,446] {processor.py:651} INFO - DAG(s) dict_keys(['example_xcom']) retrieved from /home/airflow/.local/lib/python3.7/site-packages/airflow/example_dags/example_xcom.py
[2023-01-25 23:06:00,879] {logging_mixin.py:115} INFO - [2023-01-25 23:06:00,879] {dag.py:2420} INFO - Sync 1 DAGs
[2023-01-25 23:06:00,971] {logging_mixin.py:115} INFO - [2023-01-25 23:06:00,970] {dag.py:2972} INFO - Setting next_dagrun for example_xcom to 2021-01-01T00:00:00+00:00, run_after=2021-01-01T00:00:00+00:00
[2023-01-25 23:06:01,024] {processor.py:161} INFO - Processing /home/airflow/.local/lib/python3.7/site-packages/airflow/example_dags/example_xcom.py took 0.672 seconds
[2023-01-25 23:15:38,303] {processor.py:153} INFO - Started process (PID=7094) to work on /home/airflow/.local/lib/python3.7/site-packages/airflow/example_dags/example_xcom.py
[2023-01-25 23:15:38,307] {processor.py:641} INFO - Processing file /home/airflow/.local/lib/python3.7/site-packages/airflow/example_dags/example_xcom.py for tasks to queue
[2023-01-25 23:15:38,309] {logging_mixin.py:115} INFO - [2023-01-25 23:15:38,308] {dagbag.py:508} INFO - Filling up the DagBag from /home/airflow/.local/lib/python3.7/site-packages/airflow/example_dags/example_xcom.py
[2023-01-25 23:15:38,434] {processor.py:651} INFO - DAG(s) dict_keys(['example_xcom']) retrieved from /home/airflow/.local/lib/python3.7/site-packages/airflow/example_dags/example_xcom.py
[2023-01-25 23:15:38,799] {logging_mixin.py:115} INFO - [2023-01-25 23:15:38,798] {dag.py:2420} INFO - Sync 1 DAGs
[2023-01-25 23:15:38,947] {logging_mixin.py:115} INFO - [2023-01-25 23:15:38,947] {dag.py:2972} INFO - Setting next_dagrun for example_xcom to 2021-01-01T00:00:00+00:00, run_after=2021-01-01T00:00:00+00:00
[2023-01-25 23:15:38,998] {processor.py:161} INFO - Processing /home/airflow/.local/lib/python3.7/site-packages/airflow/example_dags/example_xcom.py took 0.724 seconds
[2023-01-25 23:16:11,556] {processor.py:153} INFO - Started process (PID=7209) to work on /home/airflow/.local/lib/python3.7/site-packages/airflow/example_dags/example_xcom.py
[2023-01-25 23:16:11,558] {processor.py:641} INFO - Processing file /home/airflow/.local/lib/python3.7/site-packages/airflow/example_dags/example_xcom.py for tasks to queue
[2023-01-25 23:16:11,560] {logging_mixin.py:115} INFO - [2023-01-25 23:16:11,559] {dagbag.py:508} INFO - Filling up the DagBag from /home/airflow/.local/lib/python3.7/site-packages/airflow/example_dags/example_xcom.py
[2023-01-25 23:16:11,638] {processor.py:651} INFO - DAG(s) dict_keys(['example_xcom']) retrieved from /home/airflow/.local/lib/python3.7/site-packages/airflow/example_dags/example_xcom.py
[2023-01-25 23:16:11,720] {logging_mixin.py:115} INFO - [2023-01-25 23:16:11,719] {dag.py:2420} INFO - Sync 1 DAGs
[2023-01-25 23:16:11,812] {logging_mixin.py:115} INFO - [2023-01-25 23:16:11,811] {dag.py:2972} INFO - Setting next_dagrun for example_xcom to 2021-01-01T00:00:00+00:00, run_after=2021-01-01T00:00:00+00:00
[2023-01-25 23:16:11,850] {processor.py:161} INFO - Processing /home/airflow/.local/lib/python3.7/site-packages/airflow/example_dags/example_xcom.py took 0.301 seconds
[2023-01-25 23:30:32,707] {processor.py:153} INFO - Started process (PID=7321) to work on /home/airflow/.local/lib/python3.7/site-packages/airflow/example_dags/example_xcom.py
[2023-01-25 23:30:32,710] {processor.py:641} INFO - Processing file /home/airflow/.local/lib/python3.7/site-packages/airflow/example_dags/example_xcom.py for tasks to queue
[2023-01-25 23:30:32,716] {logging_mixin.py:115} INFO - [2023-01-25 23:30:32,716] {dagbag.py:508} INFO - Filling up the DagBag from /home/airflow/.local/lib/python3.7/site-packages/airflow/example_dags/example_xcom.py
[2023-01-25 23:30:32,809] {processor.py:651} INFO - DAG(s) dict_keys(['example_xcom']) retrieved from /home/airflow/.local/lib/python3.7/site-packages/airflow/example_dags/example_xcom.py
[2023-01-25 23:30:33,377] {logging_mixin.py:115} INFO - [2023-01-25 23:30:33,376] {dag.py:2420} INFO - Sync 1 DAGs
[2023-01-25 23:30:33,656] {logging_mixin.py:115} INFO - [2023-01-25 23:30:33,654] {dag.py:2972} INFO - Setting next_dagrun for example_xcom to 2021-01-01T00:00:00+00:00, run_after=2021-01-01T00:00:00+00:00
[2023-01-25 23:30:33,783] {processor.py:161} INFO - Processing /home/airflow/.local/lib/python3.7/site-packages/airflow/example_dags/example_xcom.py took 1.091 seconds
[2023-01-25 23:31:04,030] {processor.py:153} INFO - Started process (PID=7429) to work on /home/airflow/.local/lib/python3.7/site-packages/airflow/example_dags/example_xcom.py
[2023-01-25 23:31:04,033] {processor.py:641} INFO - Processing file /home/airflow/.local/lib/python3.7/site-packages/airflow/example_dags/example_xcom.py for tasks to queue
[2023-01-25 23:31:04,036] {logging_mixin.py:115} INFO - [2023-01-25 23:31:04,036] {dagbag.py:508} INFO - Filling up the DagBag from /home/airflow/.local/lib/python3.7/site-packages/airflow/example_dags/example_xcom.py
[2023-01-25 23:31:04,148] {processor.py:651} INFO - DAG(s) dict_keys(['example_xcom']) retrieved from /home/airflow/.local/lib/python3.7/site-packages/airflow/example_dags/example_xcom.py
[2023-01-25 23:31:04,689] {logging_mixin.py:115} INFO - [2023-01-25 23:31:04,688] {dag.py:2420} INFO - Sync 1 DAGs
[2023-01-25 23:31:04,810] {logging_mixin.py:115} INFO - [2023-01-25 23:31:04,808] {dag.py:2972} INFO - Setting next_dagrun for example_xcom to 2021-01-01T00:00:00+00:00, run_after=2021-01-01T00:00:00+00:00
[2023-01-25 23:31:04,898] {processor.py:161} INFO - Processing /home/airflow/.local/lib/python3.7/site-packages/airflow/example_dags/example_xcom.py took 0.880 seconds
[2023-01-25 23:35:54,917] {processor.py:153} INFO - Started process (PID=7533) to work on /home/airflow/.local/lib/python3.7/site-packages/airflow/example_dags/example_xcom.py
[2023-01-25 23:35:54,919] {processor.py:641} INFO - Processing file /home/airflow/.local/lib/python3.7/site-packages/airflow/example_dags/example_xcom.py for tasks to queue
[2023-01-25 23:35:54,922] {logging_mixin.py:115} INFO - [2023-01-25 23:35:54,921] {dagbag.py:508} INFO - Filling up the DagBag from /home/airflow/.local/lib/python3.7/site-packages/airflow/example_dags/example_xcom.py
[2023-01-25 23:35:55,023] {processor.py:651} INFO - DAG(s) dict_keys(['example_xcom']) retrieved from /home/airflow/.local/lib/python3.7/site-packages/airflow/example_dags/example_xcom.py
[2023-01-25 23:35:55,308] {logging_mixin.py:115} INFO - [2023-01-25 23:35:55,307] {dag.py:2420} INFO - Sync 1 DAGs
[2023-01-25 23:35:55,423] {logging_mixin.py:115} INFO - [2023-01-25 23:35:55,423] {dag.py:2972} INFO - Setting next_dagrun for example_xcom to 2021-01-01T00:00:00+00:00, run_after=2021-01-01T00:00:00+00:00
[2023-01-25 23:35:55,466] {processor.py:161} INFO - Processing /home/airflow/.local/lib/python3.7/site-packages/airflow/example_dags/example_xcom.py took 0.563 seconds
[2023-01-25 23:46:06,455] {processor.py:153} INFO - Started process (PID=7647) to work on /home/airflow/.local/lib/python3.7/site-packages/airflow/example_dags/example_xcom.py
[2023-01-25 23:46:06,457] {processor.py:641} INFO - Processing file /home/airflow/.local/lib/python3.7/site-packages/airflow/example_dags/example_xcom.py for tasks to queue
[2023-01-25 23:46:06,459] {logging_mixin.py:115} INFO - [2023-01-25 23:46:06,459] {dagbag.py:508} INFO - Filling up the DagBag from /home/airflow/.local/lib/python3.7/site-packages/airflow/example_dags/example_xcom.py
[2023-01-25 23:46:06,542] {processor.py:651} INFO - DAG(s) dict_keys(['example_xcom']) retrieved from /home/airflow/.local/lib/python3.7/site-packages/airflow/example_dags/example_xcom.py
[2023-01-25 23:46:06,996] {logging_mixin.py:115} INFO - [2023-01-25 23:46:06,995] {dag.py:2420} INFO - Sync 1 DAGs
[2023-01-25 23:46:07,159] {logging_mixin.py:115} INFO - [2023-01-25 23:46:07,158] {dag.py:2972} INFO - Setting next_dagrun for example_xcom to 2021-01-01T00:00:00+00:00, run_after=2021-01-01T00:00:00+00:00
[2023-01-25 23:46:07,242] {processor.py:161} INFO - Processing /home/airflow/.local/lib/python3.7/site-packages/airflow/example_dags/example_xcom.py took 0.796 seconds
[2023-01-25 23:46:37,543] {processor.py:153} INFO - Started process (PID=7761) to work on /home/airflow/.local/lib/python3.7/site-packages/airflow/example_dags/example_xcom.py
[2023-01-25 23:46:37,545] {processor.py:641} INFO - Processing file /home/airflow/.local/lib/python3.7/site-packages/airflow/example_dags/example_xcom.py for tasks to queue
[2023-01-25 23:46:37,547] {logging_mixin.py:115} INFO - [2023-01-25 23:46:37,547] {dagbag.py:508} INFO - Filling up the DagBag from /home/airflow/.local/lib/python3.7/site-packages/airflow/example_dags/example_xcom.py
[2023-01-25 23:46:37,619] {processor.py:651} INFO - DAG(s) dict_keys(['example_xcom']) retrieved from /home/airflow/.local/lib/python3.7/site-packages/airflow/example_dags/example_xcom.py
[2023-01-25 23:46:37,898] {logging_mixin.py:115} INFO - [2023-01-25 23:46:37,898] {dag.py:2420} INFO - Sync 1 DAGs
[2023-01-25 23:46:37,986] {logging_mixin.py:115} INFO - [2023-01-25 23:46:37,986] {dag.py:2972} INFO - Setting next_dagrun for example_xcom to 2021-01-01T00:00:00+00:00, run_after=2021-01-01T00:00:00+00:00
[2023-01-25 23:46:38,031] {processor.py:161} INFO - Processing /home/airflow/.local/lib/python3.7/site-packages/airflow/example_dags/example_xcom.py took 0.496 seconds
[2023-01-25 23:59:33,245] {processor.py:153} INFO - Started process (PID=7859) to work on /home/airflow/.local/lib/python3.7/site-packages/airflow/example_dags/example_xcom.py
[2023-01-25 23:59:33,247] {processor.py:641} INFO - Processing file /home/airflow/.local/lib/python3.7/site-packages/airflow/example_dags/example_xcom.py for tasks to queue
[2023-01-25 23:59:33,249] {logging_mixin.py:115} INFO - [2023-01-25 23:59:33,249] {dagbag.py:508} INFO - Filling up the DagBag from /home/airflow/.local/lib/python3.7/site-packages/airflow/example_dags/example_xcom.py
[2023-01-25 23:59:33,321] {processor.py:651} INFO - DAG(s) dict_keys(['example_xcom']) retrieved from /home/airflow/.local/lib/python3.7/site-packages/airflow/example_dags/example_xcom.py
[2023-01-25 23:59:33,609] {logging_mixin.py:115} INFO - [2023-01-25 23:59:33,608] {dag.py:2420} INFO - Sync 1 DAGs
[2023-01-25 23:59:33,703] {logging_mixin.py:115} INFO - [2023-01-25 23:59:33,703] {dag.py:2972} INFO - Setting next_dagrun for example_xcom to 2021-01-01T00:00:00+00:00, run_after=2021-01-01T00:00:00+00:00
[2023-01-25 23:59:33,749] {processor.py:161} INFO - Processing /home/airflow/.local/lib/python3.7/site-packages/airflow/example_dags/example_xcom.py took 0.513 seconds
