[2023-01-25 22:25:28,175] {processor.py:153} INFO - Started process (PID=234) to work on /home/airflow/.local/lib/python3.7/site-packages/airflow/example_dags/example_branch_operator_decorator.py
[2023-01-25 22:25:28,180] {processor.py:641} INFO - Processing file /home/airflow/.local/lib/python3.7/site-packages/airflow/example_dags/example_branch_operator_decorator.py for tasks to queue
[2023-01-25 22:25:28,185] {logging_mixin.py:115} INFO - [2023-01-25 22:25:28,185] {dagbag.py:508} INFO - Filling up the DagBag from /home/airflow/.local/lib/python3.7/site-packages/airflow/example_dags/example_branch_operator_decorator.py
[2023-01-25 22:25:28,927] {processor.py:651} INFO - DAG(s) dict_keys(['example_branch_python_operator_decorator']) retrieved from /home/airflow/.local/lib/python3.7/site-packages/airflow/example_dags/example_branch_operator_decorator.py
[2023-01-25 22:25:29,025] {logging_mixin.py:115} INFO - [2023-01-25 22:25:29,024] {dag.py:2420} INFO - Sync 1 DAGs
[2023-01-25 22:25:29,166] {logging_mixin.py:115} INFO - [2023-01-25 22:25:29,166] {dag.py:2972} INFO - Setting next_dagrun for example_branch_python_operator_decorator to 2023-01-24T00:00:00+00:00, run_after=2023-01-25T00:00:00+00:00
[2023-01-25 22:25:29,213] {processor.py:161} INFO - Processing /home/airflow/.local/lib/python3.7/site-packages/airflow/example_dags/example_branch_operator_decorator.py took 1.058 seconds
[2023-01-25 22:25:59,338] {processor.py:153} INFO - Started process (PID=342) to work on /home/airflow/.local/lib/python3.7/site-packages/airflow/example_dags/example_branch_operator_decorator.py
[2023-01-25 22:25:59,340] {processor.py:641} INFO - Processing file /home/airflow/.local/lib/python3.7/site-packages/airflow/example_dags/example_branch_operator_decorator.py for tasks to queue
[2023-01-25 22:25:59,343] {logging_mixin.py:115} INFO - [2023-01-25 22:25:59,343] {dagbag.py:508} INFO - Filling up the DagBag from /home/airflow/.local/lib/python3.7/site-packages/airflow/example_dags/example_branch_operator_decorator.py
[2023-01-25 22:25:59,650] {processor.py:651} INFO - DAG(s) dict_keys(['example_branch_python_operator_decorator']) retrieved from /home/airflow/.local/lib/python3.7/site-packages/airflow/example_dags/example_branch_operator_decorator.py
[2023-01-25 22:25:59,737] {logging_mixin.py:115} INFO - [2023-01-25 22:25:59,737] {dag.py:2420} INFO - Sync 1 DAGs
[2023-01-25 22:25:59,841] {logging_mixin.py:115} INFO - [2023-01-25 22:25:59,841] {dag.py:2972} INFO - Setting next_dagrun for example_branch_python_operator_decorator to 2023-01-24T00:00:00+00:00, run_after=2023-01-25T00:00:00+00:00
[2023-01-25 22:25:59,878] {processor.py:161} INFO - Processing /home/airflow/.local/lib/python3.7/site-packages/airflow/example_dags/example_branch_operator_decorator.py took 0.548 seconds
[2023-01-25 22:26:30,178] {processor.py:153} INFO - Started process (PID=456) to work on /home/airflow/.local/lib/python3.7/site-packages/airflow/example_dags/example_branch_operator_decorator.py
[2023-01-25 22:26:30,180] {processor.py:641} INFO - Processing file /home/airflow/.local/lib/python3.7/site-packages/airflow/example_dags/example_branch_operator_decorator.py for tasks to queue
[2023-01-25 22:26:30,182] {logging_mixin.py:115} INFO - [2023-01-25 22:26:30,181] {dagbag.py:508} INFO - Filling up the DagBag from /home/airflow/.local/lib/python3.7/site-packages/airflow/example_dags/example_branch_operator_decorator.py
[2023-01-25 22:26:30,521] {processor.py:651} INFO - DAG(s) dict_keys(['example_branch_python_operator_decorator']) retrieved from /home/airflow/.local/lib/python3.7/site-packages/airflow/example_dags/example_branch_operator_decorator.py
[2023-01-25 22:26:30,617] {logging_mixin.py:115} INFO - [2023-01-25 22:26:30,616] {dag.py:2420} INFO - Sync 1 DAGs
[2023-01-25 22:26:30,731] {logging_mixin.py:115} INFO - [2023-01-25 22:26:30,730] {dag.py:2972} INFO - Setting next_dagrun for example_branch_python_operator_decorator to 2023-01-24T00:00:00+00:00, run_after=2023-01-25T00:00:00+00:00
[2023-01-25 22:26:30,772] {processor.py:161} INFO - Processing /home/airflow/.local/lib/python3.7/site-packages/airflow/example_dags/example_branch_operator_decorator.py took 0.602 seconds
[2023-01-25 22:27:01,200] {processor.py:153} INFO - Started process (PID=560) to work on /home/airflow/.local/lib/python3.7/site-packages/airflow/example_dags/example_branch_operator_decorator.py
[2023-01-25 22:27:01,202] {processor.py:641} INFO - Processing file /home/airflow/.local/lib/python3.7/site-packages/airflow/example_dags/example_branch_operator_decorator.py for tasks to queue
[2023-01-25 22:27:01,205] {logging_mixin.py:115} INFO - [2023-01-25 22:27:01,204] {dagbag.py:508} INFO - Filling up the DagBag from /home/airflow/.local/lib/python3.7/site-packages/airflow/example_dags/example_branch_operator_decorator.py
[2023-01-25 22:27:01,506] {processor.py:651} INFO - DAG(s) dict_keys(['example_branch_python_operator_decorator']) retrieved from /home/airflow/.local/lib/python3.7/site-packages/airflow/example_dags/example_branch_operator_decorator.py
[2023-01-25 22:27:01,597] {logging_mixin.py:115} INFO - [2023-01-25 22:27:01,596] {dag.py:2420} INFO - Sync 1 DAGs
[2023-01-25 22:27:01,703] {logging_mixin.py:115} INFO - [2023-01-25 22:27:01,702] {dag.py:2972} INFO - Setting next_dagrun for example_branch_python_operator_decorator to 2023-01-24T00:00:00+00:00, run_after=2023-01-25T00:00:00+00:00
[2023-01-25 22:27:01,754] {processor.py:161} INFO - Processing /home/airflow/.local/lib/python3.7/site-packages/airflow/example_dags/example_branch_operator_decorator.py took 0.563 seconds
[2023-01-25 22:27:33,211] {processor.py:153} INFO - Started process (PID=685) to work on /home/airflow/.local/lib/python3.7/site-packages/airflow/example_dags/example_branch_operator_decorator.py
[2023-01-25 22:27:33,221] {processor.py:641} INFO - Processing file /home/airflow/.local/lib/python3.7/site-packages/airflow/example_dags/example_branch_operator_decorator.py for tasks to queue
[2023-01-25 22:27:33,223] {logging_mixin.py:115} INFO - [2023-01-25 22:27:33,223] {dagbag.py:508} INFO - Filling up the DagBag from /home/airflow/.local/lib/python3.7/site-packages/airflow/example_dags/example_branch_operator_decorator.py
[2023-01-25 22:27:33,495] {processor.py:651} INFO - DAG(s) dict_keys(['example_branch_python_operator_decorator']) retrieved from /home/airflow/.local/lib/python3.7/site-packages/airflow/example_dags/example_branch_operator_decorator.py
[2023-01-25 22:27:33,611] {logging_mixin.py:115} INFO - [2023-01-25 22:27:33,610] {dag.py:2420} INFO - Sync 1 DAGs
[2023-01-25 22:27:33,731] {logging_mixin.py:115} INFO - [2023-01-25 22:27:33,730] {dag.py:2972} INFO - Setting next_dagrun for example_branch_python_operator_decorator to 2023-01-24T00:00:00+00:00, run_after=2023-01-25T00:00:00+00:00
[2023-01-25 22:27:33,764] {processor.py:161} INFO - Processing /home/airflow/.local/lib/python3.7/site-packages/airflow/example_dags/example_branch_operator_decorator.py took 0.564 seconds
[2023-01-25 22:28:06,564] {processor.py:153} INFO - Started process (PID=805) to work on /home/airflow/.local/lib/python3.7/site-packages/airflow/example_dags/example_branch_operator_decorator.py
[2023-01-25 22:28:06,566] {processor.py:641} INFO - Processing file /home/airflow/.local/lib/python3.7/site-packages/airflow/example_dags/example_branch_operator_decorator.py for tasks to queue
[2023-01-25 22:28:06,569] {logging_mixin.py:115} INFO - [2023-01-25 22:28:06,569] {dagbag.py:508} INFO - Filling up the DagBag from /home/airflow/.local/lib/python3.7/site-packages/airflow/example_dags/example_branch_operator_decorator.py
[2023-01-25 22:28:06,855] {processor.py:651} INFO - DAG(s) dict_keys(['example_branch_python_operator_decorator']) retrieved from /home/airflow/.local/lib/python3.7/site-packages/airflow/example_dags/example_branch_operator_decorator.py
[2023-01-25 22:28:06,952] {logging_mixin.py:115} INFO - [2023-01-25 22:28:06,952] {dag.py:2420} INFO - Sync 1 DAGs
[2023-01-25 22:28:07,059] {logging_mixin.py:115} INFO - [2023-01-25 22:28:07,058] {dag.py:2972} INFO - Setting next_dagrun for example_branch_python_operator_decorator to 2023-01-24T00:00:00+00:00, run_after=2023-01-25T00:00:00+00:00
[2023-01-25 22:28:07,092] {processor.py:161} INFO - Processing /home/airflow/.local/lib/python3.7/site-packages/airflow/example_dags/example_branch_operator_decorator.py took 0.536 seconds
[2023-01-25 22:28:41,152] {processor.py:153} INFO - Started process (PID=919) to work on /home/airflow/.local/lib/python3.7/site-packages/airflow/example_dags/example_branch_operator_decorator.py
[2023-01-25 22:28:41,154] {processor.py:641} INFO - Processing file /home/airflow/.local/lib/python3.7/site-packages/airflow/example_dags/example_branch_operator_decorator.py for tasks to queue
[2023-01-25 22:28:41,157] {logging_mixin.py:115} INFO - [2023-01-25 22:28:41,156] {dagbag.py:508} INFO - Filling up the DagBag from /home/airflow/.local/lib/python3.7/site-packages/airflow/example_dags/example_branch_operator_decorator.py
[2023-01-25 22:28:41,422] {processor.py:651} INFO - DAG(s) dict_keys(['example_branch_python_operator_decorator']) retrieved from /home/airflow/.local/lib/python3.7/site-packages/airflow/example_dags/example_branch_operator_decorator.py
[2023-01-25 22:28:41,517] {logging_mixin.py:115} INFO - [2023-01-25 22:28:41,516] {dag.py:2420} INFO - Sync 1 DAGs
[2023-01-25 22:28:41,616] {logging_mixin.py:115} INFO - [2023-01-25 22:28:41,616] {dag.py:2972} INFO - Setting next_dagrun for example_branch_python_operator_decorator to 2023-01-24T00:00:00+00:00, run_after=2023-01-25T00:00:00+00:00
[2023-01-25 22:28:41,657] {processor.py:161} INFO - Processing /home/airflow/.local/lib/python3.7/site-packages/airflow/example_dags/example_branch_operator_decorator.py took 0.513 seconds
[2023-01-25 22:29:14,001] {processor.py:153} INFO - Started process (PID=1033) to work on /home/airflow/.local/lib/python3.7/site-packages/airflow/example_dags/example_branch_operator_decorator.py
[2023-01-25 22:29:14,004] {processor.py:641} INFO - Processing file /home/airflow/.local/lib/python3.7/site-packages/airflow/example_dags/example_branch_operator_decorator.py for tasks to queue
[2023-01-25 22:29:14,007] {logging_mixin.py:115} INFO - [2023-01-25 22:29:14,006] {dagbag.py:508} INFO - Filling up the DagBag from /home/airflow/.local/lib/python3.7/site-packages/airflow/example_dags/example_branch_operator_decorator.py
[2023-01-25 22:29:14,295] {processor.py:651} INFO - DAG(s) dict_keys(['example_branch_python_operator_decorator']) retrieved from /home/airflow/.local/lib/python3.7/site-packages/airflow/example_dags/example_branch_operator_decorator.py
[2023-01-25 22:29:14,379] {logging_mixin.py:115} INFO - [2023-01-25 22:29:14,379] {dag.py:2420} INFO - Sync 1 DAGs
[2023-01-25 22:29:14,493] {logging_mixin.py:115} INFO - [2023-01-25 22:29:14,492] {dag.py:2972} INFO - Setting next_dagrun for example_branch_python_operator_decorator to 2023-01-24T00:00:00+00:00, run_after=2023-01-25T00:00:00+00:00
[2023-01-25 22:29:14,533] {processor.py:161} INFO - Processing /home/airflow/.local/lib/python3.7/site-packages/airflow/example_dags/example_branch_operator_decorator.py took 0.543 seconds
[2023-01-25 22:29:46,778] {processor.py:153} INFO - Started process (PID=1149) to work on /home/airflow/.local/lib/python3.7/site-packages/airflow/example_dags/example_branch_operator_decorator.py
[2023-01-25 22:29:46,781] {processor.py:641} INFO - Processing file /home/airflow/.local/lib/python3.7/site-packages/airflow/example_dags/example_branch_operator_decorator.py for tasks to queue
[2023-01-25 22:29:46,783] {logging_mixin.py:115} INFO - [2023-01-25 22:29:46,783] {dagbag.py:508} INFO - Filling up the DagBag from /home/airflow/.local/lib/python3.7/site-packages/airflow/example_dags/example_branch_operator_decorator.py
[2023-01-25 22:29:47,053] {processor.py:651} INFO - DAG(s) dict_keys(['example_branch_python_operator_decorator']) retrieved from /home/airflow/.local/lib/python3.7/site-packages/airflow/example_dags/example_branch_operator_decorator.py
[2023-01-25 22:29:47,128] {logging_mixin.py:115} INFO - [2023-01-25 22:29:47,128] {dag.py:2420} INFO - Sync 1 DAGs
[2023-01-25 22:29:47,235] {logging_mixin.py:115} INFO - [2023-01-25 22:29:47,235] {dag.py:2972} INFO - Setting next_dagrun for example_branch_python_operator_decorator to 2023-01-24T00:00:00+00:00, run_after=2023-01-25T00:00:00+00:00
[2023-01-25 22:29:47,276] {processor.py:161} INFO - Processing /home/airflow/.local/lib/python3.7/site-packages/airflow/example_dags/example_branch_operator_decorator.py took 0.507 seconds
[2023-01-25 22:30:20,248] {processor.py:153} INFO - Started process (PID=1262) to work on /home/airflow/.local/lib/python3.7/site-packages/airflow/example_dags/example_branch_operator_decorator.py
[2023-01-25 22:30:20,250] {processor.py:641} INFO - Processing file /home/airflow/.local/lib/python3.7/site-packages/airflow/example_dags/example_branch_operator_decorator.py for tasks to queue
[2023-01-25 22:30:20,253] {logging_mixin.py:115} INFO - [2023-01-25 22:30:20,252] {dagbag.py:508} INFO - Filling up the DagBag from /home/airflow/.local/lib/python3.7/site-packages/airflow/example_dags/example_branch_operator_decorator.py
[2023-01-25 22:30:20,498] {processor.py:651} INFO - DAG(s) dict_keys(['example_branch_python_operator_decorator']) retrieved from /home/airflow/.local/lib/python3.7/site-packages/airflow/example_dags/example_branch_operator_decorator.py
[2023-01-25 22:30:20,591] {logging_mixin.py:115} INFO - [2023-01-25 22:30:20,590] {dag.py:2420} INFO - Sync 1 DAGs
[2023-01-25 22:30:20,703] {logging_mixin.py:115} INFO - [2023-01-25 22:30:20,702] {dag.py:2972} INFO - Setting next_dagrun for example_branch_python_operator_decorator to 2023-01-24T00:00:00+00:00, run_after=2023-01-25T00:00:00+00:00
[2023-01-25 22:30:20,742] {processor.py:161} INFO - Processing /home/airflow/.local/lib/python3.7/site-packages/airflow/example_dags/example_branch_operator_decorator.py took 0.501 seconds
[2023-01-25 22:30:52,636] {processor.py:153} INFO - Started process (PID=1377) to work on /home/airflow/.local/lib/python3.7/site-packages/airflow/example_dags/example_branch_operator_decorator.py
[2023-01-25 22:30:52,638] {processor.py:641} INFO - Processing file /home/airflow/.local/lib/python3.7/site-packages/airflow/example_dags/example_branch_operator_decorator.py for tasks to queue
[2023-01-25 22:30:52,640] {logging_mixin.py:115} INFO - [2023-01-25 22:30:52,639] {dagbag.py:508} INFO - Filling up the DagBag from /home/airflow/.local/lib/python3.7/site-packages/airflow/example_dags/example_branch_operator_decorator.py
[2023-01-25 22:30:52,877] {processor.py:651} INFO - DAG(s) dict_keys(['example_branch_python_operator_decorator']) retrieved from /home/airflow/.local/lib/python3.7/site-packages/airflow/example_dags/example_branch_operator_decorator.py
[2023-01-25 22:30:52,950] {logging_mixin.py:115} INFO - [2023-01-25 22:30:52,950] {dag.py:2420} INFO - Sync 1 DAGs
[2023-01-25 22:30:53,049] {logging_mixin.py:115} INFO - [2023-01-25 22:30:53,048] {dag.py:2972} INFO - Setting next_dagrun for example_branch_python_operator_decorator to 2023-01-24T00:00:00+00:00, run_after=2023-01-25T00:00:00+00:00
[2023-01-25 22:30:53,101] {processor.py:161} INFO - Processing /home/airflow/.local/lib/python3.7/site-packages/airflow/example_dags/example_branch_operator_decorator.py took 0.473 seconds
[2023-01-25 22:31:24,484] {processor.py:153} INFO - Started process (PID=1490) to work on /home/airflow/.local/lib/python3.7/site-packages/airflow/example_dags/example_branch_operator_decorator.py
[2023-01-25 22:31:24,486] {processor.py:641} INFO - Processing file /home/airflow/.local/lib/python3.7/site-packages/airflow/example_dags/example_branch_operator_decorator.py for tasks to queue
[2023-01-25 22:31:24,489] {logging_mixin.py:115} INFO - [2023-01-25 22:31:24,488] {dagbag.py:508} INFO - Filling up the DagBag from /home/airflow/.local/lib/python3.7/site-packages/airflow/example_dags/example_branch_operator_decorator.py
[2023-01-25 22:31:24,740] {processor.py:651} INFO - DAG(s) dict_keys(['example_branch_python_operator_decorator']) retrieved from /home/airflow/.local/lib/python3.7/site-packages/airflow/example_dags/example_branch_operator_decorator.py
[2023-01-25 22:31:24,817] {logging_mixin.py:115} INFO - [2023-01-25 22:31:24,816] {dag.py:2420} INFO - Sync 1 DAGs
[2023-01-25 22:31:24,921] {logging_mixin.py:115} INFO - [2023-01-25 22:31:24,921] {dag.py:2972} INFO - Setting next_dagrun for example_branch_python_operator_decorator to 2023-01-24T00:00:00+00:00, run_after=2023-01-25T00:00:00+00:00
[2023-01-25 22:31:24,956] {processor.py:161} INFO - Processing /home/airflow/.local/lib/python3.7/site-packages/airflow/example_dags/example_branch_operator_decorator.py took 0.481 seconds
[2023-01-25 22:31:56,456] {processor.py:153} INFO - Started process (PID=1603) to work on /home/airflow/.local/lib/python3.7/site-packages/airflow/example_dags/example_branch_operator_decorator.py
[2023-01-25 22:31:56,458] {processor.py:641} INFO - Processing file /home/airflow/.local/lib/python3.7/site-packages/airflow/example_dags/example_branch_operator_decorator.py for tasks to queue
[2023-01-25 22:31:56,461] {logging_mixin.py:115} INFO - [2023-01-25 22:31:56,460] {dagbag.py:508} INFO - Filling up the DagBag from /home/airflow/.local/lib/python3.7/site-packages/airflow/example_dags/example_branch_operator_decorator.py
[2023-01-25 22:31:56,712] {processor.py:651} INFO - DAG(s) dict_keys(['example_branch_python_operator_decorator']) retrieved from /home/airflow/.local/lib/python3.7/site-packages/airflow/example_dags/example_branch_operator_decorator.py
[2023-01-25 22:31:56,787] {logging_mixin.py:115} INFO - [2023-01-25 22:31:56,787] {dag.py:2420} INFO - Sync 1 DAGs
[2023-01-25 22:31:56,880] {logging_mixin.py:115} INFO - [2023-01-25 22:31:56,879] {dag.py:2972} INFO - Setting next_dagrun for example_branch_python_operator_decorator to 2023-01-24T00:00:00+00:00, run_after=2023-01-25T00:00:00+00:00
[2023-01-25 22:31:56,915] {processor.py:161} INFO - Processing /home/airflow/.local/lib/python3.7/site-packages/airflow/example_dags/example_branch_operator_decorator.py took 0.467 seconds
[2023-01-25 22:32:28,465] {processor.py:153} INFO - Started process (PID=1717) to work on /home/airflow/.local/lib/python3.7/site-packages/airflow/example_dags/example_branch_operator_decorator.py
[2023-01-25 22:32:28,466] {processor.py:641} INFO - Processing file /home/airflow/.local/lib/python3.7/site-packages/airflow/example_dags/example_branch_operator_decorator.py for tasks to queue
[2023-01-25 22:32:28,469] {logging_mixin.py:115} INFO - [2023-01-25 22:32:28,468] {dagbag.py:508} INFO - Filling up the DagBag from /home/airflow/.local/lib/python3.7/site-packages/airflow/example_dags/example_branch_operator_decorator.py
[2023-01-25 22:32:28,758] {processor.py:651} INFO - DAG(s) dict_keys(['example_branch_python_operator_decorator']) retrieved from /home/airflow/.local/lib/python3.7/site-packages/airflow/example_dags/example_branch_operator_decorator.py
[2023-01-25 22:32:28,841] {logging_mixin.py:115} INFO - [2023-01-25 22:32:28,840] {dag.py:2420} INFO - Sync 1 DAGs
[2023-01-25 22:32:28,938] {logging_mixin.py:115} INFO - [2023-01-25 22:32:28,937] {dag.py:2972} INFO - Setting next_dagrun for example_branch_python_operator_decorator to 2023-01-24T00:00:00+00:00, run_after=2023-01-25T00:00:00+00:00
[2023-01-25 22:32:28,975] {processor.py:161} INFO - Processing /home/airflow/.local/lib/python3.7/site-packages/airflow/example_dags/example_branch_operator_decorator.py took 0.519 seconds
[2023-01-25 22:33:00,316] {processor.py:153} INFO - Started process (PID=1830) to work on /home/airflow/.local/lib/python3.7/site-packages/airflow/example_dags/example_branch_operator_decorator.py
[2023-01-25 22:33:00,319] {processor.py:641} INFO - Processing file /home/airflow/.local/lib/python3.7/site-packages/airflow/example_dags/example_branch_operator_decorator.py for tasks to queue
[2023-01-25 22:33:00,322] {logging_mixin.py:115} INFO - [2023-01-25 22:33:00,321] {dagbag.py:508} INFO - Filling up the DagBag from /home/airflow/.local/lib/python3.7/site-packages/airflow/example_dags/example_branch_operator_decorator.py
[2023-01-25 22:33:00,626] {processor.py:651} INFO - DAG(s) dict_keys(['example_branch_python_operator_decorator']) retrieved from /home/airflow/.local/lib/python3.7/site-packages/airflow/example_dags/example_branch_operator_decorator.py
[2023-01-25 22:33:00,714] {logging_mixin.py:115} INFO - [2023-01-25 22:33:00,714] {dag.py:2420} INFO - Sync 1 DAGs
[2023-01-25 22:33:00,818] {logging_mixin.py:115} INFO - [2023-01-25 22:33:00,817] {dag.py:2972} INFO - Setting next_dagrun for example_branch_python_operator_decorator to 2023-01-24T00:00:00+00:00, run_after=2023-01-25T00:00:00+00:00
[2023-01-25 22:33:00,852] {processor.py:161} INFO - Processing /home/airflow/.local/lib/python3.7/site-packages/airflow/example_dags/example_branch_operator_decorator.py took 0.548 seconds
[2023-01-25 22:33:31,092] {processor.py:153} INFO - Started process (PID=1941) to work on /home/airflow/.local/lib/python3.7/site-packages/airflow/example_dags/example_branch_operator_decorator.py
[2023-01-25 22:33:31,094] {processor.py:641} INFO - Processing file /home/airflow/.local/lib/python3.7/site-packages/airflow/example_dags/example_branch_operator_decorator.py for tasks to queue
[2023-01-25 22:33:31,097] {logging_mixin.py:115} INFO - [2023-01-25 22:33:31,096] {dagbag.py:508} INFO - Filling up the DagBag from /home/airflow/.local/lib/python3.7/site-packages/airflow/example_dags/example_branch_operator_decorator.py
[2023-01-25 22:33:31,384] {processor.py:651} INFO - DAG(s) dict_keys(['example_branch_python_operator_decorator']) retrieved from /home/airflow/.local/lib/python3.7/site-packages/airflow/example_dags/example_branch_operator_decorator.py
[2023-01-25 22:33:31,498] {logging_mixin.py:115} INFO - [2023-01-25 22:33:31,498] {dag.py:2420} INFO - Sync 1 DAGs
[2023-01-25 22:33:31,654] {logging_mixin.py:115} INFO - [2023-01-25 22:33:31,653] {dag.py:2972} INFO - Setting next_dagrun for example_branch_python_operator_decorator to 2023-01-24T00:00:00+00:00, run_after=2023-01-25T00:00:00+00:00
[2023-01-25 22:33:31,696] {processor.py:161} INFO - Processing /home/airflow/.local/lib/python3.7/site-packages/airflow/example_dags/example_branch_operator_decorator.py took 0.612 seconds
[2023-01-25 22:34:01,886] {processor.py:153} INFO - Started process (PID=2053) to work on /home/airflow/.local/lib/python3.7/site-packages/airflow/example_dags/example_branch_operator_decorator.py
[2023-01-25 22:34:01,888] {processor.py:641} INFO - Processing file /home/airflow/.local/lib/python3.7/site-packages/airflow/example_dags/example_branch_operator_decorator.py for tasks to queue
[2023-01-25 22:34:01,890] {logging_mixin.py:115} INFO - [2023-01-25 22:34:01,889] {dagbag.py:508} INFO - Filling up the DagBag from /home/airflow/.local/lib/python3.7/site-packages/airflow/example_dags/example_branch_operator_decorator.py
[2023-01-25 22:34:02,137] {processor.py:651} INFO - DAG(s) dict_keys(['example_branch_python_operator_decorator']) retrieved from /home/airflow/.local/lib/python3.7/site-packages/airflow/example_dags/example_branch_operator_decorator.py
[2023-01-25 22:34:02,217] {logging_mixin.py:115} INFO - [2023-01-25 22:34:02,216] {dag.py:2420} INFO - Sync 1 DAGs
[2023-01-25 22:34:02,307] {logging_mixin.py:115} INFO - [2023-01-25 22:34:02,307] {dag.py:2972} INFO - Setting next_dagrun for example_branch_python_operator_decorator to 2023-01-24T00:00:00+00:00, run_after=2023-01-25T00:00:00+00:00
[2023-01-25 22:34:02,341] {processor.py:161} INFO - Processing /home/airflow/.local/lib/python3.7/site-packages/airflow/example_dags/example_branch_operator_decorator.py took 0.464 seconds
[2023-01-25 22:34:33,111] {processor.py:153} INFO - Started process (PID=2169) to work on /home/airflow/.local/lib/python3.7/site-packages/airflow/example_dags/example_branch_operator_decorator.py
[2023-01-25 22:34:33,116] {processor.py:641} INFO - Processing file /home/airflow/.local/lib/python3.7/site-packages/airflow/example_dags/example_branch_operator_decorator.py for tasks to queue
[2023-01-25 22:34:33,118] {logging_mixin.py:115} INFO - [2023-01-25 22:34:33,118] {dagbag.py:508} INFO - Filling up the DagBag from /home/airflow/.local/lib/python3.7/site-packages/airflow/example_dags/example_branch_operator_decorator.py
[2023-01-25 22:34:33,382] {processor.py:651} INFO - DAG(s) dict_keys(['example_branch_python_operator_decorator']) retrieved from /home/airflow/.local/lib/python3.7/site-packages/airflow/example_dags/example_branch_operator_decorator.py
[2023-01-25 22:34:33,469] {logging_mixin.py:115} INFO - [2023-01-25 22:34:33,469] {dag.py:2420} INFO - Sync 1 DAGs
[2023-01-25 22:34:33,575] {logging_mixin.py:115} INFO - [2023-01-25 22:34:33,575] {dag.py:2972} INFO - Setting next_dagrun for example_branch_python_operator_decorator to 2023-01-24T00:00:00+00:00, run_after=2023-01-25T00:00:00+00:00
[2023-01-25 22:34:33,608] {processor.py:161} INFO - Processing /home/airflow/.local/lib/python3.7/site-packages/airflow/example_dags/example_branch_operator_decorator.py took 0.505 seconds
[2023-01-25 22:35:04,623] {processor.py:153} INFO - Started process (PID=2284) to work on /home/airflow/.local/lib/python3.7/site-packages/airflow/example_dags/example_branch_operator_decorator.py
[2023-01-25 22:35:04,625] {processor.py:641} INFO - Processing file /home/airflow/.local/lib/python3.7/site-packages/airflow/example_dags/example_branch_operator_decorator.py for tasks to queue
[2023-01-25 22:35:04,627] {logging_mixin.py:115} INFO - [2023-01-25 22:35:04,627] {dagbag.py:508} INFO - Filling up the DagBag from /home/airflow/.local/lib/python3.7/site-packages/airflow/example_dags/example_branch_operator_decorator.py
[2023-01-25 22:35:04,705] {processor.py:651} INFO - DAG(s) dict_keys(['example_branch_python_operator_decorator']) retrieved from /home/airflow/.local/lib/python3.7/site-packages/airflow/example_dags/example_branch_operator_decorator.py
[2023-01-25 22:35:04,788] {logging_mixin.py:115} INFO - [2023-01-25 22:35:04,787] {dag.py:2420} INFO - Sync 1 DAGs
[2023-01-25 22:35:04,887] {logging_mixin.py:115} INFO - [2023-01-25 22:35:04,887] {dag.py:2972} INFO - Setting next_dagrun for example_branch_python_operator_decorator to 2023-01-24T00:00:00+00:00, run_after=2023-01-25T00:00:00+00:00
[2023-01-25 22:35:04,922] {processor.py:161} INFO - Processing /home/airflow/.local/lib/python3.7/site-packages/airflow/example_dags/example_branch_operator_decorator.py took 0.307 seconds
[2023-01-25 22:35:35,916] {processor.py:153} INFO - Started process (PID=2394) to work on /home/airflow/.local/lib/python3.7/site-packages/airflow/example_dags/example_branch_operator_decorator.py
[2023-01-25 22:35:35,917] {processor.py:641} INFO - Processing file /home/airflow/.local/lib/python3.7/site-packages/airflow/example_dags/example_branch_operator_decorator.py for tasks to queue
[2023-01-25 22:35:35,919] {logging_mixin.py:115} INFO - [2023-01-25 22:35:35,919] {dagbag.py:508} INFO - Filling up the DagBag from /home/airflow/.local/lib/python3.7/site-packages/airflow/example_dags/example_branch_operator_decorator.py
[2023-01-25 22:35:35,995] {processor.py:651} INFO - DAG(s) dict_keys(['example_branch_python_operator_decorator']) retrieved from /home/airflow/.local/lib/python3.7/site-packages/airflow/example_dags/example_branch_operator_decorator.py
[2023-01-25 22:35:36,086] {logging_mixin.py:115} INFO - [2023-01-25 22:35:36,086] {dag.py:2420} INFO - Sync 1 DAGs
[2023-01-25 22:35:36,188] {logging_mixin.py:115} INFO - [2023-01-25 22:35:36,187] {dag.py:2972} INFO - Setting next_dagrun for example_branch_python_operator_decorator to 2023-01-24T00:00:00+00:00, run_after=2023-01-25T00:00:00+00:00
[2023-01-25 22:35:36,225] {processor.py:161} INFO - Processing /home/airflow/.local/lib/python3.7/site-packages/airflow/example_dags/example_branch_operator_decorator.py took 0.317 seconds
[2023-01-25 22:36:07,700] {processor.py:153} INFO - Started process (PID=2508) to work on /home/airflow/.local/lib/python3.7/site-packages/airflow/example_dags/example_branch_operator_decorator.py
[2023-01-25 22:36:07,701] {processor.py:641} INFO - Processing file /home/airflow/.local/lib/python3.7/site-packages/airflow/example_dags/example_branch_operator_decorator.py for tasks to queue
[2023-01-25 22:36:07,704] {logging_mixin.py:115} INFO - [2023-01-25 22:36:07,703] {dagbag.py:508} INFO - Filling up the DagBag from /home/airflow/.local/lib/python3.7/site-packages/airflow/example_dags/example_branch_operator_decorator.py
[2023-01-25 22:36:07,789] {processor.py:651} INFO - DAG(s) dict_keys(['example_branch_python_operator_decorator']) retrieved from /home/airflow/.local/lib/python3.7/site-packages/airflow/example_dags/example_branch_operator_decorator.py
[2023-01-25 22:36:07,875] {logging_mixin.py:115} INFO - [2023-01-25 22:36:07,875] {dag.py:2420} INFO - Sync 1 DAGs
[2023-01-25 22:36:07,978] {logging_mixin.py:115} INFO - [2023-01-25 22:36:07,977] {dag.py:2972} INFO - Setting next_dagrun for example_branch_python_operator_decorator to 2023-01-24T00:00:00+00:00, run_after=2023-01-25T00:00:00+00:00
[2023-01-25 22:36:08,014] {processor.py:161} INFO - Processing /home/airflow/.local/lib/python3.7/site-packages/airflow/example_dags/example_branch_operator_decorator.py took 0.322 seconds
[2023-01-25 22:36:38,937] {processor.py:153} INFO - Started process (PID=2622) to work on /home/airflow/.local/lib/python3.7/site-packages/airflow/example_dags/example_branch_operator_decorator.py
[2023-01-25 22:36:38,939] {processor.py:641} INFO - Processing file /home/airflow/.local/lib/python3.7/site-packages/airflow/example_dags/example_branch_operator_decorator.py for tasks to queue
[2023-01-25 22:36:38,942] {logging_mixin.py:115} INFO - [2023-01-25 22:36:38,941] {dagbag.py:508} INFO - Filling up the DagBag from /home/airflow/.local/lib/python3.7/site-packages/airflow/example_dags/example_branch_operator_decorator.py
[2023-01-25 22:36:39,029] {processor.py:651} INFO - DAG(s) dict_keys(['example_branch_python_operator_decorator']) retrieved from /home/airflow/.local/lib/python3.7/site-packages/airflow/example_dags/example_branch_operator_decorator.py
[2023-01-25 22:36:39,121] {logging_mixin.py:115} INFO - [2023-01-25 22:36:39,121] {dag.py:2420} INFO - Sync 1 DAGs
[2023-01-25 22:36:39,254] {logging_mixin.py:115} INFO - [2023-01-25 22:36:39,253] {dag.py:2972} INFO - Setting next_dagrun for example_branch_python_operator_decorator to 2023-01-24T00:00:00+00:00, run_after=2023-01-25T00:00:00+00:00
[2023-01-25 22:36:39,310] {processor.py:161} INFO - Processing /home/airflow/.local/lib/python3.7/site-packages/airflow/example_dags/example_branch_operator_decorator.py took 0.381 seconds
[2023-01-25 22:37:09,536] {processor.py:153} INFO - Started process (PID=2734) to work on /home/airflow/.local/lib/python3.7/site-packages/airflow/example_dags/example_branch_operator_decorator.py
[2023-01-25 22:37:09,538] {processor.py:641} INFO - Processing file /home/airflow/.local/lib/python3.7/site-packages/airflow/example_dags/example_branch_operator_decorator.py for tasks to queue
[2023-01-25 22:37:09,540] {logging_mixin.py:115} INFO - [2023-01-25 22:37:09,540] {dagbag.py:508} INFO - Filling up the DagBag from /home/airflow/.local/lib/python3.7/site-packages/airflow/example_dags/example_branch_operator_decorator.py
[2023-01-25 22:37:09,625] {processor.py:651} INFO - DAG(s) dict_keys(['example_branch_python_operator_decorator']) retrieved from /home/airflow/.local/lib/python3.7/site-packages/airflow/example_dags/example_branch_operator_decorator.py
[2023-01-25 22:37:09,732] {logging_mixin.py:115} INFO - [2023-01-25 22:37:09,731] {dag.py:2420} INFO - Sync 1 DAGs
[2023-01-25 22:37:09,847] {logging_mixin.py:115} INFO - [2023-01-25 22:37:09,846] {dag.py:2972} INFO - Setting next_dagrun for example_branch_python_operator_decorator to 2023-01-24T00:00:00+00:00, run_after=2023-01-25T00:00:00+00:00
[2023-01-25 22:37:09,887] {processor.py:161} INFO - Processing /home/airflow/.local/lib/python3.7/site-packages/airflow/example_dags/example_branch_operator_decorator.py took 0.358 seconds
[2023-01-25 22:37:40,069] {processor.py:153} INFO - Started process (PID=2846) to work on /home/airflow/.local/lib/python3.7/site-packages/airflow/example_dags/example_branch_operator_decorator.py
[2023-01-25 22:37:40,070] {processor.py:641} INFO - Processing file /home/airflow/.local/lib/python3.7/site-packages/airflow/example_dags/example_branch_operator_decorator.py for tasks to queue
[2023-01-25 22:37:40,073] {logging_mixin.py:115} INFO - [2023-01-25 22:37:40,073] {dagbag.py:508} INFO - Filling up the DagBag from /home/airflow/.local/lib/python3.7/site-packages/airflow/example_dags/example_branch_operator_decorator.py
[2023-01-25 22:37:40,169] {processor.py:651} INFO - DAG(s) dict_keys(['example_branch_python_operator_decorator']) retrieved from /home/airflow/.local/lib/python3.7/site-packages/airflow/example_dags/example_branch_operator_decorator.py
[2023-01-25 22:37:40,266] {logging_mixin.py:115} INFO - [2023-01-25 22:37:40,265] {dag.py:2420} INFO - Sync 1 DAGs
[2023-01-25 22:37:40,373] {logging_mixin.py:115} INFO - [2023-01-25 22:37:40,372] {dag.py:2972} INFO - Setting next_dagrun for example_branch_python_operator_decorator to 2023-01-24T00:00:00+00:00, run_after=2023-01-25T00:00:00+00:00
[2023-01-25 22:37:40,411] {processor.py:161} INFO - Processing /home/airflow/.local/lib/python3.7/site-packages/airflow/example_dags/example_branch_operator_decorator.py took 0.353 seconds
[2023-01-25 22:38:11,947] {processor.py:153} INFO - Started process (PID=2960) to work on /home/airflow/.local/lib/python3.7/site-packages/airflow/example_dags/example_branch_operator_decorator.py
[2023-01-25 22:38:11,949] {processor.py:641} INFO - Processing file /home/airflow/.local/lib/python3.7/site-packages/airflow/example_dags/example_branch_operator_decorator.py for tasks to queue
[2023-01-25 22:38:11,951] {logging_mixin.py:115} INFO - [2023-01-25 22:38:11,951] {dagbag.py:508} INFO - Filling up the DagBag from /home/airflow/.local/lib/python3.7/site-packages/airflow/example_dags/example_branch_operator_decorator.py
[2023-01-25 22:38:12,033] {processor.py:651} INFO - DAG(s) dict_keys(['example_branch_python_operator_decorator']) retrieved from /home/airflow/.local/lib/python3.7/site-packages/airflow/example_dags/example_branch_operator_decorator.py
[2023-01-25 22:38:12,116] {logging_mixin.py:115} INFO - [2023-01-25 22:38:12,116] {dag.py:2420} INFO - Sync 1 DAGs
[2023-01-25 22:38:12,237] {logging_mixin.py:115} INFO - [2023-01-25 22:38:12,236] {dag.py:2972} INFO - Setting next_dagrun for example_branch_python_operator_decorator to 2023-01-24T00:00:00+00:00, run_after=2023-01-25T00:00:00+00:00
[2023-01-25 22:38:12,280] {processor.py:161} INFO - Processing /home/airflow/.local/lib/python3.7/site-packages/airflow/example_dags/example_branch_operator_decorator.py took 0.341 seconds
[2023-01-25 22:38:43,141] {processor.py:153} INFO - Started process (PID=3074) to work on /home/airflow/.local/lib/python3.7/site-packages/airflow/example_dags/example_branch_operator_decorator.py
[2023-01-25 22:38:43,144] {processor.py:641} INFO - Processing file /home/airflow/.local/lib/python3.7/site-packages/airflow/example_dags/example_branch_operator_decorator.py for tasks to queue
[2023-01-25 22:38:43,150] {logging_mixin.py:115} INFO - [2023-01-25 22:38:43,150] {dagbag.py:508} INFO - Filling up the DagBag from /home/airflow/.local/lib/python3.7/site-packages/airflow/example_dags/example_branch_operator_decorator.py
[2023-01-25 22:38:43,245] {processor.py:651} INFO - DAG(s) dict_keys(['example_branch_python_operator_decorator']) retrieved from /home/airflow/.local/lib/python3.7/site-packages/airflow/example_dags/example_branch_operator_decorator.py
[2023-01-25 22:38:43,333] {logging_mixin.py:115} INFO - [2023-01-25 22:38:43,333] {dag.py:2420} INFO - Sync 1 DAGs
[2023-01-25 22:38:43,434] {logging_mixin.py:115} INFO - [2023-01-25 22:38:43,434] {dag.py:2972} INFO - Setting next_dagrun for example_branch_python_operator_decorator to 2023-01-24T00:00:00+00:00, run_after=2023-01-25T00:00:00+00:00
[2023-01-25 22:38:43,476] {processor.py:161} INFO - Processing /home/airflow/.local/lib/python3.7/site-packages/airflow/example_dags/example_branch_operator_decorator.py took 0.344 seconds
[2023-01-25 22:39:16,323] {processor.py:153} INFO - Started process (PID=3191) to work on /home/airflow/.local/lib/python3.7/site-packages/airflow/example_dags/example_branch_operator_decorator.py
[2023-01-25 22:39:16,325] {processor.py:641} INFO - Processing file /home/airflow/.local/lib/python3.7/site-packages/airflow/example_dags/example_branch_operator_decorator.py for tasks to queue
[2023-01-25 22:39:16,327] {logging_mixin.py:115} INFO - [2023-01-25 22:39:16,327] {dagbag.py:508} INFO - Filling up the DagBag from /home/airflow/.local/lib/python3.7/site-packages/airflow/example_dags/example_branch_operator_decorator.py
[2023-01-25 22:39:16,410] {processor.py:651} INFO - DAG(s) dict_keys(['example_branch_python_operator_decorator']) retrieved from /home/airflow/.local/lib/python3.7/site-packages/airflow/example_dags/example_branch_operator_decorator.py
[2023-01-25 22:39:16,496] {logging_mixin.py:115} INFO - [2023-01-25 22:39:16,495] {dag.py:2420} INFO - Sync 1 DAGs
[2023-01-25 22:39:16,605] {logging_mixin.py:115} INFO - [2023-01-25 22:39:16,604] {dag.py:2972} INFO - Setting next_dagrun for example_branch_python_operator_decorator to 2023-01-24T00:00:00+00:00, run_after=2023-01-25T00:00:00+00:00
[2023-01-25 22:39:16,647] {processor.py:161} INFO - Processing /home/airflow/.local/lib/python3.7/site-packages/airflow/example_dags/example_branch_operator_decorator.py took 0.333 seconds
[2023-01-25 22:39:49,005] {processor.py:153} INFO - Started process (PID=3304) to work on /home/airflow/.local/lib/python3.7/site-packages/airflow/example_dags/example_branch_operator_decorator.py
[2023-01-25 22:39:49,008] {processor.py:641} INFO - Processing file /home/airflow/.local/lib/python3.7/site-packages/airflow/example_dags/example_branch_operator_decorator.py for tasks to queue
[2023-01-25 22:39:49,011] {logging_mixin.py:115} INFO - [2023-01-25 22:39:49,010] {dagbag.py:508} INFO - Filling up the DagBag from /home/airflow/.local/lib/python3.7/site-packages/airflow/example_dags/example_branch_operator_decorator.py
[2023-01-25 22:39:49,131] {processor.py:651} INFO - DAG(s) dict_keys(['example_branch_python_operator_decorator']) retrieved from /home/airflow/.local/lib/python3.7/site-packages/airflow/example_dags/example_branch_operator_decorator.py
[2023-01-25 22:39:49,232] {logging_mixin.py:115} INFO - [2023-01-25 22:39:49,231] {dag.py:2420} INFO - Sync 1 DAGs
[2023-01-25 22:39:49,339] {logging_mixin.py:115} INFO - [2023-01-25 22:39:49,338] {dag.py:2972} INFO - Setting next_dagrun for example_branch_python_operator_decorator to 2023-01-24T00:00:00+00:00, run_after=2023-01-25T00:00:00+00:00
[2023-01-25 22:39:49,376] {processor.py:161} INFO - Processing /home/airflow/.local/lib/python3.7/site-packages/airflow/example_dags/example_branch_operator_decorator.py took 0.383 seconds
[2023-01-25 22:40:21,421] {processor.py:153} INFO - Started process (PID=3418) to work on /home/airflow/.local/lib/python3.7/site-packages/airflow/example_dags/example_branch_operator_decorator.py
[2023-01-25 22:40:21,423] {processor.py:641} INFO - Processing file /home/airflow/.local/lib/python3.7/site-packages/airflow/example_dags/example_branch_operator_decorator.py for tasks to queue
[2023-01-25 22:40:21,425] {logging_mixin.py:115} INFO - [2023-01-25 22:40:21,425] {dagbag.py:508} INFO - Filling up the DagBag from /home/airflow/.local/lib/python3.7/site-packages/airflow/example_dags/example_branch_operator_decorator.py
[2023-01-25 22:40:21,504] {processor.py:651} INFO - DAG(s) dict_keys(['example_branch_python_operator_decorator']) retrieved from /home/airflow/.local/lib/python3.7/site-packages/airflow/example_dags/example_branch_operator_decorator.py
[2023-01-25 22:40:21,585] {logging_mixin.py:115} INFO - [2023-01-25 22:40:21,585] {dag.py:2420} INFO - Sync 1 DAGs
[2023-01-25 22:40:21,689] {logging_mixin.py:115} INFO - [2023-01-25 22:40:21,689] {dag.py:2972} INFO - Setting next_dagrun for example_branch_python_operator_decorator to 2023-01-24T00:00:00+00:00, run_after=2023-01-25T00:00:00+00:00
[2023-01-25 22:40:21,726] {processor.py:161} INFO - Processing /home/airflow/.local/lib/python3.7/site-packages/airflow/example_dags/example_branch_operator_decorator.py took 0.313 seconds
[2023-01-25 22:40:54,716] {processor.py:153} INFO - Started process (PID=3536) to work on /home/airflow/.local/lib/python3.7/site-packages/airflow/example_dags/example_branch_operator_decorator.py
[2023-01-25 22:40:54,718] {processor.py:641} INFO - Processing file /home/airflow/.local/lib/python3.7/site-packages/airflow/example_dags/example_branch_operator_decorator.py for tasks to queue
[2023-01-25 22:40:54,720] {logging_mixin.py:115} INFO - [2023-01-25 22:40:54,720] {dagbag.py:508} INFO - Filling up the DagBag from /home/airflow/.local/lib/python3.7/site-packages/airflow/example_dags/example_branch_operator_decorator.py
[2023-01-25 22:40:54,802] {processor.py:651} INFO - DAG(s) dict_keys(['example_branch_python_operator_decorator']) retrieved from /home/airflow/.local/lib/python3.7/site-packages/airflow/example_dags/example_branch_operator_decorator.py
[2023-01-25 22:40:54,890] {logging_mixin.py:115} INFO - [2023-01-25 22:40:54,890] {dag.py:2420} INFO - Sync 1 DAGs
[2023-01-25 22:40:55,003] {logging_mixin.py:115} INFO - [2023-01-25 22:40:55,003] {dag.py:2972} INFO - Setting next_dagrun for example_branch_python_operator_decorator to 2023-01-24T00:00:00+00:00, run_after=2023-01-25T00:00:00+00:00
[2023-01-25 22:40:55,040] {processor.py:161} INFO - Processing /home/airflow/.local/lib/python3.7/site-packages/airflow/example_dags/example_branch_operator_decorator.py took 0.332 seconds
[2023-01-25 22:41:27,661] {processor.py:153} INFO - Started process (PID=3651) to work on /home/airflow/.local/lib/python3.7/site-packages/airflow/example_dags/example_branch_operator_decorator.py
[2023-01-25 22:41:27,663] {processor.py:641} INFO - Processing file /home/airflow/.local/lib/python3.7/site-packages/airflow/example_dags/example_branch_operator_decorator.py for tasks to queue
[2023-01-25 22:41:27,665] {logging_mixin.py:115} INFO - [2023-01-25 22:41:27,664] {dagbag.py:508} INFO - Filling up the DagBag from /home/airflow/.local/lib/python3.7/site-packages/airflow/example_dags/example_branch_operator_decorator.py
[2023-01-25 22:41:27,749] {processor.py:651} INFO - DAG(s) dict_keys(['example_branch_python_operator_decorator']) retrieved from /home/airflow/.local/lib/python3.7/site-packages/airflow/example_dags/example_branch_operator_decorator.py
[2023-01-25 22:41:27,834] {logging_mixin.py:115} INFO - [2023-01-25 22:41:27,834] {dag.py:2420} INFO - Sync 1 DAGs
[2023-01-25 22:41:27,947] {logging_mixin.py:115} INFO - [2023-01-25 22:41:27,946] {dag.py:2972} INFO - Setting next_dagrun for example_branch_python_operator_decorator to 2023-01-24T00:00:00+00:00, run_after=2023-01-25T00:00:00+00:00
[2023-01-25 22:41:27,983] {processor.py:161} INFO - Processing /home/airflow/.local/lib/python3.7/site-packages/airflow/example_dags/example_branch_operator_decorator.py took 0.330 seconds
[2023-01-25 22:42:00,981] {processor.py:153} INFO - Started process (PID=3781) to work on /home/airflow/.local/lib/python3.7/site-packages/airflow/example_dags/example_branch_operator_decorator.py
[2023-01-25 22:42:00,983] {processor.py:641} INFO - Processing file /home/airflow/.local/lib/python3.7/site-packages/airflow/example_dags/example_branch_operator_decorator.py for tasks to queue
[2023-01-25 22:42:00,985] {logging_mixin.py:115} INFO - [2023-01-25 22:42:00,985] {dagbag.py:508} INFO - Filling up the DagBag from /home/airflow/.local/lib/python3.7/site-packages/airflow/example_dags/example_branch_operator_decorator.py
[2023-01-25 22:42:01,090] {processor.py:651} INFO - DAG(s) dict_keys(['example_branch_python_operator_decorator']) retrieved from /home/airflow/.local/lib/python3.7/site-packages/airflow/example_dags/example_branch_operator_decorator.py
[2023-01-25 22:42:01,221] {logging_mixin.py:115} INFO - [2023-01-25 22:42:01,221] {dag.py:2420} INFO - Sync 1 DAGs
[2023-01-25 22:42:01,339] {logging_mixin.py:115} INFO - [2023-01-25 22:42:01,339] {dag.py:2972} INFO - Setting next_dagrun for example_branch_python_operator_decorator to 2023-01-24T00:00:00+00:00, run_after=2023-01-25T00:00:00+00:00
[2023-01-25 22:42:01,381] {processor.py:161} INFO - Processing /home/airflow/.local/lib/python3.7/site-packages/airflow/example_dags/example_branch_operator_decorator.py took 0.409 seconds
[2023-01-25 22:42:33,523] {processor.py:153} INFO - Started process (PID=3894) to work on /home/airflow/.local/lib/python3.7/site-packages/airflow/example_dags/example_branch_operator_decorator.py
[2023-01-25 22:42:33,525] {processor.py:641} INFO - Processing file /home/airflow/.local/lib/python3.7/site-packages/airflow/example_dags/example_branch_operator_decorator.py for tasks to queue
[2023-01-25 22:42:33,528] {logging_mixin.py:115} INFO - [2023-01-25 22:42:33,527] {dagbag.py:508} INFO - Filling up the DagBag from /home/airflow/.local/lib/python3.7/site-packages/airflow/example_dags/example_branch_operator_decorator.py
[2023-01-25 22:42:33,627] {processor.py:651} INFO - DAG(s) dict_keys(['example_branch_python_operator_decorator']) retrieved from /home/airflow/.local/lib/python3.7/site-packages/airflow/example_dags/example_branch_operator_decorator.py
[2023-01-25 22:42:33,723] {logging_mixin.py:115} INFO - [2023-01-25 22:42:33,723] {dag.py:2420} INFO - Sync 1 DAGs
[2023-01-25 22:42:33,839] {logging_mixin.py:115} INFO - [2023-01-25 22:42:33,839] {dag.py:2972} INFO - Setting next_dagrun for example_branch_python_operator_decorator to 2023-01-24T00:00:00+00:00, run_after=2023-01-25T00:00:00+00:00
[2023-01-25 22:42:33,875] {processor.py:161} INFO - Processing /home/airflow/.local/lib/python3.7/site-packages/airflow/example_dags/example_branch_operator_decorator.py took 0.362 seconds
[2023-01-25 22:43:06,578] {processor.py:153} INFO - Started process (PID=4012) to work on /home/airflow/.local/lib/python3.7/site-packages/airflow/example_dags/example_branch_operator_decorator.py
[2023-01-25 22:43:06,580] {processor.py:641} INFO - Processing file /home/airflow/.local/lib/python3.7/site-packages/airflow/example_dags/example_branch_operator_decorator.py for tasks to queue
[2023-01-25 22:43:06,582] {logging_mixin.py:115} INFO - [2023-01-25 22:43:06,582] {dagbag.py:508} INFO - Filling up the DagBag from /home/airflow/.local/lib/python3.7/site-packages/airflow/example_dags/example_branch_operator_decorator.py
[2023-01-25 22:43:06,667] {processor.py:651} INFO - DAG(s) dict_keys(['example_branch_python_operator_decorator']) retrieved from /home/airflow/.local/lib/python3.7/site-packages/airflow/example_dags/example_branch_operator_decorator.py
[2023-01-25 22:43:06,761] {logging_mixin.py:115} INFO - [2023-01-25 22:43:06,760] {dag.py:2420} INFO - Sync 1 DAGs
[2023-01-25 22:43:06,875] {logging_mixin.py:115} INFO - [2023-01-25 22:43:06,874] {dag.py:2972} INFO - Setting next_dagrun for example_branch_python_operator_decorator to 2023-01-24T00:00:00+00:00, run_after=2023-01-25T00:00:00+00:00
[2023-01-25 22:43:06,910] {processor.py:161} INFO - Processing /home/airflow/.local/lib/python3.7/site-packages/airflow/example_dags/example_branch_operator_decorator.py took 0.340 seconds
[2023-01-25 22:43:39,890] {processor.py:153} INFO - Started process (PID=4128) to work on /home/airflow/.local/lib/python3.7/site-packages/airflow/example_dags/example_branch_operator_decorator.py
[2023-01-25 22:43:39,891] {processor.py:641} INFO - Processing file /home/airflow/.local/lib/python3.7/site-packages/airflow/example_dags/example_branch_operator_decorator.py for tasks to queue
[2023-01-25 22:43:39,893] {logging_mixin.py:115} INFO - [2023-01-25 22:43:39,893] {dagbag.py:508} INFO - Filling up the DagBag from /home/airflow/.local/lib/python3.7/site-packages/airflow/example_dags/example_branch_operator_decorator.py
[2023-01-25 22:43:39,979] {processor.py:651} INFO - DAG(s) dict_keys(['example_branch_python_operator_decorator']) retrieved from /home/airflow/.local/lib/python3.7/site-packages/airflow/example_dags/example_branch_operator_decorator.py
[2023-01-25 22:43:40,070] {logging_mixin.py:115} INFO - [2023-01-25 22:43:40,069] {dag.py:2420} INFO - Sync 1 DAGs
[2023-01-25 22:43:40,183] {logging_mixin.py:115} INFO - [2023-01-25 22:43:40,182] {dag.py:2972} INFO - Setting next_dagrun for example_branch_python_operator_decorator to 2023-01-24T00:00:00+00:00, run_after=2023-01-25T00:00:00+00:00
[2023-01-25 22:43:40,220] {processor.py:161} INFO - Processing /home/airflow/.local/lib/python3.7/site-packages/airflow/example_dags/example_branch_operator_decorator.py took 0.337 seconds
[2023-01-25 22:44:12,299] {processor.py:153} INFO - Started process (PID=4246) to work on /home/airflow/.local/lib/python3.7/site-packages/airflow/example_dags/example_branch_operator_decorator.py
[2023-01-25 22:44:12,301] {processor.py:641} INFO - Processing file /home/airflow/.local/lib/python3.7/site-packages/airflow/example_dags/example_branch_operator_decorator.py for tasks to queue
[2023-01-25 22:44:12,303] {logging_mixin.py:115} INFO - [2023-01-25 22:44:12,303] {dagbag.py:508} INFO - Filling up the DagBag from /home/airflow/.local/lib/python3.7/site-packages/airflow/example_dags/example_branch_operator_decorator.py
[2023-01-25 22:44:12,385] {processor.py:651} INFO - DAG(s) dict_keys(['example_branch_python_operator_decorator']) retrieved from /home/airflow/.local/lib/python3.7/site-packages/airflow/example_dags/example_branch_operator_decorator.py
[2023-01-25 22:44:12,469] {logging_mixin.py:115} INFO - [2023-01-25 22:44:12,468] {dag.py:2420} INFO - Sync 1 DAGs
[2023-01-25 22:44:12,574] {logging_mixin.py:115} INFO - [2023-01-25 22:44:12,574] {dag.py:2972} INFO - Setting next_dagrun for example_branch_python_operator_decorator to 2023-01-24T00:00:00+00:00, run_after=2023-01-25T00:00:00+00:00
[2023-01-25 22:44:12,610] {processor.py:161} INFO - Processing /home/airflow/.local/lib/python3.7/site-packages/airflow/example_dags/example_branch_operator_decorator.py took 0.320 seconds
[2023-01-25 22:44:44,831] {processor.py:153} INFO - Started process (PID=4356) to work on /home/airflow/.local/lib/python3.7/site-packages/airflow/example_dags/example_branch_operator_decorator.py
[2023-01-25 22:44:44,833] {processor.py:641} INFO - Processing file /home/airflow/.local/lib/python3.7/site-packages/airflow/example_dags/example_branch_operator_decorator.py for tasks to queue
[2023-01-25 22:44:44,836] {logging_mixin.py:115} INFO - [2023-01-25 22:44:44,835] {dagbag.py:508} INFO - Filling up the DagBag from /home/airflow/.local/lib/python3.7/site-packages/airflow/example_dags/example_branch_operator_decorator.py
[2023-01-25 22:44:44,918] {processor.py:651} INFO - DAG(s) dict_keys(['example_branch_python_operator_decorator']) retrieved from /home/airflow/.local/lib/python3.7/site-packages/airflow/example_dags/example_branch_operator_decorator.py
[2023-01-25 22:44:45,001] {logging_mixin.py:115} INFO - [2023-01-25 22:44:45,000] {dag.py:2420} INFO - Sync 1 DAGs
[2023-01-25 22:44:45,113] {logging_mixin.py:115} INFO - [2023-01-25 22:44:45,112] {dag.py:2972} INFO - Setting next_dagrun for example_branch_python_operator_decorator to 2023-01-24T00:00:00+00:00, run_after=2023-01-25T00:00:00+00:00
[2023-01-25 22:44:45,151] {processor.py:161} INFO - Processing /home/airflow/.local/lib/python3.7/site-packages/airflow/example_dags/example_branch_operator_decorator.py took 0.330 seconds
[2023-01-25 22:45:16,637] {processor.py:153} INFO - Started process (PID=4472) to work on /home/airflow/.local/lib/python3.7/site-packages/airflow/example_dags/example_branch_operator_decorator.py
[2023-01-25 22:45:16,649] {processor.py:641} INFO - Processing file /home/airflow/.local/lib/python3.7/site-packages/airflow/example_dags/example_branch_operator_decorator.py for tasks to queue
[2023-01-25 22:45:16,652] {logging_mixin.py:115} INFO - [2023-01-25 22:45:16,652] {dagbag.py:508} INFO - Filling up the DagBag from /home/airflow/.local/lib/python3.7/site-packages/airflow/example_dags/example_branch_operator_decorator.py
[2023-01-25 22:45:16,753] {processor.py:651} INFO - DAG(s) dict_keys(['example_branch_python_operator_decorator']) retrieved from /home/airflow/.local/lib/python3.7/site-packages/airflow/example_dags/example_branch_operator_decorator.py
[2023-01-25 22:45:16,852] {logging_mixin.py:115} INFO - [2023-01-25 22:45:16,851] {dag.py:2420} INFO - Sync 1 DAGs
[2023-01-25 22:45:16,969] {logging_mixin.py:115} INFO - [2023-01-25 22:45:16,968] {dag.py:2972} INFO - Setting next_dagrun for example_branch_python_operator_decorator to 2023-01-24T00:00:00+00:00, run_after=2023-01-25T00:00:00+00:00
[2023-01-25 22:45:17,012] {processor.py:161} INFO - Processing /home/airflow/.local/lib/python3.7/site-packages/airflow/example_dags/example_branch_operator_decorator.py took 0.382 seconds
[2023-01-25 22:45:49,247] {processor.py:153} INFO - Started process (PID=4586) to work on /home/airflow/.local/lib/python3.7/site-packages/airflow/example_dags/example_branch_operator_decorator.py
[2023-01-25 22:45:49,249] {processor.py:641} INFO - Processing file /home/airflow/.local/lib/python3.7/site-packages/airflow/example_dags/example_branch_operator_decorator.py for tasks to queue
[2023-01-25 22:45:49,251] {logging_mixin.py:115} INFO - [2023-01-25 22:45:49,251] {dagbag.py:508} INFO - Filling up the DagBag from /home/airflow/.local/lib/python3.7/site-packages/airflow/example_dags/example_branch_operator_decorator.py
[2023-01-25 22:45:49,336] {processor.py:651} INFO - DAG(s) dict_keys(['example_branch_python_operator_decorator']) retrieved from /home/airflow/.local/lib/python3.7/site-packages/airflow/example_dags/example_branch_operator_decorator.py
[2023-01-25 22:45:49,419] {logging_mixin.py:115} INFO - [2023-01-25 22:45:49,419] {dag.py:2420} INFO - Sync 1 DAGs
[2023-01-25 22:45:49,532] {logging_mixin.py:115} INFO - [2023-01-25 22:45:49,531] {dag.py:2972} INFO - Setting next_dagrun for example_branch_python_operator_decorator to 2023-01-24T00:00:00+00:00, run_after=2023-01-25T00:00:00+00:00
[2023-01-25 22:45:49,569] {processor.py:161} INFO - Processing /home/airflow/.local/lib/python3.7/site-packages/airflow/example_dags/example_branch_operator_decorator.py took 0.332 seconds
[2023-01-25 22:46:21,633] {processor.py:153} INFO - Started process (PID=4700) to work on /home/airflow/.local/lib/python3.7/site-packages/airflow/example_dags/example_branch_operator_decorator.py
[2023-01-25 22:46:21,635] {processor.py:641} INFO - Processing file /home/airflow/.local/lib/python3.7/site-packages/airflow/example_dags/example_branch_operator_decorator.py for tasks to queue
[2023-01-25 22:46:21,637] {logging_mixin.py:115} INFO - [2023-01-25 22:46:21,637] {dagbag.py:508} INFO - Filling up the DagBag from /home/airflow/.local/lib/python3.7/site-packages/airflow/example_dags/example_branch_operator_decorator.py
[2023-01-25 22:46:21,722] {processor.py:651} INFO - DAG(s) dict_keys(['example_branch_python_operator_decorator']) retrieved from /home/airflow/.local/lib/python3.7/site-packages/airflow/example_dags/example_branch_operator_decorator.py
[2023-01-25 22:46:21,806] {logging_mixin.py:115} INFO - [2023-01-25 22:46:21,806] {dag.py:2420} INFO - Sync 1 DAGs
[2023-01-25 22:46:21,912] {logging_mixin.py:115} INFO - [2023-01-25 22:46:21,911] {dag.py:2972} INFO - Setting next_dagrun for example_branch_python_operator_decorator to 2023-01-24T00:00:00+00:00, run_after=2023-01-25T00:00:00+00:00
[2023-01-25 22:46:21,949] {processor.py:161} INFO - Processing /home/airflow/.local/lib/python3.7/site-packages/airflow/example_dags/example_branch_operator_decorator.py took 0.324 seconds
[2023-01-25 22:46:54,082] {processor.py:153} INFO - Started process (PID=4825) to work on /home/airflow/.local/lib/python3.7/site-packages/airflow/example_dags/example_branch_operator_decorator.py
[2023-01-25 22:46:54,083] {processor.py:641} INFO - Processing file /home/airflow/.local/lib/python3.7/site-packages/airflow/example_dags/example_branch_operator_decorator.py for tasks to queue
[2023-01-25 22:46:54,085] {logging_mixin.py:115} INFO - [2023-01-25 22:46:54,085] {dagbag.py:508} INFO - Filling up the DagBag from /home/airflow/.local/lib/python3.7/site-packages/airflow/example_dags/example_branch_operator_decorator.py
[2023-01-25 22:46:54,168] {processor.py:651} INFO - DAG(s) dict_keys(['example_branch_python_operator_decorator']) retrieved from /home/airflow/.local/lib/python3.7/site-packages/airflow/example_dags/example_branch_operator_decorator.py
[2023-01-25 22:46:54,251] {logging_mixin.py:115} INFO - [2023-01-25 22:46:54,251] {dag.py:2420} INFO - Sync 1 DAGs
[2023-01-25 22:46:54,359] {logging_mixin.py:115} INFO - [2023-01-25 22:46:54,358] {dag.py:2972} INFO - Setting next_dagrun for example_branch_python_operator_decorator to 2023-01-24T00:00:00+00:00, run_after=2023-01-25T00:00:00+00:00
[2023-01-25 22:46:54,402] {processor.py:161} INFO - Processing /home/airflow/.local/lib/python3.7/site-packages/airflow/example_dags/example_branch_operator_decorator.py took 0.328 seconds
[2023-01-25 22:47:27,447] {processor.py:153} INFO - Started process (PID=4945) to work on /home/airflow/.local/lib/python3.7/site-packages/airflow/example_dags/example_branch_operator_decorator.py
[2023-01-25 22:47:27,449] {processor.py:641} INFO - Processing file /home/airflow/.local/lib/python3.7/site-packages/airflow/example_dags/example_branch_operator_decorator.py for tasks to queue
[2023-01-25 22:47:27,454] {logging_mixin.py:115} INFO - [2023-01-25 22:47:27,454] {dagbag.py:508} INFO - Filling up the DagBag from /home/airflow/.local/lib/python3.7/site-packages/airflow/example_dags/example_branch_operator_decorator.py
[2023-01-25 22:47:27,543] {processor.py:651} INFO - DAG(s) dict_keys(['example_branch_python_operator_decorator']) retrieved from /home/airflow/.local/lib/python3.7/site-packages/airflow/example_dags/example_branch_operator_decorator.py
[2023-01-25 22:47:27,632] {logging_mixin.py:115} INFO - [2023-01-25 22:47:27,631] {dag.py:2420} INFO - Sync 1 DAGs
[2023-01-25 22:47:27,743] {logging_mixin.py:115} INFO - [2023-01-25 22:47:27,743] {dag.py:2972} INFO - Setting next_dagrun for example_branch_python_operator_decorator to 2023-01-24T00:00:00+00:00, run_after=2023-01-25T00:00:00+00:00
[2023-01-25 22:47:27,788] {processor.py:161} INFO - Processing /home/airflow/.local/lib/python3.7/site-packages/airflow/example_dags/example_branch_operator_decorator.py took 0.351 seconds
[2023-01-25 22:48:00,561] {processor.py:153} INFO - Started process (PID=5058) to work on /home/airflow/.local/lib/python3.7/site-packages/airflow/example_dags/example_branch_operator_decorator.py
[2023-01-25 22:48:00,565] {processor.py:641} INFO - Processing file /home/airflow/.local/lib/python3.7/site-packages/airflow/example_dags/example_branch_operator_decorator.py for tasks to queue
[2023-01-25 22:48:00,569] {logging_mixin.py:115} INFO - [2023-01-25 22:48:00,569] {dagbag.py:508} INFO - Filling up the DagBag from /home/airflow/.local/lib/python3.7/site-packages/airflow/example_dags/example_branch_operator_decorator.py
[2023-01-25 22:48:00,659] {processor.py:651} INFO - DAG(s) dict_keys(['example_branch_python_operator_decorator']) retrieved from /home/airflow/.local/lib/python3.7/site-packages/airflow/example_dags/example_branch_operator_decorator.py
[2023-01-25 22:48:00,762] {logging_mixin.py:115} INFO - [2023-01-25 22:48:00,762] {dag.py:2420} INFO - Sync 1 DAGs
[2023-01-25 22:48:00,908] {logging_mixin.py:115} INFO - [2023-01-25 22:48:00,907] {dag.py:2972} INFO - Setting next_dagrun for example_branch_python_operator_decorator to 2023-01-24T00:00:00+00:00, run_after=2023-01-25T00:00:00+00:00
[2023-01-25 22:48:00,953] {processor.py:161} INFO - Processing /home/airflow/.local/lib/python3.7/site-packages/airflow/example_dags/example_branch_operator_decorator.py took 0.401 seconds
[2023-01-25 22:48:32,909] {processor.py:153} INFO - Started process (PID=5178) to work on /home/airflow/.local/lib/python3.7/site-packages/airflow/example_dags/example_branch_operator_decorator.py
[2023-01-25 22:48:32,911] {processor.py:641} INFO - Processing file /home/airflow/.local/lib/python3.7/site-packages/airflow/example_dags/example_branch_operator_decorator.py for tasks to queue
[2023-01-25 22:48:32,913] {logging_mixin.py:115} INFO - [2023-01-25 22:48:32,913] {dagbag.py:508} INFO - Filling up the DagBag from /home/airflow/.local/lib/python3.7/site-packages/airflow/example_dags/example_branch_operator_decorator.py
[2023-01-25 22:48:32,990] {processor.py:651} INFO - DAG(s) dict_keys(['example_branch_python_operator_decorator']) retrieved from /home/airflow/.local/lib/python3.7/site-packages/airflow/example_dags/example_branch_operator_decorator.py
[2023-01-25 22:48:33,068] {logging_mixin.py:115} INFO - [2023-01-25 22:48:33,067] {dag.py:2420} INFO - Sync 1 DAGs
[2023-01-25 22:48:33,165] {logging_mixin.py:115} INFO - [2023-01-25 22:48:33,164] {dag.py:2972} INFO - Setting next_dagrun for example_branch_python_operator_decorator to 2023-01-24T00:00:00+00:00, run_after=2023-01-25T00:00:00+00:00
[2023-01-25 22:48:33,199] {processor.py:161} INFO - Processing /home/airflow/.local/lib/python3.7/site-packages/airflow/example_dags/example_branch_operator_decorator.py took 0.297 seconds
[2023-01-25 22:49:05,166] {processor.py:153} INFO - Started process (PID=5294) to work on /home/airflow/.local/lib/python3.7/site-packages/airflow/example_dags/example_branch_operator_decorator.py
[2023-01-25 22:49:05,168] {processor.py:641} INFO - Processing file /home/airflow/.local/lib/python3.7/site-packages/airflow/example_dags/example_branch_operator_decorator.py for tasks to queue
[2023-01-25 22:49:05,170] {logging_mixin.py:115} INFO - [2023-01-25 22:49:05,169] {dagbag.py:508} INFO - Filling up the DagBag from /home/airflow/.local/lib/python3.7/site-packages/airflow/example_dags/example_branch_operator_decorator.py
[2023-01-25 22:49:05,251] {processor.py:651} INFO - DAG(s) dict_keys(['example_branch_python_operator_decorator']) retrieved from /home/airflow/.local/lib/python3.7/site-packages/airflow/example_dags/example_branch_operator_decorator.py
[2023-01-25 22:49:05,336] {logging_mixin.py:115} INFO - [2023-01-25 22:49:05,335] {dag.py:2420} INFO - Sync 1 DAGs
[2023-01-25 22:49:05,441] {logging_mixin.py:115} INFO - [2023-01-25 22:49:05,440] {dag.py:2972} INFO - Setting next_dagrun for example_branch_python_operator_decorator to 2023-01-24T00:00:00+00:00, run_after=2023-01-25T00:00:00+00:00
[2023-01-25 22:49:05,476] {processor.py:161} INFO - Processing /home/airflow/.local/lib/python3.7/site-packages/airflow/example_dags/example_branch_operator_decorator.py took 0.318 seconds
[2023-01-25 22:49:35,696] {processor.py:153} INFO - Started process (PID=5407) to work on /home/airflow/.local/lib/python3.7/site-packages/airflow/example_dags/example_branch_operator_decorator.py
[2023-01-25 22:49:35,697] {processor.py:641} INFO - Processing file /home/airflow/.local/lib/python3.7/site-packages/airflow/example_dags/example_branch_operator_decorator.py for tasks to queue
[2023-01-25 22:49:35,699] {logging_mixin.py:115} INFO - [2023-01-25 22:49:35,699] {dagbag.py:508} INFO - Filling up the DagBag from /home/airflow/.local/lib/python3.7/site-packages/airflow/example_dags/example_branch_operator_decorator.py
[2023-01-25 22:49:35,777] {processor.py:651} INFO - DAG(s) dict_keys(['example_branch_python_operator_decorator']) retrieved from /home/airflow/.local/lib/python3.7/site-packages/airflow/example_dags/example_branch_operator_decorator.py
[2023-01-25 22:49:35,857] {logging_mixin.py:115} INFO - [2023-01-25 22:49:35,857] {dag.py:2420} INFO - Sync 1 DAGs
[2023-01-25 22:49:35,956] {logging_mixin.py:115} INFO - [2023-01-25 22:49:35,956] {dag.py:2972} INFO - Setting next_dagrun for example_branch_python_operator_decorator to 2023-01-24T00:00:00+00:00, run_after=2023-01-25T00:00:00+00:00
[2023-01-25 22:49:35,992] {processor.py:161} INFO - Processing /home/airflow/.local/lib/python3.7/site-packages/airflow/example_dags/example_branch_operator_decorator.py took 0.303 seconds
[2023-01-25 22:50:06,880] {processor.py:153} INFO - Started process (PID=5519) to work on /home/airflow/.local/lib/python3.7/site-packages/airflow/example_dags/example_branch_operator_decorator.py
[2023-01-25 22:50:06,882] {processor.py:641} INFO - Processing file /home/airflow/.local/lib/python3.7/site-packages/airflow/example_dags/example_branch_operator_decorator.py for tasks to queue
[2023-01-25 22:50:06,884] {logging_mixin.py:115} INFO - [2023-01-25 22:50:06,884] {dagbag.py:508} INFO - Filling up the DagBag from /home/airflow/.local/lib/python3.7/site-packages/airflow/example_dags/example_branch_operator_decorator.py
[2023-01-25 22:50:06,962] {processor.py:651} INFO - DAG(s) dict_keys(['example_branch_python_operator_decorator']) retrieved from /home/airflow/.local/lib/python3.7/site-packages/airflow/example_dags/example_branch_operator_decorator.py
[2023-01-25 22:50:07,041] {logging_mixin.py:115} INFO - [2023-01-25 22:50:07,040] {dag.py:2420} INFO - Sync 1 DAGs
[2023-01-25 22:50:07,138] {logging_mixin.py:115} INFO - [2023-01-25 22:50:07,138] {dag.py:2972} INFO - Setting next_dagrun for example_branch_python_operator_decorator to 2023-01-24T00:00:00+00:00, run_after=2023-01-25T00:00:00+00:00
[2023-01-25 22:50:07,180] {processor.py:161} INFO - Processing /home/airflow/.local/lib/python3.7/site-packages/airflow/example_dags/example_branch_operator_decorator.py took 0.307 seconds
[2023-01-25 22:50:37,224] {processor.py:153} INFO - Started process (PID=5630) to work on /home/airflow/.local/lib/python3.7/site-packages/airflow/example_dags/example_branch_operator_decorator.py
[2023-01-25 22:50:37,226] {processor.py:641} INFO - Processing file /home/airflow/.local/lib/python3.7/site-packages/airflow/example_dags/example_branch_operator_decorator.py for tasks to queue
[2023-01-25 22:50:37,228] {logging_mixin.py:115} INFO - [2023-01-25 22:50:37,228] {dagbag.py:508} INFO - Filling up the DagBag from /home/airflow/.local/lib/python3.7/site-packages/airflow/example_dags/example_branch_operator_decorator.py
[2023-01-25 22:50:37,304] {processor.py:651} INFO - DAG(s) dict_keys(['example_branch_python_operator_decorator']) retrieved from /home/airflow/.local/lib/python3.7/site-packages/airflow/example_dags/example_branch_operator_decorator.py
[2023-01-25 22:50:37,382] {logging_mixin.py:115} INFO - [2023-01-25 22:50:37,381] {dag.py:2420} INFO - Sync 1 DAGs
[2023-01-25 22:50:37,475] {logging_mixin.py:115} INFO - [2023-01-25 22:50:37,474] {dag.py:2972} INFO - Setting next_dagrun for example_branch_python_operator_decorator to 2023-01-24T00:00:00+00:00, run_after=2023-01-25T00:00:00+00:00
[2023-01-25 22:50:37,508] {processor.py:161} INFO - Processing /home/airflow/.local/lib/python3.7/site-packages/airflow/example_dags/example_branch_operator_decorator.py took 0.291 seconds
[2023-01-25 22:51:08,491] {processor.py:153} INFO - Started process (PID=5747) to work on /home/airflow/.local/lib/python3.7/site-packages/airflow/example_dags/example_branch_operator_decorator.py
[2023-01-25 22:51:08,493] {processor.py:641} INFO - Processing file /home/airflow/.local/lib/python3.7/site-packages/airflow/example_dags/example_branch_operator_decorator.py for tasks to queue
[2023-01-25 22:51:08,495] {logging_mixin.py:115} INFO - [2023-01-25 22:51:08,494] {dagbag.py:508} INFO - Filling up the DagBag from /home/airflow/.local/lib/python3.7/site-packages/airflow/example_dags/example_branch_operator_decorator.py
[2023-01-25 22:51:08,584] {processor.py:651} INFO - DAG(s) dict_keys(['example_branch_python_operator_decorator']) retrieved from /home/airflow/.local/lib/python3.7/site-packages/airflow/example_dags/example_branch_operator_decorator.py
[2023-01-25 22:51:08,684] {logging_mixin.py:115} INFO - [2023-01-25 22:51:08,684] {dag.py:2420} INFO - Sync 1 DAGs
[2023-01-25 22:51:08,808] {logging_mixin.py:115} INFO - [2023-01-25 22:51:08,808] {dag.py:2972} INFO - Setting next_dagrun for example_branch_python_operator_decorator to 2023-01-24T00:00:00+00:00, run_after=2023-01-25T00:00:00+00:00
[2023-01-25 22:51:08,855] {processor.py:161} INFO - Processing /home/airflow/.local/lib/python3.7/site-packages/airflow/example_dags/example_branch_operator_decorator.py took 0.373 seconds
[2023-01-25 22:51:39,153] {processor.py:153} INFO - Started process (PID=5861) to work on /home/airflow/.local/lib/python3.7/site-packages/airflow/example_dags/example_branch_operator_decorator.py
[2023-01-25 22:51:39,155] {processor.py:641} INFO - Processing file /home/airflow/.local/lib/python3.7/site-packages/airflow/example_dags/example_branch_operator_decorator.py for tasks to queue
[2023-01-25 22:51:39,157] {logging_mixin.py:115} INFO - [2023-01-25 22:51:39,157] {dagbag.py:508} INFO - Filling up the DagBag from /home/airflow/.local/lib/python3.7/site-packages/airflow/example_dags/example_branch_operator_decorator.py
[2023-01-25 22:51:39,243] {processor.py:651} INFO - DAG(s) dict_keys(['example_branch_python_operator_decorator']) retrieved from /home/airflow/.local/lib/python3.7/site-packages/airflow/example_dags/example_branch_operator_decorator.py
[2023-01-25 22:51:39,327] {logging_mixin.py:115} INFO - [2023-01-25 22:51:39,326] {dag.py:2420} INFO - Sync 1 DAGs
[2023-01-25 22:51:39,443] {logging_mixin.py:115} INFO - [2023-01-25 22:51:39,441] {dag.py:2972} INFO - Setting next_dagrun for example_branch_python_operator_decorator to 2023-01-24T00:00:00+00:00, run_after=2023-01-25T00:00:00+00:00
[2023-01-25 22:51:39,485] {processor.py:161} INFO - Processing /home/airflow/.local/lib/python3.7/site-packages/airflow/example_dags/example_branch_operator_decorator.py took 0.339 seconds
[2023-01-25 22:52:09,768] {processor.py:153} INFO - Started process (PID=5975) to work on /home/airflow/.local/lib/python3.7/site-packages/airflow/example_dags/example_branch_operator_decorator.py
[2023-01-25 22:52:09,770] {processor.py:641} INFO - Processing file /home/airflow/.local/lib/python3.7/site-packages/airflow/example_dags/example_branch_operator_decorator.py for tasks to queue
[2023-01-25 22:52:09,772] {logging_mixin.py:115} INFO - [2023-01-25 22:52:09,772] {dagbag.py:508} INFO - Filling up the DagBag from /home/airflow/.local/lib/python3.7/site-packages/airflow/example_dags/example_branch_operator_decorator.py
[2023-01-25 22:52:09,855] {processor.py:651} INFO - DAG(s) dict_keys(['example_branch_python_operator_decorator']) retrieved from /home/airflow/.local/lib/python3.7/site-packages/airflow/example_dags/example_branch_operator_decorator.py
[2023-01-25 22:52:09,950] {logging_mixin.py:115} INFO - [2023-01-25 22:52:09,949] {dag.py:2420} INFO - Sync 1 DAGs
[2023-01-25 22:52:10,067] {logging_mixin.py:115} INFO - [2023-01-25 22:52:10,066] {dag.py:2972} INFO - Setting next_dagrun for example_branch_python_operator_decorator to 2023-01-24T00:00:00+00:00, run_after=2023-01-25T00:00:00+00:00
[2023-01-25 22:52:10,104] {processor.py:161} INFO - Processing /home/airflow/.local/lib/python3.7/site-packages/airflow/example_dags/example_branch_operator_decorator.py took 0.344 seconds
[2023-01-25 22:52:40,416] {processor.py:153} INFO - Started process (PID=6089) to work on /home/airflow/.local/lib/python3.7/site-packages/airflow/example_dags/example_branch_operator_decorator.py
[2023-01-25 22:52:40,418] {processor.py:641} INFO - Processing file /home/airflow/.local/lib/python3.7/site-packages/airflow/example_dags/example_branch_operator_decorator.py for tasks to queue
[2023-01-25 22:52:40,420] {logging_mixin.py:115} INFO - [2023-01-25 22:52:40,420] {dagbag.py:508} INFO - Filling up the DagBag from /home/airflow/.local/lib/python3.7/site-packages/airflow/example_dags/example_branch_operator_decorator.py
[2023-01-25 22:52:40,510] {processor.py:651} INFO - DAG(s) dict_keys(['example_branch_python_operator_decorator']) retrieved from /home/airflow/.local/lib/python3.7/site-packages/airflow/example_dags/example_branch_operator_decorator.py
[2023-01-25 22:52:40,599] {logging_mixin.py:115} INFO - [2023-01-25 22:52:40,599] {dag.py:2420} INFO - Sync 1 DAGs
[2023-01-25 22:52:40,716] {logging_mixin.py:115} INFO - [2023-01-25 22:52:40,716] {dag.py:2972} INFO - Setting next_dagrun for example_branch_python_operator_decorator to 2023-01-24T00:00:00+00:00, run_after=2023-01-25T00:00:00+00:00
[2023-01-25 22:52:40,761] {processor.py:161} INFO - Processing /home/airflow/.local/lib/python3.7/site-packages/airflow/example_dags/example_branch_operator_decorator.py took 0.352 seconds
[2023-01-25 22:53:11,260] {processor.py:153} INFO - Started process (PID=6202) to work on /home/airflow/.local/lib/python3.7/site-packages/airflow/example_dags/example_branch_operator_decorator.py
[2023-01-25 22:53:11,262] {processor.py:641} INFO - Processing file /home/airflow/.local/lib/python3.7/site-packages/airflow/example_dags/example_branch_operator_decorator.py for tasks to queue
[2023-01-25 22:53:11,264] {logging_mixin.py:115} INFO - [2023-01-25 22:53:11,264] {dagbag.py:508} INFO - Filling up the DagBag from /home/airflow/.local/lib/python3.7/site-packages/airflow/example_dags/example_branch_operator_decorator.py
[2023-01-25 22:53:11,343] {processor.py:651} INFO - DAG(s) dict_keys(['example_branch_python_operator_decorator']) retrieved from /home/airflow/.local/lib/python3.7/site-packages/airflow/example_dags/example_branch_operator_decorator.py
[2023-01-25 22:53:11,432] {logging_mixin.py:115} INFO - [2023-01-25 22:53:11,432] {dag.py:2420} INFO - Sync 1 DAGs
[2023-01-25 22:53:11,532] {logging_mixin.py:115} INFO - [2023-01-25 22:53:11,531] {dag.py:2972} INFO - Setting next_dagrun for example_branch_python_operator_decorator to 2023-01-24T00:00:00+00:00, run_after=2023-01-25T00:00:00+00:00
[2023-01-25 22:53:11,566] {processor.py:161} INFO - Processing /home/airflow/.local/lib/python3.7/site-packages/airflow/example_dags/example_branch_operator_decorator.py took 0.315 seconds
[2023-01-25 22:53:41,846] {processor.py:153} INFO - Started process (PID=6318) to work on /home/airflow/.local/lib/python3.7/site-packages/airflow/example_dags/example_branch_operator_decorator.py
[2023-01-25 22:53:41,851] {processor.py:641} INFO - Processing file /home/airflow/.local/lib/python3.7/site-packages/airflow/example_dags/example_branch_operator_decorator.py for tasks to queue
[2023-01-25 22:53:41,854] {logging_mixin.py:115} INFO - [2023-01-25 22:53:41,853] {dagbag.py:508} INFO - Filling up the DagBag from /home/airflow/.local/lib/python3.7/site-packages/airflow/example_dags/example_branch_operator_decorator.py
[2023-01-25 22:53:41,960] {processor.py:651} INFO - DAG(s) dict_keys(['example_branch_python_operator_decorator']) retrieved from /home/airflow/.local/lib/python3.7/site-packages/airflow/example_dags/example_branch_operator_decorator.py
[2023-01-25 22:53:42,055] {logging_mixin.py:115} INFO - [2023-01-25 22:53:42,054] {dag.py:2420} INFO - Sync 1 DAGs
[2023-01-25 22:53:42,194] {logging_mixin.py:115} INFO - [2023-01-25 22:53:42,193] {dag.py:2972} INFO - Setting next_dagrun for example_branch_python_operator_decorator to 2023-01-24T00:00:00+00:00, run_after=2023-01-25T00:00:00+00:00
[2023-01-25 22:53:42,249] {processor.py:161} INFO - Processing /home/airflow/.local/lib/python3.7/site-packages/airflow/example_dags/example_branch_operator_decorator.py took 0.412 seconds
[2023-01-25 22:54:12,738] {processor.py:153} INFO - Started process (PID=6434) to work on /home/airflow/.local/lib/python3.7/site-packages/airflow/example_dags/example_branch_operator_decorator.py
[2023-01-25 22:54:12,740] {processor.py:641} INFO - Processing file /home/airflow/.local/lib/python3.7/site-packages/airflow/example_dags/example_branch_operator_decorator.py for tasks to queue
[2023-01-25 22:54:12,742] {logging_mixin.py:115} INFO - [2023-01-25 22:54:12,741] {dagbag.py:508} INFO - Filling up the DagBag from /home/airflow/.local/lib/python3.7/site-packages/airflow/example_dags/example_branch_operator_decorator.py
[2023-01-25 22:54:12,827] {processor.py:651} INFO - DAG(s) dict_keys(['example_branch_python_operator_decorator']) retrieved from /home/airflow/.local/lib/python3.7/site-packages/airflow/example_dags/example_branch_operator_decorator.py
[2023-01-25 22:54:12,909] {logging_mixin.py:115} INFO - [2023-01-25 22:54:12,909] {dag.py:2420} INFO - Sync 1 DAGs
[2023-01-25 22:54:13,013] {logging_mixin.py:115} INFO - [2023-01-25 22:54:13,012] {dag.py:2972} INFO - Setting next_dagrun for example_branch_python_operator_decorator to 2023-01-24T00:00:00+00:00, run_after=2023-01-25T00:00:00+00:00
[2023-01-25 22:54:13,050] {processor.py:161} INFO - Processing /home/airflow/.local/lib/python3.7/site-packages/airflow/example_dags/example_branch_operator_decorator.py took 0.320 seconds
[2023-01-25 22:54:43,364] {processor.py:153} INFO - Started process (PID=6548) to work on /home/airflow/.local/lib/python3.7/site-packages/airflow/example_dags/example_branch_operator_decorator.py
[2023-01-25 22:54:43,366] {processor.py:641} INFO - Processing file /home/airflow/.local/lib/python3.7/site-packages/airflow/example_dags/example_branch_operator_decorator.py for tasks to queue
[2023-01-25 22:54:43,368] {logging_mixin.py:115} INFO - [2023-01-25 22:54:43,368] {dagbag.py:508} INFO - Filling up the DagBag from /home/airflow/.local/lib/python3.7/site-packages/airflow/example_dags/example_branch_operator_decorator.py
[2023-01-25 22:54:43,448] {processor.py:651} INFO - DAG(s) dict_keys(['example_branch_python_operator_decorator']) retrieved from /home/airflow/.local/lib/python3.7/site-packages/airflow/example_dags/example_branch_operator_decorator.py
[2023-01-25 22:54:43,529] {logging_mixin.py:115} INFO - [2023-01-25 22:54:43,528] {dag.py:2420} INFO - Sync 1 DAGs
[2023-01-25 22:54:43,629] {logging_mixin.py:115} INFO - [2023-01-25 22:54:43,629] {dag.py:2972} INFO - Setting next_dagrun for example_branch_python_operator_decorator to 2023-01-24T00:00:00+00:00, run_after=2023-01-25T00:00:00+00:00
[2023-01-25 22:54:43,665] {processor.py:161} INFO - Processing /home/airflow/.local/lib/python3.7/site-packages/airflow/example_dags/example_branch_operator_decorator.py took 0.310 seconds
[2023-01-25 22:55:13,951] {processor.py:153} INFO - Started process (PID=6662) to work on /home/airflow/.local/lib/python3.7/site-packages/airflow/example_dags/example_branch_operator_decorator.py
[2023-01-25 22:55:13,953] {processor.py:641} INFO - Processing file /home/airflow/.local/lib/python3.7/site-packages/airflow/example_dags/example_branch_operator_decorator.py for tasks to queue
[2023-01-25 22:55:13,955] {logging_mixin.py:115} INFO - [2023-01-25 22:55:13,955] {dagbag.py:508} INFO - Filling up the DagBag from /home/airflow/.local/lib/python3.7/site-packages/airflow/example_dags/example_branch_operator_decorator.py
[2023-01-25 22:55:14,045] {processor.py:651} INFO - DAG(s) dict_keys(['example_branch_python_operator_decorator']) retrieved from /home/airflow/.local/lib/python3.7/site-packages/airflow/example_dags/example_branch_operator_decorator.py
[2023-01-25 22:55:14,132] {logging_mixin.py:115} INFO - [2023-01-25 22:55:14,131] {dag.py:2420} INFO - Sync 1 DAGs
[2023-01-25 22:55:14,229] {logging_mixin.py:115} INFO - [2023-01-25 22:55:14,229] {dag.py:2972} INFO - Setting next_dagrun for example_branch_python_operator_decorator to 2023-01-24T00:00:00+00:00, run_after=2023-01-25T00:00:00+00:00
[2023-01-25 22:55:14,266] {processor.py:161} INFO - Processing /home/airflow/.local/lib/python3.7/site-packages/airflow/example_dags/example_branch_operator_decorator.py took 0.323 seconds
[2023-01-25 23:00:23,382] {processor.py:153} INFO - Started process (PID=6784) to work on /home/airflow/.local/lib/python3.7/site-packages/airflow/example_dags/example_branch_operator_decorator.py
[2023-01-25 23:00:23,384] {processor.py:641} INFO - Processing file /home/airflow/.local/lib/python3.7/site-packages/airflow/example_dags/example_branch_operator_decorator.py for tasks to queue
[2023-01-25 23:00:23,387] {logging_mixin.py:115} INFO - [2023-01-25 23:00:23,386] {dagbag.py:508} INFO - Filling up the DagBag from /home/airflow/.local/lib/python3.7/site-packages/airflow/example_dags/example_branch_operator_decorator.py
[2023-01-25 23:00:23,470] {processor.py:651} INFO - DAG(s) dict_keys(['example_branch_python_operator_decorator']) retrieved from /home/airflow/.local/lib/python3.7/site-packages/airflow/example_dags/example_branch_operator_decorator.py
[2023-01-25 23:00:23,565] {logging_mixin.py:115} INFO - [2023-01-25 23:00:23,564] {dag.py:2420} INFO - Sync 1 DAGs
[2023-01-25 23:00:23,699] {logging_mixin.py:115} INFO - [2023-01-25 23:00:23,699] {dag.py:2972} INFO - Setting next_dagrun for example_branch_python_operator_decorator to 2023-01-24T00:00:00+00:00, run_after=2023-01-25T00:00:00+00:00
[2023-01-25 23:00:23,741] {processor.py:161} INFO - Processing /home/airflow/.local/lib/python3.7/site-packages/airflow/example_dags/example_branch_operator_decorator.py took 0.367 seconds
[2023-01-25 23:05:31,492] {processor.py:153} INFO - Started process (PID=6897) to work on /home/airflow/.local/lib/python3.7/site-packages/airflow/example_dags/example_branch_operator_decorator.py
[2023-01-25 23:05:31,493] {processor.py:641} INFO - Processing file /home/airflow/.local/lib/python3.7/site-packages/airflow/example_dags/example_branch_operator_decorator.py for tasks to queue
[2023-01-25 23:05:31,496] {logging_mixin.py:115} INFO - [2023-01-25 23:05:31,495] {dagbag.py:508} INFO - Filling up the DagBag from /home/airflow/.local/lib/python3.7/site-packages/airflow/example_dags/example_branch_operator_decorator.py
[2023-01-25 23:05:31,578] {processor.py:651} INFO - DAG(s) dict_keys(['example_branch_python_operator_decorator']) retrieved from /home/airflow/.local/lib/python3.7/site-packages/airflow/example_dags/example_branch_operator_decorator.py
[2023-01-25 23:05:31,660] {logging_mixin.py:115} INFO - [2023-01-25 23:05:31,660] {dag.py:2420} INFO - Sync 1 DAGs
[2023-01-25 23:05:31,774] {logging_mixin.py:115} INFO - [2023-01-25 23:05:31,773] {dag.py:2972} INFO - Setting next_dagrun for example_branch_python_operator_decorator to 2023-01-24T00:00:00+00:00, run_after=2023-01-25T00:00:00+00:00
[2023-01-25 23:05:31,813] {processor.py:161} INFO - Processing /home/airflow/.local/lib/python3.7/site-packages/airflow/example_dags/example_branch_operator_decorator.py took 0.329 seconds
[2023-01-25 23:06:02,170] {processor.py:153} INFO - Started process (PID=7012) to work on /home/airflow/.local/lib/python3.7/site-packages/airflow/example_dags/example_branch_operator_decorator.py
[2023-01-25 23:06:02,174] {processor.py:641} INFO - Processing file /home/airflow/.local/lib/python3.7/site-packages/airflow/example_dags/example_branch_operator_decorator.py for tasks to queue
[2023-01-25 23:06:02,176] {logging_mixin.py:115} INFO - [2023-01-25 23:06:02,176] {dagbag.py:508} INFO - Filling up the DagBag from /home/airflow/.local/lib/python3.7/site-packages/airflow/example_dags/example_branch_operator_decorator.py
[2023-01-25 23:06:02,266] {processor.py:651} INFO - DAG(s) dict_keys(['example_branch_python_operator_decorator']) retrieved from /home/airflow/.local/lib/python3.7/site-packages/airflow/example_dags/example_branch_operator_decorator.py
[2023-01-25 23:06:02,353] {logging_mixin.py:115} INFO - [2023-01-25 23:06:02,352] {dag.py:2420} INFO - Sync 1 DAGs
[2023-01-25 23:06:02,456] {logging_mixin.py:115} INFO - [2023-01-25 23:06:02,456] {dag.py:2972} INFO - Setting next_dagrun for example_branch_python_operator_decorator to 2023-01-24T00:00:00+00:00, run_after=2023-01-25T00:00:00+00:00
[2023-01-25 23:06:02,501] {processor.py:161} INFO - Processing /home/airflow/.local/lib/python3.7/site-packages/airflow/example_dags/example_branch_operator_decorator.py took 0.340 seconds
[2023-01-25 23:15:40,698] {processor.py:153} INFO - Started process (PID=7110) to work on /home/airflow/.local/lib/python3.7/site-packages/airflow/example_dags/example_branch_operator_decorator.py
[2023-01-25 23:15:40,700] {processor.py:641} INFO - Processing file /home/airflow/.local/lib/python3.7/site-packages/airflow/example_dags/example_branch_operator_decorator.py for tasks to queue
[2023-01-25 23:15:40,703] {logging_mixin.py:115} INFO - [2023-01-25 23:15:40,702] {dagbag.py:508} INFO - Filling up the DagBag from /home/airflow/.local/lib/python3.7/site-packages/airflow/example_dags/example_branch_operator_decorator.py
[2023-01-25 23:15:40,848] {processor.py:651} INFO - DAG(s) dict_keys(['example_branch_python_operator_decorator']) retrieved from /home/airflow/.local/lib/python3.7/site-packages/airflow/example_dags/example_branch_operator_decorator.py
[2023-01-25 23:15:41,010] {logging_mixin.py:115} INFO - [2023-01-25 23:15:41,000] {dag.py:2420} INFO - Sync 1 DAGs
[2023-01-25 23:15:41,216] {logging_mixin.py:115} INFO - [2023-01-25 23:15:41,216] {dag.py:2972} INFO - Setting next_dagrun for example_branch_python_operator_decorator to 2023-01-24T00:00:00+00:00, run_after=2023-01-25T00:00:00+00:00
[2023-01-25 23:15:41,283] {processor.py:161} INFO - Processing /home/airflow/.local/lib/python3.7/site-packages/airflow/example_dags/example_branch_operator_decorator.py took 0.599 seconds
[2023-01-25 23:16:12,693] {processor.py:153} INFO - Started process (PID=7223) to work on /home/airflow/.local/lib/python3.7/site-packages/airflow/example_dags/example_branch_operator_decorator.py
[2023-01-25 23:16:12,694] {processor.py:641} INFO - Processing file /home/airflow/.local/lib/python3.7/site-packages/airflow/example_dags/example_branch_operator_decorator.py for tasks to queue
[2023-01-25 23:16:12,697] {logging_mixin.py:115} INFO - [2023-01-25 23:16:12,697] {dagbag.py:508} INFO - Filling up the DagBag from /home/airflow/.local/lib/python3.7/site-packages/airflow/example_dags/example_branch_operator_decorator.py
[2023-01-25 23:16:12,776] {processor.py:651} INFO - DAG(s) dict_keys(['example_branch_python_operator_decorator']) retrieved from /home/airflow/.local/lib/python3.7/site-packages/airflow/example_dags/example_branch_operator_decorator.py
[2023-01-25 23:16:12,876] {logging_mixin.py:115} INFO - [2023-01-25 23:16:12,876] {dag.py:2420} INFO - Sync 1 DAGs
[2023-01-25 23:16:12,996] {logging_mixin.py:115} INFO - [2023-01-25 23:16:12,996] {dag.py:2972} INFO - Setting next_dagrun for example_branch_python_operator_decorator to 2023-01-24T00:00:00+00:00, run_after=2023-01-25T00:00:00+00:00
[2023-01-25 23:16:13,035] {processor.py:161} INFO - Processing /home/airflow/.local/lib/python3.7/site-packages/airflow/example_dags/example_branch_operator_decorator.py took 0.351 seconds
[2023-01-25 23:30:36,310] {processor.py:153} INFO - Started process (PID=7337) to work on /home/airflow/.local/lib/python3.7/site-packages/airflow/example_dags/example_branch_operator_decorator.py
[2023-01-25 23:30:36,313] {processor.py:641} INFO - Processing file /home/airflow/.local/lib/python3.7/site-packages/airflow/example_dags/example_branch_operator_decorator.py for tasks to queue
[2023-01-25 23:30:36,317] {logging_mixin.py:115} INFO - [2023-01-25 23:30:36,316] {dagbag.py:508} INFO - Filling up the DagBag from /home/airflow/.local/lib/python3.7/site-packages/airflow/example_dags/example_branch_operator_decorator.py
[2023-01-25 23:30:36,560] {processor.py:651} INFO - DAG(s) dict_keys(['example_branch_python_operator_decorator']) retrieved from /home/airflow/.local/lib/python3.7/site-packages/airflow/example_dags/example_branch_operator_decorator.py
[2023-01-25 23:30:36,760] {logging_mixin.py:115} INFO - [2023-01-25 23:30:36,760] {dag.py:2420} INFO - Sync 1 DAGs
[2023-01-25 23:30:37,005] {logging_mixin.py:115} INFO - [2023-01-25 23:30:37,004] {dag.py:2972} INFO - Setting next_dagrun for example_branch_python_operator_decorator to 2023-01-24T00:00:00+00:00, run_after=2023-01-25T00:00:00+00:00
[2023-01-25 23:30:37,074] {processor.py:161} INFO - Processing /home/airflow/.local/lib/python3.7/site-packages/airflow/example_dags/example_branch_operator_decorator.py took 0.780 seconds
[2023-01-25 23:31:07,736] {processor.py:153} INFO - Started process (PID=7455) to work on /home/airflow/.local/lib/python3.7/site-packages/airflow/example_dags/example_branch_operator_decorator.py
[2023-01-25 23:31:07,738] {processor.py:641} INFO - Processing file /home/airflow/.local/lib/python3.7/site-packages/airflow/example_dags/example_branch_operator_decorator.py for tasks to queue
[2023-01-25 23:31:07,740] {logging_mixin.py:115} INFO - [2023-01-25 23:31:07,740] {dagbag.py:508} INFO - Filling up the DagBag from /home/airflow/.local/lib/python3.7/site-packages/airflow/example_dags/example_branch_operator_decorator.py
[2023-01-25 23:31:07,836] {processor.py:651} INFO - DAG(s) dict_keys(['example_branch_python_operator_decorator']) retrieved from /home/airflow/.local/lib/python3.7/site-packages/airflow/example_dags/example_branch_operator_decorator.py
[2023-01-25 23:31:07,926] {logging_mixin.py:115} INFO - [2023-01-25 23:31:07,926] {dag.py:2420} INFO - Sync 1 DAGs
[2023-01-25 23:31:08,037] {logging_mixin.py:115} INFO - [2023-01-25 23:31:08,037] {dag.py:2972} INFO - Setting next_dagrun for example_branch_python_operator_decorator to 2023-01-24T00:00:00+00:00, run_after=2023-01-25T00:00:00+00:00
[2023-01-25 23:31:08,076] {processor.py:161} INFO - Processing /home/airflow/.local/lib/python3.7/site-packages/airflow/example_dags/example_branch_operator_decorator.py took 0.349 seconds
[2023-01-25 23:35:56,597] {processor.py:153} INFO - Started process (PID=7549) to work on /home/airflow/.local/lib/python3.7/site-packages/airflow/example_dags/example_branch_operator_decorator.py
[2023-01-25 23:35:56,599] {processor.py:641} INFO - Processing file /home/airflow/.local/lib/python3.7/site-packages/airflow/example_dags/example_branch_operator_decorator.py for tasks to queue
[2023-01-25 23:35:56,601] {logging_mixin.py:115} INFO - [2023-01-25 23:35:56,601] {dagbag.py:508} INFO - Filling up the DagBag from /home/airflow/.local/lib/python3.7/site-packages/airflow/example_dags/example_branch_operator_decorator.py
[2023-01-25 23:35:56,696] {processor.py:651} INFO - DAG(s) dict_keys(['example_branch_python_operator_decorator']) retrieved from /home/airflow/.local/lib/python3.7/site-packages/airflow/example_dags/example_branch_operator_decorator.py
[2023-01-25 23:35:56,804] {logging_mixin.py:115} INFO - [2023-01-25 23:35:56,804] {dag.py:2420} INFO - Sync 1 DAGs
[2023-01-25 23:35:56,924] {logging_mixin.py:115} INFO - [2023-01-25 23:35:56,923] {dag.py:2972} INFO - Setting next_dagrun for example_branch_python_operator_decorator to 2023-01-24T00:00:00+00:00, run_after=2023-01-25T00:00:00+00:00
[2023-01-25 23:35:56,962] {processor.py:161} INFO - Processing /home/airflow/.local/lib/python3.7/site-packages/airflow/example_dags/example_branch_operator_decorator.py took 0.372 seconds
[2023-01-25 23:46:09,372] {processor.py:153} INFO - Started process (PID=7663) to work on /home/airflow/.local/lib/python3.7/site-packages/airflow/example_dags/example_branch_operator_decorator.py
[2023-01-25 23:46:09,375] {processor.py:641} INFO - Processing file /home/airflow/.local/lib/python3.7/site-packages/airflow/example_dags/example_branch_operator_decorator.py for tasks to queue
[2023-01-25 23:46:09,383] {logging_mixin.py:115} INFO - [2023-01-25 23:46:09,382] {dagbag.py:508} INFO - Filling up the DagBag from /home/airflow/.local/lib/python3.7/site-packages/airflow/example_dags/example_branch_operator_decorator.py
[2023-01-25 23:46:09,575] {processor.py:651} INFO - DAG(s) dict_keys(['example_branch_python_operator_decorator']) retrieved from /home/airflow/.local/lib/python3.7/site-packages/airflow/example_dags/example_branch_operator_decorator.py
[2023-01-25 23:46:09,776] {logging_mixin.py:115} INFO - [2023-01-25 23:46:09,775] {dag.py:2420} INFO - Sync 1 DAGs
[2023-01-25 23:46:09,990] {logging_mixin.py:115} INFO - [2023-01-25 23:46:09,990] {dag.py:2972} INFO - Setting next_dagrun for example_branch_python_operator_decorator to 2023-01-24T00:00:00+00:00, run_after=2023-01-25T00:00:00+00:00
[2023-01-25 23:46:10,060] {processor.py:161} INFO - Processing /home/airflow/.local/lib/python3.7/site-packages/airflow/example_dags/example_branch_operator_decorator.py took 0.702 seconds
[2023-01-25 23:46:40,753] {processor.py:153} INFO - Started process (PID=7777) to work on /home/airflow/.local/lib/python3.7/site-packages/airflow/example_dags/example_branch_operator_decorator.py
[2023-01-25 23:46:40,755] {processor.py:641} INFO - Processing file /home/airflow/.local/lib/python3.7/site-packages/airflow/example_dags/example_branch_operator_decorator.py for tasks to queue
[2023-01-25 23:46:40,757] {logging_mixin.py:115} INFO - [2023-01-25 23:46:40,757] {dagbag.py:508} INFO - Filling up the DagBag from /home/airflow/.local/lib/python3.7/site-packages/airflow/example_dags/example_branch_operator_decorator.py
[2023-01-25 23:46:40,846] {processor.py:651} INFO - DAG(s) dict_keys(['example_branch_python_operator_decorator']) retrieved from /home/airflow/.local/lib/python3.7/site-packages/airflow/example_dags/example_branch_operator_decorator.py
[2023-01-25 23:46:40,930] {logging_mixin.py:115} INFO - [2023-01-25 23:46:40,929] {dag.py:2420} INFO - Sync 1 DAGs
[2023-01-25 23:46:41,033] {logging_mixin.py:115} INFO - [2023-01-25 23:46:41,032] {dag.py:2972} INFO - Setting next_dagrun for example_branch_python_operator_decorator to 2023-01-24T00:00:00+00:00, run_after=2023-01-25T00:00:00+00:00
[2023-01-25 23:46:41,067] {processor.py:161} INFO - Processing /home/airflow/.local/lib/python3.7/site-packages/airflow/example_dags/example_branch_operator_decorator.py took 0.322 seconds
[2023-01-25 23:59:34,763] {processor.py:153} INFO - Started process (PID=7875) to work on /home/airflow/.local/lib/python3.7/site-packages/airflow/example_dags/example_branch_operator_decorator.py
[2023-01-25 23:59:34,766] {processor.py:641} INFO - Processing file /home/airflow/.local/lib/python3.7/site-packages/airflow/example_dags/example_branch_operator_decorator.py for tasks to queue
[2023-01-25 23:59:34,768] {logging_mixin.py:115} INFO - [2023-01-25 23:59:34,768] {dagbag.py:508} INFO - Filling up the DagBag from /home/airflow/.local/lib/python3.7/site-packages/airflow/example_dags/example_branch_operator_decorator.py
[2023-01-25 23:59:34,853] {processor.py:651} INFO - DAG(s) dict_keys(['example_branch_python_operator_decorator']) retrieved from /home/airflow/.local/lib/python3.7/site-packages/airflow/example_dags/example_branch_operator_decorator.py
[2023-01-25 23:59:34,939] {logging_mixin.py:115} INFO - [2023-01-25 23:59:34,938] {dag.py:2420} INFO - Sync 1 DAGs
[2023-01-25 23:59:35,052] {logging_mixin.py:115} INFO - [2023-01-25 23:59:35,051] {dag.py:2972} INFO - Setting next_dagrun for example_branch_python_operator_decorator to 2023-01-24T00:00:00+00:00, run_after=2023-01-25T00:00:00+00:00
[2023-01-25 23:59:35,091] {processor.py:161} INFO - Processing /home/airflow/.local/lib/python3.7/site-packages/airflow/example_dags/example_branch_operator_decorator.py took 0.337 seconds
