[2023-01-25 22:25:14,512] {processor.py:153} INFO - Started process (PID=168) to work on /home/airflow/.local/lib/python3.7/site-packages/airflow/example_dags/example_latest_only.py
[2023-01-25 22:25:14,514] {processor.py:641} INFO - Processing file /home/airflow/.local/lib/python3.7/site-packages/airflow/example_dags/example_latest_only.py for tasks to queue
[2023-01-25 22:25:14,517] {logging_mixin.py:115} INFO - [2023-01-25 22:25:14,516] {dagbag.py:508} INFO - Filling up the DagBag from /home/airflow/.local/lib/python3.7/site-packages/airflow/example_dags/example_latest_only.py
[2023-01-25 22:25:14,555] {processor.py:651} INFO - DAG(s) dict_keys(['latest_only']) retrieved from /home/airflow/.local/lib/python3.7/site-packages/airflow/example_dags/example_latest_only.py
[2023-01-25 22:25:14,838] {logging_mixin.py:115} INFO - [2023-01-25 22:25:14,838] {dag.py:2420} INFO - Sync 1 DAGs
[2023-01-25 22:25:14,962] {logging_mixin.py:115} INFO - [2023-01-25 22:25:14,962] {dag.py:2972} INFO - Setting next_dagrun for latest_only to 2023-01-25T18:25:14.960882+00:00, run_after=2023-01-25T22:25:14.960882+00:00
[2023-01-25 22:25:15,020] {processor.py:161} INFO - Processing /home/airflow/.local/lib/python3.7/site-packages/airflow/example_dags/example_latest_only.py took 0.517 seconds
[2023-01-25 22:25:47,163] {processor.py:153} INFO - Started process (PID=282) to work on /home/airflow/.local/lib/python3.7/site-packages/airflow/example_dags/example_latest_only.py
[2023-01-25 22:25:47,168] {processor.py:641} INFO - Processing file /home/airflow/.local/lib/python3.7/site-packages/airflow/example_dags/example_latest_only.py for tasks to queue
[2023-01-25 22:25:47,177] {logging_mixin.py:115} INFO - [2023-01-25 22:25:47,177] {dagbag.py:508} INFO - Filling up the DagBag from /home/airflow/.local/lib/python3.7/site-packages/airflow/example_dags/example_latest_only.py
[2023-01-25 22:25:47,224] {processor.py:651} INFO - DAG(s) dict_keys(['latest_only']) retrieved from /home/airflow/.local/lib/python3.7/site-packages/airflow/example_dags/example_latest_only.py
[2023-01-25 22:25:47,519] {logging_mixin.py:115} INFO - [2023-01-25 22:25:47,519] {dag.py:2420} INFO - Sync 1 DAGs
[2023-01-25 22:25:47,626] {logging_mixin.py:115} INFO - [2023-01-25 22:25:47,625] {dag.py:2972} INFO - Setting next_dagrun for latest_only to 2023-01-25T18:25:47.623979+00:00, run_after=2023-01-25T22:25:47.623979+00:00
[2023-01-25 22:25:47,663] {processor.py:161} INFO - Processing /home/airflow/.local/lib/python3.7/site-packages/airflow/example_dags/example_latest_only.py took 0.512 seconds
[2023-01-25 22:26:20,533] {processor.py:153} INFO - Started process (PID=396) to work on /home/airflow/.local/lib/python3.7/site-packages/airflow/example_dags/example_latest_only.py
[2023-01-25 22:26:20,535] {processor.py:641} INFO - Processing file /home/airflow/.local/lib/python3.7/site-packages/airflow/example_dags/example_latest_only.py for tasks to queue
[2023-01-25 22:26:20,538] {logging_mixin.py:115} INFO - [2023-01-25 22:26:20,537] {dagbag.py:508} INFO - Filling up the DagBag from /home/airflow/.local/lib/python3.7/site-packages/airflow/example_dags/example_latest_only.py
[2023-01-25 22:26:20,562] {processor.py:651} INFO - DAG(s) dict_keys(['latest_only']) retrieved from /home/airflow/.local/lib/python3.7/site-packages/airflow/example_dags/example_latest_only.py
[2023-01-25 22:26:20,788] {logging_mixin.py:115} INFO - [2023-01-25 22:26:20,788] {dag.py:2420} INFO - Sync 1 DAGs
[2023-01-25 22:26:20,881] {logging_mixin.py:115} INFO - [2023-01-25 22:26:20,880] {dag.py:2972} INFO - Setting next_dagrun for latest_only to 2023-01-25T18:26:20.879508+00:00, run_after=2023-01-25T22:26:20.879508+00:00
[2023-01-25 22:26:20,919] {processor.py:161} INFO - Processing /home/airflow/.local/lib/python3.7/site-packages/airflow/example_dags/example_latest_only.py took 0.396 seconds
[2023-01-25 22:26:52,762] {processor.py:153} INFO - Started process (PID=510) to work on /home/airflow/.local/lib/python3.7/site-packages/airflow/example_dags/example_latest_only.py
[2023-01-25 22:26:52,764] {processor.py:641} INFO - Processing file /home/airflow/.local/lib/python3.7/site-packages/airflow/example_dags/example_latest_only.py for tasks to queue
[2023-01-25 22:26:52,766] {logging_mixin.py:115} INFO - [2023-01-25 22:26:52,766] {dagbag.py:508} INFO - Filling up the DagBag from /home/airflow/.local/lib/python3.7/site-packages/airflow/example_dags/example_latest_only.py
[2023-01-25 22:26:52,789] {processor.py:651} INFO - DAG(s) dict_keys(['latest_only']) retrieved from /home/airflow/.local/lib/python3.7/site-packages/airflow/example_dags/example_latest_only.py
[2023-01-25 22:26:53,017] {logging_mixin.py:115} INFO - [2023-01-25 22:26:53,016] {dag.py:2420} INFO - Sync 1 DAGs
[2023-01-25 22:26:53,104] {logging_mixin.py:115} INFO - [2023-01-25 22:26:53,104] {dag.py:2972} INFO - Setting next_dagrun for latest_only to 2023-01-25T18:26:53.102903+00:00, run_after=2023-01-25T22:26:53.102903+00:00
[2023-01-25 22:26:53,142] {processor.py:161} INFO - Processing /home/airflow/.local/lib/python3.7/site-packages/airflow/example_dags/example_latest_only.py took 0.387 seconds
[2023-01-25 22:27:24,904] {processor.py:153} INFO - Started process (PID=621) to work on /home/airflow/.local/lib/python3.7/site-packages/airflow/example_dags/example_latest_only.py
[2023-01-25 22:27:24,906] {processor.py:641} INFO - Processing file /home/airflow/.local/lib/python3.7/site-packages/airflow/example_dags/example_latest_only.py for tasks to queue
[2023-01-25 22:27:24,908] {logging_mixin.py:115} INFO - [2023-01-25 22:27:24,907] {dagbag.py:508} INFO - Filling up the DagBag from /home/airflow/.local/lib/python3.7/site-packages/airflow/example_dags/example_latest_only.py
[2023-01-25 22:27:24,933] {processor.py:651} INFO - DAG(s) dict_keys(['latest_only']) retrieved from /home/airflow/.local/lib/python3.7/site-packages/airflow/example_dags/example_latest_only.py
[2023-01-25 22:27:25,163] {logging_mixin.py:115} INFO - [2023-01-25 22:27:25,163] {dag.py:2420} INFO - Sync 1 DAGs
[2023-01-25 22:27:25,250] {logging_mixin.py:115} INFO - [2023-01-25 22:27:25,249] {dag.py:2972} INFO - Setting next_dagrun for latest_only to 2023-01-25T18:27:25.248287+00:00, run_after=2023-01-25T22:27:25.248287+00:00
[2023-01-25 22:27:25,301] {processor.py:161} INFO - Processing /home/airflow/.local/lib/python3.7/site-packages/airflow/example_dags/example_latest_only.py took 0.407 seconds
[2023-01-25 22:27:56,563] {processor.py:153} INFO - Started process (PID=735) to work on /home/airflow/.local/lib/python3.7/site-packages/airflow/example_dags/example_latest_only.py
[2023-01-25 22:27:56,565] {processor.py:641} INFO - Processing file /home/airflow/.local/lib/python3.7/site-packages/airflow/example_dags/example_latest_only.py for tasks to queue
[2023-01-25 22:27:56,569] {logging_mixin.py:115} INFO - [2023-01-25 22:27:56,569] {dagbag.py:508} INFO - Filling up the DagBag from /home/airflow/.local/lib/python3.7/site-packages/airflow/example_dags/example_latest_only.py
[2023-01-25 22:27:56,605] {processor.py:651} INFO - DAG(s) dict_keys(['latest_only']) retrieved from /home/airflow/.local/lib/python3.7/site-packages/airflow/example_dags/example_latest_only.py
[2023-01-25 22:27:56,905] {logging_mixin.py:115} INFO - [2023-01-25 22:27:56,905] {dag.py:2420} INFO - Sync 1 DAGs
[2023-01-25 22:27:57,003] {logging_mixin.py:115} INFO - [2023-01-25 22:27:57,002] {dag.py:2972} INFO - Setting next_dagrun for latest_only to 2023-01-25T18:27:57.001015+00:00, run_after=2023-01-25T22:27:57.001015+00:00
[2023-01-25 22:27:57,042] {processor.py:161} INFO - Processing /home/airflow/.local/lib/python3.7/site-packages/airflow/example_dags/example_latest_only.py took 0.490 seconds
[2023-01-25 22:28:30,642] {processor.py:153} INFO - Started process (PID=850) to work on /home/airflow/.local/lib/python3.7/site-packages/airflow/example_dags/example_latest_only.py
[2023-01-25 22:28:30,644] {processor.py:641} INFO - Processing file /home/airflow/.local/lib/python3.7/site-packages/airflow/example_dags/example_latest_only.py for tasks to queue
[2023-01-25 22:28:30,646] {logging_mixin.py:115} INFO - [2023-01-25 22:28:30,646] {dagbag.py:508} INFO - Filling up the DagBag from /home/airflow/.local/lib/python3.7/site-packages/airflow/example_dags/example_latest_only.py
[2023-01-25 22:28:30,670] {processor.py:651} INFO - DAG(s) dict_keys(['latest_only']) retrieved from /home/airflow/.local/lib/python3.7/site-packages/airflow/example_dags/example_latest_only.py
[2023-01-25 22:28:30,908] {logging_mixin.py:115} INFO - [2023-01-25 22:28:30,908] {dag.py:2420} INFO - Sync 1 DAGs
[2023-01-25 22:28:31,018] {logging_mixin.py:115} INFO - [2023-01-25 22:28:31,018] {dag.py:2972} INFO - Setting next_dagrun for latest_only to 2023-01-25T18:28:31.016500+00:00, run_after=2023-01-25T22:28:31.016500+00:00
[2023-01-25 22:28:31,061] {processor.py:161} INFO - Processing /home/airflow/.local/lib/python3.7/site-packages/airflow/example_dags/example_latest_only.py took 0.430 seconds
[2023-01-25 22:29:02,970] {processor.py:153} INFO - Started process (PID=961) to work on /home/airflow/.local/lib/python3.7/site-packages/airflow/example_dags/example_latest_only.py
[2023-01-25 22:29:02,973] {processor.py:641} INFO - Processing file /home/airflow/.local/lib/python3.7/site-packages/airflow/example_dags/example_latest_only.py for tasks to queue
[2023-01-25 22:29:02,975] {logging_mixin.py:115} INFO - [2023-01-25 22:29:02,975] {dagbag.py:508} INFO - Filling up the DagBag from /home/airflow/.local/lib/python3.7/site-packages/airflow/example_dags/example_latest_only.py
[2023-01-25 22:29:03,000] {processor.py:651} INFO - DAG(s) dict_keys(['latest_only']) retrieved from /home/airflow/.local/lib/python3.7/site-packages/airflow/example_dags/example_latest_only.py
[2023-01-25 22:29:03,240] {logging_mixin.py:115} INFO - [2023-01-25 22:29:03,239] {dag.py:2420} INFO - Sync 1 DAGs
[2023-01-25 22:29:03,349] {logging_mixin.py:115} INFO - [2023-01-25 22:29:03,348] {dag.py:2972} INFO - Setting next_dagrun for latest_only to 2023-01-25T18:29:03.346745+00:00, run_after=2023-01-25T22:29:03.346745+00:00
[2023-01-25 22:29:03,414] {processor.py:161} INFO - Processing /home/airflow/.local/lib/python3.7/site-packages/airflow/example_dags/example_latest_only.py took 0.452 seconds
[2023-01-25 22:29:35,895] {processor.py:153} INFO - Started process (PID=1075) to work on /home/airflow/.local/lib/python3.7/site-packages/airflow/example_dags/example_latest_only.py
[2023-01-25 22:29:35,896] {processor.py:641} INFO - Processing file /home/airflow/.local/lib/python3.7/site-packages/airflow/example_dags/example_latest_only.py for tasks to queue
[2023-01-25 22:29:35,899] {logging_mixin.py:115} INFO - [2023-01-25 22:29:35,898] {dagbag.py:508} INFO - Filling up the DagBag from /home/airflow/.local/lib/python3.7/site-packages/airflow/example_dags/example_latest_only.py
[2023-01-25 22:29:35,921] {processor.py:651} INFO - DAG(s) dict_keys(['latest_only']) retrieved from /home/airflow/.local/lib/python3.7/site-packages/airflow/example_dags/example_latest_only.py
[2023-01-25 22:29:36,163] {logging_mixin.py:115} INFO - [2023-01-25 22:29:36,163] {dag.py:2420} INFO - Sync 1 DAGs
[2023-01-25 22:29:36,269] {logging_mixin.py:115} INFO - [2023-01-25 22:29:36,268] {dag.py:2972} INFO - Setting next_dagrun for latest_only to 2023-01-25T18:29:36.266865+00:00, run_after=2023-01-25T22:29:36.266865+00:00
[2023-01-25 22:29:36,308] {processor.py:161} INFO - Processing /home/airflow/.local/lib/python3.7/site-packages/airflow/example_dags/example_latest_only.py took 0.422 seconds
[2023-01-25 22:30:08,782] {processor.py:153} INFO - Started process (PID=1189) to work on /home/airflow/.local/lib/python3.7/site-packages/airflow/example_dags/example_latest_only.py
[2023-01-25 22:30:08,784] {processor.py:641} INFO - Processing file /home/airflow/.local/lib/python3.7/site-packages/airflow/example_dags/example_latest_only.py for tasks to queue
[2023-01-25 22:30:08,786] {logging_mixin.py:115} INFO - [2023-01-25 22:30:08,786] {dagbag.py:508} INFO - Filling up the DagBag from /home/airflow/.local/lib/python3.7/site-packages/airflow/example_dags/example_latest_only.py
[2023-01-25 22:30:08,802] {processor.py:651} INFO - DAG(s) dict_keys(['latest_only']) retrieved from /home/airflow/.local/lib/python3.7/site-packages/airflow/example_dags/example_latest_only.py
[2023-01-25 22:30:09,060] {logging_mixin.py:115} INFO - [2023-01-25 22:30:09,060] {dag.py:2420} INFO - Sync 1 DAGs
[2023-01-25 22:30:09,159] {logging_mixin.py:115} INFO - [2023-01-25 22:30:09,159] {dag.py:2972} INFO - Setting next_dagrun for latest_only to 2023-01-25T18:30:09.157724+00:00, run_after=2023-01-25T22:30:09.157724+00:00
[2023-01-25 22:30:09,203] {processor.py:161} INFO - Processing /home/airflow/.local/lib/python3.7/site-packages/airflow/example_dags/example_latest_only.py took 0.429 seconds
[2023-01-25 22:30:41,482] {processor.py:153} INFO - Started process (PID=1303) to work on /home/airflow/.local/lib/python3.7/site-packages/airflow/example_dags/example_latest_only.py
[2023-01-25 22:30:41,484] {processor.py:641} INFO - Processing file /home/airflow/.local/lib/python3.7/site-packages/airflow/example_dags/example_latest_only.py for tasks to queue
[2023-01-25 22:30:41,487] {logging_mixin.py:115} INFO - [2023-01-25 22:30:41,487] {dagbag.py:508} INFO - Filling up the DagBag from /home/airflow/.local/lib/python3.7/site-packages/airflow/example_dags/example_latest_only.py
[2023-01-25 22:30:41,505] {processor.py:651} INFO - DAG(s) dict_keys(['latest_only']) retrieved from /home/airflow/.local/lib/python3.7/site-packages/airflow/example_dags/example_latest_only.py
[2023-01-25 22:30:41,769] {logging_mixin.py:115} INFO - [2023-01-25 22:30:41,769] {dag.py:2420} INFO - Sync 1 DAGs
[2023-01-25 22:30:41,916] {logging_mixin.py:115} INFO - [2023-01-25 22:30:41,915] {dag.py:2972} INFO - Setting next_dagrun for latest_only to 2023-01-25T18:30:41.910077+00:00, run_after=2023-01-25T22:30:41.910077+00:00
[2023-01-25 22:30:41,966] {processor.py:161} INFO - Processing /home/airflow/.local/lib/python3.7/site-packages/airflow/example_dags/example_latest_only.py took 0.492 seconds
[2023-01-25 22:31:13,012] {processor.py:153} INFO - Started process (PID=1417) to work on /home/airflow/.local/lib/python3.7/site-packages/airflow/example_dags/example_latest_only.py
[2023-01-25 22:31:13,014] {processor.py:641} INFO - Processing file /home/airflow/.local/lib/python3.7/site-packages/airflow/example_dags/example_latest_only.py for tasks to queue
[2023-01-25 22:31:13,017] {logging_mixin.py:115} INFO - [2023-01-25 22:31:13,016] {dagbag.py:508} INFO - Filling up the DagBag from /home/airflow/.local/lib/python3.7/site-packages/airflow/example_dags/example_latest_only.py
[2023-01-25 22:31:13,034] {processor.py:651} INFO - DAG(s) dict_keys(['latest_only']) retrieved from /home/airflow/.local/lib/python3.7/site-packages/airflow/example_dags/example_latest_only.py
[2023-01-25 22:31:13,283] {logging_mixin.py:115} INFO - [2023-01-25 22:31:13,282] {dag.py:2420} INFO - Sync 1 DAGs
[2023-01-25 22:31:13,382] {logging_mixin.py:115} INFO - [2023-01-25 22:31:13,381] {dag.py:2972} INFO - Setting next_dagrun for latest_only to 2023-01-25T18:31:13.380395+00:00, run_after=2023-01-25T22:31:13.380395+00:00
[2023-01-25 22:31:13,417] {processor.py:161} INFO - Processing /home/airflow/.local/lib/python3.7/site-packages/airflow/example_dags/example_latest_only.py took 0.414 seconds
[2023-01-25 22:31:44,737] {processor.py:153} INFO - Started process (PID=1530) to work on /home/airflow/.local/lib/python3.7/site-packages/airflow/example_dags/example_latest_only.py
[2023-01-25 22:31:44,739] {processor.py:641} INFO - Processing file /home/airflow/.local/lib/python3.7/site-packages/airflow/example_dags/example_latest_only.py for tasks to queue
[2023-01-25 22:31:44,741] {logging_mixin.py:115} INFO - [2023-01-25 22:31:44,740] {dagbag.py:508} INFO - Filling up the DagBag from /home/airflow/.local/lib/python3.7/site-packages/airflow/example_dags/example_latest_only.py
[2023-01-25 22:31:44,760] {processor.py:651} INFO - DAG(s) dict_keys(['latest_only']) retrieved from /home/airflow/.local/lib/python3.7/site-packages/airflow/example_dags/example_latest_only.py
[2023-01-25 22:31:45,024] {logging_mixin.py:115} INFO - [2023-01-25 22:31:45,024] {dag.py:2420} INFO - Sync 1 DAGs
[2023-01-25 22:31:45,129] {logging_mixin.py:115} INFO - [2023-01-25 22:31:45,128] {dag.py:2972} INFO - Setting next_dagrun for latest_only to 2023-01-25T18:31:45.127013+00:00, run_after=2023-01-25T22:31:45.127013+00:00
[2023-01-25 22:31:45,175] {processor.py:161} INFO - Processing /home/airflow/.local/lib/python3.7/site-packages/airflow/example_dags/example_latest_only.py took 0.447 seconds
[2023-01-25 22:32:15,255] {processor.py:153} INFO - Started process (PID=1640) to work on /home/airflow/.local/lib/python3.7/site-packages/airflow/example_dags/example_latest_only.py
[2023-01-25 22:32:15,256] {processor.py:641} INFO - Processing file /home/airflow/.local/lib/python3.7/site-packages/airflow/example_dags/example_latest_only.py for tasks to queue
[2023-01-25 22:32:15,259] {logging_mixin.py:115} INFO - [2023-01-25 22:32:15,258] {dagbag.py:508} INFO - Filling up the DagBag from /home/airflow/.local/lib/python3.7/site-packages/airflow/example_dags/example_latest_only.py
[2023-01-25 22:32:15,277] {processor.py:651} INFO - DAG(s) dict_keys(['latest_only']) retrieved from /home/airflow/.local/lib/python3.7/site-packages/airflow/example_dags/example_latest_only.py
[2023-01-25 22:32:15,516] {logging_mixin.py:115} INFO - [2023-01-25 22:32:15,516] {dag.py:2420} INFO - Sync 1 DAGs
[2023-01-25 22:32:15,609] {logging_mixin.py:115} INFO - [2023-01-25 22:32:15,608] {dag.py:2972} INFO - Setting next_dagrun for latest_only to 2023-01-25T18:32:15.607089+00:00, run_after=2023-01-25T22:32:15.607089+00:00
[2023-01-25 22:32:15,646] {processor.py:161} INFO - Processing /home/airflow/.local/lib/python3.7/site-packages/airflow/example_dags/example_latest_only.py took 0.400 seconds
[2023-01-25 22:32:45,984] {processor.py:153} INFO - Started process (PID=1754) to work on /home/airflow/.local/lib/python3.7/site-packages/airflow/example_dags/example_latest_only.py
[2023-01-25 22:32:45,986] {processor.py:641} INFO - Processing file /home/airflow/.local/lib/python3.7/site-packages/airflow/example_dags/example_latest_only.py for tasks to queue
[2023-01-25 22:32:45,988] {logging_mixin.py:115} INFO - [2023-01-25 22:32:45,988] {dagbag.py:508} INFO - Filling up the DagBag from /home/airflow/.local/lib/python3.7/site-packages/airflow/example_dags/example_latest_only.py
[2023-01-25 22:32:46,006] {processor.py:651} INFO - DAG(s) dict_keys(['latest_only']) retrieved from /home/airflow/.local/lib/python3.7/site-packages/airflow/example_dags/example_latest_only.py
[2023-01-25 22:32:46,273] {logging_mixin.py:115} INFO - [2023-01-25 22:32:46,272] {dag.py:2420} INFO - Sync 1 DAGs
[2023-01-25 22:32:46,370] {logging_mixin.py:115} INFO - [2023-01-25 22:32:46,370] {dag.py:2972} INFO - Setting next_dagrun for latest_only to 2023-01-25T18:32:46.368769+00:00, run_after=2023-01-25T22:32:46.368769+00:00
[2023-01-25 22:32:46,410] {processor.py:161} INFO - Processing /home/airflow/.local/lib/python3.7/site-packages/airflow/example_dags/example_latest_only.py took 0.433 seconds
[2023-01-25 22:33:17,352] {processor.py:153} INFO - Started process (PID=1868) to work on /home/airflow/.local/lib/python3.7/site-packages/airflow/example_dags/example_latest_only.py
[2023-01-25 22:33:17,354] {processor.py:641} INFO - Processing file /home/airflow/.local/lib/python3.7/site-packages/airflow/example_dags/example_latest_only.py for tasks to queue
[2023-01-25 22:33:17,357] {logging_mixin.py:115} INFO - [2023-01-25 22:33:17,356] {dagbag.py:508} INFO - Filling up the DagBag from /home/airflow/.local/lib/python3.7/site-packages/airflow/example_dags/example_latest_only.py
[2023-01-25 22:33:17,379] {processor.py:651} INFO - DAG(s) dict_keys(['latest_only']) retrieved from /home/airflow/.local/lib/python3.7/site-packages/airflow/example_dags/example_latest_only.py
[2023-01-25 22:33:17,774] {logging_mixin.py:115} INFO - [2023-01-25 22:33:17,773] {dag.py:2420} INFO - Sync 1 DAGs
[2023-01-25 22:33:17,896] {logging_mixin.py:115} INFO - [2023-01-25 22:33:17,896] {dag.py:2972} INFO - Setting next_dagrun for latest_only to 2023-01-25T18:33:17.894128+00:00, run_after=2023-01-25T22:33:17.894128+00:00
[2023-01-25 22:33:17,945] {processor.py:161} INFO - Processing /home/airflow/.local/lib/python3.7/site-packages/airflow/example_dags/example_latest_only.py took 0.605 seconds
[2023-01-25 22:33:48,482] {processor.py:153} INFO - Started process (PID=1982) to work on /home/airflow/.local/lib/python3.7/site-packages/airflow/example_dags/example_latest_only.py
[2023-01-25 22:33:48,485] {processor.py:641} INFO - Processing file /home/airflow/.local/lib/python3.7/site-packages/airflow/example_dags/example_latest_only.py for tasks to queue
[2023-01-25 22:33:48,488] {logging_mixin.py:115} INFO - [2023-01-25 22:33:48,487] {dagbag.py:508} INFO - Filling up the DagBag from /home/airflow/.local/lib/python3.7/site-packages/airflow/example_dags/example_latest_only.py
[2023-01-25 22:33:48,508] {processor.py:651} INFO - DAG(s) dict_keys(['latest_only']) retrieved from /home/airflow/.local/lib/python3.7/site-packages/airflow/example_dags/example_latest_only.py
[2023-01-25 22:33:48,760] {logging_mixin.py:115} INFO - [2023-01-25 22:33:48,760] {dag.py:2420} INFO - Sync 1 DAGs
[2023-01-25 22:33:48,855] {logging_mixin.py:115} INFO - [2023-01-25 22:33:48,854] {dag.py:2972} INFO - Setting next_dagrun for latest_only to 2023-01-25T18:33:48.853117+00:00, run_after=2023-01-25T22:33:48.853117+00:00
[2023-01-25 22:33:48,892] {processor.py:161} INFO - Processing /home/airflow/.local/lib/python3.7/site-packages/airflow/example_dags/example_latest_only.py took 0.419 seconds
[2023-01-25 22:34:20,045] {processor.py:153} INFO - Started process (PID=2098) to work on /home/airflow/.local/lib/python3.7/site-packages/airflow/example_dags/example_latest_only.py
[2023-01-25 22:34:20,047] {processor.py:641} INFO - Processing file /home/airflow/.local/lib/python3.7/site-packages/airflow/example_dags/example_latest_only.py for tasks to queue
[2023-01-25 22:34:20,049] {logging_mixin.py:115} INFO - [2023-01-25 22:34:20,049] {dagbag.py:508} INFO - Filling up the DagBag from /home/airflow/.local/lib/python3.7/site-packages/airflow/example_dags/example_latest_only.py
[2023-01-25 22:34:20,066] {processor.py:651} INFO - DAG(s) dict_keys(['latest_only']) retrieved from /home/airflow/.local/lib/python3.7/site-packages/airflow/example_dags/example_latest_only.py
[2023-01-25 22:34:20,313] {logging_mixin.py:115} INFO - [2023-01-25 22:34:20,313] {dag.py:2420} INFO - Sync 1 DAGs
[2023-01-25 22:34:20,469] {logging_mixin.py:115} INFO - [2023-01-25 22:34:20,468] {dag.py:2972} INFO - Setting next_dagrun for latest_only to 2023-01-25T18:34:20.461412+00:00, run_after=2023-01-25T22:34:20.461412+00:00
[2023-01-25 22:34:20,523] {processor.py:161} INFO - Processing /home/airflow/.local/lib/python3.7/site-packages/airflow/example_dags/example_latest_only.py took 0.486 seconds
[2023-01-25 22:34:50,850] {processor.py:153} INFO - Started process (PID=2211) to work on /home/airflow/.local/lib/python3.7/site-packages/airflow/example_dags/example_latest_only.py
[2023-01-25 22:34:50,851] {processor.py:641} INFO - Processing file /home/airflow/.local/lib/python3.7/site-packages/airflow/example_dags/example_latest_only.py for tasks to queue
[2023-01-25 22:34:50,853] {logging_mixin.py:115} INFO - [2023-01-25 22:34:50,853] {dagbag.py:508} INFO - Filling up the DagBag from /home/airflow/.local/lib/python3.7/site-packages/airflow/example_dags/example_latest_only.py
[2023-01-25 22:34:50,871] {processor.py:651} INFO - DAG(s) dict_keys(['latest_only']) retrieved from /home/airflow/.local/lib/python3.7/site-packages/airflow/example_dags/example_latest_only.py
[2023-01-25 22:34:51,120] {logging_mixin.py:115} INFO - [2023-01-25 22:34:51,120] {dag.py:2420} INFO - Sync 1 DAGs
[2023-01-25 22:34:51,213] {logging_mixin.py:115} INFO - [2023-01-25 22:34:51,212] {dag.py:2972} INFO - Setting next_dagrun for latest_only to 2023-01-25T18:34:51.211398+00:00, run_after=2023-01-25T22:34:51.211398+00:00
[2023-01-25 22:34:51,249] {processor.py:161} INFO - Processing /home/airflow/.local/lib/python3.7/site-packages/airflow/example_dags/example_latest_only.py took 0.407 seconds
[2023-01-25 22:35:21,321] {processor.py:153} INFO - Started process (PID=2321) to work on /home/airflow/.local/lib/python3.7/site-packages/airflow/example_dags/example_latest_only.py
[2023-01-25 22:35:21,324] {processor.py:641} INFO - Processing file /home/airflow/.local/lib/python3.7/site-packages/airflow/example_dags/example_latest_only.py for tasks to queue
[2023-01-25 22:35:21,326] {logging_mixin.py:115} INFO - [2023-01-25 22:35:21,326] {dagbag.py:508} INFO - Filling up the DagBag from /home/airflow/.local/lib/python3.7/site-packages/airflow/example_dags/example_latest_only.py
[2023-01-25 22:35:21,345] {processor.py:651} INFO - DAG(s) dict_keys(['latest_only']) retrieved from /home/airflow/.local/lib/python3.7/site-packages/airflow/example_dags/example_latest_only.py
[2023-01-25 22:35:21,424] {logging_mixin.py:115} INFO - [2023-01-25 22:35:21,424] {dag.py:2420} INFO - Sync 1 DAGs
[2023-01-25 22:35:21,520] {logging_mixin.py:115} INFO - [2023-01-25 22:35:21,520] {dag.py:2972} INFO - Setting next_dagrun for latest_only to 2023-01-25T18:35:21.518806+00:00, run_after=2023-01-25T22:35:21.518806+00:00
[2023-01-25 22:35:21,560] {processor.py:161} INFO - Processing /home/airflow/.local/lib/python3.7/site-packages/airflow/example_dags/example_latest_only.py took 0.248 seconds
[2023-01-25 22:35:51,668] {processor.py:153} INFO - Started process (PID=2434) to work on /home/airflow/.local/lib/python3.7/site-packages/airflow/example_dags/example_latest_only.py
[2023-01-25 22:35:51,672] {processor.py:641} INFO - Processing file /home/airflow/.local/lib/python3.7/site-packages/airflow/example_dags/example_latest_only.py for tasks to queue
[2023-01-25 22:35:51,674] {logging_mixin.py:115} INFO - [2023-01-25 22:35:51,674] {dagbag.py:508} INFO - Filling up the DagBag from /home/airflow/.local/lib/python3.7/site-packages/airflow/example_dags/example_latest_only.py
[2023-01-25 22:35:51,692] {processor.py:651} INFO - DAG(s) dict_keys(['latest_only']) retrieved from /home/airflow/.local/lib/python3.7/site-packages/airflow/example_dags/example_latest_only.py
[2023-01-25 22:35:51,772] {logging_mixin.py:115} INFO - [2023-01-25 22:35:51,772] {dag.py:2420} INFO - Sync 1 DAGs
[2023-01-25 22:35:51,872] {logging_mixin.py:115} INFO - [2023-01-25 22:35:51,871] {dag.py:2972} INFO - Setting next_dagrun for latest_only to 2023-01-25T18:35:51.869872+00:00, run_after=2023-01-25T22:35:51.869872+00:00
[2023-01-25 22:35:51,917] {processor.py:161} INFO - Processing /home/airflow/.local/lib/python3.7/site-packages/airflow/example_dags/example_latest_only.py took 0.257 seconds
[2023-01-25 22:36:23,172] {processor.py:153} INFO - Started process (PID=2548) to work on /home/airflow/.local/lib/python3.7/site-packages/airflow/example_dags/example_latest_only.py
[2023-01-25 22:36:23,174] {processor.py:641} INFO - Processing file /home/airflow/.local/lib/python3.7/site-packages/airflow/example_dags/example_latest_only.py for tasks to queue
[2023-01-25 22:36:23,176] {logging_mixin.py:115} INFO - [2023-01-25 22:36:23,176] {dagbag.py:508} INFO - Filling up the DagBag from /home/airflow/.local/lib/python3.7/site-packages/airflow/example_dags/example_latest_only.py
[2023-01-25 22:36:23,194] {processor.py:651} INFO - DAG(s) dict_keys(['latest_only']) retrieved from /home/airflow/.local/lib/python3.7/site-packages/airflow/example_dags/example_latest_only.py
[2023-01-25 22:36:23,268] {logging_mixin.py:115} INFO - [2023-01-25 22:36:23,268] {dag.py:2420} INFO - Sync 1 DAGs
[2023-01-25 22:36:23,370] {logging_mixin.py:115} INFO - [2023-01-25 22:36:23,370] {dag.py:2972} INFO - Setting next_dagrun for latest_only to 2023-01-25T18:36:23.368288+00:00, run_after=2023-01-25T22:36:23.368288+00:00
[2023-01-25 22:36:23,411] {processor.py:161} INFO - Processing /home/airflow/.local/lib/python3.7/site-packages/airflow/example_dags/example_latest_only.py took 0.247 seconds
[2023-01-25 22:36:55,960] {processor.py:153} INFO - Started process (PID=2662) to work on /home/airflow/.local/lib/python3.7/site-packages/airflow/example_dags/example_latest_only.py
[2023-01-25 22:36:55,962] {processor.py:641} INFO - Processing file /home/airflow/.local/lib/python3.7/site-packages/airflow/example_dags/example_latest_only.py for tasks to queue
[2023-01-25 22:36:55,965] {logging_mixin.py:115} INFO - [2023-01-25 22:36:55,965] {dagbag.py:508} INFO - Filling up the DagBag from /home/airflow/.local/lib/python3.7/site-packages/airflow/example_dags/example_latest_only.py
[2023-01-25 22:36:55,983] {processor.py:651} INFO - DAG(s) dict_keys(['latest_only']) retrieved from /home/airflow/.local/lib/python3.7/site-packages/airflow/example_dags/example_latest_only.py
[2023-01-25 22:36:56,059] {logging_mixin.py:115} INFO - [2023-01-25 22:36:56,058] {dag.py:2420} INFO - Sync 1 DAGs
[2023-01-25 22:36:56,163] {logging_mixin.py:115} INFO - [2023-01-25 22:36:56,163] {dag.py:2972} INFO - Setting next_dagrun for latest_only to 2023-01-25T18:36:56.161717+00:00, run_after=2023-01-25T22:36:56.161717+00:00
[2023-01-25 22:36:56,206] {processor.py:161} INFO - Processing /home/airflow/.local/lib/python3.7/site-packages/airflow/example_dags/example_latest_only.py took 0.254 seconds
[2023-01-25 22:37:29,432] {processor.py:153} INFO - Started process (PID=2777) to work on /home/airflow/.local/lib/python3.7/site-packages/airflow/example_dags/example_latest_only.py
[2023-01-25 22:37:29,434] {processor.py:641} INFO - Processing file /home/airflow/.local/lib/python3.7/site-packages/airflow/example_dags/example_latest_only.py for tasks to queue
[2023-01-25 22:37:29,437] {logging_mixin.py:115} INFO - [2023-01-25 22:37:29,436] {dagbag.py:508} INFO - Filling up the DagBag from /home/airflow/.local/lib/python3.7/site-packages/airflow/example_dags/example_latest_only.py
[2023-01-25 22:37:29,456] {processor.py:651} INFO - DAG(s) dict_keys(['latest_only']) retrieved from /home/airflow/.local/lib/python3.7/site-packages/airflow/example_dags/example_latest_only.py
[2023-01-25 22:37:29,534] {logging_mixin.py:115} INFO - [2023-01-25 22:37:29,534] {dag.py:2420} INFO - Sync 1 DAGs
[2023-01-25 22:37:29,641] {logging_mixin.py:115} INFO - [2023-01-25 22:37:29,640] {dag.py:2972} INFO - Setting next_dagrun for latest_only to 2023-01-25T18:37:29.638980+00:00, run_after=2023-01-25T22:37:29.638980+00:00
[2023-01-25 22:37:29,683] {processor.py:161} INFO - Processing /home/airflow/.local/lib/python3.7/site-packages/airflow/example_dags/example_latest_only.py took 0.260 seconds
[2023-01-25 22:38:02,896] {processor.py:153} INFO - Started process (PID=2891) to work on /home/airflow/.local/lib/python3.7/site-packages/airflow/example_dags/example_latest_only.py
[2023-01-25 22:38:02,902] {processor.py:641} INFO - Processing file /home/airflow/.local/lib/python3.7/site-packages/airflow/example_dags/example_latest_only.py for tasks to queue
[2023-01-25 22:38:02,905] {logging_mixin.py:115} INFO - [2023-01-25 22:38:02,904] {dagbag.py:508} INFO - Filling up the DagBag from /home/airflow/.local/lib/python3.7/site-packages/airflow/example_dags/example_latest_only.py
[2023-01-25 22:38:02,942] {processor.py:651} INFO - DAG(s) dict_keys(['latest_only']) retrieved from /home/airflow/.local/lib/python3.7/site-packages/airflow/example_dags/example_latest_only.py
[2023-01-25 22:38:03,065] {logging_mixin.py:115} INFO - [2023-01-25 22:38:03,064] {dag.py:2420} INFO - Sync 1 DAGs
[2023-01-25 22:38:03,196] {logging_mixin.py:115} INFO - [2023-01-25 22:38:03,195] {dag.py:2972} INFO - Setting next_dagrun for latest_only to 2023-01-25T18:38:03.193850+00:00, run_after=2023-01-25T22:38:03.193850+00:00
[2023-01-25 22:38:03,239] {processor.py:161} INFO - Processing /home/airflow/.local/lib/python3.7/site-packages/airflow/example_dags/example_latest_only.py took 0.355 seconds
[2023-01-25 22:38:35,943] {processor.py:153} INFO - Started process (PID=3005) to work on /home/airflow/.local/lib/python3.7/site-packages/airflow/example_dags/example_latest_only.py
[2023-01-25 22:38:35,945] {processor.py:641} INFO - Processing file /home/airflow/.local/lib/python3.7/site-packages/airflow/example_dags/example_latest_only.py for tasks to queue
[2023-01-25 22:38:35,947] {logging_mixin.py:115} INFO - [2023-01-25 22:38:35,947] {dagbag.py:508} INFO - Filling up the DagBag from /home/airflow/.local/lib/python3.7/site-packages/airflow/example_dags/example_latest_only.py
[2023-01-25 22:38:35,965] {processor.py:651} INFO - DAG(s) dict_keys(['latest_only']) retrieved from /home/airflow/.local/lib/python3.7/site-packages/airflow/example_dags/example_latest_only.py
[2023-01-25 22:38:36,040] {logging_mixin.py:115} INFO - [2023-01-25 22:38:36,040] {dag.py:2420} INFO - Sync 1 DAGs
[2023-01-25 22:38:36,132] {logging_mixin.py:115} INFO - [2023-01-25 22:38:36,131] {dag.py:2972} INFO - Setting next_dagrun for latest_only to 2023-01-25T18:38:36.129771+00:00, run_after=2023-01-25T22:38:36.129771+00:00
[2023-01-25 22:38:36,168] {processor.py:161} INFO - Processing /home/airflow/.local/lib/python3.7/site-packages/airflow/example_dags/example_latest_only.py took 0.233 seconds
[2023-01-25 22:39:09,116] {processor.py:153} INFO - Started process (PID=3122) to work on /home/airflow/.local/lib/python3.7/site-packages/airflow/example_dags/example_latest_only.py
[2023-01-25 22:39:09,118] {processor.py:641} INFO - Processing file /home/airflow/.local/lib/python3.7/site-packages/airflow/example_dags/example_latest_only.py for tasks to queue
[2023-01-25 22:39:09,121] {logging_mixin.py:115} INFO - [2023-01-25 22:39:09,120] {dagbag.py:508} INFO - Filling up the DagBag from /home/airflow/.local/lib/python3.7/site-packages/airflow/example_dags/example_latest_only.py
[2023-01-25 22:39:09,143] {processor.py:651} INFO - DAG(s) dict_keys(['latest_only']) retrieved from /home/airflow/.local/lib/python3.7/site-packages/airflow/example_dags/example_latest_only.py
[2023-01-25 22:39:09,235] {logging_mixin.py:115} INFO - [2023-01-25 22:39:09,234] {dag.py:2420} INFO - Sync 1 DAGs
[2023-01-25 22:39:09,350] {logging_mixin.py:115} INFO - [2023-01-25 22:39:09,349] {dag.py:2972} INFO - Setting next_dagrun for latest_only to 2023-01-25T18:39:09.348061+00:00, run_after=2023-01-25T22:39:09.348061+00:00
[2023-01-25 22:39:09,391] {processor.py:161} INFO - Processing /home/airflow/.local/lib/python3.7/site-packages/airflow/example_dags/example_latest_only.py took 0.285 seconds
[2023-01-25 22:39:42,485] {processor.py:153} INFO - Started process (PID=3236) to work on /home/airflow/.local/lib/python3.7/site-packages/airflow/example_dags/example_latest_only.py
[2023-01-25 22:39:42,487] {processor.py:641} INFO - Processing file /home/airflow/.local/lib/python3.7/site-packages/airflow/example_dags/example_latest_only.py for tasks to queue
[2023-01-25 22:39:42,490] {logging_mixin.py:115} INFO - [2023-01-25 22:39:42,489] {dagbag.py:508} INFO - Filling up the DagBag from /home/airflow/.local/lib/python3.7/site-packages/airflow/example_dags/example_latest_only.py
[2023-01-25 22:39:42,509] {processor.py:651} INFO - DAG(s) dict_keys(['latest_only']) retrieved from /home/airflow/.local/lib/python3.7/site-packages/airflow/example_dags/example_latest_only.py
[2023-01-25 22:39:42,592] {logging_mixin.py:115} INFO - [2023-01-25 22:39:42,591] {dag.py:2420} INFO - Sync 1 DAGs
[2023-01-25 22:39:42,707] {logging_mixin.py:115} INFO - [2023-01-25 22:39:42,706] {dag.py:2972} INFO - Setting next_dagrun for latest_only to 2023-01-25T18:39:42.703954+00:00, run_after=2023-01-25T22:39:42.703954+00:00
[2023-01-25 22:39:42,762] {processor.py:161} INFO - Processing /home/airflow/.local/lib/python3.7/site-packages/airflow/example_dags/example_latest_only.py took 0.287 seconds
[2023-01-25 22:40:15,329] {processor.py:153} INFO - Started process (PID=3365) to work on /home/airflow/.local/lib/python3.7/site-packages/airflow/example_dags/example_latest_only.py
[2023-01-25 22:40:15,331] {processor.py:641} INFO - Processing file /home/airflow/.local/lib/python3.7/site-packages/airflow/example_dags/example_latest_only.py for tasks to queue
[2023-01-25 22:40:15,334] {logging_mixin.py:115} INFO - [2023-01-25 22:40:15,334] {dagbag.py:508} INFO - Filling up the DagBag from /home/airflow/.local/lib/python3.7/site-packages/airflow/example_dags/example_latest_only.py
[2023-01-25 22:40:15,353] {processor.py:651} INFO - DAG(s) dict_keys(['latest_only']) retrieved from /home/airflow/.local/lib/python3.7/site-packages/airflow/example_dags/example_latest_only.py
[2023-01-25 22:40:15,432] {logging_mixin.py:115} INFO - [2023-01-25 22:40:15,431] {dag.py:2420} INFO - Sync 1 DAGs
[2023-01-25 22:40:15,530] {logging_mixin.py:115} INFO - [2023-01-25 22:40:15,529] {dag.py:2972} INFO - Setting next_dagrun for latest_only to 2023-01-25T18:40:15.527871+00:00, run_after=2023-01-25T22:40:15.527871+00:00
[2023-01-25 22:40:15,577] {processor.py:161} INFO - Processing /home/airflow/.local/lib/python3.7/site-packages/airflow/example_dags/example_latest_only.py took 0.255 seconds
[2023-01-25 22:40:48,504] {processor.py:153} INFO - Started process (PID=3479) to work on /home/airflow/.local/lib/python3.7/site-packages/airflow/example_dags/example_latest_only.py
[2023-01-25 22:40:48,506] {processor.py:641} INFO - Processing file /home/airflow/.local/lib/python3.7/site-packages/airflow/example_dags/example_latest_only.py for tasks to queue
[2023-01-25 22:40:48,508] {logging_mixin.py:115} INFO - [2023-01-25 22:40:48,508] {dagbag.py:508} INFO - Filling up the DagBag from /home/airflow/.local/lib/python3.7/site-packages/airflow/example_dags/example_latest_only.py
[2023-01-25 22:40:48,526] {processor.py:651} INFO - DAG(s) dict_keys(['latest_only']) retrieved from /home/airflow/.local/lib/python3.7/site-packages/airflow/example_dags/example_latest_only.py
[2023-01-25 22:40:48,608] {logging_mixin.py:115} INFO - [2023-01-25 22:40:48,608] {dag.py:2420} INFO - Sync 1 DAGs
[2023-01-25 22:40:48,723] {logging_mixin.py:115} INFO - [2023-01-25 22:40:48,722] {dag.py:2972} INFO - Setting next_dagrun for latest_only to 2023-01-25T18:40:48.720786+00:00, run_after=2023-01-25T22:40:48.720786+00:00
[2023-01-25 22:40:48,762] {processor.py:161} INFO - Processing /home/airflow/.local/lib/python3.7/site-packages/airflow/example_dags/example_latest_only.py took 0.267 seconds
[2023-01-25 22:41:21,097] {processor.py:153} INFO - Started process (PID=3594) to work on /home/airflow/.local/lib/python3.7/site-packages/airflow/example_dags/example_latest_only.py
[2023-01-25 22:41:21,098] {processor.py:641} INFO - Processing file /home/airflow/.local/lib/python3.7/site-packages/airflow/example_dags/example_latest_only.py for tasks to queue
[2023-01-25 22:41:21,101] {logging_mixin.py:115} INFO - [2023-01-25 22:41:21,100] {dagbag.py:508} INFO - Filling up the DagBag from /home/airflow/.local/lib/python3.7/site-packages/airflow/example_dags/example_latest_only.py
[2023-01-25 22:41:21,118] {processor.py:651} INFO - DAG(s) dict_keys(['latest_only']) retrieved from /home/airflow/.local/lib/python3.7/site-packages/airflow/example_dags/example_latest_only.py
[2023-01-25 22:41:21,193] {logging_mixin.py:115} INFO - [2023-01-25 22:41:21,193] {dag.py:2420} INFO - Sync 1 DAGs
[2023-01-25 22:41:21,278] {logging_mixin.py:115} INFO - [2023-01-25 22:41:21,278] {dag.py:2972} INFO - Setting next_dagrun for latest_only to 2023-01-25T18:41:21.276804+00:00, run_after=2023-01-25T22:41:21.276804+00:00
[2023-01-25 22:41:21,314] {processor.py:161} INFO - Processing /home/airflow/.local/lib/python3.7/site-packages/airflow/example_dags/example_latest_only.py took 0.226 seconds
[2023-01-25 22:41:51,953] {processor.py:153} INFO - Started process (PID=3704) to work on /home/airflow/.local/lib/python3.7/site-packages/airflow/example_dags/example_latest_only.py
[2023-01-25 22:41:51,956] {processor.py:641} INFO - Processing file /home/airflow/.local/lib/python3.7/site-packages/airflow/example_dags/example_latest_only.py for tasks to queue
[2023-01-25 22:41:51,958] {logging_mixin.py:115} INFO - [2023-01-25 22:41:51,958] {dagbag.py:508} INFO - Filling up the DagBag from /home/airflow/.local/lib/python3.7/site-packages/airflow/example_dags/example_latest_only.py
[2023-01-25 22:41:51,979] {processor.py:651} INFO - DAG(s) dict_keys(['latest_only']) retrieved from /home/airflow/.local/lib/python3.7/site-packages/airflow/example_dags/example_latest_only.py
[2023-01-25 22:41:52,064] {logging_mixin.py:115} INFO - [2023-01-25 22:41:52,064] {dag.py:2420} INFO - Sync 1 DAGs
[2023-01-25 22:41:52,168] {logging_mixin.py:115} INFO - [2023-01-25 22:41:52,167] {dag.py:2972} INFO - Setting next_dagrun for latest_only to 2023-01-25T18:41:52.165595+00:00, run_after=2023-01-25T22:41:52.165595+00:00
[2023-01-25 22:41:52,214] {processor.py:161} INFO - Processing /home/airflow/.local/lib/python3.7/site-packages/airflow/example_dags/example_latest_only.py took 0.269 seconds
[2023-01-25 22:42:22,883] {processor.py:153} INFO - Started process (PID=3814) to work on /home/airflow/.local/lib/python3.7/site-packages/airflow/example_dags/example_latest_only.py
[2023-01-25 22:42:22,885] {processor.py:641} INFO - Processing file /home/airflow/.local/lib/python3.7/site-packages/airflow/example_dags/example_latest_only.py for tasks to queue
[2023-01-25 22:42:22,889] {logging_mixin.py:115} INFO - [2023-01-25 22:42:22,888] {dagbag.py:508} INFO - Filling up the DagBag from /home/airflow/.local/lib/python3.7/site-packages/airflow/example_dags/example_latest_only.py
[2023-01-25 22:42:22,917] {processor.py:651} INFO - DAG(s) dict_keys(['latest_only']) retrieved from /home/airflow/.local/lib/python3.7/site-packages/airflow/example_dags/example_latest_only.py
[2023-01-25 22:42:23,030] {logging_mixin.py:115} INFO - [2023-01-25 22:42:23,029] {dag.py:2420} INFO - Sync 1 DAGs
[2023-01-25 22:42:23,149] {logging_mixin.py:115} INFO - [2023-01-25 22:42:23,148] {dag.py:2972} INFO - Setting next_dagrun for latest_only to 2023-01-25T18:42:23.146720+00:00, run_after=2023-01-25T22:42:23.146720+00:00
[2023-01-25 22:42:23,191] {processor.py:161} INFO - Processing /home/airflow/.local/lib/python3.7/site-packages/airflow/example_dags/example_latest_only.py took 0.331 seconds
[2023-01-25 22:42:53,661] {processor.py:153} INFO - Started process (PID=3927) to work on /home/airflow/.local/lib/python3.7/site-packages/airflow/example_dags/example_latest_only.py
[2023-01-25 22:42:53,664] {processor.py:641} INFO - Processing file /home/airflow/.local/lib/python3.7/site-packages/airflow/example_dags/example_latest_only.py for tasks to queue
[2023-01-25 22:42:53,667] {logging_mixin.py:115} INFO - [2023-01-25 22:42:53,666] {dagbag.py:508} INFO - Filling up the DagBag from /home/airflow/.local/lib/python3.7/site-packages/airflow/example_dags/example_latest_only.py
[2023-01-25 22:42:53,699] {processor.py:651} INFO - DAG(s) dict_keys(['latest_only']) retrieved from /home/airflow/.local/lib/python3.7/site-packages/airflow/example_dags/example_latest_only.py
[2023-01-25 22:42:53,790] {logging_mixin.py:115} INFO - [2023-01-25 22:42:53,790] {dag.py:2420} INFO - Sync 1 DAGs
[2023-01-25 22:42:53,891] {logging_mixin.py:115} INFO - [2023-01-25 22:42:53,890] {dag.py:2972} INFO - Setting next_dagrun for latest_only to 2023-01-25T18:42:53.888921+00:00, run_after=2023-01-25T22:42:53.888921+00:00
[2023-01-25 22:42:53,928] {processor.py:161} INFO - Processing /home/airflow/.local/lib/python3.7/site-packages/airflow/example_dags/example_latest_only.py took 0.280 seconds
[2023-01-25 22:43:24,280] {processor.py:153} INFO - Started process (PID=4041) to work on /home/airflow/.local/lib/python3.7/site-packages/airflow/example_dags/example_latest_only.py
[2023-01-25 22:43:24,284] {processor.py:641} INFO - Processing file /home/airflow/.local/lib/python3.7/site-packages/airflow/example_dags/example_latest_only.py for tasks to queue
[2023-01-25 22:43:24,287] {logging_mixin.py:115} INFO - [2023-01-25 22:43:24,286] {dagbag.py:508} INFO - Filling up the DagBag from /home/airflow/.local/lib/python3.7/site-packages/airflow/example_dags/example_latest_only.py
[2023-01-25 22:43:24,318] {processor.py:651} INFO - DAG(s) dict_keys(['latest_only']) retrieved from /home/airflow/.local/lib/python3.7/site-packages/airflow/example_dags/example_latest_only.py
[2023-01-25 22:43:24,420] {logging_mixin.py:115} INFO - [2023-01-25 22:43:24,419] {dag.py:2420} INFO - Sync 1 DAGs
[2023-01-25 22:43:24,537] {logging_mixin.py:115} INFO - [2023-01-25 22:43:24,537] {dag.py:2972} INFO - Setting next_dagrun for latest_only to 2023-01-25T18:43:24.535425+00:00, run_after=2023-01-25T22:43:24.535425+00:00
[2023-01-25 22:43:24,581] {processor.py:161} INFO - Processing /home/airflow/.local/lib/python3.7/site-packages/airflow/example_dags/example_latest_only.py took 0.313 seconds
[2023-01-25 22:43:54,787] {processor.py:153} INFO - Started process (PID=4155) to work on /home/airflow/.local/lib/python3.7/site-packages/airflow/example_dags/example_latest_only.py
[2023-01-25 22:43:54,791] {processor.py:641} INFO - Processing file /home/airflow/.local/lib/python3.7/site-packages/airflow/example_dags/example_latest_only.py for tasks to queue
[2023-01-25 22:43:54,794] {logging_mixin.py:115} INFO - [2023-01-25 22:43:54,794] {dagbag.py:508} INFO - Filling up the DagBag from /home/airflow/.local/lib/python3.7/site-packages/airflow/example_dags/example_latest_only.py
[2023-01-25 22:43:54,829] {processor.py:651} INFO - DAG(s) dict_keys(['latest_only']) retrieved from /home/airflow/.local/lib/python3.7/site-packages/airflow/example_dags/example_latest_only.py
[2023-01-25 22:43:54,961] {logging_mixin.py:115} INFO - [2023-01-25 22:43:54,960] {dag.py:2420} INFO - Sync 1 DAGs
[2023-01-25 22:43:55,085] {logging_mixin.py:115} INFO - [2023-01-25 22:43:55,085] {dag.py:2972} INFO - Setting next_dagrun for latest_only to 2023-01-25T18:43:55.083020+00:00, run_after=2023-01-25T22:43:55.083020+00:00
[2023-01-25 22:43:55,131] {processor.py:161} INFO - Processing /home/airflow/.local/lib/python3.7/site-packages/airflow/example_dags/example_latest_only.py took 0.361 seconds
[2023-01-25 22:44:25,206] {processor.py:153} INFO - Started process (PID=4269) to work on /home/airflow/.local/lib/python3.7/site-packages/airflow/example_dags/example_latest_only.py
[2023-01-25 22:44:25,210] {processor.py:641} INFO - Processing file /home/airflow/.local/lib/python3.7/site-packages/airflow/example_dags/example_latest_only.py for tasks to queue
[2023-01-25 22:44:25,213] {logging_mixin.py:115} INFO - [2023-01-25 22:44:25,212] {dagbag.py:508} INFO - Filling up the DagBag from /home/airflow/.local/lib/python3.7/site-packages/airflow/example_dags/example_latest_only.py
[2023-01-25 22:44:25,249] {processor.py:651} INFO - DAG(s) dict_keys(['latest_only']) retrieved from /home/airflow/.local/lib/python3.7/site-packages/airflow/example_dags/example_latest_only.py
[2023-01-25 22:44:25,394] {logging_mixin.py:115} INFO - [2023-01-25 22:44:25,393] {dag.py:2420} INFO - Sync 1 DAGs
[2023-01-25 22:44:25,528] {logging_mixin.py:115} INFO - [2023-01-25 22:44:25,527] {dag.py:2972} INFO - Setting next_dagrun for latest_only to 2023-01-25T18:44:25.525830+00:00, run_after=2023-01-25T22:44:25.525830+00:00
[2023-01-25 22:44:25,579] {processor.py:161} INFO - Processing /home/airflow/.local/lib/python3.7/site-packages/airflow/example_dags/example_latest_only.py took 0.385 seconds
[2023-01-25 22:44:55,686] {processor.py:153} INFO - Started process (PID=4386) to work on /home/airflow/.local/lib/python3.7/site-packages/airflow/example_dags/example_latest_only.py
[2023-01-25 22:44:55,688] {processor.py:641} INFO - Processing file /home/airflow/.local/lib/python3.7/site-packages/airflow/example_dags/example_latest_only.py for tasks to queue
[2023-01-25 22:44:55,691] {logging_mixin.py:115} INFO - [2023-01-25 22:44:55,691] {dagbag.py:508} INFO - Filling up the DagBag from /home/airflow/.local/lib/python3.7/site-packages/airflow/example_dags/example_latest_only.py
[2023-01-25 22:44:55,720] {processor.py:651} INFO - DAG(s) dict_keys(['latest_only']) retrieved from /home/airflow/.local/lib/python3.7/site-packages/airflow/example_dags/example_latest_only.py
[2023-01-25 22:44:55,856] {logging_mixin.py:115} INFO - [2023-01-25 22:44:55,855] {dag.py:2420} INFO - Sync 1 DAGs
[2023-01-25 22:44:55,959] {logging_mixin.py:115} INFO - [2023-01-25 22:44:55,958] {dag.py:2972} INFO - Setting next_dagrun for latest_only to 2023-01-25T18:44:55.957076+00:00, run_after=2023-01-25T22:44:55.957076+00:00
[2023-01-25 22:44:56,006] {processor.py:161} INFO - Processing /home/airflow/.local/lib/python3.7/site-packages/airflow/example_dags/example_latest_only.py took 0.333 seconds
[2023-01-25 22:45:26,964] {processor.py:153} INFO - Started process (PID=4500) to work on /home/airflow/.local/lib/python3.7/site-packages/airflow/example_dags/example_latest_only.py
[2023-01-25 22:45:26,967] {processor.py:641} INFO - Processing file /home/airflow/.local/lib/python3.7/site-packages/airflow/example_dags/example_latest_only.py for tasks to queue
[2023-01-25 22:45:26,969] {logging_mixin.py:115} INFO - [2023-01-25 22:45:26,969] {dagbag.py:508} INFO - Filling up the DagBag from /home/airflow/.local/lib/python3.7/site-packages/airflow/example_dags/example_latest_only.py
[2023-01-25 22:45:26,990] {processor.py:651} INFO - DAG(s) dict_keys(['latest_only']) retrieved from /home/airflow/.local/lib/python3.7/site-packages/airflow/example_dags/example_latest_only.py
[2023-01-25 22:45:27,073] {logging_mixin.py:115} INFO - [2023-01-25 22:45:27,073] {dag.py:2420} INFO - Sync 1 DAGs
[2023-01-25 22:45:27,187] {logging_mixin.py:115} INFO - [2023-01-25 22:45:27,186] {dag.py:2972} INFO - Setting next_dagrun for latest_only to 2023-01-25T18:45:27.184593+00:00, run_after=2023-01-25T22:45:27.184593+00:00
[2023-01-25 22:45:27,227] {processor.py:161} INFO - Processing /home/airflow/.local/lib/python3.7/site-packages/airflow/example_dags/example_latest_only.py took 0.273 seconds
[2023-01-25 22:45:57,836] {processor.py:153} INFO - Started process (PID=4614) to work on /home/airflow/.local/lib/python3.7/site-packages/airflow/example_dags/example_latest_only.py
[2023-01-25 22:45:57,838] {processor.py:641} INFO - Processing file /home/airflow/.local/lib/python3.7/site-packages/airflow/example_dags/example_latest_only.py for tasks to queue
[2023-01-25 22:45:57,841] {logging_mixin.py:115} INFO - [2023-01-25 22:45:57,840] {dagbag.py:508} INFO - Filling up the DagBag from /home/airflow/.local/lib/python3.7/site-packages/airflow/example_dags/example_latest_only.py
[2023-01-25 22:45:57,866] {processor.py:651} INFO - DAG(s) dict_keys(['latest_only']) retrieved from /home/airflow/.local/lib/python3.7/site-packages/airflow/example_dags/example_latest_only.py
[2023-01-25 22:45:57,986] {logging_mixin.py:115} INFO - [2023-01-25 22:45:57,985] {dag.py:2420} INFO - Sync 1 DAGs
[2023-01-25 22:45:58,092] {logging_mixin.py:115} INFO - [2023-01-25 22:45:58,091] {dag.py:2972} INFO - Setting next_dagrun for latest_only to 2023-01-25T18:45:58.089676+00:00, run_after=2023-01-25T22:45:58.089676+00:00
[2023-01-25 22:45:58,133] {processor.py:161} INFO - Processing /home/airflow/.local/lib/python3.7/site-packages/airflow/example_dags/example_latest_only.py took 0.308 seconds
[2023-01-25 22:46:28,278] {processor.py:153} INFO - Started process (PID=4729) to work on /home/airflow/.local/lib/python3.7/site-packages/airflow/example_dags/example_latest_only.py
[2023-01-25 22:46:28,282] {processor.py:641} INFO - Processing file /home/airflow/.local/lib/python3.7/site-packages/airflow/example_dags/example_latest_only.py for tasks to queue
[2023-01-25 22:46:28,284] {logging_mixin.py:115} INFO - [2023-01-25 22:46:28,284] {dagbag.py:508} INFO - Filling up the DagBag from /home/airflow/.local/lib/python3.7/site-packages/airflow/example_dags/example_latest_only.py
[2023-01-25 22:46:28,305] {processor.py:651} INFO - DAG(s) dict_keys(['latest_only']) retrieved from /home/airflow/.local/lib/python3.7/site-packages/airflow/example_dags/example_latest_only.py
[2023-01-25 22:46:28,394] {logging_mixin.py:115} INFO - [2023-01-25 22:46:28,393] {dag.py:2420} INFO - Sync 1 DAGs
[2023-01-25 22:46:28,498] {logging_mixin.py:115} INFO - [2023-01-25 22:46:28,497] {dag.py:2972} INFO - Setting next_dagrun for latest_only to 2023-01-25T18:46:28.495704+00:00, run_after=2023-01-25T22:46:28.495704+00:00
[2023-01-25 22:46:28,540] {processor.py:161} INFO - Processing /home/airflow/.local/lib/python3.7/site-packages/airflow/example_dags/example_latest_only.py took 0.271 seconds
[2023-01-25 22:46:58,677] {processor.py:153} INFO - Started process (PID=4843) to work on /home/airflow/.local/lib/python3.7/site-packages/airflow/example_dags/example_latest_only.py
[2023-01-25 22:46:58,684] {processor.py:641} INFO - Processing file /home/airflow/.local/lib/python3.7/site-packages/airflow/example_dags/example_latest_only.py for tasks to queue
[2023-01-25 22:46:58,687] {logging_mixin.py:115} INFO - [2023-01-25 22:46:58,687] {dagbag.py:508} INFO - Filling up the DagBag from /home/airflow/.local/lib/python3.7/site-packages/airflow/example_dags/example_latest_only.py
[2023-01-25 22:46:58,706] {processor.py:651} INFO - DAG(s) dict_keys(['latest_only']) retrieved from /home/airflow/.local/lib/python3.7/site-packages/airflow/example_dags/example_latest_only.py
[2023-01-25 22:46:58,796] {logging_mixin.py:115} INFO - [2023-01-25 22:46:58,796] {dag.py:2420} INFO - Sync 1 DAGs
[2023-01-25 22:46:58,905] {logging_mixin.py:115} INFO - [2023-01-25 22:46:58,904] {dag.py:2972} INFO - Setting next_dagrun for latest_only to 2023-01-25T18:46:58.902838+00:00, run_after=2023-01-25T22:46:58.902838+00:00
[2023-01-25 22:46:58,959] {processor.py:161} INFO - Processing /home/airflow/.local/lib/python3.7/site-packages/airflow/example_dags/example_latest_only.py took 0.291 seconds
[2023-01-25 22:47:30,001] {processor.py:153} INFO - Started process (PID=4956) to work on /home/airflow/.local/lib/python3.7/site-packages/airflow/example_dags/example_latest_only.py
[2023-01-25 22:47:30,003] {processor.py:641} INFO - Processing file /home/airflow/.local/lib/python3.7/site-packages/airflow/example_dags/example_latest_only.py for tasks to queue
[2023-01-25 22:47:30,005] {logging_mixin.py:115} INFO - [2023-01-25 22:47:30,005] {dagbag.py:508} INFO - Filling up the DagBag from /home/airflow/.local/lib/python3.7/site-packages/airflow/example_dags/example_latest_only.py
[2023-01-25 22:47:30,024] {processor.py:651} INFO - DAG(s) dict_keys(['latest_only']) retrieved from /home/airflow/.local/lib/python3.7/site-packages/airflow/example_dags/example_latest_only.py
[2023-01-25 22:47:30,105] {logging_mixin.py:115} INFO - [2023-01-25 22:47:30,105] {dag.py:2420} INFO - Sync 1 DAGs
[2023-01-25 22:47:30,202] {logging_mixin.py:115} INFO - [2023-01-25 22:47:30,202] {dag.py:2972} INFO - Setting next_dagrun for latest_only to 2023-01-25T18:47:30.200678+00:00, run_after=2023-01-25T22:47:30.200678+00:00
[2023-01-25 22:47:30,244] {processor.py:161} INFO - Processing /home/airflow/.local/lib/python3.7/site-packages/airflow/example_dags/example_latest_only.py took 0.251 seconds
[2023-01-25 22:48:01,023] {processor.py:153} INFO - Started process (PID=5066) to work on /home/airflow/.local/lib/python3.7/site-packages/airflow/example_dags/example_latest_only.py
[2023-01-25 22:48:01,024] {processor.py:641} INFO - Processing file /home/airflow/.local/lib/python3.7/site-packages/airflow/example_dags/example_latest_only.py for tasks to queue
[2023-01-25 22:48:01,027] {logging_mixin.py:115} INFO - [2023-01-25 22:48:01,026] {dagbag.py:508} INFO - Filling up the DagBag from /home/airflow/.local/lib/python3.7/site-packages/airflow/example_dags/example_latest_only.py
[2023-01-25 22:48:01,048] {processor.py:651} INFO - DAG(s) dict_keys(['latest_only']) retrieved from /home/airflow/.local/lib/python3.7/site-packages/airflow/example_dags/example_latest_only.py
[2023-01-25 22:48:01,156] {logging_mixin.py:115} INFO - [2023-01-25 22:48:01,155] {dag.py:2420} INFO - Sync 1 DAGs
[2023-01-25 22:48:01,280] {logging_mixin.py:115} INFO - [2023-01-25 22:48:01,279] {dag.py:2972} INFO - Setting next_dagrun for latest_only to 2023-01-25T18:48:01.277911+00:00, run_after=2023-01-25T22:48:01.277911+00:00
[2023-01-25 22:48:01,330] {processor.py:161} INFO - Processing /home/airflow/.local/lib/python3.7/site-packages/airflow/example_dags/example_latest_only.py took 0.316 seconds
[2023-01-25 22:48:32,381] {processor.py:153} INFO - Started process (PID=5170) to work on /home/airflow/.local/lib/python3.7/site-packages/airflow/example_dags/example_latest_only.py
[2023-01-25 22:48:32,383] {processor.py:641} INFO - Processing file /home/airflow/.local/lib/python3.7/site-packages/airflow/example_dags/example_latest_only.py for tasks to queue
[2023-01-25 22:48:32,385] {logging_mixin.py:115} INFO - [2023-01-25 22:48:32,385] {dagbag.py:508} INFO - Filling up the DagBag from /home/airflow/.local/lib/python3.7/site-packages/airflow/example_dags/example_latest_only.py
[2023-01-25 22:48:32,403] {processor.py:651} INFO - DAG(s) dict_keys(['latest_only']) retrieved from /home/airflow/.local/lib/python3.7/site-packages/airflow/example_dags/example_latest_only.py
[2023-01-25 22:48:32,487] {logging_mixin.py:115} INFO - [2023-01-25 22:48:32,487] {dag.py:2420} INFO - Sync 1 DAGs
[2023-01-25 22:48:32,577] {logging_mixin.py:115} INFO - [2023-01-25 22:48:32,577] {dag.py:2972} INFO - Setting next_dagrun for latest_only to 2023-01-25T18:48:32.575633+00:00, run_after=2023-01-25T22:48:32.575633+00:00
[2023-01-25 22:48:32,614] {processor.py:161} INFO - Processing /home/airflow/.local/lib/python3.7/site-packages/airflow/example_dags/example_latest_only.py took 0.241 seconds
[2023-01-25 22:49:03,103] {processor.py:153} INFO - Started process (PID=5281) to work on /home/airflow/.local/lib/python3.7/site-packages/airflow/example_dags/example_latest_only.py
[2023-01-25 22:49:03,104] {processor.py:641} INFO - Processing file /home/airflow/.local/lib/python3.7/site-packages/airflow/example_dags/example_latest_only.py for tasks to queue
[2023-01-25 22:49:03,106] {logging_mixin.py:115} INFO - [2023-01-25 22:49:03,106] {dagbag.py:508} INFO - Filling up the DagBag from /home/airflow/.local/lib/python3.7/site-packages/airflow/example_dags/example_latest_only.py
[2023-01-25 22:49:03,123] {processor.py:651} INFO - DAG(s) dict_keys(['latest_only']) retrieved from /home/airflow/.local/lib/python3.7/site-packages/airflow/example_dags/example_latest_only.py
[2023-01-25 22:49:03,195] {logging_mixin.py:115} INFO - [2023-01-25 22:49:03,194] {dag.py:2420} INFO - Sync 1 DAGs
[2023-01-25 22:49:03,283] {logging_mixin.py:115} INFO - [2023-01-25 22:49:03,283] {dag.py:2972} INFO - Setting next_dagrun for latest_only to 2023-01-25T18:49:03.281750+00:00, run_after=2023-01-25T22:49:03.281750+00:00
[2023-01-25 22:49:03,319] {processor.py:161} INFO - Processing /home/airflow/.local/lib/python3.7/site-packages/airflow/example_dags/example_latest_only.py took 0.224 seconds
[2023-01-25 22:49:33,469] {processor.py:153} INFO - Started process (PID=5393) to work on /home/airflow/.local/lib/python3.7/site-packages/airflow/example_dags/example_latest_only.py
[2023-01-25 22:49:33,471] {processor.py:641} INFO - Processing file /home/airflow/.local/lib/python3.7/site-packages/airflow/example_dags/example_latest_only.py for tasks to queue
[2023-01-25 22:49:33,473] {logging_mixin.py:115} INFO - [2023-01-25 22:49:33,473] {dagbag.py:508} INFO - Filling up the DagBag from /home/airflow/.local/lib/python3.7/site-packages/airflow/example_dags/example_latest_only.py
[2023-01-25 22:49:33,490] {processor.py:651} INFO - DAG(s) dict_keys(['latest_only']) retrieved from /home/airflow/.local/lib/python3.7/site-packages/airflow/example_dags/example_latest_only.py
[2023-01-25 22:49:33,562] {logging_mixin.py:115} INFO - [2023-01-25 22:49:33,562] {dag.py:2420} INFO - Sync 1 DAGs
[2023-01-25 22:49:33,652] {logging_mixin.py:115} INFO - [2023-01-25 22:49:33,652] {dag.py:2972} INFO - Setting next_dagrun for latest_only to 2023-01-25T18:49:33.650972+00:00, run_after=2023-01-25T22:49:33.650972+00:00
[2023-01-25 22:49:33,689] {processor.py:161} INFO - Processing /home/airflow/.local/lib/python3.7/site-packages/airflow/example_dags/example_latest_only.py took 0.228 seconds
[2023-01-25 22:50:03,996] {processor.py:153} INFO - Started process (PID=5504) to work on /home/airflow/.local/lib/python3.7/site-packages/airflow/example_dags/example_latest_only.py
[2023-01-25 22:50:03,998] {processor.py:641} INFO - Processing file /home/airflow/.local/lib/python3.7/site-packages/airflow/example_dags/example_latest_only.py for tasks to queue
[2023-01-25 22:50:03,999] {logging_mixin.py:115} INFO - [2023-01-25 22:50:03,999] {dagbag.py:508} INFO - Filling up the DagBag from /home/airflow/.local/lib/python3.7/site-packages/airflow/example_dags/example_latest_only.py
[2023-01-25 22:50:04,015] {processor.py:651} INFO - DAG(s) dict_keys(['latest_only']) retrieved from /home/airflow/.local/lib/python3.7/site-packages/airflow/example_dags/example_latest_only.py
[2023-01-25 22:50:04,088] {logging_mixin.py:115} INFO - [2023-01-25 22:50:04,087] {dag.py:2420} INFO - Sync 1 DAGs
[2023-01-25 22:50:04,178] {logging_mixin.py:115} INFO - [2023-01-25 22:50:04,178] {dag.py:2972} INFO - Setting next_dagrun for latest_only to 2023-01-25T18:50:04.176813+00:00, run_after=2023-01-25T22:50:04.176813+00:00
[2023-01-25 22:50:04,216] {processor.py:161} INFO - Processing /home/airflow/.local/lib/python3.7/site-packages/airflow/example_dags/example_latest_only.py took 0.228 seconds
[2023-01-25 22:50:34,298] {processor.py:153} INFO - Started process (PID=5616) to work on /home/airflow/.local/lib/python3.7/site-packages/airflow/example_dags/example_latest_only.py
[2023-01-25 22:50:34,300] {processor.py:641} INFO - Processing file /home/airflow/.local/lib/python3.7/site-packages/airflow/example_dags/example_latest_only.py for tasks to queue
[2023-01-25 22:50:34,302] {logging_mixin.py:115} INFO - [2023-01-25 22:50:34,302] {dagbag.py:508} INFO - Filling up the DagBag from /home/airflow/.local/lib/python3.7/site-packages/airflow/example_dags/example_latest_only.py
[2023-01-25 22:50:34,320] {processor.py:651} INFO - DAG(s) dict_keys(['latest_only']) retrieved from /home/airflow/.local/lib/python3.7/site-packages/airflow/example_dags/example_latest_only.py
[2023-01-25 22:50:34,397] {logging_mixin.py:115} INFO - [2023-01-25 22:50:34,397] {dag.py:2420} INFO - Sync 1 DAGs
[2023-01-25 22:50:34,490] {logging_mixin.py:115} INFO - [2023-01-25 22:50:34,489] {dag.py:2972} INFO - Setting next_dagrun for latest_only to 2023-01-25T18:50:34.488166+00:00, run_after=2023-01-25T22:50:34.488166+00:00
[2023-01-25 22:50:34,527] {processor.py:161} INFO - Processing /home/airflow/.local/lib/python3.7/site-packages/airflow/example_dags/example_latest_only.py took 0.238 seconds
[2023-01-25 22:51:04,776] {processor.py:153} INFO - Started process (PID=5727) to work on /home/airflow/.local/lib/python3.7/site-packages/airflow/example_dags/example_latest_only.py
[2023-01-25 22:51:04,779] {processor.py:641} INFO - Processing file /home/airflow/.local/lib/python3.7/site-packages/airflow/example_dags/example_latest_only.py for tasks to queue
[2023-01-25 22:51:04,781] {logging_mixin.py:115} INFO - [2023-01-25 22:51:04,780] {dagbag.py:508} INFO - Filling up the DagBag from /home/airflow/.local/lib/python3.7/site-packages/airflow/example_dags/example_latest_only.py
[2023-01-25 22:51:04,799] {processor.py:651} INFO - DAG(s) dict_keys(['latest_only']) retrieved from /home/airflow/.local/lib/python3.7/site-packages/airflow/example_dags/example_latest_only.py
[2023-01-25 22:51:04,895] {logging_mixin.py:115} INFO - [2023-01-25 22:51:04,895] {dag.py:2420} INFO - Sync 1 DAGs
[2023-01-25 22:51:04,987] {logging_mixin.py:115} INFO - [2023-01-25 22:51:04,987] {dag.py:2972} INFO - Setting next_dagrun for latest_only to 2023-01-25T18:51:04.985679+00:00, run_after=2023-01-25T22:51:04.985679+00:00
[2023-01-25 22:51:05,037] {processor.py:161} INFO - Processing /home/airflow/.local/lib/python3.7/site-packages/airflow/example_dags/example_latest_only.py took 0.269 seconds
[2023-01-25 22:51:35,317] {processor.py:153} INFO - Started process (PID=5841) to work on /home/airflow/.local/lib/python3.7/site-packages/airflow/example_dags/example_latest_only.py
[2023-01-25 22:51:35,320] {processor.py:641} INFO - Processing file /home/airflow/.local/lib/python3.7/site-packages/airflow/example_dags/example_latest_only.py for tasks to queue
[2023-01-25 22:51:35,322] {logging_mixin.py:115} INFO - [2023-01-25 22:51:35,322] {dagbag.py:508} INFO - Filling up the DagBag from /home/airflow/.local/lib/python3.7/site-packages/airflow/example_dags/example_latest_only.py
[2023-01-25 22:51:35,339] {processor.py:651} INFO - DAG(s) dict_keys(['latest_only']) retrieved from /home/airflow/.local/lib/python3.7/site-packages/airflow/example_dags/example_latest_only.py
[2023-01-25 22:51:35,413] {logging_mixin.py:115} INFO - [2023-01-25 22:51:35,412] {dag.py:2420} INFO - Sync 1 DAGs
[2023-01-25 22:51:35,500] {logging_mixin.py:115} INFO - [2023-01-25 22:51:35,499] {dag.py:2972} INFO - Setting next_dagrun for latest_only to 2023-01-25T18:51:35.497985+00:00, run_after=2023-01-25T22:51:35.497985+00:00
[2023-01-25 22:51:35,535] {processor.py:161} INFO - Processing /home/airflow/.local/lib/python3.7/site-packages/airflow/example_dags/example_latest_only.py took 0.225 seconds
[2023-01-25 22:52:05,726] {processor.py:153} INFO - Started process (PID=5949) to work on /home/airflow/.local/lib/python3.7/site-packages/airflow/example_dags/example_latest_only.py
[2023-01-25 22:52:05,728] {processor.py:641} INFO - Processing file /home/airflow/.local/lib/python3.7/site-packages/airflow/example_dags/example_latest_only.py for tasks to queue
[2023-01-25 22:52:05,730] {logging_mixin.py:115} INFO - [2023-01-25 22:52:05,730] {dagbag.py:508} INFO - Filling up the DagBag from /home/airflow/.local/lib/python3.7/site-packages/airflow/example_dags/example_latest_only.py
[2023-01-25 22:52:05,748] {processor.py:651} INFO - DAG(s) dict_keys(['latest_only']) retrieved from /home/airflow/.local/lib/python3.7/site-packages/airflow/example_dags/example_latest_only.py
[2023-01-25 22:52:05,819] {logging_mixin.py:115} INFO - [2023-01-25 22:52:05,818] {dag.py:2420} INFO - Sync 1 DAGs
[2023-01-25 22:52:05,913] {logging_mixin.py:115} INFO - [2023-01-25 22:52:05,912] {dag.py:2972} INFO - Setting next_dagrun for latest_only to 2023-01-25T18:52:05.910986+00:00, run_after=2023-01-25T22:52:05.910986+00:00
[2023-01-25 22:52:05,948] {processor.py:161} INFO - Processing /home/airflow/.local/lib/python3.7/site-packages/airflow/example_dags/example_latest_only.py took 0.231 seconds
[2023-01-25 22:52:36,395] {processor.py:153} INFO - Started process (PID=6063) to work on /home/airflow/.local/lib/python3.7/site-packages/airflow/example_dags/example_latest_only.py
[2023-01-25 22:52:36,397] {processor.py:641} INFO - Processing file /home/airflow/.local/lib/python3.7/site-packages/airflow/example_dags/example_latest_only.py for tasks to queue
[2023-01-25 22:52:36,399] {logging_mixin.py:115} INFO - [2023-01-25 22:52:36,399] {dagbag.py:508} INFO - Filling up the DagBag from /home/airflow/.local/lib/python3.7/site-packages/airflow/example_dags/example_latest_only.py
[2023-01-25 22:52:36,416] {processor.py:651} INFO - DAG(s) dict_keys(['latest_only']) retrieved from /home/airflow/.local/lib/python3.7/site-packages/airflow/example_dags/example_latest_only.py
[2023-01-25 22:52:36,492] {logging_mixin.py:115} INFO - [2023-01-25 22:52:36,491] {dag.py:2420} INFO - Sync 1 DAGs
[2023-01-25 22:52:36,584] {logging_mixin.py:115} INFO - [2023-01-25 22:52:36,584] {dag.py:2972} INFO - Setting next_dagrun for latest_only to 2023-01-25T18:52:36.582645+00:00, run_after=2023-01-25T22:52:36.582645+00:00
[2023-01-25 22:52:36,620] {processor.py:161} INFO - Processing /home/airflow/.local/lib/python3.7/site-packages/airflow/example_dags/example_latest_only.py took 0.234 seconds
[2023-01-25 22:53:06,845] {processor.py:153} INFO - Started process (PID=6172) to work on /home/airflow/.local/lib/python3.7/site-packages/airflow/example_dags/example_latest_only.py
[2023-01-25 22:53:06,847] {processor.py:641} INFO - Processing file /home/airflow/.local/lib/python3.7/site-packages/airflow/example_dags/example_latest_only.py for tasks to queue
[2023-01-25 22:53:06,849] {logging_mixin.py:115} INFO - [2023-01-25 22:53:06,849] {dagbag.py:508} INFO - Filling up the DagBag from /home/airflow/.local/lib/python3.7/site-packages/airflow/example_dags/example_latest_only.py
[2023-01-25 22:53:06,869] {processor.py:651} INFO - DAG(s) dict_keys(['latest_only']) retrieved from /home/airflow/.local/lib/python3.7/site-packages/airflow/example_dags/example_latest_only.py
[2023-01-25 22:53:06,950] {logging_mixin.py:115} INFO - [2023-01-25 22:53:06,950] {dag.py:2420} INFO - Sync 1 DAGs
[2023-01-25 22:53:07,057] {logging_mixin.py:115} INFO - [2023-01-25 22:53:07,057] {dag.py:2972} INFO - Setting next_dagrun for latest_only to 2023-01-25T18:53:07.055285+00:00, run_after=2023-01-25T22:53:07.055285+00:00
[2023-01-25 22:53:07,101] {processor.py:161} INFO - Processing /home/airflow/.local/lib/python3.7/site-packages/airflow/example_dags/example_latest_only.py took 0.265 seconds
[2023-01-25 22:53:37,505] {processor.py:153} INFO - Started process (PID=6286) to work on /home/airflow/.local/lib/python3.7/site-packages/airflow/example_dags/example_latest_only.py
[2023-01-25 22:53:37,507] {processor.py:641} INFO - Processing file /home/airflow/.local/lib/python3.7/site-packages/airflow/example_dags/example_latest_only.py for tasks to queue
[2023-01-25 22:53:37,510] {logging_mixin.py:115} INFO - [2023-01-25 22:53:37,509] {dagbag.py:508} INFO - Filling up the DagBag from /home/airflow/.local/lib/python3.7/site-packages/airflow/example_dags/example_latest_only.py
[2023-01-25 22:53:37,529] {processor.py:651} INFO - DAG(s) dict_keys(['latest_only']) retrieved from /home/airflow/.local/lib/python3.7/site-packages/airflow/example_dags/example_latest_only.py
[2023-01-25 22:53:37,610] {logging_mixin.py:115} INFO - [2023-01-25 22:53:37,609] {dag.py:2420} INFO - Sync 1 DAGs
[2023-01-25 22:53:37,711] {logging_mixin.py:115} INFO - [2023-01-25 22:53:37,711] {dag.py:2972} INFO - Setting next_dagrun for latest_only to 2023-01-25T18:53:37.709567+00:00, run_after=2023-01-25T22:53:37.709567+00:00
[2023-01-25 22:53:37,753] {processor.py:161} INFO - Processing /home/airflow/.local/lib/python3.7/site-packages/airflow/example_dags/example_latest_only.py took 0.259 seconds
[2023-01-25 22:54:08,574] {processor.py:153} INFO - Started process (PID=6400) to work on /home/airflow/.local/lib/python3.7/site-packages/airflow/example_dags/example_latest_only.py
[2023-01-25 22:54:08,577] {processor.py:641} INFO - Processing file /home/airflow/.local/lib/python3.7/site-packages/airflow/example_dags/example_latest_only.py for tasks to queue
[2023-01-25 22:54:08,579] {logging_mixin.py:115} INFO - [2023-01-25 22:54:08,579] {dagbag.py:508} INFO - Filling up the DagBag from /home/airflow/.local/lib/python3.7/site-packages/airflow/example_dags/example_latest_only.py
[2023-01-25 22:54:08,598] {processor.py:651} INFO - DAG(s) dict_keys(['latest_only']) retrieved from /home/airflow/.local/lib/python3.7/site-packages/airflow/example_dags/example_latest_only.py
[2023-01-25 22:54:08,677] {logging_mixin.py:115} INFO - [2023-01-25 22:54:08,677] {dag.py:2420} INFO - Sync 1 DAGs
[2023-01-25 22:54:08,779] {logging_mixin.py:115} INFO - [2023-01-25 22:54:08,778] {dag.py:2972} INFO - Setting next_dagrun for latest_only to 2023-01-25T18:54:08.776843+00:00, run_after=2023-01-25T22:54:08.776843+00:00
[2023-01-25 22:54:08,823] {processor.py:161} INFO - Processing /home/airflow/.local/lib/python3.7/site-packages/airflow/example_dags/example_latest_only.py took 0.258 seconds
[2023-01-25 22:54:39,010] {processor.py:153} INFO - Started process (PID=6514) to work on /home/airflow/.local/lib/python3.7/site-packages/airflow/example_dags/example_latest_only.py
[2023-01-25 22:54:39,012] {processor.py:641} INFO - Processing file /home/airflow/.local/lib/python3.7/site-packages/airflow/example_dags/example_latest_only.py for tasks to queue
[2023-01-25 22:54:39,014] {logging_mixin.py:115} INFO - [2023-01-25 22:54:39,014] {dagbag.py:508} INFO - Filling up the DagBag from /home/airflow/.local/lib/python3.7/site-packages/airflow/example_dags/example_latest_only.py
[2023-01-25 22:54:39,033] {processor.py:651} INFO - DAG(s) dict_keys(['latest_only']) retrieved from /home/airflow/.local/lib/python3.7/site-packages/airflow/example_dags/example_latest_only.py
[2023-01-25 22:54:39,130] {logging_mixin.py:115} INFO - [2023-01-25 22:54:39,130] {dag.py:2420} INFO - Sync 1 DAGs
[2023-01-25 22:54:39,245] {logging_mixin.py:115} INFO - [2023-01-25 22:54:39,244] {dag.py:2972} INFO - Setting next_dagrun for latest_only to 2023-01-25T18:54:39.242545+00:00, run_after=2023-01-25T22:54:39.242545+00:00
[2023-01-25 22:54:39,292] {processor.py:161} INFO - Processing /home/airflow/.local/lib/python3.7/site-packages/airflow/example_dags/example_latest_only.py took 0.290 seconds
[2023-01-25 22:55:10,197] {processor.py:153} INFO - Started process (PID=6620) to work on /home/airflow/.local/lib/python3.7/site-packages/airflow/example_dags/example_latest_only.py
[2023-01-25 22:55:10,200] {processor.py:641} INFO - Processing file /home/airflow/.local/lib/python3.7/site-packages/airflow/example_dags/example_latest_only.py for tasks to queue
[2023-01-25 22:55:10,203] {logging_mixin.py:115} INFO - [2023-01-25 22:55:10,202] {dagbag.py:508} INFO - Filling up the DagBag from /home/airflow/.local/lib/python3.7/site-packages/airflow/example_dags/example_latest_only.py
[2023-01-25 22:55:10,226] {processor.py:651} INFO - DAG(s) dict_keys(['latest_only']) retrieved from /home/airflow/.local/lib/python3.7/site-packages/airflow/example_dags/example_latest_only.py
[2023-01-25 22:55:10,306] {logging_mixin.py:115} INFO - [2023-01-25 22:55:10,306] {dag.py:2420} INFO - Sync 1 DAGs
[2023-01-25 22:55:10,405] {logging_mixin.py:115} INFO - [2023-01-25 22:55:10,405] {dag.py:2972} INFO - Setting next_dagrun for latest_only to 2023-01-25T18:55:10.403791+00:00, run_after=2023-01-25T22:55:10.403791+00:00
[2023-01-25 22:55:10,443] {processor.py:161} INFO - Processing /home/airflow/.local/lib/python3.7/site-packages/airflow/example_dags/example_latest_only.py took 0.255 seconds
[2023-01-25 23:00:15,140] {processor.py:153} INFO - Started process (PID=6734) to work on /home/airflow/.local/lib/python3.7/site-packages/airflow/example_dags/example_latest_only.py
[2023-01-25 23:00:15,147] {processor.py:641} INFO - Processing file /home/airflow/.local/lib/python3.7/site-packages/airflow/example_dags/example_latest_only.py for tasks to queue
[2023-01-25 23:00:15,152] {logging_mixin.py:115} INFO - [2023-01-25 23:00:15,151] {dagbag.py:508} INFO - Filling up the DagBag from /home/airflow/.local/lib/python3.7/site-packages/airflow/example_dags/example_latest_only.py
[2023-01-25 23:00:15,181] {processor.py:651} INFO - DAG(s) dict_keys(['latest_only']) retrieved from /home/airflow/.local/lib/python3.7/site-packages/airflow/example_dags/example_latest_only.py
[2023-01-25 23:00:15,385] {logging_mixin.py:115} INFO - [2023-01-25 23:00:15,384] {dag.py:2420} INFO - Sync 1 DAGs
[2023-01-25 23:00:15,560] {logging_mixin.py:115} INFO - [2023-01-25 23:00:15,559] {dag.py:2972} INFO - Setting next_dagrun for latest_only to 2023-01-25T19:00:15.557964+00:00, run_after=2023-01-25T23:00:15.557964+00:00
[2023-01-25 23:00:15,634] {processor.py:161} INFO - Processing /home/airflow/.local/lib/python3.7/site-packages/airflow/example_dags/example_latest_only.py took 0.509 seconds
[2023-01-25 23:05:21,985] {processor.py:153} INFO - Started process (PID=6832) to work on /home/airflow/.local/lib/python3.7/site-packages/airflow/example_dags/example_latest_only.py
[2023-01-25 23:05:21,991] {processor.py:641} INFO - Processing file /home/airflow/.local/lib/python3.7/site-packages/airflow/example_dags/example_latest_only.py for tasks to queue
[2023-01-25 23:05:21,998] {logging_mixin.py:115} INFO - [2023-01-25 23:05:21,997] {dagbag.py:508} INFO - Filling up the DagBag from /home/airflow/.local/lib/python3.7/site-packages/airflow/example_dags/example_latest_only.py
[2023-01-25 23:05:22,034] {processor.py:651} INFO - DAG(s) dict_keys(['latest_only']) retrieved from /home/airflow/.local/lib/python3.7/site-packages/airflow/example_dags/example_latest_only.py
[2023-01-25 23:05:22,217] {logging_mixin.py:115} INFO - [2023-01-25 23:05:22,217] {dag.py:2420} INFO - Sync 1 DAGs
[2023-01-25 23:05:22,324] {logging_mixin.py:115} INFO - [2023-01-25 23:05:22,322] {dag.py:2972} INFO - Setting next_dagrun for latest_only to 2023-01-25T19:05:22.318661+00:00, run_after=2023-01-25T23:05:22.318661+00:00
[2023-01-25 23:05:22,484] {processor.py:161} INFO - Processing /home/airflow/.local/lib/python3.7/site-packages/airflow/example_dags/example_latest_only.py took 0.519 seconds
[2023-01-25 23:05:53,486] {processor.py:153} INFO - Started process (PID=6946) to work on /home/airflow/.local/lib/python3.7/site-packages/airflow/example_dags/example_latest_only.py
[2023-01-25 23:05:53,495] {processor.py:641} INFO - Processing file /home/airflow/.local/lib/python3.7/site-packages/airflow/example_dags/example_latest_only.py for tasks to queue
[2023-01-25 23:05:53,498] {logging_mixin.py:115} INFO - [2023-01-25 23:05:53,497] {dagbag.py:508} INFO - Filling up the DagBag from /home/airflow/.local/lib/python3.7/site-packages/airflow/example_dags/example_latest_only.py
[2023-01-25 23:05:53,522] {processor.py:651} INFO - DAG(s) dict_keys(['latest_only']) retrieved from /home/airflow/.local/lib/python3.7/site-packages/airflow/example_dags/example_latest_only.py
[2023-01-25 23:05:53,620] {logging_mixin.py:115} INFO - [2023-01-25 23:05:53,620] {dag.py:2420} INFO - Sync 1 DAGs
[2023-01-25 23:05:53,724] {logging_mixin.py:115} INFO - [2023-01-25 23:05:53,724] {dag.py:2972} INFO - Setting next_dagrun for latest_only to 2023-01-25T19:05:53.722514+00:00, run_after=2023-01-25T23:05:53.722514+00:00
[2023-01-25 23:05:53,762] {processor.py:161} INFO - Processing /home/airflow/.local/lib/python3.7/site-packages/airflow/example_dags/example_latest_only.py took 0.284 seconds
[2023-01-25 23:15:33,547] {processor.py:153} INFO - Started process (PID=7060) to work on /home/airflow/.local/lib/python3.7/site-packages/airflow/example_dags/example_latest_only.py
[2023-01-25 23:15:33,553] {processor.py:641} INFO - Processing file /home/airflow/.local/lib/python3.7/site-packages/airflow/example_dags/example_latest_only.py for tasks to queue
[2023-01-25 23:15:33,556] {logging_mixin.py:115} INFO - [2023-01-25 23:15:33,556] {dagbag.py:508} INFO - Filling up the DagBag from /home/airflow/.local/lib/python3.7/site-packages/airflow/example_dags/example_latest_only.py
[2023-01-25 23:15:33,587] {processor.py:651} INFO - DAG(s) dict_keys(['latest_only']) retrieved from /home/airflow/.local/lib/python3.7/site-packages/airflow/example_dags/example_latest_only.py
[2023-01-25 23:15:33,749] {logging_mixin.py:115} INFO - [2023-01-25 23:15:33,749] {dag.py:2420} INFO - Sync 1 DAGs
[2023-01-25 23:15:33,928] {logging_mixin.py:115} INFO - [2023-01-25 23:15:33,927] {dag.py:2972} INFO - Setting next_dagrun for latest_only to 2023-01-25T19:15:33.925957+00:00, run_after=2023-01-25T23:15:33.925957+00:00
[2023-01-25 23:15:34,001] {processor.py:161} INFO - Processing /home/airflow/.local/lib/python3.7/site-packages/airflow/example_dags/example_latest_only.py took 0.463 seconds
[2023-01-25 23:16:06,178] {processor.py:153} INFO - Started process (PID=7173) to work on /home/airflow/.local/lib/python3.7/site-packages/airflow/example_dags/example_latest_only.py
[2023-01-25 23:16:06,180] {processor.py:641} INFO - Processing file /home/airflow/.local/lib/python3.7/site-packages/airflow/example_dags/example_latest_only.py for tasks to queue
[2023-01-25 23:16:06,183] {logging_mixin.py:115} INFO - [2023-01-25 23:16:06,182] {dagbag.py:508} INFO - Filling up the DagBag from /home/airflow/.local/lib/python3.7/site-packages/airflow/example_dags/example_latest_only.py
[2023-01-25 23:16:06,214] {processor.py:651} INFO - DAG(s) dict_keys(['latest_only']) retrieved from /home/airflow/.local/lib/python3.7/site-packages/airflow/example_dags/example_latest_only.py
[2023-01-25 23:16:06,326] {logging_mixin.py:115} INFO - [2023-01-25 23:16:06,326] {dag.py:2420} INFO - Sync 1 DAGs
[2023-01-25 23:16:06,463] {logging_mixin.py:115} INFO - [2023-01-25 23:16:06,462] {dag.py:2972} INFO - Setting next_dagrun for latest_only to 2023-01-25T19:16:06.460275+00:00, run_after=2023-01-25T23:16:06.460275+00:00
[2023-01-25 23:16:06,525] {processor.py:161} INFO - Processing /home/airflow/.local/lib/python3.7/site-packages/airflow/example_dags/example_latest_only.py took 0.373 seconds
[2023-01-25 23:30:26,335] {processor.py:153} INFO - Started process (PID=7271) to work on /home/airflow/.local/lib/python3.7/site-packages/airflow/example_dags/example_latest_only.py
[2023-01-25 23:30:26,340] {processor.py:641} INFO - Processing file /home/airflow/.local/lib/python3.7/site-packages/airflow/example_dags/example_latest_only.py for tasks to queue
[2023-01-25 23:30:26,344] {logging_mixin.py:115} INFO - [2023-01-25 23:30:26,343] {dagbag.py:508} INFO - Filling up the DagBag from /home/airflow/.local/lib/python3.7/site-packages/airflow/example_dags/example_latest_only.py
[2023-01-25 23:30:26,365] {processor.py:651} INFO - DAG(s) dict_keys(['latest_only']) retrieved from /home/airflow/.local/lib/python3.7/site-packages/airflow/example_dags/example_latest_only.py
[2023-01-25 23:30:26,461] {logging_mixin.py:115} INFO - [2023-01-25 23:30:26,461] {dag.py:2420} INFO - Sync 1 DAGs
[2023-01-25 23:30:26,595] {logging_mixin.py:115} INFO - [2023-01-25 23:30:26,595] {dag.py:2972} INFO - Setting next_dagrun for latest_only to 2023-01-25T19:30:26.593518+00:00, run_after=2023-01-25T23:30:26.593518+00:00
[2023-01-25 23:30:26,658] {processor.py:161} INFO - Processing /home/airflow/.local/lib/python3.7/site-packages/airflow/example_dags/example_latest_only.py took 0.335 seconds
[2023-01-25 23:30:58,030] {processor.py:153} INFO - Started process (PID=7385) to work on /home/airflow/.local/lib/python3.7/site-packages/airflow/example_dags/example_latest_only.py
[2023-01-25 23:30:58,031] {processor.py:641} INFO - Processing file /home/airflow/.local/lib/python3.7/site-packages/airflow/example_dags/example_latest_only.py for tasks to queue
[2023-01-25 23:30:58,033] {logging_mixin.py:115} INFO - [2023-01-25 23:30:58,033] {dagbag.py:508} INFO - Filling up the DagBag from /home/airflow/.local/lib/python3.7/site-packages/airflow/example_dags/example_latest_only.py
[2023-01-25 23:30:58,052] {processor.py:651} INFO - DAG(s) dict_keys(['latest_only']) retrieved from /home/airflow/.local/lib/python3.7/site-packages/airflow/example_dags/example_latest_only.py
[2023-01-25 23:30:58,131] {logging_mixin.py:115} INFO - [2023-01-25 23:30:58,131] {dag.py:2420} INFO - Sync 1 DAGs
[2023-01-25 23:30:58,221] {logging_mixin.py:115} INFO - [2023-01-25 23:30:58,220] {dag.py:2972} INFO - Setting next_dagrun for latest_only to 2023-01-25T19:30:58.219355+00:00, run_after=2023-01-25T23:30:58.219355+00:00
[2023-01-25 23:30:58,258] {processor.py:161} INFO - Processing /home/airflow/.local/lib/python3.7/site-packages/airflow/example_dags/example_latest_only.py took 0.236 seconds
[2023-01-25 23:35:49,755] {processor.py:153} INFO - Started process (PID=7499) to work on /home/airflow/.local/lib/python3.7/site-packages/airflow/example_dags/example_latest_only.py
[2023-01-25 23:35:49,758] {processor.py:641} INFO - Processing file /home/airflow/.local/lib/python3.7/site-packages/airflow/example_dags/example_latest_only.py for tasks to queue
[2023-01-25 23:35:49,760] {logging_mixin.py:115} INFO - [2023-01-25 23:35:49,760] {dagbag.py:508} INFO - Filling up the DagBag from /home/airflow/.local/lib/python3.7/site-packages/airflow/example_dags/example_latest_only.py
[2023-01-25 23:35:49,803] {processor.py:651} INFO - DAG(s) dict_keys(['latest_only']) retrieved from /home/airflow/.local/lib/python3.7/site-packages/airflow/example_dags/example_latest_only.py
[2023-01-25 23:35:49,942] {logging_mixin.py:115} INFO - [2023-01-25 23:35:49,941] {dag.py:2420} INFO - Sync 1 DAGs
[2023-01-25 23:35:50,087] {logging_mixin.py:115} INFO - [2023-01-25 23:35:50,087] {dag.py:2972} INFO - Setting next_dagrun for latest_only to 2023-01-25T19:35:50.085784+00:00, run_after=2023-01-25T23:35:50.085784+00:00
[2023-01-25 23:35:50,149] {processor.py:161} INFO - Processing /home/airflow/.local/lib/python3.7/site-packages/airflow/example_dags/example_latest_only.py took 0.415 seconds
[2023-01-25 23:46:01,383] {processor.py:153} INFO - Started process (PID=7597) to work on /home/airflow/.local/lib/python3.7/site-packages/airflow/example_dags/example_latest_only.py
[2023-01-25 23:46:01,385] {processor.py:641} INFO - Processing file /home/airflow/.local/lib/python3.7/site-packages/airflow/example_dags/example_latest_only.py for tasks to queue
[2023-01-25 23:46:01,388] {logging_mixin.py:115} INFO - [2023-01-25 23:46:01,387] {dagbag.py:508} INFO - Filling up the DagBag from /home/airflow/.local/lib/python3.7/site-packages/airflow/example_dags/example_latest_only.py
[2023-01-25 23:46:01,406] {processor.py:651} INFO - DAG(s) dict_keys(['latest_only']) retrieved from /home/airflow/.local/lib/python3.7/site-packages/airflow/example_dags/example_latest_only.py
[2023-01-25 23:46:01,483] {logging_mixin.py:115} INFO - [2023-01-25 23:46:01,483] {dag.py:2420} INFO - Sync 1 DAGs
[2023-01-25 23:46:01,591] {logging_mixin.py:115} INFO - [2023-01-25 23:46:01,591] {dag.py:2972} INFO - Setting next_dagrun for latest_only to 2023-01-25T19:46:01.589402+00:00, run_after=2023-01-25T23:46:01.589402+00:00
[2023-01-25 23:46:01,640] {processor.py:161} INFO - Processing /home/airflow/.local/lib/python3.7/site-packages/airflow/example_dags/example_latest_only.py took 0.266 seconds
[2023-01-25 23:46:33,302] {processor.py:153} INFO - Started process (PID=7711) to work on /home/airflow/.local/lib/python3.7/site-packages/airflow/example_dags/example_latest_only.py
[2023-01-25 23:46:33,304] {processor.py:641} INFO - Processing file /home/airflow/.local/lib/python3.7/site-packages/airflow/example_dags/example_latest_only.py for tasks to queue
[2023-01-25 23:46:33,306] {logging_mixin.py:115} INFO - [2023-01-25 23:46:33,306] {dagbag.py:508} INFO - Filling up the DagBag from /home/airflow/.local/lib/python3.7/site-packages/airflow/example_dags/example_latest_only.py
[2023-01-25 23:46:33,323] {processor.py:651} INFO - DAG(s) dict_keys(['latest_only']) retrieved from /home/airflow/.local/lib/python3.7/site-packages/airflow/example_dags/example_latest_only.py
[2023-01-25 23:46:33,403] {logging_mixin.py:115} INFO - [2023-01-25 23:46:33,402] {dag.py:2420} INFO - Sync 1 DAGs
[2023-01-25 23:46:33,499] {logging_mixin.py:115} INFO - [2023-01-25 23:46:33,499] {dag.py:2972} INFO - Setting next_dagrun for latest_only to 2023-01-25T19:46:33.497993+00:00, run_after=2023-01-25T23:46:33.497993+00:00
[2023-01-25 23:46:33,536] {processor.py:161} INFO - Processing /home/airflow/.local/lib/python3.7/site-packages/airflow/example_dags/example_latest_only.py took 0.243 seconds
[2023-01-25 23:59:29,788] {processor.py:153} INFO - Started process (PID=7825) to work on /home/airflow/.local/lib/python3.7/site-packages/airflow/example_dags/example_latest_only.py
[2023-01-25 23:59:29,790] {processor.py:641} INFO - Processing file /home/airflow/.local/lib/python3.7/site-packages/airflow/example_dags/example_latest_only.py for tasks to queue
[2023-01-25 23:59:29,793] {logging_mixin.py:115} INFO - [2023-01-25 23:59:29,792] {dagbag.py:508} INFO - Filling up the DagBag from /home/airflow/.local/lib/python3.7/site-packages/airflow/example_dags/example_latest_only.py
[2023-01-25 23:59:29,810] {processor.py:651} INFO - DAG(s) dict_keys(['latest_only']) retrieved from /home/airflow/.local/lib/python3.7/site-packages/airflow/example_dags/example_latest_only.py
[2023-01-25 23:59:29,885] {logging_mixin.py:115} INFO - [2023-01-25 23:59:29,885] {dag.py:2420} INFO - Sync 1 DAGs
[2023-01-25 23:59:29,988] {logging_mixin.py:115} INFO - [2023-01-25 23:59:29,988] {dag.py:2972} INFO - Setting next_dagrun for latest_only to 2023-01-25T19:59:29.986483+00:00, run_after=2023-01-25T23:59:29.986483+00:00
[2023-01-25 23:59:30,032] {processor.py:161} INFO - Processing /home/airflow/.local/lib/python3.7/site-packages/airflow/example_dags/example_latest_only.py took 0.251 seconds
