[2023-01-25 22:25:17,615] {processor.py:153} INFO - Started process (PID=180) to work on /home/airflow/.local/lib/python3.7/site-packages/airflow/example_dags/example_bash_operator.py
[2023-01-25 22:25:17,623] {processor.py:641} INFO - Processing file /home/airflow/.local/lib/python3.7/site-packages/airflow/example_dags/example_bash_operator.py for tasks to queue
[2023-01-25 22:25:17,627] {logging_mixin.py:115} INFO - [2023-01-25 22:25:17,627] {dagbag.py:508} INFO - Filling up the DagBag from /home/airflow/.local/lib/python3.7/site-packages/airflow/example_dags/example_bash_operator.py
[2023-01-25 22:25:17,789] {processor.py:651} INFO - DAG(s) dict_keys(['example_bash_operator']) retrieved from /home/airflow/.local/lib/python3.7/site-packages/airflow/example_dags/example_bash_operator.py
[2023-01-25 22:25:18,155] {logging_mixin.py:115} INFO - [2023-01-25 22:25:18,154] {dag.py:2420} INFO - Sync 1 DAGs
[2023-01-25 22:25:18,348] {logging_mixin.py:115} INFO - [2023-01-25 22:25:18,348] {dag.py:2972} INFO - Setting next_dagrun for example_bash_operator to 2023-01-24T00:00:00+00:00, run_after=2023-01-25T00:00:00+00:00
[2023-01-25 22:25:18,423] {processor.py:161} INFO - Processing /home/airflow/.local/lib/python3.7/site-packages/airflow/example_dags/example_bash_operator.py took 0.832 seconds
[2023-01-25 22:25:48,725] {processor.py:153} INFO - Started process (PID=294) to work on /home/airflow/.local/lib/python3.7/site-packages/airflow/example_dags/example_bash_operator.py
[2023-01-25 22:25:48,727] {processor.py:641} INFO - Processing file /home/airflow/.local/lib/python3.7/site-packages/airflow/example_dags/example_bash_operator.py for tasks to queue
[2023-01-25 22:25:48,730] {logging_mixin.py:115} INFO - [2023-01-25 22:25:48,730] {dagbag.py:508} INFO - Filling up the DagBag from /home/airflow/.local/lib/python3.7/site-packages/airflow/example_dags/example_bash_operator.py
[2023-01-25 22:25:48,801] {processor.py:651} INFO - DAG(s) dict_keys(['example_bash_operator']) retrieved from /home/airflow/.local/lib/python3.7/site-packages/airflow/example_dags/example_bash_operator.py
[2023-01-25 22:25:49,079] {logging_mixin.py:115} INFO - [2023-01-25 22:25:49,079] {dag.py:2420} INFO - Sync 1 DAGs
[2023-01-25 22:25:49,184] {logging_mixin.py:115} INFO - [2023-01-25 22:25:49,183] {dag.py:2972} INFO - Setting next_dagrun for example_bash_operator to 2023-01-24T00:00:00+00:00, run_after=2023-01-25T00:00:00+00:00
[2023-01-25 22:25:49,226] {processor.py:161} INFO - Processing /home/airflow/.local/lib/python3.7/site-packages/airflow/example_dags/example_bash_operator.py took 0.513 seconds
[2023-01-25 22:26:22,045] {processor.py:153} INFO - Started process (PID=408) to work on /home/airflow/.local/lib/python3.7/site-packages/airflow/example_dags/example_bash_operator.py
[2023-01-25 22:26:22,047] {processor.py:641} INFO - Processing file /home/airflow/.local/lib/python3.7/site-packages/airflow/example_dags/example_bash_operator.py for tasks to queue
[2023-01-25 22:26:22,049] {logging_mixin.py:115} INFO - [2023-01-25 22:26:22,048] {dagbag.py:508} INFO - Filling up the DagBag from /home/airflow/.local/lib/python3.7/site-packages/airflow/example_dags/example_bash_operator.py
[2023-01-25 22:26:22,098] {processor.py:651} INFO - DAG(s) dict_keys(['example_bash_operator']) retrieved from /home/airflow/.local/lib/python3.7/site-packages/airflow/example_dags/example_bash_operator.py
[2023-01-25 22:26:22,356] {logging_mixin.py:115} INFO - [2023-01-25 22:26:22,356] {dag.py:2420} INFO - Sync 1 DAGs
[2023-01-25 22:26:22,466] {logging_mixin.py:115} INFO - [2023-01-25 22:26:22,465] {dag.py:2972} INFO - Setting next_dagrun for example_bash_operator to 2023-01-24T00:00:00+00:00, run_after=2023-01-25T00:00:00+00:00
[2023-01-25 22:26:22,501] {processor.py:161} INFO - Processing /home/airflow/.local/lib/python3.7/site-packages/airflow/example_dags/example_bash_operator.py took 0.464 seconds
[2023-01-25 22:26:54,938] {processor.py:153} INFO - Started process (PID=522) to work on /home/airflow/.local/lib/python3.7/site-packages/airflow/example_dags/example_bash_operator.py
[2023-01-25 22:26:54,940] {processor.py:641} INFO - Processing file /home/airflow/.local/lib/python3.7/site-packages/airflow/example_dags/example_bash_operator.py for tasks to queue
[2023-01-25 22:26:54,942] {logging_mixin.py:115} INFO - [2023-01-25 22:26:54,942] {dagbag.py:508} INFO - Filling up the DagBag from /home/airflow/.local/lib/python3.7/site-packages/airflow/example_dags/example_bash_operator.py
[2023-01-25 22:26:54,994] {processor.py:651} INFO - DAG(s) dict_keys(['example_bash_operator']) retrieved from /home/airflow/.local/lib/python3.7/site-packages/airflow/example_dags/example_bash_operator.py
[2023-01-25 22:26:55,225] {logging_mixin.py:115} INFO - [2023-01-25 22:26:55,225] {dag.py:2420} INFO - Sync 1 DAGs
[2023-01-25 22:26:55,326] {logging_mixin.py:115} INFO - [2023-01-25 22:26:55,325] {dag.py:2972} INFO - Setting next_dagrun for example_bash_operator to 2023-01-24T00:00:00+00:00, run_after=2023-01-25T00:00:00+00:00
[2023-01-25 22:26:55,362] {processor.py:161} INFO - Processing /home/airflow/.local/lib/python3.7/site-packages/airflow/example_dags/example_bash_operator.py took 0.431 seconds
[2023-01-25 22:27:27,479] {processor.py:153} INFO - Started process (PID=636) to work on /home/airflow/.local/lib/python3.7/site-packages/airflow/example_dags/example_bash_operator.py
[2023-01-25 22:27:27,480] {processor.py:641} INFO - Processing file /home/airflow/.local/lib/python3.7/site-packages/airflow/example_dags/example_bash_operator.py for tasks to queue
[2023-01-25 22:27:27,482] {logging_mixin.py:115} INFO - [2023-01-25 22:27:27,482] {dagbag.py:508} INFO - Filling up the DagBag from /home/airflow/.local/lib/python3.7/site-packages/airflow/example_dags/example_bash_operator.py
[2023-01-25 22:27:27,531] {processor.py:651} INFO - DAG(s) dict_keys(['example_bash_operator']) retrieved from /home/airflow/.local/lib/python3.7/site-packages/airflow/example_dags/example_bash_operator.py
[2023-01-25 22:27:27,761] {logging_mixin.py:115} INFO - [2023-01-25 22:27:27,760] {dag.py:2420} INFO - Sync 1 DAGs
[2023-01-25 22:27:27,854] {logging_mixin.py:115} INFO - [2023-01-25 22:27:27,853] {dag.py:2972} INFO - Setting next_dagrun for example_bash_operator to 2023-01-24T00:00:00+00:00, run_after=2023-01-25T00:00:00+00:00
[2023-01-25 22:27:27,887] {processor.py:161} INFO - Processing /home/airflow/.local/lib/python3.7/site-packages/airflow/example_dags/example_bash_operator.py took 0.415 seconds
[2023-01-25 22:27:59,311] {processor.py:153} INFO - Started process (PID=748) to work on /home/airflow/.local/lib/python3.7/site-packages/airflow/example_dags/example_bash_operator.py
[2023-01-25 22:27:59,313] {processor.py:641} INFO - Processing file /home/airflow/.local/lib/python3.7/site-packages/airflow/example_dags/example_bash_operator.py for tasks to queue
[2023-01-25 22:27:59,315] {logging_mixin.py:115} INFO - [2023-01-25 22:27:59,315] {dagbag.py:508} INFO - Filling up the DagBag from /home/airflow/.local/lib/python3.7/site-packages/airflow/example_dags/example_bash_operator.py
[2023-01-25 22:27:59,367] {processor.py:651} INFO - DAG(s) dict_keys(['example_bash_operator']) retrieved from /home/airflow/.local/lib/python3.7/site-packages/airflow/example_dags/example_bash_operator.py
[2023-01-25 22:27:59,605] {logging_mixin.py:115} INFO - [2023-01-25 22:27:59,604] {dag.py:2420} INFO - Sync 1 DAGs
[2023-01-25 22:27:59,726] {logging_mixin.py:115} INFO - [2023-01-25 22:27:59,726] {dag.py:2972} INFO - Setting next_dagrun for example_bash_operator to 2023-01-24T00:00:00+00:00, run_after=2023-01-25T00:00:00+00:00
[2023-01-25 22:27:59,769] {processor.py:161} INFO - Processing /home/airflow/.local/lib/python3.7/site-packages/airflow/example_dags/example_bash_operator.py took 0.466 seconds
[2023-01-25 22:28:34,049] {processor.py:153} INFO - Started process (PID=874) to work on /home/airflow/.local/lib/python3.7/site-packages/airflow/example_dags/example_bash_operator.py
[2023-01-25 22:28:34,051] {processor.py:641} INFO - Processing file /home/airflow/.local/lib/python3.7/site-packages/airflow/example_dags/example_bash_operator.py for tasks to queue
[2023-01-25 22:28:34,054] {logging_mixin.py:115} INFO - [2023-01-25 22:28:34,054] {dagbag.py:508} INFO - Filling up the DagBag from /home/airflow/.local/lib/python3.7/site-packages/airflow/example_dags/example_bash_operator.py
[2023-01-25 22:28:34,112] {processor.py:651} INFO - DAG(s) dict_keys(['example_bash_operator']) retrieved from /home/airflow/.local/lib/python3.7/site-packages/airflow/example_dags/example_bash_operator.py
[2023-01-25 22:28:34,362] {logging_mixin.py:115} INFO - [2023-01-25 22:28:34,362] {dag.py:2420} INFO - Sync 1 DAGs
[2023-01-25 22:28:34,483] {logging_mixin.py:115} INFO - [2023-01-25 22:28:34,482] {dag.py:2972} INFO - Setting next_dagrun for example_bash_operator to 2023-01-24T00:00:00+00:00, run_after=2023-01-25T00:00:00+00:00
[2023-01-25 22:28:34,537] {processor.py:161} INFO - Processing /home/airflow/.local/lib/python3.7/site-packages/airflow/example_dags/example_bash_operator.py took 0.497 seconds
[2023-01-25 22:29:06,184] {processor.py:153} INFO - Started process (PID=976) to work on /home/airflow/.local/lib/python3.7/site-packages/airflow/example_dags/example_bash_operator.py
[2023-01-25 22:29:06,186] {processor.py:641} INFO - Processing file /home/airflow/.local/lib/python3.7/site-packages/airflow/example_dags/example_bash_operator.py for tasks to queue
[2023-01-25 22:29:06,188] {logging_mixin.py:115} INFO - [2023-01-25 22:29:06,188] {dagbag.py:508} INFO - Filling up the DagBag from /home/airflow/.local/lib/python3.7/site-packages/airflow/example_dags/example_bash_operator.py
[2023-01-25 22:29:06,255] {processor.py:651} INFO - DAG(s) dict_keys(['example_bash_operator']) retrieved from /home/airflow/.local/lib/python3.7/site-packages/airflow/example_dags/example_bash_operator.py
[2023-01-25 22:29:06,519] {logging_mixin.py:115} INFO - [2023-01-25 22:29:06,519] {dag.py:2420} INFO - Sync 1 DAGs
[2023-01-25 22:29:06,630] {logging_mixin.py:115} INFO - [2023-01-25 22:29:06,630] {dag.py:2972} INFO - Setting next_dagrun for example_bash_operator to 2023-01-24T00:00:00+00:00, run_after=2023-01-25T00:00:00+00:00
[2023-01-25 22:29:06,667] {processor.py:161} INFO - Processing /home/airflow/.local/lib/python3.7/site-packages/airflow/example_dags/example_bash_operator.py took 0.493 seconds
[2023-01-25 22:29:38,319] {processor.py:153} INFO - Started process (PID=1090) to work on /home/airflow/.local/lib/python3.7/site-packages/airflow/example_dags/example_bash_operator.py
[2023-01-25 22:29:38,321] {processor.py:641} INFO - Processing file /home/airflow/.local/lib/python3.7/site-packages/airflow/example_dags/example_bash_operator.py for tasks to queue
[2023-01-25 22:29:38,323] {logging_mixin.py:115} INFO - [2023-01-25 22:29:38,323] {dagbag.py:508} INFO - Filling up the DagBag from /home/airflow/.local/lib/python3.7/site-packages/airflow/example_dags/example_bash_operator.py
[2023-01-25 22:29:38,374] {processor.py:651} INFO - DAG(s) dict_keys(['example_bash_operator']) retrieved from /home/airflow/.local/lib/python3.7/site-packages/airflow/example_dags/example_bash_operator.py
[2023-01-25 22:29:38,625] {logging_mixin.py:115} INFO - [2023-01-25 22:29:38,624] {dag.py:2420} INFO - Sync 1 DAGs
[2023-01-25 22:29:38,729] {logging_mixin.py:115} INFO - [2023-01-25 22:29:38,729] {dag.py:2972} INFO - Setting next_dagrun for example_bash_operator to 2023-01-24T00:00:00+00:00, run_after=2023-01-25T00:00:00+00:00
[2023-01-25 22:29:38,767] {processor.py:161} INFO - Processing /home/airflow/.local/lib/python3.7/site-packages/airflow/example_dags/example_bash_operator.py took 0.457 seconds
[2023-01-25 22:30:10,860] {processor.py:153} INFO - Started process (PID=1212) to work on /home/airflow/.local/lib/python3.7/site-packages/airflow/example_dags/example_bash_operator.py
[2023-01-25 22:30:10,863] {processor.py:641} INFO - Processing file /home/airflow/.local/lib/python3.7/site-packages/airflow/example_dags/example_bash_operator.py for tasks to queue
[2023-01-25 22:30:10,865] {logging_mixin.py:115} INFO - [2023-01-25 22:30:10,865] {dagbag.py:508} INFO - Filling up the DagBag from /home/airflow/.local/lib/python3.7/site-packages/airflow/example_dags/example_bash_operator.py
[2023-01-25 22:30:11,092] {processor.py:651} INFO - DAG(s) dict_keys(['example_bash_operator']) retrieved from /home/airflow/.local/lib/python3.7/site-packages/airflow/example_dags/example_bash_operator.py
[2023-01-25 22:30:11,172] {logging_mixin.py:115} INFO - [2023-01-25 22:30:11,172] {dag.py:2420} INFO - Sync 1 DAGs
[2023-01-25 22:30:11,280] {logging_mixin.py:115} INFO - [2023-01-25 22:30:11,279] {dag.py:2972} INFO - Setting next_dagrun for example_bash_operator to 2023-01-24T00:00:00+00:00, run_after=2023-01-25T00:00:00+00:00
[2023-01-25 22:30:11,320] {processor.py:161} INFO - Processing /home/airflow/.local/lib/python3.7/site-packages/airflow/example_dags/example_bash_operator.py took 0.470 seconds
[2023-01-25 22:30:43,323] {processor.py:153} INFO - Started process (PID=1331) to work on /home/airflow/.local/lib/python3.7/site-packages/airflow/example_dags/example_bash_operator.py
[2023-01-25 22:30:43,326] {processor.py:641} INFO - Processing file /home/airflow/.local/lib/python3.7/site-packages/airflow/example_dags/example_bash_operator.py for tasks to queue
[2023-01-25 22:30:43,328] {logging_mixin.py:115} INFO - [2023-01-25 22:30:43,328] {dagbag.py:508} INFO - Filling up the DagBag from /home/airflow/.local/lib/python3.7/site-packages/airflow/example_dags/example_bash_operator.py
[2023-01-25 22:30:43,589] {processor.py:651} INFO - DAG(s) dict_keys(['example_bash_operator']) retrieved from /home/airflow/.local/lib/python3.7/site-packages/airflow/example_dags/example_bash_operator.py
[2023-01-25 22:30:43,675] {logging_mixin.py:115} INFO - [2023-01-25 22:30:43,675] {dag.py:2420} INFO - Sync 1 DAGs
[2023-01-25 22:30:43,796] {logging_mixin.py:115} INFO - [2023-01-25 22:30:43,796] {dag.py:2972} INFO - Setting next_dagrun for example_bash_operator to 2023-01-24T00:00:00+00:00, run_after=2023-01-25T00:00:00+00:00
[2023-01-25 22:30:43,838] {processor.py:161} INFO - Processing /home/airflow/.local/lib/python3.7/site-packages/airflow/example_dags/example_bash_operator.py took 0.522 seconds
[2023-01-25 22:31:14,885] {processor.py:153} INFO - Started process (PID=1438) to work on /home/airflow/.local/lib/python3.7/site-packages/airflow/example_dags/example_bash_operator.py
[2023-01-25 22:31:14,887] {processor.py:641} INFO - Processing file /home/airflow/.local/lib/python3.7/site-packages/airflow/example_dags/example_bash_operator.py for tasks to queue
[2023-01-25 22:31:14,889] {logging_mixin.py:115} INFO - [2023-01-25 22:31:14,889] {dagbag.py:508} INFO - Filling up the DagBag from /home/airflow/.local/lib/python3.7/site-packages/airflow/example_dags/example_bash_operator.py
[2023-01-25 22:31:15,170] {processor.py:651} INFO - DAG(s) dict_keys(['example_bash_operator']) retrieved from /home/airflow/.local/lib/python3.7/site-packages/airflow/example_dags/example_bash_operator.py
[2023-01-25 22:31:15,270] {logging_mixin.py:115} INFO - [2023-01-25 22:31:15,269] {dag.py:2420} INFO - Sync 1 DAGs
[2023-01-25 22:31:15,396] {logging_mixin.py:115} INFO - [2023-01-25 22:31:15,395] {dag.py:2972} INFO - Setting next_dagrun for example_bash_operator to 2023-01-24T00:00:00+00:00, run_after=2023-01-25T00:00:00+00:00
[2023-01-25 22:31:15,476] {processor.py:161} INFO - Processing /home/airflow/.local/lib/python3.7/site-packages/airflow/example_dags/example_bash_operator.py took 0.600 seconds
[2023-01-25 22:31:47,038] {processor.py:153} INFO - Started process (PID=1557) to work on /home/airflow/.local/lib/python3.7/site-packages/airflow/example_dags/example_bash_operator.py
[2023-01-25 22:31:47,049] {processor.py:641} INFO - Processing file /home/airflow/.local/lib/python3.7/site-packages/airflow/example_dags/example_bash_operator.py for tasks to queue
[2023-01-25 22:31:47,052] {logging_mixin.py:115} INFO - [2023-01-25 22:31:47,051] {dagbag.py:508} INFO - Filling up the DagBag from /home/airflow/.local/lib/python3.7/site-packages/airflow/example_dags/example_bash_operator.py
[2023-01-25 22:31:47,599] {processor.py:651} INFO - DAG(s) dict_keys(['example_bash_operator']) retrieved from /home/airflow/.local/lib/python3.7/site-packages/airflow/example_dags/example_bash_operator.py
[2023-01-25 22:31:47,690] {logging_mixin.py:115} INFO - [2023-01-25 22:31:47,690] {dag.py:2420} INFO - Sync 1 DAGs
[2023-01-25 22:31:47,811] {logging_mixin.py:115} INFO - [2023-01-25 22:31:47,810] {dag.py:2972} INFO - Setting next_dagrun for example_bash_operator to 2023-01-24T00:00:00+00:00, run_after=2023-01-25T00:00:00+00:00
[2023-01-25 22:31:47,853] {processor.py:161} INFO - Processing /home/airflow/.local/lib/python3.7/site-packages/airflow/example_dags/example_bash_operator.py took 0.842 seconds
[2023-01-25 22:32:18,821] {processor.py:153} INFO - Started process (PID=1671) to work on /home/airflow/.local/lib/python3.7/site-packages/airflow/example_dags/example_bash_operator.py
[2023-01-25 22:32:18,823] {processor.py:641} INFO - Processing file /home/airflow/.local/lib/python3.7/site-packages/airflow/example_dags/example_bash_operator.py for tasks to queue
[2023-01-25 22:32:18,826] {logging_mixin.py:115} INFO - [2023-01-25 22:32:18,825] {dagbag.py:508} INFO - Filling up the DagBag from /home/airflow/.local/lib/python3.7/site-packages/airflow/example_dags/example_bash_operator.py
[2023-01-25 22:32:19,041] {processor.py:651} INFO - DAG(s) dict_keys(['example_bash_operator']) retrieved from /home/airflow/.local/lib/python3.7/site-packages/airflow/example_dags/example_bash_operator.py
[2023-01-25 22:32:19,130] {logging_mixin.py:115} INFO - [2023-01-25 22:32:19,129] {dag.py:2420} INFO - Sync 1 DAGs
[2023-01-25 22:32:19,265] {logging_mixin.py:115} INFO - [2023-01-25 22:32:19,264] {dag.py:2972} INFO - Setting next_dagrun for example_bash_operator to 2023-01-24T00:00:00+00:00, run_after=2023-01-25T00:00:00+00:00
[2023-01-25 22:32:19,319] {processor.py:161} INFO - Processing /home/airflow/.local/lib/python3.7/site-packages/airflow/example_dags/example_bash_operator.py took 0.507 seconds
[2023-01-25 22:32:50,484] {processor.py:153} INFO - Started process (PID=1785) to work on /home/airflow/.local/lib/python3.7/site-packages/airflow/example_dags/example_bash_operator.py
[2023-01-25 22:32:50,486] {processor.py:641} INFO - Processing file /home/airflow/.local/lib/python3.7/site-packages/airflow/example_dags/example_bash_operator.py for tasks to queue
[2023-01-25 22:32:50,488] {logging_mixin.py:115} INFO - [2023-01-25 22:32:50,488] {dagbag.py:508} INFO - Filling up the DagBag from /home/airflow/.local/lib/python3.7/site-packages/airflow/example_dags/example_bash_operator.py
[2023-01-25 22:32:50,712] {processor.py:651} INFO - DAG(s) dict_keys(['example_bash_operator']) retrieved from /home/airflow/.local/lib/python3.7/site-packages/airflow/example_dags/example_bash_operator.py
[2023-01-25 22:32:50,822] {logging_mixin.py:115} INFO - [2023-01-25 22:32:50,822] {dag.py:2420} INFO - Sync 1 DAGs
[2023-01-25 22:32:50,939] {logging_mixin.py:115} INFO - [2023-01-25 22:32:50,937] {dag.py:2972} INFO - Setting next_dagrun for example_bash_operator to 2023-01-24T00:00:00+00:00, run_after=2023-01-25T00:00:00+00:00
[2023-01-25 22:32:50,981] {processor.py:161} INFO - Processing /home/airflow/.local/lib/python3.7/site-packages/airflow/example_dags/example_bash_operator.py took 0.506 seconds
[2023-01-25 22:33:22,076] {processor.py:153} INFO - Started process (PID=1898) to work on /home/airflow/.local/lib/python3.7/site-packages/airflow/example_dags/example_bash_operator.py
[2023-01-25 22:33:22,078] {processor.py:641} INFO - Processing file /home/airflow/.local/lib/python3.7/site-packages/airflow/example_dags/example_bash_operator.py for tasks to queue
[2023-01-25 22:33:22,083] {logging_mixin.py:115} INFO - [2023-01-25 22:33:22,082] {dagbag.py:508} INFO - Filling up the DagBag from /home/airflow/.local/lib/python3.7/site-packages/airflow/example_dags/example_bash_operator.py
[2023-01-25 22:33:22,448] {processor.py:651} INFO - DAG(s) dict_keys(['example_bash_operator']) retrieved from /home/airflow/.local/lib/python3.7/site-packages/airflow/example_dags/example_bash_operator.py
[2023-01-25 22:33:22,557] {logging_mixin.py:115} INFO - [2023-01-25 22:33:22,556] {dag.py:2420} INFO - Sync 1 DAGs
[2023-01-25 22:33:22,681] {logging_mixin.py:115} INFO - [2023-01-25 22:33:22,680] {dag.py:2972} INFO - Setting next_dagrun for example_bash_operator to 2023-01-24T00:00:00+00:00, run_after=2023-01-25T00:00:00+00:00
[2023-01-25 22:33:22,723] {processor.py:161} INFO - Processing /home/airflow/.local/lib/python3.7/site-packages/airflow/example_dags/example_bash_operator.py took 0.663 seconds
[2023-01-25 22:33:52,779] {processor.py:153} INFO - Started process (PID=1994) to work on /home/airflow/.local/lib/python3.7/site-packages/airflow/example_dags/example_bash_operator.py
[2023-01-25 22:33:52,781] {processor.py:641} INFO - Processing file /home/airflow/.local/lib/python3.7/site-packages/airflow/example_dags/example_bash_operator.py for tasks to queue
[2023-01-25 22:33:52,784] {logging_mixin.py:115} INFO - [2023-01-25 22:33:52,783] {dagbag.py:508} INFO - Filling up the DagBag from /home/airflow/.local/lib/python3.7/site-packages/airflow/example_dags/example_bash_operator.py
[2023-01-25 22:33:53,024] {processor.py:651} INFO - DAG(s) dict_keys(['example_bash_operator']) retrieved from /home/airflow/.local/lib/python3.7/site-packages/airflow/example_dags/example_bash_operator.py
[2023-01-25 22:33:53,105] {logging_mixin.py:115} INFO - [2023-01-25 22:33:53,104] {dag.py:2420} INFO - Sync 1 DAGs
[2023-01-25 22:33:53,210] {logging_mixin.py:115} INFO - [2023-01-25 22:33:53,210] {dag.py:2972} INFO - Setting next_dagrun for example_bash_operator to 2023-01-24T00:00:00+00:00, run_after=2023-01-25T00:00:00+00:00
[2023-01-25 22:33:53,246] {processor.py:161} INFO - Processing /home/airflow/.local/lib/python3.7/site-packages/airflow/example_dags/example_bash_operator.py took 0.476 seconds
[2023-01-25 22:34:23,555] {processor.py:153} INFO - Started process (PID=2110) to work on /home/airflow/.local/lib/python3.7/site-packages/airflow/example_dags/example_bash_operator.py
[2023-01-25 22:34:23,557] {processor.py:641} INFO - Processing file /home/airflow/.local/lib/python3.7/site-packages/airflow/example_dags/example_bash_operator.py for tasks to queue
[2023-01-25 22:34:23,560] {logging_mixin.py:115} INFO - [2023-01-25 22:34:23,560] {dagbag.py:508} INFO - Filling up the DagBag from /home/airflow/.local/lib/python3.7/site-packages/airflow/example_dags/example_bash_operator.py
[2023-01-25 22:34:23,802] {processor.py:651} INFO - DAG(s) dict_keys(['example_bash_operator']) retrieved from /home/airflow/.local/lib/python3.7/site-packages/airflow/example_dags/example_bash_operator.py
[2023-01-25 22:34:23,903] {logging_mixin.py:115} INFO - [2023-01-25 22:34:23,902] {dag.py:2420} INFO - Sync 1 DAGs
[2023-01-25 22:34:24,020] {logging_mixin.py:115} INFO - [2023-01-25 22:34:24,019] {dag.py:2972} INFO - Setting next_dagrun for example_bash_operator to 2023-01-24T00:00:00+00:00, run_after=2023-01-25T00:00:00+00:00
[2023-01-25 22:34:24,056] {processor.py:161} INFO - Processing /home/airflow/.local/lib/python3.7/site-packages/airflow/example_dags/example_bash_operator.py took 0.511 seconds
[2023-01-25 22:34:54,365] {processor.py:153} INFO - Started process (PID=2224) to work on /home/airflow/.local/lib/python3.7/site-packages/airflow/example_dags/example_bash_operator.py
[2023-01-25 22:34:54,367] {processor.py:641} INFO - Processing file /home/airflow/.local/lib/python3.7/site-packages/airflow/example_dags/example_bash_operator.py for tasks to queue
[2023-01-25 22:34:54,369] {logging_mixin.py:115} INFO - [2023-01-25 22:34:54,368] {dagbag.py:508} INFO - Filling up the DagBag from /home/airflow/.local/lib/python3.7/site-packages/airflow/example_dags/example_bash_operator.py
[2023-01-25 22:34:54,625] {processor.py:651} INFO - DAG(s) dict_keys(['example_bash_operator']) retrieved from /home/airflow/.local/lib/python3.7/site-packages/airflow/example_dags/example_bash_operator.py
[2023-01-25 22:34:54,708] {logging_mixin.py:115} INFO - [2023-01-25 22:34:54,708] {dag.py:2420} INFO - Sync 1 DAGs
[2023-01-25 22:34:54,824] {logging_mixin.py:115} INFO - [2023-01-25 22:34:54,824] {dag.py:2972} INFO - Setting next_dagrun for example_bash_operator to 2023-01-24T00:00:00+00:00, run_after=2023-01-25T00:00:00+00:00
[2023-01-25 22:34:54,861] {processor.py:161} INFO - Processing /home/airflow/.local/lib/python3.7/site-packages/airflow/example_dags/example_bash_operator.py took 0.504 seconds
[2023-01-25 22:35:25,234] {processor.py:153} INFO - Started process (PID=2338) to work on /home/airflow/.local/lib/python3.7/site-packages/airflow/example_dags/example_bash_operator.py
[2023-01-25 22:35:25,236] {processor.py:641} INFO - Processing file /home/airflow/.local/lib/python3.7/site-packages/airflow/example_dags/example_bash_operator.py for tasks to queue
[2023-01-25 22:35:25,239] {logging_mixin.py:115} INFO - [2023-01-25 22:35:25,239] {dagbag.py:508} INFO - Filling up the DagBag from /home/airflow/.local/lib/python3.7/site-packages/airflow/example_dags/example_bash_operator.py
[2023-01-25 22:35:25,284] {processor.py:651} INFO - DAG(s) dict_keys(['example_bash_operator']) retrieved from /home/airflow/.local/lib/python3.7/site-packages/airflow/example_dags/example_bash_operator.py
[2023-01-25 22:35:25,364] {logging_mixin.py:115} INFO - [2023-01-25 22:35:25,364] {dag.py:2420} INFO - Sync 1 DAGs
[2023-01-25 22:35:25,462] {logging_mixin.py:115} INFO - [2023-01-25 22:35:25,462] {dag.py:2972} INFO - Setting next_dagrun for example_bash_operator to 2023-01-24T00:00:00+00:00, run_after=2023-01-25T00:00:00+00:00
[2023-01-25 22:35:25,496] {processor.py:161} INFO - Processing /home/airflow/.local/lib/python3.7/site-packages/airflow/example_dags/example_bash_operator.py took 0.270 seconds
[2023-01-25 22:35:56,402] {processor.py:153} INFO - Started process (PID=2451) to work on /home/airflow/.local/lib/python3.7/site-packages/airflow/example_dags/example_bash_operator.py
[2023-01-25 22:35:56,404] {processor.py:641} INFO - Processing file /home/airflow/.local/lib/python3.7/site-packages/airflow/example_dags/example_bash_operator.py for tasks to queue
[2023-01-25 22:35:56,406] {logging_mixin.py:115} INFO - [2023-01-25 22:35:56,406] {dagbag.py:508} INFO - Filling up the DagBag from /home/airflow/.local/lib/python3.7/site-packages/airflow/example_dags/example_bash_operator.py
[2023-01-25 22:35:56,453] {processor.py:651} INFO - DAG(s) dict_keys(['example_bash_operator']) retrieved from /home/airflow/.local/lib/python3.7/site-packages/airflow/example_dags/example_bash_operator.py
[2023-01-25 22:35:56,547] {logging_mixin.py:115} INFO - [2023-01-25 22:35:56,546] {dag.py:2420} INFO - Sync 1 DAGs
[2023-01-25 22:35:56,655] {logging_mixin.py:115} INFO - [2023-01-25 22:35:56,654] {dag.py:2972} INFO - Setting next_dagrun for example_bash_operator to 2023-01-24T00:00:00+00:00, run_after=2023-01-25T00:00:00+00:00
[2023-01-25 22:35:56,693] {processor.py:161} INFO - Processing /home/airflow/.local/lib/python3.7/site-packages/airflow/example_dags/example_bash_operator.py took 0.300 seconds
[2023-01-25 22:36:27,017] {processor.py:153} INFO - Started process (PID=2562) to work on /home/airflow/.local/lib/python3.7/site-packages/airflow/example_dags/example_bash_operator.py
[2023-01-25 22:36:27,019] {processor.py:641} INFO - Processing file /home/airflow/.local/lib/python3.7/site-packages/airflow/example_dags/example_bash_operator.py for tasks to queue
[2023-01-25 22:36:27,022] {logging_mixin.py:115} INFO - [2023-01-25 22:36:27,021] {dagbag.py:508} INFO - Filling up the DagBag from /home/airflow/.local/lib/python3.7/site-packages/airflow/example_dags/example_bash_operator.py
[2023-01-25 22:36:27,068] {processor.py:651} INFO - DAG(s) dict_keys(['example_bash_operator']) retrieved from /home/airflow/.local/lib/python3.7/site-packages/airflow/example_dags/example_bash_operator.py
[2023-01-25 22:36:27,151] {logging_mixin.py:115} INFO - [2023-01-25 22:36:27,151] {dag.py:2420} INFO - Sync 1 DAGs
[2023-01-25 22:36:27,261] {logging_mixin.py:115} INFO - [2023-01-25 22:36:27,260] {dag.py:2972} INFO - Setting next_dagrun for example_bash_operator to 2023-01-24T00:00:00+00:00, run_after=2023-01-25T00:00:00+00:00
[2023-01-25 22:36:27,295] {processor.py:161} INFO - Processing /home/airflow/.local/lib/python3.7/site-packages/airflow/example_dags/example_bash_operator.py took 0.287 seconds
[2023-01-25 22:36:57,358] {processor.py:153} INFO - Started process (PID=2676) to work on /home/airflow/.local/lib/python3.7/site-packages/airflow/example_dags/example_bash_operator.py
[2023-01-25 22:36:57,360] {processor.py:641} INFO - Processing file /home/airflow/.local/lib/python3.7/site-packages/airflow/example_dags/example_bash_operator.py for tasks to queue
[2023-01-25 22:36:57,362] {logging_mixin.py:115} INFO - [2023-01-25 22:36:57,361] {dagbag.py:508} INFO - Filling up the DagBag from /home/airflow/.local/lib/python3.7/site-packages/airflow/example_dags/example_bash_operator.py
[2023-01-25 22:36:57,409] {processor.py:651} INFO - DAG(s) dict_keys(['example_bash_operator']) retrieved from /home/airflow/.local/lib/python3.7/site-packages/airflow/example_dags/example_bash_operator.py
[2023-01-25 22:36:57,495] {logging_mixin.py:115} INFO - [2023-01-25 22:36:57,494] {dag.py:2420} INFO - Sync 1 DAGs
[2023-01-25 22:36:57,600] {logging_mixin.py:115} INFO - [2023-01-25 22:36:57,600] {dag.py:2972} INFO - Setting next_dagrun for example_bash_operator to 2023-01-24T00:00:00+00:00, run_after=2023-01-25T00:00:00+00:00
[2023-01-25 22:36:57,639] {processor.py:161} INFO - Processing /home/airflow/.local/lib/python3.7/site-packages/airflow/example_dags/example_bash_operator.py took 0.290 seconds
[2023-01-25 22:37:30,483] {processor.py:153} INFO - Started process (PID=2789) to work on /home/airflow/.local/lib/python3.7/site-packages/airflow/example_dags/example_bash_operator.py
[2023-01-25 22:37:30,485] {processor.py:641} INFO - Processing file /home/airflow/.local/lib/python3.7/site-packages/airflow/example_dags/example_bash_operator.py for tasks to queue
[2023-01-25 22:37:30,488] {logging_mixin.py:115} INFO - [2023-01-25 22:37:30,487] {dagbag.py:508} INFO - Filling up the DagBag from /home/airflow/.local/lib/python3.7/site-packages/airflow/example_dags/example_bash_operator.py
[2023-01-25 22:37:30,536] {processor.py:651} INFO - DAG(s) dict_keys(['example_bash_operator']) retrieved from /home/airflow/.local/lib/python3.7/site-packages/airflow/example_dags/example_bash_operator.py
[2023-01-25 22:37:30,617] {logging_mixin.py:115} INFO - [2023-01-25 22:37:30,617] {dag.py:2420} INFO - Sync 1 DAGs
[2023-01-25 22:37:30,721] {logging_mixin.py:115} INFO - [2023-01-25 22:37:30,720] {dag.py:2972} INFO - Setting next_dagrun for example_bash_operator to 2023-01-24T00:00:00+00:00, run_after=2023-01-25T00:00:00+00:00
[2023-01-25 22:37:30,759] {processor.py:161} INFO - Processing /home/airflow/.local/lib/python3.7/site-packages/airflow/example_dags/example_bash_operator.py took 0.284 seconds
[2023-01-25 22:38:05,799] {processor.py:153} INFO - Started process (PID=2916) to work on /home/airflow/.local/lib/python3.7/site-packages/airflow/example_dags/example_bash_operator.py
[2023-01-25 22:38:05,802] {processor.py:641} INFO - Processing file /home/airflow/.local/lib/python3.7/site-packages/airflow/example_dags/example_bash_operator.py for tasks to queue
[2023-01-25 22:38:05,805] {logging_mixin.py:115} INFO - [2023-01-25 22:38:05,804] {dagbag.py:508} INFO - Filling up the DagBag from /home/airflow/.local/lib/python3.7/site-packages/airflow/example_dags/example_bash_operator.py
[2023-01-25 22:38:05,860] {processor.py:651} INFO - DAG(s) dict_keys(['example_bash_operator']) retrieved from /home/airflow/.local/lib/python3.7/site-packages/airflow/example_dags/example_bash_operator.py
[2023-01-25 22:38:05,970] {logging_mixin.py:115} INFO - [2023-01-25 22:38:05,969] {dag.py:2420} INFO - Sync 1 DAGs
[2023-01-25 22:38:06,193] {logging_mixin.py:115} INFO - [2023-01-25 22:38:06,179] {dag.py:2972} INFO - Setting next_dagrun for example_bash_operator to 2023-01-24T00:00:00+00:00, run_after=2023-01-25T00:00:00+00:00
[2023-01-25 22:38:06,305] {processor.py:161} INFO - Processing /home/airflow/.local/lib/python3.7/site-packages/airflow/example_dags/example_bash_operator.py took 0.513 seconds
[2023-01-25 22:38:38,183] {processor.py:153} INFO - Started process (PID=3020) to work on /home/airflow/.local/lib/python3.7/site-packages/airflow/example_dags/example_bash_operator.py
[2023-01-25 22:38:38,185] {processor.py:641} INFO - Processing file /home/airflow/.local/lib/python3.7/site-packages/airflow/example_dags/example_bash_operator.py for tasks to queue
[2023-01-25 22:38:38,187] {logging_mixin.py:115} INFO - [2023-01-25 22:38:38,187] {dagbag.py:508} INFO - Filling up the DagBag from /home/airflow/.local/lib/python3.7/site-packages/airflow/example_dags/example_bash_operator.py
[2023-01-25 22:38:38,234] {processor.py:651} INFO - DAG(s) dict_keys(['example_bash_operator']) retrieved from /home/airflow/.local/lib/python3.7/site-packages/airflow/example_dags/example_bash_operator.py
[2023-01-25 22:38:38,319] {logging_mixin.py:115} INFO - [2023-01-25 22:38:38,319] {dag.py:2420} INFO - Sync 1 DAGs
[2023-01-25 22:38:38,444] {logging_mixin.py:115} INFO - [2023-01-25 22:38:38,443] {dag.py:2972} INFO - Setting next_dagrun for example_bash_operator to 2023-01-24T00:00:00+00:00, run_after=2023-01-25T00:00:00+00:00
[2023-01-25 22:38:38,514] {processor.py:161} INFO - Processing /home/airflow/.local/lib/python3.7/site-packages/airflow/example_dags/example_bash_operator.py took 0.339 seconds
[2023-01-25 22:39:12,063] {processor.py:153} INFO - Started process (PID=3147) to work on /home/airflow/.local/lib/python3.7/site-packages/airflow/example_dags/example_bash_operator.py
[2023-01-25 22:39:12,066] {processor.py:641} INFO - Processing file /home/airflow/.local/lib/python3.7/site-packages/airflow/example_dags/example_bash_operator.py for tasks to queue
[2023-01-25 22:39:12,068] {logging_mixin.py:115} INFO - [2023-01-25 22:39:12,068] {dagbag.py:508} INFO - Filling up the DagBag from /home/airflow/.local/lib/python3.7/site-packages/airflow/example_dags/example_bash_operator.py
[2023-01-25 22:39:12,130] {processor.py:651} INFO - DAG(s) dict_keys(['example_bash_operator']) retrieved from /home/airflow/.local/lib/python3.7/site-packages/airflow/example_dags/example_bash_operator.py
[2023-01-25 22:39:12,291] {logging_mixin.py:115} INFO - [2023-01-25 22:39:12,291] {dag.py:2420} INFO - Sync 1 DAGs
[2023-01-25 22:39:12,451] {logging_mixin.py:115} INFO - [2023-01-25 22:39:12,451] {dag.py:2972} INFO - Setting next_dagrun for example_bash_operator to 2023-01-24T00:00:00+00:00, run_after=2023-01-25T00:00:00+00:00
[2023-01-25 22:39:12,502] {processor.py:161} INFO - Processing /home/airflow/.local/lib/python3.7/site-packages/airflow/example_dags/example_bash_operator.py took 0.460 seconds
[2023-01-25 22:39:44,795] {processor.py:153} INFO - Started process (PID=3266) to work on /home/airflow/.local/lib/python3.7/site-packages/airflow/example_dags/example_bash_operator.py
[2023-01-25 22:39:44,797] {processor.py:641} INFO - Processing file /home/airflow/.local/lib/python3.7/site-packages/airflow/example_dags/example_bash_operator.py for tasks to queue
[2023-01-25 22:39:44,799] {logging_mixin.py:115} INFO - [2023-01-25 22:39:44,799] {dagbag.py:508} INFO - Filling up the DagBag from /home/airflow/.local/lib/python3.7/site-packages/airflow/example_dags/example_bash_operator.py
[2023-01-25 22:39:44,857] {processor.py:651} INFO - DAG(s) dict_keys(['example_bash_operator']) retrieved from /home/airflow/.local/lib/python3.7/site-packages/airflow/example_dags/example_bash_operator.py
[2023-01-25 22:39:44,943] {logging_mixin.py:115} INFO - [2023-01-25 22:39:44,943] {dag.py:2420} INFO - Sync 1 DAGs
[2023-01-25 22:39:45,054] {logging_mixin.py:115} INFO - [2023-01-25 22:39:45,054] {dag.py:2972} INFO - Setting next_dagrun for example_bash_operator to 2023-01-24T00:00:00+00:00, run_after=2023-01-25T00:00:00+00:00
[2023-01-25 22:39:45,089] {processor.py:161} INFO - Processing /home/airflow/.local/lib/python3.7/site-packages/airflow/example_dags/example_bash_operator.py took 0.302 seconds
[2023-01-25 22:40:17,592] {processor.py:153} INFO - Started process (PID=3380) to work on /home/airflow/.local/lib/python3.7/site-packages/airflow/example_dags/example_bash_operator.py
[2023-01-25 22:40:17,594] {processor.py:641} INFO - Processing file /home/airflow/.local/lib/python3.7/site-packages/airflow/example_dags/example_bash_operator.py for tasks to queue
[2023-01-25 22:40:17,597] {logging_mixin.py:115} INFO - [2023-01-25 22:40:17,596] {dagbag.py:508} INFO - Filling up the DagBag from /home/airflow/.local/lib/python3.7/site-packages/airflow/example_dags/example_bash_operator.py
[2023-01-25 22:40:17,645] {processor.py:651} INFO - DAG(s) dict_keys(['example_bash_operator']) retrieved from /home/airflow/.local/lib/python3.7/site-packages/airflow/example_dags/example_bash_operator.py
[2023-01-25 22:40:17,735] {logging_mixin.py:115} INFO - [2023-01-25 22:40:17,735] {dag.py:2420} INFO - Sync 1 DAGs
[2023-01-25 22:40:17,845] {logging_mixin.py:115} INFO - [2023-01-25 22:40:17,844] {dag.py:2972} INFO - Setting next_dagrun for example_bash_operator to 2023-01-24T00:00:00+00:00, run_after=2023-01-25T00:00:00+00:00
[2023-01-25 22:40:17,878] {processor.py:161} INFO - Processing /home/airflow/.local/lib/python3.7/site-packages/airflow/example_dags/example_bash_operator.py took 0.294 seconds
[2023-01-25 22:40:50,755] {processor.py:153} INFO - Started process (PID=3494) to work on /home/airflow/.local/lib/python3.7/site-packages/airflow/example_dags/example_bash_operator.py
[2023-01-25 22:40:50,758] {processor.py:641} INFO - Processing file /home/airflow/.local/lib/python3.7/site-packages/airflow/example_dags/example_bash_operator.py for tasks to queue
[2023-01-25 22:40:50,761] {logging_mixin.py:115} INFO - [2023-01-25 22:40:50,760] {dagbag.py:508} INFO - Filling up the DagBag from /home/airflow/.local/lib/python3.7/site-packages/airflow/example_dags/example_bash_operator.py
[2023-01-25 22:40:50,806] {processor.py:651} INFO - DAG(s) dict_keys(['example_bash_operator']) retrieved from /home/airflow/.local/lib/python3.7/site-packages/airflow/example_dags/example_bash_operator.py
[2023-01-25 22:40:50,888] {logging_mixin.py:115} INFO - [2023-01-25 22:40:50,888] {dag.py:2420} INFO - Sync 1 DAGs
[2023-01-25 22:40:50,995] {logging_mixin.py:115} INFO - [2023-01-25 22:40:50,995] {dag.py:2972} INFO - Setting next_dagrun for example_bash_operator to 2023-01-24T00:00:00+00:00, run_after=2023-01-25T00:00:00+00:00
[2023-01-25 22:40:51,033] {processor.py:161} INFO - Processing /home/airflow/.local/lib/python3.7/site-packages/airflow/example_dags/example_bash_operator.py took 0.288 seconds
[2023-01-25 22:41:23,218] {processor.py:153} INFO - Started process (PID=3609) to work on /home/airflow/.local/lib/python3.7/site-packages/airflow/example_dags/example_bash_operator.py
[2023-01-25 22:41:23,220] {processor.py:641} INFO - Processing file /home/airflow/.local/lib/python3.7/site-packages/airflow/example_dags/example_bash_operator.py for tasks to queue
[2023-01-25 22:41:23,222] {logging_mixin.py:115} INFO - [2023-01-25 22:41:23,222] {dagbag.py:508} INFO - Filling up the DagBag from /home/airflow/.local/lib/python3.7/site-packages/airflow/example_dags/example_bash_operator.py
[2023-01-25 22:41:23,268] {processor.py:651} INFO - DAG(s) dict_keys(['example_bash_operator']) retrieved from /home/airflow/.local/lib/python3.7/site-packages/airflow/example_dags/example_bash_operator.py
[2023-01-25 22:41:23,351] {logging_mixin.py:115} INFO - [2023-01-25 22:41:23,350] {dag.py:2420} INFO - Sync 1 DAGs
[2023-01-25 22:41:23,450] {logging_mixin.py:115} INFO - [2023-01-25 22:41:23,449] {dag.py:2972} INFO - Setting next_dagrun for example_bash_operator to 2023-01-24T00:00:00+00:00, run_after=2023-01-25T00:00:00+00:00
[2023-01-25 22:41:23,485] {processor.py:161} INFO - Processing /home/airflow/.local/lib/python3.7/site-packages/airflow/example_dags/example_bash_operator.py took 0.275 seconds
[2023-01-25 22:41:56,101] {processor.py:153} INFO - Started process (PID=3722) to work on /home/airflow/.local/lib/python3.7/site-packages/airflow/example_dags/example_bash_operator.py
[2023-01-25 22:41:56,103] {processor.py:641} INFO - Processing file /home/airflow/.local/lib/python3.7/site-packages/airflow/example_dags/example_bash_operator.py for tasks to queue
[2023-01-25 22:41:56,106] {logging_mixin.py:115} INFO - [2023-01-25 22:41:56,106] {dagbag.py:508} INFO - Filling up the DagBag from /home/airflow/.local/lib/python3.7/site-packages/airflow/example_dags/example_bash_operator.py
[2023-01-25 22:41:56,152] {processor.py:651} INFO - DAG(s) dict_keys(['example_bash_operator']) retrieved from /home/airflow/.local/lib/python3.7/site-packages/airflow/example_dags/example_bash_operator.py
[2023-01-25 22:41:56,242] {logging_mixin.py:115} INFO - [2023-01-25 22:41:56,241] {dag.py:2420} INFO - Sync 1 DAGs
[2023-01-25 22:41:56,355] {logging_mixin.py:115} INFO - [2023-01-25 22:41:56,354] {dag.py:2972} INFO - Setting next_dagrun for example_bash_operator to 2023-01-24T00:00:00+00:00, run_after=2023-01-25T00:00:00+00:00
[2023-01-25 22:41:56,397] {processor.py:161} INFO - Processing /home/airflow/.local/lib/python3.7/site-packages/airflow/example_dags/example_bash_operator.py took 0.304 seconds
[2023-01-25 22:42:28,438] {processor.py:153} INFO - Started process (PID=3835) to work on /home/airflow/.local/lib/python3.7/site-packages/airflow/example_dags/example_bash_operator.py
[2023-01-25 22:42:28,440] {processor.py:641} INFO - Processing file /home/airflow/.local/lib/python3.7/site-packages/airflow/example_dags/example_bash_operator.py for tasks to queue
[2023-01-25 22:42:28,442] {logging_mixin.py:115} INFO - [2023-01-25 22:42:28,442] {dagbag.py:508} INFO - Filling up the DagBag from /home/airflow/.local/lib/python3.7/site-packages/airflow/example_dags/example_bash_operator.py
[2023-01-25 22:42:28,491] {processor.py:651} INFO - DAG(s) dict_keys(['example_bash_operator']) retrieved from /home/airflow/.local/lib/python3.7/site-packages/airflow/example_dags/example_bash_operator.py
[2023-01-25 22:42:28,580] {logging_mixin.py:115} INFO - [2023-01-25 22:42:28,579] {dag.py:2420} INFO - Sync 1 DAGs
[2023-01-25 22:42:28,694] {logging_mixin.py:115} INFO - [2023-01-25 22:42:28,693] {dag.py:2972} INFO - Setting next_dagrun for example_bash_operator to 2023-01-24T00:00:00+00:00, run_after=2023-01-25T00:00:00+00:00
[2023-01-25 22:42:28,740] {processor.py:161} INFO - Processing /home/airflow/.local/lib/python3.7/site-packages/airflow/example_dags/example_bash_operator.py took 0.311 seconds
[2023-01-25 22:43:01,187] {processor.py:153} INFO - Started process (PID=3948) to work on /home/airflow/.local/lib/python3.7/site-packages/airflow/example_dags/example_bash_operator.py
[2023-01-25 22:43:01,189] {processor.py:641} INFO - Processing file /home/airflow/.local/lib/python3.7/site-packages/airflow/example_dags/example_bash_operator.py for tasks to queue
[2023-01-25 22:43:01,192] {logging_mixin.py:115} INFO - [2023-01-25 22:43:01,191] {dagbag.py:508} INFO - Filling up the DagBag from /home/airflow/.local/lib/python3.7/site-packages/airflow/example_dags/example_bash_operator.py
[2023-01-25 22:43:01,244] {processor.py:651} INFO - DAG(s) dict_keys(['example_bash_operator']) retrieved from /home/airflow/.local/lib/python3.7/site-packages/airflow/example_dags/example_bash_operator.py
[2023-01-25 22:43:01,334] {logging_mixin.py:115} INFO - [2023-01-25 22:43:01,333] {dag.py:2420} INFO - Sync 1 DAGs
[2023-01-25 22:43:01,450] {logging_mixin.py:115} INFO - [2023-01-25 22:43:01,449] {dag.py:2972} INFO - Setting next_dagrun for example_bash_operator to 2023-01-24T00:00:00+00:00, run_after=2023-01-25T00:00:00+00:00
[2023-01-25 22:43:01,488] {processor.py:161} INFO - Processing /home/airflow/.local/lib/python3.7/site-packages/airflow/example_dags/example_bash_operator.py took 0.311 seconds
[2023-01-25 22:43:32,810] {processor.py:153} INFO - Started process (PID=4059) to work on /home/airflow/.local/lib/python3.7/site-packages/airflow/example_dags/example_bash_operator.py
[2023-01-25 22:43:32,812] {processor.py:641} INFO - Processing file /home/airflow/.local/lib/python3.7/site-packages/airflow/example_dags/example_bash_operator.py for tasks to queue
[2023-01-25 22:43:32,814] {logging_mixin.py:115} INFO - [2023-01-25 22:43:32,814] {dagbag.py:508} INFO - Filling up the DagBag from /home/airflow/.local/lib/python3.7/site-packages/airflow/example_dags/example_bash_operator.py
[2023-01-25 22:43:32,867] {processor.py:651} INFO - DAG(s) dict_keys(['example_bash_operator']) retrieved from /home/airflow/.local/lib/python3.7/site-packages/airflow/example_dags/example_bash_operator.py
[2023-01-25 22:43:32,962] {logging_mixin.py:115} INFO - [2023-01-25 22:43:32,962] {dag.py:2420} INFO - Sync 1 DAGs
[2023-01-25 22:43:33,073] {logging_mixin.py:115} INFO - [2023-01-25 22:43:33,073] {dag.py:2972} INFO - Setting next_dagrun for example_bash_operator to 2023-01-24T00:00:00+00:00, run_after=2023-01-25T00:00:00+00:00
[2023-01-25 22:43:33,114] {processor.py:161} INFO - Processing /home/airflow/.local/lib/python3.7/site-packages/airflow/example_dags/example_bash_operator.py took 0.312 seconds
[2023-01-25 22:44:03,315] {processor.py:153} INFO - Started process (PID=4169) to work on /home/airflow/.local/lib/python3.7/site-packages/airflow/example_dags/example_bash_operator.py
[2023-01-25 22:44:03,317] {processor.py:641} INFO - Processing file /home/airflow/.local/lib/python3.7/site-packages/airflow/example_dags/example_bash_operator.py for tasks to queue
[2023-01-25 22:44:03,319] {logging_mixin.py:115} INFO - [2023-01-25 22:44:03,319] {dagbag.py:508} INFO - Filling up the DagBag from /home/airflow/.local/lib/python3.7/site-packages/airflow/example_dags/example_bash_operator.py
[2023-01-25 22:44:03,378] {processor.py:651} INFO - DAG(s) dict_keys(['example_bash_operator']) retrieved from /home/airflow/.local/lib/python3.7/site-packages/airflow/example_dags/example_bash_operator.py
[2023-01-25 22:44:03,484] {logging_mixin.py:115} INFO - [2023-01-25 22:44:03,483] {dag.py:2420} INFO - Sync 1 DAGs
[2023-01-25 22:44:03,605] {logging_mixin.py:115} INFO - [2023-01-25 22:44:03,604] {dag.py:2972} INFO - Setting next_dagrun for example_bash_operator to 2023-01-24T00:00:00+00:00, run_after=2023-01-25T00:00:00+00:00
[2023-01-25 22:44:03,641] {processor.py:161} INFO - Processing /home/airflow/.local/lib/python3.7/site-packages/airflow/example_dags/example_bash_operator.py took 0.335 seconds
[2023-01-25 22:44:34,045] {processor.py:153} INFO - Started process (PID=4281) to work on /home/airflow/.local/lib/python3.7/site-packages/airflow/example_dags/example_bash_operator.py
[2023-01-25 22:44:34,048] {processor.py:641} INFO - Processing file /home/airflow/.local/lib/python3.7/site-packages/airflow/example_dags/example_bash_operator.py for tasks to queue
[2023-01-25 22:44:34,051] {logging_mixin.py:115} INFO - [2023-01-25 22:44:34,051] {dagbag.py:508} INFO - Filling up the DagBag from /home/airflow/.local/lib/python3.7/site-packages/airflow/example_dags/example_bash_operator.py
[2023-01-25 22:44:34,110] {processor.py:651} INFO - DAG(s) dict_keys(['example_bash_operator']) retrieved from /home/airflow/.local/lib/python3.7/site-packages/airflow/example_dags/example_bash_operator.py
[2023-01-25 22:44:34,232] {logging_mixin.py:115} INFO - [2023-01-25 22:44:34,232] {dag.py:2420} INFO - Sync 1 DAGs
[2023-01-25 22:44:34,349] {logging_mixin.py:115} INFO - [2023-01-25 22:44:34,349] {dag.py:2972} INFO - Setting next_dagrun for example_bash_operator to 2023-01-24T00:00:00+00:00, run_after=2023-01-25T00:00:00+00:00
[2023-01-25 22:44:34,387] {processor.py:161} INFO - Processing /home/airflow/.local/lib/python3.7/site-packages/airflow/example_dags/example_bash_operator.py took 0.360 seconds
[2023-01-25 22:45:04,477] {processor.py:153} INFO - Started process (PID=4398) to work on /home/airflow/.local/lib/python3.7/site-packages/airflow/example_dags/example_bash_operator.py
[2023-01-25 22:45:04,479] {processor.py:641} INFO - Processing file /home/airflow/.local/lib/python3.7/site-packages/airflow/example_dags/example_bash_operator.py for tasks to queue
[2023-01-25 22:45:04,482] {logging_mixin.py:115} INFO - [2023-01-25 22:45:04,482] {dagbag.py:508} INFO - Filling up the DagBag from /home/airflow/.local/lib/python3.7/site-packages/airflow/example_dags/example_bash_operator.py
[2023-01-25 22:45:04,537] {processor.py:651} INFO - DAG(s) dict_keys(['example_bash_operator']) retrieved from /home/airflow/.local/lib/python3.7/site-packages/airflow/example_dags/example_bash_operator.py
[2023-01-25 22:45:04,639] {logging_mixin.py:115} INFO - [2023-01-25 22:45:04,639] {dag.py:2420} INFO - Sync 1 DAGs
[2023-01-25 22:45:04,759] {logging_mixin.py:115} INFO - [2023-01-25 22:45:04,758] {dag.py:2972} INFO - Setting next_dagrun for example_bash_operator to 2023-01-24T00:00:00+00:00, run_after=2023-01-25T00:00:00+00:00
[2023-01-25 22:45:04,801] {processor.py:161} INFO - Processing /home/airflow/.local/lib/python3.7/site-packages/airflow/example_dags/example_bash_operator.py took 0.336 seconds
[2023-01-25 22:45:35,463] {processor.py:153} INFO - Started process (PID=4512) to work on /home/airflow/.local/lib/python3.7/site-packages/airflow/example_dags/example_bash_operator.py
[2023-01-25 22:45:35,465] {processor.py:641} INFO - Processing file /home/airflow/.local/lib/python3.7/site-packages/airflow/example_dags/example_bash_operator.py for tasks to queue
[2023-01-25 22:45:35,468] {logging_mixin.py:115} INFO - [2023-01-25 22:45:35,467] {dagbag.py:508} INFO - Filling up the DagBag from /home/airflow/.local/lib/python3.7/site-packages/airflow/example_dags/example_bash_operator.py
[2023-01-25 22:45:35,520] {processor.py:651} INFO - DAG(s) dict_keys(['example_bash_operator']) retrieved from /home/airflow/.local/lib/python3.7/site-packages/airflow/example_dags/example_bash_operator.py
[2023-01-25 22:45:35,610] {logging_mixin.py:115} INFO - [2023-01-25 22:45:35,610] {dag.py:2420} INFO - Sync 1 DAGs
[2023-01-25 22:45:35,717] {logging_mixin.py:115} INFO - [2023-01-25 22:45:35,716] {dag.py:2972} INFO - Setting next_dagrun for example_bash_operator to 2023-01-24T00:00:00+00:00, run_after=2023-01-25T00:00:00+00:00
[2023-01-25 22:45:35,756] {processor.py:161} INFO - Processing /home/airflow/.local/lib/python3.7/site-packages/airflow/example_dags/example_bash_operator.py took 0.303 seconds
[2023-01-25 22:46:05,973] {processor.py:153} INFO - Started process (PID=4626) to work on /home/airflow/.local/lib/python3.7/site-packages/airflow/example_dags/example_bash_operator.py
[2023-01-25 22:46:05,975] {processor.py:641} INFO - Processing file /home/airflow/.local/lib/python3.7/site-packages/airflow/example_dags/example_bash_operator.py for tasks to queue
[2023-01-25 22:46:05,978] {logging_mixin.py:115} INFO - [2023-01-25 22:46:05,978] {dagbag.py:508} INFO - Filling up the DagBag from /home/airflow/.local/lib/python3.7/site-packages/airflow/example_dags/example_bash_operator.py
[2023-01-25 22:46:06,038] {processor.py:651} INFO - DAG(s) dict_keys(['example_bash_operator']) retrieved from /home/airflow/.local/lib/python3.7/site-packages/airflow/example_dags/example_bash_operator.py
[2023-01-25 22:46:06,133] {logging_mixin.py:115} INFO - [2023-01-25 22:46:06,132] {dag.py:2420} INFO - Sync 1 DAGs
[2023-01-25 22:46:06,244] {logging_mixin.py:115} INFO - [2023-01-25 22:46:06,244] {dag.py:2972} INFO - Setting next_dagrun for example_bash_operator to 2023-01-24T00:00:00+00:00, run_after=2023-01-25T00:00:00+00:00
[2023-01-25 22:46:06,287] {processor.py:161} INFO - Processing /home/airflow/.local/lib/python3.7/site-packages/airflow/example_dags/example_bash_operator.py took 0.325 seconds
[2023-01-25 22:46:36,361] {processor.py:153} INFO - Started process (PID=4741) to work on /home/airflow/.local/lib/python3.7/site-packages/airflow/example_dags/example_bash_operator.py
[2023-01-25 22:46:36,363] {processor.py:641} INFO - Processing file /home/airflow/.local/lib/python3.7/site-packages/airflow/example_dags/example_bash_operator.py for tasks to queue
[2023-01-25 22:46:36,365] {logging_mixin.py:115} INFO - [2023-01-25 22:46:36,365] {dagbag.py:508} INFO - Filling up the DagBag from /home/airflow/.local/lib/python3.7/site-packages/airflow/example_dags/example_bash_operator.py
[2023-01-25 22:46:36,417] {processor.py:651} INFO - DAG(s) dict_keys(['example_bash_operator']) retrieved from /home/airflow/.local/lib/python3.7/site-packages/airflow/example_dags/example_bash_operator.py
[2023-01-25 22:46:36,525] {logging_mixin.py:115} INFO - [2023-01-25 22:46:36,524] {dag.py:2420} INFO - Sync 1 DAGs
[2023-01-25 22:46:36,631] {logging_mixin.py:115} INFO - [2023-01-25 22:46:36,630] {dag.py:2972} INFO - Setting next_dagrun for example_bash_operator to 2023-01-24T00:00:00+00:00, run_after=2023-01-25T00:00:00+00:00
[2023-01-25 22:46:36,670] {processor.py:161} INFO - Processing /home/airflow/.local/lib/python3.7/site-packages/airflow/example_dags/example_bash_operator.py took 0.317 seconds
[2023-01-25 22:47:07,011] {processor.py:153} INFO - Started process (PID=4855) to work on /home/airflow/.local/lib/python3.7/site-packages/airflow/example_dags/example_bash_operator.py
[2023-01-25 22:47:07,014] {processor.py:641} INFO - Processing file /home/airflow/.local/lib/python3.7/site-packages/airflow/example_dags/example_bash_operator.py for tasks to queue
[2023-01-25 22:47:07,016] {logging_mixin.py:115} INFO - [2023-01-25 22:47:07,016] {dagbag.py:508} INFO - Filling up the DagBag from /home/airflow/.local/lib/python3.7/site-packages/airflow/example_dags/example_bash_operator.py
[2023-01-25 22:47:07,071] {processor.py:651} INFO - DAG(s) dict_keys(['example_bash_operator']) retrieved from /home/airflow/.local/lib/python3.7/site-packages/airflow/example_dags/example_bash_operator.py
[2023-01-25 22:47:07,177] {logging_mixin.py:115} INFO - [2023-01-25 22:47:07,176] {dag.py:2420} INFO - Sync 1 DAGs
[2023-01-25 22:47:07,289] {logging_mixin.py:115} INFO - [2023-01-25 22:47:07,288] {dag.py:2972} INFO - Setting next_dagrun for example_bash_operator to 2023-01-24T00:00:00+00:00, run_after=2023-01-25T00:00:00+00:00
[2023-01-25 22:47:07,331] {processor.py:161} INFO - Processing /home/airflow/.local/lib/python3.7/site-packages/airflow/example_dags/example_bash_operator.py took 0.329 seconds
[2023-01-25 22:47:37,642] {processor.py:153} INFO - Started process (PID=4969) to work on /home/airflow/.local/lib/python3.7/site-packages/airflow/example_dags/example_bash_operator.py
[2023-01-25 22:47:37,645] {processor.py:641} INFO - Processing file /home/airflow/.local/lib/python3.7/site-packages/airflow/example_dags/example_bash_operator.py for tasks to queue
[2023-01-25 22:47:37,647] {logging_mixin.py:115} INFO - [2023-01-25 22:47:37,647] {dagbag.py:508} INFO - Filling up the DagBag from /home/airflow/.local/lib/python3.7/site-packages/airflow/example_dags/example_bash_operator.py
[2023-01-25 22:47:37,695] {processor.py:651} INFO - DAG(s) dict_keys(['example_bash_operator']) retrieved from /home/airflow/.local/lib/python3.7/site-packages/airflow/example_dags/example_bash_operator.py
[2023-01-25 22:47:37,779] {logging_mixin.py:115} INFO - [2023-01-25 22:47:37,779] {dag.py:2420} INFO - Sync 1 DAGs
[2023-01-25 22:47:37,881] {logging_mixin.py:115} INFO - [2023-01-25 22:47:37,880] {dag.py:2972} INFO - Setting next_dagrun for example_bash_operator to 2023-01-24T00:00:00+00:00, run_after=2023-01-25T00:00:00+00:00
[2023-01-25 22:47:37,918] {processor.py:161} INFO - Processing /home/airflow/.local/lib/python3.7/site-packages/airflow/example_dags/example_bash_operator.py took 0.288 seconds
[2023-01-25 22:48:08,859] {processor.py:153} INFO - Started process (PID=5082) to work on /home/airflow/.local/lib/python3.7/site-packages/airflow/example_dags/example_bash_operator.py
[2023-01-25 22:48:08,862] {processor.py:641} INFO - Processing file /home/airflow/.local/lib/python3.7/site-packages/airflow/example_dags/example_bash_operator.py for tasks to queue
[2023-01-25 22:48:08,864] {logging_mixin.py:115} INFO - [2023-01-25 22:48:08,864] {dagbag.py:508} INFO - Filling up the DagBag from /home/airflow/.local/lib/python3.7/site-packages/airflow/example_dags/example_bash_operator.py
[2023-01-25 22:48:08,914] {processor.py:651} INFO - DAG(s) dict_keys(['example_bash_operator']) retrieved from /home/airflow/.local/lib/python3.7/site-packages/airflow/example_dags/example_bash_operator.py
[2023-01-25 22:48:09,003] {logging_mixin.py:115} INFO - [2023-01-25 22:48:09,003] {dag.py:2420} INFO - Sync 1 DAGs
[2023-01-25 22:48:09,113] {logging_mixin.py:115} INFO - [2023-01-25 22:48:09,113] {dag.py:2972} INFO - Setting next_dagrun for example_bash_operator to 2023-01-24T00:00:00+00:00, run_after=2023-01-25T00:00:00+00:00
[2023-01-25 22:48:09,152] {processor.py:161} INFO - Processing /home/airflow/.local/lib/python3.7/site-packages/airflow/example_dags/example_bash_operator.py took 0.302 seconds
[2023-01-25 22:48:39,563] {processor.py:153} INFO - Started process (PID=5196) to work on /home/airflow/.local/lib/python3.7/site-packages/airflow/example_dags/example_bash_operator.py
[2023-01-25 22:48:39,565] {processor.py:641} INFO - Processing file /home/airflow/.local/lib/python3.7/site-packages/airflow/example_dags/example_bash_operator.py for tasks to queue
[2023-01-25 22:48:39,568] {logging_mixin.py:115} INFO - [2023-01-25 22:48:39,567] {dagbag.py:508} INFO - Filling up the DagBag from /home/airflow/.local/lib/python3.7/site-packages/airflow/example_dags/example_bash_operator.py
[2023-01-25 22:48:39,615] {processor.py:651} INFO - DAG(s) dict_keys(['example_bash_operator']) retrieved from /home/airflow/.local/lib/python3.7/site-packages/airflow/example_dags/example_bash_operator.py
[2023-01-25 22:48:39,702] {logging_mixin.py:115} INFO - [2023-01-25 22:48:39,702] {dag.py:2420} INFO - Sync 1 DAGs
[2023-01-25 22:48:39,811] {logging_mixin.py:115} INFO - [2023-01-25 22:48:39,811] {dag.py:2972} INFO - Setting next_dagrun for example_bash_operator to 2023-01-24T00:00:00+00:00, run_after=2023-01-25T00:00:00+00:00
[2023-01-25 22:48:39,848] {processor.py:161} INFO - Processing /home/airflow/.local/lib/python3.7/site-packages/airflow/example_dags/example_bash_operator.py took 0.293 seconds
[2023-01-25 22:49:10,645] {processor.py:153} INFO - Started process (PID=5310) to work on /home/airflow/.local/lib/python3.7/site-packages/airflow/example_dags/example_bash_operator.py
[2023-01-25 22:49:10,648] {processor.py:641} INFO - Processing file /home/airflow/.local/lib/python3.7/site-packages/airflow/example_dags/example_bash_operator.py for tasks to queue
[2023-01-25 22:49:10,650] {logging_mixin.py:115} INFO - [2023-01-25 22:49:10,650] {dagbag.py:508} INFO - Filling up the DagBag from /home/airflow/.local/lib/python3.7/site-packages/airflow/example_dags/example_bash_operator.py
[2023-01-25 22:49:10,697] {processor.py:651} INFO - DAG(s) dict_keys(['example_bash_operator']) retrieved from /home/airflow/.local/lib/python3.7/site-packages/airflow/example_dags/example_bash_operator.py
[2023-01-25 22:49:10,785] {logging_mixin.py:115} INFO - [2023-01-25 22:49:10,784] {dag.py:2420} INFO - Sync 1 DAGs
[2023-01-25 22:49:10,891] {logging_mixin.py:115} INFO - [2023-01-25 22:49:10,891] {dag.py:2972} INFO - Setting next_dagrun for example_bash_operator to 2023-01-24T00:00:00+00:00, run_after=2023-01-25T00:00:00+00:00
[2023-01-25 22:49:10,935] {processor.py:161} INFO - Processing /home/airflow/.local/lib/python3.7/site-packages/airflow/example_dags/example_bash_operator.py took 0.299 seconds
[2023-01-25 22:49:41,457] {processor.py:153} INFO - Started process (PID=5424) to work on /home/airflow/.local/lib/python3.7/site-packages/airflow/example_dags/example_bash_operator.py
[2023-01-25 22:49:41,459] {processor.py:641} INFO - Processing file /home/airflow/.local/lib/python3.7/site-packages/airflow/example_dags/example_bash_operator.py for tasks to queue
[2023-01-25 22:49:41,461] {logging_mixin.py:115} INFO - [2023-01-25 22:49:41,461] {dagbag.py:508} INFO - Filling up the DagBag from /home/airflow/.local/lib/python3.7/site-packages/airflow/example_dags/example_bash_operator.py
[2023-01-25 22:49:41,513] {processor.py:651} INFO - DAG(s) dict_keys(['example_bash_operator']) retrieved from /home/airflow/.local/lib/python3.7/site-packages/airflow/example_dags/example_bash_operator.py
[2023-01-25 22:49:41,631] {logging_mixin.py:115} INFO - [2023-01-25 22:49:41,630] {dag.py:2420} INFO - Sync 1 DAGs
[2023-01-25 22:49:41,794] {logging_mixin.py:115} INFO - [2023-01-25 22:49:41,793] {dag.py:2972} INFO - Setting next_dagrun for example_bash_operator to 2023-01-24T00:00:00+00:00, run_after=2023-01-25T00:00:00+00:00
[2023-01-25 22:49:41,845] {processor.py:161} INFO - Processing /home/airflow/.local/lib/python3.7/site-packages/airflow/example_dags/example_bash_operator.py took 0.397 seconds
[2023-01-25 22:50:12,198] {processor.py:153} INFO - Started process (PID=5537) to work on /home/airflow/.local/lib/python3.7/site-packages/airflow/example_dags/example_bash_operator.py
[2023-01-25 22:50:12,200] {processor.py:641} INFO - Processing file /home/airflow/.local/lib/python3.7/site-packages/airflow/example_dags/example_bash_operator.py for tasks to queue
[2023-01-25 22:50:12,202] {logging_mixin.py:115} INFO - [2023-01-25 22:50:12,202] {dagbag.py:508} INFO - Filling up the DagBag from /home/airflow/.local/lib/python3.7/site-packages/airflow/example_dags/example_bash_operator.py
[2023-01-25 22:50:12,250] {processor.py:651} INFO - DAG(s) dict_keys(['example_bash_operator']) retrieved from /home/airflow/.local/lib/python3.7/site-packages/airflow/example_dags/example_bash_operator.py
[2023-01-25 22:50:12,346] {logging_mixin.py:115} INFO - [2023-01-25 22:50:12,346] {dag.py:2420} INFO - Sync 1 DAGs
[2023-01-25 22:50:12,465] {logging_mixin.py:115} INFO - [2023-01-25 22:50:12,465] {dag.py:2972} INFO - Setting next_dagrun for example_bash_operator to 2023-01-24T00:00:00+00:00, run_after=2023-01-25T00:00:00+00:00
[2023-01-25 22:50:12,502] {processor.py:161} INFO - Processing /home/airflow/.local/lib/python3.7/site-packages/airflow/example_dags/example_bash_operator.py took 0.312 seconds
[2023-01-25 22:50:44,183] {processor.py:153} INFO - Started process (PID=5660) to work on /home/airflow/.local/lib/python3.7/site-packages/airflow/example_dags/example_bash_operator.py
[2023-01-25 22:50:44,185] {processor.py:641} INFO - Processing file /home/airflow/.local/lib/python3.7/site-packages/airflow/example_dags/example_bash_operator.py for tasks to queue
[2023-01-25 22:50:44,187] {logging_mixin.py:115} INFO - [2023-01-25 22:50:44,186] {dagbag.py:508} INFO - Filling up the DagBag from /home/airflow/.local/lib/python3.7/site-packages/airflow/example_dags/example_bash_operator.py
[2023-01-25 22:50:44,240] {processor.py:651} INFO - DAG(s) dict_keys(['example_bash_operator']) retrieved from /home/airflow/.local/lib/python3.7/site-packages/airflow/example_dags/example_bash_operator.py
[2023-01-25 22:50:44,347] {logging_mixin.py:115} INFO - [2023-01-25 22:50:44,346] {dag.py:2420} INFO - Sync 1 DAGs
[2023-01-25 22:50:44,469] {logging_mixin.py:115} INFO - [2023-01-25 22:50:44,469] {dag.py:2972} INFO - Setting next_dagrun for example_bash_operator to 2023-01-24T00:00:00+00:00, run_after=2023-01-25T00:00:00+00:00
[2023-01-25 22:50:44,507] {processor.py:161} INFO - Processing /home/airflow/.local/lib/python3.7/site-packages/airflow/example_dags/example_bash_operator.py took 0.333 seconds
[2023-01-25 22:51:16,400] {processor.py:153} INFO - Started process (PID=5780) to work on /home/airflow/.local/lib/python3.7/site-packages/airflow/example_dags/example_bash_operator.py
[2023-01-25 22:51:16,403] {processor.py:641} INFO - Processing file /home/airflow/.local/lib/python3.7/site-packages/airflow/example_dags/example_bash_operator.py for tasks to queue
[2023-01-25 22:51:16,405] {logging_mixin.py:115} INFO - [2023-01-25 22:51:16,404] {dagbag.py:508} INFO - Filling up the DagBag from /home/airflow/.local/lib/python3.7/site-packages/airflow/example_dags/example_bash_operator.py
[2023-01-25 22:51:16,455] {processor.py:651} INFO - DAG(s) dict_keys(['example_bash_operator']) retrieved from /home/airflow/.local/lib/python3.7/site-packages/airflow/example_dags/example_bash_operator.py
[2023-01-25 22:51:16,556] {logging_mixin.py:115} INFO - [2023-01-25 22:51:16,555] {dag.py:2420} INFO - Sync 1 DAGs
[2023-01-25 22:51:16,673] {logging_mixin.py:115} INFO - [2023-01-25 22:51:16,672] {dag.py:2972} INFO - Setting next_dagrun for example_bash_operator to 2023-01-24T00:00:00+00:00, run_after=2023-01-25T00:00:00+00:00
[2023-01-25 22:51:16,717] {processor.py:161} INFO - Processing /home/airflow/.local/lib/python3.7/site-packages/airflow/example_dags/example_bash_operator.py took 0.326 seconds
[2023-01-25 22:51:47,014] {processor.py:153} INFO - Started process (PID=5890) to work on /home/airflow/.local/lib/python3.7/site-packages/airflow/example_dags/example_bash_operator.py
[2023-01-25 22:51:47,016] {processor.py:641} INFO - Processing file /home/airflow/.local/lib/python3.7/site-packages/airflow/example_dags/example_bash_operator.py for tasks to queue
[2023-01-25 22:51:47,019] {logging_mixin.py:115} INFO - [2023-01-25 22:51:47,018] {dagbag.py:508} INFO - Filling up the DagBag from /home/airflow/.local/lib/python3.7/site-packages/airflow/example_dags/example_bash_operator.py
[2023-01-25 22:51:47,072] {processor.py:651} INFO - DAG(s) dict_keys(['example_bash_operator']) retrieved from /home/airflow/.local/lib/python3.7/site-packages/airflow/example_dags/example_bash_operator.py
[2023-01-25 22:51:47,173] {logging_mixin.py:115} INFO - [2023-01-25 22:51:47,173] {dag.py:2420} INFO - Sync 1 DAGs
[2023-01-25 22:51:47,289] {logging_mixin.py:115} INFO - [2023-01-25 22:51:47,289] {dag.py:2972} INFO - Setting next_dagrun for example_bash_operator to 2023-01-24T00:00:00+00:00, run_after=2023-01-25T00:00:00+00:00
[2023-01-25 22:51:47,338] {processor.py:161} INFO - Processing /home/airflow/.local/lib/python3.7/site-packages/airflow/example_dags/example_bash_operator.py took 0.332 seconds
[2023-01-25 22:52:17,668] {processor.py:153} INFO - Started process (PID=6002) to work on /home/airflow/.local/lib/python3.7/site-packages/airflow/example_dags/example_bash_operator.py
[2023-01-25 22:52:17,671] {processor.py:641} INFO - Processing file /home/airflow/.local/lib/python3.7/site-packages/airflow/example_dags/example_bash_operator.py for tasks to queue
[2023-01-25 22:52:17,673] {logging_mixin.py:115} INFO - [2023-01-25 22:52:17,672] {dagbag.py:508} INFO - Filling up the DagBag from /home/airflow/.local/lib/python3.7/site-packages/airflow/example_dags/example_bash_operator.py
[2023-01-25 22:52:17,720] {processor.py:651} INFO - DAG(s) dict_keys(['example_bash_operator']) retrieved from /home/airflow/.local/lib/python3.7/site-packages/airflow/example_dags/example_bash_operator.py
[2023-01-25 22:52:17,804] {logging_mixin.py:115} INFO - [2023-01-25 22:52:17,804] {dag.py:2420} INFO - Sync 1 DAGs
[2023-01-25 22:52:17,911] {logging_mixin.py:115} INFO - [2023-01-25 22:52:17,910] {dag.py:2972} INFO - Setting next_dagrun for example_bash_operator to 2023-01-24T00:00:00+00:00, run_after=2023-01-25T00:00:00+00:00
[2023-01-25 22:52:17,948] {processor.py:161} INFO - Processing /home/airflow/.local/lib/python3.7/site-packages/airflow/example_dags/example_bash_operator.py took 0.289 seconds
[2023-01-25 22:52:48,039] {processor.py:153} INFO - Started process (PID=6113) to work on /home/airflow/.local/lib/python3.7/site-packages/airflow/example_dags/example_bash_operator.py
[2023-01-25 22:52:48,043] {processor.py:641} INFO - Processing file /home/airflow/.local/lib/python3.7/site-packages/airflow/example_dags/example_bash_operator.py for tasks to queue
[2023-01-25 22:52:48,045] {logging_mixin.py:115} INFO - [2023-01-25 22:52:48,045] {dagbag.py:508} INFO - Filling up the DagBag from /home/airflow/.local/lib/python3.7/site-packages/airflow/example_dags/example_bash_operator.py
[2023-01-25 22:52:48,097] {processor.py:651} INFO - DAG(s) dict_keys(['example_bash_operator']) retrieved from /home/airflow/.local/lib/python3.7/site-packages/airflow/example_dags/example_bash_operator.py
[2023-01-25 22:52:48,184] {logging_mixin.py:115} INFO - [2023-01-25 22:52:48,183] {dag.py:2420} INFO - Sync 1 DAGs
[2023-01-25 22:52:48,287] {logging_mixin.py:115} INFO - [2023-01-25 22:52:48,287] {dag.py:2972} INFO - Setting next_dagrun for example_bash_operator to 2023-01-24T00:00:00+00:00, run_after=2023-01-25T00:00:00+00:00
[2023-01-25 22:52:48,335] {processor.py:161} INFO - Processing /home/airflow/.local/lib/python3.7/site-packages/airflow/example_dags/example_bash_operator.py took 0.306 seconds
[2023-01-25 22:53:18,709] {processor.py:153} INFO - Started process (PID=6226) to work on /home/airflow/.local/lib/python3.7/site-packages/airflow/example_dags/example_bash_operator.py
[2023-01-25 22:53:18,712] {processor.py:641} INFO - Processing file /home/airflow/.local/lib/python3.7/site-packages/airflow/example_dags/example_bash_operator.py for tasks to queue
[2023-01-25 22:53:18,716] {logging_mixin.py:115} INFO - [2023-01-25 22:53:18,715] {dagbag.py:508} INFO - Filling up the DagBag from /home/airflow/.local/lib/python3.7/site-packages/airflow/example_dags/example_bash_operator.py
[2023-01-25 22:53:18,787] {processor.py:651} INFO - DAG(s) dict_keys(['example_bash_operator']) retrieved from /home/airflow/.local/lib/python3.7/site-packages/airflow/example_dags/example_bash_operator.py
[2023-01-25 22:53:18,898] {logging_mixin.py:115} INFO - [2023-01-25 22:53:18,897] {dag.py:2420} INFO - Sync 1 DAGs
[2023-01-25 22:53:19,016] {logging_mixin.py:115} INFO - [2023-01-25 22:53:19,016] {dag.py:2972} INFO - Setting next_dagrun for example_bash_operator to 2023-01-24T00:00:00+00:00, run_after=2023-01-25T00:00:00+00:00
[2023-01-25 22:53:19,056] {processor.py:161} INFO - Processing /home/airflow/.local/lib/python3.7/site-packages/airflow/example_dags/example_bash_operator.py took 0.361 seconds
[2023-01-25 22:53:49,361] {processor.py:153} INFO - Started process (PID=6340) to work on /home/airflow/.local/lib/python3.7/site-packages/airflow/example_dags/example_bash_operator.py
[2023-01-25 22:53:49,364] {processor.py:641} INFO - Processing file /home/airflow/.local/lib/python3.7/site-packages/airflow/example_dags/example_bash_operator.py for tasks to queue
[2023-01-25 22:53:49,367] {logging_mixin.py:115} INFO - [2023-01-25 22:53:49,366] {dagbag.py:508} INFO - Filling up the DagBag from /home/airflow/.local/lib/python3.7/site-packages/airflow/example_dags/example_bash_operator.py
[2023-01-25 22:53:49,421] {processor.py:651} INFO - DAG(s) dict_keys(['example_bash_operator']) retrieved from /home/airflow/.local/lib/python3.7/site-packages/airflow/example_dags/example_bash_operator.py
[2023-01-25 22:53:49,520] {logging_mixin.py:115} INFO - [2023-01-25 22:53:49,519] {dag.py:2420} INFO - Sync 1 DAGs
[2023-01-25 22:53:49,639] {logging_mixin.py:115} INFO - [2023-01-25 22:53:49,638] {dag.py:2972} INFO - Setting next_dagrun for example_bash_operator to 2023-01-24T00:00:00+00:00, run_after=2023-01-25T00:00:00+00:00
[2023-01-25 22:53:49,679] {processor.py:161} INFO - Processing /home/airflow/.local/lib/python3.7/site-packages/airflow/example_dags/example_bash_operator.py took 0.329 seconds
[2023-01-25 22:54:20,204] {processor.py:153} INFO - Started process (PID=6454) to work on /home/airflow/.local/lib/python3.7/site-packages/airflow/example_dags/example_bash_operator.py
[2023-01-25 22:54:20,207] {processor.py:641} INFO - Processing file /home/airflow/.local/lib/python3.7/site-packages/airflow/example_dags/example_bash_operator.py for tasks to queue
[2023-01-25 22:54:20,210] {logging_mixin.py:115} INFO - [2023-01-25 22:54:20,209] {dagbag.py:508} INFO - Filling up the DagBag from /home/airflow/.local/lib/python3.7/site-packages/airflow/example_dags/example_bash_operator.py
[2023-01-25 22:54:20,271] {processor.py:651} INFO - DAG(s) dict_keys(['example_bash_operator']) retrieved from /home/airflow/.local/lib/python3.7/site-packages/airflow/example_dags/example_bash_operator.py
[2023-01-25 22:54:20,375] {logging_mixin.py:115} INFO - [2023-01-25 22:54:20,375] {dag.py:2420} INFO - Sync 1 DAGs
[2023-01-25 22:54:20,482] {logging_mixin.py:115} INFO - [2023-01-25 22:54:20,481] {dag.py:2972} INFO - Setting next_dagrun for example_bash_operator to 2023-01-24T00:00:00+00:00, run_after=2023-01-25T00:00:00+00:00
[2023-01-25 22:54:20,526] {processor.py:161} INFO - Processing /home/airflow/.local/lib/python3.7/site-packages/airflow/example_dags/example_bash_operator.py took 0.332 seconds
[2023-01-25 22:54:50,961] {processor.py:153} INFO - Started process (PID=6568) to work on /home/airflow/.local/lib/python3.7/site-packages/airflow/example_dags/example_bash_operator.py
[2023-01-25 22:54:50,964] {processor.py:641} INFO - Processing file /home/airflow/.local/lib/python3.7/site-packages/airflow/example_dags/example_bash_operator.py for tasks to queue
[2023-01-25 22:54:50,967] {logging_mixin.py:115} INFO - [2023-01-25 22:54:50,966] {dagbag.py:508} INFO - Filling up the DagBag from /home/airflow/.local/lib/python3.7/site-packages/airflow/example_dags/example_bash_operator.py
[2023-01-25 22:54:51,038] {processor.py:651} INFO - DAG(s) dict_keys(['example_bash_operator']) retrieved from /home/airflow/.local/lib/python3.7/site-packages/airflow/example_dags/example_bash_operator.py
[2023-01-25 22:54:51,172] {logging_mixin.py:115} INFO - [2023-01-25 22:54:51,172] {dag.py:2420} INFO - Sync 1 DAGs
[2023-01-25 22:54:51,323] {logging_mixin.py:115} INFO - [2023-01-25 22:54:51,322] {dag.py:2972} INFO - Setting next_dagrun for example_bash_operator to 2023-01-24T00:00:00+00:00, run_after=2023-01-25T00:00:00+00:00
[2023-01-25 22:54:51,371] {processor.py:161} INFO - Processing /home/airflow/.local/lib/python3.7/site-packages/airflow/example_dags/example_bash_operator.py took 0.432 seconds
[2023-01-25 22:55:21,751] {processor.py:153} INFO - Started process (PID=6682) to work on /home/airflow/.local/lib/python3.7/site-packages/airflow/example_dags/example_bash_operator.py
[2023-01-25 22:55:21,753] {processor.py:641} INFO - Processing file /home/airflow/.local/lib/python3.7/site-packages/airflow/example_dags/example_bash_operator.py for tasks to queue
[2023-01-25 22:55:21,756] {logging_mixin.py:115} INFO - [2023-01-25 22:55:21,755] {dagbag.py:508} INFO - Filling up the DagBag from /home/airflow/.local/lib/python3.7/site-packages/airflow/example_dags/example_bash_operator.py
[2023-01-25 22:55:21,825] {processor.py:651} INFO - DAG(s) dict_keys(['example_bash_operator']) retrieved from /home/airflow/.local/lib/python3.7/site-packages/airflow/example_dags/example_bash_operator.py
[2023-01-25 22:55:21,934] {logging_mixin.py:115} INFO - [2023-01-25 22:55:21,933] {dag.py:2420} INFO - Sync 1 DAGs
[2023-01-25 22:55:22,061] {logging_mixin.py:115} INFO - [2023-01-25 22:55:22,060] {dag.py:2972} INFO - Setting next_dagrun for example_bash_operator to 2023-01-24T00:00:00+00:00, run_after=2023-01-25T00:00:00+00:00
[2023-01-25 22:55:22,103] {processor.py:161} INFO - Processing /home/airflow/.local/lib/python3.7/site-packages/airflow/example_dags/example_bash_operator.py took 0.365 seconds
[2023-01-25 23:00:17,024] {processor.py:153} INFO - Started process (PID=6746) to work on /home/airflow/.local/lib/python3.7/site-packages/airflow/example_dags/example_bash_operator.py
[2023-01-25 23:00:17,027] {processor.py:641} INFO - Processing file /home/airflow/.local/lib/python3.7/site-packages/airflow/example_dags/example_bash_operator.py for tasks to queue
[2023-01-25 23:00:17,030] {logging_mixin.py:115} INFO - [2023-01-25 23:00:17,030] {dagbag.py:508} INFO - Filling up the DagBag from /home/airflow/.local/lib/python3.7/site-packages/airflow/example_dags/example_bash_operator.py
[2023-01-25 23:00:17,145] {processor.py:651} INFO - DAG(s) dict_keys(['example_bash_operator']) retrieved from /home/airflow/.local/lib/python3.7/site-packages/airflow/example_dags/example_bash_operator.py
[2023-01-25 23:00:17,359] {logging_mixin.py:115} INFO - [2023-01-25 23:00:17,359] {dag.py:2420} INFO - Sync 1 DAGs
[2023-01-25 23:00:17,576] {logging_mixin.py:115} INFO - [2023-01-25 23:00:17,570] {dag.py:2972} INFO - Setting next_dagrun for example_bash_operator to 2023-01-24T00:00:00+00:00, run_after=2023-01-25T00:00:00+00:00
[2023-01-25 23:00:17,621] {processor.py:161} INFO - Processing /home/airflow/.local/lib/python3.7/site-packages/airflow/example_dags/example_bash_operator.py took 0.617 seconds
[2023-01-25 23:05:24,163] {processor.py:153} INFO - Started process (PID=6844) to work on /home/airflow/.local/lib/python3.7/site-packages/airflow/example_dags/example_bash_operator.py
[2023-01-25 23:05:24,168] {processor.py:641} INFO - Processing file /home/airflow/.local/lib/python3.7/site-packages/airflow/example_dags/example_bash_operator.py for tasks to queue
[2023-01-25 23:05:24,174] {logging_mixin.py:115} INFO - [2023-01-25 23:05:24,174] {dagbag.py:508} INFO - Filling up the DagBag from /home/airflow/.local/lib/python3.7/site-packages/airflow/example_dags/example_bash_operator.py
[2023-01-25 23:05:24,270] {processor.py:651} INFO - DAG(s) dict_keys(['example_bash_operator']) retrieved from /home/airflow/.local/lib/python3.7/site-packages/airflow/example_dags/example_bash_operator.py
[2023-01-25 23:05:24,454] {logging_mixin.py:115} INFO - [2023-01-25 23:05:24,453] {dag.py:2420} INFO - Sync 1 DAGs
[2023-01-25 23:05:24,664] {logging_mixin.py:115} INFO - [2023-01-25 23:05:24,664] {dag.py:2972} INFO - Setting next_dagrun for example_bash_operator to 2023-01-24T00:00:00+00:00, run_after=2023-01-25T00:00:00+00:00
[2023-01-25 23:05:24,753] {processor.py:161} INFO - Processing /home/airflow/.local/lib/python3.7/site-packages/airflow/example_dags/example_bash_operator.py took 0.621 seconds
[2023-01-25 23:05:55,016] {processor.py:153} INFO - Started process (PID=6958) to work on /home/airflow/.local/lib/python3.7/site-packages/airflow/example_dags/example_bash_operator.py
[2023-01-25 23:05:55,034] {processor.py:641} INFO - Processing file /home/airflow/.local/lib/python3.7/site-packages/airflow/example_dags/example_bash_operator.py for tasks to queue
[2023-01-25 23:05:55,043] {logging_mixin.py:115} INFO - [2023-01-25 23:05:55,043] {dagbag.py:508} INFO - Filling up the DagBag from /home/airflow/.local/lib/python3.7/site-packages/airflow/example_dags/example_bash_operator.py
[2023-01-25 23:05:55,181] {processor.py:651} INFO - DAG(s) dict_keys(['example_bash_operator']) retrieved from /home/airflow/.local/lib/python3.7/site-packages/airflow/example_dags/example_bash_operator.py
[2023-01-25 23:05:55,302] {logging_mixin.py:115} INFO - [2023-01-25 23:05:55,301] {dag.py:2420} INFO - Sync 1 DAGs
[2023-01-25 23:05:55,450] {logging_mixin.py:115} INFO - [2023-01-25 23:05:55,449] {dag.py:2972} INFO - Setting next_dagrun for example_bash_operator to 2023-01-24T00:00:00+00:00, run_after=2023-01-25T00:00:00+00:00
[2023-01-25 23:05:55,490] {processor.py:161} INFO - Processing /home/airflow/.local/lib/python3.7/site-packages/airflow/example_dags/example_bash_operator.py took 0.504 seconds
[2023-01-25 23:15:34,913] {processor.py:153} INFO - Started process (PID=7072) to work on /home/airflow/.local/lib/python3.7/site-packages/airflow/example_dags/example_bash_operator.py
[2023-01-25 23:15:34,917] {processor.py:641} INFO - Processing file /home/airflow/.local/lib/python3.7/site-packages/airflow/example_dags/example_bash_operator.py for tasks to queue
[2023-01-25 23:15:34,922] {logging_mixin.py:115} INFO - [2023-01-25 23:15:34,921] {dagbag.py:508} INFO - Filling up the DagBag from /home/airflow/.local/lib/python3.7/site-packages/airflow/example_dags/example_bash_operator.py
[2023-01-25 23:15:35,002] {processor.py:651} INFO - DAG(s) dict_keys(['example_bash_operator']) retrieved from /home/airflow/.local/lib/python3.7/site-packages/airflow/example_dags/example_bash_operator.py
[2023-01-25 23:15:35,105] {logging_mixin.py:115} INFO - [2023-01-25 23:15:35,104] {dag.py:2420} INFO - Sync 1 DAGs
[2023-01-25 23:15:35,243] {logging_mixin.py:115} INFO - [2023-01-25 23:15:35,243] {dag.py:2972} INFO - Setting next_dagrun for example_bash_operator to 2023-01-24T00:00:00+00:00, run_after=2023-01-25T00:00:00+00:00
[2023-01-25 23:15:35,340] {processor.py:161} INFO - Processing /home/airflow/.local/lib/python3.7/site-packages/airflow/example_dags/example_bash_operator.py took 0.440 seconds
[2023-01-25 23:16:07,903] {processor.py:153} INFO - Started process (PID=7185) to work on /home/airflow/.local/lib/python3.7/site-packages/airflow/example_dags/example_bash_operator.py
[2023-01-25 23:16:07,907] {processor.py:641} INFO - Processing file /home/airflow/.local/lib/python3.7/site-packages/airflow/example_dags/example_bash_operator.py for tasks to queue
[2023-01-25 23:16:07,909] {logging_mixin.py:115} INFO - [2023-01-25 23:16:07,909] {dagbag.py:508} INFO - Filling up the DagBag from /home/airflow/.local/lib/python3.7/site-packages/airflow/example_dags/example_bash_operator.py
[2023-01-25 23:16:07,959] {processor.py:651} INFO - DAG(s) dict_keys(['example_bash_operator']) retrieved from /home/airflow/.local/lib/python3.7/site-packages/airflow/example_dags/example_bash_operator.py
[2023-01-25 23:16:08,055] {logging_mixin.py:115} INFO - [2023-01-25 23:16:08,054] {dag.py:2420} INFO - Sync 1 DAGs
[2023-01-25 23:16:08,441] {logging_mixin.py:115} INFO - [2023-01-25 23:16:08,439] {dag.py:2972} INFO - Setting next_dagrun for example_bash_operator to 2023-01-24T00:00:00+00:00, run_after=2023-01-25T00:00:00+00:00
[2023-01-25 23:16:08,618] {processor.py:161} INFO - Processing /home/airflow/.local/lib/python3.7/site-packages/airflow/example_dags/example_bash_operator.py took 0.722 seconds
[2023-01-25 23:30:27,605] {processor.py:153} INFO - Started process (PID=7283) to work on /home/airflow/.local/lib/python3.7/site-packages/airflow/example_dags/example_bash_operator.py
[2023-01-25 23:30:27,607] {processor.py:641} INFO - Processing file /home/airflow/.local/lib/python3.7/site-packages/airflow/example_dags/example_bash_operator.py for tasks to queue
[2023-01-25 23:30:27,610] {logging_mixin.py:115} INFO - [2023-01-25 23:30:27,609] {dagbag.py:508} INFO - Filling up the DagBag from /home/airflow/.local/lib/python3.7/site-packages/airflow/example_dags/example_bash_operator.py
[2023-01-25 23:30:27,731] {processor.py:651} INFO - DAG(s) dict_keys(['example_bash_operator']) retrieved from /home/airflow/.local/lib/python3.7/site-packages/airflow/example_dags/example_bash_operator.py
[2023-01-25 23:30:27,889] {logging_mixin.py:115} INFO - [2023-01-25 23:30:27,888] {dag.py:2420} INFO - Sync 1 DAGs
[2023-01-25 23:30:28,019] {logging_mixin.py:115} INFO - [2023-01-25 23:30:28,018] {dag.py:2972} INFO - Setting next_dagrun for example_bash_operator to 2023-01-24T00:00:00+00:00, run_after=2023-01-25T00:00:00+00:00
[2023-01-25 23:30:28,059] {processor.py:161} INFO - Processing /home/airflow/.local/lib/python3.7/site-packages/airflow/example_dags/example_bash_operator.py took 0.464 seconds
[2023-01-25 23:30:59,269] {processor.py:153} INFO - Started process (PID=7397) to work on /home/airflow/.local/lib/python3.7/site-packages/airflow/example_dags/example_bash_operator.py
[2023-01-25 23:30:59,361] {processor.py:641} INFO - Processing file /home/airflow/.local/lib/python3.7/site-packages/airflow/example_dags/example_bash_operator.py for tasks to queue
[2023-01-25 23:30:59,371] {logging_mixin.py:115} INFO - [2023-01-25 23:30:59,370] {dagbag.py:508} INFO - Filling up the DagBag from /home/airflow/.local/lib/python3.7/site-packages/airflow/example_dags/example_bash_operator.py
[2023-01-25 23:30:59,487] {processor.py:651} INFO - DAG(s) dict_keys(['example_bash_operator']) retrieved from /home/airflow/.local/lib/python3.7/site-packages/airflow/example_dags/example_bash_operator.py
[2023-01-25 23:30:59,664] {logging_mixin.py:115} INFO - [2023-01-25 23:30:59,663] {dag.py:2420} INFO - Sync 1 DAGs
[2023-01-25 23:30:59,906] {logging_mixin.py:115} INFO - [2023-01-25 23:30:59,904] {dag.py:2972} INFO - Setting next_dagrun for example_bash_operator to 2023-01-24T00:00:00+00:00, run_after=2023-01-25T00:00:00+00:00
[2023-01-25 23:30:59,960] {processor.py:161} INFO - Processing /home/airflow/.local/lib/python3.7/site-packages/airflow/example_dags/example_bash_operator.py took 0.710 seconds
[2023-01-25 23:35:51,476] {processor.py:153} INFO - Started process (PID=7511) to work on /home/airflow/.local/lib/python3.7/site-packages/airflow/example_dags/example_bash_operator.py
[2023-01-25 23:35:51,478] {processor.py:641} INFO - Processing file /home/airflow/.local/lib/python3.7/site-packages/airflow/example_dags/example_bash_operator.py for tasks to queue
[2023-01-25 23:35:51,481] {logging_mixin.py:115} INFO - [2023-01-25 23:35:51,480] {dagbag.py:508} INFO - Filling up the DagBag from /home/airflow/.local/lib/python3.7/site-packages/airflow/example_dags/example_bash_operator.py
[2023-01-25 23:35:51,554] {processor.py:651} INFO - DAG(s) dict_keys(['example_bash_operator']) retrieved from /home/airflow/.local/lib/python3.7/site-packages/airflow/example_dags/example_bash_operator.py
[2023-01-25 23:35:51,661] {logging_mixin.py:115} INFO - [2023-01-25 23:35:51,660] {dag.py:2420} INFO - Sync 1 DAGs
[2023-01-25 23:35:51,815] {logging_mixin.py:115} INFO - [2023-01-25 23:35:51,814] {dag.py:2972} INFO - Setting next_dagrun for example_bash_operator to 2023-01-24T00:00:00+00:00, run_after=2023-01-25T00:00:00+00:00
[2023-01-25 23:35:51,854] {processor.py:161} INFO - Processing /home/airflow/.local/lib/python3.7/site-packages/airflow/example_dags/example_bash_operator.py took 0.389 seconds
[2023-01-25 23:46:02,690] {processor.py:153} INFO - Started process (PID=7625) to work on /home/airflow/.local/lib/python3.7/site-packages/airflow/example_dags/example_bash_operator.py
[2023-01-25 23:46:02,692] {processor.py:641} INFO - Processing file /home/airflow/.local/lib/python3.7/site-packages/airflow/example_dags/example_bash_operator.py for tasks to queue
[2023-01-25 23:46:02,694] {logging_mixin.py:115} INFO - [2023-01-25 23:46:02,694] {dagbag.py:508} INFO - Filling up the DagBag from /home/airflow/.local/lib/python3.7/site-packages/airflow/example_dags/example_bash_operator.py
[2023-01-25 23:46:02,746] {processor.py:651} INFO - DAG(s) dict_keys(['example_bash_operator']) retrieved from /home/airflow/.local/lib/python3.7/site-packages/airflow/example_dags/example_bash_operator.py
[2023-01-25 23:46:02,837] {logging_mixin.py:115} INFO - [2023-01-25 23:46:02,837] {dag.py:2420} INFO - Sync 1 DAGs
[2023-01-25 23:46:02,975] {logging_mixin.py:115} INFO - [2023-01-25 23:46:02,974] {dag.py:2972} INFO - Setting next_dagrun for example_bash_operator to 2023-01-24T00:00:00+00:00, run_after=2023-01-25T00:00:00+00:00
[2023-01-25 23:46:03,046] {processor.py:161} INFO - Processing /home/airflow/.local/lib/python3.7/site-packages/airflow/example_dags/example_bash_operator.py took 0.366 seconds
[2023-01-25 23:46:34,703] {processor.py:153} INFO - Started process (PID=7723) to work on /home/airflow/.local/lib/python3.7/site-packages/airflow/example_dags/example_bash_operator.py
[2023-01-25 23:46:34,705] {processor.py:641} INFO - Processing file /home/airflow/.local/lib/python3.7/site-packages/airflow/example_dags/example_bash_operator.py for tasks to queue
[2023-01-25 23:46:34,707] {logging_mixin.py:115} INFO - [2023-01-25 23:46:34,707] {dagbag.py:508} INFO - Filling up the DagBag from /home/airflow/.local/lib/python3.7/site-packages/airflow/example_dags/example_bash_operator.py
[2023-01-25 23:46:34,775] {processor.py:651} INFO - DAG(s) dict_keys(['example_bash_operator']) retrieved from /home/airflow/.local/lib/python3.7/site-packages/airflow/example_dags/example_bash_operator.py
[2023-01-25 23:46:34,881] {logging_mixin.py:115} INFO - [2023-01-25 23:46:34,881] {dag.py:2420} INFO - Sync 1 DAGs
[2023-01-25 23:46:34,986] {logging_mixin.py:115} INFO - [2023-01-25 23:46:34,985] {dag.py:2972} INFO - Setting next_dagrun for example_bash_operator to 2023-01-24T00:00:00+00:00, run_after=2023-01-25T00:00:00+00:00
[2023-01-25 23:46:35,022] {processor.py:161} INFO - Processing /home/airflow/.local/lib/python3.7/site-packages/airflow/example_dags/example_bash_operator.py took 0.327 seconds
[2023-01-25 23:59:30,999] {processor.py:153} INFO - Started process (PID=7837) to work on /home/airflow/.local/lib/python3.7/site-packages/airflow/example_dags/example_bash_operator.py
[2023-01-25 23:59:31,001] {processor.py:641} INFO - Processing file /home/airflow/.local/lib/python3.7/site-packages/airflow/example_dags/example_bash_operator.py for tasks to queue
[2023-01-25 23:59:31,003] {logging_mixin.py:115} INFO - [2023-01-25 23:59:31,003] {dagbag.py:508} INFO - Filling up the DagBag from /home/airflow/.local/lib/python3.7/site-packages/airflow/example_dags/example_bash_operator.py
[2023-01-25 23:59:31,050] {processor.py:651} INFO - DAG(s) dict_keys(['example_bash_operator']) retrieved from /home/airflow/.local/lib/python3.7/site-packages/airflow/example_dags/example_bash_operator.py
[2023-01-25 23:59:31,138] {logging_mixin.py:115} INFO - [2023-01-25 23:59:31,137] {dag.py:2420} INFO - Sync 1 DAGs
[2023-01-25 23:59:31,245] {logging_mixin.py:115} INFO - [2023-01-25 23:59:31,244] {dag.py:2972} INFO - Setting next_dagrun for example_bash_operator to 2023-01-24T00:00:00+00:00, run_after=2023-01-25T00:00:00+00:00
[2023-01-25 23:59:31,283] {processor.py:161} INFO - Processing /home/airflow/.local/lib/python3.7/site-packages/airflow/example_dags/example_bash_operator.py took 0.292 seconds
