[2023-01-25 22:25:21,260] {processor.py:153} INFO - Started process (PID=196) to work on /home/airflow/.local/lib/python3.7/site-packages/airflow/example_dags/example_latest_only_with_trigger.py
[2023-01-25 22:25:21,263] {processor.py:641} INFO - Processing file /home/airflow/.local/lib/python3.7/site-packages/airflow/example_dags/example_latest_only_with_trigger.py for tasks to queue
[2023-01-25 22:25:21,270] {logging_mixin.py:115} INFO - [2023-01-25 22:25:21,267] {dagbag.py:508} INFO - Filling up the DagBag from /home/airflow/.local/lib/python3.7/site-packages/airflow/example_dags/example_latest_only_with_trigger.py
[2023-01-25 22:25:21,319] {processor.py:651} INFO - DAG(s) dict_keys(['latest_only_with_trigger']) retrieved from /home/airflow/.local/lib/python3.7/site-packages/airflow/example_dags/example_latest_only_with_trigger.py
[2023-01-25 22:25:21,695] {logging_mixin.py:115} INFO - [2023-01-25 22:25:21,694] {dag.py:2420} INFO - Sync 1 DAGs
[2023-01-25 22:25:21,810] {logging_mixin.py:115} INFO - [2023-01-25 22:25:21,809] {dag.py:2972} INFO - Setting next_dagrun for latest_only_with_trigger to 2023-01-25T18:25:21.808076+00:00, run_after=2023-01-25T22:25:21.808076+00:00
[2023-01-25 22:25:21,851] {processor.py:161} INFO - Processing /home/airflow/.local/lib/python3.7/site-packages/airflow/example_dags/example_latest_only_with_trigger.py took 0.607 seconds
[2023-01-25 22:25:52,631] {processor.py:153} INFO - Started process (PID=310) to work on /home/airflow/.local/lib/python3.7/site-packages/airflow/example_dags/example_latest_only_with_trigger.py
[2023-01-25 22:25:52,634] {processor.py:641} INFO - Processing file /home/airflow/.local/lib/python3.7/site-packages/airflow/example_dags/example_latest_only_with_trigger.py for tasks to queue
[2023-01-25 22:25:52,644] {logging_mixin.py:115} INFO - [2023-01-25 22:25:52,643] {dagbag.py:508} INFO - Filling up the DagBag from /home/airflow/.local/lib/python3.7/site-packages/airflow/example_dags/example_latest_only_with_trigger.py
[2023-01-25 22:25:52,674] {processor.py:651} INFO - DAG(s) dict_keys(['latest_only_with_trigger']) retrieved from /home/airflow/.local/lib/python3.7/site-packages/airflow/example_dags/example_latest_only_with_trigger.py
[2023-01-25 22:25:52,931] {logging_mixin.py:115} INFO - [2023-01-25 22:25:52,930] {dag.py:2420} INFO - Sync 1 DAGs
[2023-01-25 22:25:53,037] {logging_mixin.py:115} INFO - [2023-01-25 22:25:53,036] {dag.py:2972} INFO - Setting next_dagrun for latest_only_with_trigger to 2023-01-25T18:25:53.034951+00:00, run_after=2023-01-25T22:25:53.034951+00:00
[2023-01-25 22:25:53,084] {processor.py:161} INFO - Processing /home/airflow/.local/lib/python3.7/site-packages/airflow/example_dags/example_latest_only_with_trigger.py took 0.462 seconds
[2023-01-25 22:26:24,640] {processor.py:153} INFO - Started process (PID=424) to work on /home/airflow/.local/lib/python3.7/site-packages/airflow/example_dags/example_latest_only_with_trigger.py
[2023-01-25 22:26:24,645] {processor.py:641} INFO - Processing file /home/airflow/.local/lib/python3.7/site-packages/airflow/example_dags/example_latest_only_with_trigger.py for tasks to queue
[2023-01-25 22:26:24,651] {logging_mixin.py:115} INFO - [2023-01-25 22:26:24,651] {dagbag.py:508} INFO - Filling up the DagBag from /home/airflow/.local/lib/python3.7/site-packages/airflow/example_dags/example_latest_only_with_trigger.py
[2023-01-25 22:26:24,685] {processor.py:651} INFO - DAG(s) dict_keys(['latest_only_with_trigger']) retrieved from /home/airflow/.local/lib/python3.7/site-packages/airflow/example_dags/example_latest_only_with_trigger.py
[2023-01-25 22:26:24,948] {logging_mixin.py:115} INFO - [2023-01-25 22:26:24,948] {dag.py:2420} INFO - Sync 1 DAGs
[2023-01-25 22:26:25,086] {logging_mixin.py:115} INFO - [2023-01-25 22:26:25,086] {dag.py:2972} INFO - Setting next_dagrun for latest_only_with_trigger to 2023-01-25T18:26:25.084379+00:00, run_after=2023-01-25T22:26:25.084379+00:00
[2023-01-25 22:26:25,126] {processor.py:161} INFO - Processing /home/airflow/.local/lib/python3.7/site-packages/airflow/example_dags/example_latest_only_with_trigger.py took 0.495 seconds
[2023-01-25 22:26:57,170] {processor.py:153} INFO - Started process (PID=538) to work on /home/airflow/.local/lib/python3.7/site-packages/airflow/example_dags/example_latest_only_with_trigger.py
[2023-01-25 22:26:57,173] {processor.py:641} INFO - Processing file /home/airflow/.local/lib/python3.7/site-packages/airflow/example_dags/example_latest_only_with_trigger.py for tasks to queue
[2023-01-25 22:26:57,175] {logging_mixin.py:115} INFO - [2023-01-25 22:26:57,175] {dagbag.py:508} INFO - Filling up the DagBag from /home/airflow/.local/lib/python3.7/site-packages/airflow/example_dags/example_latest_only_with_trigger.py
[2023-01-25 22:26:57,204] {processor.py:651} INFO - DAG(s) dict_keys(['latest_only_with_trigger']) retrieved from /home/airflow/.local/lib/python3.7/site-packages/airflow/example_dags/example_latest_only_with_trigger.py
[2023-01-25 22:26:57,449] {logging_mixin.py:115} INFO - [2023-01-25 22:26:57,448] {dag.py:2420} INFO - Sync 1 DAGs
[2023-01-25 22:26:57,533] {logging_mixin.py:115} INFO - [2023-01-25 22:26:57,532] {dag.py:2972} INFO - Setting next_dagrun for latest_only_with_trigger to 2023-01-25T18:26:57.531431+00:00, run_after=2023-01-25T22:26:57.531431+00:00
[2023-01-25 22:26:57,569] {processor.py:161} INFO - Processing /home/airflow/.local/lib/python3.7/site-packages/airflow/example_dags/example_latest_only_with_trigger.py took 0.406 seconds
[2023-01-25 22:27:29,883] {processor.py:153} INFO - Started process (PID=652) to work on /home/airflow/.local/lib/python3.7/site-packages/airflow/example_dags/example_latest_only_with_trigger.py
[2023-01-25 22:27:29,885] {processor.py:641} INFO - Processing file /home/airflow/.local/lib/python3.7/site-packages/airflow/example_dags/example_latest_only_with_trigger.py for tasks to queue
[2023-01-25 22:27:29,887] {logging_mixin.py:115} INFO - [2023-01-25 22:27:29,887] {dagbag.py:508} INFO - Filling up the DagBag from /home/airflow/.local/lib/python3.7/site-packages/airflow/example_dags/example_latest_only_with_trigger.py
[2023-01-25 22:27:29,914] {processor.py:651} INFO - DAG(s) dict_keys(['latest_only_with_trigger']) retrieved from /home/airflow/.local/lib/python3.7/site-packages/airflow/example_dags/example_latest_only_with_trigger.py
[2023-01-25 22:27:30,155] {logging_mixin.py:115} INFO - [2023-01-25 22:27:30,154] {dag.py:2420} INFO - Sync 1 DAGs
[2023-01-25 22:27:30,241] {logging_mixin.py:115} INFO - [2023-01-25 22:27:30,240] {dag.py:2972} INFO - Setting next_dagrun for latest_only_with_trigger to 2023-01-25T18:27:30.239249+00:00, run_after=2023-01-25T22:27:30.239249+00:00
[2023-01-25 22:27:30,276] {processor.py:161} INFO - Processing /home/airflow/.local/lib/python3.7/site-packages/airflow/example_dags/example_latest_only_with_trigger.py took 0.400 seconds
[2023-01-25 22:28:03,181] {processor.py:153} INFO - Started process (PID=767) to work on /home/airflow/.local/lib/python3.7/site-packages/airflow/example_dags/example_latest_only_with_trigger.py
[2023-01-25 22:28:03,183] {processor.py:641} INFO - Processing file /home/airflow/.local/lib/python3.7/site-packages/airflow/example_dags/example_latest_only_with_trigger.py for tasks to queue
[2023-01-25 22:28:03,185] {logging_mixin.py:115} INFO - [2023-01-25 22:28:03,185] {dagbag.py:508} INFO - Filling up the DagBag from /home/airflow/.local/lib/python3.7/site-packages/airflow/example_dags/example_latest_only_with_trigger.py
[2023-01-25 22:28:03,216] {processor.py:651} INFO - DAG(s) dict_keys(['latest_only_with_trigger']) retrieved from /home/airflow/.local/lib/python3.7/site-packages/airflow/example_dags/example_latest_only_with_trigger.py
[2023-01-25 22:28:03,474] {logging_mixin.py:115} INFO - [2023-01-25 22:28:03,473] {dag.py:2420} INFO - Sync 1 DAGs
[2023-01-25 22:28:03,566] {logging_mixin.py:115} INFO - [2023-01-25 22:28:03,566] {dag.py:2972} INFO - Setting next_dagrun for latest_only_with_trigger to 2023-01-25T18:28:03.564424+00:00, run_after=2023-01-25T22:28:03.564424+00:00
[2023-01-25 22:28:03,609] {processor.py:161} INFO - Processing /home/airflow/.local/lib/python3.7/site-packages/airflow/example_dags/example_latest_only_with_trigger.py took 0.437 seconds
[2023-01-25 22:28:37,782] {processor.py:153} INFO - Started process (PID=897) to work on /home/airflow/.local/lib/python3.7/site-packages/airflow/example_dags/example_latest_only_with_trigger.py
[2023-01-25 22:28:37,784] {processor.py:641} INFO - Processing file /home/airflow/.local/lib/python3.7/site-packages/airflow/example_dags/example_latest_only_with_trigger.py for tasks to queue
[2023-01-25 22:28:37,786] {logging_mixin.py:115} INFO - [2023-01-25 22:28:37,785] {dagbag.py:508} INFO - Filling up the DagBag from /home/airflow/.local/lib/python3.7/site-packages/airflow/example_dags/example_latest_only_with_trigger.py
[2023-01-25 22:28:37,813] {processor.py:651} INFO - DAG(s) dict_keys(['latest_only_with_trigger']) retrieved from /home/airflow/.local/lib/python3.7/site-packages/airflow/example_dags/example_latest_only_with_trigger.py
[2023-01-25 22:28:38,065] {logging_mixin.py:115} INFO - [2023-01-25 22:28:38,065] {dag.py:2420} INFO - Sync 1 DAGs
[2023-01-25 22:28:38,161] {logging_mixin.py:115} INFO - [2023-01-25 22:28:38,160] {dag.py:2972} INFO - Setting next_dagrun for latest_only_with_trigger to 2023-01-25T18:28:38.158875+00:00, run_after=2023-01-25T22:28:38.158875+00:00
[2023-01-25 22:28:38,201] {processor.py:161} INFO - Processing /home/airflow/.local/lib/python3.7/site-packages/airflow/example_dags/example_latest_only_with_trigger.py took 0.427 seconds
[2023-01-25 22:29:10,423] {processor.py:153} INFO - Started process (PID=1011) to work on /home/airflow/.local/lib/python3.7/site-packages/airflow/example_dags/example_latest_only_with_trigger.py
[2023-01-25 22:29:10,425] {processor.py:641} INFO - Processing file /home/airflow/.local/lib/python3.7/site-packages/airflow/example_dags/example_latest_only_with_trigger.py for tasks to queue
[2023-01-25 22:29:10,428] {logging_mixin.py:115} INFO - [2023-01-25 22:29:10,427] {dagbag.py:508} INFO - Filling up the DagBag from /home/airflow/.local/lib/python3.7/site-packages/airflow/example_dags/example_latest_only_with_trigger.py
[2023-01-25 22:29:10,478] {processor.py:651} INFO - DAG(s) dict_keys(['latest_only_with_trigger']) retrieved from /home/airflow/.local/lib/python3.7/site-packages/airflow/example_dags/example_latest_only_with_trigger.py
[2023-01-25 22:29:10,792] {logging_mixin.py:115} INFO - [2023-01-25 22:29:10,791] {dag.py:2420} INFO - Sync 1 DAGs
[2023-01-25 22:29:10,910] {logging_mixin.py:115} INFO - [2023-01-25 22:29:10,909] {dag.py:2972} INFO - Setting next_dagrun for latest_only_with_trigger to 2023-01-25T18:29:10.907711+00:00, run_after=2023-01-25T22:29:10.907711+00:00
[2023-01-25 22:29:10,954] {processor.py:161} INFO - Processing /home/airflow/.local/lib/python3.7/site-packages/airflow/example_dags/example_latest_only_with_trigger.py took 0.542 seconds
[2023-01-25 22:29:42,850] {processor.py:153} INFO - Started process (PID=1125) to work on /home/airflow/.local/lib/python3.7/site-packages/airflow/example_dags/example_latest_only_with_trigger.py
[2023-01-25 22:29:42,856] {processor.py:641} INFO - Processing file /home/airflow/.local/lib/python3.7/site-packages/airflow/example_dags/example_latest_only_with_trigger.py for tasks to queue
[2023-01-25 22:29:42,859] {logging_mixin.py:115} INFO - [2023-01-25 22:29:42,858] {dagbag.py:508} INFO - Filling up the DagBag from /home/airflow/.local/lib/python3.7/site-packages/airflow/example_dags/example_latest_only_with_trigger.py
[2023-01-25 22:29:42,898] {processor.py:651} INFO - DAG(s) dict_keys(['latest_only_with_trigger']) retrieved from /home/airflow/.local/lib/python3.7/site-packages/airflow/example_dags/example_latest_only_with_trigger.py
[2023-01-25 22:29:43,166] {logging_mixin.py:115} INFO - [2023-01-25 22:29:43,165] {dag.py:2420} INFO - Sync 1 DAGs
[2023-01-25 22:29:43,330] {logging_mixin.py:115} INFO - [2023-01-25 22:29:43,328] {dag.py:2972} INFO - Setting next_dagrun for latest_only_with_trigger to 2023-01-25T18:29:43.311899+00:00, run_after=2023-01-25T22:29:43.311899+00:00
[2023-01-25 22:29:43,506] {processor.py:161} INFO - Processing /home/airflow/.local/lib/python3.7/site-packages/airflow/example_dags/example_latest_only_with_trigger.py took 0.665 seconds
[2023-01-25 22:30:15,931] {processor.py:153} INFO - Started process (PID=1238) to work on /home/airflow/.local/lib/python3.7/site-packages/airflow/example_dags/example_latest_only_with_trigger.py
[2023-01-25 22:30:15,933] {processor.py:641} INFO - Processing file /home/airflow/.local/lib/python3.7/site-packages/airflow/example_dags/example_latest_only_with_trigger.py for tasks to queue
[2023-01-25 22:30:15,936] {logging_mixin.py:115} INFO - [2023-01-25 22:30:15,936] {dagbag.py:508} INFO - Filling up the DagBag from /home/airflow/.local/lib/python3.7/site-packages/airflow/example_dags/example_latest_only_with_trigger.py
[2023-01-25 22:30:15,963] {processor.py:651} INFO - DAG(s) dict_keys(['latest_only_with_trigger']) retrieved from /home/airflow/.local/lib/python3.7/site-packages/airflow/example_dags/example_latest_only_with_trigger.py
[2023-01-25 22:30:16,252] {logging_mixin.py:115} INFO - [2023-01-25 22:30:16,251] {dag.py:2420} INFO - Sync 1 DAGs
[2023-01-25 22:30:16,373] {logging_mixin.py:115} INFO - [2023-01-25 22:30:16,372] {dag.py:2972} INFO - Setting next_dagrun for latest_only_with_trigger to 2023-01-25T18:30:16.370588+00:00, run_after=2023-01-25T22:30:16.370588+00:00
[2023-01-25 22:30:16,417] {processor.py:161} INFO - Processing /home/airflow/.local/lib/python3.7/site-packages/airflow/example_dags/example_latest_only_with_trigger.py took 0.496 seconds
[2023-01-25 22:30:48,011] {processor.py:153} INFO - Started process (PID=1352) to work on /home/airflow/.local/lib/python3.7/site-packages/airflow/example_dags/example_latest_only_with_trigger.py
[2023-01-25 22:30:48,013] {processor.py:641} INFO - Processing file /home/airflow/.local/lib/python3.7/site-packages/airflow/example_dags/example_latest_only_with_trigger.py for tasks to queue
[2023-01-25 22:30:48,015] {logging_mixin.py:115} INFO - [2023-01-25 22:30:48,015] {dagbag.py:508} INFO - Filling up the DagBag from /home/airflow/.local/lib/python3.7/site-packages/airflow/example_dags/example_latest_only_with_trigger.py
[2023-01-25 22:30:48,039] {processor.py:651} INFO - DAG(s) dict_keys(['latest_only_with_trigger']) retrieved from /home/airflow/.local/lib/python3.7/site-packages/airflow/example_dags/example_latest_only_with_trigger.py
[2023-01-25 22:30:48,293] {logging_mixin.py:115} INFO - [2023-01-25 22:30:48,292] {dag.py:2420} INFO - Sync 1 DAGs
[2023-01-25 22:30:48,384] {logging_mixin.py:115} INFO - [2023-01-25 22:30:48,383] {dag.py:2972} INFO - Setting next_dagrun for latest_only_with_trigger to 2023-01-25T18:30:48.382247+00:00, run_after=2023-01-25T22:30:48.382247+00:00
[2023-01-25 22:30:48,421] {processor.py:161} INFO - Processing /home/airflow/.local/lib/python3.7/site-packages/airflow/example_dags/example_latest_only_with_trigger.py took 0.419 seconds
[2023-01-25 22:31:20,385] {processor.py:153} INFO - Started process (PID=1465) to work on /home/airflow/.local/lib/python3.7/site-packages/airflow/example_dags/example_latest_only_with_trigger.py
[2023-01-25 22:31:20,388] {processor.py:641} INFO - Processing file /home/airflow/.local/lib/python3.7/site-packages/airflow/example_dags/example_latest_only_with_trigger.py for tasks to queue
[2023-01-25 22:31:20,390] {logging_mixin.py:115} INFO - [2023-01-25 22:31:20,389] {dagbag.py:508} INFO - Filling up the DagBag from /home/airflow/.local/lib/python3.7/site-packages/airflow/example_dags/example_latest_only_with_trigger.py
[2023-01-25 22:31:20,413] {processor.py:651} INFO - DAG(s) dict_keys(['latest_only_with_trigger']) retrieved from /home/airflow/.local/lib/python3.7/site-packages/airflow/example_dags/example_latest_only_with_trigger.py
[2023-01-25 22:31:20,669] {logging_mixin.py:115} INFO - [2023-01-25 22:31:20,669] {dag.py:2420} INFO - Sync 1 DAGs
[2023-01-25 22:31:20,754] {logging_mixin.py:115} INFO - [2023-01-25 22:31:20,753] {dag.py:2972} INFO - Setting next_dagrun for latest_only_with_trigger to 2023-01-25T18:31:20.752084+00:00, run_after=2023-01-25T22:31:20.752084+00:00
[2023-01-25 22:31:20,789] {processor.py:161} INFO - Processing /home/airflow/.local/lib/python3.7/site-packages/airflow/example_dags/example_latest_only_with_trigger.py took 0.411 seconds
[2023-01-25 22:31:51,368] {processor.py:153} INFO - Started process (PID=1578) to work on /home/airflow/.local/lib/python3.7/site-packages/airflow/example_dags/example_latest_only_with_trigger.py
[2023-01-25 22:31:51,371] {processor.py:641} INFO - Processing file /home/airflow/.local/lib/python3.7/site-packages/airflow/example_dags/example_latest_only_with_trigger.py for tasks to queue
[2023-01-25 22:31:51,373] {logging_mixin.py:115} INFO - [2023-01-25 22:31:51,373] {dagbag.py:508} INFO - Filling up the DagBag from /home/airflow/.local/lib/python3.7/site-packages/airflow/example_dags/example_latest_only_with_trigger.py
[2023-01-25 22:31:51,399] {processor.py:651} INFO - DAG(s) dict_keys(['latest_only_with_trigger']) retrieved from /home/airflow/.local/lib/python3.7/site-packages/airflow/example_dags/example_latest_only_with_trigger.py
[2023-01-25 22:31:51,658] {logging_mixin.py:115} INFO - [2023-01-25 22:31:51,657] {dag.py:2420} INFO - Sync 1 DAGs
[2023-01-25 22:31:51,763] {logging_mixin.py:115} INFO - [2023-01-25 22:31:51,762] {dag.py:2972} INFO - Setting next_dagrun for latest_only_with_trigger to 2023-01-25T18:31:51.761078+00:00, run_after=2023-01-25T22:31:51.761078+00:00
[2023-01-25 22:31:51,801] {processor.py:161} INFO - Processing /home/airflow/.local/lib/python3.7/site-packages/airflow/example_dags/example_latest_only_with_trigger.py took 0.441 seconds
[2023-01-25 22:32:22,243] {processor.py:153} INFO - Started process (PID=1689) to work on /home/airflow/.local/lib/python3.7/site-packages/airflow/example_dags/example_latest_only_with_trigger.py
[2023-01-25 22:32:22,245] {processor.py:641} INFO - Processing file /home/airflow/.local/lib/python3.7/site-packages/airflow/example_dags/example_latest_only_with_trigger.py for tasks to queue
[2023-01-25 22:32:22,247] {logging_mixin.py:115} INFO - [2023-01-25 22:32:22,247] {dagbag.py:508} INFO - Filling up the DagBag from /home/airflow/.local/lib/python3.7/site-packages/airflow/example_dags/example_latest_only_with_trigger.py
[2023-01-25 22:32:22,268] {processor.py:651} INFO - DAG(s) dict_keys(['latest_only_with_trigger']) retrieved from /home/airflow/.local/lib/python3.7/site-packages/airflow/example_dags/example_latest_only_with_trigger.py
[2023-01-25 22:32:22,518] {logging_mixin.py:115} INFO - [2023-01-25 22:32:22,518] {dag.py:2420} INFO - Sync 1 DAGs
[2023-01-25 22:32:22,629] {logging_mixin.py:115} INFO - [2023-01-25 22:32:22,628] {dag.py:2972} INFO - Setting next_dagrun for latest_only_with_trigger to 2023-01-25T18:32:22.626524+00:00, run_after=2023-01-25T22:32:22.626524+00:00
[2023-01-25 22:32:22,669] {processor.py:161} INFO - Processing /home/airflow/.local/lib/python3.7/site-packages/airflow/example_dags/example_latest_only_with_trigger.py took 0.434 seconds
[2023-01-25 22:32:53,528] {processor.py:153} INFO - Started process (PID=1803) to work on /home/airflow/.local/lib/python3.7/site-packages/airflow/example_dags/example_latest_only_with_trigger.py
[2023-01-25 22:32:53,531] {processor.py:641} INFO - Processing file /home/airflow/.local/lib/python3.7/site-packages/airflow/example_dags/example_latest_only_with_trigger.py for tasks to queue
[2023-01-25 22:32:53,534] {logging_mixin.py:115} INFO - [2023-01-25 22:32:53,533] {dagbag.py:508} INFO - Filling up the DagBag from /home/airflow/.local/lib/python3.7/site-packages/airflow/example_dags/example_latest_only_with_trigger.py
[2023-01-25 22:32:53,561] {processor.py:651} INFO - DAG(s) dict_keys(['latest_only_with_trigger']) retrieved from /home/airflow/.local/lib/python3.7/site-packages/airflow/example_dags/example_latest_only_with_trigger.py
[2023-01-25 22:32:53,822] {logging_mixin.py:115} INFO - [2023-01-25 22:32:53,821] {dag.py:2420} INFO - Sync 1 DAGs
[2023-01-25 22:32:53,922] {logging_mixin.py:115} INFO - [2023-01-25 22:32:53,922] {dag.py:2972} INFO - Setting next_dagrun for latest_only_with_trigger to 2023-01-25T18:32:53.920734+00:00, run_after=2023-01-25T22:32:53.920734+00:00
[2023-01-25 22:32:53,965] {processor.py:161} INFO - Processing /home/airflow/.local/lib/python3.7/site-packages/airflow/example_dags/example_latest_only_with_trigger.py took 0.445 seconds
[2023-01-25 22:33:26,430] {processor.py:153} INFO - Started process (PID=1917) to work on /home/airflow/.local/lib/python3.7/site-packages/airflow/example_dags/example_latest_only_with_trigger.py
[2023-01-25 22:33:26,433] {processor.py:641} INFO - Processing file /home/airflow/.local/lib/python3.7/site-packages/airflow/example_dags/example_latest_only_with_trigger.py for tasks to queue
[2023-01-25 22:33:26,435] {logging_mixin.py:115} INFO - [2023-01-25 22:33:26,435] {dagbag.py:508} INFO - Filling up the DagBag from /home/airflow/.local/lib/python3.7/site-packages/airflow/example_dags/example_latest_only_with_trigger.py
[2023-01-25 22:33:26,457] {processor.py:651} INFO - DAG(s) dict_keys(['latest_only_with_trigger']) retrieved from /home/airflow/.local/lib/python3.7/site-packages/airflow/example_dags/example_latest_only_with_trigger.py
[2023-01-25 22:33:26,728] {logging_mixin.py:115} INFO - [2023-01-25 22:33:26,728] {dag.py:2420} INFO - Sync 1 DAGs
[2023-01-25 22:33:26,827] {logging_mixin.py:115} INFO - [2023-01-25 22:33:26,827] {dag.py:2972} INFO - Setting next_dagrun for latest_only_with_trigger to 2023-01-25T18:33:26.825296+00:00, run_after=2023-01-25T22:33:26.825296+00:00
[2023-01-25 22:33:26,869] {processor.py:161} INFO - Processing /home/airflow/.local/lib/python3.7/site-packages/airflow/example_dags/example_latest_only_with_trigger.py took 0.447 seconds
[2023-01-25 22:33:57,957] {processor.py:153} INFO - Started process (PID=2029) to work on /home/airflow/.local/lib/python3.7/site-packages/airflow/example_dags/example_latest_only_with_trigger.py
[2023-01-25 22:33:57,959] {processor.py:641} INFO - Processing file /home/airflow/.local/lib/python3.7/site-packages/airflow/example_dags/example_latest_only_with_trigger.py for tasks to queue
[2023-01-25 22:33:57,961] {logging_mixin.py:115} INFO - [2023-01-25 22:33:57,960] {dagbag.py:508} INFO - Filling up the DagBag from /home/airflow/.local/lib/python3.7/site-packages/airflow/example_dags/example_latest_only_with_trigger.py
[2023-01-25 22:33:57,982] {processor.py:651} INFO - DAG(s) dict_keys(['latest_only_with_trigger']) retrieved from /home/airflow/.local/lib/python3.7/site-packages/airflow/example_dags/example_latest_only_with_trigger.py
[2023-01-25 22:33:58,233] {logging_mixin.py:115} INFO - [2023-01-25 22:33:58,233] {dag.py:2420} INFO - Sync 1 DAGs
[2023-01-25 22:33:58,321] {logging_mixin.py:115} INFO - [2023-01-25 22:33:58,321] {dag.py:2972} INFO - Setting next_dagrun for latest_only_with_trigger to 2023-01-25T18:33:58.319964+00:00, run_after=2023-01-25T22:33:58.319964+00:00
[2023-01-25 22:33:58,360] {processor.py:161} INFO - Processing /home/airflow/.local/lib/python3.7/site-packages/airflow/example_dags/example_latest_only_with_trigger.py took 0.411 seconds
[2023-01-25 22:34:29,878] {processor.py:153} INFO - Started process (PID=2147) to work on /home/airflow/.local/lib/python3.7/site-packages/airflow/example_dags/example_latest_only_with_trigger.py
[2023-01-25 22:34:29,880] {processor.py:641} INFO - Processing file /home/airflow/.local/lib/python3.7/site-packages/airflow/example_dags/example_latest_only_with_trigger.py for tasks to queue
[2023-01-25 22:34:29,882] {logging_mixin.py:115} INFO - [2023-01-25 22:34:29,882] {dagbag.py:508} INFO - Filling up the DagBag from /home/airflow/.local/lib/python3.7/site-packages/airflow/example_dags/example_latest_only_with_trigger.py
[2023-01-25 22:34:29,902] {processor.py:651} INFO - DAG(s) dict_keys(['latest_only_with_trigger']) retrieved from /home/airflow/.local/lib/python3.7/site-packages/airflow/example_dags/example_latest_only_with_trigger.py
[2023-01-25 22:34:30,138] {logging_mixin.py:115} INFO - [2023-01-25 22:34:30,138] {dag.py:2420} INFO - Sync 1 DAGs
[2023-01-25 22:34:30,233] {logging_mixin.py:115} INFO - [2023-01-25 22:34:30,233] {dag.py:2972} INFO - Setting next_dagrun for latest_only_with_trigger to 2023-01-25T18:34:30.231557+00:00, run_after=2023-01-25T22:34:30.231557+00:00
[2023-01-25 22:34:30,276] {processor.py:161} INFO - Processing /home/airflow/.local/lib/python3.7/site-packages/airflow/example_dags/example_latest_only_with_trigger.py took 0.405 seconds
[2023-01-25 22:35:01,755] {processor.py:153} INFO - Started process (PID=2260) to work on /home/airflow/.local/lib/python3.7/site-packages/airflow/example_dags/example_latest_only_with_trigger.py
[2023-01-25 22:35:01,757] {processor.py:641} INFO - Processing file /home/airflow/.local/lib/python3.7/site-packages/airflow/example_dags/example_latest_only_with_trigger.py for tasks to queue
[2023-01-25 22:35:01,759] {logging_mixin.py:115} INFO - [2023-01-25 22:35:01,759] {dagbag.py:508} INFO - Filling up the DagBag from /home/airflow/.local/lib/python3.7/site-packages/airflow/example_dags/example_latest_only_with_trigger.py
[2023-01-25 22:35:01,784] {processor.py:651} INFO - DAG(s) dict_keys(['latest_only_with_trigger']) retrieved from /home/airflow/.local/lib/python3.7/site-packages/airflow/example_dags/example_latest_only_with_trigger.py
[2023-01-25 22:35:01,878] {logging_mixin.py:115} INFO - [2023-01-25 22:35:01,878] {dag.py:2420} INFO - Sync 1 DAGs
[2023-01-25 22:35:01,968] {logging_mixin.py:115} INFO - [2023-01-25 22:35:01,968] {dag.py:2972} INFO - Setting next_dagrun for latest_only_with_trigger to 2023-01-25T18:35:01.966703+00:00, run_after=2023-01-25T22:35:01.966703+00:00
[2023-01-25 22:35:02,003] {processor.py:161} INFO - Processing /home/airflow/.local/lib/python3.7/site-packages/airflow/example_dags/example_latest_only_with_trigger.py took 0.256 seconds
[2023-01-25 22:35:32,204] {processor.py:153} INFO - Started process (PID=2369) to work on /home/airflow/.local/lib/python3.7/site-packages/airflow/example_dags/example_latest_only_with_trigger.py
[2023-01-25 22:35:32,206] {processor.py:641} INFO - Processing file /home/airflow/.local/lib/python3.7/site-packages/airflow/example_dags/example_latest_only_with_trigger.py for tasks to queue
[2023-01-25 22:35:32,209] {logging_mixin.py:115} INFO - [2023-01-25 22:35:32,209] {dagbag.py:508} INFO - Filling up the DagBag from /home/airflow/.local/lib/python3.7/site-packages/airflow/example_dags/example_latest_only_with_trigger.py
[2023-01-25 22:35:32,233] {processor.py:651} INFO - DAG(s) dict_keys(['latest_only_with_trigger']) retrieved from /home/airflow/.local/lib/python3.7/site-packages/airflow/example_dags/example_latest_only_with_trigger.py
[2023-01-25 22:35:32,328] {logging_mixin.py:115} INFO - [2023-01-25 22:35:32,327] {dag.py:2420} INFO - Sync 1 DAGs
[2023-01-25 22:35:32,436] {logging_mixin.py:115} INFO - [2023-01-25 22:35:32,435] {dag.py:2972} INFO - Setting next_dagrun for latest_only_with_trigger to 2023-01-25T18:35:32.433921+00:00, run_after=2023-01-25T22:35:32.433921+00:00
[2023-01-25 22:35:32,476] {processor.py:161} INFO - Processing /home/airflow/.local/lib/python3.7/site-packages/airflow/example_dags/example_latest_only_with_trigger.py took 0.282 seconds
[2023-01-25 22:36:02,561] {processor.py:153} INFO - Started process (PID=2483) to work on /home/airflow/.local/lib/python3.7/site-packages/airflow/example_dags/example_latest_only_with_trigger.py
[2023-01-25 22:36:02,564] {processor.py:641} INFO - Processing file /home/airflow/.local/lib/python3.7/site-packages/airflow/example_dags/example_latest_only_with_trigger.py for tasks to queue
[2023-01-25 22:36:02,567] {logging_mixin.py:115} INFO - [2023-01-25 22:36:02,567] {dagbag.py:508} INFO - Filling up the DagBag from /home/airflow/.local/lib/python3.7/site-packages/airflow/example_dags/example_latest_only_with_trigger.py
[2023-01-25 22:36:02,593] {processor.py:651} INFO - DAG(s) dict_keys(['latest_only_with_trigger']) retrieved from /home/airflow/.local/lib/python3.7/site-packages/airflow/example_dags/example_latest_only_with_trigger.py
[2023-01-25 22:36:02,728] {logging_mixin.py:115} INFO - [2023-01-25 22:36:02,727] {dag.py:2420} INFO - Sync 1 DAGs
[2023-01-25 22:36:02,840] {logging_mixin.py:115} INFO - [2023-01-25 22:36:02,839] {dag.py:2972} INFO - Setting next_dagrun for latest_only_with_trigger to 2023-01-25T18:36:02.837903+00:00, run_after=2023-01-25T22:36:02.837903+00:00
[2023-01-25 22:36:02,890] {processor.py:161} INFO - Processing /home/airflow/.local/lib/python3.7/site-packages/airflow/example_dags/example_latest_only_with_trigger.py took 0.339 seconds
[2023-01-25 22:36:33,562] {processor.py:153} INFO - Started process (PID=2597) to work on /home/airflow/.local/lib/python3.7/site-packages/airflow/example_dags/example_latest_only_with_trigger.py
[2023-01-25 22:36:33,565] {processor.py:641} INFO - Processing file /home/airflow/.local/lib/python3.7/site-packages/airflow/example_dags/example_latest_only_with_trigger.py for tasks to queue
[2023-01-25 22:36:33,567] {logging_mixin.py:115} INFO - [2023-01-25 22:36:33,567] {dagbag.py:508} INFO - Filling up the DagBag from /home/airflow/.local/lib/python3.7/site-packages/airflow/example_dags/example_latest_only_with_trigger.py
[2023-01-25 22:36:33,589] {processor.py:651} INFO - DAG(s) dict_keys(['latest_only_with_trigger']) retrieved from /home/airflow/.local/lib/python3.7/site-packages/airflow/example_dags/example_latest_only_with_trigger.py
[2023-01-25 22:36:33,670] {logging_mixin.py:115} INFO - [2023-01-25 22:36:33,670] {dag.py:2420} INFO - Sync 1 DAGs
[2023-01-25 22:36:33,769] {logging_mixin.py:115} INFO - [2023-01-25 22:36:33,768] {dag.py:2972} INFO - Setting next_dagrun for latest_only_with_trigger to 2023-01-25T18:36:33.767058+00:00, run_after=2023-01-25T22:36:33.767058+00:00
[2023-01-25 22:36:33,810] {processor.py:161} INFO - Processing /home/airflow/.local/lib/python3.7/site-packages/airflow/example_dags/example_latest_only_with_trigger.py took 0.257 seconds
[2023-01-25 22:37:04,037] {processor.py:153} INFO - Started process (PID=2702) to work on /home/airflow/.local/lib/python3.7/site-packages/airflow/example_dags/example_latest_only_with_trigger.py
[2023-01-25 22:37:04,039] {processor.py:641} INFO - Processing file /home/airflow/.local/lib/python3.7/site-packages/airflow/example_dags/example_latest_only_with_trigger.py for tasks to queue
[2023-01-25 22:37:04,041] {logging_mixin.py:115} INFO - [2023-01-25 22:37:04,041] {dagbag.py:508} INFO - Filling up the DagBag from /home/airflow/.local/lib/python3.7/site-packages/airflow/example_dags/example_latest_only_with_trigger.py
[2023-01-25 22:37:04,065] {processor.py:651} INFO - DAG(s) dict_keys(['latest_only_with_trigger']) retrieved from /home/airflow/.local/lib/python3.7/site-packages/airflow/example_dags/example_latest_only_with_trigger.py
[2023-01-25 22:37:04,147] {logging_mixin.py:115} INFO - [2023-01-25 22:37:04,147] {dag.py:2420} INFO - Sync 1 DAGs
[2023-01-25 22:37:04,243] {logging_mixin.py:115} INFO - [2023-01-25 22:37:04,243] {dag.py:2972} INFO - Setting next_dagrun for latest_only_with_trigger to 2023-01-25T18:37:04.241518+00:00, run_after=2023-01-25T22:37:04.241518+00:00
[2023-01-25 22:37:04,283] {processor.py:161} INFO - Processing /home/airflow/.local/lib/python3.7/site-packages/airflow/example_dags/example_latest_only_with_trigger.py took 0.256 seconds
[2023-01-25 22:37:36,288] {processor.py:153} INFO - Started process (PID=2824) to work on /home/airflow/.local/lib/python3.7/site-packages/airflow/example_dags/example_latest_only_with_trigger.py
[2023-01-25 22:37:36,290] {processor.py:641} INFO - Processing file /home/airflow/.local/lib/python3.7/site-packages/airflow/example_dags/example_latest_only_with_trigger.py for tasks to queue
[2023-01-25 22:37:36,293] {logging_mixin.py:115} INFO - [2023-01-25 22:37:36,292] {dagbag.py:508} INFO - Filling up the DagBag from /home/airflow/.local/lib/python3.7/site-packages/airflow/example_dags/example_latest_only_with_trigger.py
[2023-01-25 22:37:36,317] {processor.py:651} INFO - DAG(s) dict_keys(['latest_only_with_trigger']) retrieved from /home/airflow/.local/lib/python3.7/site-packages/airflow/example_dags/example_latest_only_with_trigger.py
[2023-01-25 22:37:36,405] {logging_mixin.py:115} INFO - [2023-01-25 22:37:36,405] {dag.py:2420} INFO - Sync 1 DAGs
[2023-01-25 22:37:36,506] {logging_mixin.py:115} INFO - [2023-01-25 22:37:36,506] {dag.py:2972} INFO - Setting next_dagrun for latest_only_with_trigger to 2023-01-25T18:37:36.504227+00:00, run_after=2023-01-25T22:37:36.504227+00:00
[2023-01-25 22:37:36,554] {processor.py:161} INFO - Processing /home/airflow/.local/lib/python3.7/site-packages/airflow/example_dags/example_latest_only_with_trigger.py took 0.275 seconds
[2023-01-25 22:38:08,851] {processor.py:153} INFO - Started process (PID=2936) to work on /home/airflow/.local/lib/python3.7/site-packages/airflow/example_dags/example_latest_only_with_trigger.py
[2023-01-25 22:38:08,860] {processor.py:641} INFO - Processing file /home/airflow/.local/lib/python3.7/site-packages/airflow/example_dags/example_latest_only_with_trigger.py for tasks to queue
[2023-01-25 22:38:08,866] {logging_mixin.py:115} INFO - [2023-01-25 22:38:08,863] {dagbag.py:508} INFO - Filling up the DagBag from /home/airflow/.local/lib/python3.7/site-packages/airflow/example_dags/example_latest_only_with_trigger.py
[2023-01-25 22:38:08,920] {processor.py:651} INFO - DAG(s) dict_keys(['latest_only_with_trigger']) retrieved from /home/airflow/.local/lib/python3.7/site-packages/airflow/example_dags/example_latest_only_with_trigger.py
[2023-01-25 22:38:09,212] {logging_mixin.py:115} INFO - [2023-01-25 22:38:09,208] {dag.py:2420} INFO - Sync 1 DAGs
[2023-01-25 22:38:09,426] {logging_mixin.py:115} INFO - [2023-01-25 22:38:09,426] {dag.py:2972} INFO - Setting next_dagrun for latest_only_with_trigger to 2023-01-25T18:38:09.424465+00:00, run_after=2023-01-25T22:38:09.424465+00:00
[2023-01-25 22:38:09,484] {processor.py:161} INFO - Processing /home/airflow/.local/lib/python3.7/site-packages/airflow/example_dags/example_latest_only_with_trigger.py took 0.660 seconds
[2023-01-25 22:38:39,857] {processor.py:153} INFO - Started process (PID=3050) to work on /home/airflow/.local/lib/python3.7/site-packages/airflow/example_dags/example_latest_only_with_trigger.py
[2023-01-25 22:38:39,859] {processor.py:641} INFO - Processing file /home/airflow/.local/lib/python3.7/site-packages/airflow/example_dags/example_latest_only_with_trigger.py for tasks to queue
[2023-01-25 22:38:39,870] {logging_mixin.py:115} INFO - [2023-01-25 22:38:39,870] {dagbag.py:508} INFO - Filling up the DagBag from /home/airflow/.local/lib/python3.7/site-packages/airflow/example_dags/example_latest_only_with_trigger.py
[2023-01-25 22:38:39,904] {processor.py:651} INFO - DAG(s) dict_keys(['latest_only_with_trigger']) retrieved from /home/airflow/.local/lib/python3.7/site-packages/airflow/example_dags/example_latest_only_with_trigger.py
[2023-01-25 22:38:40,052] {logging_mixin.py:115} INFO - [2023-01-25 22:38:40,051] {dag.py:2420} INFO - Sync 1 DAGs
[2023-01-25 22:38:40,160] {logging_mixin.py:115} INFO - [2023-01-25 22:38:40,159] {dag.py:2972} INFO - Setting next_dagrun for latest_only_with_trigger to 2023-01-25T18:38:40.157429+00:00, run_after=2023-01-25T22:38:40.157429+00:00
[2023-01-25 22:38:40,206] {processor.py:161} INFO - Processing /home/airflow/.local/lib/python3.7/site-packages/airflow/example_dags/example_latest_only_with_trigger.py took 0.359 seconds
[2023-01-25 22:39:13,984] {processor.py:153} INFO - Started process (PID=3169) to work on /home/airflow/.local/lib/python3.7/site-packages/airflow/example_dags/example_latest_only_with_trigger.py
[2023-01-25 22:39:13,986] {processor.py:641} INFO - Processing file /home/airflow/.local/lib/python3.7/site-packages/airflow/example_dags/example_latest_only_with_trigger.py for tasks to queue
[2023-01-25 22:39:13,988] {logging_mixin.py:115} INFO - [2023-01-25 22:39:13,988] {dagbag.py:508} INFO - Filling up the DagBag from /home/airflow/.local/lib/python3.7/site-packages/airflow/example_dags/example_latest_only_with_trigger.py
[2023-01-25 22:39:14,014] {processor.py:651} INFO - DAG(s) dict_keys(['latest_only_with_trigger']) retrieved from /home/airflow/.local/lib/python3.7/site-packages/airflow/example_dags/example_latest_only_with_trigger.py
[2023-01-25 22:39:14,096] {logging_mixin.py:115} INFO - [2023-01-25 22:39:14,096] {dag.py:2420} INFO - Sync 1 DAGs
[2023-01-25 22:39:14,202] {logging_mixin.py:115} INFO - [2023-01-25 22:39:14,201] {dag.py:2972} INFO - Setting next_dagrun for latest_only_with_trigger to 2023-01-25T18:39:14.200370+00:00, run_after=2023-01-25T22:39:14.200370+00:00
[2023-01-25 22:39:14,245] {processor.py:161} INFO - Processing /home/airflow/.local/lib/python3.7/site-packages/airflow/example_dags/example_latest_only_with_trigger.py took 0.270 seconds
[2023-01-25 22:39:46,553] {processor.py:153} INFO - Started process (PID=3282) to work on /home/airflow/.local/lib/python3.7/site-packages/airflow/example_dags/example_latest_only_with_trigger.py
[2023-01-25 22:39:46,554] {processor.py:641} INFO - Processing file /home/airflow/.local/lib/python3.7/site-packages/airflow/example_dags/example_latest_only_with_trigger.py for tasks to queue
[2023-01-25 22:39:46,557] {logging_mixin.py:115} INFO - [2023-01-25 22:39:46,556] {dagbag.py:508} INFO - Filling up the DagBag from /home/airflow/.local/lib/python3.7/site-packages/airflow/example_dags/example_latest_only_with_trigger.py
[2023-01-25 22:39:46,579] {processor.py:651} INFO - DAG(s) dict_keys(['latest_only_with_trigger']) retrieved from /home/airflow/.local/lib/python3.7/site-packages/airflow/example_dags/example_latest_only_with_trigger.py
[2023-01-25 22:39:46,658] {logging_mixin.py:115} INFO - [2023-01-25 22:39:46,658] {dag.py:2420} INFO - Sync 1 DAGs
[2023-01-25 22:39:46,769] {logging_mixin.py:115} INFO - [2023-01-25 22:39:46,768] {dag.py:2972} INFO - Setting next_dagrun for latest_only_with_trigger to 2023-01-25T18:39:46.767105+00:00, run_after=2023-01-25T22:39:46.767105+00:00
[2023-01-25 22:39:46,816] {processor.py:161} INFO - Processing /home/airflow/.local/lib/python3.7/site-packages/airflow/example_dags/example_latest_only_with_trigger.py took 0.270 seconds
[2023-01-25 22:40:19,173] {processor.py:153} INFO - Started process (PID=3396) to work on /home/airflow/.local/lib/python3.7/site-packages/airflow/example_dags/example_latest_only_with_trigger.py
[2023-01-25 22:40:19,174] {processor.py:641} INFO - Processing file /home/airflow/.local/lib/python3.7/site-packages/airflow/example_dags/example_latest_only_with_trigger.py for tasks to queue
[2023-01-25 22:40:19,176] {logging_mixin.py:115} INFO - [2023-01-25 22:40:19,176] {dagbag.py:508} INFO - Filling up the DagBag from /home/airflow/.local/lib/python3.7/site-packages/airflow/example_dags/example_latest_only_with_trigger.py
[2023-01-25 22:40:19,197] {processor.py:651} INFO - DAG(s) dict_keys(['latest_only_with_trigger']) retrieved from /home/airflow/.local/lib/python3.7/site-packages/airflow/example_dags/example_latest_only_with_trigger.py
[2023-01-25 22:40:19,283] {logging_mixin.py:115} INFO - [2023-01-25 22:40:19,282] {dag.py:2420} INFO - Sync 1 DAGs
[2023-01-25 22:40:19,387] {logging_mixin.py:115} INFO - [2023-01-25 22:40:19,387] {dag.py:2972} INFO - Setting next_dagrun for latest_only_with_trigger to 2023-01-25T18:40:19.385879+00:00, run_after=2023-01-25T22:40:19.385879+00:00
[2023-01-25 22:40:19,426] {processor.py:161} INFO - Processing /home/airflow/.local/lib/python3.7/site-packages/airflow/example_dags/example_latest_only_with_trigger.py took 0.262 seconds
[2023-01-25 22:40:52,278] {processor.py:153} INFO - Started process (PID=3510) to work on /home/airflow/.local/lib/python3.7/site-packages/airflow/example_dags/example_latest_only_with_trigger.py
[2023-01-25 22:40:52,280] {processor.py:641} INFO - Processing file /home/airflow/.local/lib/python3.7/site-packages/airflow/example_dags/example_latest_only_with_trigger.py for tasks to queue
[2023-01-25 22:40:52,282] {logging_mixin.py:115} INFO - [2023-01-25 22:40:52,282] {dagbag.py:508} INFO - Filling up the DagBag from /home/airflow/.local/lib/python3.7/site-packages/airflow/example_dags/example_latest_only_with_trigger.py
[2023-01-25 22:40:52,305] {processor.py:651} INFO - DAG(s) dict_keys(['latest_only_with_trigger']) retrieved from /home/airflow/.local/lib/python3.7/site-packages/airflow/example_dags/example_latest_only_with_trigger.py
[2023-01-25 22:40:52,389] {logging_mixin.py:115} INFO - [2023-01-25 22:40:52,388] {dag.py:2420} INFO - Sync 1 DAGs
[2023-01-25 22:40:52,483] {logging_mixin.py:115} INFO - [2023-01-25 22:40:52,483] {dag.py:2972} INFO - Setting next_dagrun for latest_only_with_trigger to 2023-01-25T18:40:52.481520+00:00, run_after=2023-01-25T22:40:52.481520+00:00
[2023-01-25 22:40:52,522] {processor.py:161} INFO - Processing /home/airflow/.local/lib/python3.7/site-packages/airflow/example_dags/example_latest_only_with_trigger.py took 0.252 seconds
[2023-01-25 22:41:24,902] {processor.py:153} INFO - Started process (PID=3625) to work on /home/airflow/.local/lib/python3.7/site-packages/airflow/example_dags/example_latest_only_with_trigger.py
[2023-01-25 22:41:24,904] {processor.py:641} INFO - Processing file /home/airflow/.local/lib/python3.7/site-packages/airflow/example_dags/example_latest_only_with_trigger.py for tasks to queue
[2023-01-25 22:41:24,906] {logging_mixin.py:115} INFO - [2023-01-25 22:41:24,906] {dagbag.py:508} INFO - Filling up the DagBag from /home/airflow/.local/lib/python3.7/site-packages/airflow/example_dags/example_latest_only_with_trigger.py
[2023-01-25 22:41:24,928] {processor.py:651} INFO - DAG(s) dict_keys(['latest_only_with_trigger']) retrieved from /home/airflow/.local/lib/python3.7/site-packages/airflow/example_dags/example_latest_only_with_trigger.py
[2023-01-25 22:41:25,015] {logging_mixin.py:115} INFO - [2023-01-25 22:41:25,014] {dag.py:2420} INFO - Sync 1 DAGs
[2023-01-25 22:41:25,108] {logging_mixin.py:115} INFO - [2023-01-25 22:41:25,108] {dag.py:2972} INFO - Setting next_dagrun for latest_only_with_trigger to 2023-01-25T18:41:25.106463+00:00, run_after=2023-01-25T22:41:25.106463+00:00
[2023-01-25 22:41:25,147] {processor.py:161} INFO - Processing /home/airflow/.local/lib/python3.7/site-packages/airflow/example_dags/example_latest_only_with_trigger.py took 0.253 seconds
[2023-01-25 22:41:57,748] {processor.py:153} INFO - Started process (PID=3738) to work on /home/airflow/.local/lib/python3.7/site-packages/airflow/example_dags/example_latest_only_with_trigger.py
[2023-01-25 22:41:57,749] {processor.py:641} INFO - Processing file /home/airflow/.local/lib/python3.7/site-packages/airflow/example_dags/example_latest_only_with_trigger.py for tasks to queue
[2023-01-25 22:41:57,751] {logging_mixin.py:115} INFO - [2023-01-25 22:41:57,751] {dagbag.py:508} INFO - Filling up the DagBag from /home/airflow/.local/lib/python3.7/site-packages/airflow/example_dags/example_latest_only_with_trigger.py
[2023-01-25 22:41:57,773] {processor.py:651} INFO - DAG(s) dict_keys(['latest_only_with_trigger']) retrieved from /home/airflow/.local/lib/python3.7/site-packages/airflow/example_dags/example_latest_only_with_trigger.py
[2023-01-25 22:41:57,858] {logging_mixin.py:115} INFO - [2023-01-25 22:41:57,857] {dag.py:2420} INFO - Sync 1 DAGs
[2023-01-25 22:41:57,956] {logging_mixin.py:115} INFO - [2023-01-25 22:41:57,955] {dag.py:2972} INFO - Setting next_dagrun for latest_only_with_trigger to 2023-01-25T18:41:57.953761+00:00, run_after=2023-01-25T22:41:57.953761+00:00
[2023-01-25 22:41:57,995] {processor.py:161} INFO - Processing /home/airflow/.local/lib/python3.7/site-packages/airflow/example_dags/example_latest_only_with_trigger.py took 0.255 seconds
[2023-01-25 22:42:30,273] {processor.py:153} INFO - Started process (PID=3860) to work on /home/airflow/.local/lib/python3.7/site-packages/airflow/example_dags/example_latest_only_with_trigger.py
[2023-01-25 22:42:30,275] {processor.py:641} INFO - Processing file /home/airflow/.local/lib/python3.7/site-packages/airflow/example_dags/example_latest_only_with_trigger.py for tasks to queue
[2023-01-25 22:42:30,277] {logging_mixin.py:115} INFO - [2023-01-25 22:42:30,277] {dagbag.py:508} INFO - Filling up the DagBag from /home/airflow/.local/lib/python3.7/site-packages/airflow/example_dags/example_latest_only_with_trigger.py
[2023-01-25 22:42:30,298] {processor.py:651} INFO - DAG(s) dict_keys(['latest_only_with_trigger']) retrieved from /home/airflow/.local/lib/python3.7/site-packages/airflow/example_dags/example_latest_only_with_trigger.py
[2023-01-25 22:42:30,386] {logging_mixin.py:115} INFO - [2023-01-25 22:42:30,385] {dag.py:2420} INFO - Sync 1 DAGs
[2023-01-25 22:42:30,533] {logging_mixin.py:115} INFO - [2023-01-25 22:42:30,533] {dag.py:2972} INFO - Setting next_dagrun for latest_only_with_trigger to 2023-01-25T18:42:30.531329+00:00, run_after=2023-01-25T22:42:30.531329+00:00
[2023-01-25 22:42:30,577] {processor.py:161} INFO - Processing /home/airflow/.local/lib/python3.7/site-packages/airflow/example_dags/example_latest_only_with_trigger.py took 0.313 seconds
[2023-01-25 22:43:04,439] {processor.py:153} INFO - Started process (PID=3986) to work on /home/airflow/.local/lib/python3.7/site-packages/airflow/example_dags/example_latest_only_with_trigger.py
[2023-01-25 22:43:04,441] {processor.py:641} INFO - Processing file /home/airflow/.local/lib/python3.7/site-packages/airflow/example_dags/example_latest_only_with_trigger.py for tasks to queue
[2023-01-25 22:43:04,444] {logging_mixin.py:115} INFO - [2023-01-25 22:43:04,443] {dagbag.py:508} INFO - Filling up the DagBag from /home/airflow/.local/lib/python3.7/site-packages/airflow/example_dags/example_latest_only_with_trigger.py
[2023-01-25 22:43:04,464] {processor.py:651} INFO - DAG(s) dict_keys(['latest_only_with_trigger']) retrieved from /home/airflow/.local/lib/python3.7/site-packages/airflow/example_dags/example_latest_only_with_trigger.py
[2023-01-25 22:43:04,543] {logging_mixin.py:115} INFO - [2023-01-25 22:43:04,542] {dag.py:2420} INFO - Sync 1 DAGs
[2023-01-25 22:43:04,641] {logging_mixin.py:115} INFO - [2023-01-25 22:43:04,640] {dag.py:2972} INFO - Setting next_dagrun for latest_only_with_trigger to 2023-01-25T18:43:04.638616+00:00, run_after=2023-01-25T22:43:04.638616+00:00
[2023-01-25 22:43:04,686] {processor.py:161} INFO - Processing /home/airflow/.local/lib/python3.7/site-packages/airflow/example_dags/example_latest_only_with_trigger.py took 0.254 seconds
[2023-01-25 22:43:37,243] {processor.py:153} INFO - Started process (PID=4100) to work on /home/airflow/.local/lib/python3.7/site-packages/airflow/example_dags/example_latest_only_with_trigger.py
[2023-01-25 22:43:37,245] {processor.py:641} INFO - Processing file /home/airflow/.local/lib/python3.7/site-packages/airflow/example_dags/example_latest_only_with_trigger.py for tasks to queue
[2023-01-25 22:43:37,247] {logging_mixin.py:115} INFO - [2023-01-25 22:43:37,247] {dagbag.py:508} INFO - Filling up the DagBag from /home/airflow/.local/lib/python3.7/site-packages/airflow/example_dags/example_latest_only_with_trigger.py
[2023-01-25 22:43:37,269] {processor.py:651} INFO - DAG(s) dict_keys(['latest_only_with_trigger']) retrieved from /home/airflow/.local/lib/python3.7/site-packages/airflow/example_dags/example_latest_only_with_trigger.py
[2023-01-25 22:43:37,367] {logging_mixin.py:115} INFO - [2023-01-25 22:43:37,366] {dag.py:2420} INFO - Sync 1 DAGs
[2023-01-25 22:43:37,465] {logging_mixin.py:115} INFO - [2023-01-25 22:43:37,464] {dag.py:2972} INFO - Setting next_dagrun for latest_only_with_trigger to 2023-01-25T18:43:37.462697+00:00, run_after=2023-01-25T22:43:37.462697+00:00
[2023-01-25 22:43:37,509] {processor.py:161} INFO - Processing /home/airflow/.local/lib/python3.7/site-packages/airflow/example_dags/example_latest_only_with_trigger.py took 0.274 seconds
[2023-01-25 22:44:09,553] {processor.py:153} INFO - Started process (PID=4214) to work on /home/airflow/.local/lib/python3.7/site-packages/airflow/example_dags/example_latest_only_with_trigger.py
[2023-01-25 22:44:09,555] {processor.py:641} INFO - Processing file /home/airflow/.local/lib/python3.7/site-packages/airflow/example_dags/example_latest_only_with_trigger.py for tasks to queue
[2023-01-25 22:44:09,558] {logging_mixin.py:115} INFO - [2023-01-25 22:44:09,557] {dagbag.py:508} INFO - Filling up the DagBag from /home/airflow/.local/lib/python3.7/site-packages/airflow/example_dags/example_latest_only_with_trigger.py
[2023-01-25 22:44:09,579] {processor.py:651} INFO - DAG(s) dict_keys(['latest_only_with_trigger']) retrieved from /home/airflow/.local/lib/python3.7/site-packages/airflow/example_dags/example_latest_only_with_trigger.py
[2023-01-25 22:44:09,662] {logging_mixin.py:115} INFO - [2023-01-25 22:44:09,661] {dag.py:2420} INFO - Sync 1 DAGs
[2023-01-25 22:44:09,760] {logging_mixin.py:115} INFO - [2023-01-25 22:44:09,759] {dag.py:2972} INFO - Setting next_dagrun for latest_only_with_trigger to 2023-01-25T18:44:09.758019+00:00, run_after=2023-01-25T22:44:09.758019+00:00
[2023-01-25 22:44:09,798] {processor.py:161} INFO - Processing /home/airflow/.local/lib/python3.7/site-packages/airflow/example_dags/example_latest_only_with_trigger.py took 0.252 seconds
[2023-01-25 22:44:42,529] {processor.py:153} INFO - Started process (PID=4334) to work on /home/airflow/.local/lib/python3.7/site-packages/airflow/example_dags/example_latest_only_with_trigger.py
[2023-01-25 22:44:42,530] {processor.py:641} INFO - Processing file /home/airflow/.local/lib/python3.7/site-packages/airflow/example_dags/example_latest_only_with_trigger.py for tasks to queue
[2023-01-25 22:44:42,533] {logging_mixin.py:115} INFO - [2023-01-25 22:44:42,532] {dagbag.py:508} INFO - Filling up the DagBag from /home/airflow/.local/lib/python3.7/site-packages/airflow/example_dags/example_latest_only_with_trigger.py
[2023-01-25 22:44:42,556] {processor.py:651} INFO - DAG(s) dict_keys(['latest_only_with_trigger']) retrieved from /home/airflow/.local/lib/python3.7/site-packages/airflow/example_dags/example_latest_only_with_trigger.py
[2023-01-25 22:44:42,647] {logging_mixin.py:115} INFO - [2023-01-25 22:44:42,647] {dag.py:2420} INFO - Sync 1 DAGs
[2023-01-25 22:44:42,755] {logging_mixin.py:115} INFO - [2023-01-25 22:44:42,755] {dag.py:2972} INFO - Setting next_dagrun for latest_only_with_trigger to 2023-01-25T18:44:42.753369+00:00, run_after=2023-01-25T22:44:42.753369+00:00
[2023-01-25 22:44:42,797] {processor.py:161} INFO - Processing /home/airflow/.local/lib/python3.7/site-packages/airflow/example_dags/example_latest_only_with_trigger.py took 0.276 seconds
[2023-01-25 22:45:14,130] {processor.py:153} INFO - Started process (PID=4448) to work on /home/airflow/.local/lib/python3.7/site-packages/airflow/example_dags/example_latest_only_with_trigger.py
[2023-01-25 22:45:14,132] {processor.py:641} INFO - Processing file /home/airflow/.local/lib/python3.7/site-packages/airflow/example_dags/example_latest_only_with_trigger.py for tasks to queue
[2023-01-25 22:45:14,136] {logging_mixin.py:115} INFO - [2023-01-25 22:45:14,136] {dagbag.py:508} INFO - Filling up the DagBag from /home/airflow/.local/lib/python3.7/site-packages/airflow/example_dags/example_latest_only_with_trigger.py
[2023-01-25 22:45:14,156] {processor.py:651} INFO - DAG(s) dict_keys(['latest_only_with_trigger']) retrieved from /home/airflow/.local/lib/python3.7/site-packages/airflow/example_dags/example_latest_only_with_trigger.py
[2023-01-25 22:45:14,232] {logging_mixin.py:115} INFO - [2023-01-25 22:45:14,232] {dag.py:2420} INFO - Sync 1 DAGs
[2023-01-25 22:45:14,331] {logging_mixin.py:115} INFO - [2023-01-25 22:45:14,331] {dag.py:2972} INFO - Setting next_dagrun for latest_only_with_trigger to 2023-01-25T18:45:14.329328+00:00, run_after=2023-01-25T22:45:14.329328+00:00
[2023-01-25 22:45:14,371] {processor.py:161} INFO - Processing /home/airflow/.local/lib/python3.7/site-packages/airflow/example_dags/example_latest_only_with_trigger.py took 0.248 seconds
[2023-01-25 22:45:46,788] {processor.py:153} INFO - Started process (PID=4562) to work on /home/airflow/.local/lib/python3.7/site-packages/airflow/example_dags/example_latest_only_with_trigger.py
[2023-01-25 22:45:46,791] {processor.py:641} INFO - Processing file /home/airflow/.local/lib/python3.7/site-packages/airflow/example_dags/example_latest_only_with_trigger.py for tasks to queue
[2023-01-25 22:45:46,795] {logging_mixin.py:115} INFO - [2023-01-25 22:45:46,794] {dagbag.py:508} INFO - Filling up the DagBag from /home/airflow/.local/lib/python3.7/site-packages/airflow/example_dags/example_latest_only_with_trigger.py
[2023-01-25 22:45:46,826] {processor.py:651} INFO - DAG(s) dict_keys(['latest_only_with_trigger']) retrieved from /home/airflow/.local/lib/python3.7/site-packages/airflow/example_dags/example_latest_only_with_trigger.py
[2023-01-25 22:45:46,934] {logging_mixin.py:115} INFO - [2023-01-25 22:45:46,934] {dag.py:2420} INFO - Sync 1 DAGs
[2023-01-25 22:45:47,044] {logging_mixin.py:115} INFO - [2023-01-25 22:45:47,043] {dag.py:2972} INFO - Setting next_dagrun for latest_only_with_trigger to 2023-01-25T18:45:47.042158+00:00, run_after=2023-01-25T22:45:47.042158+00:00
[2023-01-25 22:45:47,087] {processor.py:161} INFO - Processing /home/airflow/.local/lib/python3.7/site-packages/airflow/example_dags/example_latest_only_with_trigger.py took 0.311 seconds
[2023-01-25 22:46:19,427] {processor.py:153} INFO - Started process (PID=4678) to work on /home/airflow/.local/lib/python3.7/site-packages/airflow/example_dags/example_latest_only_with_trigger.py
[2023-01-25 22:46:19,429] {processor.py:641} INFO - Processing file /home/airflow/.local/lib/python3.7/site-packages/airflow/example_dags/example_latest_only_with_trigger.py for tasks to queue
[2023-01-25 22:46:19,431] {logging_mixin.py:115} INFO - [2023-01-25 22:46:19,431] {dagbag.py:508} INFO - Filling up the DagBag from /home/airflow/.local/lib/python3.7/site-packages/airflow/example_dags/example_latest_only_with_trigger.py
[2023-01-25 22:46:19,451] {processor.py:651} INFO - DAG(s) dict_keys(['latest_only_with_trigger']) retrieved from /home/airflow/.local/lib/python3.7/site-packages/airflow/example_dags/example_latest_only_with_trigger.py
[2023-01-25 22:46:19,527] {logging_mixin.py:115} INFO - [2023-01-25 22:46:19,527] {dag.py:2420} INFO - Sync 1 DAGs
[2023-01-25 22:46:19,614] {logging_mixin.py:115} INFO - [2023-01-25 22:46:19,613] {dag.py:2972} INFO - Setting next_dagrun for latest_only_with_trigger to 2023-01-25T18:46:19.612176+00:00, run_after=2023-01-25T22:46:19.612176+00:00
[2023-01-25 22:46:19,651] {processor.py:161} INFO - Processing /home/airflow/.local/lib/python3.7/site-packages/airflow/example_dags/example_latest_only_with_trigger.py took 0.231 seconds
[2023-01-25 22:46:52,080] {processor.py:153} INFO - Started process (PID=4793) to work on /home/airflow/.local/lib/python3.7/site-packages/airflow/example_dags/example_latest_only_with_trigger.py
[2023-01-25 22:46:52,082] {processor.py:641} INFO - Processing file /home/airflow/.local/lib/python3.7/site-packages/airflow/example_dags/example_latest_only_with_trigger.py for tasks to queue
[2023-01-25 22:46:52,085] {logging_mixin.py:115} INFO - [2023-01-25 22:46:52,085] {dagbag.py:508} INFO - Filling up the DagBag from /home/airflow/.local/lib/python3.7/site-packages/airflow/example_dags/example_latest_only_with_trigger.py
[2023-01-25 22:46:52,106] {processor.py:651} INFO - DAG(s) dict_keys(['latest_only_with_trigger']) retrieved from /home/airflow/.local/lib/python3.7/site-packages/airflow/example_dags/example_latest_only_with_trigger.py
[2023-01-25 22:46:52,208] {logging_mixin.py:115} INFO - [2023-01-25 22:46:52,207] {dag.py:2420} INFO - Sync 1 DAGs
[2023-01-25 22:46:52,310] {logging_mixin.py:115} INFO - [2023-01-25 22:46:52,309] {dag.py:2972} INFO - Setting next_dagrun for latest_only_with_trigger to 2023-01-25T18:46:52.308009+00:00, run_after=2023-01-25T22:46:52.308009+00:00
[2023-01-25 22:46:52,352] {processor.py:161} INFO - Processing /home/airflow/.local/lib/python3.7/site-packages/airflow/example_dags/example_latest_only_with_trigger.py took 0.280 seconds
[2023-01-25 22:47:24,567] {processor.py:153} INFO - Started process (PID=4905) to work on /home/airflow/.local/lib/python3.7/site-packages/airflow/example_dags/example_latest_only_with_trigger.py
[2023-01-25 22:47:24,569] {processor.py:641} INFO - Processing file /home/airflow/.local/lib/python3.7/site-packages/airflow/example_dags/example_latest_only_with_trigger.py for tasks to queue
[2023-01-25 22:47:24,571] {logging_mixin.py:115} INFO - [2023-01-25 22:47:24,571] {dagbag.py:508} INFO - Filling up the DagBag from /home/airflow/.local/lib/python3.7/site-packages/airflow/example_dags/example_latest_only_with_trigger.py
[2023-01-25 22:47:24,594] {processor.py:651} INFO - DAG(s) dict_keys(['latest_only_with_trigger']) retrieved from /home/airflow/.local/lib/python3.7/site-packages/airflow/example_dags/example_latest_only_with_trigger.py
[2023-01-25 22:47:24,696] {logging_mixin.py:115} INFO - [2023-01-25 22:47:24,695] {dag.py:2420} INFO - Sync 1 DAGs
[2023-01-25 22:47:24,799] {logging_mixin.py:115} INFO - [2023-01-25 22:47:24,798] {dag.py:2972} INFO - Setting next_dagrun for latest_only_with_trigger to 2023-01-25T18:47:24.796335+00:00, run_after=2023-01-25T22:47:24.796335+00:00
[2023-01-25 22:47:24,839] {processor.py:161} INFO - Processing /home/airflow/.local/lib/python3.7/site-packages/airflow/example_dags/example_latest_only_with_trigger.py took 0.280 seconds
[2023-01-25 22:47:55,048] {processor.py:153} INFO - Started process (PID=5016) to work on /home/airflow/.local/lib/python3.7/site-packages/airflow/example_dags/example_latest_only_with_trigger.py
[2023-01-25 22:47:55,050] {processor.py:641} INFO - Processing file /home/airflow/.local/lib/python3.7/site-packages/airflow/example_dags/example_latest_only_with_trigger.py for tasks to queue
[2023-01-25 22:47:55,053] {logging_mixin.py:115} INFO - [2023-01-25 22:47:55,052] {dagbag.py:508} INFO - Filling up the DagBag from /home/airflow/.local/lib/python3.7/site-packages/airflow/example_dags/example_latest_only_with_trigger.py
[2023-01-25 22:47:55,075] {processor.py:651} INFO - DAG(s) dict_keys(['latest_only_with_trigger']) retrieved from /home/airflow/.local/lib/python3.7/site-packages/airflow/example_dags/example_latest_only_with_trigger.py
[2023-01-25 22:47:55,162] {logging_mixin.py:115} INFO - [2023-01-25 22:47:55,162] {dag.py:2420} INFO - Sync 1 DAGs
[2023-01-25 22:47:55,268] {logging_mixin.py:115} INFO - [2023-01-25 22:47:55,267] {dag.py:2972} INFO - Setting next_dagrun for latest_only_with_trigger to 2023-01-25T18:47:55.265732+00:00, run_after=2023-01-25T22:47:55.265732+00:00
[2023-01-25 22:47:55,309] {processor.py:161} INFO - Processing /home/airflow/.local/lib/python3.7/site-packages/airflow/example_dags/example_latest_only_with_trigger.py took 0.270 seconds
[2023-01-25 22:48:25,535] {processor.py:153} INFO - Started process (PID=5126) to work on /home/airflow/.local/lib/python3.7/site-packages/airflow/example_dags/example_latest_only_with_trigger.py
[2023-01-25 22:48:25,537] {processor.py:641} INFO - Processing file /home/airflow/.local/lib/python3.7/site-packages/airflow/example_dags/example_latest_only_with_trigger.py for tasks to queue
[2023-01-25 22:48:25,539] {logging_mixin.py:115} INFO - [2023-01-25 22:48:25,539] {dagbag.py:508} INFO - Filling up the DagBag from /home/airflow/.local/lib/python3.7/site-packages/airflow/example_dags/example_latest_only_with_trigger.py
[2023-01-25 22:48:25,560] {processor.py:651} INFO - DAG(s) dict_keys(['latest_only_with_trigger']) retrieved from /home/airflow/.local/lib/python3.7/site-packages/airflow/example_dags/example_latest_only_with_trigger.py
[2023-01-25 22:48:25,644] {logging_mixin.py:115} INFO - [2023-01-25 22:48:25,644] {dag.py:2420} INFO - Sync 1 DAGs
[2023-01-25 22:48:25,732] {logging_mixin.py:115} INFO - [2023-01-25 22:48:25,731] {dag.py:2972} INFO - Setting next_dagrun for latest_only_with_trigger to 2023-01-25T18:48:25.730207+00:00, run_after=2023-01-25T22:48:25.730207+00:00
[2023-01-25 22:48:25,770] {processor.py:161} INFO - Processing /home/airflow/.local/lib/python3.7/site-packages/airflow/example_dags/example_latest_only_with_trigger.py took 0.243 seconds
[2023-01-25 22:48:55,913] {processor.py:153} INFO - Started process (PID=5240) to work on /home/airflow/.local/lib/python3.7/site-packages/airflow/example_dags/example_latest_only_with_trigger.py
[2023-01-25 22:48:55,915] {processor.py:641} INFO - Processing file /home/airflow/.local/lib/python3.7/site-packages/airflow/example_dags/example_latest_only_with_trigger.py for tasks to queue
[2023-01-25 22:48:55,919] {logging_mixin.py:115} INFO - [2023-01-25 22:48:55,919] {dagbag.py:508} INFO - Filling up the DagBag from /home/airflow/.local/lib/python3.7/site-packages/airflow/example_dags/example_latest_only_with_trigger.py
[2023-01-25 22:48:55,943] {processor.py:651} INFO - DAG(s) dict_keys(['latest_only_with_trigger']) retrieved from /home/airflow/.local/lib/python3.7/site-packages/airflow/example_dags/example_latest_only_with_trigger.py
[2023-01-25 22:48:56,026] {logging_mixin.py:115} INFO - [2023-01-25 22:48:56,026] {dag.py:2420} INFO - Sync 1 DAGs
[2023-01-25 22:48:56,131] {logging_mixin.py:115} INFO - [2023-01-25 22:48:56,130] {dag.py:2972} INFO - Setting next_dagrun for latest_only_with_trigger to 2023-01-25T18:48:56.128890+00:00, run_after=2023-01-25T22:48:56.128890+00:00
[2023-01-25 22:48:56,172] {processor.py:161} INFO - Processing /home/airflow/.local/lib/python3.7/site-packages/airflow/example_dags/example_latest_only_with_trigger.py took 0.266 seconds
[2023-01-25 22:49:26,881] {processor.py:153} INFO - Started process (PID=5354) to work on /home/airflow/.local/lib/python3.7/site-packages/airflow/example_dags/example_latest_only_with_trigger.py
[2023-01-25 22:49:26,883] {processor.py:641} INFO - Processing file /home/airflow/.local/lib/python3.7/site-packages/airflow/example_dags/example_latest_only_with_trigger.py for tasks to queue
[2023-01-25 22:49:26,886] {logging_mixin.py:115} INFO - [2023-01-25 22:49:26,886] {dagbag.py:508} INFO - Filling up the DagBag from /home/airflow/.local/lib/python3.7/site-packages/airflow/example_dags/example_latest_only_with_trigger.py
[2023-01-25 22:49:26,912] {processor.py:651} INFO - DAG(s) dict_keys(['latest_only_with_trigger']) retrieved from /home/airflow/.local/lib/python3.7/site-packages/airflow/example_dags/example_latest_only_with_trigger.py
[2023-01-25 22:49:27,017] {logging_mixin.py:115} INFO - [2023-01-25 22:49:27,017] {dag.py:2420} INFO - Sync 1 DAGs
[2023-01-25 22:49:27,125] {logging_mixin.py:115} INFO - [2023-01-25 22:49:27,124] {dag.py:2972} INFO - Setting next_dagrun for latest_only_with_trigger to 2023-01-25T18:49:27.122745+00:00, run_after=2023-01-25T22:49:27.122745+00:00
[2023-01-25 22:49:27,166] {processor.py:161} INFO - Processing /home/airflow/.local/lib/python3.7/site-packages/airflow/example_dags/example_latest_only_with_trigger.py took 0.297 seconds
[2023-01-25 22:49:57,472] {processor.py:153} INFO - Started process (PID=5468) to work on /home/airflow/.local/lib/python3.7/site-packages/airflow/example_dags/example_latest_only_with_trigger.py
[2023-01-25 22:49:57,474] {processor.py:641} INFO - Processing file /home/airflow/.local/lib/python3.7/site-packages/airflow/example_dags/example_latest_only_with_trigger.py for tasks to queue
[2023-01-25 22:49:57,476] {logging_mixin.py:115} INFO - [2023-01-25 22:49:57,476] {dagbag.py:508} INFO - Filling up the DagBag from /home/airflow/.local/lib/python3.7/site-packages/airflow/example_dags/example_latest_only_with_trigger.py
[2023-01-25 22:49:57,499] {processor.py:651} INFO - DAG(s) dict_keys(['latest_only_with_trigger']) retrieved from /home/airflow/.local/lib/python3.7/site-packages/airflow/example_dags/example_latest_only_with_trigger.py
[2023-01-25 22:49:57,583] {logging_mixin.py:115} INFO - [2023-01-25 22:49:57,583] {dag.py:2420} INFO - Sync 1 DAGs
[2023-01-25 22:49:57,686] {logging_mixin.py:115} INFO - [2023-01-25 22:49:57,686] {dag.py:2972} INFO - Setting next_dagrun for latest_only_with_trigger to 2023-01-25T18:49:57.684731+00:00, run_after=2023-01-25T22:49:57.684731+00:00
[2023-01-25 22:49:57,726] {processor.py:161} INFO - Processing /home/airflow/.local/lib/python3.7/site-packages/airflow/example_dags/example_latest_only_with_trigger.py took 0.262 seconds
[2023-01-25 22:50:28,141] {processor.py:153} INFO - Started process (PID=5582) to work on /home/airflow/.local/lib/python3.7/site-packages/airflow/example_dags/example_latest_only_with_trigger.py
[2023-01-25 22:50:28,143] {processor.py:641} INFO - Processing file /home/airflow/.local/lib/python3.7/site-packages/airflow/example_dags/example_latest_only_with_trigger.py for tasks to queue
[2023-01-25 22:50:28,146] {logging_mixin.py:115} INFO - [2023-01-25 22:50:28,146] {dagbag.py:508} INFO - Filling up the DagBag from /home/airflow/.local/lib/python3.7/site-packages/airflow/example_dags/example_latest_only_with_trigger.py
[2023-01-25 22:50:28,175] {processor.py:651} INFO - DAG(s) dict_keys(['latest_only_with_trigger']) retrieved from /home/airflow/.local/lib/python3.7/site-packages/airflow/example_dags/example_latest_only_with_trigger.py
[2023-01-25 22:50:28,261] {logging_mixin.py:115} INFO - [2023-01-25 22:50:28,261] {dag.py:2420} INFO - Sync 1 DAGs
[2023-01-25 22:50:28,369] {logging_mixin.py:115} INFO - [2023-01-25 22:50:28,368] {dag.py:2972} INFO - Setting next_dagrun for latest_only_with_trigger to 2023-01-25T18:50:28.366808+00:00, run_after=2023-01-25T22:50:28.366808+00:00
[2023-01-25 22:50:28,408] {processor.py:161} INFO - Processing /home/airflow/.local/lib/python3.7/site-packages/airflow/example_dags/example_latest_only_with_trigger.py took 0.278 seconds
[2023-01-25 22:50:58,873] {processor.py:153} INFO - Started process (PID=5697) to work on /home/airflow/.local/lib/python3.7/site-packages/airflow/example_dags/example_latest_only_with_trigger.py
[2023-01-25 22:50:58,875] {processor.py:641} INFO - Processing file /home/airflow/.local/lib/python3.7/site-packages/airflow/example_dags/example_latest_only_with_trigger.py for tasks to queue
[2023-01-25 22:50:58,877] {logging_mixin.py:115} INFO - [2023-01-25 22:50:58,876] {dagbag.py:508} INFO - Filling up the DagBag from /home/airflow/.local/lib/python3.7/site-packages/airflow/example_dags/example_latest_only_with_trigger.py
[2023-01-25 22:50:58,897] {processor.py:651} INFO - DAG(s) dict_keys(['latest_only_with_trigger']) retrieved from /home/airflow/.local/lib/python3.7/site-packages/airflow/example_dags/example_latest_only_with_trigger.py
[2023-01-25 22:50:58,977] {logging_mixin.py:115} INFO - [2023-01-25 22:50:58,976] {dag.py:2420} INFO - Sync 1 DAGs
[2023-01-25 22:50:59,068] {logging_mixin.py:115} INFO - [2023-01-25 22:50:59,068] {dag.py:2972} INFO - Setting next_dagrun for latest_only_with_trigger to 2023-01-25T18:50:59.067014+00:00, run_after=2023-01-25T22:50:59.067014+00:00
[2023-01-25 22:50:59,109] {processor.py:161} INFO - Processing /home/airflow/.local/lib/python3.7/site-packages/airflow/example_dags/example_latest_only_with_trigger.py took 0.244 seconds
[2023-01-25 22:51:29,396] {processor.py:153} INFO - Started process (PID=5811) to work on /home/airflow/.local/lib/python3.7/site-packages/airflow/example_dags/example_latest_only_with_trigger.py
[2023-01-25 22:51:29,398] {processor.py:641} INFO - Processing file /home/airflow/.local/lib/python3.7/site-packages/airflow/example_dags/example_latest_only_with_trigger.py for tasks to queue
[2023-01-25 22:51:29,402] {logging_mixin.py:115} INFO - [2023-01-25 22:51:29,401] {dagbag.py:508} INFO - Filling up the DagBag from /home/airflow/.local/lib/python3.7/site-packages/airflow/example_dags/example_latest_only_with_trigger.py
[2023-01-25 22:51:29,427] {processor.py:651} INFO - DAG(s) dict_keys(['latest_only_with_trigger']) retrieved from /home/airflow/.local/lib/python3.7/site-packages/airflow/example_dags/example_latest_only_with_trigger.py
[2023-01-25 22:51:29,514] {logging_mixin.py:115} INFO - [2023-01-25 22:51:29,513] {dag.py:2420} INFO - Sync 1 DAGs
[2023-01-25 22:51:29,615] {logging_mixin.py:115} INFO - [2023-01-25 22:51:29,615] {dag.py:2972} INFO - Setting next_dagrun for latest_only_with_trigger to 2023-01-25T18:51:29.613343+00:00, run_after=2023-01-25T22:51:29.613343+00:00
[2023-01-25 22:51:29,655] {processor.py:161} INFO - Processing /home/airflow/.local/lib/python3.7/site-packages/airflow/example_dags/example_latest_only_with_trigger.py took 0.268 seconds
[2023-01-25 22:52:00,039] {processor.py:153} INFO - Started process (PID=5935) to work on /home/airflow/.local/lib/python3.7/site-packages/airflow/example_dags/example_latest_only_with_trigger.py
[2023-01-25 22:52:00,041] {processor.py:641} INFO - Processing file /home/airflow/.local/lib/python3.7/site-packages/airflow/example_dags/example_latest_only_with_trigger.py for tasks to queue
[2023-01-25 22:52:00,044] {logging_mixin.py:115} INFO - [2023-01-25 22:52:00,043] {dagbag.py:508} INFO - Filling up the DagBag from /home/airflow/.local/lib/python3.7/site-packages/airflow/example_dags/example_latest_only_with_trigger.py
[2023-01-25 22:52:00,066] {processor.py:651} INFO - DAG(s) dict_keys(['latest_only_with_trigger']) retrieved from /home/airflow/.local/lib/python3.7/site-packages/airflow/example_dags/example_latest_only_with_trigger.py
[2023-01-25 22:52:00,153] {logging_mixin.py:115} INFO - [2023-01-25 22:52:00,152] {dag.py:2420} INFO - Sync 1 DAGs
[2023-01-25 22:52:00,260] {logging_mixin.py:115} INFO - [2023-01-25 22:52:00,259] {dag.py:2972} INFO - Setting next_dagrun for latest_only_with_trigger to 2023-01-25T18:52:00.257588+00:00, run_after=2023-01-25T22:52:00.257588+00:00
[2023-01-25 22:52:00,313] {processor.py:161} INFO - Processing /home/airflow/.local/lib/python3.7/site-packages/airflow/example_dags/example_latest_only_with_trigger.py took 0.284 seconds
[2023-01-25 22:52:30,429] {processor.py:153} INFO - Started process (PID=6055) to work on /home/airflow/.local/lib/python3.7/site-packages/airflow/example_dags/example_latest_only_with_trigger.py
[2023-01-25 22:52:30,430] {processor.py:641} INFO - Processing file /home/airflow/.local/lib/python3.7/site-packages/airflow/example_dags/example_latest_only_with_trigger.py for tasks to queue
[2023-01-25 22:52:30,432] {logging_mixin.py:115} INFO - [2023-01-25 22:52:30,432] {dagbag.py:508} INFO - Filling up the DagBag from /home/airflow/.local/lib/python3.7/site-packages/airflow/example_dags/example_latest_only_with_trigger.py
[2023-01-25 22:52:30,454] {processor.py:651} INFO - DAG(s) dict_keys(['latest_only_with_trigger']) retrieved from /home/airflow/.local/lib/python3.7/site-packages/airflow/example_dags/example_latest_only_with_trigger.py
[2023-01-25 22:52:30,535] {logging_mixin.py:115} INFO - [2023-01-25 22:52:30,535] {dag.py:2420} INFO - Sync 1 DAGs
[2023-01-25 22:52:30,642] {logging_mixin.py:115} INFO - [2023-01-25 22:52:30,641] {dag.py:2972} INFO - Setting next_dagrun for latest_only_with_trigger to 2023-01-25T18:52:30.639986+00:00, run_after=2023-01-25T22:52:30.639986+00:00
[2023-01-25 22:52:30,690] {processor.py:161} INFO - Processing /home/airflow/.local/lib/python3.7/site-packages/airflow/example_dags/example_latest_only_with_trigger.py took 0.269 seconds
[2023-01-25 22:53:01,447] {processor.py:153} INFO - Started process (PID=6168) to work on /home/airflow/.local/lib/python3.7/site-packages/airflow/example_dags/example_latest_only_with_trigger.py
[2023-01-25 22:53:01,449] {processor.py:641} INFO - Processing file /home/airflow/.local/lib/python3.7/site-packages/airflow/example_dags/example_latest_only_with_trigger.py for tasks to queue
[2023-01-25 22:53:01,451] {logging_mixin.py:115} INFO - [2023-01-25 22:53:01,451] {dagbag.py:508} INFO - Filling up the DagBag from /home/airflow/.local/lib/python3.7/site-packages/airflow/example_dags/example_latest_only_with_trigger.py
[2023-01-25 22:53:01,475] {processor.py:651} INFO - DAG(s) dict_keys(['latest_only_with_trigger']) retrieved from /home/airflow/.local/lib/python3.7/site-packages/airflow/example_dags/example_latest_only_with_trigger.py
[2023-01-25 22:53:01,579] {logging_mixin.py:115} INFO - [2023-01-25 22:53:01,579] {dag.py:2420} INFO - Sync 1 DAGs
[2023-01-25 22:53:01,713] {logging_mixin.py:115} INFO - [2023-01-25 22:53:01,713] {dag.py:2972} INFO - Setting next_dagrun for latest_only_with_trigger to 2023-01-25T18:53:01.711611+00:00, run_after=2023-01-25T22:53:01.711611+00:00
[2023-01-25 22:53:01,759] {processor.py:161} INFO - Processing /home/airflow/.local/lib/python3.7/site-packages/airflow/example_dags/example_latest_only_with_trigger.py took 0.323 seconds
[2023-01-25 22:53:32,100] {processor.py:153} INFO - Started process (PID=6282) to work on /home/airflow/.local/lib/python3.7/site-packages/airflow/example_dags/example_latest_only_with_trigger.py
[2023-01-25 22:53:32,102] {processor.py:641} INFO - Processing file /home/airflow/.local/lib/python3.7/site-packages/airflow/example_dags/example_latest_only_with_trigger.py for tasks to queue
[2023-01-25 22:53:32,104] {logging_mixin.py:115} INFO - [2023-01-25 22:53:32,104] {dagbag.py:508} INFO - Filling up the DagBag from /home/airflow/.local/lib/python3.7/site-packages/airflow/example_dags/example_latest_only_with_trigger.py
[2023-01-25 22:53:32,130] {processor.py:651} INFO - DAG(s) dict_keys(['latest_only_with_trigger']) retrieved from /home/airflow/.local/lib/python3.7/site-packages/airflow/example_dags/example_latest_only_with_trigger.py
[2023-01-25 22:53:32,252] {logging_mixin.py:115} INFO - [2023-01-25 22:53:32,252] {dag.py:2420} INFO - Sync 1 DAGs
[2023-01-25 22:53:32,362] {logging_mixin.py:115} INFO - [2023-01-25 22:53:32,362] {dag.py:2972} INFO - Setting next_dagrun for latest_only_with_trigger to 2023-01-25T18:53:32.360288+00:00, run_after=2023-01-25T22:53:32.360288+00:00
[2023-01-25 22:53:32,405] {processor.py:161} INFO - Processing /home/airflow/.local/lib/python3.7/site-packages/airflow/example_dags/example_latest_only_with_trigger.py took 0.312 seconds
[2023-01-25 22:54:05,246] {processor.py:153} INFO - Started process (PID=6396) to work on /home/airflow/.local/lib/python3.7/site-packages/airflow/example_dags/example_latest_only_with_trigger.py
[2023-01-25 22:54:05,248] {processor.py:641} INFO - Processing file /home/airflow/.local/lib/python3.7/site-packages/airflow/example_dags/example_latest_only_with_trigger.py for tasks to queue
[2023-01-25 22:54:05,250] {logging_mixin.py:115} INFO - [2023-01-25 22:54:05,249] {dagbag.py:508} INFO - Filling up the DagBag from /home/airflow/.local/lib/python3.7/site-packages/airflow/example_dags/example_latest_only_with_trigger.py
[2023-01-25 22:54:05,271] {processor.py:651} INFO - DAG(s) dict_keys(['latest_only_with_trigger']) retrieved from /home/airflow/.local/lib/python3.7/site-packages/airflow/example_dags/example_latest_only_with_trigger.py
[2023-01-25 22:54:05,356] {logging_mixin.py:115} INFO - [2023-01-25 22:54:05,355] {dag.py:2420} INFO - Sync 1 DAGs
[2023-01-25 22:54:05,453] {logging_mixin.py:115} INFO - [2023-01-25 22:54:05,453] {dag.py:2972} INFO - Setting next_dagrun for latest_only_with_trigger to 2023-01-25T18:54:05.451326+00:00, run_after=2023-01-25T22:54:05.451326+00:00
[2023-01-25 22:54:05,494] {processor.py:161} INFO - Processing /home/airflow/.local/lib/python3.7/site-packages/airflow/example_dags/example_latest_only_with_trigger.py took 0.256 seconds
[2023-01-25 22:54:37,678] {processor.py:153} INFO - Started process (PID=6510) to work on /home/airflow/.local/lib/python3.7/site-packages/airflow/example_dags/example_latest_only_with_trigger.py
[2023-01-25 22:54:37,680] {processor.py:641} INFO - Processing file /home/airflow/.local/lib/python3.7/site-packages/airflow/example_dags/example_latest_only_with_trigger.py for tasks to queue
[2023-01-25 22:54:37,682] {logging_mixin.py:115} INFO - [2023-01-25 22:54:37,682] {dagbag.py:508} INFO - Filling up the DagBag from /home/airflow/.local/lib/python3.7/site-packages/airflow/example_dags/example_latest_only_with_trigger.py
[2023-01-25 22:54:37,706] {processor.py:651} INFO - DAG(s) dict_keys(['latest_only_with_trigger']) retrieved from /home/airflow/.local/lib/python3.7/site-packages/airflow/example_dags/example_latest_only_with_trigger.py
[2023-01-25 22:54:37,804] {logging_mixin.py:115} INFO - [2023-01-25 22:54:37,804] {dag.py:2420} INFO - Sync 1 DAGs
[2023-01-25 22:54:37,912] {logging_mixin.py:115} INFO - [2023-01-25 22:54:37,912] {dag.py:2972} INFO - Setting next_dagrun for latest_only_with_trigger to 2023-01-25T18:54:37.910539+00:00, run_after=2023-01-25T22:54:37.910539+00:00
[2023-01-25 22:54:37,951] {processor.py:161} INFO - Processing /home/airflow/.local/lib/python3.7/site-packages/airflow/example_dags/example_latest_only_with_trigger.py took 0.281 seconds
[2023-01-25 22:55:10,828] {processor.py:153} INFO - Started process (PID=6628) to work on /home/airflow/.local/lib/python3.7/site-packages/airflow/example_dags/example_latest_only_with_trigger.py
[2023-01-25 22:55:10,830] {processor.py:641} INFO - Processing file /home/airflow/.local/lib/python3.7/site-packages/airflow/example_dags/example_latest_only_with_trigger.py for tasks to queue
[2023-01-25 22:55:10,832] {logging_mixin.py:115} INFO - [2023-01-25 22:55:10,832] {dagbag.py:508} INFO - Filling up the DagBag from /home/airflow/.local/lib/python3.7/site-packages/airflow/example_dags/example_latest_only_with_trigger.py
[2023-01-25 22:55:10,853] {processor.py:651} INFO - DAG(s) dict_keys(['latest_only_with_trigger']) retrieved from /home/airflow/.local/lib/python3.7/site-packages/airflow/example_dags/example_latest_only_with_trigger.py
[2023-01-25 22:55:10,931] {logging_mixin.py:115} INFO - [2023-01-25 22:55:10,930] {dag.py:2420} INFO - Sync 1 DAGs
[2023-01-25 22:55:11,025] {logging_mixin.py:115} INFO - [2023-01-25 22:55:11,024] {dag.py:2972} INFO - Setting next_dagrun for latest_only_with_trigger to 2023-01-25T18:55:11.023209+00:00, run_after=2023-01-25T22:55:11.023209+00:00
[2023-01-25 22:55:11,062] {processor.py:161} INFO - Processing /home/airflow/.local/lib/python3.7/site-packages/airflow/example_dags/example_latest_only_with_trigger.py took 0.241 seconds
[2023-01-25 23:00:19,296] {processor.py:153} INFO - Started process (PID=6762) to work on /home/airflow/.local/lib/python3.7/site-packages/airflow/example_dags/example_latest_only_with_trigger.py
[2023-01-25 23:00:19,298] {processor.py:641} INFO - Processing file /home/airflow/.local/lib/python3.7/site-packages/airflow/example_dags/example_latest_only_with_trigger.py for tasks to queue
[2023-01-25 23:00:19,306] {logging_mixin.py:115} INFO - [2023-01-25 23:00:19,305] {dagbag.py:508} INFO - Filling up the DagBag from /home/airflow/.local/lib/python3.7/site-packages/airflow/example_dags/example_latest_only_with_trigger.py
[2023-01-25 23:00:19,331] {processor.py:651} INFO - DAG(s) dict_keys(['latest_only_with_trigger']) retrieved from /home/airflow/.local/lib/python3.7/site-packages/airflow/example_dags/example_latest_only_with_trigger.py
[2023-01-25 23:00:19,413] {logging_mixin.py:115} INFO - [2023-01-25 23:00:19,412] {dag.py:2420} INFO - Sync 1 DAGs
[2023-01-25 23:00:19,517] {logging_mixin.py:115} INFO - [2023-01-25 23:00:19,516] {dag.py:2972} INFO - Setting next_dagrun for latest_only_with_trigger to 2023-01-25T19:00:19.515017+00:00, run_after=2023-01-25T23:00:19.515017+00:00
[2023-01-25 23:00:19,578] {processor.py:161} INFO - Processing /home/airflow/.local/lib/python3.7/site-packages/airflow/example_dags/example_latest_only_with_trigger.py took 0.291 seconds
[2023-01-25 23:05:27,706] {processor.py:153} INFO - Started process (PID=6875) to work on /home/airflow/.local/lib/python3.7/site-packages/airflow/example_dags/example_latest_only_with_trigger.py
[2023-01-25 23:05:27,719] {processor.py:641} INFO - Processing file /home/airflow/.local/lib/python3.7/site-packages/airflow/example_dags/example_latest_only_with_trigger.py for tasks to queue
[2023-01-25 23:05:27,723] {logging_mixin.py:115} INFO - [2023-01-25 23:05:27,722] {dagbag.py:508} INFO - Filling up the DagBag from /home/airflow/.local/lib/python3.7/site-packages/airflow/example_dags/example_latest_only_with_trigger.py
[2023-01-25 23:05:27,789] {processor.py:651} INFO - DAG(s) dict_keys(['latest_only_with_trigger']) retrieved from /home/airflow/.local/lib/python3.7/site-packages/airflow/example_dags/example_latest_only_with_trigger.py
[2023-01-25 23:05:27,939] {logging_mixin.py:115} INFO - [2023-01-25 23:05:27,938] {dag.py:2420} INFO - Sync 1 DAGs
[2023-01-25 23:05:28,040] {logging_mixin.py:115} INFO - [2023-01-25 23:05:28,040] {dag.py:2972} INFO - Setting next_dagrun for latest_only_with_trigger to 2023-01-25T19:05:28.038495+00:00, run_after=2023-01-25T23:05:28.038495+00:00
[2023-01-25 23:05:28,119] {processor.py:161} INFO - Processing /home/airflow/.local/lib/python3.7/site-packages/airflow/example_dags/example_latest_only_with_trigger.py took 0.437 seconds
[2023-01-25 23:05:59,429] {processor.py:153} INFO - Started process (PID=6984) to work on /home/airflow/.local/lib/python3.7/site-packages/airflow/example_dags/example_latest_only_with_trigger.py
[2023-01-25 23:05:59,431] {processor.py:641} INFO - Processing file /home/airflow/.local/lib/python3.7/site-packages/airflow/example_dags/example_latest_only_with_trigger.py for tasks to queue
[2023-01-25 23:05:59,434] {logging_mixin.py:115} INFO - [2023-01-25 23:05:59,434] {dagbag.py:508} INFO - Filling up the DagBag from /home/airflow/.local/lib/python3.7/site-packages/airflow/example_dags/example_latest_only_with_trigger.py
[2023-01-25 23:05:59,461] {processor.py:651} INFO - DAG(s) dict_keys(['latest_only_with_trigger']) retrieved from /home/airflow/.local/lib/python3.7/site-packages/airflow/example_dags/example_latest_only_with_trigger.py
[2023-01-25 23:05:59,572] {logging_mixin.py:115} INFO - [2023-01-25 23:05:59,571] {dag.py:2420} INFO - Sync 1 DAGs
[2023-01-25 23:05:59,679] {logging_mixin.py:115} INFO - [2023-01-25 23:05:59,678] {dag.py:2972} INFO - Setting next_dagrun for latest_only_with_trigger to 2023-01-25T19:05:59.676844+00:00, run_after=2023-01-25T23:05:59.676844+00:00
[2023-01-25 23:05:59,734] {processor.py:161} INFO - Processing /home/airflow/.local/lib/python3.7/site-packages/airflow/example_dags/example_latest_only_with_trigger.py took 0.315 seconds
[2023-01-25 23:15:37,039] {processor.py:153} INFO - Started process (PID=7088) to work on /home/airflow/.local/lib/python3.7/site-packages/airflow/example_dags/example_latest_only_with_trigger.py
[2023-01-25 23:15:37,043] {processor.py:641} INFO - Processing file /home/airflow/.local/lib/python3.7/site-packages/airflow/example_dags/example_latest_only_with_trigger.py for tasks to queue
[2023-01-25 23:15:37,045] {logging_mixin.py:115} INFO - [2023-01-25 23:15:37,045] {dagbag.py:508} INFO - Filling up the DagBag from /home/airflow/.local/lib/python3.7/site-packages/airflow/example_dags/example_latest_only_with_trigger.py
[2023-01-25 23:15:37,084] {processor.py:651} INFO - DAG(s) dict_keys(['latest_only_with_trigger']) retrieved from /home/airflow/.local/lib/python3.7/site-packages/airflow/example_dags/example_latest_only_with_trigger.py
[2023-01-25 23:15:37,209] {logging_mixin.py:115} INFO - [2023-01-25 23:15:37,208] {dag.py:2420} INFO - Sync 1 DAGs
[2023-01-25 23:15:37,332] {logging_mixin.py:115} INFO - [2023-01-25 23:15:37,332] {dag.py:2972} INFO - Setting next_dagrun for latest_only_with_trigger to 2023-01-25T19:15:37.330615+00:00, run_after=2023-01-25T23:15:37.330615+00:00
[2023-01-25 23:15:37,392] {processor.py:161} INFO - Processing /home/airflow/.local/lib/python3.7/site-packages/airflow/example_dags/example_latest_only_with_trigger.py took 0.367 seconds
[2023-01-25 23:16:10,609] {processor.py:153} INFO - Started process (PID=7201) to work on /home/airflow/.local/lib/python3.7/site-packages/airflow/example_dags/example_latest_only_with_trigger.py
[2023-01-25 23:16:10,611] {processor.py:641} INFO - Processing file /home/airflow/.local/lib/python3.7/site-packages/airflow/example_dags/example_latest_only_with_trigger.py for tasks to queue
[2023-01-25 23:16:10,613] {logging_mixin.py:115} INFO - [2023-01-25 23:16:10,613] {dagbag.py:508} INFO - Filling up the DagBag from /home/airflow/.local/lib/python3.7/site-packages/airflow/example_dags/example_latest_only_with_trigger.py
[2023-01-25 23:16:10,636] {processor.py:651} INFO - DAG(s) dict_keys(['latest_only_with_trigger']) retrieved from /home/airflow/.local/lib/python3.7/site-packages/airflow/example_dags/example_latest_only_with_trigger.py
[2023-01-25 23:16:10,727] {logging_mixin.py:115} INFO - [2023-01-25 23:16:10,726] {dag.py:2420} INFO - Sync 1 DAGs
[2023-01-25 23:16:10,849] {logging_mixin.py:115} INFO - [2023-01-25 23:16:10,848] {dag.py:2972} INFO - Setting next_dagrun for latest_only_with_trigger to 2023-01-25T19:16:10.846202+00:00, run_after=2023-01-25T23:16:10.846202+00:00
[2023-01-25 23:16:10,899] {processor.py:161} INFO - Processing /home/airflow/.local/lib/python3.7/site-packages/airflow/example_dags/example_latest_only_with_trigger.py took 0.299 seconds
[2023-01-25 23:30:31,043] {processor.py:153} INFO - Started process (PID=7315) to work on /home/airflow/.local/lib/python3.7/site-packages/airflow/example_dags/example_latest_only_with_trigger.py
[2023-01-25 23:30:31,052] {processor.py:641} INFO - Processing file /home/airflow/.local/lib/python3.7/site-packages/airflow/example_dags/example_latest_only_with_trigger.py for tasks to queue
[2023-01-25 23:30:31,057] {logging_mixin.py:115} INFO - [2023-01-25 23:30:31,057] {dagbag.py:508} INFO - Filling up the DagBag from /home/airflow/.local/lib/python3.7/site-packages/airflow/example_dags/example_latest_only_with_trigger.py
[2023-01-25 23:30:31,131] {processor.py:651} INFO - DAG(s) dict_keys(['latest_only_with_trigger']) retrieved from /home/airflow/.local/lib/python3.7/site-packages/airflow/example_dags/example_latest_only_with_trigger.py
[2023-01-25 23:30:31,303] {logging_mixin.py:115} INFO - [2023-01-25 23:30:31,302] {dag.py:2420} INFO - Sync 1 DAGs
[2023-01-25 23:30:31,499] {logging_mixin.py:115} INFO - [2023-01-25 23:30:31,499] {dag.py:2972} INFO - Setting next_dagrun for latest_only_with_trigger to 2023-01-25T19:30:31.497225+00:00, run_after=2023-01-25T23:30:31.497225+00:00
[2023-01-25 23:30:31,580] {processor.py:161} INFO - Processing /home/airflow/.local/lib/python3.7/site-packages/airflow/example_dags/example_latest_only_with_trigger.py took 0.549 seconds
[2023-01-25 23:31:01,765] {processor.py:153} INFO - Started process (PID=7411) to work on /home/airflow/.local/lib/python3.7/site-packages/airflow/example_dags/example_latest_only_with_trigger.py
[2023-01-25 23:31:01,767] {processor.py:641} INFO - Processing file /home/airflow/.local/lib/python3.7/site-packages/airflow/example_dags/example_latest_only_with_trigger.py for tasks to queue
[2023-01-25 23:31:01,770] {logging_mixin.py:115} INFO - [2023-01-25 23:31:01,770] {dagbag.py:508} INFO - Filling up the DagBag from /home/airflow/.local/lib/python3.7/site-packages/airflow/example_dags/example_latest_only_with_trigger.py
[2023-01-25 23:31:01,798] {processor.py:651} INFO - DAG(s) dict_keys(['latest_only_with_trigger']) retrieved from /home/airflow/.local/lib/python3.7/site-packages/airflow/example_dags/example_latest_only_with_trigger.py
[2023-01-25 23:31:01,882] {logging_mixin.py:115} INFO - [2023-01-25 23:31:01,881] {dag.py:2420} INFO - Sync 1 DAGs
[2023-01-25 23:31:02,004] {logging_mixin.py:115} INFO - [2023-01-25 23:31:02,003] {dag.py:2972} INFO - Setting next_dagrun for latest_only_with_trigger to 2023-01-25T19:31:02.001038+00:00, run_after=2023-01-25T23:31:02.001038+00:00
[2023-01-25 23:31:02,069] {processor.py:161} INFO - Processing /home/airflow/.local/lib/python3.7/site-packages/airflow/example_dags/example_latest_only_with_trigger.py took 0.315 seconds
[2023-01-25 23:35:53,694] {processor.py:153} INFO - Started process (PID=7527) to work on /home/airflow/.local/lib/python3.7/site-packages/airflow/example_dags/example_latest_only_with_trigger.py
[2023-01-25 23:35:53,699] {processor.py:641} INFO - Processing file /home/airflow/.local/lib/python3.7/site-packages/airflow/example_dags/example_latest_only_with_trigger.py for tasks to queue
[2023-01-25 23:35:53,701] {logging_mixin.py:115} INFO - [2023-01-25 23:35:53,701] {dagbag.py:508} INFO - Filling up the DagBag from /home/airflow/.local/lib/python3.7/site-packages/airflow/example_dags/example_latest_only_with_trigger.py
[2023-01-25 23:35:53,724] {processor.py:651} INFO - DAG(s) dict_keys(['latest_only_with_trigger']) retrieved from /home/airflow/.local/lib/python3.7/site-packages/airflow/example_dags/example_latest_only_with_trigger.py
[2023-01-25 23:35:53,799] {logging_mixin.py:115} INFO - [2023-01-25 23:35:53,799] {dag.py:2420} INFO - Sync 1 DAGs
[2023-01-25 23:35:53,926] {logging_mixin.py:115} INFO - [2023-01-25 23:35:53,925] {dag.py:2972} INFO - Setting next_dagrun for latest_only_with_trigger to 2023-01-25T19:35:53.923835+00:00, run_after=2023-01-25T23:35:53.923835+00:00
[2023-01-25 23:35:54,000] {processor.py:161} INFO - Processing /home/airflow/.local/lib/python3.7/site-packages/airflow/example_dags/example_latest_only_with_trigger.py took 0.315 seconds
[2023-01-25 23:46:04,909] {processor.py:153} INFO - Started process (PID=7640) to work on /home/airflow/.local/lib/python3.7/site-packages/airflow/example_dags/example_latest_only_with_trigger.py
[2023-01-25 23:46:04,916] {processor.py:641} INFO - Processing file /home/airflow/.local/lib/python3.7/site-packages/airflow/example_dags/example_latest_only_with_trigger.py for tasks to queue
[2023-01-25 23:46:04,922] {logging_mixin.py:115} INFO - [2023-01-25 23:46:04,920] {dagbag.py:508} INFO - Filling up the DagBag from /home/airflow/.local/lib/python3.7/site-packages/airflow/example_dags/example_latest_only_with_trigger.py
[2023-01-25 23:46:04,970] {processor.py:651} INFO - DAG(s) dict_keys(['latest_only_with_trigger']) retrieved from /home/airflow/.local/lib/python3.7/site-packages/airflow/example_dags/example_latest_only_with_trigger.py
[2023-01-25 23:46:05,064] {logging_mixin.py:115} INFO - [2023-01-25 23:46:05,064] {dag.py:2420} INFO - Sync 1 DAGs
[2023-01-25 23:46:05,169] {logging_mixin.py:115} INFO - [2023-01-25 23:46:05,169] {dag.py:2972} INFO - Setting next_dagrun for latest_only_with_trigger to 2023-01-25T19:46:05.167339+00:00, run_after=2023-01-25T23:46:05.167339+00:00
[2023-01-25 23:46:05,256] {processor.py:161} INFO - Processing /home/airflow/.local/lib/python3.7/site-packages/airflow/example_dags/example_latest_only_with_trigger.py took 0.362 seconds
[2023-01-25 23:46:36,306] {processor.py:153} INFO - Started process (PID=7749) to work on /home/airflow/.local/lib/python3.7/site-packages/airflow/example_dags/example_latest_only_with_trigger.py
[2023-01-25 23:46:36,308] {processor.py:641} INFO - Processing file /home/airflow/.local/lib/python3.7/site-packages/airflow/example_dags/example_latest_only_with_trigger.py for tasks to queue
[2023-01-25 23:46:36,310] {logging_mixin.py:115} INFO - [2023-01-25 23:46:36,309] {dagbag.py:508} INFO - Filling up the DagBag from /home/airflow/.local/lib/python3.7/site-packages/airflow/example_dags/example_latest_only_with_trigger.py
[2023-01-25 23:46:36,331] {processor.py:651} INFO - DAG(s) dict_keys(['latest_only_with_trigger']) retrieved from /home/airflow/.local/lib/python3.7/site-packages/airflow/example_dags/example_latest_only_with_trigger.py
[2023-01-25 23:46:36,411] {logging_mixin.py:115} INFO - [2023-01-25 23:46:36,410] {dag.py:2420} INFO - Sync 1 DAGs
[2023-01-25 23:46:36,513] {logging_mixin.py:115} INFO - [2023-01-25 23:46:36,513] {dag.py:2972} INFO - Setting next_dagrun for latest_only_with_trigger to 2023-01-25T19:46:36.511816+00:00, run_after=2023-01-25T23:46:36.511816+00:00
[2023-01-25 23:46:36,554] {processor.py:161} INFO - Processing /home/airflow/.local/lib/python3.7/site-packages/airflow/example_dags/example_latest_only_with_trigger.py took 0.257 seconds
[2023-01-25 23:59:32,542] {processor.py:153} INFO - Started process (PID=7853) to work on /home/airflow/.local/lib/python3.7/site-packages/airflow/example_dags/example_latest_only_with_trigger.py
[2023-01-25 23:59:32,544] {processor.py:641} INFO - Processing file /home/airflow/.local/lib/python3.7/site-packages/airflow/example_dags/example_latest_only_with_trigger.py for tasks to queue
[2023-01-25 23:59:32,546] {logging_mixin.py:115} INFO - [2023-01-25 23:59:32,546] {dagbag.py:508} INFO - Filling up the DagBag from /home/airflow/.local/lib/python3.7/site-packages/airflow/example_dags/example_latest_only_with_trigger.py
[2023-01-25 23:59:32,568] {processor.py:651} INFO - DAG(s) dict_keys(['latest_only_with_trigger']) retrieved from /home/airflow/.local/lib/python3.7/site-packages/airflow/example_dags/example_latest_only_with_trigger.py
[2023-01-25 23:59:32,662] {logging_mixin.py:115} INFO - [2023-01-25 23:59:32,662] {dag.py:2420} INFO - Sync 1 DAGs
[2023-01-25 23:59:32,763] {logging_mixin.py:115} INFO - [2023-01-25 23:59:32,762] {dag.py:2972} INFO - Setting next_dagrun for latest_only_with_trigger to 2023-01-25T19:59:32.760462+00:00, run_after=2023-01-25T23:59:32.760462+00:00
[2023-01-25 23:59:32,810] {processor.py:161} INFO - Processing /home/airflow/.local/lib/python3.7/site-packages/airflow/example_dags/example_latest_only_with_trigger.py took 0.277 seconds
