[2023-01-25 22:25:14,115] {processor.py:153} INFO - Started process (PID=166) to work on /home/airflow/.local/lib/python3.7/site-packages/airflow/example_dags/example_branch_python_dop_operator_3.py
[2023-01-25 22:25:14,117] {processor.py:641} INFO - Processing file /home/airflow/.local/lib/python3.7/site-packages/airflow/example_dags/example_branch_python_dop_operator_3.py for tasks to queue
[2023-01-25 22:25:14,120] {logging_mixin.py:115} INFO - [2023-01-25 22:25:14,119] {dagbag.py:508} INFO - Filling up the DagBag from /home/airflow/.local/lib/python3.7/site-packages/airflow/example_dags/example_branch_python_dop_operator_3.py
[2023-01-25 22:25:14,176] {processor.py:651} INFO - DAG(s) dict_keys(['example_branch_dop_operator_v3']) retrieved from /home/airflow/.local/lib/python3.7/site-packages/airflow/example_dags/example_branch_python_dop_operator_3.py
[2023-01-25 22:25:14,438] {logging_mixin.py:115} INFO - [2023-01-25 22:25:14,437] {dag.py:2420} INFO - Sync 1 DAGs
[2023-01-25 22:25:14,643] {logging_mixin.py:115} INFO - [2023-01-25 22:25:14,643] {dag.py:2972} INFO - Setting next_dagrun for example_branch_dop_operator_v3 to 2023-01-25T22:24:00+00:00, run_after=2023-01-25T22:25:00+00:00
[2023-01-25 22:25:14,701] {processor.py:161} INFO - Processing /home/airflow/.local/lib/python3.7/site-packages/airflow/example_dags/example_branch_python_dop_operator_3.py took 0.595 seconds
[2023-01-25 22:25:46,558] {processor.py:153} INFO - Started process (PID=280) to work on /home/airflow/.local/lib/python3.7/site-packages/airflow/example_dags/example_branch_python_dop_operator_3.py
[2023-01-25 22:25:46,560] {processor.py:641} INFO - Processing file /home/airflow/.local/lib/python3.7/site-packages/airflow/example_dags/example_branch_python_dop_operator_3.py for tasks to queue
[2023-01-25 22:25:46,562] {logging_mixin.py:115} INFO - [2023-01-25 22:25:46,562] {dagbag.py:508} INFO - Filling up the DagBag from /home/airflow/.local/lib/python3.7/site-packages/airflow/example_dags/example_branch_python_dop_operator_3.py
[2023-01-25 22:25:46,611] {processor.py:651} INFO - DAG(s) dict_keys(['example_branch_dop_operator_v3']) retrieved from /home/airflow/.local/lib/python3.7/site-packages/airflow/example_dags/example_branch_python_dop_operator_3.py
[2023-01-25 22:25:46,889] {logging_mixin.py:115} INFO - [2023-01-25 22:25:46,889] {dag.py:2420} INFO - Sync 1 DAGs
[2023-01-25 22:25:47,042] {logging_mixin.py:115} INFO - [2023-01-25 22:25:47,041] {dag.py:2972} INFO - Setting next_dagrun for example_branch_dop_operator_v3 to 2023-01-25T22:24:00+00:00, run_after=2023-01-25T22:25:00+00:00
[2023-01-25 22:25:47,084] {processor.py:161} INFO - Processing /home/airflow/.local/lib/python3.7/site-packages/airflow/example_dags/example_branch_python_dop_operator_3.py took 0.534 seconds
[2023-01-25 22:26:20,321] {processor.py:153} INFO - Started process (PID=394) to work on /home/airflow/.local/lib/python3.7/site-packages/airflow/example_dags/example_branch_python_dop_operator_3.py
[2023-01-25 22:26:20,323] {processor.py:641} INFO - Processing file /home/airflow/.local/lib/python3.7/site-packages/airflow/example_dags/example_branch_python_dop_operator_3.py for tasks to queue
[2023-01-25 22:26:20,325] {logging_mixin.py:115} INFO - [2023-01-25 22:26:20,325] {dagbag.py:508} INFO - Filling up the DagBag from /home/airflow/.local/lib/python3.7/site-packages/airflow/example_dags/example_branch_python_dop_operator_3.py
[2023-01-25 22:26:20,373] {processor.py:651} INFO - DAG(s) dict_keys(['example_branch_dop_operator_v3']) retrieved from /home/airflow/.local/lib/python3.7/site-packages/airflow/example_dags/example_branch_python_dop_operator_3.py
[2023-01-25 22:26:20,617] {logging_mixin.py:115} INFO - [2023-01-25 22:26:20,617] {dag.py:2420} INFO - Sync 1 DAGs
[2023-01-25 22:26:20,749] {logging_mixin.py:115} INFO - [2023-01-25 22:26:20,749] {dag.py:2972} INFO - Setting next_dagrun for example_branch_dop_operator_v3 to 2023-01-25T22:25:00+00:00, run_after=2023-01-25T22:26:00+00:00
[2023-01-25 22:26:20,787] {processor.py:161} INFO - Processing /home/airflow/.local/lib/python3.7/site-packages/airflow/example_dags/example_branch_python_dop_operator_3.py took 0.473 seconds
[2023-01-25 22:26:52,269] {processor.py:153} INFO - Started process (PID=507) to work on /home/airflow/.local/lib/python3.7/site-packages/airflow/example_dags/example_branch_python_dop_operator_3.py
[2023-01-25 22:26:52,271] {processor.py:641} INFO - Processing file /home/airflow/.local/lib/python3.7/site-packages/airflow/example_dags/example_branch_python_dop_operator_3.py for tasks to queue
[2023-01-25 22:26:52,273] {logging_mixin.py:115} INFO - [2023-01-25 22:26:52,273] {dagbag.py:508} INFO - Filling up the DagBag from /home/airflow/.local/lib/python3.7/site-packages/airflow/example_dags/example_branch_python_dop_operator_3.py
[2023-01-25 22:26:52,321] {processor.py:651} INFO - DAG(s) dict_keys(['example_branch_dop_operator_v3']) retrieved from /home/airflow/.local/lib/python3.7/site-packages/airflow/example_dags/example_branch_python_dop_operator_3.py
[2023-01-25 22:26:52,549] {logging_mixin.py:115} INFO - [2023-01-25 22:26:52,549] {dag.py:2420} INFO - Sync 1 DAGs
[2023-01-25 22:26:52,680] {logging_mixin.py:115} INFO - [2023-01-25 22:26:52,680] {dag.py:2972} INFO - Setting next_dagrun for example_branch_dop_operator_v3 to 2023-01-25T22:25:00+00:00, run_after=2023-01-25T22:26:00+00:00
[2023-01-25 22:26:52,714] {processor.py:161} INFO - Processing /home/airflow/.local/lib/python3.7/site-packages/airflow/example_dags/example_branch_python_dop_operator_3.py took 0.452 seconds
[2023-01-25 22:27:24,402] {processor.py:153} INFO - Started process (PID=619) to work on /home/airflow/.local/lib/python3.7/site-packages/airflow/example_dags/example_branch_python_dop_operator_3.py
[2023-01-25 22:27:24,404] {processor.py:641} INFO - Processing file /home/airflow/.local/lib/python3.7/site-packages/airflow/example_dags/example_branch_python_dop_operator_3.py for tasks to queue
[2023-01-25 22:27:24,405] {logging_mixin.py:115} INFO - [2023-01-25 22:27:24,405] {dagbag.py:508} INFO - Filling up the DagBag from /home/airflow/.local/lib/python3.7/site-packages/airflow/example_dags/example_branch_python_dop_operator_3.py
[2023-01-25 22:27:24,452] {processor.py:651} INFO - DAG(s) dict_keys(['example_branch_dop_operator_v3']) retrieved from /home/airflow/.local/lib/python3.7/site-packages/airflow/example_dags/example_branch_python_dop_operator_3.py
[2023-01-25 22:27:24,685] {logging_mixin.py:115} INFO - [2023-01-25 22:27:24,685] {dag.py:2420} INFO - Sync 1 DAGs
[2023-01-25 22:27:24,813] {logging_mixin.py:115} INFO - [2023-01-25 22:27:24,812] {dag.py:2972} INFO - Setting next_dagrun for example_branch_dop_operator_v3 to 2023-01-25T22:26:00+00:00, run_after=2023-01-25T22:27:00+00:00
[2023-01-25 22:27:24,847] {processor.py:161} INFO - Processing /home/airflow/.local/lib/python3.7/site-packages/airflow/example_dags/example_branch_python_dop_operator_3.py took 0.452 seconds
[2023-01-25 22:27:56,028] {processor.py:153} INFO - Started process (PID=731) to work on /home/airflow/.local/lib/python3.7/site-packages/airflow/example_dags/example_branch_python_dop_operator_3.py
[2023-01-25 22:27:56,030] {processor.py:641} INFO - Processing file /home/airflow/.local/lib/python3.7/site-packages/airflow/example_dags/example_branch_python_dop_operator_3.py for tasks to queue
[2023-01-25 22:27:56,033] {logging_mixin.py:115} INFO - [2023-01-25 22:27:56,032] {dagbag.py:508} INFO - Filling up the DagBag from /home/airflow/.local/lib/python3.7/site-packages/airflow/example_dags/example_branch_python_dop_operator_3.py
[2023-01-25 22:27:56,082] {processor.py:651} INFO - DAG(s) dict_keys(['example_branch_dop_operator_v3']) retrieved from /home/airflow/.local/lib/python3.7/site-packages/airflow/example_dags/example_branch_python_dop_operator_3.py
[2023-01-25 22:27:56,313] {logging_mixin.py:115} INFO - [2023-01-25 22:27:56,313] {dag.py:2420} INFO - Sync 1 DAGs
[2023-01-25 22:27:56,447] {logging_mixin.py:115} INFO - [2023-01-25 22:27:56,446] {dag.py:2972} INFO - Setting next_dagrun for example_branch_dop_operator_v3 to 2023-01-25T22:26:00+00:00, run_after=2023-01-25T22:27:00+00:00
[2023-01-25 22:27:56,491] {processor.py:161} INFO - Processing /home/airflow/.local/lib/python3.7/site-packages/airflow/example_dags/example_branch_python_dop_operator_3.py took 0.472 seconds
[2023-01-25 22:28:30,039] {processor.py:153} INFO - Started process (PID=848) to work on /home/airflow/.local/lib/python3.7/site-packages/airflow/example_dags/example_branch_python_dop_operator_3.py
[2023-01-25 22:28:30,042] {processor.py:641} INFO - Processing file /home/airflow/.local/lib/python3.7/site-packages/airflow/example_dags/example_branch_python_dop_operator_3.py for tasks to queue
[2023-01-25 22:28:30,044] {logging_mixin.py:115} INFO - [2023-01-25 22:28:30,044] {dagbag.py:508} INFO - Filling up the DagBag from /home/airflow/.local/lib/python3.7/site-packages/airflow/example_dags/example_branch_python_dop_operator_3.py
[2023-01-25 22:28:30,095] {processor.py:651} INFO - DAG(s) dict_keys(['example_branch_dop_operator_v3']) retrieved from /home/airflow/.local/lib/python3.7/site-packages/airflow/example_dags/example_branch_python_dop_operator_3.py
[2023-01-25 22:28:30,379] {logging_mixin.py:115} INFO - [2023-01-25 22:28:30,378] {dag.py:2420} INFO - Sync 1 DAGs
[2023-01-25 22:28:30,542] {logging_mixin.py:115} INFO - [2023-01-25 22:28:30,542] {dag.py:2972} INFO - Setting next_dagrun for example_branch_dop_operator_v3 to 2023-01-25T22:27:00+00:00, run_after=2023-01-25T22:28:00+00:00
[2023-01-25 22:28:30,582] {processor.py:161} INFO - Processing /home/airflow/.local/lib/python3.7/site-packages/airflow/example_dags/example_branch_python_dop_operator_3.py took 0.553 seconds
[2023-01-25 22:29:02,728] {processor.py:153} INFO - Started process (PID=959) to work on /home/airflow/.local/lib/python3.7/site-packages/airflow/example_dags/example_branch_python_dop_operator_3.py
[2023-01-25 22:29:02,730] {processor.py:641} INFO - Processing file /home/airflow/.local/lib/python3.7/site-packages/airflow/example_dags/example_branch_python_dop_operator_3.py for tasks to queue
[2023-01-25 22:29:02,732] {logging_mixin.py:115} INFO - [2023-01-25 22:29:02,731] {dagbag.py:508} INFO - Filling up the DagBag from /home/airflow/.local/lib/python3.7/site-packages/airflow/example_dags/example_branch_python_dop_operator_3.py
[2023-01-25 22:29:02,783] {processor.py:651} INFO - DAG(s) dict_keys(['example_branch_dop_operator_v3']) retrieved from /home/airflow/.local/lib/python3.7/site-packages/airflow/example_dags/example_branch_python_dop_operator_3.py
[2023-01-25 22:29:03,022] {logging_mixin.py:115} INFO - [2023-01-25 22:29:03,022] {dag.py:2420} INFO - Sync 1 DAGs
[2023-01-25 22:29:03,168] {logging_mixin.py:115} INFO - [2023-01-25 22:29:03,167] {dag.py:2972} INFO - Setting next_dagrun for example_branch_dop_operator_v3 to 2023-01-25T22:28:00+00:00, run_after=2023-01-25T22:29:00+00:00
[2023-01-25 22:29:03,205] {processor.py:161} INFO - Processing /home/airflow/.local/lib/python3.7/site-packages/airflow/example_dags/example_branch_python_dop_operator_3.py took 0.486 seconds
[2023-01-25 22:29:35,607] {processor.py:153} INFO - Started process (PID=1073) to work on /home/airflow/.local/lib/python3.7/site-packages/airflow/example_dags/example_branch_python_dop_operator_3.py
[2023-01-25 22:29:35,610] {processor.py:641} INFO - Processing file /home/airflow/.local/lib/python3.7/site-packages/airflow/example_dags/example_branch_python_dop_operator_3.py for tasks to queue
[2023-01-25 22:29:35,612] {logging_mixin.py:115} INFO - [2023-01-25 22:29:35,612] {dagbag.py:508} INFO - Filling up the DagBag from /home/airflow/.local/lib/python3.7/site-packages/airflow/example_dags/example_branch_python_dop_operator_3.py
[2023-01-25 22:29:35,672] {processor.py:651} INFO - DAG(s) dict_keys(['example_branch_dop_operator_v3']) retrieved from /home/airflow/.local/lib/python3.7/site-packages/airflow/example_dags/example_branch_python_dop_operator_3.py
[2023-01-25 22:29:35,923] {logging_mixin.py:115} INFO - [2023-01-25 22:29:35,923] {dag.py:2420} INFO - Sync 1 DAGs
[2023-01-25 22:29:36,069] {logging_mixin.py:115} INFO - [2023-01-25 22:29:36,069] {dag.py:2972} INFO - Setting next_dagrun for example_branch_dop_operator_v3 to 2023-01-25T22:28:00+00:00, run_after=2023-01-25T22:29:00+00:00
[2023-01-25 22:29:36,109] {processor.py:161} INFO - Processing /home/airflow/.local/lib/python3.7/site-packages/airflow/example_dags/example_branch_python_dop_operator_3.py took 0.513 seconds
[2023-01-25 22:30:08,455] {processor.py:153} INFO - Started process (PID=1187) to work on /home/airflow/.local/lib/python3.7/site-packages/airflow/example_dags/example_branch_python_dop_operator_3.py
[2023-01-25 22:30:08,458] {processor.py:641} INFO - Processing file /home/airflow/.local/lib/python3.7/site-packages/airflow/example_dags/example_branch_python_dop_operator_3.py for tasks to queue
[2023-01-25 22:30:08,461] {logging_mixin.py:115} INFO - [2023-01-25 22:30:08,460] {dagbag.py:508} INFO - Filling up the DagBag from /home/airflow/.local/lib/python3.7/site-packages/airflow/example_dags/example_branch_python_dop_operator_3.py
[2023-01-25 22:30:08,683] {processor.py:651} INFO - DAG(s) dict_keys(['example_branch_dop_operator_v3']) retrieved from /home/airflow/.local/lib/python3.7/site-packages/airflow/example_dags/example_branch_python_dop_operator_3.py
[2023-01-25 22:30:08,753] {logging_mixin.py:115} INFO - [2023-01-25 22:30:08,752] {dag.py:2420} INFO - Sync 1 DAGs
[2023-01-25 22:30:08,893] {logging_mixin.py:115} INFO - [2023-01-25 22:30:08,893] {dag.py:2972} INFO - Setting next_dagrun for example_branch_dop_operator_v3 to 2023-01-25T22:29:00+00:00, run_after=2023-01-25T22:30:00+00:00
[2023-01-25 22:30:08,934] {processor.py:161} INFO - Processing /home/airflow/.local/lib/python3.7/site-packages/airflow/example_dags/example_branch_python_dop_operator_3.py took 0.487 seconds
[2023-01-25 22:30:41,249] {processor.py:153} INFO - Started process (PID=1301) to work on /home/airflow/.local/lib/python3.7/site-packages/airflow/example_dags/example_branch_python_dop_operator_3.py
[2023-01-25 22:30:41,251] {processor.py:641} INFO - Processing file /home/airflow/.local/lib/python3.7/site-packages/airflow/example_dags/example_branch_python_dop_operator_3.py for tasks to queue
[2023-01-25 22:30:41,253] {logging_mixin.py:115} INFO - [2023-01-25 22:30:41,252] {dagbag.py:508} INFO - Filling up the DagBag from /home/airflow/.local/lib/python3.7/site-packages/airflow/example_dags/example_branch_python_dop_operator_3.py
[2023-01-25 22:30:41,475] {processor.py:651} INFO - DAG(s) dict_keys(['example_branch_dop_operator_v3']) retrieved from /home/airflow/.local/lib/python3.7/site-packages/airflow/example_dags/example_branch_python_dop_operator_3.py
[2023-01-25 22:30:41,551] {logging_mixin.py:115} INFO - [2023-01-25 22:30:41,550] {dag.py:2420} INFO - Sync 1 DAGs
[2023-01-25 22:30:41,709] {logging_mixin.py:115} INFO - [2023-01-25 22:30:41,709] {dag.py:2972} INFO - Setting next_dagrun for example_branch_dop_operator_v3 to 2023-01-25T22:29:00+00:00, run_after=2023-01-25T22:30:00+00:00
[2023-01-25 22:30:41,754] {processor.py:161} INFO - Processing /home/airflow/.local/lib/python3.7/site-packages/airflow/example_dags/example_branch_python_dop_operator_3.py took 0.513 seconds
[2023-01-25 22:31:12,848] {processor.py:153} INFO - Started process (PID=1415) to work on /home/airflow/.local/lib/python3.7/site-packages/airflow/example_dags/example_branch_python_dop_operator_3.py
[2023-01-25 22:31:12,850] {processor.py:641} INFO - Processing file /home/airflow/.local/lib/python3.7/site-packages/airflow/example_dags/example_branch_python_dop_operator_3.py for tasks to queue
[2023-01-25 22:31:12,852] {logging_mixin.py:115} INFO - [2023-01-25 22:31:12,851] {dagbag.py:508} INFO - Filling up the DagBag from /home/airflow/.local/lib/python3.7/site-packages/airflow/example_dags/example_branch_python_dop_operator_3.py
[2023-01-25 22:31:13,082] {processor.py:651} INFO - DAG(s) dict_keys(['example_branch_dop_operator_v3']) retrieved from /home/airflow/.local/lib/python3.7/site-packages/airflow/example_dags/example_branch_python_dop_operator_3.py
[2023-01-25 22:31:13,153] {logging_mixin.py:115} INFO - [2023-01-25 22:31:13,152] {dag.py:2420} INFO - Sync 1 DAGs
[2023-01-25 22:31:13,287] {logging_mixin.py:115} INFO - [2023-01-25 22:31:13,287] {dag.py:2972} INFO - Setting next_dagrun for example_branch_dop_operator_v3 to 2023-01-25T22:30:00+00:00, run_after=2023-01-25T22:31:00+00:00
[2023-01-25 22:31:13,326] {processor.py:161} INFO - Processing /home/airflow/.local/lib/python3.7/site-packages/airflow/example_dags/example_branch_python_dop_operator_3.py took 0.486 seconds
[2023-01-25 22:31:44,134] {processor.py:153} INFO - Started process (PID=1528) to work on /home/airflow/.local/lib/python3.7/site-packages/airflow/example_dags/example_branch_python_dop_operator_3.py
[2023-01-25 22:31:44,137] {processor.py:641} INFO - Processing file /home/airflow/.local/lib/python3.7/site-packages/airflow/example_dags/example_branch_python_dop_operator_3.py for tasks to queue
[2023-01-25 22:31:44,139] {logging_mixin.py:115} INFO - [2023-01-25 22:31:44,139] {dagbag.py:508} INFO - Filling up the DagBag from /home/airflow/.local/lib/python3.7/site-packages/airflow/example_dags/example_branch_python_dop_operator_3.py
[2023-01-25 22:31:44,374] {processor.py:651} INFO - DAG(s) dict_keys(['example_branch_dop_operator_v3']) retrieved from /home/airflow/.local/lib/python3.7/site-packages/airflow/example_dags/example_branch_python_dop_operator_3.py
[2023-01-25 22:31:44,463] {logging_mixin.py:115} INFO - [2023-01-25 22:31:44,463] {dag.py:2420} INFO - Sync 1 DAGs
[2023-01-25 22:31:44,627] {logging_mixin.py:115} INFO - [2023-01-25 22:31:44,626] {dag.py:2972} INFO - Setting next_dagrun for example_branch_dop_operator_v3 to 2023-01-25T22:30:00+00:00, run_after=2023-01-25T22:31:00+00:00
[2023-01-25 22:31:44,672] {processor.py:161} INFO - Processing /home/airflow/.local/lib/python3.7/site-packages/airflow/example_dags/example_branch_python_dop_operator_3.py took 0.547 seconds
[2023-01-25 22:32:14,747] {processor.py:153} INFO - Started process (PID=1638) to work on /home/airflow/.local/lib/python3.7/site-packages/airflow/example_dags/example_branch_python_dop_operator_3.py
[2023-01-25 22:32:14,748] {processor.py:641} INFO - Processing file /home/airflow/.local/lib/python3.7/site-packages/airflow/example_dags/example_branch_python_dop_operator_3.py for tasks to queue
[2023-01-25 22:32:14,750] {logging_mixin.py:115} INFO - [2023-01-25 22:32:14,750] {dagbag.py:508} INFO - Filling up the DagBag from /home/airflow/.local/lib/python3.7/site-packages/airflow/example_dags/example_branch_python_dop_operator_3.py
[2023-01-25 22:32:14,947] {processor.py:651} INFO - DAG(s) dict_keys(['example_branch_dop_operator_v3']) retrieved from /home/airflow/.local/lib/python3.7/site-packages/airflow/example_dags/example_branch_python_dop_operator_3.py
[2023-01-25 22:32:15,008] {logging_mixin.py:115} INFO - [2023-01-25 22:32:15,007] {dag.py:2420} INFO - Sync 1 DAGs
[2023-01-25 22:32:15,138] {logging_mixin.py:115} INFO - [2023-01-25 22:32:15,137] {dag.py:2972} INFO - Setting next_dagrun for example_branch_dop_operator_v3 to 2023-01-25T22:31:00+00:00, run_after=2023-01-25T22:32:00+00:00
[2023-01-25 22:32:15,194] {processor.py:161} INFO - Processing /home/airflow/.local/lib/python3.7/site-packages/airflow/example_dags/example_branch_python_dop_operator_3.py took 0.455 seconds
[2023-01-25 22:32:45,740] {processor.py:153} INFO - Started process (PID=1752) to work on /home/airflow/.local/lib/python3.7/site-packages/airflow/example_dags/example_branch_python_dop_operator_3.py
[2023-01-25 22:32:45,742] {processor.py:641} INFO - Processing file /home/airflow/.local/lib/python3.7/site-packages/airflow/example_dags/example_branch_python_dop_operator_3.py for tasks to queue
[2023-01-25 22:32:45,744] {logging_mixin.py:115} INFO - [2023-01-25 22:32:45,743] {dagbag.py:508} INFO - Filling up the DagBag from /home/airflow/.local/lib/python3.7/site-packages/airflow/example_dags/example_branch_python_dop_operator_3.py
[2023-01-25 22:32:45,974] {processor.py:651} INFO - DAG(s) dict_keys(['example_branch_dop_operator_v3']) retrieved from /home/airflow/.local/lib/python3.7/site-packages/airflow/example_dags/example_branch_python_dop_operator_3.py
[2023-01-25 22:32:46,044] {logging_mixin.py:115} INFO - [2023-01-25 22:32:46,044] {dag.py:2420} INFO - Sync 1 DAGs
[2023-01-25 22:32:46,200] {logging_mixin.py:115} INFO - [2023-01-25 22:32:46,199] {dag.py:2972} INFO - Setting next_dagrun for example_branch_dop_operator_v3 to 2023-01-25T22:31:00+00:00, run_after=2023-01-25T22:32:00+00:00
[2023-01-25 22:32:46,244] {processor.py:161} INFO - Processing /home/airflow/.local/lib/python3.7/site-packages/airflow/example_dags/example_branch_python_dop_operator_3.py took 0.512 seconds
[2023-01-25 22:33:17,036] {processor.py:153} INFO - Started process (PID=1866) to work on /home/airflow/.local/lib/python3.7/site-packages/airflow/example_dags/example_branch_python_dop_operator_3.py
[2023-01-25 22:33:17,038] {processor.py:641} INFO - Processing file /home/airflow/.local/lib/python3.7/site-packages/airflow/example_dags/example_branch_python_dop_operator_3.py for tasks to queue
[2023-01-25 22:33:17,041] {logging_mixin.py:115} INFO - [2023-01-25 22:33:17,041] {dagbag.py:508} INFO - Filling up the DagBag from /home/airflow/.local/lib/python3.7/site-packages/airflow/example_dags/example_branch_python_dop_operator_3.py
[2023-01-25 22:33:17,329] {processor.py:651} INFO - DAG(s) dict_keys(['example_branch_dop_operator_v3']) retrieved from /home/airflow/.local/lib/python3.7/site-packages/airflow/example_dags/example_branch_python_dop_operator_3.py
[2023-01-25 22:33:17,429] {logging_mixin.py:115} INFO - [2023-01-25 22:33:17,428] {dag.py:2420} INFO - Sync 1 DAGs
[2023-01-25 22:33:17,695] {logging_mixin.py:115} INFO - [2023-01-25 22:33:17,694] {dag.py:2972} INFO - Setting next_dagrun for example_branch_dop_operator_v3 to 2023-01-25T22:32:00+00:00, run_after=2023-01-25T22:33:00+00:00
[2023-01-25 22:33:17,762] {processor.py:161} INFO - Processing /home/airflow/.local/lib/python3.7/site-packages/airflow/example_dags/example_branch_python_dop_operator_3.py took 0.736 seconds
[2023-01-25 22:33:48,255] {processor.py:153} INFO - Started process (PID=1980) to work on /home/airflow/.local/lib/python3.7/site-packages/airflow/example_dags/example_branch_python_dop_operator_3.py
[2023-01-25 22:33:48,257] {processor.py:641} INFO - Processing file /home/airflow/.local/lib/python3.7/site-packages/airflow/example_dags/example_branch_python_dop_operator_3.py for tasks to queue
[2023-01-25 22:33:48,259] {logging_mixin.py:115} INFO - [2023-01-25 22:33:48,259] {dagbag.py:508} INFO - Filling up the DagBag from /home/airflow/.local/lib/python3.7/site-packages/airflow/example_dags/example_branch_python_dop_operator_3.py
[2023-01-25 22:33:48,535] {processor.py:651} INFO - DAG(s) dict_keys(['example_branch_dop_operator_v3']) retrieved from /home/airflow/.local/lib/python3.7/site-packages/airflow/example_dags/example_branch_python_dop_operator_3.py
[2023-01-25 22:33:48,611] {logging_mixin.py:115} INFO - [2023-01-25 22:33:48,610] {dag.py:2420} INFO - Sync 1 DAGs
[2023-01-25 22:33:48,756] {logging_mixin.py:115} INFO - [2023-01-25 22:33:48,756] {dag.py:2972} INFO - Setting next_dagrun for example_branch_dop_operator_v3 to 2023-01-25T22:32:00+00:00, run_after=2023-01-25T22:33:00+00:00
[2023-01-25 22:33:48,791] {processor.py:161} INFO - Processing /home/airflow/.local/lib/python3.7/site-packages/airflow/example_dags/example_branch_python_dop_operator_3.py took 0.553 seconds
[2023-01-25 22:34:19,488] {processor.py:153} INFO - Started process (PID=2096) to work on /home/airflow/.local/lib/python3.7/site-packages/airflow/example_dags/example_branch_python_dop_operator_3.py
[2023-01-25 22:34:19,490] {processor.py:641} INFO - Processing file /home/airflow/.local/lib/python3.7/site-packages/airflow/example_dags/example_branch_python_dop_operator_3.py for tasks to queue
[2023-01-25 22:34:19,493] {logging_mixin.py:115} INFO - [2023-01-25 22:34:19,493] {dagbag.py:508} INFO - Filling up the DagBag from /home/airflow/.local/lib/python3.7/site-packages/airflow/example_dags/example_branch_python_dop_operator_3.py
[2023-01-25 22:34:19,719] {processor.py:651} INFO - DAG(s) dict_keys(['example_branch_dop_operator_v3']) retrieved from /home/airflow/.local/lib/python3.7/site-packages/airflow/example_dags/example_branch_python_dop_operator_3.py
[2023-01-25 22:34:19,800] {logging_mixin.py:115} INFO - [2023-01-25 22:34:19,800] {dag.py:2420} INFO - Sync 1 DAGs
[2023-01-25 22:34:19,944] {logging_mixin.py:115} INFO - [2023-01-25 22:34:19,943] {dag.py:2972} INFO - Setting next_dagrun for example_branch_dop_operator_v3 to 2023-01-25T22:33:00+00:00, run_after=2023-01-25T22:34:00+00:00
[2023-01-25 22:34:19,991] {processor.py:161} INFO - Processing /home/airflow/.local/lib/python3.7/site-packages/airflow/example_dags/example_branch_python_dop_operator_3.py took 0.512 seconds
[2023-01-25 22:34:50,330] {processor.py:153} INFO - Started process (PID=2207) to work on /home/airflow/.local/lib/python3.7/site-packages/airflow/example_dags/example_branch_python_dop_operator_3.py
[2023-01-25 22:34:50,332] {processor.py:641} INFO - Processing file /home/airflow/.local/lib/python3.7/site-packages/airflow/example_dags/example_branch_python_dop_operator_3.py for tasks to queue
[2023-01-25 22:34:50,334] {logging_mixin.py:115} INFO - [2023-01-25 22:34:50,334] {dagbag.py:508} INFO - Filling up the DagBag from /home/airflow/.local/lib/python3.7/site-packages/airflow/example_dags/example_branch_python_dop_operator_3.py
[2023-01-25 22:34:50,551] {processor.py:651} INFO - DAG(s) dict_keys(['example_branch_dop_operator_v3']) retrieved from /home/airflow/.local/lib/python3.7/site-packages/airflow/example_dags/example_branch_python_dop_operator_3.py
[2023-01-25 22:34:50,623] {logging_mixin.py:115} INFO - [2023-01-25 22:34:50,622] {dag.py:2420} INFO - Sync 1 DAGs
[2023-01-25 22:34:50,763] {logging_mixin.py:115} INFO - [2023-01-25 22:34:50,762] {dag.py:2972} INFO - Setting next_dagrun for example_branch_dop_operator_v3 to 2023-01-25T22:33:00+00:00, run_after=2023-01-25T22:34:00+00:00
[2023-01-25 22:34:50,800] {processor.py:161} INFO - Processing /home/airflow/.local/lib/python3.7/site-packages/airflow/example_dags/example_branch_python_dop_operator_3.py took 0.477 seconds
[2023-01-25 22:35:20,925] {processor.py:153} INFO - Started process (PID=2319) to work on /home/airflow/.local/lib/python3.7/site-packages/airflow/example_dags/example_branch_python_dop_operator_3.py
[2023-01-25 22:35:20,927] {processor.py:641} INFO - Processing file /home/airflow/.local/lib/python3.7/site-packages/airflow/example_dags/example_branch_python_dop_operator_3.py for tasks to queue
[2023-01-25 22:35:20,930] {logging_mixin.py:115} INFO - [2023-01-25 22:35:20,929] {dagbag.py:508} INFO - Filling up the DagBag from /home/airflow/.local/lib/python3.7/site-packages/airflow/example_dags/example_branch_python_dop_operator_3.py
[2023-01-25 22:35:20,990] {processor.py:651} INFO - DAG(s) dict_keys(['example_branch_dop_operator_v3']) retrieved from /home/airflow/.local/lib/python3.7/site-packages/airflow/example_dags/example_branch_python_dop_operator_3.py
[2023-01-25 22:35:21,073] {logging_mixin.py:115} INFO - [2023-01-25 22:35:21,073] {dag.py:2420} INFO - Sync 1 DAGs
[2023-01-25 22:35:21,229] {logging_mixin.py:115} INFO - [2023-01-25 22:35:21,228] {dag.py:2972} INFO - Setting next_dagrun for example_branch_dop_operator_v3 to 2023-01-25T22:34:00+00:00, run_after=2023-01-25T22:35:00+00:00
[2023-01-25 22:35:21,271] {processor.py:161} INFO - Processing /home/airflow/.local/lib/python3.7/site-packages/airflow/example_dags/example_branch_python_dop_operator_3.py took 0.357 seconds
[2023-01-25 22:35:51,318] {processor.py:153} INFO - Started process (PID=2430) to work on /home/airflow/.local/lib/python3.7/site-packages/airflow/example_dags/example_branch_python_dop_operator_3.py
[2023-01-25 22:35:51,321] {processor.py:641} INFO - Processing file /home/airflow/.local/lib/python3.7/site-packages/airflow/example_dags/example_branch_python_dop_operator_3.py for tasks to queue
[2023-01-25 22:35:51,323] {logging_mixin.py:115} INFO - [2023-01-25 22:35:51,323] {dagbag.py:508} INFO - Filling up the DagBag from /home/airflow/.local/lib/python3.7/site-packages/airflow/example_dags/example_branch_python_dop_operator_3.py
[2023-01-25 22:35:51,367] {processor.py:651} INFO - DAG(s) dict_keys(['example_branch_dop_operator_v3']) retrieved from /home/airflow/.local/lib/python3.7/site-packages/airflow/example_dags/example_branch_python_dop_operator_3.py
[2023-01-25 22:35:51,445] {logging_mixin.py:115} INFO - [2023-01-25 22:35:51,445] {dag.py:2420} INFO - Sync 1 DAGs
[2023-01-25 22:35:51,583] {logging_mixin.py:115} INFO - [2023-01-25 22:35:51,583] {dag.py:2972} INFO - Setting next_dagrun for example_branch_dop_operator_v3 to 2023-01-25T22:34:00+00:00, run_after=2023-01-25T22:35:00+00:00
[2023-01-25 22:35:51,620] {processor.py:161} INFO - Processing /home/airflow/.local/lib/python3.7/site-packages/airflow/example_dags/example_branch_python_dop_operator_3.py took 0.309 seconds
[2023-01-25 22:36:22,982] {processor.py:153} INFO - Started process (PID=2546) to work on /home/airflow/.local/lib/python3.7/site-packages/airflow/example_dags/example_branch_python_dop_operator_3.py
[2023-01-25 22:36:22,984] {processor.py:641} INFO - Processing file /home/airflow/.local/lib/python3.7/site-packages/airflow/example_dags/example_branch_python_dop_operator_3.py for tasks to queue
[2023-01-25 22:36:22,986] {logging_mixin.py:115} INFO - [2023-01-25 22:36:22,986] {dagbag.py:508} INFO - Filling up the DagBag from /home/airflow/.local/lib/python3.7/site-packages/airflow/example_dags/example_branch_python_dop_operator_3.py
[2023-01-25 22:36:23,031] {processor.py:651} INFO - DAG(s) dict_keys(['example_branch_dop_operator_v3']) retrieved from /home/airflow/.local/lib/python3.7/site-packages/airflow/example_dags/example_branch_python_dop_operator_3.py
[2023-01-25 22:36:23,109] {logging_mixin.py:115} INFO - [2023-01-25 22:36:23,108] {dag.py:2420} INFO - Sync 1 DAGs
[2023-01-25 22:36:23,255] {logging_mixin.py:115} INFO - [2023-01-25 22:36:23,255] {dag.py:2972} INFO - Setting next_dagrun for example_branch_dop_operator_v3 to 2023-01-25T22:35:00+00:00, run_after=2023-01-25T22:36:00+00:00
[2023-01-25 22:36:23,297] {processor.py:161} INFO - Processing /home/airflow/.local/lib/python3.7/site-packages/airflow/example_dags/example_branch_python_dop_operator_3.py took 0.323 seconds
[2023-01-25 22:36:55,615] {processor.py:153} INFO - Started process (PID=2660) to work on /home/airflow/.local/lib/python3.7/site-packages/airflow/example_dags/example_branch_python_dop_operator_3.py
[2023-01-25 22:36:55,617] {processor.py:641} INFO - Processing file /home/airflow/.local/lib/python3.7/site-packages/airflow/example_dags/example_branch_python_dop_operator_3.py for tasks to queue
[2023-01-25 22:36:55,619] {logging_mixin.py:115} INFO - [2023-01-25 22:36:55,619] {dagbag.py:508} INFO - Filling up the DagBag from /home/airflow/.local/lib/python3.7/site-packages/airflow/example_dags/example_branch_python_dop_operator_3.py
[2023-01-25 22:36:55,666] {processor.py:651} INFO - DAG(s) dict_keys(['example_branch_dop_operator_v3']) retrieved from /home/airflow/.local/lib/python3.7/site-packages/airflow/example_dags/example_branch_python_dop_operator_3.py
[2023-01-25 22:36:55,747] {logging_mixin.py:115} INFO - [2023-01-25 22:36:55,747] {dag.py:2420} INFO - Sync 1 DAGs
[2023-01-25 22:36:55,885] {logging_mixin.py:115} INFO - [2023-01-25 22:36:55,884] {dag.py:2972} INFO - Setting next_dagrun for example_branch_dop_operator_v3 to 2023-01-25T22:35:00+00:00, run_after=2023-01-25T22:36:00+00:00
[2023-01-25 22:36:55,921] {processor.py:161} INFO - Processing /home/airflow/.local/lib/python3.7/site-packages/airflow/example_dags/example_branch_python_dop_operator_3.py took 0.316 seconds
[2023-01-25 22:37:29,205] {processor.py:153} INFO - Started process (PID=2773) to work on /home/airflow/.local/lib/python3.7/site-packages/airflow/example_dags/example_branch_python_dop_operator_3.py
[2023-01-25 22:37:29,207] {processor.py:641} INFO - Processing file /home/airflow/.local/lib/python3.7/site-packages/airflow/example_dags/example_branch_python_dop_operator_3.py for tasks to queue
[2023-01-25 22:37:29,209] {logging_mixin.py:115} INFO - [2023-01-25 22:37:29,209] {dagbag.py:508} INFO - Filling up the DagBag from /home/airflow/.local/lib/python3.7/site-packages/airflow/example_dags/example_branch_python_dop_operator_3.py
[2023-01-25 22:37:29,254] {processor.py:651} INFO - DAG(s) dict_keys(['example_branch_dop_operator_v3']) retrieved from /home/airflow/.local/lib/python3.7/site-packages/airflow/example_dags/example_branch_python_dop_operator_3.py
[2023-01-25 22:37:29,341] {logging_mixin.py:115} INFO - [2023-01-25 22:37:29,341] {dag.py:2420} INFO - Sync 1 DAGs
[2023-01-25 22:37:29,489] {logging_mixin.py:115} INFO - [2023-01-25 22:37:29,488] {dag.py:2972} INFO - Setting next_dagrun for example_branch_dop_operator_v3 to 2023-01-25T22:36:00+00:00, run_after=2023-01-25T22:37:00+00:00
[2023-01-25 22:37:29,531] {processor.py:161} INFO - Processing /home/airflow/.local/lib/python3.7/site-packages/airflow/example_dags/example_branch_python_dop_operator_3.py took 0.334 seconds
[2023-01-25 22:38:02,461] {processor.py:153} INFO - Started process (PID=2889) to work on /home/airflow/.local/lib/python3.7/site-packages/airflow/example_dags/example_branch_python_dop_operator_3.py
[2023-01-25 22:38:02,463] {processor.py:641} INFO - Processing file /home/airflow/.local/lib/python3.7/site-packages/airflow/example_dags/example_branch_python_dop_operator_3.py for tasks to queue
[2023-01-25 22:38:02,465] {logging_mixin.py:115} INFO - [2023-01-25 22:38:02,465] {dagbag.py:508} INFO - Filling up the DagBag from /home/airflow/.local/lib/python3.7/site-packages/airflow/example_dags/example_branch_python_dop_operator_3.py
[2023-01-25 22:38:02,509] {processor.py:651} INFO - DAG(s) dict_keys(['example_branch_dop_operator_v3']) retrieved from /home/airflow/.local/lib/python3.7/site-packages/airflow/example_dags/example_branch_python_dop_operator_3.py
[2023-01-25 22:38:02,589] {logging_mixin.py:115} INFO - [2023-01-25 22:38:02,588] {dag.py:2420} INFO - Sync 1 DAGs
[2023-01-25 22:38:02,778] {logging_mixin.py:115} INFO - [2023-01-25 22:38:02,777] {dag.py:2972} INFO - Setting next_dagrun for example_branch_dop_operator_v3 to 2023-01-25T22:37:00+00:00, run_after=2023-01-25T22:38:00+00:00
[2023-01-25 22:38:02,827] {processor.py:161} INFO - Processing /home/airflow/.local/lib/python3.7/site-packages/airflow/example_dags/example_branch_python_dop_operator_3.py took 0.375 seconds
[2023-01-25 22:38:35,595] {processor.py:153} INFO - Started process (PID=3003) to work on /home/airflow/.local/lib/python3.7/site-packages/airflow/example_dags/example_branch_python_dop_operator_3.py
[2023-01-25 22:38:35,598] {processor.py:641} INFO - Processing file /home/airflow/.local/lib/python3.7/site-packages/airflow/example_dags/example_branch_python_dop_operator_3.py for tasks to queue
[2023-01-25 22:38:35,601] {logging_mixin.py:115} INFO - [2023-01-25 22:38:35,600] {dagbag.py:508} INFO - Filling up the DagBag from /home/airflow/.local/lib/python3.7/site-packages/airflow/example_dags/example_branch_python_dop_operator_3.py
[2023-01-25 22:38:35,647] {processor.py:651} INFO - DAG(s) dict_keys(['example_branch_dop_operator_v3']) retrieved from /home/airflow/.local/lib/python3.7/site-packages/airflow/example_dags/example_branch_python_dop_operator_3.py
[2023-01-25 22:38:35,727] {logging_mixin.py:115} INFO - [2023-01-25 22:38:35,726] {dag.py:2420} INFO - Sync 1 DAGs
[2023-01-25 22:38:35,864] {logging_mixin.py:115} INFO - [2023-01-25 22:38:35,863] {dag.py:2972} INFO - Setting next_dagrun for example_branch_dop_operator_v3 to 2023-01-25T22:37:00+00:00, run_after=2023-01-25T22:38:00+00:00
[2023-01-25 22:38:35,903] {processor.py:161} INFO - Processing /home/airflow/.local/lib/python3.7/site-packages/airflow/example_dags/example_branch_python_dop_operator_3.py took 0.317 seconds
[2023-01-25 22:39:06,082] {processor.py:153} INFO - Started process (PID=3116) to work on /home/airflow/.local/lib/python3.7/site-packages/airflow/example_dags/example_branch_python_dop_operator_3.py
[2023-01-25 22:39:06,084] {processor.py:641} INFO - Processing file /home/airflow/.local/lib/python3.7/site-packages/airflow/example_dags/example_branch_python_dop_operator_3.py for tasks to queue
[2023-01-25 22:39:06,087] {logging_mixin.py:115} INFO - [2023-01-25 22:39:06,086] {dagbag.py:508} INFO - Filling up the DagBag from /home/airflow/.local/lib/python3.7/site-packages/airflow/example_dags/example_branch_python_dop_operator_3.py
[2023-01-25 22:39:06,162] {processor.py:651} INFO - DAG(s) dict_keys(['example_branch_dop_operator_v3']) retrieved from /home/airflow/.local/lib/python3.7/site-packages/airflow/example_dags/example_branch_python_dop_operator_3.py
[2023-01-25 22:39:06,273] {logging_mixin.py:115} INFO - [2023-01-25 22:39:06,272] {dag.py:2420} INFO - Sync 1 DAGs
[2023-01-25 22:39:06,451] {logging_mixin.py:115} INFO - [2023-01-25 22:39:06,450] {dag.py:2972} INFO - Setting next_dagrun for example_branch_dop_operator_v3 to 2023-01-25T22:38:00+00:00, run_after=2023-01-25T22:39:00+00:00
[2023-01-25 22:39:06,499] {processor.py:161} INFO - Processing /home/airflow/.local/lib/python3.7/site-packages/airflow/example_dags/example_branch_python_dop_operator_3.py took 0.436 seconds
[2023-01-25 22:39:36,748] {processor.py:153} INFO - Started process (PID=3228) to work on /home/airflow/.local/lib/python3.7/site-packages/airflow/example_dags/example_branch_python_dop_operator_3.py
[2023-01-25 22:39:36,751] {processor.py:641} INFO - Processing file /home/airflow/.local/lib/python3.7/site-packages/airflow/example_dags/example_branch_python_dop_operator_3.py for tasks to queue
[2023-01-25 22:39:36,753] {logging_mixin.py:115} INFO - [2023-01-25 22:39:36,752] {dagbag.py:508} INFO - Filling up the DagBag from /home/airflow/.local/lib/python3.7/site-packages/airflow/example_dags/example_branch_python_dop_operator_3.py
[2023-01-25 22:39:36,795] {processor.py:651} INFO - DAG(s) dict_keys(['example_branch_dop_operator_v3']) retrieved from /home/airflow/.local/lib/python3.7/site-packages/airflow/example_dags/example_branch_python_dop_operator_3.py
[2023-01-25 22:39:36,875] {logging_mixin.py:115} INFO - [2023-01-25 22:39:36,875] {dag.py:2420} INFO - Sync 1 DAGs
[2023-01-25 22:39:37,003] {logging_mixin.py:115} INFO - [2023-01-25 22:39:37,002] {dag.py:2972} INFO - Setting next_dagrun for example_branch_dop_operator_v3 to 2023-01-25T22:38:00+00:00, run_after=2023-01-25T22:39:00+00:00
[2023-01-25 22:39:37,038] {processor.py:161} INFO - Processing /home/airflow/.local/lib/python3.7/site-packages/airflow/example_dags/example_branch_python_dop_operator_3.py took 0.300 seconds
[2023-01-25 22:40:07,326] {processor.py:153} INFO - Started process (PID=3341) to work on /home/airflow/.local/lib/python3.7/site-packages/airflow/example_dags/example_branch_python_dop_operator_3.py
[2023-01-25 22:40:07,328] {processor.py:641} INFO - Processing file /home/airflow/.local/lib/python3.7/site-packages/airflow/example_dags/example_branch_python_dop_operator_3.py for tasks to queue
[2023-01-25 22:40:07,330] {logging_mixin.py:115} INFO - [2023-01-25 22:40:07,329] {dagbag.py:508} INFO - Filling up the DagBag from /home/airflow/.local/lib/python3.7/site-packages/airflow/example_dags/example_branch_python_dop_operator_3.py
[2023-01-25 22:40:07,369] {processor.py:651} INFO - DAG(s) dict_keys(['example_branch_dop_operator_v3']) retrieved from /home/airflow/.local/lib/python3.7/site-packages/airflow/example_dags/example_branch_python_dop_operator_3.py
[2023-01-25 22:40:07,436] {logging_mixin.py:115} INFO - [2023-01-25 22:40:07,436] {dag.py:2420} INFO - Sync 1 DAGs
[2023-01-25 22:40:07,559] {logging_mixin.py:115} INFO - [2023-01-25 22:40:07,559] {dag.py:2972} INFO - Setting next_dagrun for example_branch_dop_operator_v3 to 2023-01-25T22:39:00+00:00, run_after=2023-01-25T22:40:00+00:00
[2023-01-25 22:40:07,600] {processor.py:161} INFO - Processing /home/airflow/.local/lib/python3.7/site-packages/airflow/example_dags/example_branch_python_dop_operator_3.py took 0.283 seconds
[2023-01-25 22:40:37,663] {processor.py:153} INFO - Started process (PID=3455) to work on /home/airflow/.local/lib/python3.7/site-packages/airflow/example_dags/example_branch_python_dop_operator_3.py
[2023-01-25 22:40:37,665] {processor.py:641} INFO - Processing file /home/airflow/.local/lib/python3.7/site-packages/airflow/example_dags/example_branch_python_dop_operator_3.py for tasks to queue
[2023-01-25 22:40:37,668] {logging_mixin.py:115} INFO - [2023-01-25 22:40:37,668] {dagbag.py:508} INFO - Filling up the DagBag from /home/airflow/.local/lib/python3.7/site-packages/airflow/example_dags/example_branch_python_dop_operator_3.py
[2023-01-25 22:40:37,720] {processor.py:651} INFO - DAG(s) dict_keys(['example_branch_dop_operator_v3']) retrieved from /home/airflow/.local/lib/python3.7/site-packages/airflow/example_dags/example_branch_python_dop_operator_3.py
[2023-01-25 22:40:37,797] {logging_mixin.py:115} INFO - [2023-01-25 22:40:37,796] {dag.py:2420} INFO - Sync 1 DAGs
[2023-01-25 22:40:37,934] {logging_mixin.py:115} INFO - [2023-01-25 22:40:37,934] {dag.py:2972} INFO - Setting next_dagrun for example_branch_dop_operator_v3 to 2023-01-25T22:39:00+00:00, run_after=2023-01-25T22:40:00+00:00
[2023-01-25 22:40:37,970] {processor.py:161} INFO - Processing /home/airflow/.local/lib/python3.7/site-packages/airflow/example_dags/example_branch_python_dop_operator_3.py took 0.315 seconds
[2023-01-25 22:41:08,243] {processor.py:153} INFO - Started process (PID=3570) to work on /home/airflow/.local/lib/python3.7/site-packages/airflow/example_dags/example_branch_python_dop_operator_3.py
[2023-01-25 22:41:08,246] {processor.py:641} INFO - Processing file /home/airflow/.local/lib/python3.7/site-packages/airflow/example_dags/example_branch_python_dop_operator_3.py for tasks to queue
[2023-01-25 22:41:08,249] {logging_mixin.py:115} INFO - [2023-01-25 22:41:08,248] {dagbag.py:508} INFO - Filling up the DagBag from /home/airflow/.local/lib/python3.7/site-packages/airflow/example_dags/example_branch_python_dop_operator_3.py
[2023-01-25 22:41:08,295] {processor.py:651} INFO - DAG(s) dict_keys(['example_branch_dop_operator_v3']) retrieved from /home/airflow/.local/lib/python3.7/site-packages/airflow/example_dags/example_branch_python_dop_operator_3.py
[2023-01-25 22:41:08,380] {logging_mixin.py:115} INFO - [2023-01-25 22:41:08,380] {dag.py:2420} INFO - Sync 1 DAGs
[2023-01-25 22:41:08,520] {logging_mixin.py:115} INFO - [2023-01-25 22:41:08,519] {dag.py:2972} INFO - Setting next_dagrun for example_branch_dop_operator_v3 to 2023-01-25T22:40:00+00:00, run_after=2023-01-25T22:41:00+00:00
[2023-01-25 22:41:08,558] {processor.py:161} INFO - Processing /home/airflow/.local/lib/python3.7/site-packages/airflow/example_dags/example_branch_python_dop_operator_3.py took 0.324 seconds
[2023-01-25 22:41:38,768] {processor.py:153} INFO - Started process (PID=3683) to work on /home/airflow/.local/lib/python3.7/site-packages/airflow/example_dags/example_branch_python_dop_operator_3.py
[2023-01-25 22:41:38,770] {processor.py:641} INFO - Processing file /home/airflow/.local/lib/python3.7/site-packages/airflow/example_dags/example_branch_python_dop_operator_3.py for tasks to queue
[2023-01-25 22:41:38,773] {logging_mixin.py:115} INFO - [2023-01-25 22:41:38,773] {dagbag.py:508} INFO - Filling up the DagBag from /home/airflow/.local/lib/python3.7/site-packages/airflow/example_dags/example_branch_python_dop_operator_3.py
[2023-01-25 22:41:38,825] {processor.py:651} INFO - DAG(s) dict_keys(['example_branch_dop_operator_v3']) retrieved from /home/airflow/.local/lib/python3.7/site-packages/airflow/example_dags/example_branch_python_dop_operator_3.py
[2023-01-25 22:41:38,914] {logging_mixin.py:115} INFO - [2023-01-25 22:41:38,913] {dag.py:2420} INFO - Sync 1 DAGs
[2023-01-25 22:41:39,066] {logging_mixin.py:115} INFO - [2023-01-25 22:41:39,065] {dag.py:2972} INFO - Setting next_dagrun for example_branch_dop_operator_v3 to 2023-01-25T22:40:00+00:00, run_after=2023-01-25T22:41:00+00:00
[2023-01-25 22:41:39,117] {processor.py:161} INFO - Processing /home/airflow/.local/lib/python3.7/site-packages/airflow/example_dags/example_branch_python_dop_operator_3.py took 0.360 seconds
[2023-01-25 22:42:09,513] {processor.py:153} INFO - Started process (PID=3796) to work on /home/airflow/.local/lib/python3.7/site-packages/airflow/example_dags/example_branch_python_dop_operator_3.py
[2023-01-25 22:42:09,515] {processor.py:641} INFO - Processing file /home/airflow/.local/lib/python3.7/site-packages/airflow/example_dags/example_branch_python_dop_operator_3.py for tasks to queue
[2023-01-25 22:42:09,518] {logging_mixin.py:115} INFO - [2023-01-25 22:42:09,518] {dagbag.py:508} INFO - Filling up the DagBag from /home/airflow/.local/lib/python3.7/site-packages/airflow/example_dags/example_branch_python_dop_operator_3.py
[2023-01-25 22:42:09,563] {processor.py:651} INFO - DAG(s) dict_keys(['example_branch_dop_operator_v3']) retrieved from /home/airflow/.local/lib/python3.7/site-packages/airflow/example_dags/example_branch_python_dop_operator_3.py
[2023-01-25 22:42:09,632] {logging_mixin.py:115} INFO - [2023-01-25 22:42:09,631] {dag.py:2420} INFO - Sync 1 DAGs
[2023-01-25 22:42:09,752] {logging_mixin.py:115} INFO - [2023-01-25 22:42:09,752] {dag.py:2972} INFO - Setting next_dagrun for example_branch_dop_operator_v3 to 2023-01-25T22:41:00+00:00, run_after=2023-01-25T22:42:00+00:00
[2023-01-25 22:42:09,786] {processor.py:161} INFO - Processing /home/airflow/.local/lib/python3.7/site-packages/airflow/example_dags/example_branch_python_dop_operator_3.py took 0.284 seconds
[2023-01-25 22:42:40,444] {processor.py:153} INFO - Started process (PID=3909) to work on /home/airflow/.local/lib/python3.7/site-packages/airflow/example_dags/example_branch_python_dop_operator_3.py
[2023-01-25 22:42:40,447] {processor.py:641} INFO - Processing file /home/airflow/.local/lib/python3.7/site-packages/airflow/example_dags/example_branch_python_dop_operator_3.py for tasks to queue
[2023-01-25 22:42:40,449] {logging_mixin.py:115} INFO - [2023-01-25 22:42:40,448] {dagbag.py:508} INFO - Filling up the DagBag from /home/airflow/.local/lib/python3.7/site-packages/airflow/example_dags/example_branch_python_dop_operator_3.py
[2023-01-25 22:42:40,494] {processor.py:651} INFO - DAG(s) dict_keys(['example_branch_dop_operator_v3']) retrieved from /home/airflow/.local/lib/python3.7/site-packages/airflow/example_dags/example_branch_python_dop_operator_3.py
[2023-01-25 22:42:40,566] {logging_mixin.py:115} INFO - [2023-01-25 22:42:40,565] {dag.py:2420} INFO - Sync 1 DAGs
[2023-01-25 22:42:40,689] {logging_mixin.py:115} INFO - [2023-01-25 22:42:40,688] {dag.py:2972} INFO - Setting next_dagrun for example_branch_dop_operator_v3 to 2023-01-25T22:41:00+00:00, run_after=2023-01-25T22:42:00+00:00
[2023-01-25 22:42:40,722] {processor.py:161} INFO - Processing /home/airflow/.local/lib/python3.7/site-packages/airflow/example_dags/example_branch_python_dop_operator_3.py took 0.291 seconds
[2023-01-25 22:43:11,034] {processor.py:153} INFO - Started process (PID=4023) to work on /home/airflow/.local/lib/python3.7/site-packages/airflow/example_dags/example_branch_python_dop_operator_3.py
[2023-01-25 22:43:11,038] {processor.py:641} INFO - Processing file /home/airflow/.local/lib/python3.7/site-packages/airflow/example_dags/example_branch_python_dop_operator_3.py for tasks to queue
[2023-01-25 22:43:11,040] {logging_mixin.py:115} INFO - [2023-01-25 22:43:11,039] {dagbag.py:508} INFO - Filling up the DagBag from /home/airflow/.local/lib/python3.7/site-packages/airflow/example_dags/example_branch_python_dop_operator_3.py
[2023-01-25 22:43:11,084] {processor.py:651} INFO - DAG(s) dict_keys(['example_branch_dop_operator_v3']) retrieved from /home/airflow/.local/lib/python3.7/site-packages/airflow/example_dags/example_branch_python_dop_operator_3.py
[2023-01-25 22:43:11,157] {logging_mixin.py:115} INFO - [2023-01-25 22:43:11,157] {dag.py:2420} INFO - Sync 1 DAGs
[2023-01-25 22:43:11,277] {logging_mixin.py:115} INFO - [2023-01-25 22:43:11,277] {dag.py:2972} INFO - Setting next_dagrun for example_branch_dop_operator_v3 to 2023-01-25T22:42:00+00:00, run_after=2023-01-25T22:43:00+00:00
[2023-01-25 22:43:11,311] {processor.py:161} INFO - Processing /home/airflow/.local/lib/python3.7/site-packages/airflow/example_dags/example_branch_python_dop_operator_3.py took 0.291 seconds
[2023-01-25 22:43:42,303] {processor.py:153} INFO - Started process (PID=4137) to work on /home/airflow/.local/lib/python3.7/site-packages/airflow/example_dags/example_branch_python_dop_operator_3.py
[2023-01-25 22:43:42,307] {processor.py:641} INFO - Processing file /home/airflow/.local/lib/python3.7/site-packages/airflow/example_dags/example_branch_python_dop_operator_3.py for tasks to queue
[2023-01-25 22:43:42,310] {logging_mixin.py:115} INFO - [2023-01-25 22:43:42,310] {dagbag.py:508} INFO - Filling up the DagBag from /home/airflow/.local/lib/python3.7/site-packages/airflow/example_dags/example_branch_python_dop_operator_3.py
[2023-01-25 22:43:42,401] {processor.py:651} INFO - DAG(s) dict_keys(['example_branch_dop_operator_v3']) retrieved from /home/airflow/.local/lib/python3.7/site-packages/airflow/example_dags/example_branch_python_dop_operator_3.py
[2023-01-25 22:43:42,494] {logging_mixin.py:115} INFO - [2023-01-25 22:43:42,493] {dag.py:2420} INFO - Sync 1 DAGs
[2023-01-25 22:43:42,640] {logging_mixin.py:115} INFO - [2023-01-25 22:43:42,640] {dag.py:2972} INFO - Setting next_dagrun for example_branch_dop_operator_v3 to 2023-01-25T22:42:00+00:00, run_after=2023-01-25T22:43:00+00:00
[2023-01-25 22:43:42,674] {processor.py:161} INFO - Processing /home/airflow/.local/lib/python3.7/site-packages/airflow/example_dags/example_branch_python_dop_operator_3.py took 0.384 seconds
[2023-01-25 22:44:13,503] {processor.py:153} INFO - Started process (PID=4251) to work on /home/airflow/.local/lib/python3.7/site-packages/airflow/example_dags/example_branch_python_dop_operator_3.py
[2023-01-25 22:44:13,506] {processor.py:641} INFO - Processing file /home/airflow/.local/lib/python3.7/site-packages/airflow/example_dags/example_branch_python_dop_operator_3.py for tasks to queue
[2023-01-25 22:44:13,508] {logging_mixin.py:115} INFO - [2023-01-25 22:44:13,508] {dagbag.py:508} INFO - Filling up the DagBag from /home/airflow/.local/lib/python3.7/site-packages/airflow/example_dags/example_branch_python_dop_operator_3.py
[2023-01-25 22:44:13,557] {processor.py:651} INFO - DAG(s) dict_keys(['example_branch_dop_operator_v3']) retrieved from /home/airflow/.local/lib/python3.7/site-packages/airflow/example_dags/example_branch_python_dop_operator_3.py
[2023-01-25 22:44:13,643] {logging_mixin.py:115} INFO - [2023-01-25 22:44:13,643] {dag.py:2420} INFO - Sync 1 DAGs
[2023-01-25 22:44:13,809] {logging_mixin.py:115} INFO - [2023-01-25 22:44:13,808] {dag.py:2972} INFO - Setting next_dagrun for example_branch_dop_operator_v3 to 2023-01-25T22:43:00+00:00, run_after=2023-01-25T22:44:00+00:00
[2023-01-25 22:44:13,873] {processor.py:161} INFO - Processing /home/airflow/.local/lib/python3.7/site-packages/airflow/example_dags/example_branch_python_dop_operator_3.py took 0.378 seconds
[2023-01-25 22:44:45,194] {processor.py:153} INFO - Started process (PID=4364) to work on /home/airflow/.local/lib/python3.7/site-packages/airflow/example_dags/example_branch_python_dop_operator_3.py
[2023-01-25 22:44:45,196] {processor.py:641} INFO - Processing file /home/airflow/.local/lib/python3.7/site-packages/airflow/example_dags/example_branch_python_dop_operator_3.py for tasks to queue
[2023-01-25 22:44:45,198] {logging_mixin.py:115} INFO - [2023-01-25 22:44:45,197] {dagbag.py:508} INFO - Filling up the DagBag from /home/airflow/.local/lib/python3.7/site-packages/airflow/example_dags/example_branch_python_dop_operator_3.py
[2023-01-25 22:44:45,241] {processor.py:651} INFO - DAG(s) dict_keys(['example_branch_dop_operator_v3']) retrieved from /home/airflow/.local/lib/python3.7/site-packages/airflow/example_dags/example_branch_python_dop_operator_3.py
[2023-01-25 22:44:45,327] {logging_mixin.py:115} INFO - [2023-01-25 22:44:45,326] {dag.py:2420} INFO - Sync 1 DAGs
[2023-01-25 22:44:45,506] {logging_mixin.py:115} INFO - [2023-01-25 22:44:45,506] {dag.py:2972} INFO - Setting next_dagrun for example_branch_dop_operator_v3 to 2023-01-25T22:43:00+00:00, run_after=2023-01-25T22:44:00+00:00
[2023-01-25 22:44:45,561] {processor.py:161} INFO - Processing /home/airflow/.local/lib/python3.7/site-packages/airflow/example_dags/example_branch_python_dop_operator_3.py took 0.376 seconds
[2023-01-25 22:45:16,301] {processor.py:153} INFO - Started process (PID=4470) to work on /home/airflow/.local/lib/python3.7/site-packages/airflow/example_dags/example_branch_python_dop_operator_3.py
[2023-01-25 22:45:16,304] {processor.py:641} INFO - Processing file /home/airflow/.local/lib/python3.7/site-packages/airflow/example_dags/example_branch_python_dop_operator_3.py for tasks to queue
[2023-01-25 22:45:16,306] {logging_mixin.py:115} INFO - [2023-01-25 22:45:16,306] {dagbag.py:508} INFO - Filling up the DagBag from /home/airflow/.local/lib/python3.7/site-packages/airflow/example_dags/example_branch_python_dop_operator_3.py
[2023-01-25 22:45:16,349] {processor.py:651} INFO - DAG(s) dict_keys(['example_branch_dop_operator_v3']) retrieved from /home/airflow/.local/lib/python3.7/site-packages/airflow/example_dags/example_branch_python_dop_operator_3.py
[2023-01-25 22:45:16,424] {logging_mixin.py:115} INFO - [2023-01-25 22:45:16,424] {dag.py:2420} INFO - Sync 1 DAGs
[2023-01-25 22:45:16,565] {logging_mixin.py:115} INFO - [2023-01-25 22:45:16,564] {dag.py:2972} INFO - Setting next_dagrun for example_branch_dop_operator_v3 to 2023-01-25T22:44:00+00:00, run_after=2023-01-25T22:45:00+00:00
[2023-01-25 22:45:16,600] {processor.py:161} INFO - Processing /home/airflow/.local/lib/python3.7/site-packages/airflow/example_dags/example_branch_python_dop_operator_3.py took 0.306 seconds
[2023-01-25 22:45:47,576] {processor.py:153} INFO - Started process (PID=4568) to work on /home/airflow/.local/lib/python3.7/site-packages/airflow/example_dags/example_branch_python_dop_operator_3.py
[2023-01-25 22:45:47,578] {processor.py:641} INFO - Processing file /home/airflow/.local/lib/python3.7/site-packages/airflow/example_dags/example_branch_python_dop_operator_3.py for tasks to queue
[2023-01-25 22:45:47,580] {logging_mixin.py:115} INFO - [2023-01-25 22:45:47,579] {dagbag.py:508} INFO - Filling up the DagBag from /home/airflow/.local/lib/python3.7/site-packages/airflow/example_dags/example_branch_python_dop_operator_3.py
[2023-01-25 22:45:47,620] {processor.py:651} INFO - DAG(s) dict_keys(['example_branch_dop_operator_v3']) retrieved from /home/airflow/.local/lib/python3.7/site-packages/airflow/example_dags/example_branch_python_dop_operator_3.py
[2023-01-25 22:45:47,690] {logging_mixin.py:115} INFO - [2023-01-25 22:45:47,690] {dag.py:2420} INFO - Sync 1 DAGs
[2023-01-25 22:45:47,830] {logging_mixin.py:115} INFO - [2023-01-25 22:45:47,829] {dag.py:2972} INFO - Setting next_dagrun for example_branch_dop_operator_v3 to 2023-01-25T22:44:00+00:00, run_after=2023-01-25T22:45:00+00:00
[2023-01-25 22:45:47,869] {processor.py:161} INFO - Processing /home/airflow/.local/lib/python3.7/site-packages/airflow/example_dags/example_branch_python_dop_operator_3.py took 0.301 seconds
[2023-01-25 22:46:18,599] {processor.py:153} INFO - Started process (PID=4670) to work on /home/airflow/.local/lib/python3.7/site-packages/airflow/example_dags/example_branch_python_dop_operator_3.py
[2023-01-25 22:46:18,601] {processor.py:641} INFO - Processing file /home/airflow/.local/lib/python3.7/site-packages/airflow/example_dags/example_branch_python_dop_operator_3.py for tasks to queue
[2023-01-25 22:46:18,603] {logging_mixin.py:115} INFO - [2023-01-25 22:46:18,603] {dagbag.py:508} INFO - Filling up the DagBag from /home/airflow/.local/lib/python3.7/site-packages/airflow/example_dags/example_branch_python_dop_operator_3.py
[2023-01-25 22:46:18,642] {processor.py:651} INFO - DAG(s) dict_keys(['example_branch_dop_operator_v3']) retrieved from /home/airflow/.local/lib/python3.7/site-packages/airflow/example_dags/example_branch_python_dop_operator_3.py
[2023-01-25 22:46:18,710] {logging_mixin.py:115} INFO - [2023-01-25 22:46:18,710] {dag.py:2420} INFO - Sync 1 DAGs
[2023-01-25 22:46:18,844] {logging_mixin.py:115} INFO - [2023-01-25 22:46:18,844] {dag.py:2972} INFO - Setting next_dagrun for example_branch_dop_operator_v3 to 2023-01-25T22:45:00+00:00, run_after=2023-01-25T22:46:00+00:00
[2023-01-25 22:46:18,880] {processor.py:161} INFO - Processing /home/airflow/.local/lib/python3.7/site-packages/airflow/example_dags/example_branch_python_dop_operator_3.py took 0.288 seconds
[2023-01-25 22:46:50,858] {processor.py:153} INFO - Started process (PID=4785) to work on /home/airflow/.local/lib/python3.7/site-packages/airflow/example_dags/example_branch_python_dop_operator_3.py
[2023-01-25 22:46:50,860] {processor.py:641} INFO - Processing file /home/airflow/.local/lib/python3.7/site-packages/airflow/example_dags/example_branch_python_dop_operator_3.py for tasks to queue
[2023-01-25 22:46:50,862] {logging_mixin.py:115} INFO - [2023-01-25 22:46:50,862] {dagbag.py:508} INFO - Filling up the DagBag from /home/airflow/.local/lib/python3.7/site-packages/airflow/example_dags/example_branch_python_dop_operator_3.py
[2023-01-25 22:46:50,906] {processor.py:651} INFO - DAG(s) dict_keys(['example_branch_dop_operator_v3']) retrieved from /home/airflow/.local/lib/python3.7/site-packages/airflow/example_dags/example_branch_python_dop_operator_3.py
[2023-01-25 22:46:50,983] {logging_mixin.py:115} INFO - [2023-01-25 22:46:50,983] {dag.py:2420} INFO - Sync 1 DAGs
[2023-01-25 22:46:51,123] {logging_mixin.py:115} INFO - [2023-01-25 22:46:51,122] {dag.py:2972} INFO - Setting next_dagrun for example_branch_dop_operator_v3 to 2023-01-25T22:45:00+00:00, run_after=2023-01-25T22:46:00+00:00
[2023-01-25 22:46:51,159] {processor.py:161} INFO - Processing /home/airflow/.local/lib/python3.7/site-packages/airflow/example_dags/example_branch_python_dop_operator_3.py took 0.309 seconds
[2023-01-25 22:47:21,454] {processor.py:153} INFO - Started process (PID=4895) to work on /home/airflow/.local/lib/python3.7/site-packages/airflow/example_dags/example_branch_python_dop_operator_3.py
[2023-01-25 22:47:21,456] {processor.py:641} INFO - Processing file /home/airflow/.local/lib/python3.7/site-packages/airflow/example_dags/example_branch_python_dop_operator_3.py for tasks to queue
[2023-01-25 22:47:21,458] {logging_mixin.py:115} INFO - [2023-01-25 22:47:21,458] {dagbag.py:508} INFO - Filling up the DagBag from /home/airflow/.local/lib/python3.7/site-packages/airflow/example_dags/example_branch_python_dop_operator_3.py
[2023-01-25 22:47:21,504] {processor.py:651} INFO - DAG(s) dict_keys(['example_branch_dop_operator_v3']) retrieved from /home/airflow/.local/lib/python3.7/site-packages/airflow/example_dags/example_branch_python_dop_operator_3.py
[2023-01-25 22:47:21,585] {logging_mixin.py:115} INFO - [2023-01-25 22:47:21,585] {dag.py:2420} INFO - Sync 1 DAGs
[2023-01-25 22:47:21,738] {logging_mixin.py:115} INFO - [2023-01-25 22:47:21,737] {dag.py:2972} INFO - Setting next_dagrun for example_branch_dop_operator_v3 to 2023-01-25T22:46:00+00:00, run_after=2023-01-25T22:47:00+00:00
[2023-01-25 22:47:21,780] {processor.py:161} INFO - Processing /home/airflow/.local/lib/python3.7/site-packages/airflow/example_dags/example_branch_python_dop_operator_3.py took 0.335 seconds
[2023-01-25 22:47:51,943] {processor.py:153} INFO - Started process (PID=5007) to work on /home/airflow/.local/lib/python3.7/site-packages/airflow/example_dags/example_branch_python_dop_operator_3.py
[2023-01-25 22:47:51,945] {processor.py:641} INFO - Processing file /home/airflow/.local/lib/python3.7/site-packages/airflow/example_dags/example_branch_python_dop_operator_3.py for tasks to queue
[2023-01-25 22:47:51,947] {logging_mixin.py:115} INFO - [2023-01-25 22:47:51,947] {dagbag.py:508} INFO - Filling up the DagBag from /home/airflow/.local/lib/python3.7/site-packages/airflow/example_dags/example_branch_python_dop_operator_3.py
[2023-01-25 22:47:51,994] {processor.py:651} INFO - DAG(s) dict_keys(['example_branch_dop_operator_v3']) retrieved from /home/airflow/.local/lib/python3.7/site-packages/airflow/example_dags/example_branch_python_dop_operator_3.py
[2023-01-25 22:47:52,077] {logging_mixin.py:115} INFO - [2023-01-25 22:47:52,077] {dag.py:2420} INFO - Sync 1 DAGs
[2023-01-25 22:47:52,234] {logging_mixin.py:115} INFO - [2023-01-25 22:47:52,234] {dag.py:2972} INFO - Setting next_dagrun for example_branch_dop_operator_v3 to 2023-01-25T22:46:00+00:00, run_after=2023-01-25T22:47:00+00:00
[2023-01-25 22:47:52,272] {processor.py:161} INFO - Processing /home/airflow/.local/lib/python3.7/site-packages/airflow/example_dags/example_branch_python_dop_operator_3.py took 0.340 seconds
[2023-01-25 22:48:22,506] {processor.py:153} INFO - Started process (PID=5120) to work on /home/airflow/.local/lib/python3.7/site-packages/airflow/example_dags/example_branch_python_dop_operator_3.py
[2023-01-25 22:48:22,509] {processor.py:641} INFO - Processing file /home/airflow/.local/lib/python3.7/site-packages/airflow/example_dags/example_branch_python_dop_operator_3.py for tasks to queue
[2023-01-25 22:48:22,511] {logging_mixin.py:115} INFO - [2023-01-25 22:48:22,511] {dagbag.py:508} INFO - Filling up the DagBag from /home/airflow/.local/lib/python3.7/site-packages/airflow/example_dags/example_branch_python_dop_operator_3.py
[2023-01-25 22:48:22,554] {processor.py:651} INFO - DAG(s) dict_keys(['example_branch_dop_operator_v3']) retrieved from /home/airflow/.local/lib/python3.7/site-packages/airflow/example_dags/example_branch_python_dop_operator_3.py
[2023-01-25 22:48:22,633] {logging_mixin.py:115} INFO - [2023-01-25 22:48:22,632] {dag.py:2420} INFO - Sync 1 DAGs
[2023-01-25 22:48:22,786] {logging_mixin.py:115} INFO - [2023-01-25 22:48:22,785] {dag.py:2972} INFO - Setting next_dagrun for example_branch_dop_operator_v3 to 2023-01-25T22:47:00+00:00, run_after=2023-01-25T22:48:00+00:00
[2023-01-25 22:48:22,827] {processor.py:161} INFO - Processing /home/airflow/.local/lib/python3.7/site-packages/airflow/example_dags/example_branch_python_dop_operator_3.py took 0.329 seconds
[2023-01-25 22:48:53,125] {processor.py:153} INFO - Started process (PID=5234) to work on /home/airflow/.local/lib/python3.7/site-packages/airflow/example_dags/example_branch_python_dop_operator_3.py
[2023-01-25 22:48:53,128] {processor.py:641} INFO - Processing file /home/airflow/.local/lib/python3.7/site-packages/airflow/example_dags/example_branch_python_dop_operator_3.py for tasks to queue
[2023-01-25 22:48:53,131] {logging_mixin.py:115} INFO - [2023-01-25 22:48:53,130] {dagbag.py:508} INFO - Filling up the DagBag from /home/airflow/.local/lib/python3.7/site-packages/airflow/example_dags/example_branch_python_dop_operator_3.py
[2023-01-25 22:48:53,178] {processor.py:651} INFO - DAG(s) dict_keys(['example_branch_dop_operator_v3']) retrieved from /home/airflow/.local/lib/python3.7/site-packages/airflow/example_dags/example_branch_python_dop_operator_3.py
[2023-01-25 22:48:53,262] {logging_mixin.py:115} INFO - [2023-01-25 22:48:53,261] {dag.py:2420} INFO - Sync 1 DAGs
[2023-01-25 22:48:53,435] {logging_mixin.py:115} INFO - [2023-01-25 22:48:53,434] {dag.py:2972} INFO - Setting next_dagrun for example_branch_dop_operator_v3 to 2023-01-25T22:47:00+00:00, run_after=2023-01-25T22:48:00+00:00
[2023-01-25 22:48:53,476] {processor.py:161} INFO - Processing /home/airflow/.local/lib/python3.7/site-packages/airflow/example_dags/example_branch_python_dop_operator_3.py took 0.361 seconds
[2023-01-25 22:49:23,832] {processor.py:153} INFO - Started process (PID=5348) to work on /home/airflow/.local/lib/python3.7/site-packages/airflow/example_dags/example_branch_python_dop_operator_3.py
[2023-01-25 22:49:23,835] {processor.py:641} INFO - Processing file /home/airflow/.local/lib/python3.7/site-packages/airflow/example_dags/example_branch_python_dop_operator_3.py for tasks to queue
[2023-01-25 22:49:23,837] {logging_mixin.py:115} INFO - [2023-01-25 22:49:23,837] {dagbag.py:508} INFO - Filling up the DagBag from /home/airflow/.local/lib/python3.7/site-packages/airflow/example_dags/example_branch_python_dop_operator_3.py
[2023-01-25 22:49:23,893] {processor.py:651} INFO - DAG(s) dict_keys(['example_branch_dop_operator_v3']) retrieved from /home/airflow/.local/lib/python3.7/site-packages/airflow/example_dags/example_branch_python_dop_operator_3.py
[2023-01-25 22:49:23,997] {logging_mixin.py:115} INFO - [2023-01-25 22:49:23,996] {dag.py:2420} INFO - Sync 1 DAGs
[2023-01-25 22:49:24,159] {logging_mixin.py:115} INFO - [2023-01-25 22:49:24,158] {dag.py:2972} INFO - Setting next_dagrun for example_branch_dop_operator_v3 to 2023-01-25T22:48:00+00:00, run_after=2023-01-25T22:49:00+00:00
[2023-01-25 22:49:24,202] {processor.py:161} INFO - Processing /home/airflow/.local/lib/python3.7/site-packages/airflow/example_dags/example_branch_python_dop_operator_3.py took 0.379 seconds
[2023-01-25 22:49:54,704] {processor.py:153} INFO - Started process (PID=5462) to work on /home/airflow/.local/lib/python3.7/site-packages/airflow/example_dags/example_branch_python_dop_operator_3.py
[2023-01-25 22:49:54,707] {processor.py:641} INFO - Processing file /home/airflow/.local/lib/python3.7/site-packages/airflow/example_dags/example_branch_python_dop_operator_3.py for tasks to queue
[2023-01-25 22:49:54,709] {logging_mixin.py:115} INFO - [2023-01-25 22:49:54,708] {dagbag.py:508} INFO - Filling up the DagBag from /home/airflow/.local/lib/python3.7/site-packages/airflow/example_dags/example_branch_python_dop_operator_3.py
[2023-01-25 22:49:54,752] {processor.py:651} INFO - DAG(s) dict_keys(['example_branch_dop_operator_v3']) retrieved from /home/airflow/.local/lib/python3.7/site-packages/airflow/example_dags/example_branch_python_dop_operator_3.py
[2023-01-25 22:49:54,827] {logging_mixin.py:115} INFO - [2023-01-25 22:49:54,827] {dag.py:2420} INFO - Sync 1 DAGs
[2023-01-25 22:49:54,959] {logging_mixin.py:115} INFO - [2023-01-25 22:49:54,958] {dag.py:2972} INFO - Setting next_dagrun for example_branch_dop_operator_v3 to 2023-01-25T22:48:00+00:00, run_after=2023-01-25T22:49:00+00:00
[2023-01-25 22:49:54,996] {processor.py:161} INFO - Processing /home/airflow/.local/lib/python3.7/site-packages/airflow/example_dags/example_branch_python_dop_operator_3.py took 0.300 seconds
[2023-01-25 22:50:25,232] {processor.py:153} INFO - Started process (PID=5576) to work on /home/airflow/.local/lib/python3.7/site-packages/airflow/example_dags/example_branch_python_dop_operator_3.py
[2023-01-25 22:50:25,235] {processor.py:641} INFO - Processing file /home/airflow/.local/lib/python3.7/site-packages/airflow/example_dags/example_branch_python_dop_operator_3.py for tasks to queue
[2023-01-25 22:50:25,237] {logging_mixin.py:115} INFO - [2023-01-25 22:50:25,237] {dagbag.py:508} INFO - Filling up the DagBag from /home/airflow/.local/lib/python3.7/site-packages/airflow/example_dags/example_branch_python_dop_operator_3.py
[2023-01-25 22:50:25,280] {processor.py:651} INFO - DAG(s) dict_keys(['example_branch_dop_operator_v3']) retrieved from /home/airflow/.local/lib/python3.7/site-packages/airflow/example_dags/example_branch_python_dop_operator_3.py
[2023-01-25 22:50:25,352] {logging_mixin.py:115} INFO - [2023-01-25 22:50:25,351] {dag.py:2420} INFO - Sync 1 DAGs
[2023-01-25 22:50:25,488] {logging_mixin.py:115} INFO - [2023-01-25 22:50:25,487] {dag.py:2972} INFO - Setting next_dagrun for example_branch_dop_operator_v3 to 2023-01-25T22:49:00+00:00, run_after=2023-01-25T22:50:00+00:00
[2023-01-25 22:50:25,526] {processor.py:161} INFO - Processing /home/airflow/.local/lib/python3.7/site-packages/airflow/example_dags/example_branch_python_dop_operator_3.py took 0.302 seconds
[2023-01-25 22:50:55,996] {processor.py:153} INFO - Started process (PID=5691) to work on /home/airflow/.local/lib/python3.7/site-packages/airflow/example_dags/example_branch_python_dop_operator_3.py
[2023-01-25 22:50:55,999] {processor.py:641} INFO - Processing file /home/airflow/.local/lib/python3.7/site-packages/airflow/example_dags/example_branch_python_dop_operator_3.py for tasks to queue
[2023-01-25 22:50:56,001] {logging_mixin.py:115} INFO - [2023-01-25 22:50:56,001] {dagbag.py:508} INFO - Filling up the DagBag from /home/airflow/.local/lib/python3.7/site-packages/airflow/example_dags/example_branch_python_dop_operator_3.py
[2023-01-25 22:50:56,043] {processor.py:651} INFO - DAG(s) dict_keys(['example_branch_dop_operator_v3']) retrieved from /home/airflow/.local/lib/python3.7/site-packages/airflow/example_dags/example_branch_python_dop_operator_3.py
[2023-01-25 22:50:56,116] {logging_mixin.py:115} INFO - [2023-01-25 22:50:56,116] {dag.py:2420} INFO - Sync 1 DAGs
[2023-01-25 22:50:56,249] {logging_mixin.py:115} INFO - [2023-01-25 22:50:56,249] {dag.py:2972} INFO - Setting next_dagrun for example_branch_dop_operator_v3 to 2023-01-25T22:49:00+00:00, run_after=2023-01-25T22:50:00+00:00
[2023-01-25 22:50:56,285] {processor.py:161} INFO - Processing /home/airflow/.local/lib/python3.7/site-packages/airflow/example_dags/example_branch_python_dop_operator_3.py took 0.298 seconds
[2023-01-25 22:51:27,003] {processor.py:153} INFO - Started process (PID=5805) to work on /home/airflow/.local/lib/python3.7/site-packages/airflow/example_dags/example_branch_python_dop_operator_3.py
[2023-01-25 22:51:27,005] {processor.py:641} INFO - Processing file /home/airflow/.local/lib/python3.7/site-packages/airflow/example_dags/example_branch_python_dop_operator_3.py for tasks to queue
[2023-01-25 22:51:27,007] {logging_mixin.py:115} INFO - [2023-01-25 22:51:27,007] {dagbag.py:508} INFO - Filling up the DagBag from /home/airflow/.local/lib/python3.7/site-packages/airflow/example_dags/example_branch_python_dop_operator_3.py
[2023-01-25 22:51:27,049] {processor.py:651} INFO - DAG(s) dict_keys(['example_branch_dop_operator_v3']) retrieved from /home/airflow/.local/lib/python3.7/site-packages/airflow/example_dags/example_branch_python_dop_operator_3.py
[2023-01-25 22:51:27,124] {logging_mixin.py:115} INFO - [2023-01-25 22:51:27,124] {dag.py:2420} INFO - Sync 1 DAGs
[2023-01-25 22:51:27,271] {logging_mixin.py:115} INFO - [2023-01-25 22:51:27,270] {dag.py:2972} INFO - Setting next_dagrun for example_branch_dop_operator_v3 to 2023-01-25T22:50:00+00:00, run_after=2023-01-25T22:51:00+00:00
[2023-01-25 22:51:27,310] {processor.py:161} INFO - Processing /home/airflow/.local/lib/python3.7/site-packages/airflow/example_dags/example_branch_python_dop_operator_3.py took 0.316 seconds
[2023-01-25 22:51:57,639] {processor.py:153} INFO - Started process (PID=5919) to work on /home/airflow/.local/lib/python3.7/site-packages/airflow/example_dags/example_branch_python_dop_operator_3.py
[2023-01-25 22:51:57,641] {processor.py:641} INFO - Processing file /home/airflow/.local/lib/python3.7/site-packages/airflow/example_dags/example_branch_python_dop_operator_3.py for tasks to queue
[2023-01-25 22:51:57,643] {logging_mixin.py:115} INFO - [2023-01-25 22:51:57,642] {dagbag.py:508} INFO - Filling up the DagBag from /home/airflow/.local/lib/python3.7/site-packages/airflow/example_dags/example_branch_python_dop_operator_3.py
[2023-01-25 22:51:57,686] {processor.py:651} INFO - DAG(s) dict_keys(['example_branch_dop_operator_v3']) retrieved from /home/airflow/.local/lib/python3.7/site-packages/airflow/example_dags/example_branch_python_dop_operator_3.py
[2023-01-25 22:51:57,770] {logging_mixin.py:115} INFO - [2023-01-25 22:51:57,770] {dag.py:2420} INFO - Sync 1 DAGs
[2023-01-25 22:51:57,931] {logging_mixin.py:115} INFO - [2023-01-25 22:51:57,931] {dag.py:2972} INFO - Setting next_dagrun for example_branch_dop_operator_v3 to 2023-01-25T22:50:00+00:00, run_after=2023-01-25T22:51:00+00:00
[2023-01-25 22:51:57,973] {processor.py:161} INFO - Processing /home/airflow/.local/lib/python3.7/site-packages/airflow/example_dags/example_branch_python_dop_operator_3.py took 0.344 seconds
[2023-01-25 22:52:28,680] {processor.py:153} INFO - Started process (PID=6033) to work on /home/airflow/.local/lib/python3.7/site-packages/airflow/example_dags/example_branch_python_dop_operator_3.py
[2023-01-25 22:52:28,682] {processor.py:641} INFO - Processing file /home/airflow/.local/lib/python3.7/site-packages/airflow/example_dags/example_branch_python_dop_operator_3.py for tasks to queue
[2023-01-25 22:52:28,684] {logging_mixin.py:115} INFO - [2023-01-25 22:52:28,683] {dagbag.py:508} INFO - Filling up the DagBag from /home/airflow/.local/lib/python3.7/site-packages/airflow/example_dags/example_branch_python_dop_operator_3.py
[2023-01-25 22:52:28,727] {processor.py:651} INFO - DAG(s) dict_keys(['example_branch_dop_operator_v3']) retrieved from /home/airflow/.local/lib/python3.7/site-packages/airflow/example_dags/example_branch_python_dop_operator_3.py
[2023-01-25 22:52:28,806] {logging_mixin.py:115} INFO - [2023-01-25 22:52:28,805] {dag.py:2420} INFO - Sync 1 DAGs
[2023-01-25 22:52:28,955] {logging_mixin.py:115} INFO - [2023-01-25 22:52:28,955] {dag.py:2972} INFO - Setting next_dagrun for example_branch_dop_operator_v3 to 2023-01-25T22:51:00+00:00, run_after=2023-01-25T22:52:00+00:00
[2023-01-25 22:52:28,996] {processor.py:161} INFO - Processing /home/airflow/.local/lib/python3.7/site-packages/airflow/example_dags/example_branch_python_dop_operator_3.py took 0.325 seconds
[2023-01-25 22:52:59,600] {processor.py:153} INFO - Started process (PID=6156) to work on /home/airflow/.local/lib/python3.7/site-packages/airflow/example_dags/example_branch_python_dop_operator_3.py
[2023-01-25 22:52:59,603] {processor.py:641} INFO - Processing file /home/airflow/.local/lib/python3.7/site-packages/airflow/example_dags/example_branch_python_dop_operator_3.py for tasks to queue
[2023-01-25 22:52:59,607] {logging_mixin.py:115} INFO - [2023-01-25 22:52:59,606] {dagbag.py:508} INFO - Filling up the DagBag from /home/airflow/.local/lib/python3.7/site-packages/airflow/example_dags/example_branch_python_dop_operator_3.py
[2023-01-25 22:52:59,660] {processor.py:651} INFO - DAG(s) dict_keys(['example_branch_dop_operator_v3']) retrieved from /home/airflow/.local/lib/python3.7/site-packages/airflow/example_dags/example_branch_python_dop_operator_3.py
[2023-01-25 22:52:59,739] {logging_mixin.py:115} INFO - [2023-01-25 22:52:59,739] {dag.py:2420} INFO - Sync 1 DAGs
[2023-01-25 22:52:59,884] {logging_mixin.py:115} INFO - [2023-01-25 22:52:59,883] {dag.py:2972} INFO - Setting next_dagrun for example_branch_dop_operator_v3 to 2023-01-25T22:51:00+00:00, run_after=2023-01-25T22:52:00+00:00
[2023-01-25 22:52:59,924] {processor.py:161} INFO - Processing /home/airflow/.local/lib/python3.7/site-packages/airflow/example_dags/example_branch_python_dop_operator_3.py took 0.336 seconds
[2023-01-25 22:53:30,807] {processor.py:153} INFO - Started process (PID=6256) to work on /home/airflow/.local/lib/python3.7/site-packages/airflow/example_dags/example_branch_python_dop_operator_3.py
[2023-01-25 22:53:30,809] {processor.py:641} INFO - Processing file /home/airflow/.local/lib/python3.7/site-packages/airflow/example_dags/example_branch_python_dop_operator_3.py for tasks to queue
[2023-01-25 22:53:30,811] {logging_mixin.py:115} INFO - [2023-01-25 22:53:30,811] {dagbag.py:508} INFO - Filling up the DagBag from /home/airflow/.local/lib/python3.7/site-packages/airflow/example_dags/example_branch_python_dop_operator_3.py
[2023-01-25 22:53:30,856] {processor.py:651} INFO - DAG(s) dict_keys(['example_branch_dop_operator_v3']) retrieved from /home/airflow/.local/lib/python3.7/site-packages/airflow/example_dags/example_branch_python_dop_operator_3.py
[2023-01-25 22:53:30,944] {logging_mixin.py:115} INFO - [2023-01-25 22:53:30,943] {dag.py:2420} INFO - Sync 1 DAGs
[2023-01-25 22:53:31,105] {logging_mixin.py:115} INFO - [2023-01-25 22:53:31,103] {dag.py:2972} INFO - Setting next_dagrun for example_branch_dop_operator_v3 to 2023-01-25T22:52:00+00:00, run_after=2023-01-25T22:53:00+00:00
[2023-01-25 22:53:31,239] {processor.py:161} INFO - Processing /home/airflow/.local/lib/python3.7/site-packages/airflow/example_dags/example_branch_python_dop_operator_3.py took 0.441 seconds
[2023-01-25 22:54:04,041] {processor.py:153} INFO - Started process (PID=6386) to work on /home/airflow/.local/lib/python3.7/site-packages/airflow/example_dags/example_branch_python_dop_operator_3.py
[2023-01-25 22:54:04,043] {processor.py:641} INFO - Processing file /home/airflow/.local/lib/python3.7/site-packages/airflow/example_dags/example_branch_python_dop_operator_3.py for tasks to queue
[2023-01-25 22:54:04,045] {logging_mixin.py:115} INFO - [2023-01-25 22:54:04,045] {dagbag.py:508} INFO - Filling up the DagBag from /home/airflow/.local/lib/python3.7/site-packages/airflow/example_dags/example_branch_python_dop_operator_3.py
[2023-01-25 22:54:04,098] {processor.py:651} INFO - DAG(s) dict_keys(['example_branch_dop_operator_v3']) retrieved from /home/airflow/.local/lib/python3.7/site-packages/airflow/example_dags/example_branch_python_dop_operator_3.py
[2023-01-25 22:54:04,203] {logging_mixin.py:115} INFO - [2023-01-25 22:54:04,203] {dag.py:2420} INFO - Sync 1 DAGs
[2023-01-25 22:54:04,392] {logging_mixin.py:115} INFO - [2023-01-25 22:54:04,391] {dag.py:2972} INFO - Setting next_dagrun for example_branch_dop_operator_v3 to 2023-01-25T22:53:00+00:00, run_after=2023-01-25T22:54:00+00:00
[2023-01-25 22:54:04,453] {processor.py:161} INFO - Processing /home/airflow/.local/lib/python3.7/site-packages/airflow/example_dags/example_branch_python_dop_operator_3.py took 0.420 seconds
[2023-01-25 22:54:36,563] {processor.py:153} INFO - Started process (PID=6500) to work on /home/airflow/.local/lib/python3.7/site-packages/airflow/example_dags/example_branch_python_dop_operator_3.py
[2023-01-25 22:54:36,565] {processor.py:641} INFO - Processing file /home/airflow/.local/lib/python3.7/site-packages/airflow/example_dags/example_branch_python_dop_operator_3.py for tasks to queue
[2023-01-25 22:54:36,567] {logging_mixin.py:115} INFO - [2023-01-25 22:54:36,567] {dagbag.py:508} INFO - Filling up the DagBag from /home/airflow/.local/lib/python3.7/site-packages/airflow/example_dags/example_branch_python_dop_operator_3.py
[2023-01-25 22:54:36,610] {processor.py:651} INFO - DAG(s) dict_keys(['example_branch_dop_operator_v3']) retrieved from /home/airflow/.local/lib/python3.7/site-packages/airflow/example_dags/example_branch_python_dop_operator_3.py
[2023-01-25 22:54:36,705] {logging_mixin.py:115} INFO - [2023-01-25 22:54:36,705] {dag.py:2420} INFO - Sync 1 DAGs
[2023-01-25 22:54:36,847] {logging_mixin.py:115} INFO - [2023-01-25 22:54:36,846] {dag.py:2972} INFO - Setting next_dagrun for example_branch_dop_operator_v3 to 2023-01-25T22:53:00+00:00, run_after=2023-01-25T22:54:00+00:00
[2023-01-25 22:54:36,883] {processor.py:161} INFO - Processing /home/airflow/.local/lib/python3.7/site-packages/airflow/example_dags/example_branch_python_dop_operator_3.py took 0.327 seconds
[2023-01-25 22:55:08,831] {processor.py:153} INFO - Started process (PID=6614) to work on /home/airflow/.local/lib/python3.7/site-packages/airflow/example_dags/example_branch_python_dop_operator_3.py
[2023-01-25 22:55:08,834] {processor.py:641} INFO - Processing file /home/airflow/.local/lib/python3.7/site-packages/airflow/example_dags/example_branch_python_dop_operator_3.py for tasks to queue
[2023-01-25 22:55:08,837] {logging_mixin.py:115} INFO - [2023-01-25 22:55:08,836] {dagbag.py:508} INFO - Filling up the DagBag from /home/airflow/.local/lib/python3.7/site-packages/airflow/example_dags/example_branch_python_dop_operator_3.py
[2023-01-25 22:55:08,884] {processor.py:651} INFO - DAG(s) dict_keys(['example_branch_dop_operator_v3']) retrieved from /home/airflow/.local/lib/python3.7/site-packages/airflow/example_dags/example_branch_python_dop_operator_3.py
[2023-01-25 22:55:08,970] {logging_mixin.py:115} INFO - [2023-01-25 22:55:08,970] {dag.py:2420} INFO - Sync 1 DAGs
[2023-01-25 22:55:09,133] {logging_mixin.py:115} INFO - [2023-01-25 22:55:09,132] {dag.py:2972} INFO - Setting next_dagrun for example_branch_dop_operator_v3 to 2023-01-25T22:54:00+00:00, run_after=2023-01-25T22:55:00+00:00
[2023-01-25 22:55:09,172] {processor.py:161} INFO - Processing /home/airflow/.local/lib/python3.7/site-packages/airflow/example_dags/example_branch_python_dop_operator_3.py took 0.352 seconds
[2023-01-25 23:00:14,770] {processor.py:153} INFO - Started process (PID=6732) to work on /home/airflow/.local/lib/python3.7/site-packages/airflow/example_dags/example_branch_python_dop_operator_3.py
[2023-01-25 23:00:14,773] {processor.py:641} INFO - Processing file /home/airflow/.local/lib/python3.7/site-packages/airflow/example_dags/example_branch_python_dop_operator_3.py for tasks to queue
[2023-01-25 23:00:14,776] {logging_mixin.py:115} INFO - [2023-01-25 23:00:14,775] {dagbag.py:508} INFO - Filling up the DagBag from /home/airflow/.local/lib/python3.7/site-packages/airflow/example_dags/example_branch_python_dop_operator_3.py
[2023-01-25 23:00:14,832] {processor.py:651} INFO - DAG(s) dict_keys(['example_branch_dop_operator_v3']) retrieved from /home/airflow/.local/lib/python3.7/site-packages/airflow/example_dags/example_branch_python_dop_operator_3.py
[2023-01-25 23:00:14,928] {logging_mixin.py:115} INFO - [2023-01-25 23:00:14,928] {dag.py:2420} INFO - Sync 1 DAGs
[2023-01-25 23:00:15,216] {logging_mixin.py:115} INFO - [2023-01-25 23:00:15,216] {dag.py:2972} INFO - Setting next_dagrun for example_branch_dop_operator_v3 to 2023-01-25T22:59:00+00:00, run_after=2023-01-25T23:00:00+00:00
[2023-01-25 23:00:15,282] {processor.py:161} INFO - Processing /home/airflow/.local/lib/python3.7/site-packages/airflow/example_dags/example_branch_python_dop_operator_3.py took 0.533 seconds
[2023-01-25 23:05:21,378] {processor.py:153} INFO - Started process (PID=6830) to work on /home/airflow/.local/lib/python3.7/site-packages/airflow/example_dags/example_branch_python_dop_operator_3.py
[2023-01-25 23:05:21,389] {processor.py:641} INFO - Processing file /home/airflow/.local/lib/python3.7/site-packages/airflow/example_dags/example_branch_python_dop_operator_3.py for tasks to queue
[2023-01-25 23:05:21,395] {logging_mixin.py:115} INFO - [2023-01-25 23:05:21,395] {dagbag.py:508} INFO - Filling up the DagBag from /home/airflow/.local/lib/python3.7/site-packages/airflow/example_dags/example_branch_python_dop_operator_3.py
[2023-01-25 23:05:21,522] {processor.py:651} INFO - DAG(s) dict_keys(['example_branch_dop_operator_v3']) retrieved from /home/airflow/.local/lib/python3.7/site-packages/airflow/example_dags/example_branch_python_dop_operator_3.py
[2023-01-25 23:05:21,697] {logging_mixin.py:115} INFO - [2023-01-25 23:05:21,696] {dag.py:2420} INFO - Sync 1 DAGs
[2023-01-25 23:05:21,963] {logging_mixin.py:115} INFO - [2023-01-25 23:05:21,962] {dag.py:2972} INFO - Setting next_dagrun for example_branch_dop_operator_v3 to 2023-01-25T23:04:00+00:00, run_after=2023-01-25T23:05:00+00:00
[2023-01-25 23:05:22,057] {processor.py:161} INFO - Processing /home/airflow/.local/lib/python3.7/site-packages/airflow/example_dags/example_branch_python_dop_operator_3.py took 0.706 seconds
[2023-01-25 23:05:53,169] {processor.py:153} INFO - Started process (PID=6944) to work on /home/airflow/.local/lib/python3.7/site-packages/airflow/example_dags/example_branch_python_dop_operator_3.py
[2023-01-25 23:05:53,171] {processor.py:641} INFO - Processing file /home/airflow/.local/lib/python3.7/site-packages/airflow/example_dags/example_branch_python_dop_operator_3.py for tasks to queue
[2023-01-25 23:05:53,173] {logging_mixin.py:115} INFO - [2023-01-25 23:05:53,173] {dagbag.py:508} INFO - Filling up the DagBag from /home/airflow/.local/lib/python3.7/site-packages/airflow/example_dags/example_branch_python_dop_operator_3.py
[2023-01-25 23:05:53,215] {processor.py:651} INFO - DAG(s) dict_keys(['example_branch_dop_operator_v3']) retrieved from /home/airflow/.local/lib/python3.7/site-packages/airflow/example_dags/example_branch_python_dop_operator_3.py
[2023-01-25 23:05:53,290] {logging_mixin.py:115} INFO - [2023-01-25 23:05:53,290] {dag.py:2420} INFO - Sync 1 DAGs
[2023-01-25 23:05:53,466] {logging_mixin.py:115} INFO - [2023-01-25 23:05:53,465] {dag.py:2972} INFO - Setting next_dagrun for example_branch_dop_operator_v3 to 2023-01-25T23:04:00+00:00, run_after=2023-01-25T23:05:00+00:00
[2023-01-25 23:05:53,523] {processor.py:161} INFO - Processing /home/airflow/.local/lib/python3.7/site-packages/airflow/example_dags/example_branch_python_dop_operator_3.py took 0.362 seconds
[2023-01-25 23:15:33,282] {processor.py:153} INFO - Started process (PID=7058) to work on /home/airflow/.local/lib/python3.7/site-packages/airflow/example_dags/example_branch_python_dop_operator_3.py
[2023-01-25 23:15:33,285] {processor.py:641} INFO - Processing file /home/airflow/.local/lib/python3.7/site-packages/airflow/example_dags/example_branch_python_dop_operator_3.py for tasks to queue
[2023-01-25 23:15:33,287] {logging_mixin.py:115} INFO - [2023-01-25 23:15:33,287] {dagbag.py:508} INFO - Filling up the DagBag from /home/airflow/.local/lib/python3.7/site-packages/airflow/example_dags/example_branch_python_dop_operator_3.py
[2023-01-25 23:15:33,332] {processor.py:651} INFO - DAG(s) dict_keys(['example_branch_dop_operator_v3']) retrieved from /home/airflow/.local/lib/python3.7/site-packages/airflow/example_dags/example_branch_python_dop_operator_3.py
[2023-01-25 23:15:33,410] {logging_mixin.py:115} INFO - [2023-01-25 23:15:33,410] {dag.py:2420} INFO - Sync 1 DAGs
[2023-01-25 23:15:33,566] {logging_mixin.py:115} INFO - [2023-01-25 23:15:33,566] {dag.py:2972} INFO - Setting next_dagrun for example_branch_dop_operator_v3 to 2023-01-25T23:14:00+00:00, run_after=2023-01-25T23:15:00+00:00
[2023-01-25 23:15:33,623] {processor.py:161} INFO - Processing /home/airflow/.local/lib/python3.7/site-packages/airflow/example_dags/example_branch_python_dop_operator_3.py took 0.367 seconds
[2023-01-25 23:16:05,405] {processor.py:153} INFO - Started process (PID=7171) to work on /home/airflow/.local/lib/python3.7/site-packages/airflow/example_dags/example_branch_python_dop_operator_3.py
[2023-01-25 23:16:05,407] {processor.py:641} INFO - Processing file /home/airflow/.local/lib/python3.7/site-packages/airflow/example_dags/example_branch_python_dop_operator_3.py for tasks to queue
[2023-01-25 23:16:05,410] {logging_mixin.py:115} INFO - [2023-01-25 23:16:05,409] {dagbag.py:508} INFO - Filling up the DagBag from /home/airflow/.local/lib/python3.7/site-packages/airflow/example_dags/example_branch_python_dop_operator_3.py
[2023-01-25 23:16:05,461] {processor.py:651} INFO - DAG(s) dict_keys(['example_branch_dop_operator_v3']) retrieved from /home/airflow/.local/lib/python3.7/site-packages/airflow/example_dags/example_branch_python_dop_operator_3.py
[2023-01-25 23:16:05,549] {logging_mixin.py:115} INFO - [2023-01-25 23:16:05,549] {dag.py:2420} INFO - Sync 1 DAGs
[2023-01-25 23:16:05,896] {logging_mixin.py:115} INFO - [2023-01-25 23:16:05,894] {dag.py:2972} INFO - Setting next_dagrun for example_branch_dop_operator_v3 to 2023-01-25T23:15:00+00:00, run_after=2023-01-25T23:16:00+00:00
[2023-01-25 23:16:06,029] {processor.py:161} INFO - Processing /home/airflow/.local/lib/python3.7/site-packages/airflow/example_dags/example_branch_python_dop_operator_3.py took 0.646 seconds
[2023-01-25 23:30:25,845] {processor.py:153} INFO - Started process (PID=7269) to work on /home/airflow/.local/lib/python3.7/site-packages/airflow/example_dags/example_branch_python_dop_operator_3.py
[2023-01-25 23:30:25,853] {processor.py:641} INFO - Processing file /home/airflow/.local/lib/python3.7/site-packages/airflow/example_dags/example_branch_python_dop_operator_3.py for tasks to queue
[2023-01-25 23:30:25,855] {logging_mixin.py:115} INFO - [2023-01-25 23:30:25,855] {dagbag.py:508} INFO - Filling up the DagBag from /home/airflow/.local/lib/python3.7/site-packages/airflow/example_dags/example_branch_python_dop_operator_3.py
[2023-01-25 23:30:25,949] {processor.py:651} INFO - DAG(s) dict_keys(['example_branch_dop_operator_v3']) retrieved from /home/airflow/.local/lib/python3.7/site-packages/airflow/example_dags/example_branch_python_dop_operator_3.py
[2023-01-25 23:30:26,053] {logging_mixin.py:115} INFO - [2023-01-25 23:30:26,053] {dag.py:2420} INFO - Sync 1 DAGs
[2023-01-25 23:30:26,242] {logging_mixin.py:115} INFO - [2023-01-25 23:30:26,242] {dag.py:2972} INFO - Setting next_dagrun for example_branch_dop_operator_v3 to 2023-01-25T23:29:00+00:00, run_after=2023-01-25T23:30:00+00:00
[2023-01-25 23:30:26,323] {processor.py:161} INFO - Processing /home/airflow/.local/lib/python3.7/site-packages/airflow/example_dags/example_branch_python_dop_operator_3.py took 0.497 seconds
[2023-01-25 23:30:57,704] {processor.py:153} INFO - Started process (PID=7383) to work on /home/airflow/.local/lib/python3.7/site-packages/airflow/example_dags/example_branch_python_dop_operator_3.py
[2023-01-25 23:30:57,706] {processor.py:641} INFO - Processing file /home/airflow/.local/lib/python3.7/site-packages/airflow/example_dags/example_branch_python_dop_operator_3.py for tasks to queue
[2023-01-25 23:30:57,709] {logging_mixin.py:115} INFO - [2023-01-25 23:30:57,708] {dagbag.py:508} INFO - Filling up the DagBag from /home/airflow/.local/lib/python3.7/site-packages/airflow/example_dags/example_branch_python_dop_operator_3.py
[2023-01-25 23:30:57,754] {processor.py:651} INFO - DAG(s) dict_keys(['example_branch_dop_operator_v3']) retrieved from /home/airflow/.local/lib/python3.7/site-packages/airflow/example_dags/example_branch_python_dop_operator_3.py
[2023-01-25 23:30:57,827] {logging_mixin.py:115} INFO - [2023-01-25 23:30:57,826] {dag.py:2420} INFO - Sync 1 DAGs
[2023-01-25 23:30:57,956] {logging_mixin.py:115} INFO - [2023-01-25 23:30:57,956] {dag.py:2972} INFO - Setting next_dagrun for example_branch_dop_operator_v3 to 2023-01-25T23:29:00+00:00, run_after=2023-01-25T23:30:00+00:00
[2023-01-25 23:30:57,989] {processor.py:161} INFO - Processing /home/airflow/.local/lib/python3.7/site-packages/airflow/example_dags/example_branch_python_dop_operator_3.py took 0.292 seconds
[2023-01-25 23:35:49,271] {processor.py:153} INFO - Started process (PID=7497) to work on /home/airflow/.local/lib/python3.7/site-packages/airflow/example_dags/example_branch_python_dop_operator_3.py
[2023-01-25 23:35:49,283] {processor.py:641} INFO - Processing file /home/airflow/.local/lib/python3.7/site-packages/airflow/example_dags/example_branch_python_dop_operator_3.py for tasks to queue
[2023-01-25 23:35:49,290] {logging_mixin.py:115} INFO - [2023-01-25 23:35:49,289] {dagbag.py:508} INFO - Filling up the DagBag from /home/airflow/.local/lib/python3.7/site-packages/airflow/example_dags/example_branch_python_dop_operator_3.py
[2023-01-25 23:35:49,436] {processor.py:651} INFO - DAG(s) dict_keys(['example_branch_dop_operator_v3']) retrieved from /home/airflow/.local/lib/python3.7/site-packages/airflow/example_dags/example_branch_python_dop_operator_3.py
[2023-01-25 23:35:49,546] {logging_mixin.py:115} INFO - [2023-01-25 23:35:49,546] {dag.py:2420} INFO - Sync 1 DAGs
[2023-01-25 23:35:49,800] {logging_mixin.py:115} INFO - [2023-01-25 23:35:49,799] {dag.py:2972} INFO - Setting next_dagrun for example_branch_dop_operator_v3 to 2023-01-25T23:34:00+00:00, run_after=2023-01-25T23:35:00+00:00
[2023-01-25 23:35:49,891] {processor.py:161} INFO - Processing /home/airflow/.local/lib/python3.7/site-packages/airflow/example_dags/example_branch_python_dop_operator_3.py took 0.631 seconds
[2023-01-25 23:46:01,159] {processor.py:153} INFO - Started process (PID=7595) to work on /home/airflow/.local/lib/python3.7/site-packages/airflow/example_dags/example_branch_python_dop_operator_3.py
[2023-01-25 23:46:01,161] {processor.py:641} INFO - Processing file /home/airflow/.local/lib/python3.7/site-packages/airflow/example_dags/example_branch_python_dop_operator_3.py for tasks to queue
[2023-01-25 23:46:01,164] {logging_mixin.py:115} INFO - [2023-01-25 23:46:01,164] {dagbag.py:508} INFO - Filling up the DagBag from /home/airflow/.local/lib/python3.7/site-packages/airflow/example_dags/example_branch_python_dop_operator_3.py
[2023-01-25 23:46:01,210] {processor.py:651} INFO - DAG(s) dict_keys(['example_branch_dop_operator_v3']) retrieved from /home/airflow/.local/lib/python3.7/site-packages/airflow/example_dags/example_branch_python_dop_operator_3.py
[2023-01-25 23:46:01,291] {logging_mixin.py:115} INFO - [2023-01-25 23:46:01,290] {dag.py:2420} INFO - Sync 1 DAGs
[2023-01-25 23:46:01,433] {logging_mixin.py:115} INFO - [2023-01-25 23:46:01,432] {dag.py:2972} INFO - Setting next_dagrun for example_branch_dop_operator_v3 to 2023-01-25T23:45:00+00:00, run_after=2023-01-25T23:46:00+00:00
[2023-01-25 23:46:01,472] {processor.py:161} INFO - Processing /home/airflow/.local/lib/python3.7/site-packages/airflow/example_dags/example_branch_python_dop_operator_3.py took 0.322 seconds
[2023-01-25 23:46:32,971] {processor.py:153} INFO - Started process (PID=7709) to work on /home/airflow/.local/lib/python3.7/site-packages/airflow/example_dags/example_branch_python_dop_operator_3.py
[2023-01-25 23:46:32,973] {processor.py:641} INFO - Processing file /home/airflow/.local/lib/python3.7/site-packages/airflow/example_dags/example_branch_python_dop_operator_3.py for tasks to queue
[2023-01-25 23:46:32,975] {logging_mixin.py:115} INFO - [2023-01-25 23:46:32,974] {dagbag.py:508} INFO - Filling up the DagBag from /home/airflow/.local/lib/python3.7/site-packages/airflow/example_dags/example_branch_python_dop_operator_3.py
[2023-01-25 23:46:33,018] {processor.py:651} INFO - DAG(s) dict_keys(['example_branch_dop_operator_v3']) retrieved from /home/airflow/.local/lib/python3.7/site-packages/airflow/example_dags/example_branch_python_dop_operator_3.py
[2023-01-25 23:46:33,090] {logging_mixin.py:115} INFO - [2023-01-25 23:46:33,090] {dag.py:2420} INFO - Sync 1 DAGs
[2023-01-25 23:46:33,228] {logging_mixin.py:115} INFO - [2023-01-25 23:46:33,227] {dag.py:2972} INFO - Setting next_dagrun for example_branch_dop_operator_v3 to 2023-01-25T23:45:00+00:00, run_after=2023-01-25T23:46:00+00:00
[2023-01-25 23:46:33,264] {processor.py:161} INFO - Processing /home/airflow/.local/lib/python3.7/site-packages/airflow/example_dags/example_branch_python_dop_operator_3.py took 0.302 seconds
[2023-01-25 23:59:29,700] {processor.py:153} INFO - Started process (PID=7823) to work on /home/airflow/.local/lib/python3.7/site-packages/airflow/example_dags/example_branch_python_dop_operator_3.py
[2023-01-25 23:59:29,702] {processor.py:641} INFO - Processing file /home/airflow/.local/lib/python3.7/site-packages/airflow/example_dags/example_branch_python_dop_operator_3.py for tasks to queue
[2023-01-25 23:59:29,703] {logging_mixin.py:115} INFO - [2023-01-25 23:59:29,703] {dagbag.py:508} INFO - Filling up the DagBag from /home/airflow/.local/lib/python3.7/site-packages/airflow/example_dags/example_branch_python_dop_operator_3.py
[2023-01-25 23:59:29,747] {processor.py:651} INFO - DAG(s) dict_keys(['example_branch_dop_operator_v3']) retrieved from /home/airflow/.local/lib/python3.7/site-packages/airflow/example_dags/example_branch_python_dop_operator_3.py
[2023-01-25 23:59:29,821] {logging_mixin.py:115} INFO - [2023-01-25 23:59:29,821] {dag.py:2420} INFO - Sync 1 DAGs
[2023-01-25 23:59:29,969] {logging_mixin.py:115} INFO - [2023-01-25 23:59:29,969] {dag.py:2972} INFO - Setting next_dagrun for example_branch_dop_operator_v3 to 2023-01-25T23:58:00+00:00, run_after=2023-01-25T23:59:00+00:00
[2023-01-25 23:59:30,011] {processor.py:161} INFO - Processing /home/airflow/.local/lib/python3.7/site-packages/airflow/example_dags/example_branch_python_dop_operator_3.py took 0.320 seconds
