[2023-01-25 22:25:14,811] {processor.py:153} INFO - Started process (PID=170) to work on /home/airflow/.local/lib/python3.7/site-packages/airflow/example_dags/tutorial_taskflow_api_etl.py
[2023-01-25 22:25:14,814] {processor.py:641} INFO - Processing file /home/airflow/.local/lib/python3.7/site-packages/airflow/example_dags/tutorial_taskflow_api_etl.py for tasks to queue
[2023-01-25 22:25:14,817] {logging_mixin.py:115} INFO - [2023-01-25 22:25:14,817] {dagbag.py:508} INFO - Filling up the DagBag from /home/airflow/.local/lib/python3.7/site-packages/airflow/example_dags/tutorial_taskflow_api_etl.py
[2023-01-25 22:25:15,106] {processor.py:651} INFO - DAG(s) dict_keys(['tutorial_taskflow_api_etl']) retrieved from /home/airflow/.local/lib/python3.7/site-packages/airflow/example_dags/tutorial_taskflow_api_etl.py
[2023-01-25 22:25:15,723] {logging_mixin.py:115} INFO - [2023-01-25 22:25:15,722] {dag.py:2420} INFO - Sync 1 DAGs
[2023-01-25 22:25:15,824] {logging_mixin.py:115} INFO - [2023-01-25 22:25:15,824] {dag.py:2972} INFO - Setting next_dagrun for tutorial_taskflow_api_etl to None, run_after=None
[2023-01-25 22:25:15,896] {processor.py:161} INFO - Processing /home/airflow/.local/lib/python3.7/site-packages/airflow/example_dags/tutorial_taskflow_api_etl.py took 1.107 seconds
[2023-01-25 22:25:47,278] {processor.py:153} INFO - Started process (PID=284) to work on /home/airflow/.local/lib/python3.7/site-packages/airflow/example_dags/tutorial_taskflow_api_etl.py
[2023-01-25 22:25:47,281] {processor.py:641} INFO - Processing file /home/airflow/.local/lib/python3.7/site-packages/airflow/example_dags/tutorial_taskflow_api_etl.py for tasks to queue
[2023-01-25 22:25:47,285] {logging_mixin.py:115} INFO - [2023-01-25 22:25:47,284] {dagbag.py:508} INFO - Filling up the DagBag from /home/airflow/.local/lib/python3.7/site-packages/airflow/example_dags/tutorial_taskflow_api_etl.py
[2023-01-25 22:25:47,561] {processor.py:651} INFO - DAG(s) dict_keys(['tutorial_taskflow_api_etl']) retrieved from /home/airflow/.local/lib/python3.7/site-packages/airflow/example_dags/tutorial_taskflow_api_etl.py
[2023-01-25 22:25:47,862] {logging_mixin.py:115} INFO - [2023-01-25 22:25:47,862] {dag.py:2420} INFO - Sync 1 DAGs
[2023-01-25 22:25:47,951] {logging_mixin.py:115} INFO - [2023-01-25 22:25:47,950] {dag.py:2972} INFO - Setting next_dagrun for tutorial_taskflow_api_etl to None, run_after=None
[2023-01-25 22:25:47,998] {processor.py:161} INFO - Processing /home/airflow/.local/lib/python3.7/site-packages/airflow/example_dags/tutorial_taskflow_api_etl.py took 0.731 seconds
[2023-01-25 22:26:20,837] {processor.py:153} INFO - Started process (PID=398) to work on /home/airflow/.local/lib/python3.7/site-packages/airflow/example_dags/tutorial_taskflow_api_etl.py
[2023-01-25 22:26:20,839] {processor.py:641} INFO - Processing file /home/airflow/.local/lib/python3.7/site-packages/airflow/example_dags/tutorial_taskflow_api_etl.py for tasks to queue
[2023-01-25 22:26:20,841] {logging_mixin.py:115} INFO - [2023-01-25 22:26:20,841] {dagbag.py:508} INFO - Filling up the DagBag from /home/airflow/.local/lib/python3.7/site-packages/airflow/example_dags/tutorial_taskflow_api_etl.py
[2023-01-25 22:26:21,083] {processor.py:651} INFO - DAG(s) dict_keys(['tutorial_taskflow_api_etl']) retrieved from /home/airflow/.local/lib/python3.7/site-packages/airflow/example_dags/tutorial_taskflow_api_etl.py
[2023-01-25 22:26:21,345] {logging_mixin.py:115} INFO - [2023-01-25 22:26:21,345] {dag.py:2420} INFO - Sync 1 DAGs
[2023-01-25 22:26:21,440] {logging_mixin.py:115} INFO - [2023-01-25 22:26:21,439] {dag.py:2972} INFO - Setting next_dagrun for tutorial_taskflow_api_etl to None, run_after=None
[2023-01-25 22:26:21,489] {processor.py:161} INFO - Processing /home/airflow/.local/lib/python3.7/site-packages/airflow/example_dags/tutorial_taskflow_api_etl.py took 0.660 seconds
[2023-01-25 22:26:53,194] {processor.py:153} INFO - Started process (PID=512) to work on /home/airflow/.local/lib/python3.7/site-packages/airflow/example_dags/tutorial_taskflow_api_etl.py
[2023-01-25 22:26:53,196] {processor.py:641} INFO - Processing file /home/airflow/.local/lib/python3.7/site-packages/airflow/example_dags/tutorial_taskflow_api_etl.py for tasks to queue
[2023-01-25 22:26:53,198] {logging_mixin.py:115} INFO - [2023-01-25 22:26:53,198] {dagbag.py:508} INFO - Filling up the DagBag from /home/airflow/.local/lib/python3.7/site-packages/airflow/example_dags/tutorial_taskflow_api_etl.py
[2023-01-25 22:26:53,432] {processor.py:651} INFO - DAG(s) dict_keys(['tutorial_taskflow_api_etl']) retrieved from /home/airflow/.local/lib/python3.7/site-packages/airflow/example_dags/tutorial_taskflow_api_etl.py
[2023-01-25 22:26:53,712] {logging_mixin.py:115} INFO - [2023-01-25 22:26:53,712] {dag.py:2420} INFO - Sync 1 DAGs
[2023-01-25 22:26:53,801] {logging_mixin.py:115} INFO - [2023-01-25 22:26:53,800] {dag.py:2972} INFO - Setting next_dagrun for tutorial_taskflow_api_etl to None, run_after=None
[2023-01-25 22:26:53,843] {processor.py:161} INFO - Processing /home/airflow/.local/lib/python3.7/site-packages/airflow/example_dags/tutorial_taskflow_api_etl.py took 0.657 seconds
[2023-01-25 22:27:25,333] {processor.py:153} INFO - Started process (PID=623) to work on /home/airflow/.local/lib/python3.7/site-packages/airflow/example_dags/tutorial_taskflow_api_etl.py
[2023-01-25 22:27:25,334] {processor.py:641} INFO - Processing file /home/airflow/.local/lib/python3.7/site-packages/airflow/example_dags/tutorial_taskflow_api_etl.py for tasks to queue
[2023-01-25 22:27:25,337] {logging_mixin.py:115} INFO - [2023-01-25 22:27:25,336] {dagbag.py:508} INFO - Filling up the DagBag from /home/airflow/.local/lib/python3.7/site-packages/airflow/example_dags/tutorial_taskflow_api_etl.py
[2023-01-25 22:27:25,578] {processor.py:651} INFO - DAG(s) dict_keys(['tutorial_taskflow_api_etl']) retrieved from /home/airflow/.local/lib/python3.7/site-packages/airflow/example_dags/tutorial_taskflow_api_etl.py
[2023-01-25 22:27:25,843] {logging_mixin.py:115} INFO - [2023-01-25 22:27:25,843] {dag.py:2420} INFO - Sync 1 DAGs
[2023-01-25 22:27:25,931] {logging_mixin.py:115} INFO - [2023-01-25 22:27:25,930] {dag.py:2972} INFO - Setting next_dagrun for tutorial_taskflow_api_etl to None, run_after=None
[2023-01-25 22:27:25,975] {processor.py:161} INFO - Processing /home/airflow/.local/lib/python3.7/site-packages/airflow/example_dags/tutorial_taskflow_api_etl.py took 0.650 seconds
[2023-01-25 22:27:57,093] {processor.py:153} INFO - Started process (PID=738) to work on /home/airflow/.local/lib/python3.7/site-packages/airflow/example_dags/tutorial_taskflow_api_etl.py
[2023-01-25 22:27:57,095] {processor.py:641} INFO - Processing file /home/airflow/.local/lib/python3.7/site-packages/airflow/example_dags/tutorial_taskflow_api_etl.py for tasks to queue
[2023-01-25 22:27:57,097] {logging_mixin.py:115} INFO - [2023-01-25 22:27:57,097] {dagbag.py:508} INFO - Filling up the DagBag from /home/airflow/.local/lib/python3.7/site-packages/airflow/example_dags/tutorial_taskflow_api_etl.py
[2023-01-25 22:27:57,360] {processor.py:651} INFO - DAG(s) dict_keys(['tutorial_taskflow_api_etl']) retrieved from /home/airflow/.local/lib/python3.7/site-packages/airflow/example_dags/tutorial_taskflow_api_etl.py
[2023-01-25 22:27:57,620] {logging_mixin.py:115} INFO - [2023-01-25 22:27:57,620] {dag.py:2420} INFO - Sync 1 DAGs
[2023-01-25 22:27:57,704] {logging_mixin.py:115} INFO - [2023-01-25 22:27:57,703] {dag.py:2972} INFO - Setting next_dagrun for tutorial_taskflow_api_etl to None, run_after=None
[2023-01-25 22:27:57,747] {processor.py:161} INFO - Processing /home/airflow/.local/lib/python3.7/site-packages/airflow/example_dags/tutorial_taskflow_api_etl.py took 0.661 seconds
[2023-01-25 22:28:31,121] {processor.py:153} INFO - Started process (PID=852) to work on /home/airflow/.local/lib/python3.7/site-packages/airflow/example_dags/tutorial_taskflow_api_etl.py
[2023-01-25 22:28:31,123] {processor.py:641} INFO - Processing file /home/airflow/.local/lib/python3.7/site-packages/airflow/example_dags/tutorial_taskflow_api_etl.py for tasks to queue
[2023-01-25 22:28:31,126] {logging_mixin.py:115} INFO - [2023-01-25 22:28:31,125] {dagbag.py:508} INFO - Filling up the DagBag from /home/airflow/.local/lib/python3.7/site-packages/airflow/example_dags/tutorial_taskflow_api_etl.py
[2023-01-25 22:28:31,363] {processor.py:651} INFO - DAG(s) dict_keys(['tutorial_taskflow_api_etl']) retrieved from /home/airflow/.local/lib/python3.7/site-packages/airflow/example_dags/tutorial_taskflow_api_etl.py
[2023-01-25 22:28:31,712] {logging_mixin.py:115} INFO - [2023-01-25 22:28:31,712] {dag.py:2420} INFO - Sync 1 DAGs
[2023-01-25 22:28:31,863] {logging_mixin.py:115} INFO - [2023-01-25 22:28:31,862] {dag.py:2972} INFO - Setting next_dagrun for tutorial_taskflow_api_etl to None, run_after=None
[2023-01-25 22:28:31,934] {processor.py:161} INFO - Processing /home/airflow/.local/lib/python3.7/site-packages/airflow/example_dags/tutorial_taskflow_api_etl.py took 0.822 seconds
[2023-01-25 22:29:03,519] {processor.py:153} INFO - Started process (PID=965) to work on /home/airflow/.local/lib/python3.7/site-packages/airflow/example_dags/tutorial_taskflow_api_etl.py
[2023-01-25 22:29:03,523] {processor.py:641} INFO - Processing file /home/airflow/.local/lib/python3.7/site-packages/airflow/example_dags/tutorial_taskflow_api_etl.py for tasks to queue
[2023-01-25 22:29:03,527] {logging_mixin.py:115} INFO - [2023-01-25 22:29:03,526] {dagbag.py:508} INFO - Filling up the DagBag from /home/airflow/.local/lib/python3.7/site-packages/airflow/example_dags/tutorial_taskflow_api_etl.py
[2023-01-25 22:29:03,800] {processor.py:651} INFO - DAG(s) dict_keys(['tutorial_taskflow_api_etl']) retrieved from /home/airflow/.local/lib/python3.7/site-packages/airflow/example_dags/tutorial_taskflow_api_etl.py
[2023-01-25 22:29:03,868] {logging_mixin.py:115} INFO - [2023-01-25 22:29:03,867] {dag.py:2420} INFO - Sync 1 DAGs
[2023-01-25 22:29:03,954] {logging_mixin.py:115} INFO - [2023-01-25 22:29:03,953] {dag.py:2972} INFO - Setting next_dagrun for tutorial_taskflow_api_etl to None, run_after=None
[2023-01-25 22:29:03,987] {processor.py:161} INFO - Processing /home/airflow/.local/lib/python3.7/site-packages/airflow/example_dags/tutorial_taskflow_api_etl.py took 0.481 seconds
[2023-01-25 22:29:36,161] {processor.py:153} INFO - Started process (PID=1077) to work on /home/airflow/.local/lib/python3.7/site-packages/airflow/example_dags/tutorial_taskflow_api_etl.py
[2023-01-25 22:29:36,163] {processor.py:641} INFO - Processing file /home/airflow/.local/lib/python3.7/site-packages/airflow/example_dags/tutorial_taskflow_api_etl.py for tasks to queue
[2023-01-25 22:29:36,166] {logging_mixin.py:115} INFO - [2023-01-25 22:29:36,166] {dagbag.py:508} INFO - Filling up the DagBag from /home/airflow/.local/lib/python3.7/site-packages/airflow/example_dags/tutorial_taskflow_api_etl.py
[2023-01-25 22:29:36,421] {processor.py:651} INFO - DAG(s) dict_keys(['tutorial_taskflow_api_etl']) retrieved from /home/airflow/.local/lib/python3.7/site-packages/airflow/example_dags/tutorial_taskflow_api_etl.py
[2023-01-25 22:29:36,495] {logging_mixin.py:115} INFO - [2023-01-25 22:29:36,495] {dag.py:2420} INFO - Sync 1 DAGs
[2023-01-25 22:29:36,590] {logging_mixin.py:115} INFO - [2023-01-25 22:29:36,589] {dag.py:2972} INFO - Setting next_dagrun for tutorial_taskflow_api_etl to None, run_after=None
[2023-01-25 22:29:36,638] {processor.py:161} INFO - Processing /home/airflow/.local/lib/python3.7/site-packages/airflow/example_dags/tutorial_taskflow_api_etl.py took 0.485 seconds
[2023-01-25 22:30:08,988] {processor.py:153} INFO - Started process (PID=1191) to work on /home/airflow/.local/lib/python3.7/site-packages/airflow/example_dags/tutorial_taskflow_api_etl.py
[2023-01-25 22:30:08,991] {processor.py:641} INFO - Processing file /home/airflow/.local/lib/python3.7/site-packages/airflow/example_dags/tutorial_taskflow_api_etl.py for tasks to queue
[2023-01-25 22:30:08,993] {logging_mixin.py:115} INFO - [2023-01-25 22:30:08,993] {dagbag.py:508} INFO - Filling up the DagBag from /home/airflow/.local/lib/python3.7/site-packages/airflow/example_dags/tutorial_taskflow_api_etl.py
[2023-01-25 22:30:09,236] {processor.py:651} INFO - DAG(s) dict_keys(['tutorial_taskflow_api_etl']) retrieved from /home/airflow/.local/lib/python3.7/site-packages/airflow/example_dags/tutorial_taskflow_api_etl.py
[2023-01-25 22:30:09,520] {logging_mixin.py:115} INFO - [2023-01-25 22:30:09,520] {dag.py:2420} INFO - Sync 1 DAGs
[2023-01-25 22:30:09,612] {logging_mixin.py:115} INFO - [2023-01-25 22:30:09,611] {dag.py:2972} INFO - Setting next_dagrun for tutorial_taskflow_api_etl to None, run_after=None
[2023-01-25 22:30:09,657] {processor.py:161} INFO - Processing /home/airflow/.local/lib/python3.7/site-packages/airflow/example_dags/tutorial_taskflow_api_etl.py took 0.677 seconds
[2023-01-25 22:30:41,835] {processor.py:153} INFO - Started process (PID=1305) to work on /home/airflow/.local/lib/python3.7/site-packages/airflow/example_dags/tutorial_taskflow_api_etl.py
[2023-01-25 22:30:41,838] {processor.py:641} INFO - Processing file /home/airflow/.local/lib/python3.7/site-packages/airflow/example_dags/tutorial_taskflow_api_etl.py for tasks to queue
[2023-01-25 22:30:41,841] {logging_mixin.py:115} INFO - [2023-01-25 22:30:41,840] {dagbag.py:508} INFO - Filling up the DagBag from /home/airflow/.local/lib/python3.7/site-packages/airflow/example_dags/tutorial_taskflow_api_etl.py
[2023-01-25 22:30:42,134] {processor.py:651} INFO - DAG(s) dict_keys(['tutorial_taskflow_api_etl']) retrieved from /home/airflow/.local/lib/python3.7/site-packages/airflow/example_dags/tutorial_taskflow_api_etl.py
[2023-01-25 22:30:42,487] {logging_mixin.py:115} INFO - [2023-01-25 22:30:42,486] {dag.py:2420} INFO - Sync 1 DAGs
[2023-01-25 22:30:42,619] {logging_mixin.py:115} INFO - [2023-01-25 22:30:42,618] {dag.py:2972} INFO - Setting next_dagrun for tutorial_taskflow_api_etl to None, run_after=None
[2023-01-25 22:30:42,687] {processor.py:161} INFO - Processing /home/airflow/.local/lib/python3.7/site-packages/airflow/example_dags/tutorial_taskflow_api_etl.py took 0.865 seconds
[2023-01-25 22:31:13,384] {processor.py:153} INFO - Started process (PID=1419) to work on /home/airflow/.local/lib/python3.7/site-packages/airflow/example_dags/tutorial_taskflow_api_etl.py
[2023-01-25 22:31:13,386] {processor.py:641} INFO - Processing file /home/airflow/.local/lib/python3.7/site-packages/airflow/example_dags/tutorial_taskflow_api_etl.py for tasks to queue
[2023-01-25 22:31:13,388] {logging_mixin.py:115} INFO - [2023-01-25 22:31:13,388] {dagbag.py:508} INFO - Filling up the DagBag from /home/airflow/.local/lib/python3.7/site-packages/airflow/example_dags/tutorial_taskflow_api_etl.py
[2023-01-25 22:31:13,634] {processor.py:651} INFO - DAG(s) dict_keys(['tutorial_taskflow_api_etl']) retrieved from /home/airflow/.local/lib/python3.7/site-packages/airflow/example_dags/tutorial_taskflow_api_etl.py
[2023-01-25 22:31:13,914] {logging_mixin.py:115} INFO - [2023-01-25 22:31:13,914] {dag.py:2420} INFO - Sync 1 DAGs
[2023-01-25 22:31:14,011] {logging_mixin.py:115} INFO - [2023-01-25 22:31:14,010] {dag.py:2972} INFO - Setting next_dagrun for tutorial_taskflow_api_etl to None, run_after=None
[2023-01-25 22:31:14,056] {processor.py:161} INFO - Processing /home/airflow/.local/lib/python3.7/site-packages/airflow/example_dags/tutorial_taskflow_api_etl.py took 0.682 seconds
[2023-01-25 22:31:45,230] {processor.py:153} INFO - Started process (PID=1532) to work on /home/airflow/.local/lib/python3.7/site-packages/airflow/example_dags/tutorial_taskflow_api_etl.py
[2023-01-25 22:31:45,231] {processor.py:641} INFO - Processing file /home/airflow/.local/lib/python3.7/site-packages/airflow/example_dags/tutorial_taskflow_api_etl.py for tasks to queue
[2023-01-25 22:31:45,233] {logging_mixin.py:115} INFO - [2023-01-25 22:31:45,233] {dagbag.py:508} INFO - Filling up the DagBag from /home/airflow/.local/lib/python3.7/site-packages/airflow/example_dags/tutorial_taskflow_api_etl.py
[2023-01-25 22:31:45,483] {processor.py:651} INFO - DAG(s) dict_keys(['tutorial_taskflow_api_etl']) retrieved from /home/airflow/.local/lib/python3.7/site-packages/airflow/example_dags/tutorial_taskflow_api_etl.py
[2023-01-25 22:31:45,809] {logging_mixin.py:115} INFO - [2023-01-25 22:31:45,809] {dag.py:2420} INFO - Sync 1 DAGs
[2023-01-25 22:31:45,912] {logging_mixin.py:115} INFO - [2023-01-25 22:31:45,911] {dag.py:2972} INFO - Setting next_dagrun for tutorial_taskflow_api_etl to None, run_after=None
[2023-01-25 22:31:45,966] {processor.py:161} INFO - Processing /home/airflow/.local/lib/python3.7/site-packages/airflow/example_dags/tutorial_taskflow_api_etl.py took 0.744 seconds
[2023-01-25 22:32:16,272] {processor.py:153} INFO - Started process (PID=1644) to work on /home/airflow/.local/lib/python3.7/site-packages/airflow/example_dags/tutorial_taskflow_api_etl.py
[2023-01-25 22:32:16,274] {processor.py:641} INFO - Processing file /home/airflow/.local/lib/python3.7/site-packages/airflow/example_dags/tutorial_taskflow_api_etl.py for tasks to queue
[2023-01-25 22:32:16,276] {logging_mixin.py:115} INFO - [2023-01-25 22:32:16,276] {dagbag.py:508} INFO - Filling up the DagBag from /home/airflow/.local/lib/python3.7/site-packages/airflow/example_dags/tutorial_taskflow_api_etl.py
[2023-01-25 22:32:16,517] {processor.py:651} INFO - DAG(s) dict_keys(['tutorial_taskflow_api_etl']) retrieved from /home/airflow/.local/lib/python3.7/site-packages/airflow/example_dags/tutorial_taskflow_api_etl.py
[2023-01-25 22:32:16,821] {logging_mixin.py:115} INFO - [2023-01-25 22:32:16,821] {dag.py:2420} INFO - Sync 1 DAGs
[2023-01-25 22:32:16,922] {logging_mixin.py:115} INFO - [2023-01-25 22:32:16,921] {dag.py:2972} INFO - Setting next_dagrun for tutorial_taskflow_api_etl to None, run_after=None
[2023-01-25 22:32:16,971] {processor.py:161} INFO - Processing /home/airflow/.local/lib/python3.7/site-packages/airflow/example_dags/tutorial_taskflow_api_etl.py took 0.707 seconds
[2023-01-25 22:32:47,318] {processor.py:153} INFO - Started process (PID=1756) to work on /home/airflow/.local/lib/python3.7/site-packages/airflow/example_dags/tutorial_taskflow_api_etl.py
[2023-01-25 22:32:47,320] {processor.py:641} INFO - Processing file /home/airflow/.local/lib/python3.7/site-packages/airflow/example_dags/tutorial_taskflow_api_etl.py for tasks to queue
[2023-01-25 22:32:47,322] {logging_mixin.py:115} INFO - [2023-01-25 22:32:47,322] {dagbag.py:508} INFO - Filling up the DagBag from /home/airflow/.local/lib/python3.7/site-packages/airflow/example_dags/tutorial_taskflow_api_etl.py
[2023-01-25 22:32:47,568] {processor.py:651} INFO - DAG(s) dict_keys(['tutorial_taskflow_api_etl']) retrieved from /home/airflow/.local/lib/python3.7/site-packages/airflow/example_dags/tutorial_taskflow_api_etl.py
[2023-01-25 22:32:47,883] {logging_mixin.py:115} INFO - [2023-01-25 22:32:47,882] {dag.py:2420} INFO - Sync 1 DAGs
[2023-01-25 22:32:47,976] {logging_mixin.py:115} INFO - [2023-01-25 22:32:47,976] {dag.py:2972} INFO - Setting next_dagrun for tutorial_taskflow_api_etl to None, run_after=None
[2023-01-25 22:32:48,026] {processor.py:161} INFO - Processing /home/airflow/.local/lib/python3.7/site-packages/airflow/example_dags/tutorial_taskflow_api_etl.py took 0.717 seconds
[2023-01-25 22:33:18,865] {processor.py:153} INFO - Started process (PID=1870) to work on /home/airflow/.local/lib/python3.7/site-packages/airflow/example_dags/tutorial_taskflow_api_etl.py
[2023-01-25 22:33:18,867] {processor.py:641} INFO - Processing file /home/airflow/.local/lib/python3.7/site-packages/airflow/example_dags/tutorial_taskflow_api_etl.py for tasks to queue
[2023-01-25 22:33:18,870] {logging_mixin.py:115} INFO - [2023-01-25 22:33:18,870] {dagbag.py:508} INFO - Filling up the DagBag from /home/airflow/.local/lib/python3.7/site-packages/airflow/example_dags/tutorial_taskflow_api_etl.py
[2023-01-25 22:33:19,204] {processor.py:651} INFO - DAG(s) dict_keys(['tutorial_taskflow_api_etl']) retrieved from /home/airflow/.local/lib/python3.7/site-packages/airflow/example_dags/tutorial_taskflow_api_etl.py
[2023-01-25 22:33:19,646] {logging_mixin.py:115} INFO - [2023-01-25 22:33:19,645] {dag.py:2420} INFO - Sync 1 DAGs
[2023-01-25 22:33:19,874] {logging_mixin.py:115} INFO - [2023-01-25 22:33:19,873] {dag.py:2972} INFO - Setting next_dagrun for tutorial_taskflow_api_etl to None, run_after=None
[2023-01-25 22:33:19,969] {processor.py:161} INFO - Processing /home/airflow/.local/lib/python3.7/site-packages/airflow/example_dags/tutorial_taskflow_api_etl.py took 1.117 seconds
[2023-01-25 22:33:50,287] {processor.py:153} INFO - Started process (PID=1986) to work on /home/airflow/.local/lib/python3.7/site-packages/airflow/example_dags/tutorial_taskflow_api_etl.py
[2023-01-25 22:33:50,289] {processor.py:641} INFO - Processing file /home/airflow/.local/lib/python3.7/site-packages/airflow/example_dags/tutorial_taskflow_api_etl.py for tasks to queue
[2023-01-25 22:33:50,291] {logging_mixin.py:115} INFO - [2023-01-25 22:33:50,291] {dagbag.py:508} INFO - Filling up the DagBag from /home/airflow/.local/lib/python3.7/site-packages/airflow/example_dags/tutorial_taskflow_api_etl.py
[2023-01-25 22:33:50,566] {processor.py:651} INFO - DAG(s) dict_keys(['tutorial_taskflow_api_etl']) retrieved from /home/airflow/.local/lib/python3.7/site-packages/airflow/example_dags/tutorial_taskflow_api_etl.py
[2023-01-25 22:33:50,889] {logging_mixin.py:115} INFO - [2023-01-25 22:33:50,888] {dag.py:2420} INFO - Sync 1 DAGs
[2023-01-25 22:33:50,997] {logging_mixin.py:115} INFO - [2023-01-25 22:33:50,997] {dag.py:2972} INFO - Setting next_dagrun for tutorial_taskflow_api_etl to None, run_after=None
[2023-01-25 22:33:51,051] {processor.py:161} INFO - Processing /home/airflow/.local/lib/python3.7/site-packages/airflow/example_dags/tutorial_taskflow_api_etl.py took 0.772 seconds
[2023-01-25 22:34:21,681] {processor.py:153} INFO - Started process (PID=2102) to work on /home/airflow/.local/lib/python3.7/site-packages/airflow/example_dags/tutorial_taskflow_api_etl.py
[2023-01-25 22:34:21,684] {processor.py:641} INFO - Processing file /home/airflow/.local/lib/python3.7/site-packages/airflow/example_dags/tutorial_taskflow_api_etl.py for tasks to queue
[2023-01-25 22:34:21,687] {logging_mixin.py:115} INFO - [2023-01-25 22:34:21,686] {dagbag.py:508} INFO - Filling up the DagBag from /home/airflow/.local/lib/python3.7/site-packages/airflow/example_dags/tutorial_taskflow_api_etl.py
[2023-01-25 22:34:22,002] {processor.py:651} INFO - DAG(s) dict_keys(['tutorial_taskflow_api_etl']) retrieved from /home/airflow/.local/lib/python3.7/site-packages/airflow/example_dags/tutorial_taskflow_api_etl.py
[2023-01-25 22:34:22,486] {logging_mixin.py:115} INFO - [2023-01-25 22:34:22,484] {dag.py:2420} INFO - Sync 1 DAGs
[2023-01-25 22:34:22,671] {logging_mixin.py:115} INFO - [2023-01-25 22:34:22,671] {dag.py:2972} INFO - Setting next_dagrun for tutorial_taskflow_api_etl to None, run_after=None
[2023-01-25 22:34:22,799] {processor.py:161} INFO - Processing /home/airflow/.local/lib/python3.7/site-packages/airflow/example_dags/tutorial_taskflow_api_etl.py took 1.130 seconds
[2023-01-25 22:34:53,251] {processor.py:153} INFO - Started process (PID=2218) to work on /home/airflow/.local/lib/python3.7/site-packages/airflow/example_dags/tutorial_taskflow_api_etl.py
[2023-01-25 22:34:53,252] {processor.py:641} INFO - Processing file /home/airflow/.local/lib/python3.7/site-packages/airflow/example_dags/tutorial_taskflow_api_etl.py for tasks to queue
[2023-01-25 22:34:53,254] {logging_mixin.py:115} INFO - [2023-01-25 22:34:53,254] {dagbag.py:508} INFO - Filling up the DagBag from /home/airflow/.local/lib/python3.7/site-packages/airflow/example_dags/tutorial_taskflow_api_etl.py
[2023-01-25 22:34:53,491] {processor.py:651} INFO - DAG(s) dict_keys(['tutorial_taskflow_api_etl']) retrieved from /home/airflow/.local/lib/python3.7/site-packages/airflow/example_dags/tutorial_taskflow_api_etl.py
[2023-01-25 22:34:53,772] {logging_mixin.py:115} INFO - [2023-01-25 22:34:53,771] {dag.py:2420} INFO - Sync 1 DAGs
[2023-01-25 22:34:53,871] {logging_mixin.py:115} INFO - [2023-01-25 22:34:53,871] {dag.py:2972} INFO - Setting next_dagrun for tutorial_taskflow_api_etl to None, run_after=None
[2023-01-25 22:34:53,920] {processor.py:161} INFO - Processing /home/airflow/.local/lib/python3.7/site-packages/airflow/example_dags/tutorial_taskflow_api_etl.py took 0.677 seconds
[2023-01-25 22:35:24,100] {processor.py:153} INFO - Started process (PID=2330) to work on /home/airflow/.local/lib/python3.7/site-packages/airflow/example_dags/tutorial_taskflow_api_etl.py
[2023-01-25 22:35:24,102] {processor.py:641} INFO - Processing file /home/airflow/.local/lib/python3.7/site-packages/airflow/example_dags/tutorial_taskflow_api_etl.py for tasks to queue
[2023-01-25 22:35:24,104] {logging_mixin.py:115} INFO - [2023-01-25 22:35:24,104] {dagbag.py:508} INFO - Filling up the DagBag from /home/airflow/.local/lib/python3.7/site-packages/airflow/example_dags/tutorial_taskflow_api_etl.py
[2023-01-25 22:35:24,172] {processor.py:651} INFO - DAG(s) dict_keys(['tutorial_taskflow_api_etl']) retrieved from /home/airflow/.local/lib/python3.7/site-packages/airflow/example_dags/tutorial_taskflow_api_etl.py
[2023-01-25 22:35:24,470] {logging_mixin.py:115} INFO - [2023-01-25 22:35:24,470] {dag.py:2420} INFO - Sync 1 DAGs
[2023-01-25 22:35:24,590] {logging_mixin.py:115} INFO - [2023-01-25 22:35:24,589] {dag.py:2972} INFO - Setting next_dagrun for tutorial_taskflow_api_etl to None, run_after=None
[2023-01-25 22:35:24,633] {processor.py:161} INFO - Processing /home/airflow/.local/lib/python3.7/site-packages/airflow/example_dags/tutorial_taskflow_api_etl.py took 0.541 seconds
[2023-01-25 22:35:55,391] {processor.py:153} INFO - Started process (PID=2444) to work on /home/airflow/.local/lib/python3.7/site-packages/airflow/example_dags/tutorial_taskflow_api_etl.py
[2023-01-25 22:35:55,393] {processor.py:641} INFO - Processing file /home/airflow/.local/lib/python3.7/site-packages/airflow/example_dags/tutorial_taskflow_api_etl.py for tasks to queue
[2023-01-25 22:35:55,395] {logging_mixin.py:115} INFO - [2023-01-25 22:35:55,395] {dagbag.py:508} INFO - Filling up the DagBag from /home/airflow/.local/lib/python3.7/site-packages/airflow/example_dags/tutorial_taskflow_api_etl.py
[2023-01-25 22:35:55,462] {processor.py:651} INFO - DAG(s) dict_keys(['tutorial_taskflow_api_etl']) retrieved from /home/airflow/.local/lib/python3.7/site-packages/airflow/example_dags/tutorial_taskflow_api_etl.py
[2023-01-25 22:35:55,545] {logging_mixin.py:115} INFO - [2023-01-25 22:35:55,544] {dag.py:2420} INFO - Sync 1 DAGs
[2023-01-25 22:35:55,644] {logging_mixin.py:115} INFO - [2023-01-25 22:35:55,644] {dag.py:2972} INFO - Setting next_dagrun for tutorial_taskflow_api_etl to None, run_after=None
[2023-01-25 22:35:55,683] {processor.py:161} INFO - Processing /home/airflow/.local/lib/python3.7/site-packages/airflow/example_dags/tutorial_taskflow_api_etl.py took 0.299 seconds
[2023-01-25 22:36:25,792] {processor.py:153} INFO - Started process (PID=2556) to work on /home/airflow/.local/lib/python3.7/site-packages/airflow/example_dags/tutorial_taskflow_api_etl.py
[2023-01-25 22:36:25,794] {processor.py:641} INFO - Processing file /home/airflow/.local/lib/python3.7/site-packages/airflow/example_dags/tutorial_taskflow_api_etl.py for tasks to queue
[2023-01-25 22:36:25,796] {logging_mixin.py:115} INFO - [2023-01-25 22:36:25,796] {dagbag.py:508} INFO - Filling up the DagBag from /home/airflow/.local/lib/python3.7/site-packages/airflow/example_dags/tutorial_taskflow_api_etl.py
[2023-01-25 22:36:25,869] {processor.py:651} INFO - DAG(s) dict_keys(['tutorial_taskflow_api_etl']) retrieved from /home/airflow/.local/lib/python3.7/site-packages/airflow/example_dags/tutorial_taskflow_api_etl.py
[2023-01-25 22:36:26,170] {logging_mixin.py:115} INFO - [2023-01-25 22:36:26,170] {dag.py:2420} INFO - Sync 1 DAGs
[2023-01-25 22:36:26,259] {logging_mixin.py:115} INFO - [2023-01-25 22:36:26,258] {dag.py:2972} INFO - Setting next_dagrun for tutorial_taskflow_api_etl to None, run_after=None
[2023-01-25 22:36:26,299] {processor.py:161} INFO - Processing /home/airflow/.local/lib/python3.7/site-packages/airflow/example_dags/tutorial_taskflow_api_etl.py took 0.517 seconds
[2023-01-25 22:36:56,953] {processor.py:153} INFO - Started process (PID=2670) to work on /home/airflow/.local/lib/python3.7/site-packages/airflow/example_dags/tutorial_taskflow_api_etl.py
[2023-01-25 22:36:56,956] {processor.py:641} INFO - Processing file /home/airflow/.local/lib/python3.7/site-packages/airflow/example_dags/tutorial_taskflow_api_etl.py for tasks to queue
[2023-01-25 22:36:56,959] {logging_mixin.py:115} INFO - [2023-01-25 22:36:56,959] {dagbag.py:508} INFO - Filling up the DagBag from /home/airflow/.local/lib/python3.7/site-packages/airflow/example_dags/tutorial_taskflow_api_etl.py
[2023-01-25 22:36:57,045] {processor.py:651} INFO - DAG(s) dict_keys(['tutorial_taskflow_api_etl']) retrieved from /home/airflow/.local/lib/python3.7/site-packages/airflow/example_dags/tutorial_taskflow_api_etl.py
[2023-01-25 22:36:57,130] {logging_mixin.py:115} INFO - [2023-01-25 22:36:57,129] {dag.py:2420} INFO - Sync 1 DAGs
[2023-01-25 22:36:57,234] {logging_mixin.py:115} INFO - [2023-01-25 22:36:57,234] {dag.py:2972} INFO - Setting next_dagrun for tutorial_taskflow_api_etl to None, run_after=None
[2023-01-25 22:36:57,277] {processor.py:161} INFO - Processing /home/airflow/.local/lib/python3.7/site-packages/airflow/example_dags/tutorial_taskflow_api_etl.py took 0.334 seconds
[2023-01-25 22:37:29,573] {processor.py:153} INFO - Started process (PID=2779) to work on /home/airflow/.local/lib/python3.7/site-packages/airflow/example_dags/tutorial_taskflow_api_etl.py
[2023-01-25 22:37:29,575] {processor.py:641} INFO - Processing file /home/airflow/.local/lib/python3.7/site-packages/airflow/example_dags/tutorial_taskflow_api_etl.py for tasks to queue
[2023-01-25 22:37:29,577] {logging_mixin.py:115} INFO - [2023-01-25 22:37:29,577] {dagbag.py:508} INFO - Filling up the DagBag from /home/airflow/.local/lib/python3.7/site-packages/airflow/example_dags/tutorial_taskflow_api_etl.py
[2023-01-25 22:37:29,653] {processor.py:651} INFO - DAG(s) dict_keys(['tutorial_taskflow_api_etl']) retrieved from /home/airflow/.local/lib/python3.7/site-packages/airflow/example_dags/tutorial_taskflow_api_etl.py
[2023-01-25 22:37:29,952] {logging_mixin.py:115} INFO - [2023-01-25 22:37:29,951] {dag.py:2420} INFO - Sync 1 DAGs
[2023-01-25 22:37:30,045] {logging_mixin.py:115} INFO - [2023-01-25 22:37:30,044] {dag.py:2972} INFO - Setting next_dagrun for tutorial_taskflow_api_etl to None, run_after=None
[2023-01-25 22:37:30,090] {processor.py:161} INFO - Processing /home/airflow/.local/lib/python3.7/site-packages/airflow/example_dags/tutorial_taskflow_api_etl.py took 0.525 seconds
[2023-01-25 22:38:03,283] {processor.py:153} INFO - Started process (PID=2895) to work on /home/airflow/.local/lib/python3.7/site-packages/airflow/example_dags/tutorial_taskflow_api_etl.py
[2023-01-25 22:38:03,285] {processor.py:641} INFO - Processing file /home/airflow/.local/lib/python3.7/site-packages/airflow/example_dags/tutorial_taskflow_api_etl.py for tasks to queue
[2023-01-25 22:38:03,287] {logging_mixin.py:115} INFO - [2023-01-25 22:38:03,287] {dagbag.py:508} INFO - Filling up the DagBag from /home/airflow/.local/lib/python3.7/site-packages/airflow/example_dags/tutorial_taskflow_api_etl.py
[2023-01-25 22:38:03,366] {processor.py:651} INFO - DAG(s) dict_keys(['tutorial_taskflow_api_etl']) retrieved from /home/airflow/.local/lib/python3.7/site-packages/airflow/example_dags/tutorial_taskflow_api_etl.py
[2023-01-25 22:38:03,760] {logging_mixin.py:115} INFO - [2023-01-25 22:38:03,759] {dag.py:2420} INFO - Sync 1 DAGs
[2023-01-25 22:38:03,865] {logging_mixin.py:115} INFO - [2023-01-25 22:38:03,865] {dag.py:2972} INFO - Setting next_dagrun for tutorial_taskflow_api_etl to None, run_after=None
[2023-01-25 22:38:03,917] {processor.py:161} INFO - Processing /home/airflow/.local/lib/python3.7/site-packages/airflow/example_dags/tutorial_taskflow_api_etl.py took 0.642 seconds
[2023-01-25 22:38:36,229] {processor.py:153} INFO - Started process (PID=3009) to work on /home/airflow/.local/lib/python3.7/site-packages/airflow/example_dags/tutorial_taskflow_api_etl.py
[2023-01-25 22:38:36,231] {processor.py:641} INFO - Processing file /home/airflow/.local/lib/python3.7/site-packages/airflow/example_dags/tutorial_taskflow_api_etl.py for tasks to queue
[2023-01-25 22:38:36,233] {logging_mixin.py:115} INFO - [2023-01-25 22:38:36,233] {dagbag.py:508} INFO - Filling up the DagBag from /home/airflow/.local/lib/python3.7/site-packages/airflow/example_dags/tutorial_taskflow_api_etl.py
[2023-01-25 22:38:36,303] {processor.py:651} INFO - DAG(s) dict_keys(['tutorial_taskflow_api_etl']) retrieved from /home/airflow/.local/lib/python3.7/site-packages/airflow/example_dags/tutorial_taskflow_api_etl.py
[2023-01-25 22:38:36,382] {logging_mixin.py:115} INFO - [2023-01-25 22:38:36,381] {dag.py:2420} INFO - Sync 1 DAGs
[2023-01-25 22:38:36,478] {logging_mixin.py:115} INFO - [2023-01-25 22:38:36,477] {dag.py:2972} INFO - Setting next_dagrun for tutorial_taskflow_api_etl to None, run_after=None
[2023-01-25 22:38:36,515] {processor.py:161} INFO - Processing /home/airflow/.local/lib/python3.7/site-packages/airflow/example_dags/tutorial_taskflow_api_etl.py took 0.294 seconds
[2023-01-25 22:39:09,433] {processor.py:153} INFO - Started process (PID=3126) to work on /home/airflow/.local/lib/python3.7/site-packages/airflow/example_dags/tutorial_taskflow_api_etl.py
[2023-01-25 22:39:09,435] {processor.py:641} INFO - Processing file /home/airflow/.local/lib/python3.7/site-packages/airflow/example_dags/tutorial_taskflow_api_etl.py for tasks to queue
[2023-01-25 22:39:09,438] {logging_mixin.py:115} INFO - [2023-01-25 22:39:09,438] {dagbag.py:508} INFO - Filling up the DagBag from /home/airflow/.local/lib/python3.7/site-packages/airflow/example_dags/tutorial_taskflow_api_etl.py
[2023-01-25 22:39:09,511] {processor.py:651} INFO - DAG(s) dict_keys(['tutorial_taskflow_api_etl']) retrieved from /home/airflow/.local/lib/python3.7/site-packages/airflow/example_dags/tutorial_taskflow_api_etl.py
[2023-01-25 22:39:09,586] {logging_mixin.py:115} INFO - [2023-01-25 22:39:09,585] {dag.py:2420} INFO - Sync 1 DAGs
[2023-01-25 22:39:09,682] {logging_mixin.py:115} INFO - [2023-01-25 22:39:09,681] {dag.py:2972} INFO - Setting next_dagrun for tutorial_taskflow_api_etl to None, run_after=None
[2023-01-25 22:39:09,717] {processor.py:161} INFO - Processing /home/airflow/.local/lib/python3.7/site-packages/airflow/example_dags/tutorial_taskflow_api_etl.py took 0.292 seconds
[2023-01-25 22:39:42,732] {processor.py:153} INFO - Started process (PID=3238) to work on /home/airflow/.local/lib/python3.7/site-packages/airflow/example_dags/tutorial_taskflow_api_etl.py
[2023-01-25 22:39:42,736] {processor.py:641} INFO - Processing file /home/airflow/.local/lib/python3.7/site-packages/airflow/example_dags/tutorial_taskflow_api_etl.py for tasks to queue
[2023-01-25 22:39:42,742] {logging_mixin.py:115} INFO - [2023-01-25 22:39:42,741] {dagbag.py:508} INFO - Filling up the DagBag from /home/airflow/.local/lib/python3.7/site-packages/airflow/example_dags/tutorial_taskflow_api_etl.py
[2023-01-25 22:39:42,827] {processor.py:651} INFO - DAG(s) dict_keys(['tutorial_taskflow_api_etl']) retrieved from /home/airflow/.local/lib/python3.7/site-packages/airflow/example_dags/tutorial_taskflow_api_etl.py
[2023-01-25 22:39:43,142] {logging_mixin.py:115} INFO - [2023-01-25 22:39:43,141] {dag.py:2420} INFO - Sync 1 DAGs
[2023-01-25 22:39:43,237] {logging_mixin.py:115} INFO - [2023-01-25 22:39:43,237] {dag.py:2972} INFO - Setting next_dagrun for tutorial_taskflow_api_etl to None, run_after=None
[2023-01-25 22:39:43,282] {processor.py:161} INFO - Processing /home/airflow/.local/lib/python3.7/site-packages/airflow/example_dags/tutorial_taskflow_api_etl.py took 0.559 seconds
[2023-01-25 22:40:15,587] {processor.py:153} INFO - Started process (PID=3367) to work on /home/airflow/.local/lib/python3.7/site-packages/airflow/example_dags/tutorial_taskflow_api_etl.py
[2023-01-25 22:40:15,590] {processor.py:641} INFO - Processing file /home/airflow/.local/lib/python3.7/site-packages/airflow/example_dags/tutorial_taskflow_api_etl.py for tasks to queue
[2023-01-25 22:40:15,595] {logging_mixin.py:115} INFO - [2023-01-25 22:40:15,594] {dagbag.py:508} INFO - Filling up the DagBag from /home/airflow/.local/lib/python3.7/site-packages/airflow/example_dags/tutorial_taskflow_api_etl.py
[2023-01-25 22:40:15,679] {processor.py:651} INFO - DAG(s) dict_keys(['tutorial_taskflow_api_etl']) retrieved from /home/airflow/.local/lib/python3.7/site-packages/airflow/example_dags/tutorial_taskflow_api_etl.py
[2023-01-25 22:40:15,976] {logging_mixin.py:115} INFO - [2023-01-25 22:40:15,976] {dag.py:2420} INFO - Sync 1 DAGs
[2023-01-25 22:40:16,072] {logging_mixin.py:115} INFO - [2023-01-25 22:40:16,072] {dag.py:2972} INFO - Setting next_dagrun for tutorial_taskflow_api_etl to None, run_after=None
[2023-01-25 22:40:16,125] {processor.py:161} INFO - Processing /home/airflow/.local/lib/python3.7/site-packages/airflow/example_dags/tutorial_taskflow_api_etl.py took 0.547 seconds
[2023-01-25 22:40:48,802] {processor.py:153} INFO - Started process (PID=3483) to work on /home/airflow/.local/lib/python3.7/site-packages/airflow/example_dags/tutorial_taskflow_api_etl.py
[2023-01-25 22:40:48,804] {processor.py:641} INFO - Processing file /home/airflow/.local/lib/python3.7/site-packages/airflow/example_dags/tutorial_taskflow_api_etl.py for tasks to queue
[2023-01-25 22:40:48,806] {logging_mixin.py:115} INFO - [2023-01-25 22:40:48,805] {dagbag.py:508} INFO - Filling up the DagBag from /home/airflow/.local/lib/python3.7/site-packages/airflow/example_dags/tutorial_taskflow_api_etl.py
[2023-01-25 22:40:48,873] {processor.py:651} INFO - DAG(s) dict_keys(['tutorial_taskflow_api_etl']) retrieved from /home/airflow/.local/lib/python3.7/site-packages/airflow/example_dags/tutorial_taskflow_api_etl.py
[2023-01-25 22:40:49,175] {logging_mixin.py:115} INFO - [2023-01-25 22:40:49,175] {dag.py:2420} INFO - Sync 1 DAGs
[2023-01-25 22:40:49,274] {logging_mixin.py:115} INFO - [2023-01-25 22:40:49,274] {dag.py:2972} INFO - Setting next_dagrun for tutorial_taskflow_api_etl to None, run_after=None
[2023-01-25 22:40:49,319] {processor.py:161} INFO - Processing /home/airflow/.local/lib/python3.7/site-packages/airflow/example_dags/tutorial_taskflow_api_etl.py took 0.525 seconds
[2023-01-25 22:41:21,352] {processor.py:153} INFO - Started process (PID=3596) to work on /home/airflow/.local/lib/python3.7/site-packages/airflow/example_dags/tutorial_taskflow_api_etl.py
[2023-01-25 22:41:21,354] {processor.py:641} INFO - Processing file /home/airflow/.local/lib/python3.7/site-packages/airflow/example_dags/tutorial_taskflow_api_etl.py for tasks to queue
[2023-01-25 22:41:21,356] {logging_mixin.py:115} INFO - [2023-01-25 22:41:21,355] {dagbag.py:508} INFO - Filling up the DagBag from /home/airflow/.local/lib/python3.7/site-packages/airflow/example_dags/tutorial_taskflow_api_etl.py
[2023-01-25 22:41:21,417] {processor.py:651} INFO - DAG(s) dict_keys(['tutorial_taskflow_api_etl']) retrieved from /home/airflow/.local/lib/python3.7/site-packages/airflow/example_dags/tutorial_taskflow_api_etl.py
[2023-01-25 22:41:21,695] {logging_mixin.py:115} INFO - [2023-01-25 22:41:21,695] {dag.py:2420} INFO - Sync 1 DAGs
[2023-01-25 22:41:21,785] {logging_mixin.py:115} INFO - [2023-01-25 22:41:21,785] {dag.py:2972} INFO - Setting next_dagrun for tutorial_taskflow_api_etl to None, run_after=None
[2023-01-25 22:41:21,827] {processor.py:161} INFO - Processing /home/airflow/.local/lib/python3.7/site-packages/airflow/example_dags/tutorial_taskflow_api_etl.py took 0.483 seconds
[2023-01-25 22:41:52,258] {processor.py:153} INFO - Started process (PID=3706) to work on /home/airflow/.local/lib/python3.7/site-packages/airflow/example_dags/tutorial_taskflow_api_etl.py
[2023-01-25 22:41:52,259] {processor.py:641} INFO - Processing file /home/airflow/.local/lib/python3.7/site-packages/airflow/example_dags/tutorial_taskflow_api_etl.py for tasks to queue
[2023-01-25 22:41:52,262] {logging_mixin.py:115} INFO - [2023-01-25 22:41:52,261] {dagbag.py:508} INFO - Filling up the DagBag from /home/airflow/.local/lib/python3.7/site-packages/airflow/example_dags/tutorial_taskflow_api_etl.py
[2023-01-25 22:41:52,327] {processor.py:651} INFO - DAG(s) dict_keys(['tutorial_taskflow_api_etl']) retrieved from /home/airflow/.local/lib/python3.7/site-packages/airflow/example_dags/tutorial_taskflow_api_etl.py
[2023-01-25 22:41:52,615] {logging_mixin.py:115} INFO - [2023-01-25 22:41:52,614] {dag.py:2420} INFO - Sync 1 DAGs
[2023-01-25 22:41:52,706] {logging_mixin.py:115} INFO - [2023-01-25 22:41:52,706] {dag.py:2972} INFO - Setting next_dagrun for tutorial_taskflow_api_etl to None, run_after=None
[2023-01-25 22:41:52,749] {processor.py:161} INFO - Processing /home/airflow/.local/lib/python3.7/site-packages/airflow/example_dags/tutorial_taskflow_api_etl.py took 0.499 seconds
[2023-01-25 22:42:22,962] {processor.py:153} INFO - Started process (PID=3816) to work on /home/airflow/.local/lib/python3.7/site-packages/airflow/example_dags/tutorial_taskflow_api_etl.py
[2023-01-25 22:42:22,965] {processor.py:641} INFO - Processing file /home/airflow/.local/lib/python3.7/site-packages/airflow/example_dags/tutorial_taskflow_api_etl.py for tasks to queue
[2023-01-25 22:42:22,968] {logging_mixin.py:115} INFO - [2023-01-25 22:42:22,967] {dagbag.py:508} INFO - Filling up the DagBag from /home/airflow/.local/lib/python3.7/site-packages/airflow/example_dags/tutorial_taskflow_api_etl.py
[2023-01-25 22:42:23,048] {processor.py:651} INFO - DAG(s) dict_keys(['tutorial_taskflow_api_etl']) retrieved from /home/airflow/.local/lib/python3.7/site-packages/airflow/example_dags/tutorial_taskflow_api_etl.py
[2023-01-25 22:42:23,340] {logging_mixin.py:115} INFO - [2023-01-25 22:42:23,340] {dag.py:2420} INFO - Sync 1 DAGs
[2023-01-25 22:42:23,424] {logging_mixin.py:115} INFO - [2023-01-25 22:42:23,424] {dag.py:2972} INFO - Setting next_dagrun for tutorial_taskflow_api_etl to None, run_after=None
[2023-01-25 22:42:23,464] {processor.py:161} INFO - Processing /home/airflow/.local/lib/python3.7/site-packages/airflow/example_dags/tutorial_taskflow_api_etl.py took 0.514 seconds
[2023-01-25 22:42:53,661] {processor.py:153} INFO - Started process (PID=3929) to work on /home/airflow/.local/lib/python3.7/site-packages/airflow/example_dags/tutorial_taskflow_api_etl.py
[2023-01-25 22:42:53,664] {processor.py:641} INFO - Processing file /home/airflow/.local/lib/python3.7/site-packages/airflow/example_dags/tutorial_taskflow_api_etl.py for tasks to queue
[2023-01-25 22:42:53,667] {logging_mixin.py:115} INFO - [2023-01-25 22:42:53,666] {dagbag.py:508} INFO - Filling up the DagBag from /home/airflow/.local/lib/python3.7/site-packages/airflow/example_dags/tutorial_taskflow_api_etl.py
[2023-01-25 22:42:53,754] {processor.py:651} INFO - DAG(s) dict_keys(['tutorial_taskflow_api_etl']) retrieved from /home/airflow/.local/lib/python3.7/site-packages/airflow/example_dags/tutorial_taskflow_api_etl.py
[2023-01-25 22:42:54,038] {logging_mixin.py:115} INFO - [2023-01-25 22:42:54,038] {dag.py:2420} INFO - Sync 1 DAGs
[2023-01-25 22:42:54,121] {logging_mixin.py:115} INFO - [2023-01-25 22:42:54,121] {dag.py:2972} INFO - Setting next_dagrun for tutorial_taskflow_api_etl to None, run_after=None
[2023-01-25 22:42:54,160] {processor.py:161} INFO - Processing /home/airflow/.local/lib/python3.7/site-packages/airflow/example_dags/tutorial_taskflow_api_etl.py took 0.510 seconds
[2023-01-25 22:43:24,280] {processor.py:153} INFO - Started process (PID=4043) to work on /home/airflow/.local/lib/python3.7/site-packages/airflow/example_dags/tutorial_taskflow_api_etl.py
[2023-01-25 22:43:24,284] {processor.py:641} INFO - Processing file /home/airflow/.local/lib/python3.7/site-packages/airflow/example_dags/tutorial_taskflow_api_etl.py for tasks to queue
[2023-01-25 22:43:24,287] {logging_mixin.py:115} INFO - [2023-01-25 22:43:24,286] {dagbag.py:508} INFO - Filling up the DagBag from /home/airflow/.local/lib/python3.7/site-packages/airflow/example_dags/tutorial_taskflow_api_etl.py
[2023-01-25 22:43:24,377] {processor.py:651} INFO - DAG(s) dict_keys(['tutorial_taskflow_api_etl']) retrieved from /home/airflow/.local/lib/python3.7/site-packages/airflow/example_dags/tutorial_taskflow_api_etl.py
[2023-01-25 22:43:24,470] {logging_mixin.py:115} INFO - [2023-01-25 22:43:24,469] {dag.py:2420} INFO - Sync 1 DAGs
[2023-01-25 22:43:24,567] {logging_mixin.py:115} INFO - [2023-01-25 22:43:24,566] {dag.py:2972} INFO - Setting next_dagrun for tutorial_taskflow_api_etl to None, run_after=None
[2023-01-25 22:43:24,618] {processor.py:161} INFO - Processing /home/airflow/.local/lib/python3.7/site-packages/airflow/example_dags/tutorial_taskflow_api_etl.py took 0.348 seconds
[2023-01-25 22:43:54,787] {processor.py:153} INFO - Started process (PID=4157) to work on /home/airflow/.local/lib/python3.7/site-packages/airflow/example_dags/tutorial_taskflow_api_etl.py
[2023-01-25 22:43:54,791] {processor.py:641} INFO - Processing file /home/airflow/.local/lib/python3.7/site-packages/airflow/example_dags/tutorial_taskflow_api_etl.py for tasks to queue
[2023-01-25 22:43:54,794] {logging_mixin.py:115} INFO - [2023-01-25 22:43:54,794] {dagbag.py:508} INFO - Filling up the DagBag from /home/airflow/.local/lib/python3.7/site-packages/airflow/example_dags/tutorial_taskflow_api_etl.py
[2023-01-25 22:43:54,900] {processor.py:651} INFO - DAG(s) dict_keys(['tutorial_taskflow_api_etl']) retrieved from /home/airflow/.local/lib/python3.7/site-packages/airflow/example_dags/tutorial_taskflow_api_etl.py
[2023-01-25 22:43:55,262] {logging_mixin.py:115} INFO - [2023-01-25 22:43:55,262] {dag.py:2420} INFO - Sync 1 DAGs
[2023-01-25 22:43:55,385] {logging_mixin.py:115} INFO - [2023-01-25 22:43:55,385] {dag.py:2972} INFO - Setting next_dagrun for tutorial_taskflow_api_etl to None, run_after=None
[2023-01-25 22:43:55,433] {processor.py:161} INFO - Processing /home/airflow/.local/lib/python3.7/site-packages/airflow/example_dags/tutorial_taskflow_api_etl.py took 0.658 seconds
[2023-01-25 22:44:25,628] {processor.py:153} INFO - Started process (PID=4271) to work on /home/airflow/.local/lib/python3.7/site-packages/airflow/example_dags/tutorial_taskflow_api_etl.py
[2023-01-25 22:44:25,630] {processor.py:641} INFO - Processing file /home/airflow/.local/lib/python3.7/site-packages/airflow/example_dags/tutorial_taskflow_api_etl.py for tasks to queue
[2023-01-25 22:44:25,632] {logging_mixin.py:115} INFO - [2023-01-25 22:44:25,632] {dagbag.py:508} INFO - Filling up the DagBag from /home/airflow/.local/lib/python3.7/site-packages/airflow/example_dags/tutorial_taskflow_api_etl.py
[2023-01-25 22:44:25,702] {processor.py:651} INFO - DAG(s) dict_keys(['tutorial_taskflow_api_etl']) retrieved from /home/airflow/.local/lib/python3.7/site-packages/airflow/example_dags/tutorial_taskflow_api_etl.py
[2023-01-25 22:44:26,021] {logging_mixin.py:115} INFO - [2023-01-25 22:44:26,020] {dag.py:2420} INFO - Sync 1 DAGs
[2023-01-25 22:44:26,148] {logging_mixin.py:115} INFO - [2023-01-25 22:44:26,148] {dag.py:2972} INFO - Setting next_dagrun for tutorial_taskflow_api_etl to None, run_after=None
[2023-01-25 22:44:26,199] {processor.py:161} INFO - Processing /home/airflow/.local/lib/python3.7/site-packages/airflow/example_dags/tutorial_taskflow_api_etl.py took 0.580 seconds
[2023-01-25 22:44:56,689] {processor.py:153} INFO - Started process (PID=4388) to work on /home/airflow/.local/lib/python3.7/site-packages/airflow/example_dags/tutorial_taskflow_api_etl.py
[2023-01-25 22:44:56,691] {processor.py:641} INFO - Processing file /home/airflow/.local/lib/python3.7/site-packages/airflow/example_dags/tutorial_taskflow_api_etl.py for tasks to queue
[2023-01-25 22:44:56,693] {logging_mixin.py:115} INFO - [2023-01-25 22:44:56,693] {dagbag.py:508} INFO - Filling up the DagBag from /home/airflow/.local/lib/python3.7/site-packages/airflow/example_dags/tutorial_taskflow_api_etl.py
[2023-01-25 22:44:56,759] {processor.py:651} INFO - DAG(s) dict_keys(['tutorial_taskflow_api_etl']) retrieved from /home/airflow/.local/lib/python3.7/site-packages/airflow/example_dags/tutorial_taskflow_api_etl.py
[2023-01-25 22:44:57,053] {logging_mixin.py:115} INFO - [2023-01-25 22:44:57,052] {dag.py:2420} INFO - Sync 1 DAGs
[2023-01-25 22:44:57,159] {logging_mixin.py:115} INFO - [2023-01-25 22:44:57,158] {dag.py:2972} INFO - Setting next_dagrun for tutorial_taskflow_api_etl to None, run_after=None
[2023-01-25 22:44:57,210] {processor.py:161} INFO - Processing /home/airflow/.local/lib/python3.7/site-packages/airflow/example_dags/tutorial_taskflow_api_etl.py took 0.530 seconds
[2023-01-25 22:45:27,281] {processor.py:153} INFO - Started process (PID=4502) to work on /home/airflow/.local/lib/python3.7/site-packages/airflow/example_dags/tutorial_taskflow_api_etl.py
[2023-01-25 22:45:27,284] {processor.py:641} INFO - Processing file /home/airflow/.local/lib/python3.7/site-packages/airflow/example_dags/tutorial_taskflow_api_etl.py for tasks to queue
[2023-01-25 22:45:27,287] {logging_mixin.py:115} INFO - [2023-01-25 22:45:27,286] {dagbag.py:508} INFO - Filling up the DagBag from /home/airflow/.local/lib/python3.7/site-packages/airflow/example_dags/tutorial_taskflow_api_etl.py
[2023-01-25 22:45:27,355] {processor.py:651} INFO - DAG(s) dict_keys(['tutorial_taskflow_api_etl']) retrieved from /home/airflow/.local/lib/python3.7/site-packages/airflow/example_dags/tutorial_taskflow_api_etl.py
[2023-01-25 22:45:27,629] {logging_mixin.py:115} INFO - [2023-01-25 22:45:27,629] {dag.py:2420} INFO - Sync 1 DAGs
[2023-01-25 22:45:27,720] {logging_mixin.py:115} INFO - [2023-01-25 22:45:27,720] {dag.py:2972} INFO - Setting next_dagrun for tutorial_taskflow_api_etl to None, run_after=None
[2023-01-25 22:45:27,764] {processor.py:161} INFO - Processing /home/airflow/.local/lib/python3.7/site-packages/airflow/example_dags/tutorial_taskflow_api_etl.py took 0.492 seconds
[2023-01-25 22:45:57,844] {processor.py:153} INFO - Started process (PID=4616) to work on /home/airflow/.local/lib/python3.7/site-packages/airflow/example_dags/tutorial_taskflow_api_etl.py
[2023-01-25 22:45:57,846] {processor.py:641} INFO - Processing file /home/airflow/.local/lib/python3.7/site-packages/airflow/example_dags/tutorial_taskflow_api_etl.py for tasks to queue
[2023-01-25 22:45:57,850] {logging_mixin.py:115} INFO - [2023-01-25 22:45:57,850] {dagbag.py:508} INFO - Filling up the DagBag from /home/airflow/.local/lib/python3.7/site-packages/airflow/example_dags/tutorial_taskflow_api_etl.py
[2023-01-25 22:45:57,955] {processor.py:651} INFO - DAG(s) dict_keys(['tutorial_taskflow_api_etl']) retrieved from /home/airflow/.local/lib/python3.7/site-packages/airflow/example_dags/tutorial_taskflow_api_etl.py
[2023-01-25 22:45:58,258] {logging_mixin.py:115} INFO - [2023-01-25 22:45:58,258] {dag.py:2420} INFO - Sync 1 DAGs
[2023-01-25 22:45:58,350] {logging_mixin.py:115} INFO - [2023-01-25 22:45:58,349] {dag.py:2972} INFO - Setting next_dagrun for tutorial_taskflow_api_etl to None, run_after=None
[2023-01-25 22:45:58,393] {processor.py:161} INFO - Processing /home/airflow/.local/lib/python3.7/site-packages/airflow/example_dags/tutorial_taskflow_api_etl.py took 0.560 seconds
[2023-01-25 22:46:28,584] {processor.py:153} INFO - Started process (PID=4731) to work on /home/airflow/.local/lib/python3.7/site-packages/airflow/example_dags/tutorial_taskflow_api_etl.py
[2023-01-25 22:46:28,587] {processor.py:641} INFO - Processing file /home/airflow/.local/lib/python3.7/site-packages/airflow/example_dags/tutorial_taskflow_api_etl.py for tasks to queue
[2023-01-25 22:46:28,589] {logging_mixin.py:115} INFO - [2023-01-25 22:46:28,589] {dagbag.py:508} INFO - Filling up the DagBag from /home/airflow/.local/lib/python3.7/site-packages/airflow/example_dags/tutorial_taskflow_api_etl.py
[2023-01-25 22:46:28,658] {processor.py:651} INFO - DAG(s) dict_keys(['tutorial_taskflow_api_etl']) retrieved from /home/airflow/.local/lib/python3.7/site-packages/airflow/example_dags/tutorial_taskflow_api_etl.py
[2023-01-25 22:46:28,932] {logging_mixin.py:115} INFO - [2023-01-25 22:46:28,932] {dag.py:2420} INFO - Sync 1 DAGs
[2023-01-25 22:46:29,015] {logging_mixin.py:115} INFO - [2023-01-25 22:46:29,015] {dag.py:2972} INFO - Setting next_dagrun for tutorial_taskflow_api_etl to None, run_after=None
[2023-01-25 22:46:29,055] {processor.py:161} INFO - Processing /home/airflow/.local/lib/python3.7/site-packages/airflow/example_dags/tutorial_taskflow_api_etl.py took 0.479 seconds
[2023-01-25 22:46:59,733] {processor.py:153} INFO - Started process (PID=4845) to work on /home/airflow/.local/lib/python3.7/site-packages/airflow/example_dags/tutorial_taskflow_api_etl.py
[2023-01-25 22:46:59,736] {processor.py:641} INFO - Processing file /home/airflow/.local/lib/python3.7/site-packages/airflow/example_dags/tutorial_taskflow_api_etl.py for tasks to queue
[2023-01-25 22:46:59,738] {logging_mixin.py:115} INFO - [2023-01-25 22:46:59,738] {dagbag.py:508} INFO - Filling up the DagBag from /home/airflow/.local/lib/python3.7/site-packages/airflow/example_dags/tutorial_taskflow_api_etl.py
[2023-01-25 22:46:59,811] {processor.py:651} INFO - DAG(s) dict_keys(['tutorial_taskflow_api_etl']) retrieved from /home/airflow/.local/lib/python3.7/site-packages/airflow/example_dags/tutorial_taskflow_api_etl.py
[2023-01-25 22:47:00,093] {logging_mixin.py:115} INFO - [2023-01-25 22:47:00,092] {dag.py:2420} INFO - Sync 1 DAGs
[2023-01-25 22:47:00,189] {logging_mixin.py:115} INFO - [2023-01-25 22:47:00,189] {dag.py:2972} INFO - Setting next_dagrun for tutorial_taskflow_api_etl to None, run_after=None
[2023-01-25 22:47:00,234] {processor.py:161} INFO - Processing /home/airflow/.local/lib/python3.7/site-packages/airflow/example_dags/tutorial_taskflow_api_etl.py took 0.509 seconds
[2023-01-25 22:47:30,287] {processor.py:153} INFO - Started process (PID=4958) to work on /home/airflow/.local/lib/python3.7/site-packages/airflow/example_dags/tutorial_taskflow_api_etl.py
[2023-01-25 22:47:30,289] {processor.py:641} INFO - Processing file /home/airflow/.local/lib/python3.7/site-packages/airflow/example_dags/tutorial_taskflow_api_etl.py for tasks to queue
[2023-01-25 22:47:30,291] {logging_mixin.py:115} INFO - [2023-01-25 22:47:30,291] {dagbag.py:508} INFO - Filling up the DagBag from /home/airflow/.local/lib/python3.7/site-packages/airflow/example_dags/tutorial_taskflow_api_etl.py
[2023-01-25 22:47:30,369] {processor.py:651} INFO - DAG(s) dict_keys(['tutorial_taskflow_api_etl']) retrieved from /home/airflow/.local/lib/python3.7/site-packages/airflow/example_dags/tutorial_taskflow_api_etl.py
[2023-01-25 22:47:30,668] {logging_mixin.py:115} INFO - [2023-01-25 22:47:30,668] {dag.py:2420} INFO - Sync 1 DAGs
[2023-01-25 22:47:30,759] {logging_mixin.py:115} INFO - [2023-01-25 22:47:30,758] {dag.py:2972} INFO - Setting next_dagrun for tutorial_taskflow_api_etl to None, run_after=None
[2023-01-25 22:47:30,803] {processor.py:161} INFO - Processing /home/airflow/.local/lib/python3.7/site-packages/airflow/example_dags/tutorial_taskflow_api_etl.py took 0.524 seconds
[2023-01-25 22:48:01,377] {processor.py:153} INFO - Started process (PID=5068) to work on /home/airflow/.local/lib/python3.7/site-packages/airflow/example_dags/tutorial_taskflow_api_etl.py
[2023-01-25 22:48:01,379] {processor.py:641} INFO - Processing file /home/airflow/.local/lib/python3.7/site-packages/airflow/example_dags/tutorial_taskflow_api_etl.py for tasks to queue
[2023-01-25 22:48:01,382] {logging_mixin.py:115} INFO - [2023-01-25 22:48:01,382] {dagbag.py:508} INFO - Filling up the DagBag from /home/airflow/.local/lib/python3.7/site-packages/airflow/example_dags/tutorial_taskflow_api_etl.py
[2023-01-25 22:48:01,470] {processor.py:651} INFO - DAG(s) dict_keys(['tutorial_taskflow_api_etl']) retrieved from /home/airflow/.local/lib/python3.7/site-packages/airflow/example_dags/tutorial_taskflow_api_etl.py
[2023-01-25 22:48:01,562] {logging_mixin.py:115} INFO - [2023-01-25 22:48:01,562] {dag.py:2420} INFO - Sync 1 DAGs
[2023-01-25 22:48:01,670] {logging_mixin.py:115} INFO - [2023-01-25 22:48:01,670] {dag.py:2972} INFO - Setting next_dagrun for tutorial_taskflow_api_etl to None, run_after=None
[2023-01-25 22:48:01,718] {processor.py:161} INFO - Processing /home/airflow/.local/lib/python3.7/site-packages/airflow/example_dags/tutorial_taskflow_api_etl.py took 0.350 seconds
[2023-01-25 22:48:32,510] {processor.py:153} INFO - Started process (PID=5172) to work on /home/airflow/.local/lib/python3.7/site-packages/airflow/example_dags/tutorial_taskflow_api_etl.py
[2023-01-25 22:48:32,512] {processor.py:641} INFO - Processing file /home/airflow/.local/lib/python3.7/site-packages/airflow/example_dags/tutorial_taskflow_api_etl.py for tasks to queue
[2023-01-25 22:48:32,514] {logging_mixin.py:115} INFO - [2023-01-25 22:48:32,514] {dagbag.py:508} INFO - Filling up the DagBag from /home/airflow/.local/lib/python3.7/site-packages/airflow/example_dags/tutorial_taskflow_api_etl.py
[2023-01-25 22:48:32,575] {processor.py:651} INFO - DAG(s) dict_keys(['tutorial_taskflow_api_etl']) retrieved from /home/airflow/.local/lib/python3.7/site-packages/airflow/example_dags/tutorial_taskflow_api_etl.py
[2023-01-25 22:48:32,647] {logging_mixin.py:115} INFO - [2023-01-25 22:48:32,646] {dag.py:2420} INFO - Sync 1 DAGs
[2023-01-25 22:48:32,733] {logging_mixin.py:115} INFO - [2023-01-25 22:48:32,733] {dag.py:2972} INFO - Setting next_dagrun for tutorial_taskflow_api_etl to None, run_after=None
[2023-01-25 22:48:32,767] {processor.py:161} INFO - Processing /home/airflow/.local/lib/python3.7/site-packages/airflow/example_dags/tutorial_taskflow_api_etl.py took 0.264 seconds
[2023-01-25 22:49:03,356] {processor.py:153} INFO - Started process (PID=5284) to work on /home/airflow/.local/lib/python3.7/site-packages/airflow/example_dags/tutorial_taskflow_api_etl.py
[2023-01-25 22:49:03,358] {processor.py:641} INFO - Processing file /home/airflow/.local/lib/python3.7/site-packages/airflow/example_dags/tutorial_taskflow_api_etl.py for tasks to queue
[2023-01-25 22:49:03,360] {logging_mixin.py:115} INFO - [2023-01-25 22:49:03,360] {dagbag.py:508} INFO - Filling up the DagBag from /home/airflow/.local/lib/python3.7/site-packages/airflow/example_dags/tutorial_taskflow_api_etl.py
[2023-01-25 22:49:03,422] {processor.py:651} INFO - DAG(s) dict_keys(['tutorial_taskflow_api_etl']) retrieved from /home/airflow/.local/lib/python3.7/site-packages/airflow/example_dags/tutorial_taskflow_api_etl.py
[2023-01-25 22:49:03,494] {logging_mixin.py:115} INFO - [2023-01-25 22:49:03,493] {dag.py:2420} INFO - Sync 1 DAGs
[2023-01-25 22:49:03,578] {logging_mixin.py:115} INFO - [2023-01-25 22:49:03,577] {dag.py:2972} INFO - Setting next_dagrun for tutorial_taskflow_api_etl to None, run_after=None
[2023-01-25 22:49:03,610] {processor.py:161} INFO - Processing /home/airflow/.local/lib/python3.7/site-packages/airflow/example_dags/tutorial_taskflow_api_etl.py took 0.262 seconds
[2023-01-25 22:49:33,731] {processor.py:153} INFO - Started process (PID=5395) to work on /home/airflow/.local/lib/python3.7/site-packages/airflow/example_dags/tutorial_taskflow_api_etl.py
[2023-01-25 22:49:33,733] {processor.py:641} INFO - Processing file /home/airflow/.local/lib/python3.7/site-packages/airflow/example_dags/tutorial_taskflow_api_etl.py for tasks to queue
[2023-01-25 22:49:33,735] {logging_mixin.py:115} INFO - [2023-01-25 22:49:33,735] {dagbag.py:508} INFO - Filling up the DagBag from /home/airflow/.local/lib/python3.7/site-packages/airflow/example_dags/tutorial_taskflow_api_etl.py
[2023-01-25 22:49:33,803] {processor.py:651} INFO - DAG(s) dict_keys(['tutorial_taskflow_api_etl']) retrieved from /home/airflow/.local/lib/python3.7/site-packages/airflow/example_dags/tutorial_taskflow_api_etl.py
[2023-01-25 22:49:34,071] {logging_mixin.py:115} INFO - [2023-01-25 22:49:34,070] {dag.py:2420} INFO - Sync 1 DAGs
[2023-01-25 22:49:34,160] {logging_mixin.py:115} INFO - [2023-01-25 22:49:34,159] {dag.py:2972} INFO - Setting next_dagrun for tutorial_taskflow_api_etl to None, run_after=None
[2023-01-25 22:49:34,202] {processor.py:161} INFO - Processing /home/airflow/.local/lib/python3.7/site-packages/airflow/example_dags/tutorial_taskflow_api_etl.py took 0.478 seconds
[2023-01-25 22:50:04,259] {processor.py:153} INFO - Started process (PID=5506) to work on /home/airflow/.local/lib/python3.7/site-packages/airflow/example_dags/tutorial_taskflow_api_etl.py
[2023-01-25 22:50:04,260] {processor.py:641} INFO - Processing file /home/airflow/.local/lib/python3.7/site-packages/airflow/example_dags/tutorial_taskflow_api_etl.py for tasks to queue
[2023-01-25 22:50:04,262] {logging_mixin.py:115} INFO - [2023-01-25 22:50:04,262] {dagbag.py:508} INFO - Filling up the DagBag from /home/airflow/.local/lib/python3.7/site-packages/airflow/example_dags/tutorial_taskflow_api_etl.py
[2023-01-25 22:50:04,320] {processor.py:651} INFO - DAG(s) dict_keys(['tutorial_taskflow_api_etl']) retrieved from /home/airflow/.local/lib/python3.7/site-packages/airflow/example_dags/tutorial_taskflow_api_etl.py
[2023-01-25 22:50:04,584] {logging_mixin.py:115} INFO - [2023-01-25 22:50:04,584] {dag.py:2420} INFO - Sync 1 DAGs
[2023-01-25 22:50:04,664] {logging_mixin.py:115} INFO - [2023-01-25 22:50:04,664] {dag.py:2972} INFO - Setting next_dagrun for tutorial_taskflow_api_etl to None, run_after=None
[2023-01-25 22:50:04,703] {processor.py:161} INFO - Processing /home/airflow/.local/lib/python3.7/site-packages/airflow/example_dags/tutorial_taskflow_api_etl.py took 0.453 seconds
[2023-01-25 22:50:35,580] {processor.py:153} INFO - Started process (PID=5620) to work on /home/airflow/.local/lib/python3.7/site-packages/airflow/example_dags/tutorial_taskflow_api_etl.py
[2023-01-25 22:50:35,582] {processor.py:641} INFO - Processing file /home/airflow/.local/lib/python3.7/site-packages/airflow/example_dags/tutorial_taskflow_api_etl.py for tasks to queue
[2023-01-25 22:50:35,585] {logging_mixin.py:115} INFO - [2023-01-25 22:50:35,584] {dagbag.py:508} INFO - Filling up the DagBag from /home/airflow/.local/lib/python3.7/site-packages/airflow/example_dags/tutorial_taskflow_api_etl.py
[2023-01-25 22:50:35,648] {processor.py:651} INFO - DAG(s) dict_keys(['tutorial_taskflow_api_etl']) retrieved from /home/airflow/.local/lib/python3.7/site-packages/airflow/example_dags/tutorial_taskflow_api_etl.py
[2023-01-25 22:50:35,720] {logging_mixin.py:115} INFO - [2023-01-25 22:50:35,719] {dag.py:2420} INFO - Sync 1 DAGs
[2023-01-25 22:50:35,808] {logging_mixin.py:115} INFO - [2023-01-25 22:50:35,808] {dag.py:2972} INFO - Setting next_dagrun for tutorial_taskflow_api_etl to None, run_after=None
[2023-01-25 22:50:35,848] {processor.py:161} INFO - Processing /home/airflow/.local/lib/python3.7/site-packages/airflow/example_dags/tutorial_taskflow_api_etl.py took 0.276 seconds
[2023-01-25 22:51:06,413] {processor.py:153} INFO - Started process (PID=5735) to work on /home/airflow/.local/lib/python3.7/site-packages/airflow/example_dags/tutorial_taskflow_api_etl.py
[2023-01-25 22:51:06,415] {processor.py:641} INFO - Processing file /home/airflow/.local/lib/python3.7/site-packages/airflow/example_dags/tutorial_taskflow_api_etl.py for tasks to queue
[2023-01-25 22:51:06,418] {logging_mixin.py:115} INFO - [2023-01-25 22:51:06,417] {dagbag.py:508} INFO - Filling up the DagBag from /home/airflow/.local/lib/python3.7/site-packages/airflow/example_dags/tutorial_taskflow_api_etl.py
[2023-01-25 22:51:06,508] {processor.py:651} INFO - DAG(s) dict_keys(['tutorial_taskflow_api_etl']) retrieved from /home/airflow/.local/lib/python3.7/site-packages/airflow/example_dags/tutorial_taskflow_api_etl.py
[2023-01-25 22:51:06,811] {logging_mixin.py:115} INFO - [2023-01-25 22:51:06,810] {dag.py:2420} INFO - Sync 1 DAGs
[2023-01-25 22:51:06,905] {logging_mixin.py:115} INFO - [2023-01-25 22:51:06,905] {dag.py:2972} INFO - Setting next_dagrun for tutorial_taskflow_api_etl to None, run_after=None
[2023-01-25 22:51:06,962] {processor.py:161} INFO - Processing /home/airflow/.local/lib/python3.7/site-packages/airflow/example_dags/tutorial_taskflow_api_etl.py took 0.561 seconds
[2023-01-25 22:51:37,177] {processor.py:153} INFO - Started process (PID=5849) to work on /home/airflow/.local/lib/python3.7/site-packages/airflow/example_dags/tutorial_taskflow_api_etl.py
[2023-01-25 22:51:37,181] {processor.py:641} INFO - Processing file /home/airflow/.local/lib/python3.7/site-packages/airflow/example_dags/tutorial_taskflow_api_etl.py for tasks to queue
[2023-01-25 22:51:37,183] {logging_mixin.py:115} INFO - [2023-01-25 22:51:37,183] {dagbag.py:508} INFO - Filling up the DagBag from /home/airflow/.local/lib/python3.7/site-packages/airflow/example_dags/tutorial_taskflow_api_etl.py
[2023-01-25 22:51:37,250] {processor.py:651} INFO - DAG(s) dict_keys(['tutorial_taskflow_api_etl']) retrieved from /home/airflow/.local/lib/python3.7/site-packages/airflow/example_dags/tutorial_taskflow_api_etl.py
[2023-01-25 22:51:37,531] {logging_mixin.py:115} INFO - [2023-01-25 22:51:37,530] {dag.py:2420} INFO - Sync 1 DAGs
[2023-01-25 22:51:37,615] {logging_mixin.py:115} INFO - [2023-01-25 22:51:37,615] {dag.py:2972} INFO - Setting next_dagrun for tutorial_taskflow_api_etl to None, run_after=None
[2023-01-25 22:51:37,657] {processor.py:161} INFO - Processing /home/airflow/.local/lib/python3.7/site-packages/airflow/example_dags/tutorial_taskflow_api_etl.py took 0.490 seconds
[2023-01-25 22:52:07,841] {processor.py:153} INFO - Started process (PID=5965) to work on /home/airflow/.local/lib/python3.7/site-packages/airflow/example_dags/tutorial_taskflow_api_etl.py
[2023-01-25 22:52:07,843] {processor.py:641} INFO - Processing file /home/airflow/.local/lib/python3.7/site-packages/airflow/example_dags/tutorial_taskflow_api_etl.py for tasks to queue
[2023-01-25 22:52:07,845] {logging_mixin.py:115} INFO - [2023-01-25 22:52:07,845] {dagbag.py:508} INFO - Filling up the DagBag from /home/airflow/.local/lib/python3.7/site-packages/airflow/example_dags/tutorial_taskflow_api_etl.py
[2023-01-25 22:52:07,910] {processor.py:651} INFO - DAG(s) dict_keys(['tutorial_taskflow_api_etl']) retrieved from /home/airflow/.local/lib/python3.7/site-packages/airflow/example_dags/tutorial_taskflow_api_etl.py
[2023-01-25 22:52:08,178] {logging_mixin.py:115} INFO - [2023-01-25 22:52:08,178] {dag.py:2420} INFO - Sync 1 DAGs
[2023-01-25 22:52:08,270] {logging_mixin.py:115} INFO - [2023-01-25 22:52:08,270] {dag.py:2972} INFO - Setting next_dagrun for tutorial_taskflow_api_etl to None, run_after=None
[2023-01-25 22:52:08,314] {processor.py:161} INFO - Processing /home/airflow/.local/lib/python3.7/site-packages/airflow/example_dags/tutorial_taskflow_api_etl.py took 0.481 seconds
[2023-01-25 22:52:38,435] {processor.py:153} INFO - Started process (PID=6077) to work on /home/airflow/.local/lib/python3.7/site-packages/airflow/example_dags/tutorial_taskflow_api_etl.py
[2023-01-25 22:52:38,437] {processor.py:641} INFO - Processing file /home/airflow/.local/lib/python3.7/site-packages/airflow/example_dags/tutorial_taskflow_api_etl.py for tasks to queue
[2023-01-25 22:52:38,439] {logging_mixin.py:115} INFO - [2023-01-25 22:52:38,439] {dagbag.py:508} INFO - Filling up the DagBag from /home/airflow/.local/lib/python3.7/site-packages/airflow/example_dags/tutorial_taskflow_api_etl.py
[2023-01-25 22:52:38,505] {processor.py:651} INFO - DAG(s) dict_keys(['tutorial_taskflow_api_etl']) retrieved from /home/airflow/.local/lib/python3.7/site-packages/airflow/example_dags/tutorial_taskflow_api_etl.py
[2023-01-25 22:52:38,773] {logging_mixin.py:115} INFO - [2023-01-25 22:52:38,773] {dag.py:2420} INFO - Sync 1 DAGs
[2023-01-25 22:52:38,854] {logging_mixin.py:115} INFO - [2023-01-25 22:52:38,854] {dag.py:2972} INFO - Setting next_dagrun for tutorial_taskflow_api_etl to None, run_after=None
[2023-01-25 22:52:38,896] {processor.py:161} INFO - Processing /home/airflow/.local/lib/python3.7/site-packages/airflow/example_dags/tutorial_taskflow_api_etl.py took 0.472 seconds
[2023-01-25 22:53:09,006] {processor.py:153} INFO - Started process (PID=6192) to work on /home/airflow/.local/lib/python3.7/site-packages/airflow/example_dags/tutorial_taskflow_api_etl.py
[2023-01-25 22:53:09,008] {processor.py:641} INFO - Processing file /home/airflow/.local/lib/python3.7/site-packages/airflow/example_dags/tutorial_taskflow_api_etl.py for tasks to queue
[2023-01-25 22:53:09,010] {logging_mixin.py:115} INFO - [2023-01-25 22:53:09,010] {dagbag.py:508} INFO - Filling up the DagBag from /home/airflow/.local/lib/python3.7/site-packages/airflow/example_dags/tutorial_taskflow_api_etl.py
[2023-01-25 22:53:09,067] {processor.py:651} INFO - DAG(s) dict_keys(['tutorial_taskflow_api_etl']) retrieved from /home/airflow/.local/lib/python3.7/site-packages/airflow/example_dags/tutorial_taskflow_api_etl.py
[2023-01-25 22:53:09,347] {logging_mixin.py:115} INFO - [2023-01-25 22:53:09,347] {dag.py:2420} INFO - Sync 1 DAGs
[2023-01-25 22:53:09,430] {logging_mixin.py:115} INFO - [2023-01-25 22:53:09,430] {dag.py:2972} INFO - Setting next_dagrun for tutorial_taskflow_api_etl to None, run_after=None
[2023-01-25 22:53:09,472] {processor.py:161} INFO - Processing /home/airflow/.local/lib/python3.7/site-packages/airflow/example_dags/tutorial_taskflow_api_etl.py took 0.473 seconds
[2023-01-25 22:53:39,533] {processor.py:153} INFO - Started process (PID=6306) to work on /home/airflow/.local/lib/python3.7/site-packages/airflow/example_dags/tutorial_taskflow_api_etl.py
[2023-01-25 22:53:39,534] {processor.py:641} INFO - Processing file /home/airflow/.local/lib/python3.7/site-packages/airflow/example_dags/tutorial_taskflow_api_etl.py for tasks to queue
[2023-01-25 22:53:39,537] {logging_mixin.py:115} INFO - [2023-01-25 22:53:39,536] {dagbag.py:508} INFO - Filling up the DagBag from /home/airflow/.local/lib/python3.7/site-packages/airflow/example_dags/tutorial_taskflow_api_etl.py
[2023-01-25 22:53:39,597] {processor.py:651} INFO - DAG(s) dict_keys(['tutorial_taskflow_api_etl']) retrieved from /home/airflow/.local/lib/python3.7/site-packages/airflow/example_dags/tutorial_taskflow_api_etl.py
[2023-01-25 22:53:39,854] {logging_mixin.py:115} INFO - [2023-01-25 22:53:39,853] {dag.py:2420} INFO - Sync 1 DAGs
[2023-01-25 22:53:39,931] {logging_mixin.py:115} INFO - [2023-01-25 22:53:39,931] {dag.py:2972} INFO - Setting next_dagrun for tutorial_taskflow_api_etl to None, run_after=None
[2023-01-25 22:53:39,971] {processor.py:161} INFO - Processing /home/airflow/.local/lib/python3.7/site-packages/airflow/example_dags/tutorial_taskflow_api_etl.py took 0.446 seconds
[2023-01-25 22:54:10,414] {processor.py:153} INFO - Started process (PID=6418) to work on /home/airflow/.local/lib/python3.7/site-packages/airflow/example_dags/tutorial_taskflow_api_etl.py
[2023-01-25 22:54:10,416] {processor.py:641} INFO - Processing file /home/airflow/.local/lib/python3.7/site-packages/airflow/example_dags/tutorial_taskflow_api_etl.py for tasks to queue
[2023-01-25 22:54:10,419] {logging_mixin.py:115} INFO - [2023-01-25 22:54:10,418] {dagbag.py:508} INFO - Filling up the DagBag from /home/airflow/.local/lib/python3.7/site-packages/airflow/example_dags/tutorial_taskflow_api_etl.py
[2023-01-25 22:54:10,488] {processor.py:651} INFO - DAG(s) dict_keys(['tutorial_taskflow_api_etl']) retrieved from /home/airflow/.local/lib/python3.7/site-packages/airflow/example_dags/tutorial_taskflow_api_etl.py
[2023-01-25 22:54:10,801] {logging_mixin.py:115} INFO - [2023-01-25 22:54:10,801] {dag.py:2420} INFO - Sync 1 DAGs
[2023-01-25 22:54:10,903] {logging_mixin.py:115} INFO - [2023-01-25 22:54:10,902] {dag.py:2972} INFO - Setting next_dagrun for tutorial_taskflow_api_etl to None, run_after=None
[2023-01-25 22:54:10,957] {processor.py:161} INFO - Processing /home/airflow/.local/lib/python3.7/site-packages/airflow/example_dags/tutorial_taskflow_api_etl.py took 0.550 seconds
[2023-01-25 22:54:41,238] {processor.py:153} INFO - Started process (PID=6532) to work on /home/airflow/.local/lib/python3.7/site-packages/airflow/example_dags/tutorial_taskflow_api_etl.py
[2023-01-25 22:54:41,239] {processor.py:641} INFO - Processing file /home/airflow/.local/lib/python3.7/site-packages/airflow/example_dags/tutorial_taskflow_api_etl.py for tasks to queue
[2023-01-25 22:54:41,242] {logging_mixin.py:115} INFO - [2023-01-25 22:54:41,241] {dagbag.py:508} INFO - Filling up the DagBag from /home/airflow/.local/lib/python3.7/site-packages/airflow/example_dags/tutorial_taskflow_api_etl.py
[2023-01-25 22:54:41,307] {processor.py:651} INFO - DAG(s) dict_keys(['tutorial_taskflow_api_etl']) retrieved from /home/airflow/.local/lib/python3.7/site-packages/airflow/example_dags/tutorial_taskflow_api_etl.py
[2023-01-25 22:54:41,382] {logging_mixin.py:115} INFO - [2023-01-25 22:54:41,382] {dag.py:2420} INFO - Sync 1 DAGs
[2023-01-25 22:54:41,479] {logging_mixin.py:115} INFO - [2023-01-25 22:54:41,479] {dag.py:2972} INFO - Setting next_dagrun for tutorial_taskflow_api_etl to None, run_after=None
[2023-01-25 22:54:41,516] {processor.py:161} INFO - Processing /home/airflow/.local/lib/python3.7/site-packages/airflow/example_dags/tutorial_taskflow_api_etl.py took 0.287 seconds
[2023-01-25 22:55:12,615] {processor.py:153} INFO - Started process (PID=6646) to work on /home/airflow/.local/lib/python3.7/site-packages/airflow/example_dags/tutorial_taskflow_api_etl.py
[2023-01-25 22:55:12,617] {processor.py:641} INFO - Processing file /home/airflow/.local/lib/python3.7/site-packages/airflow/example_dags/tutorial_taskflow_api_etl.py for tasks to queue
[2023-01-25 22:55:12,620] {logging_mixin.py:115} INFO - [2023-01-25 22:55:12,619] {dagbag.py:508} INFO - Filling up the DagBag from /home/airflow/.local/lib/python3.7/site-packages/airflow/example_dags/tutorial_taskflow_api_etl.py
[2023-01-25 22:55:12,685] {processor.py:651} INFO - DAG(s) dict_keys(['tutorial_taskflow_api_etl']) retrieved from /home/airflow/.local/lib/python3.7/site-packages/airflow/example_dags/tutorial_taskflow_api_etl.py
[2023-01-25 22:55:13,013] {logging_mixin.py:115} INFO - [2023-01-25 22:55:13,013] {dag.py:2420} INFO - Sync 1 DAGs
[2023-01-25 22:55:13,105] {logging_mixin.py:115} INFO - [2023-01-25 22:55:13,105] {dag.py:2972} INFO - Setting next_dagrun for tutorial_taskflow_api_etl to None, run_after=None
[2023-01-25 22:55:13,152] {processor.py:161} INFO - Processing /home/airflow/.local/lib/python3.7/site-packages/airflow/example_dags/tutorial_taskflow_api_etl.py took 0.544 seconds
[2023-01-25 23:00:15,371] {processor.py:153} INFO - Started process (PID=6736) to work on /home/airflow/.local/lib/python3.7/site-packages/airflow/example_dags/tutorial_taskflow_api_etl.py
[2023-01-25 23:00:15,374] {processor.py:641} INFO - Processing file /home/airflow/.local/lib/python3.7/site-packages/airflow/example_dags/tutorial_taskflow_api_etl.py for tasks to queue
[2023-01-25 23:00:15,378] {logging_mixin.py:115} INFO - [2023-01-25 23:00:15,378] {dagbag.py:508} INFO - Filling up the DagBag from /home/airflow/.local/lib/python3.7/site-packages/airflow/example_dags/tutorial_taskflow_api_etl.py
[2023-01-25 23:00:15,482] {processor.py:651} INFO - DAG(s) dict_keys(['tutorial_taskflow_api_etl']) retrieved from /home/airflow/.local/lib/python3.7/site-packages/airflow/example_dags/tutorial_taskflow_api_etl.py
[2023-01-25 23:00:15,877] {logging_mixin.py:115} INFO - [2023-01-25 23:00:15,876] {dag.py:2420} INFO - Sync 1 DAGs
[2023-01-25 23:00:16,044] {logging_mixin.py:115} INFO - [2023-01-25 23:00:16,044] {dag.py:2972} INFO - Setting next_dagrun for tutorial_taskflow_api_etl to None, run_after=None
[2023-01-25 23:00:16,130] {processor.py:161} INFO - Processing /home/airflow/.local/lib/python3.7/site-packages/airflow/example_dags/tutorial_taskflow_api_etl.py took 0.778 seconds
[2023-01-25 23:05:22,165] {processor.py:153} INFO - Started process (PID=6834) to work on /home/airflow/.local/lib/python3.7/site-packages/airflow/example_dags/tutorial_taskflow_api_etl.py
[2023-01-25 23:05:22,168] {processor.py:641} INFO - Processing file /home/airflow/.local/lib/python3.7/site-packages/airflow/example_dags/tutorial_taskflow_api_etl.py for tasks to queue
[2023-01-25 23:05:22,170] {logging_mixin.py:115} INFO - [2023-01-25 23:05:22,170] {dagbag.py:508} INFO - Filling up the DagBag from /home/airflow/.local/lib/python3.7/site-packages/airflow/example_dags/tutorial_taskflow_api_etl.py
[2023-01-25 23:05:22,307] {processor.py:651} INFO - DAG(s) dict_keys(['tutorial_taskflow_api_etl']) retrieved from /home/airflow/.local/lib/python3.7/site-packages/airflow/example_dags/tutorial_taskflow_api_etl.py
[2023-01-25 23:05:22,546] {logging_mixin.py:115} INFO - [2023-01-25 23:05:22,545] {dag.py:2420} INFO - Sync 1 DAGs
[2023-01-25 23:05:22,683] {logging_mixin.py:115} INFO - [2023-01-25 23:05:22,682] {dag.py:2972} INFO - Setting next_dagrun for tutorial_taskflow_api_etl to None, run_after=None
[2023-01-25 23:05:22,751] {processor.py:161} INFO - Processing /home/airflow/.local/lib/python3.7/site-packages/airflow/example_dags/tutorial_taskflow_api_etl.py took 0.607 seconds
[2023-01-25 23:05:53,581] {processor.py:153} INFO - Started process (PID=6948) to work on /home/airflow/.local/lib/python3.7/site-packages/airflow/example_dags/tutorial_taskflow_api_etl.py
[2023-01-25 23:05:53,583] {processor.py:641} INFO - Processing file /home/airflow/.local/lib/python3.7/site-packages/airflow/example_dags/tutorial_taskflow_api_etl.py for tasks to queue
[2023-01-25 23:05:53,586] {logging_mixin.py:115} INFO - [2023-01-25 23:05:53,586] {dagbag.py:508} INFO - Filling up the DagBag from /home/airflow/.local/lib/python3.7/site-packages/airflow/example_dags/tutorial_taskflow_api_etl.py
[2023-01-25 23:05:53,663] {processor.py:651} INFO - DAG(s) dict_keys(['tutorial_taskflow_api_etl']) retrieved from /home/airflow/.local/lib/python3.7/site-packages/airflow/example_dags/tutorial_taskflow_api_etl.py
[2023-01-25 23:05:53,738] {logging_mixin.py:115} INFO - [2023-01-25 23:05:53,738] {dag.py:2420} INFO - Sync 1 DAGs
[2023-01-25 23:05:53,834] {logging_mixin.py:115} INFO - [2023-01-25 23:05:53,834] {dag.py:2972} INFO - Setting next_dagrun for tutorial_taskflow_api_etl to None, run_after=None
[2023-01-25 23:05:53,869] {processor.py:161} INFO - Processing /home/airflow/.local/lib/python3.7/site-packages/airflow/example_dags/tutorial_taskflow_api_etl.py took 0.301 seconds
[2023-01-25 23:15:33,692] {processor.py:153} INFO - Started process (PID=7062) to work on /home/airflow/.local/lib/python3.7/site-packages/airflow/example_dags/tutorial_taskflow_api_etl.py
[2023-01-25 23:15:33,694] {processor.py:641} INFO - Processing file /home/airflow/.local/lib/python3.7/site-packages/airflow/example_dags/tutorial_taskflow_api_etl.py for tasks to queue
[2023-01-25 23:15:33,697] {logging_mixin.py:115} INFO - [2023-01-25 23:15:33,697] {dagbag.py:508} INFO - Filling up the DagBag from /home/airflow/.local/lib/python3.7/site-packages/airflow/example_dags/tutorial_taskflow_api_etl.py
[2023-01-25 23:15:33,782] {processor.py:651} INFO - DAG(s) dict_keys(['tutorial_taskflow_api_etl']) retrieved from /home/airflow/.local/lib/python3.7/site-packages/airflow/example_dags/tutorial_taskflow_api_etl.py
[2023-01-25 23:15:34,120] {logging_mixin.py:115} INFO - [2023-01-25 23:15:34,119] {dag.py:2420} INFO - Sync 1 DAGs
[2023-01-25 23:15:34,237] {logging_mixin.py:115} INFO - [2023-01-25 23:15:34,237] {dag.py:2972} INFO - Setting next_dagrun for tutorial_taskflow_api_etl to None, run_after=None
[2023-01-25 23:15:34,283] {processor.py:161} INFO - Processing /home/airflow/.local/lib/python3.7/site-packages/airflow/example_dags/tutorial_taskflow_api_etl.py took 0.600 seconds
[2023-01-25 23:16:06,569] {processor.py:153} INFO - Started process (PID=7175) to work on /home/airflow/.local/lib/python3.7/site-packages/airflow/example_dags/tutorial_taskflow_api_etl.py
[2023-01-25 23:16:06,571] {processor.py:641} INFO - Processing file /home/airflow/.local/lib/python3.7/site-packages/airflow/example_dags/tutorial_taskflow_api_etl.py for tasks to queue
[2023-01-25 23:16:06,573] {logging_mixin.py:115} INFO - [2023-01-25 23:16:06,573] {dagbag.py:508} INFO - Filling up the DagBag from /home/airflow/.local/lib/python3.7/site-packages/airflow/example_dags/tutorial_taskflow_api_etl.py
[2023-01-25 23:16:06,654] {processor.py:651} INFO - DAG(s) dict_keys(['tutorial_taskflow_api_etl']) retrieved from /home/airflow/.local/lib/python3.7/site-packages/airflow/example_dags/tutorial_taskflow_api_etl.py
[2023-01-25 23:16:06,984] {logging_mixin.py:115} INFO - [2023-01-25 23:16:06,983] {dag.py:2420} INFO - Sync 1 DAGs
[2023-01-25 23:16:07,095] {logging_mixin.py:115} INFO - [2023-01-25 23:16:07,095] {dag.py:2972} INFO - Setting next_dagrun for tutorial_taskflow_api_etl to None, run_after=None
[2023-01-25 23:16:07,165] {processor.py:161} INFO - Processing /home/airflow/.local/lib/python3.7/site-packages/airflow/example_dags/tutorial_taskflow_api_etl.py took 0.605 seconds
[2023-01-25 23:30:26,383] {processor.py:153} INFO - Started process (PID=7273) to work on /home/airflow/.local/lib/python3.7/site-packages/airflow/example_dags/tutorial_taskflow_api_etl.py
[2023-01-25 23:30:26,391] {processor.py:641} INFO - Processing file /home/airflow/.local/lib/python3.7/site-packages/airflow/example_dags/tutorial_taskflow_api_etl.py for tasks to queue
[2023-01-25 23:30:26,394] {logging_mixin.py:115} INFO - [2023-01-25 23:30:26,393] {dagbag.py:508} INFO - Filling up the DagBag from /home/airflow/.local/lib/python3.7/site-packages/airflow/example_dags/tutorial_taskflow_api_etl.py
[2023-01-25 23:30:26,484] {processor.py:651} INFO - DAG(s) dict_keys(['tutorial_taskflow_api_etl']) retrieved from /home/airflow/.local/lib/python3.7/site-packages/airflow/example_dags/tutorial_taskflow_api_etl.py
[2023-01-25 23:30:26,799] {logging_mixin.py:115} INFO - [2023-01-25 23:30:26,798] {dag.py:2420} INFO - Sync 1 DAGs
[2023-01-25 23:30:26,893] {logging_mixin.py:115} INFO - [2023-01-25 23:30:26,893] {dag.py:2972} INFO - Setting next_dagrun for tutorial_taskflow_api_etl to None, run_after=None
[2023-01-25 23:30:26,943] {processor.py:161} INFO - Processing /home/airflow/.local/lib/python3.7/site-packages/airflow/example_dags/tutorial_taskflow_api_etl.py took 0.574 seconds
[2023-01-25 23:30:58,100] {processor.py:153} INFO - Started process (PID=7387) to work on /home/airflow/.local/lib/python3.7/site-packages/airflow/example_dags/tutorial_taskflow_api_etl.py
[2023-01-25 23:30:58,101] {processor.py:641} INFO - Processing file /home/airflow/.local/lib/python3.7/site-packages/airflow/example_dags/tutorial_taskflow_api_etl.py for tasks to queue
[2023-01-25 23:30:58,103] {logging_mixin.py:115} INFO - [2023-01-25 23:30:58,103] {dagbag.py:508} INFO - Filling up the DagBag from /home/airflow/.local/lib/python3.7/site-packages/airflow/example_dags/tutorial_taskflow_api_etl.py
[2023-01-25 23:30:58,166] {processor.py:651} INFO - DAG(s) dict_keys(['tutorial_taskflow_api_etl']) retrieved from /home/airflow/.local/lib/python3.7/site-packages/airflow/example_dags/tutorial_taskflow_api_etl.py
[2023-01-25 23:30:58,439] {logging_mixin.py:115} INFO - [2023-01-25 23:30:58,439] {dag.py:2420} INFO - Sync 1 DAGs
[2023-01-25 23:30:58,519] {logging_mixin.py:115} INFO - [2023-01-25 23:30:58,519] {dag.py:2972} INFO - Setting next_dagrun for tutorial_taskflow_api_etl to None, run_after=None
[2023-01-25 23:30:58,562] {processor.py:161} INFO - Processing /home/airflow/.local/lib/python3.7/site-packages/airflow/example_dags/tutorial_taskflow_api_etl.py took 0.470 seconds
[2023-01-25 23:35:50,012] {processor.py:153} INFO - Started process (PID=7501) to work on /home/airflow/.local/lib/python3.7/site-packages/airflow/example_dags/tutorial_taskflow_api_etl.py
[2023-01-25 23:35:50,016] {processor.py:641} INFO - Processing file /home/airflow/.local/lib/python3.7/site-packages/airflow/example_dags/tutorial_taskflow_api_etl.py for tasks to queue
[2023-01-25 23:35:50,022] {logging_mixin.py:115} INFO - [2023-01-25 23:35:50,022] {dagbag.py:508} INFO - Filling up the DagBag from /home/airflow/.local/lib/python3.7/site-packages/airflow/example_dags/tutorial_taskflow_api_etl.py
[2023-01-25 23:35:50,189] {processor.py:651} INFO - DAG(s) dict_keys(['tutorial_taskflow_api_etl']) retrieved from /home/airflow/.local/lib/python3.7/site-packages/airflow/example_dags/tutorial_taskflow_api_etl.py
[2023-01-25 23:35:50,597] {logging_mixin.py:115} INFO - [2023-01-25 23:35:50,597] {dag.py:2420} INFO - Sync 1 DAGs
[2023-01-25 23:35:50,741] {logging_mixin.py:115} INFO - [2023-01-25 23:35:50,741] {dag.py:2972} INFO - Setting next_dagrun for tutorial_taskflow_api_etl to None, run_after=None
[2023-01-25 23:35:50,814] {processor.py:161} INFO - Processing /home/airflow/.local/lib/python3.7/site-packages/airflow/example_dags/tutorial_taskflow_api_etl.py took 0.829 seconds
[2023-01-25 23:46:01,516] {processor.py:153} INFO - Started process (PID=7599) to work on /home/airflow/.local/lib/python3.7/site-packages/airflow/example_dags/tutorial_taskflow_api_etl.py
[2023-01-25 23:46:01,518] {processor.py:641} INFO - Processing file /home/airflow/.local/lib/python3.7/site-packages/airflow/example_dags/tutorial_taskflow_api_etl.py for tasks to queue
[2023-01-25 23:46:01,520] {logging_mixin.py:115} INFO - [2023-01-25 23:46:01,520] {dagbag.py:508} INFO - Filling up the DagBag from /home/airflow/.local/lib/python3.7/site-packages/airflow/example_dags/tutorial_taskflow_api_etl.py
[2023-01-25 23:46:01,594] {processor.py:651} INFO - DAG(s) dict_keys(['tutorial_taskflow_api_etl']) retrieved from /home/airflow/.local/lib/python3.7/site-packages/airflow/example_dags/tutorial_taskflow_api_etl.py
[2023-01-25 23:46:02,095] {logging_mixin.py:115} INFO - [2023-01-25 23:46:02,094] {dag.py:2420} INFO - Sync 1 DAGs
[2023-01-25 23:46:02,200] {logging_mixin.py:115} INFO - [2023-01-25 23:46:02,200] {dag.py:2972} INFO - Setting next_dagrun for tutorial_taskflow_api_etl to None, run_after=None
[2023-01-25 23:46:02,256] {processor.py:161} INFO - Processing /home/airflow/.local/lib/python3.7/site-packages/airflow/example_dags/tutorial_taskflow_api_etl.py took 0.748 seconds
[2023-01-25 23:46:33,579] {processor.py:153} INFO - Started process (PID=7713) to work on /home/airflow/.local/lib/python3.7/site-packages/airflow/example_dags/tutorial_taskflow_api_etl.py
[2023-01-25 23:46:33,581] {processor.py:641} INFO - Processing file /home/airflow/.local/lib/python3.7/site-packages/airflow/example_dags/tutorial_taskflow_api_etl.py for tasks to queue
[2023-01-25 23:46:33,583] {logging_mixin.py:115} INFO - [2023-01-25 23:46:33,583] {dagbag.py:508} INFO - Filling up the DagBag from /home/airflow/.local/lib/python3.7/site-packages/airflow/example_dags/tutorial_taskflow_api_etl.py
[2023-01-25 23:46:33,647] {processor.py:651} INFO - DAG(s) dict_keys(['tutorial_taskflow_api_etl']) retrieved from /home/airflow/.local/lib/python3.7/site-packages/airflow/example_dags/tutorial_taskflow_api_etl.py
[2023-01-25 23:46:33,931] {logging_mixin.py:115} INFO - [2023-01-25 23:46:33,930] {dag.py:2420} INFO - Sync 1 DAGs
[2023-01-25 23:46:34,019] {logging_mixin.py:115} INFO - [2023-01-25 23:46:34,019] {dag.py:2972} INFO - Setting next_dagrun for tutorial_taskflow_api_etl to None, run_after=None
[2023-01-25 23:46:34,073] {processor.py:161} INFO - Processing /home/airflow/.local/lib/python3.7/site-packages/airflow/example_dags/tutorial_taskflow_api_etl.py took 0.501 seconds
[2023-01-25 23:59:30,056] {processor.py:153} INFO - Started process (PID=7827) to work on /home/airflow/.local/lib/python3.7/site-packages/airflow/example_dags/tutorial_taskflow_api_etl.py
[2023-01-25 23:59:30,058] {processor.py:641} INFO - Processing file /home/airflow/.local/lib/python3.7/site-packages/airflow/example_dags/tutorial_taskflow_api_etl.py for tasks to queue
[2023-01-25 23:59:30,060] {logging_mixin.py:115} INFO - [2023-01-25 23:59:30,060] {dagbag.py:508} INFO - Filling up the DagBag from /home/airflow/.local/lib/python3.7/site-packages/airflow/example_dags/tutorial_taskflow_api_etl.py
[2023-01-25 23:59:30,133] {processor.py:651} INFO - DAG(s) dict_keys(['tutorial_taskflow_api_etl']) retrieved from /home/airflow/.local/lib/python3.7/site-packages/airflow/example_dags/tutorial_taskflow_api_etl.py
[2023-01-25 23:59:30,441] {logging_mixin.py:115} INFO - [2023-01-25 23:59:30,440] {dag.py:2420} INFO - Sync 1 DAGs
[2023-01-25 23:59:30,545] {logging_mixin.py:115} INFO - [2023-01-25 23:59:30,544] {dag.py:2972} INFO - Setting next_dagrun for tutorial_taskflow_api_etl to None, run_after=None
[2023-01-25 23:59:30,592] {processor.py:161} INFO - Processing /home/airflow/.local/lib/python3.7/site-packages/airflow/example_dags/tutorial_taskflow_api_etl.py took 0.544 seconds
