[2023-01-26 17:23:37,555] {taskinstance.py:1179} INFO - Dependencies all met for <TaskInstance: jla-psp-paymentech-load.get_load_run_date manual__2023-01-26T17:23:30.340612+00:00 [queued]>
[2023-01-26 17:23:37,641] {taskinstance.py:1179} INFO - Dependencies all met for <TaskInstance: jla-psp-paymentech-load.get_load_run_date manual__2023-01-26T17:23:30.340612+00:00 [queued]>
[2023-01-26 17:23:37,645] {taskinstance.py:1376} INFO - 
--------------------------------------------------------------------------------
[2023-01-26 17:23:37,647] {taskinstance.py:1377} INFO - Starting attempt 1 of 1
[2023-01-26 17:23:37,649] {taskinstance.py:1378} INFO - 
--------------------------------------------------------------------------------
[2023-01-26 17:23:37,770] {taskinstance.py:1397} INFO - Executing <Task(PythonOperator): get_load_run_date> on 2023-01-26 17:23:30.340612+00:00
[2023-01-26 17:23:37,789] {standard_task_runner.py:52} INFO - Started process 4204 to run task
[2023-01-26 17:23:37,803] {standard_task_runner.py:79} INFO - Running: ['***', 'tasks', 'run', 'jla-psp-paymentech-load', 'get_load_run_date', 'manual__2023-01-26T17:23:30.340612+00:00', '--job-id', '234', '--raw', '--subdir', 'DAGS_FOLDER/jla-psp-paymentech-load.py', '--cfg-path', '/tmp/tmp3vwr5w79', '--error-file', '/tmp/tmpf2b7m5dc']
[2023-01-26 17:23:37,809] {standard_task_runner.py:80} INFO - Job 234: Subtask get_load_run_date
[2023-01-26 17:23:38,307] {task_command.py:371} INFO - Running <TaskInstance: jla-psp-paymentech-load.get_load_run_date manual__2023-01-26T17:23:30.340612+00:00 [running]> on host a8cd24867728
[2023-01-26 17:23:38,842] {taskinstance.py:1591} INFO - Exporting the following env vars:
AIRFLOW_CTX_DAG_EMAIL=barobinson@groupon.com
AIRFLOW_CTX_DAG_OWNER=FSA
AIRFLOW_CTX_DAG_ID=jla-psp-paymentech-load
AIRFLOW_CTX_TASK_ID=get_load_run_date
AIRFLOW_CTX_EXECUTION_DATE=2023-01-26T17:23:30.340612+00:00
AIRFLOW_CTX_TRY_NUMBER=1
AIRFLOW_CTX_DAG_RUN_ID=manual__2023-01-26T17:23:30.340612+00:00
[2023-01-26 17:23:38,894] {python.py:173} INFO - Done. Returned value was: None
[2023-01-26 17:23:38,954] {taskinstance.py:1420} INFO - Marking task as SUCCESS. dag_id=jla-psp-paymentech-load, task_id=get_load_run_date, execution_date=20230126T172330, start_date=20230126T172337, end_date=20230126T172338
[2023-01-26 17:23:39,031] {local_task_job.py:156} INFO - Task exited with return code 0
[2023-01-26 17:23:39,328] {local_task_job.py:273} INFO - 1 downstream tasks scheduled from follow-on schedule check
