[2023-01-26 17:18:21,243] {taskinstance.py:1179} INFO - Dependencies all met for <TaskInstance: jla-psp-paymentech-load.get_process_uuid manual__2023-01-26T17:18:07.379899+00:00 [queued]>
[2023-01-26 17:18:21,281] {taskinstance.py:1179} INFO - Dependencies all met for <TaskInstance: jla-psp-paymentech-load.get_process_uuid manual__2023-01-26T17:18:07.379899+00:00 [queued]>
[2023-01-26 17:18:21,282] {taskinstance.py:1376} INFO - 
--------------------------------------------------------------------------------
[2023-01-26 17:18:21,283] {taskinstance.py:1377} INFO - Starting attempt 1 of 1
[2023-01-26 17:18:21,284] {taskinstance.py:1378} INFO - 
--------------------------------------------------------------------------------
[2023-01-26 17:18:21,352] {taskinstance.py:1397} INFO - Executing <Task(PythonOperator): get_process_uuid> on 2023-01-26 17:18:07.379899+00:00
[2023-01-26 17:18:21,363] {standard_task_runner.py:52} INFO - Started process 3752 to run task
[2023-01-26 17:18:21,371] {standard_task_runner.py:79} INFO - Running: ['***', 'tasks', 'run', 'jla-psp-paymentech-load', 'get_process_uuid', 'manual__2023-01-26T17:18:07.379899+00:00', '--job-id', '225', '--raw', '--subdir', 'DAGS_FOLDER/jla-psp-paymentech-load.py', '--cfg-path', '/tmp/tmprz26bc6k', '--error-file', '/tmp/tmpt2fnwmsr']
[2023-01-26 17:18:21,375] {standard_task_runner.py:80} INFO - Job 225: Subtask get_process_uuid
[2023-01-26 17:18:21,723] {task_command.py:371} INFO - Running <TaskInstance: jla-psp-paymentech-load.get_process_uuid manual__2023-01-26T17:18:07.379899+00:00 [running]> on host a8cd24867728
[2023-01-26 17:18:22,163] {taskinstance.py:1591} INFO - Exporting the following env vars:
AIRFLOW_CTX_DAG_EMAIL=barobinson@groupon.com
AIRFLOW_CTX_DAG_OWNER=FSA
AIRFLOW_CTX_DAG_ID=jla-psp-paymentech-load
AIRFLOW_CTX_TASK_ID=get_process_uuid
AIRFLOW_CTX_EXECUTION_DATE=2023-01-26T17:18:07.379899+00:00
AIRFLOW_CTX_TRY_NUMBER=1
AIRFLOW_CTX_DAG_RUN_ID=manual__2023-01-26T17:18:07.379899+00:00
[2023-01-26 17:18:22,300] {base.py:68} INFO - Using connection ID 'slack_connection' for task execution.
[2023-01-26 17:18:22,360] {python.py:173} INFO - Done. Returned value was: None
[2023-01-26 17:18:22,413] {taskinstance.py:1420} INFO - Marking task as SUCCESS. dag_id=jla-psp-paymentech-load, task_id=get_process_uuid, execution_date=20230126T171807, start_date=20230126T171821, end_date=20230126T171822
[2023-01-26 17:18:22,476] {local_task_job.py:156} INFO - Task exited with return code 0
[2023-01-26 17:18:22,732] {local_task_job.py:273} INFO - 1 downstream tasks scheduled from follow-on schedule check
