[2023-01-09 17:22:37,864] {processor.py:153} INFO - Started process (PID=128) to work on /opt/airflow/dags/utils/Error.py
[2023-01-09 17:22:37,869] {processor.py:641} INFO - Processing file /opt/airflow/dags/utils/Error.py for tasks to queue
[2023-01-09 17:22:37,877] {logging_mixin.py:115} INFO - [2023-01-09 17:22:37,877] {dagbag.py:508} INFO - Filling up the DagBag from /opt/airflow/dags/utils/Error.py
[2023-01-09 17:22:38,222] {processor.py:653} WARNING - No viable dags retrieved from /opt/airflow/dags/utils/Error.py
[2023-01-09 17:22:38,307] {processor.py:161} INFO - Processing /opt/airflow/dags/utils/Error.py took 0.478 seconds
[2023-01-09 17:23:09,228] {processor.py:153} INFO - Started process (PID=237) to work on /opt/airflow/dags/utils/Error.py
[2023-01-09 17:23:09,234] {processor.py:641} INFO - Processing file /opt/airflow/dags/utils/Error.py for tasks to queue
[2023-01-09 17:23:09,239] {logging_mixin.py:115} INFO - [2023-01-09 17:23:09,239] {dagbag.py:508} INFO - Filling up the DagBag from /opt/airflow/dags/utils/Error.py
[2023-01-09 17:23:09,344] {processor.py:653} WARNING - No viable dags retrieved from /opt/airflow/dags/utils/Error.py
[2023-01-09 17:23:09,417] {processor.py:161} INFO - Processing /opt/airflow/dags/utils/Error.py took 0.206 seconds
[2023-01-09 17:23:39,940] {processor.py:153} INFO - Started process (PID=348) to work on /opt/airflow/dags/utils/Error.py
[2023-01-09 17:23:39,944] {processor.py:641} INFO - Processing file /opt/airflow/dags/utils/Error.py for tasks to queue
[2023-01-09 17:23:39,947] {logging_mixin.py:115} INFO - [2023-01-09 17:23:39,947] {dagbag.py:508} INFO - Filling up the DagBag from /opt/airflow/dags/utils/Error.py
[2023-01-09 17:23:40,018] {processor.py:653} WARNING - No viable dags retrieved from /opt/airflow/dags/utils/Error.py
[2023-01-09 17:23:40,070] {processor.py:161} INFO - Processing /opt/airflow/dags/utils/Error.py took 0.153 seconds
[2023-01-09 17:24:10,518] {processor.py:153} INFO - Started process (PID=459) to work on /opt/airflow/dags/utils/Error.py
[2023-01-09 17:24:10,520] {processor.py:641} INFO - Processing file /opt/airflow/dags/utils/Error.py for tasks to queue
[2023-01-09 17:24:10,523] {logging_mixin.py:115} INFO - [2023-01-09 17:24:10,522] {dagbag.py:508} INFO - Filling up the DagBag from /opt/airflow/dags/utils/Error.py
[2023-01-09 17:24:10,561] {processor.py:653} WARNING - No viable dags retrieved from /opt/airflow/dags/utils/Error.py
[2023-01-09 17:24:10,593] {processor.py:161} INFO - Processing /opt/airflow/dags/utils/Error.py took 0.084 seconds
[2023-01-09 17:24:41,130] {processor.py:153} INFO - Started process (PID=554) to work on /opt/airflow/dags/utils/Error.py
[2023-01-09 17:24:41,134] {processor.py:641} INFO - Processing file /opt/airflow/dags/utils/Error.py for tasks to queue
[2023-01-09 17:24:41,137] {logging_mixin.py:115} INFO - [2023-01-09 17:24:41,137] {dagbag.py:508} INFO - Filling up the DagBag from /opt/airflow/dags/utils/Error.py
[2023-01-09 17:24:41,180] {processor.py:653} WARNING - No viable dags retrieved from /opt/airflow/dags/utils/Error.py
[2023-01-09 17:24:41,214] {processor.py:161} INFO - Processing /opt/airflow/dags/utils/Error.py took 0.096 seconds
[2023-01-09 17:25:12,560] {processor.py:153} INFO - Started process (PID=657) to work on /opt/airflow/dags/utils/Error.py
[2023-01-09 17:25:12,563] {processor.py:641} INFO - Processing file /opt/airflow/dags/utils/Error.py for tasks to queue
[2023-01-09 17:25:12,566] {logging_mixin.py:115} INFO - [2023-01-09 17:25:12,565] {dagbag.py:508} INFO - Filling up the DagBag from /opt/airflow/dags/utils/Error.py
[2023-01-09 17:25:12,631] {processor.py:653} WARNING - No viable dags retrieved from /opt/airflow/dags/utils/Error.py
[2023-01-09 17:25:12,667] {processor.py:161} INFO - Processing /opt/airflow/dags/utils/Error.py took 0.118 seconds
[2023-01-09 17:25:43,405] {processor.py:153} INFO - Started process (PID=749) to work on /opt/airflow/dags/utils/Error.py
[2023-01-09 17:25:43,407] {processor.py:641} INFO - Processing file /opt/airflow/dags/utils/Error.py for tasks to queue
[2023-01-09 17:25:43,409] {logging_mixin.py:115} INFO - [2023-01-09 17:25:43,409] {dagbag.py:508} INFO - Filling up the DagBag from /opt/airflow/dags/utils/Error.py
[2023-01-09 17:25:43,453] {processor.py:653} WARNING - No viable dags retrieved from /opt/airflow/dags/utils/Error.py
[2023-01-09 17:25:43,488] {processor.py:161} INFO - Processing /opt/airflow/dags/utils/Error.py took 0.093 seconds
[2023-01-09 17:26:13,647] {processor.py:153} INFO - Started process (PID=841) to work on /opt/airflow/dags/utils/Error.py
[2023-01-09 17:26:13,649] {processor.py:641} INFO - Processing file /opt/airflow/dags/utils/Error.py for tasks to queue
[2023-01-09 17:26:13,651] {logging_mixin.py:115} INFO - [2023-01-09 17:26:13,651] {dagbag.py:508} INFO - Filling up the DagBag from /opt/airflow/dags/utils/Error.py
[2023-01-09 17:26:13,685] {processor.py:653} WARNING - No viable dags retrieved from /opt/airflow/dags/utils/Error.py
[2023-01-09 17:26:13,714] {processor.py:161} INFO - Processing /opt/airflow/dags/utils/Error.py took 0.076 seconds
[2023-01-09 17:26:47,271] {processor.py:153} INFO - Started process (PID=950) to work on /opt/airflow/dags/utils/Error.py
[2023-01-09 17:26:47,276] {processor.py:641} INFO - Processing file /opt/airflow/dags/utils/Error.py for tasks to queue
[2023-01-09 17:26:47,279] {logging_mixin.py:115} INFO - [2023-01-09 17:26:47,278] {dagbag.py:508} INFO - Filling up the DagBag from /opt/airflow/dags/utils/Error.py
[2023-01-09 17:26:47,335] {processor.py:653} WARNING - No viable dags retrieved from /opt/airflow/dags/utils/Error.py
[2023-01-09 17:26:47,368] {processor.py:161} INFO - Processing /opt/airflow/dags/utils/Error.py took 0.108 seconds
[2023-01-09 17:27:20,422] {processor.py:153} INFO - Started process (PID=1059) to work on /opt/airflow/dags/utils/Error.py
[2023-01-09 17:27:20,424] {processor.py:641} INFO - Processing file /opt/airflow/dags/utils/Error.py for tasks to queue
[2023-01-09 17:27:20,427] {logging_mixin.py:115} INFO - [2023-01-09 17:27:20,426] {dagbag.py:508} INFO - Filling up the DagBag from /opt/airflow/dags/utils/Error.py
[2023-01-09 17:27:20,461] {processor.py:653} WARNING - No viable dags retrieved from /opt/airflow/dags/utils/Error.py
[2023-01-09 17:27:20,492] {processor.py:161} INFO - Processing /opt/airflow/dags/utils/Error.py took 0.078 seconds
[2023-01-09 17:27:51,230] {processor.py:153} INFO - Started process (PID=1166) to work on /opt/airflow/dags/utils/Error.py
[2023-01-09 17:27:51,231] {processor.py:641} INFO - Processing file /opt/airflow/dags/utils/Error.py for tasks to queue
[2023-01-09 17:27:51,234] {logging_mixin.py:115} INFO - [2023-01-09 17:27:51,233] {dagbag.py:508} INFO - Filling up the DagBag from /opt/airflow/dags/utils/Error.py
[2023-01-09 17:27:51,266] {processor.py:653} WARNING - No viable dags retrieved from /opt/airflow/dags/utils/Error.py
[2023-01-09 17:27:51,478] {processor.py:161} INFO - Processing /opt/airflow/dags/utils/Error.py took 0.257 seconds
[2023-01-09 17:28:21,842] {processor.py:153} INFO - Started process (PID=1275) to work on /opt/airflow/dags/utils/Error.py
[2023-01-09 17:28:21,846] {processor.py:641} INFO - Processing file /opt/airflow/dags/utils/Error.py for tasks to queue
[2023-01-09 17:28:21,849] {logging_mixin.py:115} INFO - [2023-01-09 17:28:21,848] {dagbag.py:508} INFO - Filling up the DagBag from /opt/airflow/dags/utils/Error.py
[2023-01-09 17:28:21,887] {processor.py:653} WARNING - No viable dags retrieved from /opt/airflow/dags/utils/Error.py
[2023-01-09 17:28:22,182] {processor.py:161} INFO - Processing /opt/airflow/dags/utils/Error.py took 0.354 seconds
[2023-01-09 17:28:52,599] {processor.py:153} INFO - Started process (PID=1386) to work on /opt/airflow/dags/utils/Error.py
[2023-01-09 17:28:52,602] {processor.py:641} INFO - Processing file /opt/airflow/dags/utils/Error.py for tasks to queue
[2023-01-09 17:28:52,605] {logging_mixin.py:115} INFO - [2023-01-09 17:28:52,605] {dagbag.py:508} INFO - Filling up the DagBag from /opt/airflow/dags/utils/Error.py
[2023-01-09 17:28:52,639] {processor.py:653} WARNING - No viable dags retrieved from /opt/airflow/dags/utils/Error.py
[2023-01-09 17:28:52,932] {processor.py:161} INFO - Processing /opt/airflow/dags/utils/Error.py took 0.351 seconds
[2023-01-09 17:29:23,217] {processor.py:153} INFO - Started process (PID=1497) to work on /opt/airflow/dags/utils/Error.py
[2023-01-09 17:29:23,220] {processor.py:641} INFO - Processing file /opt/airflow/dags/utils/Error.py for tasks to queue
[2023-01-09 17:29:23,222] {logging_mixin.py:115} INFO - [2023-01-09 17:29:23,222] {dagbag.py:508} INFO - Filling up the DagBag from /opt/airflow/dags/utils/Error.py
[2023-01-09 17:29:23,256] {processor.py:653} WARNING - No viable dags retrieved from /opt/airflow/dags/utils/Error.py
[2023-01-09 17:29:23,490] {processor.py:161} INFO - Processing /opt/airflow/dags/utils/Error.py took 0.285 seconds
[2023-01-09 17:29:54,305] {processor.py:153} INFO - Started process (PID=1608) to work on /opt/airflow/dags/utils/Error.py
[2023-01-09 17:29:54,308] {processor.py:641} INFO - Processing file /opt/airflow/dags/utils/Error.py for tasks to queue
[2023-01-09 17:29:54,311] {logging_mixin.py:115} INFO - [2023-01-09 17:29:54,310] {dagbag.py:508} INFO - Filling up the DagBag from /opt/airflow/dags/utils/Error.py
[2023-01-09 17:29:54,342] {processor.py:653} WARNING - No viable dags retrieved from /opt/airflow/dags/utils/Error.py
[2023-01-09 17:29:54,575] {processor.py:161} INFO - Processing /opt/airflow/dags/utils/Error.py took 0.280 seconds
[2023-01-09 17:30:24,869] {processor.py:153} INFO - Started process (PID=1720) to work on /opt/airflow/dags/utils/Error.py
[2023-01-09 17:30:24,872] {processor.py:641} INFO - Processing file /opt/airflow/dags/utils/Error.py for tasks to queue
[2023-01-09 17:30:24,874] {logging_mixin.py:115} INFO - [2023-01-09 17:30:24,874] {dagbag.py:508} INFO - Filling up the DagBag from /opt/airflow/dags/utils/Error.py
[2023-01-09 17:30:24,917] {processor.py:653} WARNING - No viable dags retrieved from /opt/airflow/dags/utils/Error.py
[2023-01-09 17:30:25,350] {processor.py:161} INFO - Processing /opt/airflow/dags/utils/Error.py took 0.493 seconds
[2023-01-09 17:30:55,684] {processor.py:153} INFO - Started process (PID=1831) to work on /opt/airflow/dags/utils/Error.py
[2023-01-09 17:30:55,686] {processor.py:641} INFO - Processing file /opt/airflow/dags/utils/Error.py for tasks to queue
[2023-01-09 17:30:55,689] {logging_mixin.py:115} INFO - [2023-01-09 17:30:55,688] {dagbag.py:508} INFO - Filling up the DagBag from /opt/airflow/dags/utils/Error.py
[2023-01-09 17:30:55,718] {processor.py:653} WARNING - No viable dags retrieved from /opt/airflow/dags/utils/Error.py
[2023-01-09 17:30:56,097] {processor.py:161} INFO - Processing /opt/airflow/dags/utils/Error.py took 0.422 seconds
[2023-01-09 17:31:26,446] {processor.py:153} INFO - Started process (PID=1939) to work on /opt/airflow/dags/utils/Error.py
[2023-01-09 17:31:26,450] {processor.py:641} INFO - Processing file /opt/airflow/dags/utils/Error.py for tasks to queue
[2023-01-09 17:31:26,452] {logging_mixin.py:115} INFO - [2023-01-09 17:31:26,452] {dagbag.py:508} INFO - Filling up the DagBag from /opt/airflow/dags/utils/Error.py
[2023-01-09 17:31:26,489] {processor.py:653} WARNING - No viable dags retrieved from /opt/airflow/dags/utils/Error.py
[2023-01-09 17:31:26,740] {processor.py:161} INFO - Processing /opt/airflow/dags/utils/Error.py took 0.304 seconds
[2023-01-09 17:31:57,003] {processor.py:153} INFO - Started process (PID=2051) to work on /opt/airflow/dags/utils/Error.py
[2023-01-09 17:31:57,006] {processor.py:641} INFO - Processing file /opt/airflow/dags/utils/Error.py for tasks to queue
[2023-01-09 17:31:57,010] {logging_mixin.py:115} INFO - [2023-01-09 17:31:57,009] {dagbag.py:508} INFO - Filling up the DagBag from /opt/airflow/dags/utils/Error.py
[2023-01-09 17:31:57,036] {processor.py:653} WARNING - No viable dags retrieved from /opt/airflow/dags/utils/Error.py
[2023-01-09 17:31:57,232] {processor.py:161} INFO - Processing /opt/airflow/dags/utils/Error.py took 0.238 seconds
[2023-01-09 17:32:28,562] {processor.py:153} INFO - Started process (PID=2152) to work on /opt/airflow/dags/utils/Error.py
[2023-01-09 17:32:28,564] {processor.py:641} INFO - Processing file /opt/airflow/dags/utils/Error.py for tasks to queue
[2023-01-09 17:32:28,566] {logging_mixin.py:115} INFO - [2023-01-09 17:32:28,566] {dagbag.py:508} INFO - Filling up the DagBag from /opt/airflow/dags/utils/Error.py
[2023-01-09 17:32:28,592] {processor.py:653} WARNING - No viable dags retrieved from /opt/airflow/dags/utils/Error.py
[2023-01-09 17:32:28,790] {processor.py:161} INFO - Processing /opt/airflow/dags/utils/Error.py took 0.236 seconds
[2023-01-09 17:32:58,946] {processor.py:153} INFO - Started process (PID=2261) to work on /opt/airflow/dags/utils/Error.py
[2023-01-09 17:32:58,948] {processor.py:641} INFO - Processing file /opt/airflow/dags/utils/Error.py for tasks to queue
[2023-01-09 17:32:58,950] {logging_mixin.py:115} INFO - [2023-01-09 17:32:58,949] {dagbag.py:508} INFO - Filling up the DagBag from /opt/airflow/dags/utils/Error.py
[2023-01-09 17:32:58,977] {processor.py:653} WARNING - No viable dags retrieved from /opt/airflow/dags/utils/Error.py
[2023-01-09 17:32:59,004] {processor.py:161} INFO - Processing /opt/airflow/dags/utils/Error.py took 0.068 seconds
[2023-01-09 17:33:30,051] {processor.py:153} INFO - Started process (PID=2360) to work on /opt/airflow/dags/utils/Error.py
[2023-01-09 17:33:30,053] {processor.py:641} INFO - Processing file /opt/airflow/dags/utils/Error.py for tasks to queue
[2023-01-09 17:33:30,055] {logging_mixin.py:115} INFO - [2023-01-09 17:33:30,055] {dagbag.py:508} INFO - Filling up the DagBag from /opt/airflow/dags/utils/Error.py
[2023-01-09 17:33:30,087] {processor.py:653} WARNING - No viable dags retrieved from /opt/airflow/dags/utils/Error.py
[2023-01-09 17:33:30,117] {processor.py:161} INFO - Processing /opt/airflow/dags/utils/Error.py took 0.074 seconds
[2023-01-09 17:34:01,633] {processor.py:153} INFO - Started process (PID=2465) to work on /opt/airflow/dags/utils/Error.py
[2023-01-09 17:34:01,635] {processor.py:641} INFO - Processing file /opt/airflow/dags/utils/Error.py for tasks to queue
[2023-01-09 17:34:01,637] {logging_mixin.py:115} INFO - [2023-01-09 17:34:01,637] {dagbag.py:508} INFO - Filling up the DagBag from /opt/airflow/dags/utils/Error.py
[2023-01-09 17:34:01,671] {processor.py:653} WARNING - No viable dags retrieved from /opt/airflow/dags/utils/Error.py
[2023-01-09 17:34:01,726] {processor.py:161} INFO - Processing /opt/airflow/dags/utils/Error.py took 0.102 seconds
[2023-01-09 17:34:32,185] {processor.py:153} INFO - Started process (PID=2572) to work on /opt/airflow/dags/utils/Error.py
[2023-01-09 17:34:32,187] {processor.py:641} INFO - Processing file /opt/airflow/dags/utils/Error.py for tasks to queue
[2023-01-09 17:34:32,189] {logging_mixin.py:115} INFO - [2023-01-09 17:34:32,189] {dagbag.py:508} INFO - Filling up the DagBag from /opt/airflow/dags/utils/Error.py
[2023-01-09 17:34:32,222] {processor.py:653} WARNING - No viable dags retrieved from /opt/airflow/dags/utils/Error.py
[2023-01-09 17:34:32,264] {processor.py:161} INFO - Processing /opt/airflow/dags/utils/Error.py took 0.088 seconds
