[2023-01-26 16:31:53,729] {taskinstance.py:1179} INFO - Dependencies all met for <TaskInstance: jla-psp-paymentech-load.get_load_run_date manual__2023-01-26T16:31:38.393014+00:00 [queued]>
[2023-01-26 16:31:53,766] {taskinstance.py:1179} INFO - Dependencies all met for <TaskInstance: jla-psp-paymentech-load.get_load_run_date manual__2023-01-26T16:31:38.393014+00:00 [queued]>
[2023-01-26 16:31:53,768] {taskinstance.py:1376} INFO - 
--------------------------------------------------------------------------------
[2023-01-26 16:31:53,769] {taskinstance.py:1377} INFO - Starting attempt 1 of 1
[2023-01-26 16:31:53,769] {taskinstance.py:1378} INFO - 
--------------------------------------------------------------------------------
[2023-01-26 16:31:53,842] {taskinstance.py:1397} INFO - Executing <Task(PythonOperator): get_load_run_date> on 2023-01-26 16:31:38.393014+00:00
[2023-01-26 16:31:53,869] {standard_task_runner.py:52} INFO - Started process 921 to run task
[2023-01-26 16:31:53,881] {standard_task_runner.py:79} INFO - Running: ['***', 'tasks', 'run', 'jla-psp-paymentech-load', 'get_load_run_date', 'manual__2023-01-26T16:31:38.393014+00:00', '--job-id', '213', '--raw', '--subdir', 'DAGS_FOLDER/jla-psp-paymentech-load.py', '--cfg-path', '/tmp/tmpas7bea6f', '--error-file', '/tmp/tmpzprw6g6z']
[2023-01-26 16:31:53,885] {standard_task_runner.py:80} INFO - Job 213: Subtask get_load_run_date
[2023-01-26 16:31:54,238] {task_command.py:371} INFO - Running <TaskInstance: jla-psp-paymentech-load.get_load_run_date manual__2023-01-26T16:31:38.393014+00:00 [running]> on host a8cd24867728
[2023-01-26 16:31:54,732] {taskinstance.py:1591} INFO - Exporting the following env vars:
AIRFLOW_CTX_DAG_EMAIL=barobinson@groupon.com
AIRFLOW_CTX_DAG_OWNER=FSA
AIRFLOW_CTX_DAG_ID=jla-psp-paymentech-load
AIRFLOW_CTX_TASK_ID=get_load_run_date
AIRFLOW_CTX_EXECUTION_DATE=2023-01-26T16:31:38.393014+00:00
AIRFLOW_CTX_TRY_NUMBER=1
AIRFLOW_CTX_DAG_RUN_ID=manual__2023-01-26T16:31:38.393014+00:00
[2023-01-26 16:31:54,783] {python.py:173} INFO - Done. Returned value was: None
[2023-01-26 16:31:54,833] {taskinstance.py:1420} INFO - Marking task as SUCCESS. dag_id=jla-psp-paymentech-load, task_id=get_load_run_date, execution_date=20230126T163138, start_date=20230126T163153, end_date=20230126T163154
[2023-01-26 16:31:54,907] {local_task_job.py:156} INFO - Task exited with return code 0
[2023-01-26 16:31:55,224] {local_task_job.py:273} INFO - 1 downstream tasks scheduled from follow-on schedule check
