[2023-01-26 16:06:36,149] {taskinstance.py:1179} INFO - Dependencies all met for <TaskInstance: jla-psp-paymentech-load.get_load_run_date manual__2023-01-26T16:06:19.954611+00:00 [queued]>
[2023-01-26 16:06:36,239] {taskinstance.py:1179} INFO - Dependencies all met for <TaskInstance: jla-psp-paymentech-load.get_load_run_date manual__2023-01-26T16:06:19.954611+00:00 [queued]>
[2023-01-26 16:06:36,240] {taskinstance.py:1376} INFO - 
--------------------------------------------------------------------------------
[2023-01-26 16:06:36,242] {taskinstance.py:1377} INFO - Starting attempt 1 of 1
[2023-01-26 16:06:36,243] {taskinstance.py:1378} INFO - 
--------------------------------------------------------------------------------
[2023-01-26 16:06:36,386] {taskinstance.py:1397} INFO - Executing <Task(PythonOperator): get_load_run_date> on 2023-01-26 16:06:19.954611+00:00
[2023-01-26 16:06:36,415] {standard_task_runner.py:52} INFO - Started process 22015 to run task
[2023-01-26 16:06:36,440] {standard_task_runner.py:79} INFO - Running: ['***', 'tasks', 'run', 'jla-psp-paymentech-load', 'get_load_run_date', 'manual__2023-01-26T16:06:19.954611+00:00', '--job-id', '209', '--raw', '--subdir', 'DAGS_FOLDER/jla-psp-paymentech-load.py', '--cfg-path', '/tmp/tmp6por69w8', '--error-file', '/tmp/tmpnkiqx96s']
[2023-01-26 16:06:36,444] {standard_task_runner.py:80} INFO - Job 209: Subtask get_load_run_date
[2023-01-26 16:06:36,958] {task_command.py:371} INFO - Running <TaskInstance: jla-psp-paymentech-load.get_load_run_date manual__2023-01-26T16:06:19.954611+00:00 [running]> on host 3d21fd43a943
[2023-01-26 16:06:37,885] {taskinstance.py:1591} INFO - Exporting the following env vars:
AIRFLOW_CTX_DAG_EMAIL=barobinson@groupon.com
AIRFLOW_CTX_DAG_OWNER=FSA
AIRFLOW_CTX_DAG_ID=jla-psp-paymentech-load
AIRFLOW_CTX_TASK_ID=get_load_run_date
AIRFLOW_CTX_EXECUTION_DATE=2023-01-26T16:06:19.954611+00:00
AIRFLOW_CTX_TRY_NUMBER=1
AIRFLOW_CTX_DAG_RUN_ID=manual__2023-01-26T16:06:19.954611+00:00
[2023-01-26 16:06:37,931] {python.py:173} INFO - Done. Returned value was: None
[2023-01-26 16:06:37,986] {taskinstance.py:1420} INFO - Marking task as SUCCESS. dag_id=jla-psp-paymentech-load, task_id=get_load_run_date, execution_date=20230126T160619, start_date=20230126T160636, end_date=20230126T160637
[2023-01-26 16:06:38,078] {local_task_job.py:156} INFO - Task exited with return code 0
[2023-01-26 16:06:38,399] {local_task_job.py:273} INFO - 1 downstream tasks scheduled from follow-on schedule check
