[2023-01-25 22:25:09,090] {processor.py:153} INFO - Started process (PID=132) to work on /opt/airflow/dags/utils/Error.py
[2023-01-25 22:25:09,093] {processor.py:641} INFO - Processing file /opt/airflow/dags/utils/Error.py for tasks to queue
[2023-01-25 22:25:09,097] {logging_mixin.py:115} INFO - [2023-01-25 22:25:09,097] {dagbag.py:508} INFO - Filling up the DagBag from /opt/airflow/dags/utils/Error.py
[2023-01-25 22:25:09,171] {processor.py:653} WARNING - No viable dags retrieved from /opt/airflow/dags/utils/Error.py
[2023-01-25 22:25:09,248] {processor.py:161} INFO - Processing /opt/airflow/dags/utils/Error.py took 0.170 seconds
[2023-01-25 22:25:39,343] {processor.py:153} INFO - Started process (PID=241) to work on /opt/airflow/dags/utils/Error.py
[2023-01-25 22:25:39,346] {processor.py:641} INFO - Processing file /opt/airflow/dags/utils/Error.py for tasks to queue
[2023-01-25 22:25:39,349] {logging_mixin.py:115} INFO - [2023-01-25 22:25:39,349] {dagbag.py:508} INFO - Filling up the DagBag from /opt/airflow/dags/utils/Error.py
[2023-01-25 22:25:39,400] {processor.py:653} WARNING - No viable dags retrieved from /opt/airflow/dags/utils/Error.py
[2023-01-25 22:25:39,454] {processor.py:161} INFO - Processing /opt/airflow/dags/utils/Error.py took 0.131 seconds
[2023-01-25 22:26:10,323] {processor.py:153} INFO - Started process (PID=354) to work on /opt/airflow/dags/utils/Error.py
[2023-01-25 22:26:10,325] {processor.py:641} INFO - Processing file /opt/airflow/dags/utils/Error.py for tasks to queue
[2023-01-25 22:26:10,327] {logging_mixin.py:115} INFO - [2023-01-25 22:26:10,327] {dagbag.py:508} INFO - Filling up the DagBag from /opt/airflow/dags/utils/Error.py
[2023-01-25 22:26:10,369] {processor.py:653} WARNING - No viable dags retrieved from /opt/airflow/dags/utils/Error.py
[2023-01-25 22:26:10,404] {processor.py:161} INFO - Processing /opt/airflow/dags/utils/Error.py took 0.091 seconds
[2023-01-25 22:26:41,187] {processor.py:153} INFO - Started process (PID=468) to work on /opt/airflow/dags/utils/Error.py
[2023-01-25 22:26:41,190] {processor.py:641} INFO - Processing file /opt/airflow/dags/utils/Error.py for tasks to queue
[2023-01-25 22:26:41,193] {logging_mixin.py:115} INFO - [2023-01-25 22:26:41,192] {dagbag.py:508} INFO - Filling up the DagBag from /opt/airflow/dags/utils/Error.py
[2023-01-25 22:26:41,238] {processor.py:653} WARNING - No viable dags retrieved from /opt/airflow/dags/utils/Error.py
[2023-01-25 22:26:41,271] {processor.py:161} INFO - Processing /opt/airflow/dags/utils/Error.py took 0.097 seconds
[2023-01-25 22:27:12,156] {processor.py:153} INFO - Started process (PID=582) to work on /opt/airflow/dags/utils/Error.py
[2023-01-25 22:27:12,160] {processor.py:641} INFO - Processing file /opt/airflow/dags/utils/Error.py for tasks to queue
[2023-01-25 22:27:12,163] {logging_mixin.py:115} INFO - [2023-01-25 22:27:12,162] {dagbag.py:508} INFO - Filling up the DagBag from /opt/airflow/dags/utils/Error.py
[2023-01-25 22:27:12,216] {processor.py:653} WARNING - No viable dags retrieved from /opt/airflow/dags/utils/Error.py
[2023-01-25 22:27:12,249] {processor.py:161} INFO - Processing /opt/airflow/dags/utils/Error.py took 0.109 seconds
[2023-01-25 22:27:42,782] {processor.py:153} INFO - Started process (PID=697) to work on /opt/airflow/dags/utils/Error.py
[2023-01-25 22:27:42,784] {processor.py:641} INFO - Processing file /opt/airflow/dags/utils/Error.py for tasks to queue
[2023-01-25 22:27:42,787] {logging_mixin.py:115} INFO - [2023-01-25 22:27:42,786] {dagbag.py:508} INFO - Filling up the DagBag from /opt/airflow/dags/utils/Error.py
[2023-01-25 22:27:42,820] {processor.py:653} WARNING - No viable dags retrieved from /opt/airflow/dags/utils/Error.py
[2023-01-25 22:27:42,850] {processor.py:161} INFO - Processing /opt/airflow/dags/utils/Error.py took 0.077 seconds
[2023-01-25 22:28:13,018] {processor.py:153} INFO - Started process (PID=811) to work on /opt/airflow/dags/utils/Error.py
[2023-01-25 22:28:13,020] {processor.py:641} INFO - Processing file /opt/airflow/dags/utils/Error.py for tasks to queue
[2023-01-25 22:28:13,023] {logging_mixin.py:115} INFO - [2023-01-25 22:28:13,022] {dagbag.py:508} INFO - Filling up the DagBag from /opt/airflow/dags/utils/Error.py
[2023-01-25 22:28:13,064] {processor.py:653} WARNING - No viable dags retrieved from /opt/airflow/dags/utils/Error.py
[2023-01-25 22:28:13,098] {processor.py:161} INFO - Processing /opt/airflow/dags/utils/Error.py took 0.092 seconds
[2023-01-25 22:28:43,596] {processor.py:153} INFO - Started process (PID=925) to work on /opt/airflow/dags/utils/Error.py
[2023-01-25 22:28:43,599] {processor.py:641} INFO - Processing file /opt/airflow/dags/utils/Error.py for tasks to queue
[2023-01-25 22:28:43,601] {logging_mixin.py:115} INFO - [2023-01-25 22:28:43,601] {dagbag.py:508} INFO - Filling up the DagBag from /opt/airflow/dags/utils/Error.py
[2023-01-25 22:28:43,637] {processor.py:653} WARNING - No viable dags retrieved from /opt/airflow/dags/utils/Error.py
[2023-01-25 22:28:43,670] {processor.py:161} INFO - Processing /opt/airflow/dags/utils/Error.py took 0.082 seconds
[2023-01-25 22:29:14,768] {processor.py:153} INFO - Started process (PID=1039) to work on /opt/airflow/dags/utils/Error.py
[2023-01-25 22:29:14,770] {processor.py:641} INFO - Processing file /opt/airflow/dags/utils/Error.py for tasks to queue
[2023-01-25 22:29:14,772] {logging_mixin.py:115} INFO - [2023-01-25 22:29:14,772] {dagbag.py:508} INFO - Filling up the DagBag from /opt/airflow/dags/utils/Error.py
[2023-01-25 22:29:14,807] {processor.py:653} WARNING - No viable dags retrieved from /opt/airflow/dags/utils/Error.py
[2023-01-25 22:29:14,840] {processor.py:161} INFO - Processing /opt/airflow/dags/utils/Error.py took 0.080 seconds
[2023-01-25 22:29:45,912] {processor.py:153} INFO - Started process (PID=1141) to work on /opt/airflow/dags/utils/Error.py
[2023-01-25 22:29:45,914] {processor.py:641} INFO - Processing file /opt/airflow/dags/utils/Error.py for tasks to queue
[2023-01-25 22:29:45,917] {logging_mixin.py:115} INFO - [2023-01-25 22:29:45,916] {dagbag.py:508} INFO - Filling up the DagBag from /opt/airflow/dags/utils/Error.py
[2023-01-25 22:29:45,951] {processor.py:653} WARNING - No viable dags retrieved from /opt/airflow/dags/utils/Error.py
[2023-01-25 22:29:45,978] {processor.py:161} INFO - Processing /opt/airflow/dags/utils/Error.py took 0.074 seconds
[2023-01-25 22:30:17,057] {processor.py:153} INFO - Started process (PID=1242) to work on /opt/airflow/dags/utils/Error.py
[2023-01-25 22:30:17,059] {processor.py:641} INFO - Processing file /opt/airflow/dags/utils/Error.py for tasks to queue
[2023-01-25 22:30:17,061] {logging_mixin.py:115} INFO - [2023-01-25 22:30:17,061] {dagbag.py:508} INFO - Filling up the DagBag from /opt/airflow/dags/utils/Error.py
[2023-01-25 22:30:17,089] {processor.py:653} WARNING - No viable dags retrieved from /opt/airflow/dags/utils/Error.py
[2023-01-25 22:30:17,319] {processor.py:161} INFO - Processing /opt/airflow/dags/utils/Error.py took 0.272 seconds
[2023-01-25 22:30:47,694] {processor.py:153} INFO - Started process (PID=1348) to work on /opt/airflow/dags/utils/Error.py
[2023-01-25 22:30:47,696] {processor.py:641} INFO - Processing file /opt/airflow/dags/utils/Error.py for tasks to queue
[2023-01-25 22:30:47,698] {logging_mixin.py:115} INFO - [2023-01-25 22:30:47,698] {dagbag.py:508} INFO - Filling up the DagBag from /opt/airflow/dags/utils/Error.py
[2023-01-25 22:30:47,724] {processor.py:653} WARNING - No viable dags retrieved from /opt/airflow/dags/utils/Error.py
[2023-01-25 22:30:47,921] {processor.py:161} INFO - Processing /opt/airflow/dags/utils/Error.py took 0.237 seconds
[2023-01-25 22:31:18,075] {processor.py:153} INFO - Started process (PID=1456) to work on /opt/airflow/dags/utils/Error.py
[2023-01-25 22:31:18,078] {processor.py:641} INFO - Processing file /opt/airflow/dags/utils/Error.py for tasks to queue
[2023-01-25 22:31:18,088] {logging_mixin.py:115} INFO - [2023-01-25 22:31:18,087] {dagbag.py:508} INFO - Filling up the DagBag from /opt/airflow/dags/utils/Error.py
[2023-01-25 22:31:18,116] {processor.py:653} WARNING - No viable dags retrieved from /opt/airflow/dags/utils/Error.py
[2023-01-25 22:31:18,339] {processor.py:161} INFO - Processing /opt/airflow/dags/utils/Error.py took 0.273 seconds
[2023-01-25 22:31:48,977] {processor.py:153} INFO - Started process (PID=1567) to work on /opt/airflow/dags/utils/Error.py
[2023-01-25 22:31:48,979] {processor.py:641} INFO - Processing file /opt/airflow/dags/utils/Error.py for tasks to queue
[2023-01-25 22:31:48,982] {logging_mixin.py:115} INFO - [2023-01-25 22:31:48,982] {dagbag.py:508} INFO - Filling up the DagBag from /opt/airflow/dags/utils/Error.py
[2023-01-25 22:31:49,010] {processor.py:653} WARNING - No viable dags retrieved from /opt/airflow/dags/utils/Error.py
[2023-01-25 22:31:49,216] {processor.py:161} INFO - Processing /opt/airflow/dags/utils/Error.py took 0.247 seconds
[2023-01-25 22:32:20,640] {processor.py:153} INFO - Started process (PID=1681) to work on /opt/airflow/dags/utils/Error.py
[2023-01-25 22:32:20,642] {processor.py:641} INFO - Processing file /opt/airflow/dags/utils/Error.py for tasks to queue
[2023-01-25 22:32:20,649] {logging_mixin.py:115} INFO - [2023-01-25 22:32:20,649] {dagbag.py:508} INFO - Filling up the DagBag from /opt/airflow/dags/utils/Error.py
[2023-01-25 22:32:20,682] {processor.py:653} WARNING - No viable dags retrieved from /opt/airflow/dags/utils/Error.py
[2023-01-25 22:32:20,958] {processor.py:161} INFO - Processing /opt/airflow/dags/utils/Error.py took 0.328 seconds
[2023-01-25 22:32:51,645] {processor.py:153} INFO - Started process (PID=1791) to work on /opt/airflow/dags/utils/Error.py
[2023-01-25 22:32:51,647] {processor.py:641} INFO - Processing file /opt/airflow/dags/utils/Error.py for tasks to queue
[2023-01-25 22:32:51,650] {logging_mixin.py:115} INFO - [2023-01-25 22:32:51,650] {dagbag.py:508} INFO - Filling up the DagBag from /opt/airflow/dags/utils/Error.py
[2023-01-25 22:32:51,685] {processor.py:653} WARNING - No viable dags retrieved from /opt/airflow/dags/utils/Error.py
[2023-01-25 22:32:51,909] {processor.py:161} INFO - Processing /opt/airflow/dags/utils/Error.py took 0.275 seconds
[2023-01-25 22:33:22,779] {processor.py:153} INFO - Started process (PID=1900) to work on /opt/airflow/dags/utils/Error.py
[2023-01-25 22:33:22,781] {processor.py:641} INFO - Processing file /opt/airflow/dags/utils/Error.py for tasks to queue
[2023-01-25 22:33:22,784] {logging_mixin.py:115} INFO - [2023-01-25 22:33:22,784] {dagbag.py:508} INFO - Filling up the DagBag from /opt/airflow/dags/utils/Error.py
[2023-01-25 22:33:22,814] {processor.py:653} WARNING - No viable dags retrieved from /opt/airflow/dags/utils/Error.py
[2023-01-25 22:33:23,066] {processor.py:161} INFO - Processing /opt/airflow/dags/utils/Error.py took 0.295 seconds
[2023-01-25 22:33:53,307] {processor.py:153} INFO - Started process (PID=1996) to work on /opt/airflow/dags/utils/Error.py
[2023-01-25 22:33:53,310] {processor.py:641} INFO - Processing file /opt/airflow/dags/utils/Error.py for tasks to queue
[2023-01-25 22:33:53,312] {logging_mixin.py:115} INFO - [2023-01-25 22:33:53,312] {dagbag.py:508} INFO - Filling up the DagBag from /opt/airflow/dags/utils/Error.py
[2023-01-25 22:33:53,344] {processor.py:653} WARNING - No viable dags retrieved from /opt/airflow/dags/utils/Error.py
[2023-01-25 22:33:53,560] {processor.py:161} INFO - Processing /opt/airflow/dags/utils/Error.py took 0.265 seconds
[2023-01-25 22:34:24,118] {processor.py:153} INFO - Started process (PID=2112) to work on /opt/airflow/dags/utils/Error.py
[2023-01-25 22:34:24,120] {processor.py:641} INFO - Processing file /opt/airflow/dags/utils/Error.py for tasks to queue
[2023-01-25 22:34:24,123] {logging_mixin.py:115} INFO - [2023-01-25 22:34:24,123] {dagbag.py:508} INFO - Filling up the DagBag from /opt/airflow/dags/utils/Error.py
[2023-01-25 22:34:24,163] {processor.py:653} WARNING - No viable dags retrieved from /opt/airflow/dags/utils/Error.py
[2023-01-25 22:34:24,396] {processor.py:161} INFO - Processing /opt/airflow/dags/utils/Error.py took 0.287 seconds
[2023-01-25 22:34:54,554] {processor.py:153} INFO - Started process (PID=2226) to work on /opt/airflow/dags/utils/Error.py
[2023-01-25 22:34:54,557] {processor.py:641} INFO - Processing file /opt/airflow/dags/utils/Error.py for tasks to queue
[2023-01-25 22:34:54,559] {logging_mixin.py:115} INFO - [2023-01-25 22:34:54,559] {dagbag.py:508} INFO - Filling up the DagBag from /opt/airflow/dags/utils/Error.py
[2023-01-25 22:34:54,587] {processor.py:653} WARNING - No viable dags retrieved from /opt/airflow/dags/utils/Error.py
[2023-01-25 22:34:54,796] {processor.py:161} INFO - Processing /opt/airflow/dags/utils/Error.py took 0.248 seconds
[2023-01-25 22:35:25,138] {processor.py:153} INFO - Started process (PID=2336) to work on /opt/airflow/dags/utils/Error.py
[2023-01-25 22:35:25,140] {processor.py:641} INFO - Processing file /opt/airflow/dags/utils/Error.py for tasks to queue
[2023-01-25 22:35:25,142] {logging_mixin.py:115} INFO - [2023-01-25 22:35:25,142] {dagbag.py:508} INFO - Filling up the DagBag from /opt/airflow/dags/utils/Error.py
[2023-01-25 22:35:25,167] {processor.py:653} WARNING - No viable dags retrieved from /opt/airflow/dags/utils/Error.py
[2023-01-25 22:35:25,197] {processor.py:161} INFO - Processing /opt/airflow/dags/utils/Error.py took 0.068 seconds
[2023-01-25 22:35:55,288] {processor.py:153} INFO - Started process (PID=2442) to work on /opt/airflow/dags/utils/Error.py
[2023-01-25 22:35:55,290] {processor.py:641} INFO - Processing file /opt/airflow/dags/utils/Error.py for tasks to queue
[2023-01-25 22:35:55,293] {logging_mixin.py:115} INFO - [2023-01-25 22:35:55,292] {dagbag.py:508} INFO - Filling up the DagBag from /opt/airflow/dags/utils/Error.py
[2023-01-25 22:35:55,321] {processor.py:653} WARNING - No viable dags retrieved from /opt/airflow/dags/utils/Error.py
[2023-01-25 22:35:55,356] {processor.py:161} INFO - Processing /opt/airflow/dags/utils/Error.py took 0.078 seconds
[2023-01-25 22:36:25,674] {processor.py:153} INFO - Started process (PID=2554) to work on /opt/airflow/dags/utils/Error.py
[2023-01-25 22:36:25,677] {processor.py:641} INFO - Processing file /opt/airflow/dags/utils/Error.py for tasks to queue
[2023-01-25 22:36:25,680] {logging_mixin.py:115} INFO - [2023-01-25 22:36:25,679] {dagbag.py:508} INFO - Filling up the DagBag from /opt/airflow/dags/utils/Error.py
[2023-01-25 22:36:25,711] {processor.py:653} WARNING - No viable dags retrieved from /opt/airflow/dags/utils/Error.py
[2023-01-25 22:36:25,747] {processor.py:161} INFO - Processing /opt/airflow/dags/utils/Error.py took 0.082 seconds
[2023-01-25 22:36:56,155] {processor.py:153} INFO - Started process (PID=2664) to work on /opt/airflow/dags/utils/Error.py
[2023-01-25 22:36:56,157] {processor.py:641} INFO - Processing file /opt/airflow/dags/utils/Error.py for tasks to queue
[2023-01-25 22:36:56,160] {logging_mixin.py:115} INFO - [2023-01-25 22:36:56,159] {dagbag.py:508} INFO - Filling up the DagBag from /opt/airflow/dags/utils/Error.py
[2023-01-25 22:36:56,188] {processor.py:653} WARNING - No viable dags retrieved from /opt/airflow/dags/utils/Error.py
[2023-01-25 22:36:56,221] {processor.py:161} INFO - Processing /opt/airflow/dags/utils/Error.py took 0.074 seconds
[2023-01-25 22:37:29,332] {processor.py:153} INFO - Started process (PID=2775) to work on /opt/airflow/dags/utils/Error.py
[2023-01-25 22:37:29,334] {processor.py:641} INFO - Processing file /opt/airflow/dags/utils/Error.py for tasks to queue
[2023-01-25 22:37:29,337] {logging_mixin.py:115} INFO - [2023-01-25 22:37:29,336] {dagbag.py:508} INFO - Filling up the DagBag from /opt/airflow/dags/utils/Error.py
[2023-01-25 22:37:29,363] {processor.py:653} WARNING - No viable dags retrieved from /opt/airflow/dags/utils/Error.py
[2023-01-25 22:37:29,394] {processor.py:161} INFO - Processing /opt/airflow/dags/utils/Error.py took 0.069 seconds
[2023-01-25 22:37:59,969] {processor.py:153} INFO - Started process (PID=2884) to work on /opt/airflow/dags/utils/Error.py
[2023-01-25 22:37:59,972] {processor.py:641} INFO - Processing file /opt/airflow/dags/utils/Error.py for tasks to queue
[2023-01-25 22:37:59,974] {logging_mixin.py:115} INFO - [2023-01-25 22:37:59,973] {dagbag.py:508} INFO - Filling up the DagBag from /opt/airflow/dags/utils/Error.py
[2023-01-25 22:38:00,006] {processor.py:653} WARNING - No viable dags retrieved from /opt/airflow/dags/utils/Error.py
[2023-01-25 22:38:00,050] {processor.py:161} INFO - Processing /opt/airflow/dags/utils/Error.py took 0.090 seconds
[2023-01-25 22:38:30,572] {processor.py:153} INFO - Started process (PID=2995) to work on /opt/airflow/dags/utils/Error.py
[2023-01-25 22:38:30,575] {processor.py:641} INFO - Processing file /opt/airflow/dags/utils/Error.py for tasks to queue
[2023-01-25 22:38:30,577] {logging_mixin.py:115} INFO - [2023-01-25 22:38:30,577] {dagbag.py:508} INFO - Filling up the DagBag from /opt/airflow/dags/utils/Error.py
[2023-01-25 22:38:30,608] {processor.py:653} WARNING - No viable dags retrieved from /opt/airflow/dags/utils/Error.py
[2023-01-25 22:38:30,640] {processor.py:161} INFO - Processing /opt/airflow/dags/utils/Error.py took 0.079 seconds
[2023-01-25 22:39:00,793] {processor.py:153} INFO - Started process (PID=3110) to work on /opt/airflow/dags/utils/Error.py
[2023-01-25 22:39:00,795] {processor.py:641} INFO - Processing file /opt/airflow/dags/utils/Error.py for tasks to queue
[2023-01-25 22:39:00,798] {logging_mixin.py:115} INFO - [2023-01-25 22:39:00,797] {dagbag.py:508} INFO - Filling up the DagBag from /opt/airflow/dags/utils/Error.py
[2023-01-25 22:39:00,833] {processor.py:653} WARNING - No viable dags retrieved from /opt/airflow/dags/utils/Error.py
[2023-01-25 22:39:00,870] {processor.py:161} INFO - Processing /opt/airflow/dags/utils/Error.py took 0.088 seconds
[2023-01-25 22:39:31,128] {processor.py:153} INFO - Started process (PID=3224) to work on /opt/airflow/dags/utils/Error.py
[2023-01-25 22:39:31,130] {processor.py:641} INFO - Processing file /opt/airflow/dags/utils/Error.py for tasks to queue
[2023-01-25 22:39:31,132] {logging_mixin.py:115} INFO - [2023-01-25 22:39:31,132] {dagbag.py:508} INFO - Filling up the DagBag from /opt/airflow/dags/utils/Error.py
[2023-01-25 22:39:31,166] {processor.py:653} WARNING - No viable dags retrieved from /opt/airflow/dags/utils/Error.py
[2023-01-25 22:39:31,198] {processor.py:161} INFO - Processing /opt/airflow/dags/utils/Error.py took 0.078 seconds
[2023-01-25 22:40:01,682] {processor.py:153} INFO - Started process (PID=3337) to work on /opt/airflow/dags/utils/Error.py
[2023-01-25 22:40:01,684] {processor.py:641} INFO - Processing file /opt/airflow/dags/utils/Error.py for tasks to queue
[2023-01-25 22:40:01,686] {logging_mixin.py:115} INFO - [2023-01-25 22:40:01,686] {dagbag.py:508} INFO - Filling up the DagBag from /opt/airflow/dags/utils/Error.py
[2023-01-25 22:40:01,717] {processor.py:653} WARNING - No viable dags retrieved from /opt/airflow/dags/utils/Error.py
[2023-01-25 22:40:01,749] {processor.py:161} INFO - Processing /opt/airflow/dags/utils/Error.py took 0.076 seconds
[2023-01-25 22:40:32,174] {processor.py:153} INFO - Started process (PID=3451) to work on /opt/airflow/dags/utils/Error.py
[2023-01-25 22:40:32,177] {processor.py:641} INFO - Processing file /opt/airflow/dags/utils/Error.py for tasks to queue
[2023-01-25 22:40:32,179] {logging_mixin.py:115} INFO - [2023-01-25 22:40:32,179] {dagbag.py:508} INFO - Filling up the DagBag from /opt/airflow/dags/utils/Error.py
[2023-01-25 22:40:32,203] {processor.py:653} WARNING - No viable dags retrieved from /opt/airflow/dags/utils/Error.py
[2023-01-25 22:40:32,233] {processor.py:161} INFO - Processing /opt/airflow/dags/utils/Error.py took 0.067 seconds
[2023-01-25 22:41:02,705] {processor.py:153} INFO - Started process (PID=3566) to work on /opt/airflow/dags/utils/Error.py
[2023-01-25 22:41:02,707] {processor.py:641} INFO - Processing file /opt/airflow/dags/utils/Error.py for tasks to queue
[2023-01-25 22:41:02,709] {logging_mixin.py:115} INFO - [2023-01-25 22:41:02,709] {dagbag.py:508} INFO - Filling up the DagBag from /opt/airflow/dags/utils/Error.py
[2023-01-25 22:41:02,744] {processor.py:653} WARNING - No viable dags retrieved from /opt/airflow/dags/utils/Error.py
[2023-01-25 22:41:02,779] {processor.py:161} INFO - Processing /opt/airflow/dags/utils/Error.py took 0.084 seconds
[2023-01-25 22:41:33,128] {processor.py:153} INFO - Started process (PID=3679) to work on /opt/airflow/dags/utils/Error.py
[2023-01-25 22:41:33,130] {processor.py:641} INFO - Processing file /opt/airflow/dags/utils/Error.py for tasks to queue
[2023-01-25 22:41:33,132] {logging_mixin.py:115} INFO - [2023-01-25 22:41:33,132] {dagbag.py:508} INFO - Filling up the DagBag from /opt/airflow/dags/utils/Error.py
[2023-01-25 22:41:33,156] {processor.py:653} WARNING - No viable dags retrieved from /opt/airflow/dags/utils/Error.py
[2023-01-25 22:41:33,187] {processor.py:161} INFO - Processing /opt/airflow/dags/utils/Error.py took 0.067 seconds
[2023-01-25 22:42:03,297] {processor.py:153} INFO - Started process (PID=3792) to work on /opt/airflow/dags/utils/Error.py
[2023-01-25 22:42:03,300] {processor.py:641} INFO - Processing file /opt/airflow/dags/utils/Error.py for tasks to queue
[2023-01-25 22:42:03,302] {logging_mixin.py:115} INFO - [2023-01-25 22:42:03,301] {dagbag.py:508} INFO - Filling up the DagBag from /opt/airflow/dags/utils/Error.py
[2023-01-25 22:42:03,328] {processor.py:653} WARNING - No viable dags retrieved from /opt/airflow/dags/utils/Error.py
[2023-01-25 22:42:03,361] {processor.py:161} INFO - Processing /opt/airflow/dags/utils/Error.py took 0.076 seconds
[2023-01-25 22:42:33,935] {processor.py:153} INFO - Started process (PID=3900) to work on /opt/airflow/dags/utils/Error.py
[2023-01-25 22:42:33,937] {processor.py:641} INFO - Processing file /opt/airflow/dags/utils/Error.py for tasks to queue
[2023-01-25 22:42:33,939] {logging_mixin.py:115} INFO - [2023-01-25 22:42:33,939] {dagbag.py:508} INFO - Filling up the DagBag from /opt/airflow/dags/utils/Error.py
[2023-01-25 22:42:33,968] {processor.py:653} WARNING - No viable dags retrieved from /opt/airflow/dags/utils/Error.py
[2023-01-25 22:42:34,002] {processor.py:161} INFO - Processing /opt/airflow/dags/utils/Error.py took 0.075 seconds
[2023-01-25 22:43:05,799] {processor.py:153} INFO - Started process (PID=4000) to work on /opt/airflow/dags/utils/Error.py
[2023-01-25 22:43:05,801] {processor.py:641} INFO - Processing file /opt/airflow/dags/utils/Error.py for tasks to queue
[2023-01-25 22:43:05,804] {logging_mixin.py:115} INFO - [2023-01-25 22:43:05,803] {dagbag.py:508} INFO - Filling up the DagBag from /opt/airflow/dags/utils/Error.py
[2023-01-25 22:43:05,839] {processor.py:653} WARNING - No viable dags retrieved from /opt/airflow/dags/utils/Error.py
[2023-01-25 22:43:05,874] {processor.py:161} INFO - Processing /opt/airflow/dags/utils/Error.py took 0.086 seconds
[2023-01-25 22:43:38,501] {processor.py:153} INFO - Started process (PID=4110) to work on /opt/airflow/dags/utils/Error.py
[2023-01-25 22:43:38,503] {processor.py:641} INFO - Processing file /opt/airflow/dags/utils/Error.py for tasks to queue
[2023-01-25 22:43:38,506] {logging_mixin.py:115} INFO - [2023-01-25 22:43:38,505] {dagbag.py:508} INFO - Filling up the DagBag from /opt/airflow/dags/utils/Error.py
[2023-01-25 22:43:38,534] {processor.py:653} WARNING - No viable dags retrieved from /opt/airflow/dags/utils/Error.py
[2023-01-25 22:43:38,566] {processor.py:161} INFO - Processing /opt/airflow/dags/utils/Error.py took 0.074 seconds
[2023-01-25 22:44:10,258] {processor.py:153} INFO - Started process (PID=4220) to work on /opt/airflow/dags/utils/Error.py
[2023-01-25 22:44:10,260] {processor.py:641} INFO - Processing file /opt/airflow/dags/utils/Error.py for tasks to queue
[2023-01-25 22:44:10,262] {logging_mixin.py:115} INFO - [2023-01-25 22:44:10,262] {dagbag.py:508} INFO - Filling up the DagBag from /opt/airflow/dags/utils/Error.py
[2023-01-25 22:44:10,292] {processor.py:653} WARNING - No viable dags retrieved from /opt/airflow/dags/utils/Error.py
[2023-01-25 22:44:10,321] {processor.py:161} INFO - Processing /opt/airflow/dags/utils/Error.py took 0.071 seconds
[2023-01-25 22:44:41,404] {processor.py:153} INFO - Started process (PID=4320) to work on /opt/airflow/dags/utils/Error.py
[2023-01-25 22:44:41,406] {processor.py:641} INFO - Processing file /opt/airflow/dags/utils/Error.py for tasks to queue
[2023-01-25 22:44:41,409] {logging_mixin.py:115} INFO - [2023-01-25 22:44:41,408] {dagbag.py:508} INFO - Filling up the DagBag from /opt/airflow/dags/utils/Error.py
[2023-01-25 22:44:41,433] {processor.py:653} WARNING - No viable dags retrieved from /opt/airflow/dags/utils/Error.py
[2023-01-25 22:44:41,461] {processor.py:161} INFO - Processing /opt/airflow/dags/utils/Error.py took 0.065 seconds
[2023-01-25 22:45:12,126] {processor.py:153} INFO - Started process (PID=4430) to work on /opt/airflow/dags/utils/Error.py
[2023-01-25 22:45:12,128] {processor.py:641} INFO - Processing file /opt/airflow/dags/utils/Error.py for tasks to queue
[2023-01-25 22:45:12,131] {logging_mixin.py:115} INFO - [2023-01-25 22:45:12,131] {dagbag.py:508} INFO - Filling up the DagBag from /opt/airflow/dags/utils/Error.py
[2023-01-25 22:45:12,161] {processor.py:653} WARNING - No viable dags retrieved from /opt/airflow/dags/utils/Error.py
[2023-01-25 22:45:12,194] {processor.py:161} INFO - Processing /opt/airflow/dags/utils/Error.py took 0.077 seconds
[2023-01-25 22:45:42,756] {processor.py:153} INFO - Started process (PID=4541) to work on /opt/airflow/dags/utils/Error.py
[2023-01-25 22:45:42,758] {processor.py:641} INFO - Processing file /opt/airflow/dags/utils/Error.py for tasks to queue
[2023-01-25 22:45:42,762] {logging_mixin.py:115} INFO - [2023-01-25 22:45:42,761] {dagbag.py:508} INFO - Filling up the DagBag from /opt/airflow/dags/utils/Error.py
[2023-01-25 22:45:42,789] {processor.py:653} WARNING - No viable dags retrieved from /opt/airflow/dags/utils/Error.py
[2023-01-25 22:45:42,819] {processor.py:161} INFO - Processing /opt/airflow/dags/utils/Error.py took 0.074 seconds
[2023-01-25 22:46:12,942] {processor.py:153} INFO - Started process (PID=4650) to work on /opt/airflow/dags/utils/Error.py
[2023-01-25 22:46:12,944] {processor.py:641} INFO - Processing file /opt/airflow/dags/utils/Error.py for tasks to queue
[2023-01-25 22:46:12,946] {logging_mixin.py:115} INFO - [2023-01-25 22:46:12,946] {dagbag.py:508} INFO - Filling up the DagBag from /opt/airflow/dags/utils/Error.py
[2023-01-25 22:46:12,974] {processor.py:653} WARNING - No viable dags retrieved from /opt/airflow/dags/utils/Error.py
[2023-01-25 22:46:13,007] {processor.py:161} INFO - Processing /opt/airflow/dags/utils/Error.py took 0.073 seconds
[2023-01-25 22:46:43,070] {processor.py:153} INFO - Started process (PID=4763) to work on /opt/airflow/dags/utils/Error.py
[2023-01-25 22:46:43,073] {processor.py:641} INFO - Processing file /opt/airflow/dags/utils/Error.py for tasks to queue
[2023-01-25 22:46:43,076] {logging_mixin.py:115} INFO - [2023-01-25 22:46:43,076] {dagbag.py:508} INFO - Filling up the DagBag from /opt/airflow/dags/utils/Error.py
[2023-01-25 22:46:43,111] {processor.py:653} WARNING - No viable dags retrieved from /opt/airflow/dags/utils/Error.py
[2023-01-25 22:46:43,157] {processor.py:161} INFO - Processing /opt/airflow/dags/utils/Error.py took 0.098 seconds
[2023-01-25 22:47:13,611] {processor.py:153} INFO - Started process (PID=4877) to work on /opt/airflow/dags/utils/Error.py
[2023-01-25 22:47:13,614] {processor.py:641} INFO - Processing file /opt/airflow/dags/utils/Error.py for tasks to queue
[2023-01-25 22:47:13,616] {logging_mixin.py:115} INFO - [2023-01-25 22:47:13,616] {dagbag.py:508} INFO - Filling up the DagBag from /opt/airflow/dags/utils/Error.py
[2023-01-25 22:47:13,645] {processor.py:653} WARNING - No viable dags retrieved from /opt/airflow/dags/utils/Error.py
[2023-01-25 22:47:13,678] {processor.py:161} INFO - Processing /opt/airflow/dags/utils/Error.py took 0.075 seconds
[2023-01-25 22:47:44,016] {processor.py:153} INFO - Started process (PID=4991) to work on /opt/airflow/dags/utils/Error.py
[2023-01-25 22:47:44,018] {processor.py:641} INFO - Processing file /opt/airflow/dags/utils/Error.py for tasks to queue
[2023-01-25 22:47:44,020] {logging_mixin.py:115} INFO - [2023-01-25 22:47:44,020] {dagbag.py:508} INFO - Filling up the DagBag from /opt/airflow/dags/utils/Error.py
[2023-01-25 22:47:44,049] {processor.py:653} WARNING - No viable dags retrieved from /opt/airflow/dags/utils/Error.py
[2023-01-25 22:47:44,084] {processor.py:161} INFO - Processing /opt/airflow/dags/utils/Error.py took 0.077 seconds
[2023-01-25 22:48:14,496] {processor.py:153} INFO - Started process (PID=5104) to work on /opt/airflow/dags/utils/Error.py
[2023-01-25 22:48:14,499] {processor.py:641} INFO - Processing file /opt/airflow/dags/utils/Error.py for tasks to queue
[2023-01-25 22:48:14,502] {logging_mixin.py:115} INFO - [2023-01-25 22:48:14,501] {dagbag.py:508} INFO - Filling up the DagBag from /opt/airflow/dags/utils/Error.py
[2023-01-25 22:48:14,537] {processor.py:653} WARNING - No viable dags retrieved from /opt/airflow/dags/utils/Error.py
[2023-01-25 22:48:14,592] {processor.py:161} INFO - Processing /opt/airflow/dags/utils/Error.py took 0.108 seconds
[2023-01-25 22:48:45,249] {processor.py:153} INFO - Started process (PID=5218) to work on /opt/airflow/dags/utils/Error.py
[2023-01-25 22:48:45,252] {processor.py:641} INFO - Processing file /opt/airflow/dags/utils/Error.py for tasks to queue
[2023-01-25 22:48:45,254] {logging_mixin.py:115} INFO - [2023-01-25 22:48:45,254] {dagbag.py:508} INFO - Filling up the DagBag from /opt/airflow/dags/utils/Error.py
[2023-01-25 22:48:45,280] {processor.py:653} WARNING - No viable dags retrieved from /opt/airflow/dags/utils/Error.py
[2023-01-25 22:48:45,311] {processor.py:161} INFO - Processing /opt/airflow/dags/utils/Error.py took 0.070 seconds
[2023-01-25 22:49:16,236] {processor.py:153} INFO - Started process (PID=5332) to work on /opt/airflow/dags/utils/Error.py
[2023-01-25 22:49:16,239] {processor.py:641} INFO - Processing file /opt/airflow/dags/utils/Error.py for tasks to queue
[2023-01-25 22:49:16,241] {logging_mixin.py:115} INFO - [2023-01-25 22:49:16,241] {dagbag.py:508} INFO - Filling up the DagBag from /opt/airflow/dags/utils/Error.py
[2023-01-25 22:49:16,271] {processor.py:653} WARNING - No viable dags retrieved from /opt/airflow/dags/utils/Error.py
[2023-01-25 22:49:16,308] {processor.py:161} INFO - Processing /opt/airflow/dags/utils/Error.py took 0.082 seconds
[2023-01-25 22:49:47,278] {processor.py:153} INFO - Started process (PID=5446) to work on /opt/airflow/dags/utils/Error.py
[2023-01-25 22:49:47,281] {processor.py:641} INFO - Processing file /opt/airflow/dags/utils/Error.py for tasks to queue
[2023-01-25 22:49:47,284] {logging_mixin.py:115} INFO - [2023-01-25 22:49:47,284] {dagbag.py:508} INFO - Filling up the DagBag from /opt/airflow/dags/utils/Error.py
[2023-01-25 22:49:47,321] {processor.py:653} WARNING - No viable dags retrieved from /opt/airflow/dags/utils/Error.py
[2023-01-25 22:49:47,394] {processor.py:161} INFO - Processing /opt/airflow/dags/utils/Error.py took 0.132 seconds
[2023-01-25 22:50:17,905] {processor.py:153} INFO - Started process (PID=5560) to work on /opt/airflow/dags/utils/Error.py
[2023-01-25 22:50:17,907] {processor.py:641} INFO - Processing file /opt/airflow/dags/utils/Error.py for tasks to queue
[2023-01-25 22:50:17,909] {logging_mixin.py:115} INFO - [2023-01-25 22:50:17,909] {dagbag.py:508} INFO - Filling up the DagBag from /opt/airflow/dags/utils/Error.py
[2023-01-25 22:50:17,936] {processor.py:653} WARNING - No viable dags retrieved from /opt/airflow/dags/utils/Error.py
[2023-01-25 22:50:17,970] {processor.py:161} INFO - Processing /opt/airflow/dags/utils/Error.py took 0.073 seconds
[2023-01-25 22:50:48,691] {processor.py:153} INFO - Started process (PID=5675) to work on /opt/airflow/dags/utils/Error.py
[2023-01-25 22:50:48,693] {processor.py:641} INFO - Processing file /opt/airflow/dags/utils/Error.py for tasks to queue
[2023-01-25 22:50:48,697] {logging_mixin.py:115} INFO - [2023-01-25 22:50:48,696] {dagbag.py:508} INFO - Filling up the DagBag from /opt/airflow/dags/utils/Error.py
[2023-01-25 22:50:48,729] {processor.py:653} WARNING - No viable dags retrieved from /opt/airflow/dags/utils/Error.py
[2023-01-25 22:50:48,768] {processor.py:161} INFO - Processing /opt/airflow/dags/utils/Error.py took 0.093 seconds
[2023-01-25 22:51:19,573] {processor.py:153} INFO - Started process (PID=5789) to work on /opt/airflow/dags/utils/Error.py
[2023-01-25 22:51:19,578] {processor.py:641} INFO - Processing file /opt/airflow/dags/utils/Error.py for tasks to queue
[2023-01-25 22:51:19,580] {logging_mixin.py:115} INFO - [2023-01-25 22:51:19,580] {dagbag.py:508} INFO - Filling up the DagBag from /opt/airflow/dags/utils/Error.py
[2023-01-25 22:51:19,609] {processor.py:653} WARNING - No viable dags retrieved from /opt/airflow/dags/utils/Error.py
[2023-01-25 22:51:19,646] {processor.py:161} INFO - Processing /opt/airflow/dags/utils/Error.py took 0.082 seconds
[2023-01-25 22:51:50,119] {processor.py:153} INFO - Started process (PID=5902) to work on /opt/airflow/dags/utils/Error.py
[2023-01-25 22:51:50,122] {processor.py:641} INFO - Processing file /opt/airflow/dags/utils/Error.py for tasks to queue
[2023-01-25 22:51:50,124] {logging_mixin.py:115} INFO - [2023-01-25 22:51:50,124] {dagbag.py:508} INFO - Filling up the DagBag from /opt/airflow/dags/utils/Error.py
[2023-01-25 22:51:50,157] {processor.py:653} WARNING - No viable dags retrieved from /opt/airflow/dags/utils/Error.py
[2023-01-25 22:51:50,194] {processor.py:161} INFO - Processing /opt/airflow/dags/utils/Error.py took 0.083 seconds
[2023-01-25 22:52:20,919] {processor.py:153} INFO - Started process (PID=6013) to work on /opt/airflow/dags/utils/Error.py
[2023-01-25 22:52:20,921] {processor.py:641} INFO - Processing file /opt/airflow/dags/utils/Error.py for tasks to queue
[2023-01-25 22:52:20,922] {logging_mixin.py:115} INFO - [2023-01-25 22:52:20,922] {dagbag.py:508} INFO - Filling up the DagBag from /opt/airflow/dags/utils/Error.py
[2023-01-25 22:52:20,946] {processor.py:653} WARNING - No viable dags retrieved from /opt/airflow/dags/utils/Error.py
[2023-01-25 22:52:20,975] {processor.py:161} INFO - Processing /opt/airflow/dags/utils/Error.py took 0.064 seconds
[2023-01-25 22:52:51,145] {processor.py:153} INFO - Started process (PID=6120) to work on /opt/airflow/dags/utils/Error.py
[2023-01-25 22:52:51,147] {processor.py:641} INFO - Processing file /opt/airflow/dags/utils/Error.py for tasks to queue
[2023-01-25 22:52:51,150] {logging_mixin.py:115} INFO - [2023-01-25 22:52:51,149] {dagbag.py:508} INFO - Filling up the DagBag from /opt/airflow/dags/utils/Error.py
[2023-01-25 22:52:51,188] {processor.py:653} WARNING - No viable dags retrieved from /opt/airflow/dags/utils/Error.py
[2023-01-25 22:52:51,225] {processor.py:161} INFO - Processing /opt/airflow/dags/utils/Error.py took 0.093 seconds
[2023-01-25 22:53:21,482] {processor.py:153} INFO - Started process (PID=6230) to work on /opt/airflow/dags/utils/Error.py
[2023-01-25 22:53:21,483] {processor.py:641} INFO - Processing file /opt/airflow/dags/utils/Error.py for tasks to queue
[2023-01-25 22:53:21,485] {logging_mixin.py:115} INFO - [2023-01-25 22:53:21,485] {dagbag.py:508} INFO - Filling up the DagBag from /opt/airflow/dags/utils/Error.py
[2023-01-25 22:53:21,515] {processor.py:653} WARNING - No viable dags retrieved from /opt/airflow/dags/utils/Error.py
[2023-01-25 22:53:21,548] {processor.py:161} INFO - Processing /opt/airflow/dags/utils/Error.py took 0.074 seconds
[2023-01-25 22:53:51,707] {processor.py:153} INFO - Started process (PID=6342) to work on /opt/airflow/dags/utils/Error.py
[2023-01-25 22:53:51,710] {processor.py:641} INFO - Processing file /opt/airflow/dags/utils/Error.py for tasks to queue
[2023-01-25 22:53:51,716] {logging_mixin.py:115} INFO - [2023-01-25 22:53:51,716] {dagbag.py:508} INFO - Filling up the DagBag from /opt/airflow/dags/utils/Error.py
[2023-01-25 22:53:51,767] {processor.py:653} WARNING - No viable dags retrieved from /opt/airflow/dags/utils/Error.py
[2023-01-25 22:53:51,811] {processor.py:161} INFO - Processing /opt/airflow/dags/utils/Error.py took 0.115 seconds
[2023-01-25 22:54:22,257] {processor.py:153} INFO - Started process (PID=6456) to work on /opt/airflow/dags/utils/Error.py
[2023-01-25 22:54:22,258] {processor.py:641} INFO - Processing file /opt/airflow/dags/utils/Error.py for tasks to queue
[2023-01-25 22:54:22,261] {logging_mixin.py:115} INFO - [2023-01-25 22:54:22,260] {dagbag.py:508} INFO - Filling up the DagBag from /opt/airflow/dags/utils/Error.py
[2023-01-25 22:54:22,291] {processor.py:653} WARNING - No viable dags retrieved from /opt/airflow/dags/utils/Error.py
[2023-01-25 22:54:22,328] {processor.py:161} INFO - Processing /opt/airflow/dags/utils/Error.py took 0.080 seconds
[2023-01-25 22:54:52,432] {processor.py:153} INFO - Started process (PID=6570) to work on /opt/airflow/dags/utils/Error.py
[2023-01-25 22:54:52,435] {processor.py:641} INFO - Processing file /opt/airflow/dags/utils/Error.py for tasks to queue
[2023-01-25 22:54:52,438] {logging_mixin.py:115} INFO - [2023-01-25 22:54:52,438] {dagbag.py:508} INFO - Filling up the DagBag from /opt/airflow/dags/utils/Error.py
[2023-01-25 22:54:52,467] {processor.py:653} WARNING - No viable dags retrieved from /opt/airflow/dags/utils/Error.py
[2023-01-25 22:54:52,501] {processor.py:161} INFO - Processing /opt/airflow/dags/utils/Error.py took 0.078 seconds
[2023-01-25 22:55:22,754] {processor.py:153} INFO - Started process (PID=6684) to work on /opt/airflow/dags/utils/Error.py
[2023-01-25 22:55:22,757] {processor.py:641} INFO - Processing file /opt/airflow/dags/utils/Error.py for tasks to queue
[2023-01-25 22:55:22,759] {logging_mixin.py:115} INFO - [2023-01-25 22:55:22,759] {dagbag.py:508} INFO - Filling up the DagBag from /opt/airflow/dags/utils/Error.py
[2023-01-25 22:55:22,788] {processor.py:653} WARNING - No viable dags retrieved from /opt/airflow/dags/utils/Error.py
[2023-01-25 22:55:22,821] {processor.py:161} INFO - Processing /opt/airflow/dags/utils/Error.py took 0.076 seconds
[2023-01-25 23:00:07,958] {processor.py:153} INFO - Started process (PID=6698) to work on /opt/airflow/dags/utils/Error.py
[2023-01-25 23:00:07,963] {processor.py:641} INFO - Processing file /opt/airflow/dags/utils/Error.py for tasks to queue
[2023-01-25 23:00:07,969] {logging_mixin.py:115} INFO - [2023-01-25 23:00:07,966] {dagbag.py:508} INFO - Filling up the DagBag from /opt/airflow/dags/utils/Error.py
[2023-01-25 23:00:08,024] {processor.py:653} WARNING - No viable dags retrieved from /opt/airflow/dags/utils/Error.py
[2023-01-25 23:00:08,080] {processor.py:161} INFO - Processing /opt/airflow/dags/utils/Error.py took 0.133 seconds
[2023-01-25 23:05:15,340] {processor.py:153} INFO - Started process (PID=6812) to work on /opt/airflow/dags/utils/Error.py
[2023-01-25 23:05:15,342] {processor.py:641} INFO - Processing file /opt/airflow/dags/utils/Error.py for tasks to queue
[2023-01-25 23:05:15,345] {logging_mixin.py:115} INFO - [2023-01-25 23:05:15,345] {dagbag.py:508} INFO - Filling up the DagBag from /opt/airflow/dags/utils/Error.py
[2023-01-25 23:05:15,375] {processor.py:653} WARNING - No viable dags retrieved from /opt/airflow/dags/utils/Error.py
[2023-01-25 23:05:15,410] {processor.py:161} INFO - Processing /opt/airflow/dags/utils/Error.py took 0.080 seconds
[2023-01-25 23:05:46,219] {processor.py:153} INFO - Started process (PID=6922) to work on /opt/airflow/dags/utils/Error.py
[2023-01-25 23:05:46,222] {processor.py:641} INFO - Processing file /opt/airflow/dags/utils/Error.py for tasks to queue
[2023-01-25 23:05:46,224] {logging_mixin.py:115} INFO - [2023-01-25 23:05:46,224] {dagbag.py:508} INFO - Filling up the DagBag from /opt/airflow/dags/utils/Error.py
[2023-01-25 23:05:46,261] {processor.py:653} WARNING - No viable dags retrieved from /opt/airflow/dags/utils/Error.py
[2023-01-25 23:05:46,306] {processor.py:161} INFO - Processing /opt/airflow/dags/utils/Error.py took 0.099 seconds
[2023-01-25 23:15:27,161] {processor.py:153} INFO - Started process (PID=7040) to work on /opt/airflow/dags/utils/Error.py
[2023-01-25 23:15:27,165] {processor.py:641} INFO - Processing file /opt/airflow/dags/utils/Error.py for tasks to queue
[2023-01-25 23:15:27,170] {logging_mixin.py:115} INFO - [2023-01-25 23:15:27,169] {dagbag.py:508} INFO - Filling up the DagBag from /opt/airflow/dags/utils/Error.py
[2023-01-25 23:15:27,263] {processor.py:653} WARNING - No viable dags retrieved from /opt/airflow/dags/utils/Error.py
[2023-01-25 23:15:27,368] {processor.py:161} INFO - Processing /opt/airflow/dags/utils/Error.py took 0.240 seconds
[2023-01-25 23:15:58,229] {processor.py:153} INFO - Started process (PID=7133) to work on /opt/airflow/dags/utils/Error.py
[2023-01-25 23:15:58,236] {processor.py:641} INFO - Processing file /opt/airflow/dags/utils/Error.py for tasks to queue
[2023-01-25 23:15:58,247] {logging_mixin.py:115} INFO - [2023-01-25 23:15:58,246] {dagbag.py:508} INFO - Filling up the DagBag from /opt/airflow/dags/utils/Error.py
[2023-01-25 23:15:58,357] {processor.py:653} WARNING - No viable dags retrieved from /opt/airflow/dags/utils/Error.py
[2023-01-25 23:15:58,461] {processor.py:161} INFO - Processing /opt/airflow/dags/utils/Error.py took 0.265 seconds
[2023-01-25 23:30:20,472] {processor.py:153} INFO - Started process (PID=7251) to work on /opt/airflow/dags/utils/Error.py
[2023-01-25 23:30:20,475] {processor.py:641} INFO - Processing file /opt/airflow/dags/utils/Error.py for tasks to queue
[2023-01-25 23:30:20,478] {logging_mixin.py:115} INFO - [2023-01-25 23:30:20,477] {dagbag.py:508} INFO - Filling up the DagBag from /opt/airflow/dags/utils/Error.py
[2023-01-25 23:30:20,560] {processor.py:653} WARNING - No viable dags retrieved from /opt/airflow/dags/utils/Error.py
[2023-01-25 23:30:20,665] {processor.py:161} INFO - Processing /opt/airflow/dags/utils/Error.py took 0.205 seconds
[2023-01-25 23:30:51,201] {processor.py:153} INFO - Started process (PID=7361) to work on /opt/airflow/dags/utils/Error.py
[2023-01-25 23:30:51,204] {processor.py:641} INFO - Processing file /opt/airflow/dags/utils/Error.py for tasks to queue
[2023-01-25 23:30:51,208] {logging_mixin.py:115} INFO - [2023-01-25 23:30:51,207] {dagbag.py:508} INFO - Filling up the DagBag from /opt/airflow/dags/utils/Error.py
[2023-01-25 23:30:51,241] {processor.py:653} WARNING - No viable dags retrieved from /opt/airflow/dags/utils/Error.py
[2023-01-25 23:30:51,292] {processor.py:161} INFO - Processing /opt/airflow/dags/utils/Error.py took 0.107 seconds
[2023-01-25 23:35:40,501] {processor.py:153} INFO - Started process (PID=7473) to work on /opt/airflow/dags/utils/Error.py
[2023-01-25 23:35:40,509] {processor.py:641} INFO - Processing file /opt/airflow/dags/utils/Error.py for tasks to queue
[2023-01-25 23:35:40,513] {logging_mixin.py:115} INFO - [2023-01-25 23:35:40,512] {dagbag.py:508} INFO - Filling up the DagBag from /opt/airflow/dags/utils/Error.py
[2023-01-25 23:35:40,590] {processor.py:653} WARNING - No viable dags retrieved from /opt/airflow/dags/utils/Error.py
[2023-01-25 23:35:40,673] {processor.py:161} INFO - Processing /opt/airflow/dags/utils/Error.py took 0.200 seconds
[2023-01-25 23:45:57,468] {processor.py:153} INFO - Started process (PID=7577) to work on /opt/airflow/dags/utils/Error.py
[2023-01-25 23:45:57,470] {processor.py:641} INFO - Processing file /opt/airflow/dags/utils/Error.py for tasks to queue
[2023-01-25 23:45:57,473] {logging_mixin.py:115} INFO - [2023-01-25 23:45:57,473] {dagbag.py:508} INFO - Filling up the DagBag from /opt/airflow/dags/utils/Error.py
[2023-01-25 23:45:57,526] {processor.py:653} WARNING - No viable dags retrieved from /opt/airflow/dags/utils/Error.py
[2023-01-25 23:45:57,562] {processor.py:161} INFO - Processing /opt/airflow/dags/utils/Error.py took 0.108 seconds
[2023-01-25 23:46:29,704] {processor.py:153} INFO - Started process (PID=7691) to work on /opt/airflow/dags/utils/Error.py
[2023-01-25 23:46:29,706] {processor.py:641} INFO - Processing file /opt/airflow/dags/utils/Error.py for tasks to queue
[2023-01-25 23:46:29,708] {logging_mixin.py:115} INFO - [2023-01-25 23:46:29,708] {dagbag.py:508} INFO - Filling up the DagBag from /opt/airflow/dags/utils/Error.py
[2023-01-25 23:46:29,738] {processor.py:653} WARNING - No viable dags retrieved from /opt/airflow/dags/utils/Error.py
[2023-01-25 23:46:29,770] {processor.py:161} INFO - Processing /opt/airflow/dags/utils/Error.py took 0.074 seconds
[2023-01-25 23:59:26,140] {processor.py:153} INFO - Started process (PID=7805) to work on /opt/airflow/dags/utils/Error.py
[2023-01-25 23:59:26,142] {processor.py:641} INFO - Processing file /opt/airflow/dags/utils/Error.py for tasks to queue
[2023-01-25 23:59:26,144] {logging_mixin.py:115} INFO - [2023-01-25 23:59:26,144] {dagbag.py:508} INFO - Filling up the DagBag from /opt/airflow/dags/utils/Error.py
[2023-01-25 23:59:26,171] {processor.py:653} WARNING - No viable dags retrieved from /opt/airflow/dags/utils/Error.py
[2023-01-25 23:59:26,201] {processor.py:161} INFO - Processing /opt/airflow/dags/utils/Error.py took 0.069 seconds
[2023-01-25 23:59:56,427] {processor.py:153} INFO - Started process (PID=7915) to work on /opt/airflow/dags/utils/Error.py
[2023-01-25 23:59:56,430] {processor.py:641} INFO - Processing file /opt/airflow/dags/utils/Error.py for tasks to queue
[2023-01-25 23:59:56,433] {logging_mixin.py:115} INFO - [2023-01-25 23:59:56,432] {dagbag.py:508} INFO - Filling up the DagBag from /opt/airflow/dags/utils/Error.py
[2023-01-25 23:59:56,469] {processor.py:653} WARNING - No viable dags retrieved from /opt/airflow/dags/utils/Error.py
[2023-01-25 23:59:56,521] {processor.py:161} INFO - Processing /opt/airflow/dags/utils/Error.py took 0.109 seconds
