[2023-01-26 17:18:27,154] {taskinstance.py:1179} INFO - Dependencies all met for <TaskInstance: jla-psp-paymentech-load.create_process_log manual__2023-01-26T17:18:07.379899+00:00 [queued]>
[2023-01-26 17:18:27,199] {taskinstance.py:1179} INFO - Dependencies all met for <TaskInstance: jla-psp-paymentech-load.create_process_log manual__2023-01-26T17:18:07.379899+00:00 [queued]>
[2023-01-26 17:18:27,200] {taskinstance.py:1376} INFO - 
--------------------------------------------------------------------------------
[2023-01-26 17:18:27,201] {taskinstance.py:1377} INFO - Starting attempt 1 of 1
[2023-01-26 17:18:27,201] {taskinstance.py:1378} INFO - 
--------------------------------------------------------------------------------
[2023-01-26 17:18:27,274] {taskinstance.py:1397} INFO - Executing <Task(TeradataOperator): create_process_log> on 2023-01-26 17:18:07.379899+00:00
[2023-01-26 17:18:27,284] {standard_task_runner.py:52} INFO - Started process 3757 to run task
[2023-01-26 17:18:27,293] {standard_task_runner.py:79} INFO - Running: ['***', 'tasks', 'run', 'jla-psp-paymentech-load', 'create_process_log', 'manual__2023-01-26T17:18:07.379899+00:00', '--job-id', '226', '--raw', '--subdir', 'DAGS_FOLDER/jla-psp-paymentech-load.py', '--cfg-path', '/tmp/tmpxuiddkwc', '--error-file', '/tmp/tmpvni2nuqm']
[2023-01-26 17:18:27,296] {standard_task_runner.py:80} INFO - Job 226: Subtask create_process_log
[2023-01-26 17:18:27,654] {task_command.py:371} INFO - Running <TaskInstance: jla-psp-paymentech-load.create_process_log manual__2023-01-26T17:18:07.379899+00:00 [running]> on host a8cd24867728
[2023-01-26 17:18:28,202] {taskinstance.py:1591} INFO - Exporting the following env vars:
AIRFLOW_CTX_DAG_EMAIL=barobinson@groupon.com
AIRFLOW_CTX_DAG_OWNER=FSA
AIRFLOW_CTX_DAG_ID=jla-psp-paymentech-load
AIRFLOW_CTX_TASK_ID=create_process_log
AIRFLOW_CTX_EXECUTION_DATE=2023-01-26T17:18:07.379899+00:00
AIRFLOW_CTX_TRY_NUMBER=1
AIRFLOW_CTX_DAG_RUN_ID=manual__2023-01-26T17:18:07.379899+00:00
[2023-01-26 17:18:28,204] {teradata.py:16} INFO - Executing: 
    MERGE INTO sandbox.ACCT_JLA_RUN_PROCESS process
    USING 
    (
        SELECT 
            '7386e3de-45dc-4bef-ab4b-f82087157ab8' as id,
            'jla-psp-paymentech-load' as process_name,
            '2023-01-26T17:18:07.379899+00:00' as start_date,
            '2023-01-26T17:18:25.279579+00:00' as end_date,
            'running' as status,
            '' as error_code,
            '' as error_desc
    ) as pend_process 
    ON process.id = pend_process.id 
    WHEN MATCHED THEN UPDATE 
        SET end_dt = pend_process.end_date,
            status = pend_process.status,
            error_code = pend_process.error_code,
            error_desc = pend_process.error_desc,
            update_dt = CURRENT_TIMESTAMP
    WHEN NOT MATCHED THEN INSERT 
    (
        id,
        process_name,
        start_dt,
        status,
        insert_dt,
        update_dt
    )
    VALUES
    (
        pend_process.id,
        pend_process.process_name,
        pend_process.start_date,
        pend_process.status,
        CURRENT_TIMESTAMP,
        CURRENT_TIMESTAMP  
    );
[2023-01-26 17:18:28,206] {teradata.py:18} INFO - autocommit: False
[2023-01-26 17:18:28,234] {base.py:68} INFO - Using connection ID 'teradata' for task execution.
[2023-01-26 17:18:39,720] {sql.py:365} INFO - Running statement: 
    MERGE INTO sandbox.ACCT_JLA_RUN_PROCESS process
    USING 
    (
        SELECT 
            '7386e3de-45dc-4bef-ab4b-f82087157ab8' as id,
            'jla-psp-paymentech-load' as process_name,
            '2023-01-26T17:18:07.379899+00:00' as start_date,
            '2023-01-26T17:18:25.279579+00:00' as end_date,
            'running' as status,
            '' as error_code,
            '' as error_desc
    ) as pend_process 
    ON process.id = pend_process.id 
    WHEN MATCHED THEN UPDATE 
        SET end_dt = pend_process.end_date,
            status = pend_process.status,
            error_code = pend_process.error_code,
            error_desc = pend_process.error_desc,
            update_dt = CURRENT_TIMESTAMP
    WHEN NOT MATCHED THEN INSERT 
    (
        id,
        process_name,
        start_dt,
        status,
        insert_dt,
        update_dt
    )
    VALUES
    (
        pend_process.id,
        pend_process.process_name,
        pend_process.start_date,
        pend_process.status,
        CURRENT_TIMESTAMP,
        CURRENT_TIMESTAMP  
    );, parameters: None
[2023-01-26 17:18:40,327] {sql.py:374} INFO - Rows affected: 1
[2023-01-26 17:18:41,111] {taskinstance.py:1420} INFO - Marking task as SUCCESS. dag_id=jla-psp-paymentech-load, task_id=create_process_log, execution_date=20230126T171807, start_date=20230126T171827, end_date=20230126T171841
[2023-01-26 17:18:41,372] {local_task_job.py:156} INFO - Task exited with return code 0
[2023-01-26 17:18:41,712] {local_task_job.py:273} INFO - 0 downstream tasks scheduled from follow-on schedule check
