[2023-01-26 17:23:44,060] {taskinstance.py:1179} INFO - Dependencies all met for <TaskInstance: jla-psp-paymentech-load.get_process_uuid manual__2023-01-26T17:23:30.340612+00:00 [queued]>
[2023-01-26 17:23:44,094] {taskinstance.py:1179} INFO - Dependencies all met for <TaskInstance: jla-psp-paymentech-load.get_process_uuid manual__2023-01-26T17:23:30.340612+00:00 [queued]>
[2023-01-26 17:23:44,095] {taskinstance.py:1376} INFO - 
--------------------------------------------------------------------------------
[2023-01-26 17:23:44,096] {taskinstance.py:1377} INFO - Starting attempt 1 of 1
[2023-01-26 17:23:44,097] {taskinstance.py:1378} INFO - 
--------------------------------------------------------------------------------
[2023-01-26 17:23:44,159] {taskinstance.py:1397} INFO - Executing <Task(PythonOperator): get_process_uuid> on 2023-01-26 17:23:30.340612+00:00
[2023-01-26 17:23:44,171] {standard_task_runner.py:52} INFO - Started process 4209 to run task
[2023-01-26 17:23:44,179] {standard_task_runner.py:79} INFO - Running: ['***', 'tasks', 'run', 'jla-psp-paymentech-load', 'get_process_uuid', 'manual__2023-01-26T17:23:30.340612+00:00', '--job-id', '235', '--raw', '--subdir', 'DAGS_FOLDER/jla-psp-paymentech-load.py', '--cfg-path', '/tmp/tmpl4a_xp2r', '--error-file', '/tmp/tmpmxhl_qi_']
[2023-01-26 17:23:44,182] {standard_task_runner.py:80} INFO - Job 235: Subtask get_process_uuid
[2023-01-26 17:23:44,510] {task_command.py:371} INFO - Running <TaskInstance: jla-psp-paymentech-load.get_process_uuid manual__2023-01-26T17:23:30.340612+00:00 [running]> on host a8cd24867728
[2023-01-26 17:23:45,016] {taskinstance.py:1591} INFO - Exporting the following env vars:
AIRFLOW_CTX_DAG_EMAIL=barobinson@groupon.com
AIRFLOW_CTX_DAG_OWNER=FSA
AIRFLOW_CTX_DAG_ID=jla-psp-paymentech-load
AIRFLOW_CTX_TASK_ID=get_process_uuid
AIRFLOW_CTX_EXECUTION_DATE=2023-01-26T17:23:30.340612+00:00
AIRFLOW_CTX_TRY_NUMBER=1
AIRFLOW_CTX_DAG_RUN_ID=manual__2023-01-26T17:23:30.340612+00:00
[2023-01-26 17:23:45,134] {base.py:68} INFO - Using connection ID 'slack_connection' for task execution.
[2023-01-26 17:23:45,179] {python.py:173} INFO - Done. Returned value was: None
[2023-01-26 17:23:45,232] {taskinstance.py:1420} INFO - Marking task as SUCCESS. dag_id=jla-psp-paymentech-load, task_id=get_process_uuid, execution_date=20230126T172330, start_date=20230126T172344, end_date=20230126T172345
[2023-01-26 17:23:45,288] {local_task_job.py:156} INFO - Task exited with return code 0
[2023-01-26 17:23:45,531] {local_task_job.py:273} INFO - 1 downstream tasks scheduled from follow-on schedule check
