[2023-01-26 16:42:59,391] {taskinstance.py:1179} INFO - Dependencies all met for <TaskInstance: jla-psp-paymentech-load.has_records__branch manual__2023-01-26T16:31:38.393014+00:00 [queued]>
[2023-01-26 16:42:59,429] {taskinstance.py:1179} INFO - Dependencies all met for <TaskInstance: jla-psp-paymentech-load.has_records__branch manual__2023-01-26T16:31:38.393014+00:00 [queued]>
[2023-01-26 16:42:59,430] {taskinstance.py:1376} INFO - 
--------------------------------------------------------------------------------
[2023-01-26 16:42:59,431] {taskinstance.py:1377} INFO - Starting attempt 1 of 1
[2023-01-26 16:42:59,432] {taskinstance.py:1378} INFO - 
--------------------------------------------------------------------------------
[2023-01-26 16:42:59,509] {taskinstance.py:1397} INFO - Executing <Task(BranchPythonOperator): has_records__branch> on 2023-01-26 16:31:38.393014+00:00
[2023-01-26 16:42:59,522] {standard_task_runner.py:52} INFO - Started process 1627 to run task
[2023-01-26 16:42:59,535] {standard_task_runner.py:79} INFO - Running: ['***', 'tasks', 'run', 'jla-psp-paymentech-load', 'has_records__branch', 'manual__2023-01-26T16:31:38.393014+00:00', '--job-id', '219', '--raw', '--subdir', 'DAGS_FOLDER/jla-psp-paymentech-load.py', '--cfg-path', '/tmp/tmp1xcv32p_', '--error-file', '/tmp/tmp40p25rpz']
[2023-01-26 16:42:59,539] {standard_task_runner.py:80} INFO - Job 219: Subtask has_records__branch
[2023-01-26 16:42:59,969] {task_command.py:371} INFO - Running <TaskInstance: jla-psp-paymentech-load.has_records__branch manual__2023-01-26T16:31:38.393014+00:00 [running]> on host a8cd24867728
[2023-01-26 16:43:00,534] {taskinstance.py:1591} INFO - Exporting the following env vars:
AIRFLOW_CTX_DAG_EMAIL=barobinson@groupon.com
AIRFLOW_CTX_DAG_OWNER=FSA
AIRFLOW_CTX_DAG_ID=jla-psp-paymentech-load
AIRFLOW_CTX_TASK_ID=has_records__branch
AIRFLOW_CTX_EXECUTION_DATE=2023-01-26T16:31:38.393014+00:00
AIRFLOW_CTX_TRY_NUMBER=1
AIRFLOW_CTX_DAG_RUN_ID=manual__2023-01-26T16:31:38.393014+00:00
[2023-01-26 16:43:00,539] {python.py:173} INFO - Done. Returned value was: ['create_staging_tables']
[2023-01-26 16:43:00,540] {skipmixin.py:140} INFO - Following branch ['create_staging_tables']
[2023-01-26 16:43:00,542] {skipmixin.py:175} INFO - Skipping tasks ['slack_no_records_exist']
[2023-01-26 16:43:00,719] {taskinstance.py:1420} INFO - Marking task as SUCCESS. dag_id=jla-psp-paymentech-load, task_id=has_records__branch, execution_date=20230126T163138, start_date=20230126T164259, end_date=20230126T164300
[2023-01-26 16:43:00,799] {local_task_job.py:156} INFO - Task exited with return code 0
[2023-01-26 16:43:01,130] {local_task_job.py:273} INFO - 1 downstream tasks scheduled from follow-on schedule check
